total count words 102019
vocab size 30000
train size 120000, valid size 3800, test size 3800
found 26754 words in glove
model: LSTMModelML(
  (layers): ModuleList(
    (0): EMBLayer(
      (enc): ENC(
        (b): Sequential(
          (0): Linear(in_features=300, out_features=128, bias=True)
          (1): Tanh()
        )
        (f): Embedding(30000, 300)
        (cri): MSELoss()
      )
      (ae): AE(
        (g): Sequential(
          (0): Linear(in_features=4, out_features=128, bias=True)
          (1): Tanh()
        )
        (h): Sequential(
          (0): Linear(in_features=128, out_features=4, bias=True)
          (1): Sigmoid()
        )
        (cri): CrossEntropyLoss()
      )
    )
    (1): LSTMLayer(
      (enc): ENC(
        (b): Sequential(
          (0): Linear(in_features=300, out_features=128, bias=True)
          (1): Tanh()
        )
        (f): LSTM(300, 300, batch_first=True, bidirectional=True)
        (cri): MSELoss()
      )
      (ae): AE(
        (g): Sequential(
          (0): Linear(in_features=128, out_features=128, bias=True)
          (1): Tanh()
        )
        (h): Sequential(
          (0): Linear(in_features=128, out_features=128, bias=True)
        )
        (cri): MSELoss()
      )
    )
    (2): LSTMLayer(
      (enc): ENC(
        (b): Sequential(
          (0): Linear(in_features=300, out_features=128, bias=True)
          (1): Tanh()
        )
        (f): LSTM(600, 300, batch_first=True, bidirectional=True)
        (cri): MSELoss()
      )
      (ae): AE(
        (g): Sequential(
          (0): Linear(in_features=128, out_features=128, bias=True)
          (1): Tanh()
        )
        (h): Sequential(
          (0): Linear(in_features=128, out_features=128, bias=True)
        )
        (cri): MSELoss()
      )
    )
    (3): LSTMLayer(
      (enc): ENC(
        (b): Sequential(
          (0): Linear(in_features=300, out_features=128, bias=True)
          (1): Tanh()
        )
        (f): LSTM(600, 300, batch_first=True, bidirectional=True)
        (cri): MSELoss()
      )
      (ae): AE(
        (g): Sequential(
          (0): Linear(in_features=128, out_features=128, bias=True)
          (1): Tanh()
        )
        (h): Sequential(
          (0): Linear(in_features=128, out_features=128, bias=True)
        )
        (cri): MSELoss()
      )
    )
    (4): LSTMLayer(
      (enc): ENC(
        (b): Sequential(
          (0): Linear(in_features=300, out_features=128, bias=True)
          (1): Tanh()
        )
        (f): LSTM(600, 300, batch_first=True, bidirectional=True)
        (cri): MSELoss()
      )
      (ae): AE(
        (g): Sequential(
          (0): Linear(in_features=128, out_features=128, bias=True)
          (1): Tanh()
        )
        (h): Sequential(
          (0): Linear(in_features=128, out_features=128, bias=True)
        )
        (cri): MSELoss()
      )
    )
  )
)
layers.0.enc.b.0.weight 38400
layers.0.enc.b.0.bias 128
layers.0.enc.f.weight 9000000
layers.0.ae.g.0.weight 512
layers.0.ae.g.0.bias 128
layers.0.ae.h.0.weight 512
layers.0.ae.h.0.bias 4
layers.1.enc.b.0.weight 38400
layers.1.enc.b.0.bias 128
layers.1.enc.f.weight_ih_l0 360000
layers.1.enc.f.weight_hh_l0 360000
layers.1.enc.f.bias_ih_l0 1200
layers.1.enc.f.bias_hh_l0 1200
layers.1.enc.f.weight_ih_l0_reverse 360000
layers.1.enc.f.weight_hh_l0_reverse 360000
layers.1.enc.f.bias_ih_l0_reverse 1200
layers.1.enc.f.bias_hh_l0_reverse 1200
layers.1.ae.g.0.weight 16384
layers.1.ae.g.0.bias 128
layers.1.ae.h.0.weight 16384
layers.1.ae.h.0.bias 128
layers.2.enc.b.0.weight 38400
layers.2.enc.b.0.bias 128
layers.2.enc.f.weight_ih_l0 720000
layers.2.enc.f.weight_hh_l0 360000
layers.2.enc.f.bias_ih_l0 1200
layers.2.enc.f.bias_hh_l0 1200
layers.2.enc.f.weight_ih_l0_reverse 720000
layers.2.enc.f.weight_hh_l0_reverse 360000
layers.2.enc.f.bias_ih_l0_reverse 1200
layers.2.enc.f.bias_hh_l0_reverse 1200
layers.2.ae.g.0.weight 16384
layers.2.ae.g.0.bias 128
layers.2.ae.h.0.weight 16384
layers.2.ae.h.0.bias 128
layers.3.enc.b.0.weight 38400
layers.3.enc.b.0.bias 128
layers.3.enc.f.weight_ih_l0 720000
layers.3.enc.f.weight_hh_l0 360000
layers.3.enc.f.bias_ih_l0 1200
layers.3.enc.f.bias_hh_l0 1200
layers.3.enc.f.weight_ih_l0_reverse 720000
layers.3.enc.f.weight_hh_l0_reverse 360000
layers.3.enc.f.bias_ih_l0_reverse 1200
layers.3.enc.f.bias_hh_l0_reverse 1200
layers.3.ae.g.0.weight 16384
layers.3.ae.g.0.bias 128
layers.3.ae.h.0.weight 16384
layers.3.ae.h.0.bias 128
layers.4.enc.b.0.weight 38400
layers.4.enc.b.0.bias 128
layers.4.enc.f.weight_ih_l0 720000
layers.4.enc.f.weight_hh_l0 360000
layers.4.enc.f.bias_ih_l0 1200
layers.4.enc.f.bias_hh_l0 1200
layers.4.enc.f.weight_ih_l0_reverse 720000
layers.4.enc.f.weight_hh_l0_reverse 360000
layers.4.enc.f.bias_ih_l0_reverse 1200
layers.4.enc.f.bias_hh_l0_reverse 1200
layers.4.ae.g.0.weight 16384
layers.4.ae.g.0.bias 128
layers.4.ae.h.0.weight 16384
layers.4.ae.h.0.bias 128
Total Trainable Params: 17265092
init_time 56.780145325999996
Start Training
gc 0
Train Epoch0 Acc 0.288275 (34593/120000), AUC 0.5190802812576294
ep0_train_time 180.946228489
Test Epoch0 layer4 Acc 0.7989473684210526, AUC 0.887050449848175, avg_entr 1.2650972604751587, f1 0.7989473938941956
ep0_l4_test_time 1.6717859500000145
Save ckpt to ckpt/ag_news_lstmal_l5base512_pad177//ag_news_lstmal_l5.pt  ,ep 0
gc 0
Train Epoch1 Acc 0.8872333333333333 (106468/120000), AUC 0.9558131098747253
ep1_train_time 183.886740695
Test Epoch1 layer4 Acc 0.8992105263157895, AUC 0.9764202237129211, avg_entr 0.2503173053264618, f1 0.899210512638092
ep1_l4_test_time 1.5982265380000058
Save ckpt to ckpt/ag_news_lstmal_l5base512_pad177//ag_news_lstmal_l5.pt  ,ep 1
gc 0
Train Epoch2 Acc 0.9096333333333333 (109156/120000), AUC 0.9790017008781433
ep2_train_time 181.890234476
Test Epoch2 layer4 Acc 0.9089473684210526, AUC 0.9813231229782104, avg_entr 0.15126055479049683, f1 0.9089473485946655
ep2_l4_test_time 1.5614066000000548
Save ckpt to ckpt/ag_news_lstmal_l5base512_pad177//ag_news_lstmal_l5.pt  ,ep 2
gc 0
Train Epoch3 Acc 0.9205666666666666 (110468/120000), AUC 0.983165442943573
ep3_train_time 182.27207169999997
Test Epoch3 layer4 Acc 0.9152631578947369, AUC 0.9825273156166077, avg_entr 0.10758417844772339, f1 0.9152631759643555
ep3_l4_test_time 1.6870583819999183
Save ckpt to ckpt/ag_news_lstmal_l5base512_pad177//ag_news_lstmal_l5.pt  ,ep 3
gc 0
Train Epoch4 Acc 0.9272166666666667 (111266/120000), AUC 0.9856522083282471
ep4_train_time 182.72962182699996
Test Epoch4 layer4 Acc 0.9178947368421052, AUC 0.9836551547050476, avg_entr 0.08152610808610916, f1 0.917894721031189
ep4_l4_test_time 1.5487986389999833
Save ckpt to ckpt/ag_news_lstmal_l5base512_pad177//ag_news_lstmal_l5.pt  ,ep 4
gc 0
Train Epoch5 Acc 0.9326583333333334 (111919/120000), AUC 0.9873578548431396
ep5_train_time 182.14648733399986
Test Epoch5 layer4 Acc 0.921578947368421, AUC 0.9834161400794983, avg_entr 0.06570189446210861, f1 0.9215789437294006
ep5_l4_test_time 1.6220906980001928
Save ckpt to ckpt/ag_news_lstmal_l5base512_pad177//ag_news_lstmal_l5.pt  ,ep 5
gc 0
Train Epoch6 Acc 0.93655 (112386/120000), AUC 0.9887402653694153
ep6_train_time 183.46873612500008
Test Epoch6 layer4 Acc 0.9218421052631579, AUC 0.9833675026893616, avg_entr 0.058198072016239166, f1 0.921842098236084
ep6_l4_test_time 1.6257494560002215
Save ckpt to ckpt/ag_news_lstmal_l5base512_pad177//ag_news_lstmal_l5.pt  ,ep 6
gc 0
Train Epoch7 Acc 0.9403833333333333 (112846/120000), AUC 0.9898688197135925
ep7_train_time 181.5632104639999
Test Epoch7 layer4 Acc 0.9226315789473685, AUC 0.9836709499359131, avg_entr 0.04804721102118492, f1 0.922631561756134
ep7_l4_test_time 1.554987156000152
Save ckpt to ckpt/ag_news_lstmal_l5base512_pad177//ag_news_lstmal_l5.pt  ,ep 7
gc 0
Train Epoch8 Acc 0.9430666666666667 (113168/120000), AUC 0.9905617237091064
ep8_train_time 170.78596406399993
Test Epoch8 layer4 Acc 0.9207894736842105, AUC 0.9828410148620605, avg_entr 0.04264893755316734, f1 0.9207894802093506
ep8_l4_test_time 1.6278343449998829
gc 0
Train Epoch9 Acc 0.9455416666666666 (113465/120000), AUC 0.9914261698722839
ep9_train_time 182.78959611000005
Test Epoch9 layer4 Acc 0.9210526315789473, AUC 0.982288122177124, avg_entr 0.03851412236690521, f1 0.9210526347160339
ep9_l4_test_time 1.6023961289999988
gc 0
Train Epoch10 Acc 0.9476416666666667 (113717/120000), AUC 0.9920075535774231
ep10_train_time 181.9413736810002
Test Epoch10 layer4 Acc 0.92, AUC 0.9829442501068115, avg_entr 0.035125989466905594, f1 0.9200000166893005
ep10_l4_test_time 1.6662035509998532
gc 0
Train Epoch11 Acc 0.9498166666666666 (113978/120000), AUC 0.9925546050071716
ep11_train_time 183.348375174
Test Epoch11 layer4 Acc 0.9218421052631579, AUC 0.98225998878479, avg_entr 0.032241545617580414, f1 0.921842098236084
ep11_l4_test_time 1.6072074239996255
gc 0
Train Epoch12 Acc 0.9510083333333333 (114121/120000), AUC 0.992931604385376
ep12_train_time 181.02615989600008
Test Epoch12 layer4 Acc 0.9226315789473685, AUC 0.9824267029762268, avg_entr 0.03250318765640259, f1 0.922631561756134
ep12_l4_test_time 1.612288923000051
Save ckpt to ckpt/ag_news_lstmal_l5base512_pad177//ag_news_lstmal_l5.pt  ,ep 12
gc 0
Train Epoch13 Acc 0.9530166666666666 (114362/120000), AUC 0.9933456182479858
ep13_train_time 183.79906982800003
Test Epoch13 layer4 Acc 0.9184210526315789, AUC 0.9817009568214417, avg_entr 0.02878292091190815, f1 0.9184210896492004
ep13_l4_test_time 1.7129174239998974
gc 0
Train Epoch14 Acc 0.9544333333333334 (114532/120000), AUC 0.9937092065811157
ep14_train_time 181.7425818920001
Test Epoch14 layer4 Acc 0.9194736842105263, AUC 0.9818606376647949, avg_entr 0.026680998504161835, f1 0.9194737076759338
ep14_l4_test_time 1.5650103689999924
gc 0
Train Epoch15 Acc 0.9557583333333334 (114691/120000), AUC 0.9939873218536377
ep15_train_time 182.3283716850001
Test Epoch15 layer4 Acc 0.9210526315789473, AUC 0.9818109273910522, avg_entr 0.026710016652941704, f1 0.9210526347160339
ep15_l4_test_time 1.6208436619999702
gc 0
Train Epoch16 Acc 0.9568 (114816/120000), AUC 0.9942947626113892
ep16_train_time 183.30623315100001
Test Epoch16 layer4 Acc 0.9197368421052632, AUC 0.9816458225250244, avg_entr 0.0246379766613245, f1 0.9197368621826172
ep16_l4_test_time 1.6573141409999153
gc 0
Train Epoch17 Acc 0.9582416666666667 (114989/120000), AUC 0.994583249092102
ep17_train_time 181.33743934299991
Test Epoch17 layer4 Acc 0.9181578947368421, AUC 0.9814589023590088, avg_entr 0.022893456742167473, f1 0.9181578755378723
ep17_l4_test_time 1.5681902119999904
gc 0
Train Epoch18 Acc 0.9595666666666667 (115148/120000), AUC 0.9946979284286499
ep18_train_time 183.94882088900022
Test Epoch18 layer4 Acc 0.9205263157894736, AUC 0.9813230037689209, avg_entr 0.022920755669474602, f1 0.9205263257026672
ep18_l4_test_time 1.6065016070001548
gc 0
Train Epoch19 Acc 0.9606333333333333 (115276/120000), AUC 0.9949482679367065
ep19_train_time 181.61606101100006
Test Epoch19 layer4 Acc 0.9181578947368421, AUC 0.9818688631057739, avg_entr 0.021869705989956856, f1 0.9181578755378723
ep19_l4_test_time 1.6648929259999932
Best AUC tensor(0.9226) 12
train_loss (2, 5, 20)
valid_acc (1, 20)
valid_AUC (1, 20)
train_acc (20,)
total_train+valid_time 3672.0577228800003
Start Testing
Load ckpt at ckpt/ag_news_lstmal_l5base512_pad177//ag_news_lstmal_l5.pt
gc 10
Test layer0 Acc 0.9128947368421053, AUC 0.9808316826820374, avg_entr 0.10621105134487152, f1 0.9128947257995605
l0_test_time 0.3058182750000924
gc 0
Test layer1 Acc 0.9123684210526316, AUC 0.9825131297111511, avg_entr 0.041038140654563904, f1 0.9123684167861938
l1_test_time 0.5714518149998185
gc 0
Test layer2 Acc 0.9128947368421053, AUC 0.9833704233169556, avg_entr 0.03618520125746727, f1 0.9128947257995605
l2_test_time 0.9135522630003834
gc 0
Test layer3 Acc 0.9144736842105263, AUC 0.9805994033813477, avg_entr 0.038505975157022476, f1 0.9144737124443054
l3_test_time 1.285847804000241
gc 0
Test layer4 Acc 0.9126315789473685, AUC 0.9829639196395874, avg_entr 0.039279431104660034, f1 0.9126315712928772
l4_test_time 1.6415756020001027
gc 0
Test threshold 0.1 Acc 0.9118421052631579, AUC 0.9777894020080566, avg_entr 0.03615349531173706, f1 0.9118421077728271
t0.1_test_time 1.1400645700000496
gc 0
Test threshold 0.2 Acc 0.9110526315789473, AUC 0.9783977270126343, avg_entr 0.044235341250896454, f1 0.9110526442527771
t0.2_test_time 1.1359577929997613
gc 0
Test threshold 0.3 Acc 0.911578947368421, AUC 0.9783146381378174, avg_entr 0.055139340460300446, f1 0.9115789532661438
t0.3_test_time 1.0507322189996557
gc 0
Test threshold 0.4 Acc 0.9144736842105263, AUC 0.9802299737930298, avg_entr 0.06783710420131683, f1 0.9144737124443054
t0.4_test_time 0.9100623750000523
gc 0
Test threshold 0.5 Acc 0.9144736842105263, AUC 0.9806317090988159, avg_entr 0.07424334436655045, f1 0.9144737124443054
t0.5_test_time 0.5886005390002538
gc 0
Test threshold 0.6 Acc 0.9128947368421053, AUC 0.9807952642440796, avg_entr 0.07645806670188904, f1 0.9128947257995605
t0.6_test_time 0.46365271200011193
gc 0
Test threshold 0.7 Acc 0.9128947368421053, AUC 0.9808316826820374, avg_entr 0.07661507278680801, f1 0.9128947257995605
t0.7_test_time 0.472909983000136
gc 0
Test threshold 0.8 Acc 0.9128947368421053, AUC 0.9808316826820374, avg_entr 0.07661507278680801, f1 0.9128947257995605
t0.8_test_time 0.42872126099973684
gc 0
Test threshold 0.9 Acc 0.9128947368421053, AUC 0.9808316826820374, avg_entr 0.07661507278680801, f1 0.9128947257995605
t0.9_test_time 0.4103429229999165
