total count words 102019
vocab size 30000
train size 120000, valid size 3800, test size 3800
found 26754 words in glove
model: LSTMModelML(
  (layers): ModuleList(
    (0): EMBLayer(
      (enc): ENC(
        (b): Sequential(
          (0): Linear(in_features=300, out_features=128, bias=True)
          (1): Tanh()
        )
        (f): Embedding(30000, 300)
        (cri): MSELoss()
      )
      (ae): AE(
        (g): Sequential(
          (0): Linear(in_features=4, out_features=128, bias=True)
          (1): Tanh()
        )
        (h): Sequential(
          (0): Linear(in_features=128, out_features=4, bias=True)
          (1): Sigmoid()
        )
        (cri): CrossEntropyLoss()
      )
    )
    (1): LSTMLayer(
      (enc): ENC(
        (b): Sequential(
          (0): Linear(in_features=300, out_features=128, bias=True)
          (1): Tanh()
        )
        (f): LSTM(300, 300, batch_first=True, bidirectional=True)
        (cri): MSELoss()
      )
      (ae): AE(
        (g): Sequential(
          (0): Linear(in_features=128, out_features=128, bias=True)
          (1): Tanh()
        )
        (h): Sequential(
          (0): Linear(in_features=128, out_features=128, bias=True)
        )
        (cri): MSELoss()
      )
    )
    (2): LSTMLayer(
      (enc): ENC(
        (b): Sequential(
          (0): Linear(in_features=300, out_features=128, bias=True)
          (1): Tanh()
        )
        (f): LSTM(600, 300, batch_first=True, bidirectional=True)
        (cri): MSELoss()
      )
      (ae): AE(
        (g): Sequential(
          (0): Linear(in_features=128, out_features=128, bias=True)
          (1): Tanh()
        )
        (h): Sequential(
          (0): Linear(in_features=128, out_features=128, bias=True)
        )
        (cri): MSELoss()
      )
    )
    (3): LSTMLayer(
      (enc): ENC(
        (b): Sequential(
          (0): Linear(in_features=300, out_features=128, bias=True)
          (1): Tanh()
        )
        (f): LSTM(600, 300, batch_first=True, bidirectional=True)
        (cri): MSELoss()
      )
      (ae): AE(
        (g): Sequential(
          (0): Linear(in_features=128, out_features=128, bias=True)
          (1): Tanh()
        )
        (h): Sequential(
          (0): Linear(in_features=128, out_features=128, bias=True)
        )
        (cri): MSELoss()
      )
    )
    (4): LSTMLayer(
      (enc): ENC(
        (b): Sequential(
          (0): Linear(in_features=300, out_features=128, bias=True)
          (1): Tanh()
        )
        (f): LSTM(600, 300, batch_first=True, bidirectional=True)
        (cri): MSELoss()
      )
      (ae): AE(
        (g): Sequential(
          (0): Linear(in_features=128, out_features=128, bias=True)
          (1): Tanh()
        )
        (h): Sequential(
          (0): Linear(in_features=128, out_features=128, bias=True)
        )
        (cri): MSELoss()
      )
    )
  )
)
layers.0.enc.b.0.weight 38400
layers.0.enc.b.0.bias 128
layers.0.enc.f.weight 9000000
layers.0.ae.g.0.weight 512
layers.0.ae.g.0.bias 128
layers.0.ae.h.0.weight 512
layers.0.ae.h.0.bias 4
layers.1.enc.b.0.weight 38400
layers.1.enc.b.0.bias 128
layers.1.enc.f.weight_ih_l0 360000
layers.1.enc.f.weight_hh_l0 360000
layers.1.enc.f.bias_ih_l0 1200
layers.1.enc.f.bias_hh_l0 1200
layers.1.enc.f.weight_ih_l0_reverse 360000
layers.1.enc.f.weight_hh_l0_reverse 360000
layers.1.enc.f.bias_ih_l0_reverse 1200
layers.1.enc.f.bias_hh_l0_reverse 1200
layers.1.ae.g.0.weight 16384
layers.1.ae.g.0.bias 128
layers.1.ae.h.0.weight 16384
layers.1.ae.h.0.bias 128
layers.2.enc.b.0.weight 38400
layers.2.enc.b.0.bias 128
layers.2.enc.f.weight_ih_l0 720000
layers.2.enc.f.weight_hh_l0 360000
layers.2.enc.f.bias_ih_l0 1200
layers.2.enc.f.bias_hh_l0 1200
layers.2.enc.f.weight_ih_l0_reverse 720000
layers.2.enc.f.weight_hh_l0_reverse 360000
layers.2.enc.f.bias_ih_l0_reverse 1200
layers.2.enc.f.bias_hh_l0_reverse 1200
layers.2.ae.g.0.weight 16384
layers.2.ae.g.0.bias 128
layers.2.ae.h.0.weight 16384
layers.2.ae.h.0.bias 128
layers.3.enc.b.0.weight 38400
layers.3.enc.b.0.bias 128
layers.3.enc.f.weight_ih_l0 720000
layers.3.enc.f.weight_hh_l0 360000
layers.3.enc.f.bias_ih_l0 1200
layers.3.enc.f.bias_hh_l0 1200
layers.3.enc.f.weight_ih_l0_reverse 720000
layers.3.enc.f.weight_hh_l0_reverse 360000
layers.3.enc.f.bias_ih_l0_reverse 1200
layers.3.enc.f.bias_hh_l0_reverse 1200
layers.3.ae.g.0.weight 16384
layers.3.ae.g.0.bias 128
layers.3.ae.h.0.weight 16384
layers.3.ae.h.0.bias 128
layers.4.enc.b.0.weight 38400
layers.4.enc.b.0.bias 128
layers.4.enc.f.weight_ih_l0 720000
layers.4.enc.f.weight_hh_l0 360000
layers.4.enc.f.bias_ih_l0 1200
layers.4.enc.f.bias_hh_l0 1200
layers.4.enc.f.weight_ih_l0_reverse 720000
layers.4.enc.f.weight_hh_l0_reverse 360000
layers.4.enc.f.bias_ih_l0_reverse 1200
layers.4.enc.f.bias_hh_l0_reverse 1200
layers.4.ae.g.0.weight 16384
layers.4.ae.g.0.bias 128
layers.4.ae.h.0.weight 16384
layers.4.ae.h.0.bias 128
Total Trainable Params: 17265092
init_time 56.942763678
Start Training
gc 0
Train Epoch0 Acc 0.328975 (39477/120000), AUC 0.531063437461853
ep0_train_time 188.425235885
Test Epoch0 layer4 Acc 0.7747368421052632, AUC 0.9152504205703735, avg_entr 1.240735650062561, f1 0.7747368216514587
ep0_l4_test_time 1.553025214999991
Save ckpt to ckpt/ag_news_lstmal_l5base512_pad177//ag_news_lstmal_l5.pt  ,ep 0
gc 0
Train Epoch1 Acc 0.882175 (105861/120000), AUC 0.9540562629699707
ep1_train_time 187.63431201299997
Test Epoch1 layer4 Acc 0.8926315789473684, AUC 0.9748618602752686, avg_entr 0.24209998548030853, f1 0.8926315903663635
ep1_l4_test_time 1.590055178
Save ckpt to ckpt/ag_news_lstmal_l5base512_pad177//ag_news_lstmal_l5.pt  ,ep 1
gc 0
Train Epoch2 Acc 0.9105583333333334 (109267/120000), AUC 0.9770654439926147
ep2_train_time 187.84089082199995
Test Epoch2 layer4 Acc 0.906578947368421, AUC 0.9785538911819458, avg_entr 0.1404174119234085, f1 0.9065789580345154
ep2_l4_test_time 1.6287756699999818
Save ckpt to ckpt/ag_news_lstmal_l5base512_pad177//ag_news_lstmal_l5.pt  ,ep 2
gc 0
Train Epoch3 Acc 0.9209333333333334 (110512/120000), AUC 0.98158198595047
ep3_train_time 181.37023253799998
Test Epoch3 layer4 Acc 0.9173684210526316, AUC 0.9802846908569336, avg_entr 0.09745451807975769, f1 0.9173683524131775
ep3_l4_test_time 1.6562065260000054
Save ckpt to ckpt/ag_news_lstmal_l5base512_pad177//ag_news_lstmal_l5.pt  ,ep 3
gc 0
Train Epoch4 Acc 0.9273 (111276/120000), AUC 0.984288215637207
ep4_train_time 189.29517767800007
Test Epoch4 layer4 Acc 0.9192105263157895, AUC 0.9808374643325806, avg_entr 0.0777096226811409, f1 0.9192105531692505
ep4_l4_test_time 1.5895781120000265
Save ckpt to ckpt/ag_news_lstmal_l5base512_pad177//ag_news_lstmal_l5.pt  ,ep 4
gc 0
Train Epoch5 Acc 0.9326083333333334 (111913/120000), AUC 0.9861724376678467
ep5_train_time 189.8186852120001
Test Epoch5 layer4 Acc 0.9213157894736842, AUC 0.9815425276756287, avg_entr 0.06291227042675018, f1 0.9213157892227173
ep5_l4_test_time 1.6536150319998342
Save ckpt to ckpt/ag_news_lstmal_l5base512_pad177//ag_news_lstmal_l5.pt  ,ep 5
gc 0
Train Epoch6 Acc 0.9372416666666666 (112469/120000), AUC 0.987615704536438
ep6_train_time 179.2881083740001
Test Epoch6 layer4 Acc 0.9186842105263158, AUC 0.979827344417572, avg_entr 0.05360390245914459, f1 0.918684184551239
ep6_l4_test_time 1.569240764999904
gc 0
Train Epoch7 Acc 0.9397583333333334 (112771/120000), AUC 0.9886147975921631
ep7_train_time 189.45126811499995
Test Epoch7 layer4 Acc 0.9178947368421052, AUC 0.9811078310012817, avg_entr 0.04560298100113869, f1 0.917894721031189
ep7_l4_test_time 1.689894226999968
gc 0
Train Epoch8 Acc 0.9431416666666667 (113177/120000), AUC 0.9897897243499756
ep8_train_time 187.75769356900014
Test Epoch8 layer4 Acc 0.9197368421052632, AUC 0.9810497760772705, avg_entr 0.041103847324848175, f1 0.9197368621826172
ep8_l4_test_time 1.65542678099996
gc 0
Train Epoch9 Acc 0.9453083333333333 (113437/120000), AUC 0.9905035495758057
ep9_train_time 176.86035991000017
Test Epoch9 layer4 Acc 0.9184210526315789, AUC 0.9807915687561035, avg_entr 0.03692544996738434, f1 0.9184210896492004
ep9_l4_test_time 1.5994611040000564
gc 0
Train Epoch10 Acc 0.9476416666666667 (113717/120000), AUC 0.9912519454956055
ep10_train_time 182.6131011619998
Test Epoch10 layer4 Acc 0.92, AUC 0.9809190034866333, avg_entr 0.03475719690322876, f1 0.9200000166893005
ep10_l4_test_time 1.6277371609999136
gc 0
Train Epoch11 Acc 0.9492833333333334 (113914/120000), AUC 0.991814136505127
ep11_train_time 188.5197523220004
Test Epoch11 layer4 Acc 0.9186842105263158, AUC 0.9806753396987915, avg_entr 0.03225920721888542, f1 0.918684184551239
ep11_l4_test_time 1.7136288359997707
gc 0
Train Epoch12 Acc 0.951075 (114129/120000), AUC 0.9921405911445618
ep12_train_time 189.62359620200004
Test Epoch12 layer4 Acc 0.916578947368421, AUC 0.9807910323143005, avg_entr 0.03026936762034893, f1 0.9165789484977722
ep12_l4_test_time 1.6294318680002107
gc 0
Train Epoch13 Acc 0.95275 (114330/120000), AUC 0.992530345916748
ep13_train_time 177.80805848
Test Epoch13 layer4 Acc 0.9194736842105263, AUC 0.9803865551948547, avg_entr 0.029412582516670227, f1 0.9194737076759338
ep13_l4_test_time 1.6917026129999613
gc 0
Train Epoch14 Acc 0.954725 (114567/120000), AUC 0.9928280115127563
ep14_train_time 189.82755932999999
Test Epoch14 layer4 Acc 0.9168421052631579, AUC 0.9799207448959351, avg_entr 0.027094649150967598, f1 0.9168421030044556
ep14_l4_test_time 1.6768158449999646
gc 0
Train Epoch15 Acc 0.9558083333333334 (114697/120000), AUC 0.9930864572525024
ep15_train_time 188.6059028919999
Test Epoch15 layer4 Acc 0.9171052631578948, AUC 0.9802624583244324, avg_entr 0.026025643572211266, f1 0.9171052575111389
ep15_l4_test_time 1.6666929130001336
gc 0
Train Epoch16 Acc 0.9571666666666667 (114860/120000), AUC 0.9933569431304932
ep16_train_time 185.94496819300002
Test Epoch16 layer4 Acc 0.9178947368421052, AUC 0.9801706075668335, avg_entr 0.02377200312912464, f1 0.917894721031189
ep16_l4_test_time 1.6518034200003058
gc 0
Train Epoch17 Acc 0.9585583333333333 (115027/120000), AUC 0.9934727549552917
ep17_train_time 183.33198408399994
Test Epoch17 layer4 Acc 0.9160526315789473, AUC 0.9792964458465576, avg_entr 0.023714495822787285, f1 0.9160526394844055
ep17_l4_test_time 1.6747300009997161
gc 0
Train Epoch18 Acc 0.9594333333333334 (115132/120000), AUC 0.9937304258346558
ep18_train_time 188.67076632999988
Test Epoch18 layer4 Acc 0.916578947368421, AUC 0.9792385697364807, avg_entr 0.022465677931904793, f1 0.9165789484977722
ep18_l4_test_time 1.6732516270003543
gc 0
Train Epoch19 Acc 0.9607083333333334 (115285/120000), AUC 0.9937887787818909
ep19_train_time 190.2174846920002
Test Epoch19 layer4 Acc 0.916578947368421, AUC 0.9785975813865662, avg_entr 0.020942669361829758, f1 0.9165789484977722
ep19_l4_test_time 1.6511383310003112
Best AUC tensor(0.9213) 5
train_loss (2, 5, 20)
valid_acc (1, 20)
valid_AUC (1, 20)
train_acc (20,)
total_train+valid_time 3757.966217909
Start Testing
Load ckpt at ckpt/ag_news_lstmal_l5base512_pad177//ag_news_lstmal_l5.pt
gc 10
Test layer0 Acc 0.9118421052631579, AUC 0.9786809682846069, avg_entr 0.16586628556251526, f1 0.9118421077728271
l0_test_time 0.3382535040000221
gc 0
Test layer1 Acc 0.9152631578947369, AUC 0.9827883839607239, avg_entr 0.06722541898488998, f1 0.9152631759643555
l1_test_time 0.6125447079998594
gc 0
Test layer2 Acc 0.9142105263157895, AUC 0.9827552437782288, avg_entr 0.06302420049905777, f1 0.9142104983329773
l2_test_time 0.942196420000073
gc 0
Test layer3 Acc 0.9139473684210526, AUC 0.9808494448661804, avg_entr 0.06493612378835678, f1 0.913947343826294
l3_test_time 1.3264517679999699
gc 0
Test layer4 Acc 0.9131578947368421, AUC 0.979832649230957, avg_entr 0.06760548055171967, f1 0.9131578803062439
l4_test_time 1.6646705390003262
gc 0
Test threshold 0.1 Acc 0.9128947368421053, AUC 0.9782453775405884, avg_entr 0.05674465000629425, f1 0.9128947257995605
t0.1_test_time 1.1386388639998586
gc 0
Test threshold 0.2 Acc 0.9128947368421053, AUC 0.9775195121765137, avg_entr 0.07010793685913086, f1 0.9128947257995605
t0.2_test_time 1.1089711320000788
gc 0
Test threshold 0.3 Acc 0.9110526315789473, AUC 0.976813554763794, avg_entr 0.08395162224769592, f1 0.9110526442527771
t0.3_test_time 1.0398505220000516
gc 0
Test threshold 0.4 Acc 0.9121052631578948, AUC 0.9778797626495361, avg_entr 0.10051633417606354, f1 0.9121052622795105
t0.4_test_time 0.9444249349999154
gc 0
Test threshold 0.5 Acc 0.9121052631578948, AUC 0.9784743189811707, avg_entr 0.1150892972946167, f1 0.9121052622795105
t0.5_test_time 0.687590653999905
gc 0
Test threshold 0.6 Acc 0.9118421052631579, AUC 0.9786809682846069, avg_entr 0.11964723467826843, f1 0.9118421077728271
t0.6_test_time 0.4323105520002173
gc 0
Test threshold 0.7 Acc 0.9118421052631579, AUC 0.9786809682846069, avg_entr 0.11964723467826843, f1 0.9118421077728271
t0.7_test_time 0.4053740710000966
gc 0
Test threshold 0.8 Acc 0.9118421052631579, AUC 0.9786809682846069, avg_entr 0.11964723467826843, f1 0.9118421077728271
t0.8_test_time 0.4035823799999889
gc 0
Test threshold 0.9 Acc 0.9118421052631579, AUC 0.9786809682846069, avg_entr 0.11964723467826843, f1 0.9118421077728271
t0.9_test_time 0.42356471199991574
