total count words 102019
vocab size 30000
found 26754 words in glove
Load ckpt from ckpt/ag_news_lstmal_l5adp_pad175_t0.4_m1//ag_news_lstmal_l5_prefix.pt
model: LSTMModelML(
  (layers): ModuleList(
    (0): EMBLayer(
      (enc): ENC(
        (b): Sequential(
          (0): Linear(in_features=300, out_features=128, bias=True)
          (1): Tanh()
        )
        (f): Embedding(30000, 300)
        (cri): MSELoss()
      )
      (ae): AE(
        (g): Sequential(
          (0): Linear(in_features=4, out_features=128, bias=True)
          (1): Tanh()
        )
        (h): Sequential(
          (0): Linear(in_features=128, out_features=4, bias=True)
          (1): Sigmoid()
        )
        (cri): CrossEntropyLoss()
      )
    )
    (1): LSTMLayer(
      (enc): ENC(
        (b): Sequential(
          (0): Linear(in_features=300, out_features=128, bias=True)
          (1): Tanh()
        )
        (f): LSTM(300, 300, batch_first=True, bidirectional=True)
        (cri): MSELoss()
      )
      (ae): AE(
        (g): Sequential(
          (0): Linear(in_features=128, out_features=128, bias=True)
          (1): Tanh()
        )
        (h): Sequential(
          (0): Linear(in_features=128, out_features=128, bias=True)
        )
        (cri): MSELoss()
      )
    )
    (2): LSTMLayer(
      (enc): ENC(
        (b): Sequential(
          (0): Linear(in_features=300, out_features=128, bias=True)
          (1): Tanh()
        )
        (f): LSTM(600, 300, batch_first=True, bidirectional=True)
        (cri): MSELoss()
      )
      (ae): AE(
        (g): Sequential(
          (0): Linear(in_features=128, out_features=128, bias=True)
          (1): Tanh()
        )
        (h): Sequential(
          (0): Linear(in_features=128, out_features=128, bias=True)
        )
        (cri): MSELoss()
      )
    )
    (3): LSTMLayer(
      (enc): ENC(
        (b): Sequential(
          (0): Linear(in_features=300, out_features=128, bias=True)
          (1): Tanh()
        )
        (f): LSTM(600, 300, batch_first=True, bidirectional=True)
        (cri): MSELoss()
      )
      (ae): AE(
        (g): Sequential(
          (0): Linear(in_features=128, out_features=128, bias=True)
          (1): Tanh()
        )
        (h): Sequential(
          (0): Linear(in_features=128, out_features=128, bias=True)
        )
        (cri): MSELoss()
      )
    )
    (4): LSTMLayer(
      (enc): ENC(
        (b): Sequential(
          (0): Linear(in_features=300, out_features=128, bias=True)
          (1): Tanh()
        )
        (f): LSTM(600, 300, batch_first=True, bidirectional=True)
        (cri): MSELoss()
      )
      (ae): AE(
        (g): Sequential(
          (0): Linear(in_features=128, out_features=128, bias=True)
          (1): Tanh()
        )
        (h): Sequential(
          (0): Linear(in_features=128, out_features=128, bias=True)
        )
        (cri): MSELoss()
      )
    )
  )
)
layers.0.enc.b.0.weight 38400
layers.0.enc.b.0.bias 128
layers.0.enc.f.weight 9000000
layers.0.ae.g.0.weight 512
layers.0.ae.g.0.bias 128
layers.0.ae.h.0.weight 512
layers.0.ae.h.0.bias 4
layers.1.enc.b.0.weight 38400
layers.1.enc.b.0.bias 128
layers.1.enc.f.weight_ih_l0 360000
layers.1.enc.f.weight_hh_l0 360000
layers.1.enc.f.bias_ih_l0 1200
layers.1.enc.f.bias_hh_l0 1200
layers.1.enc.f.weight_ih_l0_reverse 360000
layers.1.enc.f.weight_hh_l0_reverse 360000
layers.1.enc.f.bias_ih_l0_reverse 1200
layers.1.enc.f.bias_hh_l0_reverse 1200
layers.1.ae.g.0.weight 16384
layers.1.ae.g.0.bias 128
layers.1.ae.h.0.weight 16384
layers.1.ae.h.0.bias 128
layers.2.enc.b.0.weight 38400
layers.2.enc.b.0.bias 128
layers.2.enc.f.weight_ih_l0 720000
layers.2.enc.f.weight_hh_l0 360000
layers.2.enc.f.bias_ih_l0 1200
layers.2.enc.f.bias_hh_l0 1200
layers.2.enc.f.weight_ih_l0_reverse 720000
layers.2.enc.f.weight_hh_l0_reverse 360000
layers.2.enc.f.bias_ih_l0_reverse 1200
layers.2.enc.f.bias_hh_l0_reverse 1200
layers.2.ae.g.0.weight 16384
layers.2.ae.g.0.bias 128
layers.2.ae.h.0.weight 16384
layers.2.ae.h.0.bias 128
layers.3.enc.b.0.weight 38400
layers.3.enc.b.0.bias 128
layers.3.enc.f.weight_ih_l0 720000
layers.3.enc.f.weight_hh_l0 360000
layers.3.enc.f.bias_ih_l0 1200
layers.3.enc.f.bias_hh_l0 1200
layers.3.enc.f.weight_ih_l0_reverse 720000
layers.3.enc.f.weight_hh_l0_reverse 360000
layers.3.enc.f.bias_ih_l0_reverse 1200
layers.3.enc.f.bias_hh_l0_reverse 1200
layers.3.ae.g.0.weight 16384
layers.3.ae.g.0.bias 128
layers.3.ae.h.0.weight 16384
layers.3.ae.h.0.bias 128
layers.4.enc.b.0.weight 38400
layers.4.enc.b.0.bias 128
layers.4.enc.f.weight_ih_l0 720000
layers.4.enc.f.weight_hh_l0 360000
layers.4.enc.f.bias_ih_l0 1200
layers.4.enc.f.bias_hh_l0 1200
layers.4.enc.f.weight_ih_l0_reverse 720000
layers.4.enc.f.weight_hh_l0_reverse 360000
layers.4.enc.f.bias_ih_l0_reverse 1200
layers.4.enc.f.bias_hh_l0_reverse 1200
layers.4.ae.g.0.weight 16384
layers.4.ae.g.0.bias 128
layers.4.ae.h.0.weight 16384
layers.4.ae.h.0.bias 128
Total Trainable Params: 17265092
init_time 20.1028094291687
Start Training
train_mask {0, 1}
gc 9
Train Epoch0 Acc 0.209775 (25173/120000), AUC 0.5694217681884766
ep0_train_time 56.032395362854004
Test Epoch0 threshold 0.4 Acc 0.9121052631578948, AUC 0.9784305095672607, avg_entr 0.026436349377036095
ep0_t0.4_test_time 0.20165371894836426
Save ckpt to ckpt/ag_news_lstmal_l5adp_pad175_t0.4_m2//ag_news_lstmal_l5_prefix.pt  ,ep 0
gc 0
Train Epoch1 Acc 0.1891 (22692/120000), AUC 0.5757334232330322
ep1_train_time 56.12965750694275
Test Epoch1 threshold 0.4 Acc 0.9144736842105263, AUC 0.9783611297607422, avg_entr 0.024526940658688545
ep1_t0.4_test_time 0.19794440269470215
gc 0
Train Epoch2 Acc 0.16038333333333332 (19246/120000), AUC 0.5650943517684937
ep2_train_time 56.17809510231018
Test Epoch2 threshold 0.4 Acc 0.9121052631578948, AUC 0.9785510897636414, avg_entr 0.025727653875947
ep2_t0.4_test_time 0.20269536972045898
Save ckpt to ckpt/ag_news_lstmal_l5adp_pad175_t0.4_m2//ag_news_lstmal_l5_prefix.pt  ,ep 2
gc 0
Train Epoch3 Acc 0.126375 (15165/120000), AUC 0.5528002381324768
ep3_train_time 56.13816809654236
Test Epoch3 threshold 0.4 Acc 0.9118421052631579, AUC 0.9780347347259521, avg_entr 0.024464121088385582
ep3_t0.4_test_time 0.19382977485656738
gc 0
Train Epoch4 Acc 0.136125 (16335/120000), AUC 0.5487195253372192
ep4_train_time 56.11622190475464
Test Epoch4 threshold 0.4 Acc 0.9118421052631579, AUC 0.9781914949417114, avg_entr 0.024544304236769676
ep4_t0.4_test_time 0.18119359016418457
gc 0
Train Epoch5 Acc 0.1495 (17940/120000), AUC 0.5432950258255005
ep5_train_time 56.1851863861084
Test Epoch5 threshold 0.4 Acc 0.9102631578947369, AUC 0.9780830144882202, avg_entr 0.025154894217848778
ep5_t0.4_test_time 0.17932868003845215
gc 0
Train Epoch6 Acc 0.15460833333333332 (18553/120000), AUC 0.5452933311462402
ep6_train_time 56.15573048591614
Test Epoch6 threshold 0.4 Acc 0.9113157894736842, AUC 0.9779359102249146, avg_entr 0.024822011590003967
ep6_t0.4_test_time 0.18106484413146973
gc 0
Train Epoch7 Acc 0.15615 (18738/120000), AUC 0.5451154708862305
ep7_train_time 56.14858436584473
Test Epoch7 threshold 0.4 Acc 0.91, AUC 0.9778466820716858, avg_entr 0.02403491735458374
ep7_t0.4_test_time 0.1808311939239502
gc 0
Train Epoch8 Acc 0.16426666666666667 (19712/120000), AUC 0.5494359135627747
ep8_train_time 56.079055070877075
Test Epoch8 threshold 0.4 Acc 0.9105263157894737, AUC 0.9777238368988037, avg_entr 0.024926289916038513
ep8_t0.4_test_time 0.178544282913208
gc 0
Train Epoch9 Acc 0.16834166666666667 (20201/120000), AUC 0.5536919832229614
ep9_train_time 56.14839792251587
Test Epoch9 threshold 0.4 Acc 0.91, AUC 0.9776283502578735, avg_entr 0.024761686101555824
ep9_t0.4_test_time 0.17516016960144043
Best AUC 0.9785510897636414
train_loss (2, 5, 10)
valid_acc (10, 1)
valid_AUC (10, 1)
train_acc (10,)
Figure(640x480)
Figure(640x480)
Figure(640x480)
Figure(640x480)
Figure(640x480)
total_train/valid_time 564.0473086833954
Start Testing
Load ckpt at ckpt/ag_news_lstmal_l5adp_pad175_t0.4_m2//ag_news_lstmal_l5_prefix.pt
Test threshold 0.4 Acc 0.9221052631578948, AUC 0.9851318597793579, avg_entr 0.026118338108062744
t0.4_test_time 0.19705414772033691
