total count words 102019
vocab size 30000
found 26754 words in glove
Load ckpt from ckpt/ag_news_transformeral_l5adp_pad175_t0.3_m3//ag_news_transformeral_l5_prefix.pt
model: TransformerModelML(
  (layers): ModuleList(
    (0): EMBLayer(
      (enc): ENC(
        (b): Sequential(
          (0): Linear(in_features=300, out_features=128, bias=True)
          (1): Tanh()
        )
        (f): Embedding(30000, 300)
        (cri): MSELoss()
      )
      (ae): AE(
        (g): Sequential(
          (0): Linear(in_features=4, out_features=128, bias=True)
          (1): Tanh()
        )
        (h): Sequential(
          (0): Linear(in_features=128, out_features=4, bias=True)
          (1): Sigmoid()
        )
        (cri): CrossEntropyLoss()
      )
    )
    (1): TransLayer(
      (enc): ENC(
        (b): Sequential(
          (0): Linear(in_features=300, out_features=128, bias=True)
          (1): Tanh()
        )
        (f): TransformerEncoder(
          (multi_headed_attention): MultiHeadAttention(
            (linears): ModuleList(
              (0): Linear(in_features=300, out_features=300, bias=True)
              (1): Linear(in_features=300, out_features=300, bias=True)
              (2): Linear(in_features=300, out_features=300, bias=True)
              (3): Linear(in_features=300, out_features=300, bias=True)
            )
            (sdpa): ScaledDotProductAttention()
            (dropout): Dropout(p=0.1, inplace=False)
          )
          (feed_forward): FeedForward(
            (w_1): Linear(in_features=300, out_features=300, bias=True)
            (w_2): Linear(in_features=300, out_features=300, bias=True)
            (relu): ReLU()
            (dropout): Dropout(p=0.1, inplace=False)
          )
          (encoder_layer): EncoderLayer(
            (self_attn): MultiHeadAttention(
              (linears): ModuleList(
                (0): Linear(in_features=300, out_features=300, bias=True)
                (1): Linear(in_features=300, out_features=300, bias=True)
                (2): Linear(in_features=300, out_features=300, bias=True)
                (3): Linear(in_features=300, out_features=300, bias=True)
              )
              (sdpa): ScaledDotProductAttention()
              (dropout): Dropout(p=0.1, inplace=False)
            )
            (feed_forward): FeedForward(
              (w_1): Linear(in_features=300, out_features=300, bias=True)
              (w_2): Linear(in_features=300, out_features=300, bias=True)
              (relu): ReLU()
              (dropout): Dropout(p=0.1, inplace=False)
            )
            (sublayer): ModuleList(
              (0): SublayerConnection(
                (norm): LayerNorm()
                (dropout): Dropout(p=0.1, inplace=False)
              )
              (1): SublayerConnection(
                (norm): LayerNorm()
                (dropout): Dropout(p=0.1, inplace=False)
              )
            )
          )
          (encoder): Encoder(
            (layers): ModuleList(
              (0): EncoderLayer(
                (self_attn): MultiHeadAttention(
                  (linears): ModuleList(
                    (0): Linear(in_features=300, out_features=300, bias=True)
                    (1): Linear(in_features=300, out_features=300, bias=True)
                    (2): Linear(in_features=300, out_features=300, bias=True)
                    (3): Linear(in_features=300, out_features=300, bias=True)
                  )
                  (sdpa): ScaledDotProductAttention()
                  (dropout): Dropout(p=0.1, inplace=False)
                )
                (feed_forward): FeedForward(
                  (w_1): Linear(in_features=300, out_features=300, bias=True)
                  (w_2): Linear(in_features=300, out_features=300, bias=True)
                  (relu): ReLU()
                  (dropout): Dropout(p=0.1, inplace=False)
                )
                (sublayer): ModuleList(
                  (0): SublayerConnection(
                    (norm): LayerNorm()
                    (dropout): Dropout(p=0.1, inplace=False)
                  )
                  (1): SublayerConnection(
                    (norm): LayerNorm()
                    (dropout): Dropout(p=0.1, inplace=False)
                  )
                )
              )
            )
            (norm): LayerNorm()
          )
        )
        (cri): MSELoss()
      )
      (ae): AE(
        (g): Sequential(
          (0): Linear(in_features=128, out_features=128, bias=True)
          (1): Tanh()
        )
        (h): Sequential(
          (0): Linear(in_features=128, out_features=128, bias=True)
        )
        (cri): MSELoss()
      )
    )
    (2): TransLayer(
      (enc): ENC(
        (b): Sequential(
          (0): Linear(in_features=300, out_features=128, bias=True)
          (1): Tanh()
        )
        (f): TransformerEncoder(
          (multi_headed_attention): MultiHeadAttention(
            (linears): ModuleList(
              (0): Linear(in_features=300, out_features=300, bias=True)
              (1): Linear(in_features=300, out_features=300, bias=True)
              (2): Linear(in_features=300, out_features=300, bias=True)
              (3): Linear(in_features=300, out_features=300, bias=True)
            )
            (sdpa): ScaledDotProductAttention()
            (dropout): Dropout(p=0.1, inplace=False)
          )
          (feed_forward): FeedForward(
            (w_1): Linear(in_features=300, out_features=300, bias=True)
            (w_2): Linear(in_features=300, out_features=300, bias=True)
            (relu): ReLU()
            (dropout): Dropout(p=0.1, inplace=False)
          )
          (encoder_layer): EncoderLayer(
            (self_attn): MultiHeadAttention(
              (linears): ModuleList(
                (0): Linear(in_features=300, out_features=300, bias=True)
                (1): Linear(in_features=300, out_features=300, bias=True)
                (2): Linear(in_features=300, out_features=300, bias=True)
                (3): Linear(in_features=300, out_features=300, bias=True)
              )
              (sdpa): ScaledDotProductAttention()
              (dropout): Dropout(p=0.1, inplace=False)
            )
            (feed_forward): FeedForward(
              (w_1): Linear(in_features=300, out_features=300, bias=True)
              (w_2): Linear(in_features=300, out_features=300, bias=True)
              (relu): ReLU()
              (dropout): Dropout(p=0.1, inplace=False)
            )
            (sublayer): ModuleList(
              (0): SublayerConnection(
                (norm): LayerNorm()
                (dropout): Dropout(p=0.1, inplace=False)
              )
              (1): SublayerConnection(
                (norm): LayerNorm()
                (dropout): Dropout(p=0.1, inplace=False)
              )
            )
          )
          (encoder): Encoder(
            (layers): ModuleList(
              (0): EncoderLayer(
                (self_attn): MultiHeadAttention(
                  (linears): ModuleList(
                    (0): Linear(in_features=300, out_features=300, bias=True)
                    (1): Linear(in_features=300, out_features=300, bias=True)
                    (2): Linear(in_features=300, out_features=300, bias=True)
                    (3): Linear(in_features=300, out_features=300, bias=True)
                  )
                  (sdpa): ScaledDotProductAttention()
                  (dropout): Dropout(p=0.1, inplace=False)
                )
                (feed_forward): FeedForward(
                  (w_1): Linear(in_features=300, out_features=300, bias=True)
                  (w_2): Linear(in_features=300, out_features=300, bias=True)
                  (relu): ReLU()
                  (dropout): Dropout(p=0.1, inplace=False)
                )
                (sublayer): ModuleList(
                  (0): SublayerConnection(
                    (norm): LayerNorm()
                    (dropout): Dropout(p=0.1, inplace=False)
                  )
                  (1): SublayerConnection(
                    (norm): LayerNorm()
                    (dropout): Dropout(p=0.1, inplace=False)
                  )
                )
              )
            )
            (norm): LayerNorm()
          )
        )
        (cri): MSELoss()
      )
      (ae): AE(
        (g): Sequential(
          (0): Linear(in_features=128, out_features=128, bias=True)
          (1): Tanh()
        )
        (h): Sequential(
          (0): Linear(in_features=128, out_features=128, bias=True)
        )
        (cri): MSELoss()
      )
    )
    (3): TransLayer(
      (enc): ENC(
        (b): Sequential(
          (0): Linear(in_features=300, out_features=128, bias=True)
          (1): Tanh()
        )
        (f): TransformerEncoder(
          (multi_headed_attention): MultiHeadAttention(
            (linears): ModuleList(
              (0): Linear(in_features=300, out_features=300, bias=True)
              (1): Linear(in_features=300, out_features=300, bias=True)
              (2): Linear(in_features=300, out_features=300, bias=True)
              (3): Linear(in_features=300, out_features=300, bias=True)
            )
            (sdpa): ScaledDotProductAttention()
            (dropout): Dropout(p=0.1, inplace=False)
          )
          (feed_forward): FeedForward(
            (w_1): Linear(in_features=300, out_features=300, bias=True)
            (w_2): Linear(in_features=300, out_features=300, bias=True)
            (relu): ReLU()
            (dropout): Dropout(p=0.1, inplace=False)
          )
          (encoder_layer): EncoderLayer(
            (self_attn): MultiHeadAttention(
              (linears): ModuleList(
                (0): Linear(in_features=300, out_features=300, bias=True)
                (1): Linear(in_features=300, out_features=300, bias=True)
                (2): Linear(in_features=300, out_features=300, bias=True)
                (3): Linear(in_features=300, out_features=300, bias=True)
              )
              (sdpa): ScaledDotProductAttention()
              (dropout): Dropout(p=0.1, inplace=False)
            )
            (feed_forward): FeedForward(
              (w_1): Linear(in_features=300, out_features=300, bias=True)
              (w_2): Linear(in_features=300, out_features=300, bias=True)
              (relu): ReLU()
              (dropout): Dropout(p=0.1, inplace=False)
            )
            (sublayer): ModuleList(
              (0): SublayerConnection(
                (norm): LayerNorm()
                (dropout): Dropout(p=0.1, inplace=False)
              )
              (1): SublayerConnection(
                (norm): LayerNorm()
                (dropout): Dropout(p=0.1, inplace=False)
              )
            )
          )
          (encoder): Encoder(
            (layers): ModuleList(
              (0): EncoderLayer(
                (self_attn): MultiHeadAttention(
                  (linears): ModuleList(
                    (0): Linear(in_features=300, out_features=300, bias=True)
                    (1): Linear(in_features=300, out_features=300, bias=True)
                    (2): Linear(in_features=300, out_features=300, bias=True)
                    (3): Linear(in_features=300, out_features=300, bias=True)
                  )
                  (sdpa): ScaledDotProductAttention()
                  (dropout): Dropout(p=0.1, inplace=False)
                )
                (feed_forward): FeedForward(
                  (w_1): Linear(in_features=300, out_features=300, bias=True)
                  (w_2): Linear(in_features=300, out_features=300, bias=True)
                  (relu): ReLU()
                  (dropout): Dropout(p=0.1, inplace=False)
                )
                (sublayer): ModuleList(
                  (0): SublayerConnection(
                    (norm): LayerNorm()
                    (dropout): Dropout(p=0.1, inplace=False)
                  )
                  (1): SublayerConnection(
                    (norm): LayerNorm()
                    (dropout): Dropout(p=0.1, inplace=False)
                  )
                )
              )
            )
            (norm): LayerNorm()
          )
        )
        (cri): MSELoss()
      )
      (ae): AE(
        (g): Sequential(
          (0): Linear(in_features=128, out_features=128, bias=True)
          (1): Tanh()
        )
        (h): Sequential(
          (0): Linear(in_features=128, out_features=128, bias=True)
        )
        (cri): MSELoss()
      )
    )
    (4): TransLayer(
      (enc): ENC(
        (b): Sequential(
          (0): Linear(in_features=300, out_features=128, bias=True)
          (1): Tanh()
        )
        (f): TransformerEncoder(
          (multi_headed_attention): MultiHeadAttention(
            (linears): ModuleList(
              (0): Linear(in_features=300, out_features=300, bias=True)
              (1): Linear(in_features=300, out_features=300, bias=True)
              (2): Linear(in_features=300, out_features=300, bias=True)
              (3): Linear(in_features=300, out_features=300, bias=True)
            )
            (sdpa): ScaledDotProductAttention()
            (dropout): Dropout(p=0.1, inplace=False)
          )
          (feed_forward): FeedForward(
            (w_1): Linear(in_features=300, out_features=300, bias=True)
            (w_2): Linear(in_features=300, out_features=300, bias=True)
            (relu): ReLU()
            (dropout): Dropout(p=0.1, inplace=False)
          )
          (encoder_layer): EncoderLayer(
            (self_attn): MultiHeadAttention(
              (linears): ModuleList(
                (0): Linear(in_features=300, out_features=300, bias=True)
                (1): Linear(in_features=300, out_features=300, bias=True)
                (2): Linear(in_features=300, out_features=300, bias=True)
                (3): Linear(in_features=300, out_features=300, bias=True)
              )
              (sdpa): ScaledDotProductAttention()
              (dropout): Dropout(p=0.1, inplace=False)
            )
            (feed_forward): FeedForward(
              (w_1): Linear(in_features=300, out_features=300, bias=True)
              (w_2): Linear(in_features=300, out_features=300, bias=True)
              (relu): ReLU()
              (dropout): Dropout(p=0.1, inplace=False)
            )
            (sublayer): ModuleList(
              (0): SublayerConnection(
                (norm): LayerNorm()
                (dropout): Dropout(p=0.1, inplace=False)
              )
              (1): SublayerConnection(
                (norm): LayerNorm()
                (dropout): Dropout(p=0.1, inplace=False)
              )
            )
          )
          (encoder): Encoder(
            (layers): ModuleList(
              (0): EncoderLayer(
                (self_attn): MultiHeadAttention(
                  (linears): ModuleList(
                    (0): Linear(in_features=300, out_features=300, bias=True)
                    (1): Linear(in_features=300, out_features=300, bias=True)
                    (2): Linear(in_features=300, out_features=300, bias=True)
                    (3): Linear(in_features=300, out_features=300, bias=True)
                  )
                  (sdpa): ScaledDotProductAttention()
                  (dropout): Dropout(p=0.1, inplace=False)
                )
                (feed_forward): FeedForward(
                  (w_1): Linear(in_features=300, out_features=300, bias=True)
                  (w_2): Linear(in_features=300, out_features=300, bias=True)
                  (relu): ReLU()
                  (dropout): Dropout(p=0.1, inplace=False)
                )
                (sublayer): ModuleList(
                  (0): SublayerConnection(
                    (norm): LayerNorm()
                    (dropout): Dropout(p=0.1, inplace=False)
                  )
                  (1): SublayerConnection(
                    (norm): LayerNorm()
                    (dropout): Dropout(p=0.1, inplace=False)
                  )
                )
              )
            )
            (norm): LayerNorm()
          )
        )
        (cri): MSELoss()
      )
      (ae): AE(
        (g): Sequential(
          (0): Linear(in_features=128, out_features=128, bias=True)
          (1): Tanh()
        )
        (h): Sequential(
          (0): Linear(in_features=128, out_features=128, bias=True)
        )
        (cri): MSELoss()
      )
    )
  )
)
layers.0.enc.b.0.weight 38400
layers.0.enc.b.0.bias 128
layers.0.enc.f.weight 9000000
layers.0.ae.g.0.weight 512
layers.0.ae.g.0.bias 128
layers.0.ae.h.0.weight 512
layers.0.ae.h.0.bias 4
layers.1.enc.b.0.weight 38400
layers.1.enc.b.0.bias 128
layers.1.enc.f.multi_headed_attention.linears.0.weight 90000
layers.1.enc.f.multi_headed_attention.linears.0.bias 300
layers.1.enc.f.multi_headed_attention.linears.1.weight 90000
layers.1.enc.f.multi_headed_attention.linears.1.bias 300
layers.1.enc.f.multi_headed_attention.linears.2.weight 90000
layers.1.enc.f.multi_headed_attention.linears.2.bias 300
layers.1.enc.f.multi_headed_attention.linears.3.weight 90000
layers.1.enc.f.multi_headed_attention.linears.3.bias 300
layers.1.enc.f.feed_forward.w_1.weight 90000
layers.1.enc.f.feed_forward.w_1.bias 300
layers.1.enc.f.feed_forward.w_2.weight 90000
layers.1.enc.f.feed_forward.w_2.bias 300
layers.1.enc.f.encoder_layer.sublayer.0.norm.a 300
layers.1.enc.f.encoder_layer.sublayer.0.norm.b 300
layers.1.enc.f.encoder_layer.sublayer.1.norm.a 300
layers.1.enc.f.encoder_layer.sublayer.1.norm.b 300
layers.1.enc.f.encoder.layers.0.self_attn.linears.0.weight 90000
layers.1.enc.f.encoder.layers.0.self_attn.linears.0.bias 300
layers.1.enc.f.encoder.layers.0.self_attn.linears.1.weight 90000
layers.1.enc.f.encoder.layers.0.self_attn.linears.1.bias 300
layers.1.enc.f.encoder.layers.0.self_attn.linears.2.weight 90000
layers.1.enc.f.encoder.layers.0.self_attn.linears.2.bias 300
layers.1.enc.f.encoder.layers.0.self_attn.linears.3.weight 90000
layers.1.enc.f.encoder.layers.0.self_attn.linears.3.bias 300
layers.1.enc.f.encoder.layers.0.feed_forward.w_1.weight 90000
layers.1.enc.f.encoder.layers.0.feed_forward.w_1.bias 300
layers.1.enc.f.encoder.layers.0.feed_forward.w_2.weight 90000
layers.1.enc.f.encoder.layers.0.feed_forward.w_2.bias 300
layers.1.enc.f.encoder.layers.0.sublayer.0.norm.a 300
layers.1.enc.f.encoder.layers.0.sublayer.0.norm.b 300
layers.1.enc.f.encoder.layers.0.sublayer.1.norm.a 300
layers.1.enc.f.encoder.layers.0.sublayer.1.norm.b 300
layers.1.enc.f.encoder.norm.a 300
layers.1.enc.f.encoder.norm.b 300
layers.1.ae.g.0.weight 16384
layers.1.ae.g.0.bias 128
layers.1.ae.h.0.weight 16384
layers.1.ae.h.0.bias 128
layers.2.enc.b.0.weight 38400
layers.2.enc.b.0.bias 128
layers.2.enc.f.multi_headed_attention.linears.0.weight 90000
layers.2.enc.f.multi_headed_attention.linears.0.bias 300
layers.2.enc.f.multi_headed_attention.linears.1.weight 90000
layers.2.enc.f.multi_headed_attention.linears.1.bias 300
layers.2.enc.f.multi_headed_attention.linears.2.weight 90000
layers.2.enc.f.multi_headed_attention.linears.2.bias 300
layers.2.enc.f.multi_headed_attention.linears.3.weight 90000
layers.2.enc.f.multi_headed_attention.linears.3.bias 300
layers.2.enc.f.feed_forward.w_1.weight 90000
layers.2.enc.f.feed_forward.w_1.bias 300
layers.2.enc.f.feed_forward.w_2.weight 90000
layers.2.enc.f.feed_forward.w_2.bias 300
layers.2.enc.f.encoder_layer.sublayer.0.norm.a 300
layers.2.enc.f.encoder_layer.sublayer.0.norm.b 300
layers.2.enc.f.encoder_layer.sublayer.1.norm.a 300
layers.2.enc.f.encoder_layer.sublayer.1.norm.b 300
layers.2.enc.f.encoder.layers.0.self_attn.linears.0.weight 90000
layers.2.enc.f.encoder.layers.0.self_attn.linears.0.bias 300
layers.2.enc.f.encoder.layers.0.self_attn.linears.1.weight 90000
layers.2.enc.f.encoder.layers.0.self_attn.linears.1.bias 300
layers.2.enc.f.encoder.layers.0.self_attn.linears.2.weight 90000
layers.2.enc.f.encoder.layers.0.self_attn.linears.2.bias 300
layers.2.enc.f.encoder.layers.0.self_attn.linears.3.weight 90000
layers.2.enc.f.encoder.layers.0.self_attn.linears.3.bias 300
layers.2.enc.f.encoder.layers.0.feed_forward.w_1.weight 90000
layers.2.enc.f.encoder.layers.0.feed_forward.w_1.bias 300
layers.2.enc.f.encoder.layers.0.feed_forward.w_2.weight 90000
layers.2.enc.f.encoder.layers.0.feed_forward.w_2.bias 300
layers.2.enc.f.encoder.layers.0.sublayer.0.norm.a 300
layers.2.enc.f.encoder.layers.0.sublayer.0.norm.b 300
layers.2.enc.f.encoder.layers.0.sublayer.1.norm.a 300
layers.2.enc.f.encoder.layers.0.sublayer.1.norm.b 300
layers.2.enc.f.encoder.norm.a 300
layers.2.enc.f.encoder.norm.b 300
layers.2.ae.g.0.weight 16384
layers.2.ae.g.0.bias 128
layers.2.ae.h.0.weight 16384
layers.2.ae.h.0.bias 128
layers.3.enc.b.0.weight 38400
layers.3.enc.b.0.bias 128
layers.3.enc.f.multi_headed_attention.linears.0.weight 90000
layers.3.enc.f.multi_headed_attention.linears.0.bias 300
layers.3.enc.f.multi_headed_attention.linears.1.weight 90000
layers.3.enc.f.multi_headed_attention.linears.1.bias 300
layers.3.enc.f.multi_headed_attention.linears.2.weight 90000
layers.3.enc.f.multi_headed_attention.linears.2.bias 300
layers.3.enc.f.multi_headed_attention.linears.3.weight 90000
layers.3.enc.f.multi_headed_attention.linears.3.bias 300
layers.3.enc.f.feed_forward.w_1.weight 90000
layers.3.enc.f.feed_forward.w_1.bias 300
layers.3.enc.f.feed_forward.w_2.weight 90000
layers.3.enc.f.feed_forward.w_2.bias 300
layers.3.enc.f.encoder_layer.sublayer.0.norm.a 300
layers.3.enc.f.encoder_layer.sublayer.0.norm.b 300
layers.3.enc.f.encoder_layer.sublayer.1.norm.a 300
layers.3.enc.f.encoder_layer.sublayer.1.norm.b 300
layers.3.enc.f.encoder.layers.0.self_attn.linears.0.weight 90000
layers.3.enc.f.encoder.layers.0.self_attn.linears.0.bias 300
layers.3.enc.f.encoder.layers.0.self_attn.linears.1.weight 90000
layers.3.enc.f.encoder.layers.0.self_attn.linears.1.bias 300
layers.3.enc.f.encoder.layers.0.self_attn.linears.2.weight 90000
layers.3.enc.f.encoder.layers.0.self_attn.linears.2.bias 300
layers.3.enc.f.encoder.layers.0.self_attn.linears.3.weight 90000
layers.3.enc.f.encoder.layers.0.self_attn.linears.3.bias 300
layers.3.enc.f.encoder.layers.0.feed_forward.w_1.weight 90000
layers.3.enc.f.encoder.layers.0.feed_forward.w_1.bias 300
layers.3.enc.f.encoder.layers.0.feed_forward.w_2.weight 90000
layers.3.enc.f.encoder.layers.0.feed_forward.w_2.bias 300
layers.3.enc.f.encoder.layers.0.sublayer.0.norm.a 300
layers.3.enc.f.encoder.layers.0.sublayer.0.norm.b 300
layers.3.enc.f.encoder.layers.0.sublayer.1.norm.a 300
layers.3.enc.f.encoder.layers.0.sublayer.1.norm.b 300
layers.3.enc.f.encoder.norm.a 300
layers.3.enc.f.encoder.norm.b 300
layers.3.ae.g.0.weight 16384
layers.3.ae.g.0.bias 128
layers.3.ae.h.0.weight 16384
layers.3.ae.h.0.bias 128
layers.4.enc.b.0.weight 38400
layers.4.enc.b.0.bias 128
layers.4.enc.f.multi_headed_attention.linears.0.weight 90000
layers.4.enc.f.multi_headed_attention.linears.0.bias 300
layers.4.enc.f.multi_headed_attention.linears.1.weight 90000
layers.4.enc.f.multi_headed_attention.linears.1.bias 300
layers.4.enc.f.multi_headed_attention.linears.2.weight 90000
layers.4.enc.f.multi_headed_attention.linears.2.bias 300
layers.4.enc.f.multi_headed_attention.linears.3.weight 90000
layers.4.enc.f.multi_headed_attention.linears.3.bias 300
layers.4.enc.f.feed_forward.w_1.weight 90000
layers.4.enc.f.feed_forward.w_1.bias 300
layers.4.enc.f.feed_forward.w_2.weight 90000
layers.4.enc.f.feed_forward.w_2.bias 300
layers.4.enc.f.encoder_layer.sublayer.0.norm.a 300
layers.4.enc.f.encoder_layer.sublayer.0.norm.b 300
layers.4.enc.f.encoder_layer.sublayer.1.norm.a 300
layers.4.enc.f.encoder_layer.sublayer.1.norm.b 300
layers.4.enc.f.encoder.layers.0.self_attn.linears.0.weight 90000
layers.4.enc.f.encoder.layers.0.self_attn.linears.0.bias 300
layers.4.enc.f.encoder.layers.0.self_attn.linears.1.weight 90000
layers.4.enc.f.encoder.layers.0.self_attn.linears.1.bias 300
layers.4.enc.f.encoder.layers.0.self_attn.linears.2.weight 90000
layers.4.enc.f.encoder.layers.0.self_attn.linears.2.bias 300
layers.4.enc.f.encoder.layers.0.self_attn.linears.3.weight 90000
layers.4.enc.f.encoder.layers.0.self_attn.linears.3.bias 300
layers.4.enc.f.encoder.layers.0.feed_forward.w_1.weight 90000
layers.4.enc.f.encoder.layers.0.feed_forward.w_1.bias 300
layers.4.enc.f.encoder.layers.0.feed_forward.w_2.weight 90000
layers.4.enc.f.encoder.layers.0.feed_forward.w_2.bias 300
layers.4.enc.f.encoder.layers.0.sublayer.0.norm.a 300
layers.4.enc.f.encoder.layers.0.sublayer.0.norm.b 300
layers.4.enc.f.encoder.layers.0.sublayer.1.norm.a 300
layers.4.enc.f.encoder.layers.0.sublayer.1.norm.b 300
layers.4.enc.f.encoder.norm.a 300
layers.4.enc.f.encoder.norm.b 300
layers.4.ae.g.0.weight 16384
layers.4.ae.g.0.bias 128
layers.4.ae.h.0.weight 16384
layers.4.ae.h.0.bias 128
Total Trainable Params: 13672292
Start Training
train_mask {0, 1, 2, 3}
gc 9
Train Epoch0 Acc 0.303225 (36387/120000), AUC 0.6577886939048767
ep0_train_time 70.53768110275269
Test Epoch0 threshold 0.3 Acc 0.9162828947368421, AUC 0.9803462028503418, avg_entr 0.022556990385055542
ep0_t0.3_test_time 0.2846353054046631
Save ckpt to ckpt/ag_news_transformeral_l5adp_pad175_t0.3_m4//ag_news_transformeral_l5_prefix.pt  ,ep 0
gc 0
Train Epoch1 Acc 0.2501333333333333 (30016/120000), AUC 0.6560709476470947
ep1_train_time 70.26393389701843
Test Epoch1 threshold 0.3 Acc 0.9157894736842105, AUC 0.9803435206413269, avg_entr 0.023196907714009285
ep1_t0.3_test_time 0.2836754322052002
gc 0
Train Epoch2 Acc 0.24964166666666668 (29957/120000), AUC 0.6554936170578003
ep2_train_time 70.33300280570984
Test Epoch2 threshold 0.3 Acc 0.9151315789473684, AUC 0.9801421165466309, avg_entr 0.02329375594854355
ep2_t0.3_test_time 0.2861635684967041
gc 0
Train Epoch3 Acc 0.2558 (30696/120000), AUC 0.6517234444618225
ep3_train_time 70.33570051193237
Test Epoch3 threshold 0.3 Acc 0.9154605263157894, AUC 0.9798993468284607, avg_entr 0.02314899116754532
ep3_t0.3_test_time 0.2806532382965088
gc 0
Train Epoch4 Acc 0.384275 (46113/120000), AUC 0.6367952227592468
ep4_train_time 70.2333869934082
Test Epoch4 threshold 0.3 Acc 0.9138157894736842, AUC 0.9798508882522583, avg_entr 0.02328452281653881
ep4_t0.3_test_time 0.2757697105407715
gc 0
Train Epoch5 Acc 0.4749583333333333 (56995/120000), AUC 0.6039649248123169
ep5_train_time 70.32731938362122
Test Epoch5 threshold 0.3 Acc 0.9136513157894737, AUC 0.9796400666236877, avg_entr 0.02262544073164463
ep5_t0.3_test_time 0.2832655906677246
gc 0
Train Epoch6 Acc 0.48768333333333336 (58522/120000), AUC 0.5682935118675232
ep6_train_time 70.41992449760437
Test Epoch6 threshold 0.3 Acc 0.9123355263157895, AUC 0.9794292449951172, avg_entr 0.02278278023004532
ep6_t0.3_test_time 0.28125
gc 0
Train Epoch7 Acc 0.48896666666666666 (58676/120000), AUC 0.5412197113037109
ep7_train_time 70.32739114761353
Test Epoch7 threshold 0.3 Acc 0.9123355263157895, AUC 0.9793416857719421, avg_entr 0.02304261364042759
ep7_t0.3_test_time 0.2814054489135742
gc 0
Train Epoch8 Acc 0.48939166666666667 (58727/120000), AUC 0.5271883010864258
ep8_train_time 70.43246006965637
Test Epoch8 threshold 0.3 Acc 0.9129934210526316, AUC 0.9792613983154297, avg_entr 0.02311735413968563
ep8_t0.3_test_time 0.27910804748535156
gc 0
Train Epoch9 Acc 0.489725 (58767/120000), AUC 0.5138723850250244
ep9_train_time 70.34450268745422
Test Epoch9 threshold 0.3 Acc 0.9125, AUC 0.9791733026504517, avg_entr 0.02353055588901043
ep9_t0.3_test_time 0.28049182891845703
Best AUC 0.9803462028503418
train_loss (2, 5, 10)
valid_acc (10, 1)
valid_AUC (10, 1)
train_acc (10,)
Figure(640x480)
Figure(640x480)
Figure(640x480)
Figure(640x480)
Figure(640x480)
Start Testing
Load ckpt at ckpt/ag_news_transformeral_l5adp_pad175_t0.3_m4//ag_news_transformeral_l5_prefix.pt
Test threshold 0.3 Acc 0.9230263157894737, AUC 0.9858354926109314, avg_entr 0.02217339538037777
t0.3_test_time 0.07113099098205566
