total count words 102019
vocab size 30000
found 26754 words in glove
Load ckpt from ckpt/ag_news_lstmal_l5adf_pad75_t0.9_m3//ag_news_lstmal_l5_prefix.pt
model: LSTMModelML(
  (layers): ModuleList(
    (0): EMBLayer(
      (enc): ENC(
        (b): Sequential(
          (0): Linear(in_features=300, out_features=128, bias=True)
          (1): Tanh()
        )
        (f): Embedding(30000, 300)
        (cri): MSELoss()
      )
      (ae): AE(
        (g): Sequential(
          (0): Linear(in_features=4, out_features=128, bias=True)
          (1): Tanh()
        )
        (h): Sequential(
          (0): Linear(in_features=128, out_features=4, bias=True)
          (1): Sigmoid()
        )
        (cri): CrossEntropyLoss()
      )
    )
    (1): LSTMLayer(
      (enc): ENC(
        (b): Sequential(
          (0): Linear(in_features=300, out_features=128, bias=True)
          (1): Tanh()
        )
        (f): LSTM(300, 300, batch_first=True, bidirectional=True)
        (cri): MSELoss()
      )
      (ae): AE(
        (g): Sequential(
          (0): Linear(in_features=128, out_features=128, bias=True)
          (1): Tanh()
        )
        (h): Sequential(
          (0): Linear(in_features=128, out_features=128, bias=True)
        )
        (cri): MSELoss()
      )
    )
    (2): LSTMLayer(
      (enc): ENC(
        (b): Sequential(
          (0): Linear(in_features=300, out_features=128, bias=True)
          (1): Tanh()
        )
        (f): LSTM(600, 300, batch_first=True, bidirectional=True)
        (cri): MSELoss()
      )
      (ae): AE(
        (g): Sequential(
          (0): Linear(in_features=128, out_features=128, bias=True)
          (1): Tanh()
        )
        (h): Sequential(
          (0): Linear(in_features=128, out_features=128, bias=True)
        )
        (cri): MSELoss()
      )
    )
    (3): LSTMLayer(
      (enc): ENC(
        (b): Sequential(
          (0): Linear(in_features=300, out_features=128, bias=True)
          (1): Tanh()
        )
        (f): LSTM(600, 300, batch_first=True, bidirectional=True)
        (cri): MSELoss()
      )
      (ae): AE(
        (g): Sequential(
          (0): Linear(in_features=128, out_features=128, bias=True)
          (1): Tanh()
        )
        (h): Sequential(
          (0): Linear(in_features=128, out_features=128, bias=True)
        )
        (cri): MSELoss()
      )
    )
    (4): LSTMLayer(
      (enc): ENC(
        (b): Sequential(
          (0): Linear(in_features=300, out_features=128, bias=True)
          (1): Tanh()
        )
        (f): LSTM(600, 300, batch_first=True, bidirectional=True)
        (cri): MSELoss()
      )
      (ae): AE(
        (g): Sequential(
          (0): Linear(in_features=128, out_features=128, bias=True)
          (1): Tanh()
        )
        (h): Sequential(
          (0): Linear(in_features=128, out_features=128, bias=True)
        )
        (cri): MSELoss()
      )
    )
  )
)
layers.0.enc.b.0.weight 38400
layers.0.enc.b.0.bias 128
layers.0.enc.f.weight 9000000
layers.0.ae.g.0.weight 512
layers.0.ae.g.0.bias 128
layers.0.ae.h.0.weight 512
layers.0.ae.h.0.bias 4
layers.1.enc.b.0.weight 38400
layers.1.enc.b.0.bias 128
layers.1.enc.f.weight_ih_l0 360000
layers.1.enc.f.weight_hh_l0 360000
layers.1.enc.f.bias_ih_l0 1200
layers.1.enc.f.bias_hh_l0 1200
layers.1.enc.f.weight_ih_l0_reverse 360000
layers.1.enc.f.weight_hh_l0_reverse 360000
layers.1.enc.f.bias_ih_l0_reverse 1200
layers.1.enc.f.bias_hh_l0_reverse 1200
layers.1.ae.g.0.weight 16384
layers.1.ae.g.0.bias 128
layers.1.ae.h.0.weight 16384
layers.1.ae.h.0.bias 128
layers.2.enc.b.0.weight 38400
layers.2.enc.b.0.bias 128
layers.2.enc.f.weight_ih_l0 720000
layers.2.enc.f.weight_hh_l0 360000
layers.2.enc.f.bias_ih_l0 1200
layers.2.enc.f.bias_hh_l0 1200
layers.2.enc.f.weight_ih_l0_reverse 720000
layers.2.enc.f.weight_hh_l0_reverse 360000
layers.2.enc.f.bias_ih_l0_reverse 1200
layers.2.enc.f.bias_hh_l0_reverse 1200
layers.2.ae.g.0.weight 16384
layers.2.ae.g.0.bias 128
layers.2.ae.h.0.weight 16384
layers.2.ae.h.0.bias 128
layers.3.enc.b.0.weight 38400
layers.3.enc.b.0.bias 128
layers.3.enc.f.weight_ih_l0 720000
layers.3.enc.f.weight_hh_l0 360000
layers.3.enc.f.bias_ih_l0 1200
layers.3.enc.f.bias_hh_l0 1200
layers.3.enc.f.weight_ih_l0_reverse 720000
layers.3.enc.f.weight_hh_l0_reverse 360000
layers.3.enc.f.bias_ih_l0_reverse 1200
layers.3.enc.f.bias_hh_l0_reverse 1200
layers.3.ae.g.0.weight 16384
layers.3.ae.g.0.bias 128
layers.3.ae.h.0.weight 16384
layers.3.ae.h.0.bias 128
layers.4.enc.b.0.weight 38400
layers.4.enc.b.0.bias 128
layers.4.enc.f.weight_ih_l0 720000
layers.4.enc.f.weight_hh_l0 360000
layers.4.enc.f.bias_ih_l0 1200
layers.4.enc.f.bias_hh_l0 1200
layers.4.enc.f.weight_ih_l0_reverse 720000
layers.4.enc.f.weight_hh_l0_reverse 360000
layers.4.enc.f.bias_ih_l0_reverse 1200
layers.4.enc.f.bias_hh_l0_reverse 1200
layers.4.ae.g.0.weight 16384
layers.4.ae.g.0.bias 128
layers.4.ae.h.0.weight 16384
layers.4.ae.h.0.bias 128
Total Trainable Params: 17265092
Start Training
train_mask {0, 1, 2, 3}
gc 9
Train Epoch0 Acc 0.6948583333333334 (83383/120000), AUC 0.8192647695541382
ep0_train_time 37.49857759475708
Test Epoch0 threshold 0.9 Acc 0.9159539473684211, AUC 0.9800115823745728, avg_entr 0.026062864810228348
ep0_t0.9_test_time 0.13706707954406738
Save ckpt to ckpt/ag_news_lstmal_l5adf_pad75_t0.9_m4//ag_news_lstmal_l5_prefix.pt  ,ep 0
gc 0
Train Epoch1 Acc 0.5544583333333334 (66535/120000), AUC 0.8365769386291504
ep1_train_time 37.36509108543396
Test Epoch1 threshold 0.9 Acc 0.9144736842105263, AUC 0.9798275828361511, avg_entr 0.025504840537905693
ep1_t0.9_test_time 0.13626646995544434
gc 0
Train Epoch2 Acc 0.49821666666666664 (59786/120000), AUC 0.8320155143737793
ep2_train_time 37.41443872451782
Test Epoch2 threshold 0.9 Acc 0.9149671052631579, AUC 0.9800037741661072, avg_entr 0.026324834674596786
ep2_t0.9_test_time 0.13558602333068848
gc 0
Train Epoch3 Acc 0.497375 (59685/120000), AUC 0.8311664462089539
ep3_train_time 37.47997236251831
Test Epoch3 threshold 0.9 Acc 0.9134868421052632, AUC 0.9795954823493958, avg_entr 0.025353267788887024
ep3_t0.9_test_time 0.13480472564697266
gc 0
Train Epoch4 Acc 0.497625 (59715/120000), AUC 0.8379810452461243
ep4_train_time 37.46199083328247
Test Epoch4 threshold 0.9 Acc 0.9115131578947369, AUC 0.9795390367507935, avg_entr 0.026617445051670074
ep4_t0.9_test_time 0.13613033294677734
gc 0
Train Epoch5 Acc 0.4981083333333333 (59773/120000), AUC 0.8398609757423401
ep5_train_time 37.48041367530823
Test Epoch5 threshold 0.9 Acc 0.912828947368421, AUC 0.9793968796730042, avg_entr 0.026246989145874977
ep5_t0.9_test_time 0.1361985206604004
gc 0
Train Epoch6 Acc 0.4972 (59664/120000), AUC 0.8544204831123352
ep6_train_time 37.43963551521301
Test Epoch6 threshold 0.9 Acc 0.9105263157894737, AUC 0.9793463349342346, avg_entr 0.025331303477287292
ep6_t0.9_test_time 0.14181065559387207
gc 0
Train Epoch7 Acc 0.497625 (59715/120000), AUC 0.8710045218467712
ep7_train_time 37.43314480781555
Test Epoch7 threshold 0.9 Acc 0.9111842105263158, AUC 0.9790976047515869, avg_entr 0.025484317913651466
ep7_t0.9_test_time 0.13538789749145508
gc 0
Train Epoch8 Acc 0.49759166666666665 (59711/120000), AUC 0.8776571750640869
ep8_train_time 37.489888429641724
Test Epoch8 threshold 0.9 Acc 0.9105263157894737, AUC 0.978999137878418, avg_entr 0.026297777891159058
ep8_t0.9_test_time 0.13562870025634766
gc 0
Train Epoch9 Acc 0.4968416666666667 (59621/120000), AUC 0.8858961462974548
ep9_train_time 37.50688433647156
Test Epoch9 threshold 0.9 Acc 0.9106907894736842, AUC 0.9789286255836487, avg_entr 0.026079099625349045
ep9_t0.9_test_time 0.13353800773620605
Best AUC 0.9800115823745728
train_loss (2, 5, 10)
valid_acc (10, 1)
valid_AUC (10, 1)
train_acc (10,)
Figure(640x480)
Figure(640x480)
Figure(640x480)
Figure(640x480)
Figure(640x480)
Start Testing
Load ckpt at ckpt/ag_news_lstmal_l5adf_pad75_t0.9_m4//ag_news_lstmal_l5_prefix.pt
Test threshold 0.9 Acc 0.9243421052631579, AUC 0.9857126474380493, avg_entr 0.024228425696492195
t0.9_test_time 0.035216331481933594
