total count words 102019
vocab size 30000
found 26754 words in glove
Load ckpt from ckpt/ag_news_linearal_l5adf_pad25_t0.5_m3//ag_news_linearal_l5_prefix.pt
model: LinearModelML(
  (layers): ModuleList(
    (0): EMBLayer(
      (enc): ENC(
        (b): Sequential(
          (0): Linear(in_features=300, out_features=128, bias=True)
          (1): Tanh()
        )
        (f): Embedding(30000, 300)
        (cri): MSELoss()
      )
      (ae): AE(
        (g): Sequential(
          (0): Linear(in_features=4, out_features=128, bias=True)
          (1): Tanh()
        )
        (h): Sequential(
          (0): Linear(in_features=128, out_features=4, bias=True)
          (1): Sigmoid()
        )
        (cri): CrossEntropyLoss()
      )
    )
    (1): LinearLayer(
      (enc): ENC(
        (b): Sequential(
          (0): Linear(in_features=300, out_features=128, bias=True)
          (1): Tanh()
        )
        (f): Sequential(
          (0): Linear(in_features=300, out_features=300, bias=True)
          (1): ELU(alpha=1.0)
        )
        (cri): MSELoss()
      )
      (ae): AE(
        (g): Sequential(
          (0): Linear(in_features=128, out_features=128, bias=True)
          (1): Tanh()
        )
        (h): Sequential(
          (0): Linear(in_features=128, out_features=128, bias=True)
        )
        (cri): MSELoss()
      )
    )
    (2): LinearLayer(
      (enc): ENC(
        (b): Sequential(
          (0): Linear(in_features=300, out_features=128, bias=True)
          (1): Tanh()
        )
        (f): Sequential(
          (0): Linear(in_features=300, out_features=300, bias=True)
          (1): ELU(alpha=1.0)
        )
        (cri): MSELoss()
      )
      (ae): AE(
        (g): Sequential(
          (0): Linear(in_features=128, out_features=128, bias=True)
          (1): Tanh()
        )
        (h): Sequential(
          (0): Linear(in_features=128, out_features=128, bias=True)
        )
        (cri): MSELoss()
      )
    )
    (3): LinearLayer(
      (enc): ENC(
        (b): Sequential(
          (0): Linear(in_features=300, out_features=128, bias=True)
          (1): Tanh()
        )
        (f): Sequential(
          (0): Linear(in_features=300, out_features=300, bias=True)
          (1): ELU(alpha=1.0)
        )
        (cri): MSELoss()
      )
      (ae): AE(
        (g): Sequential(
          (0): Linear(in_features=128, out_features=128, bias=True)
          (1): Tanh()
        )
        (h): Sequential(
          (0): Linear(in_features=128, out_features=128, bias=True)
        )
        (cri): MSELoss()
      )
    )
    (4): LinearLayer(
      (enc): ENC(
        (b): Sequential(
          (0): Linear(in_features=300, out_features=128, bias=True)
          (1): Tanh()
        )
        (f): Sequential(
          (0): Linear(in_features=300, out_features=300, bias=True)
          (1): ELU(alpha=1.0)
        )
        (cri): MSELoss()
      )
      (ae): AE(
        (g): Sequential(
          (0): Linear(in_features=128, out_features=128, bias=True)
          (1): Tanh()
        )
        (h): Sequential(
          (0): Linear(in_features=128, out_features=128, bias=True)
        )
        (cri): MSELoss()
      )
    )
  )
)
layers.0.enc.b.0.weight 38400
layers.0.enc.b.0.bias 128
layers.0.enc.f.weight 9000000
layers.0.ae.g.0.weight 512
layers.0.ae.g.0.bias 128
layers.0.ae.h.0.weight 512
layers.0.ae.h.0.bias 4
layers.1.enc.b.0.weight 38400
layers.1.enc.b.0.bias 128
layers.1.enc.f.0.weight 90000
layers.1.enc.f.0.bias 300
layers.1.ae.g.0.weight 16384
layers.1.ae.g.0.bias 128
layers.1.ae.h.0.weight 16384
layers.1.ae.h.0.bias 128
layers.2.enc.b.0.weight 38400
layers.2.enc.b.0.bias 128
layers.2.enc.f.0.weight 90000
layers.2.enc.f.0.bias 300
layers.2.ae.g.0.weight 16384
layers.2.ae.g.0.bias 128
layers.2.ae.h.0.weight 16384
layers.2.ae.h.0.bias 128
layers.3.enc.b.0.weight 38400
layers.3.enc.b.0.bias 128
layers.3.enc.f.0.weight 90000
layers.3.enc.f.0.bias 300
layers.3.ae.g.0.weight 16384
layers.3.ae.g.0.bias 128
layers.3.ae.h.0.weight 16384
layers.3.ae.h.0.bias 128
layers.4.enc.b.0.weight 38400
layers.4.enc.b.0.bias 128
layers.4.enc.f.0.weight 90000
layers.4.enc.f.0.bias 300
layers.4.ae.g.0.weight 16384
layers.4.ae.g.0.bias 128
layers.4.ae.h.0.weight 16384
layers.4.ae.h.0.bias 128
Total Trainable Params: 9687092
Start Training
train_mask {0, 1, 2, 3}
gc 9
Train Epoch0 Acc 0.0917 (11004/120000), AUC 0.2709600031375885
ep0_train_time 5.928002834320068
Test Epoch0 threshold 0.5 Acc 0.9118421052631579, AUC 0.980266273021698, avg_entr 0.024508042261004448
ep0_t0.5_test_time 0.08257818222045898
Save ckpt to ckpt/ag_news_linearal_l5adf_pad25_t0.5_m4//ag_news_linearal_l5_prefix.pt  ,ep 0
gc 0
Train Epoch1 Acc 0.19085 (22902/120000), AUC 0.27034249901771545
ep1_train_time 5.551281690597534
Test Epoch1 threshold 0.5 Acc 0.9131578947368421, AUC 0.9802188873291016, avg_entr 0.02497781440615654
ep1_t0.5_test_time 0.07246613502502441
gc 0
Train Epoch2 Acc 0.2573916666666667 (30887/120000), AUC 0.28484877943992615
ep2_train_time 5.6560540199279785
Test Epoch2 threshold 0.5 Acc 0.9120065789473685, AUC 0.9799768924713135, avg_entr 0.02500949241220951
ep2_t0.5_test_time 0.07475519180297852
gc 0
Train Epoch3 Acc 0.26095 (31314/120000), AUC 0.31829676032066345
ep3_train_time 5.603733062744141
Test Epoch3 threshold 0.5 Acc 0.9105263157894737, AUC 0.9793716669082642, avg_entr 0.02502300776541233
ep3_t0.5_test_time 0.07459855079650879
gc 0
Train Epoch4 Acc 0.26129166666666664 (31355/120000), AUC 0.38415324687957764
ep4_train_time 5.583362579345703
Test Epoch4 threshold 0.5 Acc 0.9123355263157895, AUC 0.9792519807815552, avg_entr 0.024617556482553482
ep4_t0.5_test_time 0.0722970962524414
gc 0
Train Epoch5 Acc 0.26076666666666665 (31292/120000), AUC 0.3983667492866516
ep5_train_time 5.570945978164673
Test Epoch5 threshold 0.5 Acc 0.9111842105263158, AUC 0.9791269898414612, avg_entr 0.025120163336396217
ep5_t0.5_test_time 0.07423543930053711
gc 0
Train Epoch6 Acc 0.2604166666666667 (31250/120000), AUC 0.3997829258441925
ep6_train_time 5.6348066329956055
Test Epoch6 threshold 0.5 Acc 0.9098684210526315, AUC 0.9790475368499756, avg_entr 0.025411557406187057
ep6_t0.5_test_time 0.07341361045837402
gc 0
Train Epoch7 Acc 0.25965 (31158/120000), AUC 0.3997304439544678
ep7_train_time 5.5949671268463135
Test Epoch7 threshold 0.5 Acc 0.909375, AUC 0.9788715243339539, avg_entr 0.025232121348381042
ep7_t0.5_test_time 0.07222366333007812
gc 0
Train Epoch8 Acc 0.25864166666666666 (31037/120000), AUC 0.3980732560157776
ep8_train_time 5.6130876541137695
Test Epoch8 threshold 0.5 Acc 0.9105263157894737, AUC 0.9786728024482727, avg_entr 0.02521650865674019
ep8_t0.5_test_time 0.07225823402404785
gc 0
Train Epoch9 Acc 0.2573166666666667 (30878/120000), AUC 0.3957955241203308
ep9_train_time 5.5821356773376465
Test Epoch9 threshold 0.5 Acc 0.9106907894736842, AUC 0.9785420298576355, avg_entr 0.025232437998056412
ep9_t0.5_test_time 0.07172155380249023
Best AUC 0.980266273021698
train_loss (2, 5, 10)
valid_acc (10, 1)
valid_AUC (10, 1)
train_acc (10,)
Figure(640x480)
Figure(640x480)
Figure(640x480)
Figure(640x480)
Figure(640x480)
Start Testing
Load ckpt at ckpt/ag_news_linearal_l5adf_pad25_t0.5_m4//ag_news_linearal_l5_prefix.pt
Test threshold 0.5 Acc 0.9197368421052632, AUC 0.9856444001197815, avg_entr 0.02652895823121071
t0.5_test_time 0.019005298614501953
