total count words 102019
vocab size 30000
found 26754 words in glove
model: LSTMModelML(
  (layers): ModuleList(
    (0): EMBLayer(
      (enc): ENC(
        (b): Sequential(
          (0): Linear(in_features=300, out_features=128, bias=True)
          (1): Tanh()
        )
        (f): Embedding(30000, 300)
        (cri): MSELoss()
      )
      (ae): AE(
        (g): Sequential(
          (0): Linear(in_features=4, out_features=128, bias=True)
          (1): Tanh()
        )
        (h): Sequential(
          (0): Linear(in_features=128, out_features=4, bias=True)
          (1): Sigmoid()
        )
        (cri): CrossEntropyLoss()
      )
    )
    (1): LSTMLayer(
      (enc): ENC(
        (b): Sequential(
          (0): Linear(in_features=300, out_features=128, bias=True)
          (1): Tanh()
        )
        (f): LSTM(300, 300, batch_first=True, bidirectional=True)
        (cri): MSELoss()
      )
      (ae): AE(
        (g): Sequential(
          (0): Linear(in_features=128, out_features=128, bias=True)
          (1): Tanh()
        )
        (h): Sequential(
          (0): Linear(in_features=128, out_features=128, bias=True)
        )
        (cri): MSELoss()
      )
    )
    (2): LSTMLayer(
      (enc): ENC(
        (b): Sequential(
          (0): Linear(in_features=300, out_features=128, bias=True)
          (1): Tanh()
        )
        (f): LSTM(600, 300, batch_first=True, bidirectional=True)
        (cri): MSELoss()
      )
      (ae): AE(
        (g): Sequential(
          (0): Linear(in_features=128, out_features=128, bias=True)
          (1): Tanh()
        )
        (h): Sequential(
          (0): Linear(in_features=128, out_features=128, bias=True)
        )
        (cri): MSELoss()
      )
    )
    (3): LSTMLayer(
      (enc): ENC(
        (b): Sequential(
          (0): Linear(in_features=300, out_features=128, bias=True)
          (1): Tanh()
        )
        (f): LSTM(600, 300, batch_first=True, bidirectional=True)
        (cri): MSELoss()
      )
      (ae): AE(
        (g): Sequential(
          (0): Linear(in_features=128, out_features=128, bias=True)
          (1): Tanh()
        )
        (h): Sequential(
          (0): Linear(in_features=128, out_features=128, bias=True)
        )
        (cri): MSELoss()
      )
    )
    (4): LSTMLayer(
      (enc): ENC(
        (b): Sequential(
          (0): Linear(in_features=300, out_features=128, bias=True)
          (1): Tanh()
        )
        (f): LSTM(600, 300, batch_first=True, bidirectional=True)
        (cri): MSELoss()
      )
      (ae): AE(
        (g): Sequential(
          (0): Linear(in_features=128, out_features=128, bias=True)
          (1): Tanh()
        )
        (h): Sequential(
          (0): Linear(in_features=128, out_features=128, bias=True)
        )
        (cri): MSELoss()
      )
    )
  )
)
layers.0.enc.b.0.weight 38400
layers.0.enc.b.0.bias 128
layers.0.enc.f.weight 9000000
layers.0.ae.g.0.weight 512
layers.0.ae.g.0.bias 128
layers.0.ae.h.0.weight 512
layers.0.ae.h.0.bias 4
layers.1.enc.b.0.weight 38400
layers.1.enc.b.0.bias 128
layers.1.enc.f.weight_ih_l0 360000
layers.1.enc.f.weight_hh_l0 360000
layers.1.enc.f.bias_ih_l0 1200
layers.1.enc.f.bias_hh_l0 1200
layers.1.enc.f.weight_ih_l0_reverse 360000
layers.1.enc.f.weight_hh_l0_reverse 360000
layers.1.enc.f.bias_ih_l0_reverse 1200
layers.1.enc.f.bias_hh_l0_reverse 1200
layers.1.ae.g.0.weight 16384
layers.1.ae.g.0.bias 128
layers.1.ae.h.0.weight 16384
layers.1.ae.h.0.bias 128
layers.2.enc.b.0.weight 38400
layers.2.enc.b.0.bias 128
layers.2.enc.f.weight_ih_l0 720000
layers.2.enc.f.weight_hh_l0 360000
layers.2.enc.f.bias_ih_l0 1200
layers.2.enc.f.bias_hh_l0 1200
layers.2.enc.f.weight_ih_l0_reverse 720000
layers.2.enc.f.weight_hh_l0_reverse 360000
layers.2.enc.f.bias_ih_l0_reverse 1200
layers.2.enc.f.bias_hh_l0_reverse 1200
layers.2.ae.g.0.weight 16384
layers.2.ae.g.0.bias 128
layers.2.ae.h.0.weight 16384
layers.2.ae.h.0.bias 128
layers.3.enc.b.0.weight 38400
layers.3.enc.b.0.bias 128
layers.3.enc.f.weight_ih_l0 720000
layers.3.enc.f.weight_hh_l0 360000
layers.3.enc.f.bias_ih_l0 1200
layers.3.enc.f.bias_hh_l0 1200
layers.3.enc.f.weight_ih_l0_reverse 720000
layers.3.enc.f.weight_hh_l0_reverse 360000
layers.3.enc.f.bias_ih_l0_reverse 1200
layers.3.enc.f.bias_hh_l0_reverse 1200
layers.3.ae.g.0.weight 16384
layers.3.ae.g.0.bias 128
layers.3.ae.h.0.weight 16384
layers.3.ae.h.0.bias 128
layers.4.enc.b.0.weight 38400
layers.4.enc.b.0.bias 128
layers.4.enc.f.weight_ih_l0 720000
layers.4.enc.f.weight_hh_l0 360000
layers.4.enc.f.bias_ih_l0 1200
layers.4.enc.f.bias_hh_l0 1200
layers.4.enc.f.weight_ih_l0_reverse 720000
layers.4.enc.f.weight_hh_l0_reverse 360000
layers.4.enc.f.bias_ih_l0_reverse 1200
layers.4.enc.f.bias_hh_l0_reverse 1200
layers.4.ae.g.0.weight 16384
layers.4.ae.g.0.bias 128
layers.4.ae.h.0.weight 16384
layers.4.ae.h.0.bias 128
Total Trainable Params: 17265092
init_time 21.379124641418457
Start Training
train_mask {0}
gc 0
Train Epoch0 Acc 0.25106666666666666 (30128/120000), AUC 0.5645272135734558
ep0_train_time 48.01971483230591
Test Epoch0 threshold 0.8 Acc 0.8957894736842106, AUC 0.9716104865074158, avg_entr 0.18536220490932465
ep0_t0.8_test_time 0.1669754981994629
Save ckpt to ckpt/ag_news_lstmal_l5adf_pad175_t0.8_m1//ag_news_lstmal_l5_prefix.pt  ,ep 0
gc 0
Train Epoch1 Acc 0.25155833333333333 (30187/120000), AUC 0.6172309517860413
ep1_train_time 47.985207080841064
Test Epoch1 threshold 0.8 Acc 0.9028947368421053, AUC 0.9757951498031616, avg_entr 0.11172833293676376
ep1_t0.8_test_time 0.16701817512512207
Save ckpt to ckpt/ag_news_lstmal_l5adf_pad175_t0.8_m1//ag_news_lstmal_l5_prefix.pt  ,ep 1
gc 0
Train Epoch2 Acc 0.25066666666666665 (30080/120000), AUC 0.6229409575462341
ep2_train_time 48.0521674156189
Test Epoch2 threshold 0.8 Acc 0.9089473684210526, AUC 0.9775153398513794, avg_entr 0.08301517367362976
ep2_t0.8_test_time 0.16566133499145508
Save ckpt to ckpt/ag_news_lstmal_l5adf_pad175_t0.8_m1//ag_news_lstmal_l5_prefix.pt  ,ep 2
gc 0
Train Epoch3 Acc 0.25033333333333335 (30040/120000), AUC 0.6254888772964478
ep3_train_time 48.04037809371948
Test Epoch3 threshold 0.8 Acc 0.9102631578947369, AUC 0.9783780574798584, avg_entr 0.07032756507396698
ep3_t0.8_test_time 0.1677241325378418
Save ckpt to ckpt/ag_news_lstmal_l5adf_pad175_t0.8_m1//ag_news_lstmal_l5_prefix.pt  ,ep 3
gc 0
Train Epoch4 Acc 0.25021666666666664 (30026/120000), AUC 0.6268659830093384
ep4_train_time 48.06952667236328
Test Epoch4 threshold 0.8 Acc 0.911578947368421, AUC 0.9787690043449402, avg_entr 0.059974342584609985
ep4_t0.8_test_time 0.1660001277923584
Save ckpt to ckpt/ag_news_lstmal_l5adf_pad175_t0.8_m1//ag_news_lstmal_l5_prefix.pt  ,ep 4
gc 0
Train Epoch5 Acc 0.25011666666666665 (30014/120000), AUC 0.6271949410438538
ep5_train_time 47.50460410118103
Test Epoch5 threshold 0.8 Acc 0.9102631578947369, AUC 0.9787193536758423, avg_entr 0.054943688213825226
ep5_t0.8_test_time 0.16352057456970215
gc 0
Train Epoch6 Acc 0.2500833333333333 (30010/120000), AUC 0.6277142763137817
ep6_train_time 47.06563997268677
Test Epoch6 threshold 0.8 Acc 0.9113157894736842, AUC 0.9787713289260864, avg_entr 0.049922216683626175
ep6_t0.8_test_time 0.1593186855316162
Save ckpt to ckpt/ag_news_lstmal_l5adf_pad175_t0.8_m1//ag_news_lstmal_l5_prefix.pt  ,ep 6
gc 0
Train Epoch7 Acc 0.25009166666666666 (30011/120000), AUC 0.6277713775634766
ep7_train_time 47.08688950538635
Test Epoch7 threshold 0.8 Acc 0.9113157894736842, AUC 0.9785792827606201, avg_entr 0.04707294702529907
ep7_t0.8_test_time 0.15989136695861816
gc 0
Train Epoch8 Acc 0.2500583333333333 (30007/120000), AUC 0.6279586553573608
ep8_train_time 47.03842115402222
Test Epoch8 threshold 0.8 Acc 0.9128947368421053, AUC 0.9787110686302185, avg_entr 0.043882306665182114
ep8_t0.8_test_time 0.1591949462890625
gc 0
Train Epoch9 Acc 0.25004166666666666 (30005/120000), AUC 0.6283441781997681
ep9_train_time 47.04190421104431
Test Epoch9 threshold 0.8 Acc 0.911578947368421, AUC 0.9785152673721313, avg_entr 0.042161695659160614
ep9_t0.8_test_time 0.1616222858428955
Best AUC 0.9787713289260864
train_loss (2, 5, 10)
valid_acc (10, 1)
valid_AUC (10, 1)
train_acc (10,)
Figure(640x480)
Figure(640x480)
Figure(640x480)
Figure(640x480)
Figure(640x480)
total_train/valid_time 478.82996678352356
Start Testing
Load ckpt at ckpt/ag_news_lstmal_l5adf_pad175_t0.8_m1//ag_news_lstmal_l5_prefix.pt
Test threshold 0.8 Acc 0.9247368421052632, AUC 0.9846723079681396, avg_entr 0.048467718064785004
t0.8_test_time 0.15822839736938477
