total count words 222751
vocab size 30000
train size 40000, valid size 5000, test size 5000
found 27937 words in glove
model: LSTMALsideText(
  (layers): ModuleList(
    (0): LSTMLayer(
      (enc): ENC(
        (b): Sequential(
          (0): Linear(in_features=300, out_features=128, bias=True)
          (1): Tanh()
        )
        (f): LSTM(300, 300, batch_first=True)
        (cri): MSELoss()
      )
      (ae): AE(
        (g): Sequential(
          (0): Linear(in_features=2, out_features=128, bias=True)
          (1): Tanh()
        )
        (h): Sequential(
          (0): Linear(in_features=128, out_features=2, bias=True)
          (1): Sigmoid()
        )
        (cri): CrossEntropyLoss()
      )
    )
    (1): LSTMLayer(
      (enc): ENC(
        (b): Sequential(
          (0): Linear(in_features=300, out_features=128, bias=True)
          (1): Tanh()
        )
        (f): LSTM(300, 300, batch_first=True)
        (cri): MSELoss()
      )
      (ae): AE(
        (g): Sequential(
          (0): Linear(in_features=128, out_features=128, bias=True)
          (1): Tanh()
        )
        (h): Sequential(
          (0): Linear(in_features=128, out_features=128, bias=True)
        )
        (cri): MSELoss()
      )
    )
    (2): LSTMLayer(
      (enc): ENC(
        (b): Sequential(
          (0): Linear(in_features=300, out_features=128, bias=True)
          (1): Tanh()
        )
        (f): LSTM(300, 300, batch_first=True)
        (cri): MSELoss()
      )
      (ae): AE(
        (g): Sequential(
          (0): Linear(in_features=128, out_features=128, bias=True)
          (1): Tanh()
        )
        (h): Sequential(
          (0): Linear(in_features=128, out_features=128, bias=True)
        )
        (cri): MSELoss()
      )
    )
    (3): LSTMLayer(
      (enc): ENC(
        (b): Sequential(
          (0): Linear(in_features=300, out_features=128, bias=True)
          (1): Tanh()
        )
        (f): LSTM(300, 300, batch_first=True)
        (cri): MSELoss()
      )
      (ae): AE(
        (g): Sequential(
          (0): Linear(in_features=128, out_features=128, bias=True)
          (1): Tanh()
        )
        (h): Sequential(
          (0): Linear(in_features=128, out_features=128, bias=True)
        )
        (cri): MSELoss()
      )
    )
    (4): LSTMLayer(
      (enc): ENC(
        (b): Sequential(
          (0): Linear(in_features=300, out_features=128, bias=True)
          (1): Tanh()
        )
        (f): LSTM(300, 300, batch_first=True)
        (cri): MSELoss()
      )
      (ae): AE(
        (g): Sequential(
          (0): Linear(in_features=128, out_features=128, bias=True)
          (1): Tanh()
        )
        (h): Sequential(
          (0): Linear(in_features=128, out_features=128, bias=True)
        )
        (cri): MSELoss()
      )
    )
  )
  (emb_layers): ModuleList(
    (0): Embedding(30000, 300)
    (1): Embedding(30000, 300)
    (2): Embedding(30000, 300)
    (3): Embedding(30000, 300)
    (4): Embedding(30000, 300)
  )
)
layers.0.enc.b.0.weight 38400
layers.0.enc.b.0.bias 128
layers.0.enc.f.weight_ih_l0 360000
layers.0.enc.f.weight_hh_l0 360000
layers.0.enc.f.bias_ih_l0 1200
layers.0.enc.f.bias_hh_l0 1200
layers.0.ae.g.0.weight 256
layers.0.ae.g.0.bias 128
layers.0.ae.h.0.weight 256
layers.0.ae.h.0.bias 2
layers.1.enc.b.0.weight 38400
layers.1.enc.b.0.bias 128
layers.1.enc.f.weight_ih_l0 360000
layers.1.enc.f.weight_hh_l0 360000
layers.1.enc.f.bias_ih_l0 1200
layers.1.enc.f.bias_hh_l0 1200
layers.1.ae.g.0.weight 16384
layers.1.ae.g.0.bias 128
layers.1.ae.h.0.weight 16384
layers.1.ae.h.0.bias 128
layers.2.enc.b.0.weight 38400
layers.2.enc.b.0.bias 128
layers.2.enc.f.weight_ih_l0 360000
layers.2.enc.f.weight_hh_l0 360000
layers.2.enc.f.bias_ih_l0 1200
layers.2.enc.f.bias_hh_l0 1200
layers.2.ae.g.0.weight 16384
layers.2.ae.g.0.bias 128
layers.2.ae.h.0.weight 16384
layers.2.ae.h.0.bias 128
layers.3.enc.b.0.weight 38400
layers.3.enc.b.0.bias 128
layers.3.enc.f.weight_ih_l0 360000
layers.3.enc.f.weight_hh_l0 360000
layers.3.enc.f.bias_ih_l0 1200
layers.3.enc.f.bias_hh_l0 1200
layers.3.ae.g.0.weight 16384
layers.3.ae.g.0.bias 128
layers.3.ae.h.0.weight 16384
layers.3.ae.h.0.bias 128
layers.4.enc.b.0.weight 38400
layers.4.enc.b.0.bias 128
layers.4.enc.f.weight_ih_l0 360000
layers.4.enc.f.weight_hh_l0 360000
layers.4.enc.f.bias_ih_l0 1200
layers.4.enc.f.bias_hh_l0 1200
layers.4.ae.g.0.weight 16384
layers.4.ae.g.0.bias 128
layers.4.ae.h.0.weight 16384
layers.4.ae.h.0.bias 128
emb_layers.0.weight 9000000
emb_layers.1.weight 9000000
emb_layers.2.weight 9000000
emb_layers.3.weight 9000000
emb_layers.4.weight 9000000
Total Trainable Params: 48937378
init_time 22.09039536
Start Training
gc 0
Train Epoch0 Acc 0.50435 (20174/40000), AUC 0.5070119500160217
ep0_train_time 13.666659105
Test Epoch0 layer0 Acc 0.5252, AUC 0.5171635150909424, avg_entr 0.6920823454856873, f1 0.5252000093460083
ep0_l0_test_time 0.2650774279999979
Save ckpt to ckpt/imdb_lstmalside_l5_256_sidead//imdb_lstmalside_l5_side.pt  ,ep 0
Test Epoch0 layer1 Acc 0.5234, AUC 0.5323440432548523, avg_entr 0.6923167705535889, f1 0.5234000086784363
ep0_l1_test_time 0.30279192999999793
Test Epoch0 layer2 Acc 0.5202, AUC 0.5205183029174805, avg_entr 0.6927611827850342, f1 0.5202000141143799
ep0_l2_test_time 0.36326371300000204
Test Epoch0 layer3 Acc 0.4936, AUC 0.498399555683136, avg_entr 0.6924816370010376, f1 0.4936000108718872
ep0_l3_test_time 0.4427399609999938
Test Epoch0 layer4 Acc 0.5074, AUC 0.5117402076721191, avg_entr 0.6915897130966187, f1 0.5073999762535095
ep0_l4_test_time 0.5420327080000007
gc 0
Train Epoch1 Acc 0.51355 (20542/40000), AUC 0.5184126496315002
ep1_train_time 13.533900702000004
Test Epoch1 layer0 Acc 0.5168, AUC 0.5223289728164673, avg_entr 0.6917188167572021, f1 0.5167999863624573
ep1_l0_test_time 0.2667292719999992
Test Epoch1 layer1 Acc 0.5192, AUC 0.5314569473266602, avg_entr 0.6910027861595154, f1 0.5192000269889832
ep1_l1_test_time 0.3013912990000023
Test Epoch1 layer2 Acc 0.5224, AUC 0.5333669185638428, avg_entr 0.6906846165657043, f1 0.5224000215530396
ep1_l2_test_time 0.36350909600000136
Test Epoch1 layer3 Acc 0.5068, AUC 0.5060769319534302, avg_entr 0.6918044090270996, f1 0.5067999958992004
ep1_l3_test_time 0.4452604170000001
Test Epoch1 layer4 Acc 0.51, AUC 0.5098058581352234, avg_entr 0.6916142702102661, f1 0.5099999904632568
ep1_l4_test_time 0.5415679589999982
gc 0
Train Epoch2 Acc 0.517075 (20683/40000), AUC 0.526254415512085
ep2_train_time 13.617947087999994
Test Epoch2 layer0 Acc 0.5146, AUC 0.5241385698318481, avg_entr 0.6843157410621643, f1 0.5145999789237976
ep2_l0_test_time 0.26569753900000137
Test Epoch2 layer1 Acc 0.5244, AUC 0.5326908826828003, avg_entr 0.6868330836296082, f1 0.524399995803833
ep2_l1_test_time 0.30461221900000623
Test Epoch2 layer2 Acc 0.527, AUC 0.5409759283065796, avg_entr 0.6852056980133057, f1 0.5270000100135803
ep2_l2_test_time 0.36569122699999923
Save ckpt to ckpt/imdb_lstmalside_l5_256_sidead//imdb_lstmalside_l5_side.pt  ,ep 2
Test Epoch2 layer3 Acc 0.5058, AUC 0.5079795122146606, avg_entr 0.6847787499427795, f1 0.5058000087738037
ep2_l3_test_time 0.4454464370000011
Test Epoch2 layer4 Acc 0.505, AUC 0.5192954540252686, avg_entr 0.6847686171531677, f1 0.5049999952316284
ep2_l4_test_time 0.5433104079999964
gc 0
Train Epoch3 Acc 0.51935 (20774/40000), AUC 0.5298870801925659
ep3_train_time 13.592511193999997
Test Epoch3 layer0 Acc 0.5126, AUC 0.5546108484268188, avg_entr 0.6095808148384094, f1 0.5126000046730042
ep3_l0_test_time 0.2737556889999979
Test Epoch3 layer1 Acc 0.5164, AUC 0.540549635887146, avg_entr 0.660785973072052, f1 0.5163999795913696
ep3_l1_test_time 0.3146789129999945
Test Epoch3 layer2 Acc 0.5166, AUC 0.5759106874465942, avg_entr 0.6395649909973145, f1 0.5166000127792358
ep3_l2_test_time 0.3642426790000002
Test Epoch3 layer3 Acc 0.5084, AUC 0.5119680762290955, avg_entr 0.6886807680130005, f1 0.508400022983551
ep3_l3_test_time 0.4483085920000036
Test Epoch3 layer4 Acc 0.5114, AUC 0.5248302221298218, avg_entr 0.690630316734314, f1 0.5113999843597412
ep3_l4_test_time 0.545315806000005
gc 0
Train Epoch4 Acc 0.520325 (20813/40000), AUC 0.5360543727874756
ep4_train_time 13.612789927000009
Test Epoch4 layer0 Acc 0.612, AUC 0.6545346975326538, avg_entr 0.5421087741851807, f1 0.6119999885559082
ep4_l0_test_time 0.2701564720000107
Save ckpt to ckpt/imdb_lstmalside_l5_256_sidead//imdb_lstmalside_l5_side.pt  ,ep 4
Test Epoch4 layer1 Acc 0.624, AUC 0.6704202890396118, avg_entr 0.5713430643081665, f1 0.6240000128746033
ep4_l1_test_time 0.3034864959999908
Save ckpt to ckpt/imdb_lstmalside_l5_256_sidead//imdb_lstmalside_l5_side.pt  ,ep 4
Test Epoch4 layer2 Acc 0.5968, AUC 0.6412194967269897, avg_entr 0.6071085929870605, f1 0.5968000292778015
ep4_l2_test_time 0.3838260730000087
Test Epoch4 layer3 Acc 0.5212, AUC 0.5464185476303101, avg_entr 0.6826989650726318, f1 0.5212000012397766
ep4_l3_test_time 0.4504266889999968
Test Epoch4 layer4 Acc 0.5144, AUC 0.520484209060669, avg_entr 0.6885871291160583, f1 0.5144000053405762
ep4_l4_test_time 0.5445548990000049
gc 0
Train Epoch5 Acc 0.5235 (20940/40000), AUC 0.540496289730072
ep5_train_time 13.688296899999997
Test Epoch5 layer0 Acc 0.6206, AUC 0.7007064819335938, avg_entr 0.42374247312545776, f1 0.6205999851226807
ep5_l0_test_time 0.27834086900000443
Test Epoch5 layer1 Acc 0.6322, AUC 0.7138930559158325, avg_entr 0.36514565348625183, f1 0.6322000026702881
ep5_l1_test_time 0.3043683020000003
Save ckpt to ckpt/imdb_lstmalside_l5_256_sidead//imdb_lstmalside_l5_side.pt  ,ep 5
Test Epoch5 layer2 Acc 0.636, AUC 0.7139187455177307, avg_entr 0.35515421628952026, f1 0.6359999775886536
ep5_l2_test_time 0.3664227000000011
Save ckpt to ckpt/imdb_lstmalside_l5_256_sidead//imdb_lstmalside_l5_side.pt  ,ep 5
Test Epoch5 layer3 Acc 0.631, AUC 0.7011292576789856, avg_entr 0.3732631206512451, f1 0.6309999823570251
ep5_l3_test_time 0.445588863999987
Test Epoch5 layer4 Acc 0.5094, AUC 0.485263466835022, avg_entr 0.6756307482719421, f1 0.5094000101089478
ep5_l4_test_time 0.544381909000009
gc 0
Train Epoch6 Acc 0.578575 (23143/40000), AUC 0.6245149374008179
ep6_train_time 13.606591387000009
Test Epoch6 layer0 Acc 0.6748, AUC 0.7387691736221313, avg_entr 0.3617236912250519, f1 0.6747999787330627
ep6_l0_test_time 0.2660580969999842
Save ckpt to ckpt/imdb_lstmalside_l5_256_sidead//imdb_lstmalside_l5_side.pt  ,ep 6
Test Epoch6 layer1 Acc 0.683, AUC 0.7546032667160034, avg_entr 0.33488979935646057, f1 0.6830000281333923
ep6_l1_test_time 0.30501986599998077
Save ckpt to ckpt/imdb_lstmalside_l5_256_sidead//imdb_lstmalside_l5_side.pt  ,ep 6
Test Epoch6 layer2 Acc 0.6964, AUC 0.7702947854995728, avg_entr 0.3344663679599762, f1 0.696399986743927
ep6_l2_test_time 0.36370860100001323
Save ckpt to ckpt/imdb_lstmalside_l5_256_sidead//imdb_lstmalside_l5_side.pt  ,ep 6
Test Epoch6 layer3 Acc 0.6988, AUC 0.7661301493644714, avg_entr 0.3187803030014038, f1 0.6988000273704529
ep6_l3_test_time 0.45331800100001374
Save ckpt to ckpt/imdb_lstmalside_l5_256_sidead//imdb_lstmalside_l5_side.pt  ,ep 6
Test Epoch6 layer4 Acc 0.6968, AUC 0.719058632850647, avg_entr 0.2608415186405182, f1 0.6967999935150146
ep6_l4_test_time 0.546258249999994
gc 0
Train Epoch7 Acc 0.733875 (29355/40000), AUC 0.7804450988769531
ep7_train_time 13.583971741999989
Test Epoch7 layer0 Acc 0.6794, AUC 0.7665338516235352, avg_entr 0.33697593212127686, f1 0.6794000267982483
ep7_l0_test_time 0.2648013140000103
Test Epoch7 layer1 Acc 0.6752, AUC 0.7798994183540344, avg_entr 0.28946009278297424, f1 0.6751999855041504
ep7_l1_test_time 0.30306227799999874
Test Epoch7 layer2 Acc 0.6936, AUC 0.794259786605835, avg_entr 0.26028338074684143, f1 0.6935999989509583
ep7_l2_test_time 0.3635725629999911
Test Epoch7 layer3 Acc 0.6866, AUC 0.7878372669219971, avg_entr 0.22930720448493958, f1 0.6866000294685364
ep7_l3_test_time 0.44505596100000844
Test Epoch7 layer4 Acc 0.6836, AUC 0.7716683149337769, avg_entr 0.21809765696525574, f1 0.6836000084877014
ep7_l4_test_time 0.5476118550000137
gc 0
Train Epoch8 Acc 0.7638 (30552/40000), AUC 0.8287155628204346
ep8_train_time 13.566006613000013
Test Epoch8 layer0 Acc 0.708, AUC 0.7842391729354858, avg_entr 0.275179386138916, f1 0.7080000638961792
ep8_l0_test_time 0.26448972299999696
Save ckpt to ckpt/imdb_lstmalside_l5_256_sidead//imdb_lstmalside_l5_side.pt  ,ep 8
Test Epoch8 layer1 Acc 0.719, AUC 0.8028483390808105, avg_entr 0.2327546626329422, f1 0.718999981880188
ep8_l1_test_time 0.3054242810000005
Save ckpt to ckpt/imdb_lstmalside_l5_256_sidead//imdb_lstmalside_l5_side.pt  ,ep 8
Test Epoch8 layer2 Acc 0.7312, AUC 0.8163559436798096, avg_entr 0.20790451765060425, f1 0.7311999797821045
ep8_l2_test_time 0.3646311310000101
Save ckpt to ckpt/imdb_lstmalside_l5_256_sidead//imdb_lstmalside_l5_side.pt  ,ep 8
Test Epoch8 layer3 Acc 0.7336, AUC 0.813899040222168, avg_entr 0.20653077960014343, f1 0.7335999608039856
ep8_l3_test_time 0.45327283599999646
Save ckpt to ckpt/imdb_lstmalside_l5_256_sidead//imdb_lstmalside_l5_side.pt  ,ep 8
Test Epoch8 layer4 Acc 0.7352, AUC 0.810918390750885, avg_entr 0.19233551621437073, f1 0.7351999282836914
ep8_l4_test_time 0.5476896299999794
Save ckpt to ckpt/imdb_lstmalside_l5_256_sidead//imdb_lstmalside_l5_side.pt  ,ep 8
gc 0
Train Epoch9 Acc 0.789425 (31577/40000), AUC 0.859133780002594
ep9_train_time 13.652517510999985
Test Epoch9 layer0 Acc 0.7118, AUC 0.7924526333808899, avg_entr 0.267857164144516, f1 0.7117999792098999
ep9_l0_test_time 0.26586554200000023
Test Epoch9 layer1 Acc 0.734, AUC 0.8149821162223816, avg_entr 0.2522699236869812, f1 0.7339999675750732
ep9_l1_test_time 0.3024732719999861
Test Epoch9 layer2 Acc 0.743, AUC 0.8292007446289062, avg_entr 0.23474372923374176, f1 0.7430000305175781
ep9_l2_test_time 0.37420689399999674
Save ckpt to ckpt/imdb_lstmalside_l5_256_sidead//imdb_lstmalside_l5_side.pt  ,ep 9
Test Epoch9 layer3 Acc 0.7476, AUC 0.8278876543045044, avg_entr 0.22090664505958557, f1 0.7476000189781189
ep9_l3_test_time 0.4492530090000173
Save ckpt to ckpt/imdb_lstmalside_l5_256_sidead//imdb_lstmalside_l5_side.pt  ,ep 9
Test Epoch9 layer4 Acc 0.749, AUC 0.8254528045654297, avg_entr 0.2014203667640686, f1 0.7490000128746033
ep9_l4_test_time 0.5485307449999937
Save ckpt to ckpt/imdb_lstmalside_l5_256_sidead//imdb_lstmalside_l5_side.pt  ,ep 9
gc 0
Train Epoch10 Acc 0.81395 (32558/40000), AUC 0.8862654566764832
ep10_train_time 13.725445941000004
Test Epoch10 layer0 Acc 0.7094, AUC 0.8035658597946167, avg_entr 0.19282075762748718, f1 0.709399938583374
ep10_l0_test_time 0.2726635799999997
Test Epoch10 layer1 Acc 0.7226, AUC 0.822144091129303, avg_entr 0.14848582446575165, f1 0.722599983215332
ep10_l1_test_time 0.30449704700001234
Test Epoch10 layer2 Acc 0.7246, AUC 0.8305906653404236, avg_entr 0.12992164492607117, f1 0.7245999574661255
ep10_l2_test_time 0.3642761339999936
Test Epoch10 layer3 Acc 0.7266, AUC 0.8167885541915894, avg_entr 0.13187144696712494, f1 0.7265999913215637
ep10_l3_test_time 0.44407455199998935
Test Epoch10 layer4 Acc 0.728, AUC 0.814893901348114, avg_entr 0.1334778070449829, f1 0.7279999852180481
ep10_l4_test_time 0.5465339879999931
gc 0
Train Epoch11 Acc 0.8292 (33168/40000), AUC 0.8968079090118408
ep11_train_time 13.593510813000023
Test Epoch11 layer0 Acc 0.7064, AUC 0.8063615560531616, avg_entr 0.19697092473506927, f1 0.7063999772071838
ep11_l0_test_time 0.26393670699999916
Test Epoch11 layer1 Acc 0.7246, AUC 0.8293173909187317, avg_entr 0.15853838622570038, f1 0.7245999574661255
ep11_l1_test_time 0.3030828560000032
Test Epoch11 layer2 Acc 0.7432, AUC 0.8388781547546387, avg_entr 0.13031959533691406, f1 0.7432000041007996
ep11_l2_test_time 0.3642411240000172
Test Epoch11 layer3 Acc 0.7418, AUC 0.8327407836914062, avg_entr 0.10762868821620941, f1 0.74180006980896
ep11_l3_test_time 0.4446587529999988
Test Epoch11 layer4 Acc 0.7444, AUC 0.8238238096237183, avg_entr 0.08831657469272614, f1 0.7444000244140625
ep11_l4_test_time 0.5451333169999941
gc 0
Train Epoch12 Acc 0.8528 (34112/40000), AUC 0.9160519242286682
ep12_train_time 13.646984857999996
Test Epoch12 layer0 Acc 0.7376, AUC 0.8138511776924133, avg_entr 0.19077789783477783, f1 0.7376000285148621
ep12_l0_test_time 0.26353520899999694
Test Epoch12 layer1 Acc 0.754, AUC 0.8390972018241882, avg_entr 0.15135057270526886, f1 0.7540000081062317
ep12_l1_test_time 0.3017494940000063
Save ckpt to ckpt/imdb_lstmalside_l5_256_sidead//imdb_lstmalside_l5_side.pt  ,ep 12
Test Epoch12 layer2 Acc 0.7658, AUC 0.8520395159721375, avg_entr 0.12837126851081848, f1 0.7657999992370605
ep12_l2_test_time 0.36500977899999043
Save ckpt to ckpt/imdb_lstmalside_l5_256_sidead//imdb_lstmalside_l5_side.pt  ,ep 12
Test Epoch12 layer3 Acc 0.7672, AUC 0.8503004312515259, avg_entr 0.10963857173919678, f1 0.7671999931335449
ep12_l3_test_time 0.44401876599999923
Save ckpt to ckpt/imdb_lstmalside_l5_256_sidead//imdb_lstmalside_l5_side.pt  ,ep 12
Test Epoch12 layer4 Acc 0.7678, AUC 0.8456405401229858, avg_entr 0.09021251648664474, f1 0.767799973487854
ep12_l4_test_time 0.5466614710000215
Save ckpt to ckpt/imdb_lstmalside_l5_256_sidead//imdb_lstmalside_l5_side.pt  ,ep 12
gc 0
Train Epoch13 Acc 0.8676 (34704/40000), AUC 0.9305605888366699
ep13_train_time 13.629810292000002
Test Epoch13 layer0 Acc 0.7372, AUC 0.8099775314331055, avg_entr 0.15911774337291718, f1 0.7372000217437744
ep13_l0_test_time 0.264335506000009
Test Epoch13 layer1 Acc 0.7546, AUC 0.8365704417228699, avg_entr 0.1354735791683197, f1 0.7546000480651855
ep13_l1_test_time 0.30321288899997967
Test Epoch13 layer2 Acc 0.7648, AUC 0.8512738943099976, avg_entr 0.12824009358882904, f1 0.764799952507019
ep13_l2_test_time 0.3652424620000261
Test Epoch13 layer3 Acc 0.7688, AUC 0.8507826924324036, avg_entr 0.12587453424930573, f1 0.7688000202178955
ep13_l3_test_time 0.44967119899999375
Save ckpt to ckpt/imdb_lstmalside_l5_256_sidead//imdb_lstmalside_l5_side.pt  ,ep 13
Test Epoch13 layer4 Acc 0.7682, AUC 0.8477700352668762, avg_entr 0.11818763613700867, f1 0.7681999802589417
ep13_l4_test_time 0.545676737000008
gc 0
Train Epoch14 Acc 0.894875 (35795/40000), AUC 0.9493310451507568
ep14_train_time 13.62063588800001
Test Epoch14 layer0 Acc 0.7366, AUC 0.809600830078125, avg_entr 0.15703746676445007, f1 0.7365999817848206
ep14_l0_test_time 0.2740858120000098
Test Epoch14 layer1 Acc 0.7582, AUC 0.8377091884613037, avg_entr 0.14044877886772156, f1 0.7582000494003296
ep14_l1_test_time 0.3044345650000082
Test Epoch14 layer2 Acc 0.7716, AUC 0.8544384241104126, avg_entr 0.12372589111328125, f1 0.771600067615509
ep14_l2_test_time 0.3716307729999926
Save ckpt to ckpt/imdb_lstmalside_l5_256_sidead//imdb_lstmalside_l5_side.pt  ,ep 14
Test Epoch14 layer3 Acc 0.774, AUC 0.8572050333023071, avg_entr 0.109828881919384, f1 0.7739999890327454
ep14_l3_test_time 0.44528661599997577
Save ckpt to ckpt/imdb_lstmalside_l5_256_sidead//imdb_lstmalside_l5_side.pt  ,ep 14
Test Epoch14 layer4 Acc 0.7758, AUC 0.8536956310272217, avg_entr 0.09998603165149689, f1 0.7758000493049622
ep14_l4_test_time 0.5522270179999964
Save ckpt to ckpt/imdb_lstmalside_l5_256_sidead//imdb_lstmalside_l5_side.pt  ,ep 14
gc 0
Train Epoch15 Acc 0.9087 (36348/40000), AUC 0.9588214159011841
ep15_train_time 13.646863403999987
Test Epoch15 layer0 Acc 0.733, AUC 0.8055980205535889, avg_entr 0.14243990182876587, f1 0.7329999804496765
ep15_l0_test_time 0.26934446699999626
Test Epoch15 layer1 Acc 0.7482, AUC 0.8309975862503052, avg_entr 0.11177779734134674, f1 0.748199999332428
ep15_l1_test_time 0.30840465099998937
Test Epoch15 layer2 Acc 0.7616, AUC 0.8476788997650146, avg_entr 0.10076924413442612, f1 0.7616000771522522
ep15_l2_test_time 0.36488222400004133
Test Epoch15 layer3 Acc 0.76, AUC 0.850271463394165, avg_entr 0.09687028080224991, f1 0.7599999904632568
ep15_l3_test_time 0.445803398999999
Test Epoch15 layer4 Acc 0.763, AUC 0.848290205001831, avg_entr 0.09356451779603958, f1 0.7630000114440918
ep15_l4_test_time 0.5477277350000236
gc 0
Train Epoch16 Acc 0.9256 (37024/40000), AUC 0.9668489694595337
ep16_train_time 13.62978606400003
Test Epoch16 layer0 Acc 0.742, AUC 0.8037503957748413, avg_entr 0.11515886336565018, f1 0.7419999837875366
ep16_l0_test_time 0.26337290000003577
Test Epoch16 layer1 Acc 0.7548, AUC 0.8286197185516357, avg_entr 0.07203106582164764, f1 0.754800021648407
ep16_l1_test_time 0.30091810200002556
Test Epoch16 layer2 Acc 0.7644, AUC 0.8412764668464661, avg_entr 0.058412231504917145, f1 0.7644000053405762
ep16_l2_test_time 0.36670993600000656
Test Epoch16 layer3 Acc 0.768, AUC 0.8403463959693909, avg_entr 0.04991823434829712, f1 0.7680000066757202
ep16_l3_test_time 0.44449082900001713
Test Epoch16 layer4 Acc 0.768, AUC 0.8309248685836792, avg_entr 0.046051785349845886, f1 0.7680000066757202
ep16_l4_test_time 0.5544646630000329
gc 0
Train Epoch17 Acc 0.94785 (37914/40000), AUC 0.976006269454956
ep17_train_time 13.59814791399998
Test Epoch17 layer0 Acc 0.7436, AUC 0.8019466400146484, avg_entr 0.10525210201740265, f1 0.7436000108718872
ep17_l0_test_time 0.26456015799999477
Test Epoch17 layer1 Acc 0.7538, AUC 0.8245404958724976, avg_entr 0.06889410316944122, f1 0.7537999749183655
ep17_l1_test_time 0.30404245500000115
Test Epoch17 layer2 Acc 0.7628, AUC 0.8300778865814209, avg_entr 0.04721028357744217, f1 0.7627999782562256
ep17_l2_test_time 0.36448266799999374
Test Epoch17 layer3 Acc 0.7656, AUC 0.8249654769897461, avg_entr 0.03808819130063057, f1 0.7655999660491943
ep17_l3_test_time 0.4447211300000049
Test Epoch17 layer4 Acc 0.7656, AUC 0.8147988319396973, avg_entr 0.027771953493356705, f1 0.7655999660491943
ep17_l4_test_time 0.5460771589999922
gc 0
Train Epoch18 Acc 0.95855 (38342/40000), AUC 0.9849643707275391
ep18_train_time 13.641289384999993
Test Epoch18 layer0 Acc 0.738, AUC 0.8002725839614868, avg_entr 0.1033024936914444, f1 0.7379999160766602
ep18_l0_test_time 0.2670993029999522
Test Epoch18 layer1 Acc 0.7564, AUC 0.8219491243362427, avg_entr 0.07386879622936249, f1 0.7563999891281128
ep18_l1_test_time 0.30707405700002255
Test Epoch18 layer2 Acc 0.7672, AUC 0.8316965103149414, avg_entr 0.060682982206344604, f1 0.7671999931335449
ep18_l2_test_time 0.36392955900004154
Test Epoch18 layer3 Acc 0.7694, AUC 0.8314448595046997, avg_entr 0.05252000689506531, f1 0.7694000005722046
ep18_l3_test_time 0.44504053499997553
Test Epoch18 layer4 Acc 0.77, AUC 0.8255671262741089, avg_entr 0.04619627818465233, f1 0.7699999809265137
ep18_l4_test_time 0.5443912850000174
gc 0
Train Epoch19 Acc 0.967875 (38715/40000), AUC 0.9900782108306885
ep19_train_time 13.584393309999996
Test Epoch19 layer0 Acc 0.7286, AUC 0.7948031425476074, avg_entr 0.09762679785490036, f1 0.728600025177002
ep19_l0_test_time 0.2664804570000001
Test Epoch19 layer1 Acc 0.7474, AUC 0.8147261738777161, avg_entr 0.060403864830732346, f1 0.7473999857902527
ep19_l1_test_time 0.30331256599998824
Test Epoch19 layer2 Acc 0.7526, AUC 0.8238056898117065, avg_entr 0.04211986064910889, f1 0.7526000142097473
ep19_l2_test_time 0.3623522479999792
Test Epoch19 layer3 Acc 0.7542, AUC 0.8199093341827393, avg_entr 0.03547642379999161, f1 0.7541999816894531
ep19_l3_test_time 0.44276123100001996
Test Epoch19 layer4 Acc 0.7544, AUC 0.8109780550003052, avg_entr 0.030845675617456436, f1 0.7544000148773193
ep19_l4_test_time 0.546248042000002
gc 0
Train Epoch20 Acc 0.97015 (38806/40000), AUC 0.9910469055175781
ep20_train_time 13.584074338999983
Test Epoch20 layer0 Acc 0.742, AUC 0.7935869693756104, avg_entr 0.0867767408490181, f1 0.7419999837875366
ep20_l0_test_time 0.2634829510000145
Test Epoch20 layer1 Acc 0.7512, AUC 0.812093198299408, avg_entr 0.05591291934251785, f1 0.7512000203132629
ep20_l1_test_time 0.30139780599995447
Test Epoch20 layer2 Acc 0.7604, AUC 0.8270752429962158, avg_entr 0.051283787935972214, f1 0.7603999972343445
ep20_l2_test_time 0.362766009999973
Test Epoch20 layer3 Acc 0.7638, AUC 0.8290477991104126, avg_entr 0.047919876873493195, f1 0.7638000249862671
ep20_l3_test_time 0.44630195900003855
Test Epoch20 layer4 Acc 0.7628, AUC 0.8247201442718506, avg_entr 0.04633675515651703, f1 0.7627999782562256
ep20_l4_test_time 0.5478416249999896
gc 0
Train Epoch21 Acc 0.97945 (39178/40000), AUC 0.994221568107605
ep21_train_time 13.602351532
Test Epoch21 layer0 Acc 0.7336, AUC 0.7931370735168457, avg_entr 0.08490221202373505, f1 0.7335999608039856
ep21_l0_test_time 0.2632229499999994
Test Epoch21 layer1 Acc 0.7424, AUC 0.8079341650009155, avg_entr 0.04721241816878319, f1 0.742400050163269
ep21_l1_test_time 0.3190619119999951
Test Epoch21 layer2 Acc 0.7522, AUC 0.8191803097724915, avg_entr 0.042840778827667236, f1 0.7522000074386597
ep21_l2_test_time 0.3691963300000225
Test Epoch21 layer3 Acc 0.7556, AUC 0.8183678388595581, avg_entr 0.03809163346886635, f1 0.7555999755859375
ep21_l3_test_time 0.4450976770000352
Test Epoch21 layer4 Acc 0.757, AUC 0.8104811906814575, avg_entr 0.03381267562508583, f1 0.7570000886917114
ep21_l4_test_time 0.545301019999954
gc 0
Train Epoch22 Acc 0.982825 (39313/40000), AUC 0.9950268268585205
ep22_train_time 13.635860920000027
Test Epoch22 layer0 Acc 0.7392, AUC 0.7896673083305359, avg_entr 0.07359679043292999, f1 0.7391999959945679
ep22_l0_test_time 0.2657107669999732
Test Epoch22 layer1 Acc 0.7462, AUC 0.8058898448944092, avg_entr 0.03979871794581413, f1 0.7462000250816345
ep22_l1_test_time 0.3049609290000035
Test Epoch22 layer2 Acc 0.7516, AUC 0.8146809339523315, avg_entr 0.0329454131424427, f1 0.7516000270843506
ep22_l2_test_time 0.36396471699998756
Test Epoch22 layer3 Acc 0.7534, AUC 0.8143028020858765, avg_entr 0.02781413495540619, f1 0.7533999681472778
ep22_l3_test_time 0.44291978400002563
Test Epoch22 layer4 Acc 0.7528, AUC 0.8097680807113647, avg_entr 0.02485964447259903, f1 0.7528000473976135
ep22_l4_test_time 0.5453388910000285
gc 0
Train Epoch23 Acc 0.98625 (39450/40000), AUC 0.9964344501495361
ep23_train_time 13.559224018999998
Test Epoch23 layer0 Acc 0.7422, AUC 0.7903078198432922, avg_entr 0.07623680680990219, f1 0.7422000169754028
ep23_l0_test_time 0.264766193000014
Test Epoch23 layer1 Acc 0.745, AUC 0.8029031753540039, avg_entr 0.04680405184626579, f1 0.7449999451637268
ep23_l1_test_time 0.3022216749999984
Test Epoch23 layer2 Acc 0.7458, AUC 0.8117154836654663, avg_entr 0.03247575834393501, f1 0.7458000183105469
ep23_l2_test_time 0.36332920200004537
Test Epoch23 layer3 Acc 0.7474, AUC 0.8137212991714478, avg_entr 0.030512215569615364, f1 0.7473999857902527
ep23_l3_test_time 0.44421743999998853
Test Epoch23 layer4 Acc 0.748, AUC 0.8083853125572205, avg_entr 0.028632260859012604, f1 0.7480000257492065
ep23_l4_test_time 0.5449165830000311
gc 0
Train Epoch24 Acc 0.987875 (39515/40000), AUC 0.996758222579956
ep24_train_time 13.572791793000022
Test Epoch24 layer0 Acc 0.7392, AUC 0.7874594926834106, avg_entr 0.06878019124269485, f1 0.7391999959945679
ep24_l0_test_time 0.2658119170000077
Test Epoch24 layer1 Acc 0.7476, AUC 0.7995679378509521, avg_entr 0.03744087368249893, f1 0.7476000189781189
ep24_l1_test_time 0.30291455700000824
Test Epoch24 layer2 Acc 0.7532, AUC 0.8085483312606812, avg_entr 0.02813967503607273, f1 0.7531999945640564
ep24_l2_test_time 0.36347594699998353
Test Epoch24 layer3 Acc 0.7574, AUC 0.8142894506454468, avg_entr 0.026055214926600456, f1 0.7573999762535095
ep24_l3_test_time 0.44657659799997873
Test Epoch24 layer4 Acc 0.757, AUC 0.8110295534133911, avg_entr 0.02502969652414322, f1 0.7570000886917114
ep24_l4_test_time 0.5487783550000245
gc 0
Train Epoch25 Acc 0.989725 (39589/40000), AUC 0.9970219135284424
ep25_train_time 13.568683958000008
Test Epoch25 layer0 Acc 0.735, AUC 0.7885236740112305, avg_entr 0.07339843362569809, f1 0.7350000143051147
ep25_l0_test_time 0.2667718469999727
Test Epoch25 layer1 Acc 0.7432, AUC 0.7978819608688354, avg_entr 0.03568238392472267, f1 0.7432000041007996
ep25_l1_test_time 0.30399914500003433
Test Epoch25 layer2 Acc 0.7498, AUC 0.8007546663284302, avg_entr 0.022012557834386826, f1 0.7498000264167786
ep25_l2_test_time 0.3644196440000087
Test Epoch25 layer3 Acc 0.7502, AUC 0.8070163726806641, avg_entr 0.01908470131456852, f1 0.7501999735832214
ep25_l3_test_time 0.4444841270000097
Test Epoch25 layer4 Acc 0.751, AUC 0.8017604947090149, avg_entr 0.017941690981388092, f1 0.7509999871253967
ep25_l4_test_time 0.5458586880000098
gc 0
Train Epoch26 Acc 0.99065 (39626/40000), AUC 0.9972453117370605
ep26_train_time 13.557790121000039
Test Epoch26 layer0 Acc 0.7324, AUC 0.7863656282424927, avg_entr 0.06832069903612137, f1 0.7323999404907227
ep26_l0_test_time 0.26922343100000035
Test Epoch26 layer1 Acc 0.7408, AUC 0.7953103184700012, avg_entr 0.032165560871362686, f1 0.7408000230789185
ep26_l1_test_time 0.30381846000000223
Test Epoch26 layer2 Acc 0.7482, AUC 0.8004008531570435, avg_entr 0.023238249123096466, f1 0.748199999332428
ep26_l2_test_time 0.36405302200000733
Test Epoch26 layer3 Acc 0.7492, AUC 0.8086049556732178, avg_entr 0.021554382517933846, f1 0.7491999864578247
ep26_l3_test_time 0.4448703969999883
Test Epoch26 layer4 Acc 0.749, AUC 0.8044426441192627, avg_entr 0.020112555474042892, f1 0.7490000128746033
ep26_l4_test_time 0.5493003520000457
gc 0
Train Epoch27 Acc 0.9916 (39664/40000), AUC 0.9974726438522339
ep27_train_time 13.586842941000043
Test Epoch27 layer0 Acc 0.7336, AUC 0.7863175868988037, avg_entr 0.06740285456180573, f1 0.7335999608039856
ep27_l0_test_time 0.2674459609999644
Test Epoch27 layer1 Acc 0.7404, AUC 0.7933322191238403, avg_entr 0.03398080915212631, f1 0.7404000163078308
ep27_l1_test_time 0.30205152499996757
Test Epoch27 layer2 Acc 0.7446, AUC 0.7984124422073364, avg_entr 0.024419350549578667, f1 0.7445999979972839
ep27_l2_test_time 0.3750447569999551
Test Epoch27 layer3 Acc 0.7456, AUC 0.7998173832893372, avg_entr 0.020406613126397133, f1 0.7455999851226807
ep27_l3_test_time 0.4462879540000131
Test Epoch27 layer4 Acc 0.7446, AUC 0.7936939001083374, avg_entr 0.017251359298825264, f1 0.7445999979972839
ep27_l4_test_time 0.5440170219999914
gc 0
Train Epoch28 Acc 0.99255 (39702/40000), AUC 0.9977458715438843
ep28_train_time 13.58663792599998
Test Epoch28 layer0 Acc 0.7346, AUC 0.7842741012573242, avg_entr 0.06978024542331696, f1 0.7345999479293823
ep28_l0_test_time 0.2636281199999644
Test Epoch28 layer1 Acc 0.74, AUC 0.7910101413726807, avg_entr 0.0315929539501667, f1 0.7400000095367432
ep28_l1_test_time 0.30371446499998456
Test Epoch28 layer2 Acc 0.744, AUC 0.7962519526481628, avg_entr 0.02183956280350685, f1 0.7439999580383301
ep28_l2_test_time 0.3694348729999888
Test Epoch28 layer3 Acc 0.7456, AUC 0.7954215407371521, avg_entr 0.016541391611099243, f1 0.7455999851226807
ep28_l3_test_time 0.4443561550000368
Test Epoch28 layer4 Acc 0.7456, AUC 0.7929391860961914, avg_entr 0.014315830543637276, f1 0.7455999851226807
ep28_l4_test_time 0.5495793379999441
gc 0
Train Epoch29 Acc 0.99345 (39738/40000), AUC 0.9981186985969543
ep29_train_time 13.587265915999978
Test Epoch29 layer0 Acc 0.7316, AUC 0.7836150527000427, avg_entr 0.06612604111433029, f1 0.7316000461578369
ep29_l0_test_time 0.26741865300004974
Test Epoch29 layer1 Acc 0.7398, AUC 0.7901263236999512, avg_entr 0.03028516285121441, f1 0.7398000359535217
ep29_l1_test_time 0.3037064360000272
Test Epoch29 layer2 Acc 0.7414, AUC 0.7909072637557983, avg_entr 0.019776711240410805, f1 0.7414000034332275
ep29_l2_test_time 0.36639383099998213
Test Epoch29 layer3 Acc 0.7462, AUC 0.7949954271316528, avg_entr 0.015016520395874977, f1 0.7462000250816345
ep29_l3_test_time 0.444179446000021
Test Epoch29 layer4 Acc 0.7462, AUC 0.7922649383544922, avg_entr 0.013074821792542934, f1 0.7462000250816345
ep29_l4_test_time 0.5461624519999759
gc 0
Train Epoch30 Acc 0.9937 (39748/40000), AUC 0.9981329441070557
ep30_train_time 13.641107618999968
Test Epoch30 layer0 Acc 0.7318, AUC 0.7833935022354126, avg_entr 0.06556294113397598, f1 0.7318000197410583
ep30_l0_test_time 0.26787205099998346
Test Epoch30 layer1 Acc 0.7392, AUC 0.7886101007461548, avg_entr 0.029576925560832024, f1 0.7391999959945679
ep30_l1_test_time 0.30267618900001025
Test Epoch30 layer2 Acc 0.7414, AUC 0.7923271656036377, avg_entr 0.02310830168426037, f1 0.7414000034332275
ep30_l2_test_time 0.3636841580000123
Test Epoch30 layer3 Acc 0.7434, AUC 0.7981637716293335, avg_entr 0.01896687038242817, f1 0.743399977684021
ep30_l3_test_time 0.4479953709999336
Test Epoch30 layer4 Acc 0.7432, AUC 0.7947146892547607, avg_entr 0.017105909064412117, f1 0.7432000041007996
ep30_l4_test_time 0.5454177110000273
gc 0
Train Epoch31 Acc 0.99405 (39762/40000), AUC 0.9981682300567627
ep31_train_time 13.560857511999984
Test Epoch31 layer0 Acc 0.73, AUC 0.7817404270172119, avg_entr 0.06104101613163948, f1 0.7300000190734863
ep31_l0_test_time 0.26610753099998874
Test Epoch31 layer1 Acc 0.7386, AUC 0.7874384522438049, avg_entr 0.029364699497818947, f1 0.7386000156402588
ep31_l1_test_time 0.30314669500000946
Test Epoch31 layer2 Acc 0.7396, AUC 0.7891212701797485, avg_entr 0.022127002477645874, f1 0.7396000027656555
ep31_l2_test_time 0.3631829220000782
Test Epoch31 layer3 Acc 0.7418, AUC 0.7949049472808838, avg_entr 0.016559142619371414, f1 0.74180006980896
ep31_l3_test_time 0.44417041999997764
Test Epoch31 layer4 Acc 0.7412, AUC 0.791458010673523, avg_entr 0.01428896002471447, f1 0.7411999702453613
ep31_l4_test_time 0.5486452069999359
gc 0
Train Epoch32 Acc 0.994275 (39771/40000), AUC 0.9981488585472107
ep32_train_time 13.584494418999952
Test Epoch32 layer0 Acc 0.7316, AUC 0.7814523577690125, avg_entr 0.06392180919647217, f1 0.7316000461578369
ep32_l0_test_time 0.26458833300000606
Test Epoch32 layer1 Acc 0.736, AUC 0.7855281829833984, avg_entr 0.02699340507388115, f1 0.7360000014305115
ep32_l1_test_time 0.30390169999998307
Test Epoch32 layer2 Acc 0.7368, AUC 0.7878206968307495, avg_entr 0.01844616048038006, f1 0.7368000149726868
ep32_l2_test_time 0.3642861039999161
Test Epoch32 layer3 Acc 0.7408, AUC 0.7924978137016296, avg_entr 0.01647256128489971, f1 0.7408000230789185
ep32_l3_test_time 0.4443095459999995
Test Epoch32 layer4 Acc 0.7396, AUC 0.7903022766113281, avg_entr 0.014100306667387486, f1 0.7396000027656555
ep32_l4_test_time 0.5496065009999711
gc 0
Train Epoch33 Acc 0.99465 (39786/40000), AUC 0.9981718063354492
ep33_train_time 13.587176411999963
Test Epoch33 layer0 Acc 0.7326, AUC 0.7816447615623474, avg_entr 0.06074051558971405, f1 0.7325999140739441
ep33_l0_test_time 0.2677817800000639
Test Epoch33 layer1 Acc 0.7398, AUC 0.7864223718643188, avg_entr 0.02728579379618168, f1 0.7398000359535217
ep33_l1_test_time 0.3035979890000817
Test Epoch33 layer2 Acc 0.7404, AUC 0.7869240045547485, avg_entr 0.019734293222427368, f1 0.7404000163078308
ep33_l2_test_time 0.36402135699995597
Test Epoch33 layer3 Acc 0.7424, AUC 0.7923085689544678, avg_entr 0.013963870704174042, f1 0.742400050163269
ep33_l3_test_time 0.44511686099997405
Test Epoch33 layer4 Acc 0.7432, AUC 0.7887253761291504, avg_entr 0.012062327936291695, f1 0.7432000041007996
ep33_l4_test_time 0.5467347489999383
gc 0
Train Epoch34 Acc 0.994625 (39785/40000), AUC 0.9984027147293091
ep34_train_time 13.677255776999914
Test Epoch34 layer0 Acc 0.7316, AUC 0.7814725637435913, avg_entr 0.060342468321323395, f1 0.7316000461578369
ep34_l0_test_time 0.2677043850000018
Test Epoch34 layer1 Acc 0.7398, AUC 0.7853063344955444, avg_entr 0.027270697057247162, f1 0.7398000359535217
ep34_l1_test_time 0.3064067770000065
Test Epoch34 layer2 Acc 0.7394, AUC 0.7859567403793335, avg_entr 0.017320707440376282, f1 0.7394000291824341
ep34_l2_test_time 0.3622845250000637
Test Epoch34 layer3 Acc 0.7428, AUC 0.7923399209976196, avg_entr 0.013886163011193275, f1 0.7427999973297119
ep34_l3_test_time 0.4472679219999236
Test Epoch34 layer4 Acc 0.7426, AUC 0.7882764935493469, avg_entr 0.012062816880643368, f1 0.7426000237464905
ep34_l4_test_time 0.5521962319999147
gc 0
Train Epoch35 Acc 0.99515 (39806/40000), AUC 0.998462975025177
ep35_train_time 13.74116988000003
Test Epoch35 layer0 Acc 0.7324, AUC 0.7804956436157227, avg_entr 0.05869101732969284, f1 0.7323999404907227
ep35_l0_test_time 0.26476926500004083
Test Epoch35 layer1 Acc 0.7378, AUC 0.7847518920898438, avg_entr 0.025913257151842117, f1 0.7378000020980835
ep35_l1_test_time 0.30476606100000936
Test Epoch35 layer2 Acc 0.7386, AUC 0.7840926051139832, avg_entr 0.01694454252719879, f1 0.7386000156402588
ep35_l2_test_time 0.3649692949999235
Test Epoch35 layer3 Acc 0.7386, AUC 0.7876013517379761, avg_entr 0.014743739739060402, f1 0.7386000156402588
ep35_l3_test_time 0.4483389829999851
Test Epoch35 layer4 Acc 0.7394, AUC 0.7835006713867188, avg_entr 0.013043339364230633, f1 0.7394000291824341
ep35_l4_test_time 0.5481088239999963
gc 0
Train Epoch36 Acc 0.994975 (39799/40000), AUC 0.9984370470046997
ep36_train_time 13.689146126999958
Test Epoch36 layer0 Acc 0.7312, AUC 0.7802928686141968, avg_entr 0.05855393037199974, f1 0.7311999797821045
ep36_l0_test_time 0.26442258600002333
Test Epoch36 layer1 Acc 0.7372, AUC 0.7833089232444763, avg_entr 0.02665289305150509, f1 0.7372000217437744
ep36_l1_test_time 0.30250023000007786
Test Epoch36 layer2 Acc 0.7382, AUC 0.782422661781311, avg_entr 0.015856323763728142, f1 0.7382000684738159
ep36_l2_test_time 0.36352835100001357
Test Epoch36 layer3 Acc 0.7422, AUC 0.7880419492721558, avg_entr 0.012813991867005825, f1 0.7422000169754028
ep36_l3_test_time 0.44526790800000526
Test Epoch36 layer4 Acc 0.7414, AUC 0.784286618232727, avg_entr 0.010562996380031109, f1 0.7414000034332275
ep36_l4_test_time 0.5455324939999855
gc 0
Train Epoch37 Acc 0.995325 (39813/40000), AUC 0.9984824657440186
ep37_train_time 13.639561748000006
Test Epoch37 layer0 Acc 0.7314, AUC 0.7802451848983765, avg_entr 0.05944407358765602, f1 0.7314000129699707
ep37_l0_test_time 0.2726312739999912
Test Epoch37 layer1 Acc 0.7382, AUC 0.7834577560424805, avg_entr 0.027088666334748268, f1 0.7382000684738159
ep37_l1_test_time 0.30270519700002296
Test Epoch37 layer2 Acc 0.7386, AUC 0.7812787294387817, avg_entr 0.01549590565264225, f1 0.7386000156402588
ep37_l2_test_time 0.3642299739999544
Test Epoch37 layer3 Acc 0.7404, AUC 0.7863923907279968, avg_entr 0.012516660615801811, f1 0.7404000163078308
ep37_l3_test_time 0.45464356000002226
Test Epoch37 layer4 Acc 0.7406, AUC 0.7821860313415527, avg_entr 0.010169650427997112, f1 0.7405999302864075
ep37_l4_test_time 0.5484500709999338
gc 0
Train Epoch38 Acc 0.9953 (39812/40000), AUC 0.9985328912734985
ep38_train_time 13.617986548999966
Test Epoch38 layer0 Acc 0.7298, AUC 0.7802281379699707, avg_entr 0.060035258531570435, f1 0.7297999858856201
ep38_l0_test_time 0.26570075500001167
Test Epoch38 layer1 Acc 0.735, AUC 0.7826635241508484, avg_entr 0.025409424677491188, f1 0.7350000143051147
ep38_l1_test_time 0.30439210899999125
Test Epoch38 layer2 Acc 0.7354, AUC 0.7810454368591309, avg_entr 0.016151631250977516, f1 0.7354000210762024
ep38_l2_test_time 0.36347594699998353
Test Epoch38 layer3 Acc 0.7366, AUC 0.7866735458374023, avg_entr 0.013859080150723457, f1 0.7365999817848206
ep38_l3_test_time 0.44625766800004385
Test Epoch38 layer4 Acc 0.7372, AUC 0.7830360531806946, avg_entr 0.012012130580842495, f1 0.7372000217437744
ep38_l4_test_time 0.5484914910000498
gc 0
Train Epoch39 Acc 0.995375 (39815/40000), AUC 0.9985464811325073
ep39_train_time 13.599702309999998
Test Epoch39 layer0 Acc 0.733, AUC 0.779666543006897, avg_entr 0.05783485248684883, f1 0.7329999804496765
ep39_l0_test_time 0.2657965220000733
Test Epoch39 layer1 Acc 0.7376, AUC 0.7825959920883179, avg_entr 0.023753531277179718, f1 0.7376000285148621
ep39_l1_test_time 0.30260427700000037
Test Epoch39 layer2 Acc 0.7376, AUC 0.7817307710647583, avg_entr 0.016330085694789886, f1 0.7376000285148621
ep39_l2_test_time 0.3632513329999938
Test Epoch39 layer3 Acc 0.74, AUC 0.7867296934127808, avg_entr 0.012316705659031868, f1 0.7400000095367432
ep39_l3_test_time 0.44587128900002426
Test Epoch39 layer4 Acc 0.74, AUC 0.7833563685417175, avg_entr 0.010592248290777206, f1 0.7400000095367432
ep39_l4_test_time 0.5514586059999829
gc 0
Train Epoch40 Acc 0.995475 (39819/40000), AUC 0.9985249042510986
ep40_train_time 13.611964639000007
Test Epoch40 layer0 Acc 0.7314, AUC 0.7793846130371094, avg_entr 0.057891845703125, f1 0.7314000129699707
ep40_l0_test_time 0.26589611899999
Test Epoch40 layer1 Acc 0.737, AUC 0.7824856042861938, avg_entr 0.023944729939103127, f1 0.7369999885559082
ep40_l1_test_time 0.3086545170000363
Test Epoch40 layer2 Acc 0.738, AUC 0.7809486985206604, avg_entr 0.014708330854773521, f1 0.7379999160766602
ep40_l2_test_time 0.3652497890000177
Test Epoch40 layer3 Acc 0.7394, AUC 0.7863162755966187, avg_entr 0.011364245787262917, f1 0.7394000291824341
ep40_l3_test_time 0.4446921869999869
Test Epoch40 layer4 Acc 0.7406, AUC 0.7821702361106873, avg_entr 0.009814084507524967, f1 0.7405999302864075
ep40_l4_test_time 0.54924451699992
gc 0
Train Epoch41 Acc 0.9955 (39820/40000), AUC 0.9984795451164246
ep41_train_time 13.556820812999945
Test Epoch41 layer0 Acc 0.732, AUC 0.7794095277786255, avg_entr 0.058205194771289825, f1 0.7319999933242798
ep41_l0_test_time 0.2629607029999761
Test Epoch41 layer1 Acc 0.735, AUC 0.7821375131607056, avg_entr 0.024265635758638382, f1 0.7350000143051147
ep41_l1_test_time 0.30288427599998613
Test Epoch41 layer2 Acc 0.7372, AUC 0.779930591583252, avg_entr 0.014815607108175755, f1 0.7372000217437744
ep41_l2_test_time 0.36162162999994507
Test Epoch41 layer3 Acc 0.7394, AUC 0.7856098413467407, avg_entr 0.011052198708057404, f1 0.7394000291824341
ep41_l3_test_time 0.44335787200009236
Test Epoch41 layer4 Acc 0.74, AUC 0.7824066877365112, avg_entr 0.009732653386890888, f1 0.7400000095367432
ep41_l4_test_time 0.542865448999919
gc 0
Train Epoch42 Acc 0.9956 (39824/40000), AUC 0.9984531998634338
ep42_train_time 13.524554224999974
Test Epoch42 layer0 Acc 0.732, AUC 0.7794244885444641, avg_entr 0.05836399644613266, f1 0.7319999933242798
ep42_l0_test_time 0.26253397499999664
Test Epoch42 layer1 Acc 0.735, AUC 0.7820455431938171, avg_entr 0.025108881294727325, f1 0.7350000143051147
ep42_l1_test_time 0.30156867699997747
Test Epoch42 layer2 Acc 0.7372, AUC 0.7792660593986511, avg_entr 0.015271189622581005, f1 0.7372000217437744
ep42_l2_test_time 0.3630279110000174
Test Epoch42 layer3 Acc 0.741, AUC 0.7850733995437622, avg_entr 0.012532131746411324, f1 0.7409999370574951
ep42_l3_test_time 0.4427790319999758
Test Epoch42 layer4 Acc 0.741, AUC 0.7812141180038452, avg_entr 0.010630744509398937, f1 0.7409999370574951
ep42_l4_test_time 0.5513308749999624
gc 0
Train Epoch43 Acc 0.995625 (39825/40000), AUC 0.9985100030899048
ep43_train_time 13.57122510399995
Test Epoch43 layer0 Acc 0.7318, AUC 0.7793473601341248, avg_entr 0.05847027152776718, f1 0.7318000197410583
ep43_l0_test_time 0.2656735479999952
Test Epoch43 layer1 Acc 0.735, AUC 0.7818019390106201, avg_entr 0.024298565462231636, f1 0.7350000143051147
ep43_l1_test_time 0.3014858149999782
Test Epoch43 layer2 Acc 0.7366, AUC 0.7789903879165649, avg_entr 0.015904925763607025, f1 0.7365999817848206
ep43_l2_test_time 0.3624541629999385
Test Epoch43 layer3 Acc 0.739, AUC 0.7851839065551758, avg_entr 0.011550282128155231, f1 0.7390000820159912
ep43_l3_test_time 0.4444841459999225
Test Epoch43 layer4 Acc 0.7386, AUC 0.7821254134178162, avg_entr 0.010466102510690689, f1 0.7386000156402588
ep43_l4_test_time 0.5445549309999933
gc 0
Train Epoch44 Acc 0.995675 (39827/40000), AUC 0.9985731244087219
ep44_train_time 13.523518879999983
Test Epoch44 layer0 Acc 0.7318, AUC 0.779198408126831, avg_entr 0.058209724724292755, f1 0.7318000197410583
ep44_l0_test_time 0.26451593499996306
Test Epoch44 layer1 Acc 0.7346, AUC 0.781501829624176, avg_entr 0.023719100281596184, f1 0.7345999479293823
ep44_l1_test_time 0.30247426100004304
Test Epoch44 layer2 Acc 0.7358, AUC 0.7788872122764587, avg_entr 0.01505973655730486, f1 0.73580002784729
ep44_l2_test_time 0.3619651960000283
Test Epoch44 layer3 Acc 0.7392, AUC 0.7846990823745728, avg_entr 0.011215518228709698, f1 0.7391999959945679
ep44_l3_test_time 0.4423582360000182
Test Epoch44 layer4 Acc 0.7396, AUC 0.7809027433395386, avg_entr 0.010147042572498322, f1 0.7396000027656555
ep44_l4_test_time 0.544273139999973
gc 0
Train Epoch45 Acc 0.9958 (39832/40000), AUC 0.9985710382461548
ep45_train_time 13.623071077000077
Test Epoch45 layer0 Acc 0.7306, AUC 0.7790243625640869, avg_entr 0.057731274515390396, f1 0.7305999994277954
ep45_l0_test_time 0.26491032599994924
Test Epoch45 layer1 Acc 0.7362, AUC 0.7816504836082458, avg_entr 0.02362331561744213, f1 0.7361999750137329
ep45_l1_test_time 0.30130858600000465
Test Epoch45 layer2 Acc 0.7372, AUC 0.778580904006958, avg_entr 0.014056187123060226, f1 0.7372000217437744
ep45_l2_test_time 0.36292256100000486
Test Epoch45 layer3 Acc 0.7388, AUC 0.78399658203125, avg_entr 0.011746948584914207, f1 0.7387999892234802
ep45_l3_test_time 0.4430272280000054
Test Epoch45 layer4 Acc 0.7394, AUC 0.7796924114227295, avg_entr 0.010052689351141453, f1 0.7394000291824341
ep45_l4_test_time 0.5448962450000181
gc 0
Train Epoch46 Acc 0.9958 (39832/40000), AUC 0.9985865354537964
ep46_train_time 13.533834705999993
Test Epoch46 layer0 Acc 0.7312, AUC 0.7791100740432739, avg_entr 0.05776074156165123, f1 0.7311999797821045
ep46_l0_test_time 0.2633334409999861
Test Epoch46 layer1 Acc 0.735, AUC 0.7814855575561523, avg_entr 0.02359790727496147, f1 0.7350000143051147
ep46_l1_test_time 0.30068127399999867
Test Epoch46 layer2 Acc 0.7374, AUC 0.778360903263092, avg_entr 0.01505636889487505, f1 0.7373999953269958
ep46_l2_test_time 0.36249179100002493
Test Epoch46 layer3 Acc 0.7394, AUC 0.7841049432754517, avg_entr 0.010845871642231941, f1 0.7394000291824341
ep46_l3_test_time 0.44500887300000613
Test Epoch46 layer4 Acc 0.739, AUC 0.7797343730926514, avg_entr 0.009645053185522556, f1 0.7390000820159912
ep46_l4_test_time 0.5466214340000306
gc 0
Train Epoch47 Acc 0.9958 (39832/40000), AUC 0.9986158609390259
ep47_train_time 13.657169078000038
Test Epoch47 layer0 Acc 0.7312, AUC 0.7790945768356323, avg_entr 0.05766639485955238, f1 0.7311999797821045
ep47_l0_test_time 0.263586360999966
Test Epoch47 layer1 Acc 0.7354, AUC 0.7814748883247375, avg_entr 0.023225659504532814, f1 0.7354000210762024
ep47_l1_test_time 0.3013969219999808
Test Epoch47 layer2 Acc 0.7374, AUC 0.7782294750213623, avg_entr 0.014302272349596024, f1 0.7373999953269958
ep47_l2_test_time 0.36162586399996144
Test Epoch47 layer3 Acc 0.7404, AUC 0.7837657928466797, avg_entr 0.011140154674649239, f1 0.7404000163078308
ep47_l3_test_time 0.4455301699999836
Test Epoch47 layer4 Acc 0.7404, AUC 0.7794362902641296, avg_entr 0.009693318977952003, f1 0.7404000163078308
ep47_l4_test_time 0.5449016549999897
gc 0
Train Epoch48 Acc 0.99585 (39834/40000), AUC 0.998602032661438
ep48_train_time 13.688241001000051
Test Epoch48 layer0 Acc 0.731, AUC 0.7790321111679077, avg_entr 0.057592958211898804, f1 0.7310000061988831
ep48_l0_test_time 0.279028662000087
Test Epoch48 layer1 Acc 0.7354, AUC 0.7814366817474365, avg_entr 0.023416541516780853, f1 0.7354000210762024
ep48_l1_test_time 0.3044054759999426
Test Epoch48 layer2 Acc 0.7372, AUC 0.7780200242996216, avg_entr 0.013854634016752243, f1 0.7372000217437744
ep48_l2_test_time 0.3637272700000267
Test Epoch48 layer3 Acc 0.7394, AUC 0.7836263179779053, avg_entr 0.01147657260298729, f1 0.7394000291824341
ep48_l3_test_time 0.44492384699992726
Test Epoch48 layer4 Acc 0.74, AUC 0.7795020341873169, avg_entr 0.009801558218896389, f1 0.7400000095367432
ep48_l4_test_time 0.5465113379999593
gc 0
Train Epoch49 Acc 0.995875 (39835/40000), AUC 0.9986165165901184
ep49_train_time 13.65537443300002
Test Epoch49 layer0 Acc 0.7302, AUC 0.7789813280105591, avg_entr 0.05765640735626221, f1 0.7301999926567078
ep49_l0_test_time 0.26442778499995256
Test Epoch49 layer1 Acc 0.7348, AUC 0.7813215255737305, avg_entr 0.023453818634152412, f1 0.7347999811172485
ep49_l1_test_time 0.30198592199997165
Test Epoch49 layer2 Acc 0.7364, AUC 0.7777884006500244, avg_entr 0.01426025666296482, f1 0.7364000082015991
ep49_l2_test_time 0.36812502300006145
Test Epoch49 layer3 Acc 0.7396, AUC 0.7835772037506104, avg_entr 0.011610209941864014, f1 0.7396000027656555
ep49_l3_test_time 0.4428863089999595
Test Epoch49 layer4 Acc 0.7402, AUC 0.7790257930755615, avg_entr 0.010008594952523708, f1 0.7401999831199646
ep49_l4_test_time 0.5452994989999524
Best AUC tensor(0.7758) 14 4
train_as_loss [[8.62746567e+01 5.89753621e+01 5.20706408e+01 5.04470034e+01
  4.98768196e+01 4.96167660e+01 4.94775539e+01 4.93946755e+01
  4.93414786e+01 4.93053751e+01 4.92797902e+01 4.92610311e+01
  4.92468885e+01 4.92359805e+01 4.92274038e+01 4.92205498e+01
  4.92149953e+01 4.92114544e+01 4.92093154e+01 4.92072996e+01
  4.92054043e+01 4.92040507e+01 4.92031600e+01 4.92022664e+01
  4.92013764e+01 4.92007076e+01 4.92002490e+01 4.91997772e+01
  4.91992900e+01 4.91989166e+01 4.91986544e+01 4.91983779e+01
  4.91980916e+01 4.91978666e+01 4.91977058e+01 4.91975363e+01
  4.91973553e+01 4.91972202e+01 4.91971157e+01 4.91970076e+01
  4.91968963e+01 4.91968053e+01 4.91967416e+01 4.91966674e+01
  4.91965976e+01 4.91965312e+01 4.91964964e+01 4.91964493e+01
  4.91963940e+01 4.91963600e+01]
 [2.68153343e+00 5.35965608e-04 3.33671463e-05 8.95711997e-06
  3.31440102e-06 1.58690642e-06 8.85664417e-07 5.06958102e-07
  2.92192939e-07 1.89786905e-07 1.30392522e-07 8.62961471e-08
  6.57398323e-08 4.64423797e-08 1.70231298e-07 4.91584264e-07
  1.10218592e-07 1.74418644e-07 1.23518363e-08 1.06019101e-08
  9.59860591e-09 7.99101975e-09 7.22524691e-09 6.70381868e-09
  6.13887467e-09 5.39111941e-09 4.96326615e-09 5.04268878e-09
  4.77304927e-09 4.26823000e-09 4.14286333e-09 4.04843696e-09
  3.89733712e-09 3.63214851e-09 3.56468186e-09 3.48595175e-09
  3.40856841e-09 3.27667397e-09 3.20256164e-09 3.15863480e-09
  3.09487213e-09 3.01446101e-09 2.94179403e-09 2.86590639e-09
  2.78445342e-09 2.88728147e-09 2.80862030e-09 2.71550948e-09
  2.57228948e-09 2.83470127e-09]
 [2.12222105e+00 4.60167022e-04 1.91866299e-05 5.37974935e-06
  2.08402114e-06 1.10825547e-06 6.82309413e-07 4.07764645e-07
  2.41635906e-07 1.65766688e-07 1.27762481e-07 8.67762429e-08
  7.37333697e-08 5.03932546e-08 8.00025438e-08 3.25513136e-07
  5.60352861e-08 9.71132759e-08 3.62658919e-07 1.29659875e-08
  1.18942984e-08 3.82640369e-09 2.63178874e-09 7.82535004e-09
  6.43856862e-09 1.97863704e-09 1.45411885e-09 5.56812692e-09
  5.10240860e-09 1.30691585e-09 1.14483831e-09 4.34795888e-09
  3.99576801e-09 9.79575490e-10 9.46480034e-10 3.58480011e-09
  3.46985039e-09 8.63553160e-10 8.13773926e-10 3.12481841e-09
  3.08340317e-09 8.00146528e-10 7.31689253e-10 2.69891934e-09
  2.69470795e-09 7.67948443e-10 6.81301265e-10 2.37281755e-09
  2.38805397e-09 7.81847221e-10]
 [2.07031020e+00 1.03425041e-03 2.57937213e-05 7.33050404e-06
  2.62232888e-06 1.43736761e-06 9.52945123e-07 5.35397750e-07
  3.09741800e-07 2.14570867e-07 1.89055171e-07 1.38140495e-07
  1.36069770e-07 8.55974351e-08 8.96994281e-08 9.55069500e-08
  8.27519179e-08 1.52217356e-07 6.33524393e-08 1.81123915e-08
  1.99418329e-08 9.32714962e-09 4.78362676e-09 9.06250708e-09
  6.54760567e-09 3.25180388e-09 1.71660531e-09 5.33581696e-09
  5.05464779e-09 1.60210176e-09 1.11647248e-09 3.80746492e-09
  3.36383352e-09 9.60876838e-10 8.20915041e-10 2.88149137e-09
  2.83864637e-09 7.70042072e-10 6.59867271e-10 2.45455774e-09
  2.47740295e-09 7.05919853e-10 5.85018889e-10 2.11130086e-09
  2.14334518e-09 7.01091943e-10 5.92443198e-10 1.98311238e-09
  1.98737339e-09 7.52549175e-10]
 [1.91341347e+00 4.04874327e-03 2.72055278e-05 8.88614014e-06
  2.93765514e-06 1.82068039e-06 1.35105221e-06 7.60954400e-07
  4.19566459e-07 3.06182038e-07 3.19239574e-07 2.45761846e-07
  2.71588833e-07 1.67842749e-07 1.97381313e-07 1.90988607e-07
  2.20608189e-07 4.06053596e-07 1.07744998e-07 3.18938551e-08
  3.71224028e-08 2.43233107e-08 1.08591684e-08 1.25664506e-08
  7.05726760e-09 5.47966475e-09 2.69626266e-09 5.22706773e-09
  5.31676871e-09 2.06982516e-09 1.13782426e-09 3.20526435e-09
  2.59114422e-09 8.86563917e-10 6.47198473e-10 1.98792587e-09
  2.01851457e-09 5.81187525e-10 4.48675088e-10 1.59971063e-09
  1.65779776e-09 5.10407662e-10 3.82512894e-10 1.34156148e-09
  1.36490522e-09 4.64317302e-10 3.92269155e-10 1.24472806e-09
  1.26633375e-09 4.95096496e-10]]
train_ae_loss [[2.91744283 3.24051904 4.7183918  5.72461031 6.21046448 6.32002531
  6.25413852 6.04793803 5.85610762 5.67677279 5.43991621 5.27644373
  4.92215331 4.65667458 4.30513408 3.99615077 3.64928367 2.99702745
  2.74306601 2.45484081 2.37576963 1.99172294 1.86031567 1.77625806
  1.6814744  1.55180632 1.4852704  1.44897291 1.39692122 1.3428611
  1.32998069 1.30909635 1.29053176 1.25971732 1.25145548 1.24016012
  1.23178984 1.21319469 1.21436232 1.20865597 1.20263639 1.19380688
  1.19569886 1.1925264  1.19139082 1.18296949 1.18615206 1.18915472
  1.18799434 1.18235651]
 [2.10433425 2.70178081 3.91872167 4.76492476 5.30058928 5.23401213
  5.07125623 4.85362905 4.65978403 4.48941059 4.20566849 4.08214383
  3.71984093 3.46798175 3.05934192 2.74599937 2.36209364 1.76592001
  1.53047091 1.30473965 1.24413156 0.93658166 0.83715626 0.76375279
  0.70343183 0.60767592 0.56489811 0.54221757 0.51121022 0.47575087
  0.45985067 0.44897326 0.43919829 0.41874381 0.41483249 0.40493202
  0.39961763 0.38743352 0.38941069 0.38175147 0.37862049 0.37342603
  0.37446872 0.3713179  0.37120681 0.36647221 0.36603254 0.36910237
  0.36649407 0.36283143]
 [1.91524945 2.61976243 3.7578281  4.5334806  5.01580995 4.9514406
  4.7534157  4.49225644 4.27187454 4.07857124 3.78062619 3.65518667
  3.29145427 3.03071927 2.61732202 2.32972926 1.97531884 1.47504779
  1.20095677 0.96022538 0.9153815  0.659529   0.56122694 0.47232905
  0.42821893 0.35980674 0.32876094 0.30582822 0.28022354 0.25850923
  0.2468349  0.23389059 0.22842357 0.21606858 0.21456197 0.20481484
  0.19973354 0.1931455  0.19696073 0.18954011 0.18511795 0.18277756
  0.18117669 0.1790707  0.17936266 0.17679978 0.17602484 0.17636501
  0.17568612 0.17269881]
 [1.75004324 2.60910277 3.77630894 4.58288433 5.16777928 5.26502237
  4.87300053 4.58411425 4.35270392 4.14775296 3.83801637 3.73364262
  3.36321635 3.10970815 2.67208556 2.39051774 2.04317134 1.521247
  1.22075293 0.96079225 0.91317139 0.64174964 0.54661107 0.44945283
  0.40775414 0.34094743 0.31050015 0.28272204 0.25750467 0.23566783
  0.22633381 0.21168212 0.20613516 0.19454537 0.19300582 0.18188635
  0.18046748 0.17232504 0.17651059 0.1689127  0.16458931 0.16330692
  0.16156186 0.15936367 0.16013018 0.15766112 0.157025   0.15759924
  0.15726889 0.15393628]
 [1.33238728 1.96655727 2.82505055 3.41384961 3.84025847 4.17128472
  4.25710997 3.60660583 3.35711767 3.14015791 2.89680014 2.806402
  2.52843723 2.34206076 1.98344095 1.78082747 1.54226539 1.13868231
  0.91259415 0.70519762 0.66981895 0.47147335 0.39852108 0.32475238
  0.29343692 0.24547127 0.22327719 0.20159525 0.1838121  0.16776228
  0.16086746 0.14990589 0.14590903 0.13712234 0.13809334 0.12864826
  0.12820847 0.12198523 0.12533678 0.12013797 0.11639336 0.11543833
  0.11412329 0.11302684 0.1135986  0.11140572 0.11094313 0.11087643
  0.11152424 0.10875813]]
valid_acc (5, 50)
valid_AUC (5, 50)
train_acc (50,)
total_train+valid_time 785.711339076
Start Testing
Load ckpt at ckpt/imdb_lstmalside_l5_256_sidead//imdb_lstmalside_l5_side.pt
gc 10
Test layer0 Acc 0.7456, AUC 0.817986249923706, avg_entr 0.1556667685508728, f1 0.7455999851226807
l0_test_time 0.26913487500007705
gc 0
Test layer1 Acc 0.7778, AUC 0.848673403263092, avg_entr 0.13269689679145813, f1 0.7778000235557556
l1_test_time 0.3055044820000603
gc 0
Test layer2 Acc 0.7818, AUC 0.8597868084907532, avg_entr 0.11800502985715866, f1 0.7817999720573425
l2_test_time 0.3723267269999724
gc 0
Test layer3 Acc 0.7886, AUC 0.8663299083709717, avg_entr 0.1060204952955246, f1 0.7886000275611877
l3_test_time 0.4471901129999196
gc 0
Test layer4 Acc 0.7882, AUC 0.8698061108589172, avg_entr 0.09383631497621536, f1 0.7882000207901001
l4_test_time 0.5522562230000858
gc 0
Test threshold 0.1 Acc 0.7852, AUC 0.8388789892196655, avg_entr 0.09952346235513687, f1 0.7851999998092651
t0.1_test_time 0.4781633640000109
gc 0
Test threshold 0.2 Acc 0.7804, AUC 0.8328832387924194, avg_entr 0.09788893163204193, f1 0.7803999781608582
t0.2_test_time 0.461261573999991
gc 0
Test threshold 0.3 Acc 0.7792, AUC 0.829224705696106, avg_entr 0.10492967814207077, f1 0.7791999578475952
t0.3_test_time 0.4553570300000729
gc 0
Test threshold 0.4 Acc 0.7752, AUC 0.8256500959396362, avg_entr 0.11345074325799942, f1 0.7752000093460083
t0.4_test_time 0.4514057720000437
gc 0
Test threshold 0.5 Acc 0.7748, AUC 0.8248773813247681, avg_entr 0.12506628036499023, f1 0.7748000025749207
t0.5_test_time 0.44564669800001866
gc 0
Test threshold 0.6 Acc 0.7712, AUC 0.8242844343185425, avg_entr 0.13600194454193115, f1 0.7712000012397766
t0.6_test_time 0.4418225880000364
gc 0
Test threshold 0.7 Acc 0.7688, AUC 0.822961688041687, avg_entr 0.14931383728981018, f1 0.7688000202178955
t0.7_test_time 0.4236603340000329
gc 0
Test threshold 0.8 Acc 0.7634, AUC 0.8234484195709229, avg_entr 0.16420778632164001, f1 0.7634000182151794
t0.8_test_time 0.4054259680000314
gc 0
Test threshold 0.9 Acc 0.7602, AUC 0.8224395513534546, avg_entr 0.18375875055789948, f1 0.7602000832557678
t0.9_test_time 0.35720837099995606
