total count words 222751
vocab size 30000
train size 40000, valid size 5000, test size 5000
found 27937 words in glove
model: LSTMALsideText(
  (layers): ModuleList(
    (0): LSTMLayer(
      (enc): ENC(
        (b): Sequential(
          (0): Linear(in_features=300, out_features=128, bias=True)
          (1): Tanh()
        )
        (f): LSTM(300, 300, batch_first=True)
        (cri): MSELoss()
      )
      (ae): AE(
        (g): Sequential(
          (0): Linear(in_features=2, out_features=128, bias=True)
          (1): Tanh()
        )
        (h): Sequential(
          (0): Linear(in_features=128, out_features=2, bias=True)
          (1): Sigmoid()
        )
        (cri): CrossEntropyLoss()
      )
    )
    (1): LSTMLayer(
      (enc): ENC(
        (b): Sequential(
          (0): Linear(in_features=300, out_features=128, bias=True)
          (1): Tanh()
        )
        (f): LSTM(300, 300, batch_first=True)
        (cri): MSELoss()
      )
      (ae): AE(
        (g): Sequential(
          (0): Linear(in_features=128, out_features=128, bias=True)
          (1): Tanh()
        )
        (h): Sequential(
          (0): Linear(in_features=128, out_features=128, bias=True)
        )
        (cri): MSELoss()
      )
    )
    (2): LSTMLayer(
      (enc): ENC(
        (b): Sequential(
          (0): Linear(in_features=300, out_features=128, bias=True)
          (1): Tanh()
        )
        (f): LSTM(300, 300, batch_first=True)
        (cri): MSELoss()
      )
      (ae): AE(
        (g): Sequential(
          (0): Linear(in_features=128, out_features=128, bias=True)
          (1): Tanh()
        )
        (h): Sequential(
          (0): Linear(in_features=128, out_features=128, bias=True)
        )
        (cri): MSELoss()
      )
    )
    (3): LSTMLayer(
      (enc): ENC(
        (b): Sequential(
          (0): Linear(in_features=300, out_features=128, bias=True)
          (1): Tanh()
        )
        (f): LSTM(300, 300, batch_first=True)
        (cri): MSELoss()
      )
      (ae): AE(
        (g): Sequential(
          (0): Linear(in_features=128, out_features=128, bias=True)
          (1): Tanh()
        )
        (h): Sequential(
          (0): Linear(in_features=128, out_features=128, bias=True)
        )
        (cri): MSELoss()
      )
    )
    (4): LSTMLayer(
      (enc): ENC(
        (b): Sequential(
          (0): Linear(in_features=300, out_features=128, bias=True)
          (1): Tanh()
        )
        (f): LSTM(300, 300, batch_first=True)
        (cri): MSELoss()
      )
      (ae): AE(
        (g): Sequential(
          (0): Linear(in_features=128, out_features=128, bias=True)
          (1): Tanh()
        )
        (h): Sequential(
          (0): Linear(in_features=128, out_features=128, bias=True)
        )
        (cri): MSELoss()
      )
    )
  )
  (emb_layers): ModuleList(
    (0): Embedding(30000, 300)
    (1): Embedding(30000, 300)
    (2): Embedding(30000, 300)
    (3): Embedding(30000, 300)
    (4): Embedding(30000, 300)
  )
)
layers.0.enc.b.0.weight 38400
layers.0.enc.b.0.bias 128
layers.0.enc.f.weight_ih_l0 360000
layers.0.enc.f.weight_hh_l0 360000
layers.0.enc.f.bias_ih_l0 1200
layers.0.enc.f.bias_hh_l0 1200
layers.0.ae.g.0.weight 256
layers.0.ae.g.0.bias 128
layers.0.ae.h.0.weight 256
layers.0.ae.h.0.bias 2
layers.1.enc.b.0.weight 38400
layers.1.enc.b.0.bias 128
layers.1.enc.f.weight_ih_l0 360000
layers.1.enc.f.weight_hh_l0 360000
layers.1.enc.f.bias_ih_l0 1200
layers.1.enc.f.bias_hh_l0 1200
layers.1.ae.g.0.weight 16384
layers.1.ae.g.0.bias 128
layers.1.ae.h.0.weight 16384
layers.1.ae.h.0.bias 128
layers.2.enc.b.0.weight 38400
layers.2.enc.b.0.bias 128
layers.2.enc.f.weight_ih_l0 360000
layers.2.enc.f.weight_hh_l0 360000
layers.2.enc.f.bias_ih_l0 1200
layers.2.enc.f.bias_hh_l0 1200
layers.2.ae.g.0.weight 16384
layers.2.ae.g.0.bias 128
layers.2.ae.h.0.weight 16384
layers.2.ae.h.0.bias 128
layers.3.enc.b.0.weight 38400
layers.3.enc.b.0.bias 128
layers.3.enc.f.weight_ih_l0 360000
layers.3.enc.f.weight_hh_l0 360000
layers.3.enc.f.bias_ih_l0 1200
layers.3.enc.f.bias_hh_l0 1200
layers.3.ae.g.0.weight 16384
layers.3.ae.g.0.bias 128
layers.3.ae.h.0.weight 16384
layers.3.ae.h.0.bias 128
layers.4.enc.b.0.weight 38400
layers.4.enc.b.0.bias 128
layers.4.enc.f.weight_ih_l0 360000
layers.4.enc.f.weight_hh_l0 360000
layers.4.enc.f.bias_ih_l0 1200
layers.4.enc.f.bias_hh_l0 1200
layers.4.ae.g.0.weight 16384
layers.4.ae.g.0.bias 128
layers.4.ae.h.0.weight 16384
layers.4.ae.h.0.bias 128
emb_layers.0.weight 9000000
emb_layers.1.weight 9000000
emb_layers.2.weight 9000000
emb_layers.3.weight 9000000
emb_layers.4.weight 9000000
Total Trainable Params: 48937378
init_time 22.357551971
Start Training
gc 0
Train Epoch0 Acc 0.5043 (20172/40000), AUC 0.503666877746582
ep0_train_time 13.867195276
Test Epoch0 layer0 Acc 0.5106, AUC 0.5101518034934998, avg_entr 0.6950560212135315, f1 0.5105999708175659
ep0_l0_test_time 0.2665255980000012
Save ckpt to ckpt/imdb_lstmalside_l5_256_sidead//imdb_lstmalside_l5_side.pt  ,ep 0
Test Epoch0 layer1 Acc 0.526, AUC 0.5232945680618286, avg_entr 0.6948413848876953, f1 0.5260000228881836
ep0_l1_test_time 0.30662166500000154
Save ckpt to ckpt/imdb_lstmalside_l5_256_sidead//imdb_lstmalside_l5_side.pt  ,ep 0
Test Epoch0 layer2 Acc 0.5052, AUC 0.5184516906738281, avg_entr 0.6951664090156555, f1 0.5052000284194946
ep0_l2_test_time 0.3661838660000001
Test Epoch0 layer3 Acc 0.494, AUC 0.49819546937942505, avg_entr 0.6952241063117981, f1 0.49399998784065247
ep0_l3_test_time 0.44461562600000093
Test Epoch0 layer4 Acc 0.4978, AUC 0.4986606240272522, avg_entr 0.6946340799331665, f1 0.49779999256134033
ep0_l4_test_time 0.5487006620000017
gc 0
Train Epoch1 Acc 0.512275 (20491/40000), AUC 0.5140905380249023
ep1_train_time 13.568850298000001
Test Epoch1 layer0 Acc 0.515, AUC 0.5175888538360596, avg_entr 0.6943601369857788, f1 0.5149999856948853
ep1_l0_test_time 0.2676154880000041
Test Epoch1 layer1 Acc 0.5208, AUC 0.5276864767074585, avg_entr 0.6937198042869568, f1 0.520799994468689
ep1_l1_test_time 0.30442054400000274
Test Epoch1 layer2 Acc 0.5262, AUC 0.5320276021957397, avg_entr 0.6939484477043152, f1 0.526199996471405
ep1_l2_test_time 0.36561085900000023
Save ckpt to ckpt/imdb_lstmalside_l5_256_sidead//imdb_lstmalside_l5_side.pt  ,ep 1
Test Epoch1 layer3 Acc 0.5006, AUC 0.5010128021240234, avg_entr 0.6944100856781006, f1 0.5005999803543091
ep1_l3_test_time 0.446267136000003
Test Epoch1 layer4 Acc 0.5042, AUC 0.5075123310089111, avg_entr 0.6940522789955139, f1 0.5041999816894531
ep1_l4_test_time 0.5456163220000008
gc 0
Train Epoch2 Acc 0.514075 (20563/40000), AUC 0.522446870803833
ep2_train_time 13.563626583000001
Test Epoch2 layer0 Acc 0.5122, AUC 0.5196073055267334, avg_entr 0.6880235075950623, f1 0.5121999979019165
ep2_l0_test_time 0.2661605150000099
Test Epoch2 layer1 Acc 0.5192, AUC 0.5319604873657227, avg_entr 0.6853465437889099, f1 0.5192000269889832
ep2_l1_test_time 0.3042428770000072
Test Epoch2 layer2 Acc 0.5116, AUC 0.5386440753936768, avg_entr 0.6876966953277588, f1 0.5116000175476074
ep2_l2_test_time 0.363591612999997
Test Epoch2 layer3 Acc 0.5012, AUC 0.508080244064331, avg_entr 0.6897357702255249, f1 0.5012000203132629
ep2_l3_test_time 0.44490189399999736
Test Epoch2 layer4 Acc 0.5108, AUC 0.5209090709686279, avg_entr 0.6896000504493713, f1 0.5108000040054321
ep2_l4_test_time 0.546571881999995
gc 0
Train Epoch3 Acc 0.51675 (20670/40000), AUC 0.5293562412261963
ep3_train_time 13.59116659899999
Test Epoch3 layer0 Acc 0.5178, AUC 0.52360600233078, avg_entr 0.6805402636528015, f1 0.517799973487854
ep3_l0_test_time 0.26597041700000545
Test Epoch3 layer1 Acc 0.523, AUC 0.5364956855773926, avg_entr 0.6794951558113098, f1 0.5230000019073486
ep3_l1_test_time 0.30860157000000754
Test Epoch3 layer2 Acc 0.5308, AUC 0.5438389778137207, avg_entr 0.6823212504386902, f1 0.5307999849319458
ep3_l2_test_time 0.3641348609999966
Save ckpt to ckpt/imdb_lstmalside_l5_256_sidead//imdb_lstmalside_l5_side.pt  ,ep 3
Test Epoch3 layer3 Acc 0.5048, AUC 0.5103951692581177, avg_entr 0.6885601282119751, f1 0.504800021648407
ep3_l3_test_time 0.4465929870000025
Test Epoch3 layer4 Acc 0.511, AUC 0.5252885222434998, avg_entr 0.690512478351593, f1 0.5109999775886536
ep3_l4_test_time 0.5492713080000016
gc 0
Train Epoch4 Acc 0.5237 (20948/40000), AUC 0.5373142957687378
ep4_train_time 13.686342308000008
Test Epoch4 layer0 Acc 0.5412, AUC 0.5782662630081177, avg_entr 0.5910677909851074, f1 0.5411999821662903
ep4_l0_test_time 0.26825898700001005
Save ckpt to ckpt/imdb_lstmalside_l5_256_sidead//imdb_lstmalside_l5_side.pt  ,ep 4
Test Epoch4 layer1 Acc 0.563, AUC 0.5886058807373047, avg_entr 0.622014582157135, f1 0.5630000233650208
ep4_l1_test_time 0.30892473500000506
Save ckpt to ckpt/imdb_lstmalside_l5_256_sidead//imdb_lstmalside_l5_side.pt  ,ep 4
Test Epoch4 layer2 Acc 0.5334, AUC 0.5886242389678955, avg_entr 0.5938403010368347, f1 0.5333999991416931
ep4_l2_test_time 0.36778665300001023
Test Epoch4 layer3 Acc 0.5094, AUC 0.5209305286407471, avg_entr 0.6751195788383484, f1 0.5094000101089478
ep4_l3_test_time 0.45537558200000205
Test Epoch4 layer4 Acc 0.512, AUC 0.5176293849945068, avg_entr 0.6848819851875305, f1 0.5120000243186951
ep4_l4_test_time 0.5464229800000027
gc 0
Train Epoch5 Acc 0.528925 (21157/40000), AUC 0.5460351705551147
ep5_train_time 13.674210465000002
Test Epoch5 layer0 Acc 0.629, AUC 0.6879995465278625, avg_entr 0.4762490689754486, f1 0.6290000081062317
ep5_l0_test_time 0.26777090299999884
Save ckpt to ckpt/imdb_lstmalside_l5_256_sidead//imdb_lstmalside_l5_side.pt  ,ep 5
Test Epoch5 layer1 Acc 0.6444, AUC 0.7098692655563354, avg_entr 0.4537429213523865, f1 0.6444000005722046
ep5_l1_test_time 0.3056529360000013
Save ckpt to ckpt/imdb_lstmalside_l5_256_sidead//imdb_lstmalside_l5_side.pt  ,ep 5
Test Epoch5 layer2 Acc 0.6598, AUC 0.7259896993637085, avg_entr 0.41322919726371765, f1 0.6597999930381775
ep5_l2_test_time 0.366261116000004
Save ckpt to ckpt/imdb_lstmalside_l5_256_sidead//imdb_lstmalside_l5_side.pt  ,ep 5
Test Epoch5 layer3 Acc 0.572, AUC 0.6603583097457886, avg_entr 0.5796563029289246, f1 0.5720000267028809
ep5_l3_test_time 0.45533376600000963
Test Epoch5 layer4 Acc 0.5128, AUC 0.5809606313705444, avg_entr 0.6677778959274292, f1 0.5127999782562256
ep5_l4_test_time 0.5467202029999925
gc 0
Train Epoch6 Acc 0.6237 (24948/40000), AUC 0.6738393306732178
ep6_train_time 13.607785077000003
Test Epoch6 layer0 Acc 0.669, AUC 0.7273176908493042, avg_entr 0.3756914734840393, f1 0.6690000295639038
ep6_l0_test_time 0.2650452929999858
Save ckpt to ckpt/imdb_lstmalside_l5_256_sidead//imdb_lstmalside_l5_side.pt  ,ep 6
Test Epoch6 layer1 Acc 0.6866, AUC 0.7546361684799194, avg_entr 0.35993215441703796, f1 0.6866000294685364
ep6_l1_test_time 0.30461327800000504
Save ckpt to ckpt/imdb_lstmalside_l5_256_sidead//imdb_lstmalside_l5_side.pt  ,ep 6
Test Epoch6 layer2 Acc 0.702, AUC 0.769690990447998, avg_entr 0.3613901734352112, f1 0.7020000219345093
ep6_l2_test_time 0.3676276660000042
Save ckpt to ckpt/imdb_lstmalside_l5_256_sidead//imdb_lstmalside_l5_side.pt  ,ep 6
Test Epoch6 layer3 Acc 0.6946, AUC 0.7660874128341675, avg_entr 0.35170978307724, f1 0.694599986076355
ep6_l3_test_time 0.45487894199999346
Test Epoch6 layer4 Acc 0.6978, AUC 0.7585971355438232, avg_entr 0.3580377995967865, f1 0.6977999806404114
ep6_l4_test_time 0.5629450469999995
gc 0
Train Epoch7 Acc 0.7206 (28824/40000), AUC 0.7878014445304871
ep7_train_time 13.677048874000008
Test Epoch7 layer0 Acc 0.6628, AUC 0.7491809725761414, avg_entr 0.353580504655838, f1 0.6628000140190125
ep7_l0_test_time 0.2684406209999963
Test Epoch7 layer1 Acc 0.692, AUC 0.7773096561431885, avg_entr 0.32855162024497986, f1 0.6919999718666077
ep7_l1_test_time 0.30538808899999026
Test Epoch7 layer2 Acc 0.7096, AUC 0.7935511469841003, avg_entr 0.3137317895889282, f1 0.7095999717712402
ep7_l2_test_time 0.3658722019999914
Save ckpt to ckpt/imdb_lstmalside_l5_256_sidead//imdb_lstmalside_l5_side.pt  ,ep 7
Test Epoch7 layer3 Acc 0.6998, AUC 0.789230227470398, avg_entr 0.27436235547065735, f1 0.6998000144958496
ep7_l3_test_time 0.4475333550000187
Test Epoch7 layer4 Acc 0.7048, AUC 0.7892286777496338, avg_entr 0.28443384170532227, f1 0.704800009727478
ep7_l4_test_time 0.5461168369999996
gc 0
Train Epoch8 Acc 0.766425 (30657/40000), AUC 0.8415461778640747
ep8_train_time 13.695400260000014
Test Epoch8 layer0 Acc 0.6938, AUC 0.766937792301178, avg_entr 0.29338085651397705, f1 0.6937999725341797
ep8_l0_test_time 0.26653955399999063
Test Epoch8 layer1 Acc 0.7054, AUC 0.7956365346908569, avg_entr 0.23612116277217865, f1 0.7053999900817871
ep8_l1_test_time 0.306721103000001
Test Epoch8 layer2 Acc 0.721, AUC 0.8091186881065369, avg_entr 0.21675625443458557, f1 0.7210000157356262
ep8_l2_test_time 0.3671638720000203
Save ckpt to ckpt/imdb_lstmalside_l5_256_sidead//imdb_lstmalside_l5_side.pt  ,ep 8
Test Epoch8 layer3 Acc 0.7228, AUC 0.8090815544128418, avg_entr 0.2011776715517044, f1 0.7227999567985535
ep8_l3_test_time 0.446275270000001
Save ckpt to ckpt/imdb_lstmalside_l5_256_sidead//imdb_lstmalside_l5_side.pt  ,ep 8
Test Epoch8 layer4 Acc 0.7198, AUC 0.8104392290115356, avg_entr 0.2143288552761078, f1 0.7197999358177185
ep8_l4_test_time 0.546417181999999
gc 0
Train Epoch9 Acc 0.78765 (31506/40000), AUC 0.865761399269104
ep9_train_time 13.672342470000018
Test Epoch9 layer0 Acc 0.7078, AUC 0.7851139307022095, avg_entr 0.2599231004714966, f1 0.7077999711036682
ep9_l0_test_time 0.2659691430000066
Test Epoch9 layer1 Acc 0.732, AUC 0.8132622241973877, avg_entr 0.22554230690002441, f1 0.7319999933242798
ep9_l1_test_time 0.30507547900000986
Save ckpt to ckpt/imdb_lstmalside_l5_256_sidead//imdb_lstmalside_l5_side.pt  ,ep 9
Test Epoch9 layer2 Acc 0.747, AUC 0.8265479803085327, avg_entr 0.20959556102752686, f1 0.746999979019165
ep9_l2_test_time 0.3703889709999828
Save ckpt to ckpt/imdb_lstmalside_l5_256_sidead//imdb_lstmalside_l5_side.pt  ,ep 9
Test Epoch9 layer3 Acc 0.7438, AUC 0.8291905522346497, avg_entr 0.20865468680858612, f1 0.7437999248504639
ep9_l3_test_time 0.4472970819999773
Test Epoch9 layer4 Acc 0.752, AUC 0.8286334276199341, avg_entr 0.21458300948143005, f1 0.7519999742507935
ep9_l4_test_time 0.5486118500000146
Save ckpt to ckpt/imdb_lstmalside_l5_256_sidead//imdb_lstmalside_l5_side.pt  ,ep 9
gc 0
Train Epoch10 Acc 0.807175 (32287/40000), AUC 0.8834971189498901
ep10_train_time 13.662117467000002
Test Epoch10 layer0 Acc 0.7122, AUC 0.7966769337654114, avg_entr 0.21983937919139862, f1 0.7121999263763428
ep10_l0_test_time 0.26709345799997664
Test Epoch10 layer1 Acc 0.7352, AUC 0.8228820562362671, avg_entr 0.1858890950679779, f1 0.7351999282836914
ep10_l1_test_time 0.30626824399999464
Test Epoch10 layer2 Acc 0.746, AUC 0.8349294662475586, avg_entr 0.1727561503648758, f1 0.7459999918937683
ep10_l2_test_time 0.3664720920000093
Test Epoch10 layer3 Acc 0.7564, AUC 0.8385822176933289, avg_entr 0.17448872327804565, f1 0.7563999891281128
ep10_l3_test_time 0.4483270270000048
Save ckpt to ckpt/imdb_lstmalside_l5_256_sidead//imdb_lstmalside_l5_side.pt  ,ep 10
Test Epoch10 layer4 Acc 0.7512, AUC 0.8357244729995728, avg_entr 0.18209630250930786, f1 0.7512000203132629
ep10_l4_test_time 0.5480220789999919
gc 0
Train Epoch11 Acc 0.832225 (33289/40000), AUC 0.9083261489868164
ep11_train_time 13.692397250999989
Test Epoch11 layer0 Acc 0.7022, AUC 0.803556501865387, avg_entr 0.1808127760887146, f1 0.7021999955177307
ep11_l0_test_time 0.2652253059999907
Test Epoch11 layer1 Acc 0.7212, AUC 0.8291696906089783, avg_entr 0.14790692925453186, f1 0.7211999893188477
ep11_l1_test_time 0.3037638890000096
Test Epoch11 layer2 Acc 0.738, AUC 0.840044379234314, avg_entr 0.13887420296669006, f1 0.7379999160766602
ep11_l2_test_time 0.36437646299998505
Test Epoch11 layer3 Acc 0.7434, AUC 0.8420138359069824, avg_entr 0.1358749121427536, f1 0.743399977684021
ep11_l3_test_time 0.4454360320000035
Test Epoch11 layer4 Acc 0.744, AUC 0.8406289219856262, avg_entr 0.13882355391979218, f1 0.7439999580383301
ep11_l4_test_time 0.5492505409999922
gc 0
Train Epoch12 Acc 0.849 (33960/40000), AUC 0.9231716394424438
ep12_train_time 13.630888026000008
Test Epoch12 layer0 Acc 0.7278, AUC 0.8069711923599243, avg_entr 0.17208054661750793, f1 0.7277999520301819
ep12_l0_test_time 0.26748807000001307
Test Epoch12 layer1 Acc 0.7588, AUC 0.8365711569786072, avg_entr 0.14500105381011963, f1 0.7588000297546387
ep12_l1_test_time 0.30415295600002423
Save ckpt to ckpt/imdb_lstmalside_l5_256_sidead//imdb_lstmalside_l5_side.pt  ,ep 12
Test Epoch12 layer2 Acc 0.766, AUC 0.8459571599960327, avg_entr 0.1265176683664322, f1 0.7659999132156372
ep12_l2_test_time 0.3677177380000103
Save ckpt to ckpt/imdb_lstmalside_l5_256_sidead//imdb_lstmalside_l5_side.pt  ,ep 12
Test Epoch12 layer3 Acc 0.7688, AUC 0.8477141261100769, avg_entr 0.10937865078449249, f1 0.7688000202178955
ep12_l3_test_time 0.4463533189999964
Save ckpt to ckpt/imdb_lstmalside_l5_256_sidead//imdb_lstmalside_l5_side.pt  ,ep 12
Test Epoch12 layer4 Acc 0.772, AUC 0.847163736820221, avg_entr 0.1058352142572403, f1 0.7720000147819519
ep12_l4_test_time 0.5476496439999892
Save ckpt to ckpt/imdb_lstmalside_l5_256_sidead//imdb_lstmalside_l5_side.pt  ,ep 12
gc 0
Train Epoch13 Acc 0.8714 (34856/40000), AUC 0.9369572401046753
ep13_train_time 13.645547213999976
Test Epoch13 layer0 Acc 0.7244, AUC 0.8071380853652954, avg_entr 0.18626056611537933, f1 0.7244000434875488
ep13_l0_test_time 0.2662087280000094
Test Epoch13 layer1 Acc 0.7352, AUC 0.8354599475860596, avg_entr 0.1601388305425644, f1 0.7351999282836914
ep13_l1_test_time 0.30347746699999334
Test Epoch13 layer2 Acc 0.7546, AUC 0.8499530553817749, avg_entr 0.1608782708644867, f1 0.7546000480651855
ep13_l2_test_time 0.36410229800000593
Test Epoch13 layer3 Acc 0.7548, AUC 0.8527557849884033, avg_entr 0.1608497053384781, f1 0.754800021648407
ep13_l3_test_time 0.44610905400000433
Test Epoch13 layer4 Acc 0.7448, AUC 0.8502174615859985, avg_entr 0.15766510367393494, f1 0.7447999715805054
ep13_l4_test_time 0.5490860380000129
gc 0
Train Epoch14 Acc 0.889475 (35579/40000), AUC 0.950382649898529
ep14_train_time 13.621513174
Test Epoch14 layer0 Acc 0.7214, AUC 0.8064472079277039, avg_entr 0.1401626616716385, f1 0.7214000225067139
ep14_l0_test_time 0.2657862840000007
Test Epoch14 layer1 Acc 0.7302, AUC 0.8265348672866821, avg_entr 0.0965854823589325, f1 0.7301999926567078
ep14_l1_test_time 0.3042785050000134
Test Epoch14 layer2 Acc 0.7366, AUC 0.835010290145874, avg_entr 0.08636638522148132, f1 0.7365999817848206
ep14_l2_test_time 0.36664759299998195
Test Epoch14 layer3 Acc 0.744, AUC 0.8351743817329407, avg_entr 0.08024997264146805, f1 0.7439999580383301
ep14_l3_test_time 0.4475045440000258
Test Epoch14 layer4 Acc 0.744, AUC 0.8309609889984131, avg_entr 0.07841554284095764, f1 0.7439999580383301
ep14_l4_test_time 0.5488108270000112
gc 0
Train Epoch15 Acc 0.90665 (36266/40000), AUC 0.9614953398704529
ep15_train_time 13.718262437000021
Test Epoch15 layer0 Acc 0.7324, AUC 0.8090116381645203, avg_entr 0.13498109579086304, f1 0.7323999404907227
ep15_l0_test_time 0.26788767800002233
Test Epoch15 layer1 Acc 0.7552, AUC 0.8346431255340576, avg_entr 0.09369424730539322, f1 0.7552000284194946
ep15_l1_test_time 0.3048668389999989
Test Epoch15 layer2 Acc 0.7724, AUC 0.8474382758140564, avg_entr 0.09371165931224823, f1 0.7724000215530396
ep15_l2_test_time 0.3700232560000245
Save ckpt to ckpt/imdb_lstmalside_l5_256_sidead//imdb_lstmalside_l5_side.pt  ,ep 15
Test Epoch15 layer3 Acc 0.7764, AUC 0.851518988609314, avg_entr 0.09018489718437195, f1 0.776400089263916
ep15_l3_test_time 0.44653887399999803
Save ckpt to ckpt/imdb_lstmalside_l5_256_sidead//imdb_lstmalside_l5_side.pt  ,ep 15
Test Epoch15 layer4 Acc 0.778, AUC 0.8478677272796631, avg_entr 0.08715759217739105, f1 0.777999997138977
ep15_l4_test_time 0.5501963300000057
Save ckpt to ckpt/imdb_lstmalside_l5_256_sidead//imdb_lstmalside_l5_side.pt  ,ep 15
gc 0
Train Epoch16 Acc 0.9237 (36948/40000), AUC 0.9724925756454468
ep16_train_time 13.750006359999986
Test Epoch16 layer0 Acc 0.7298, AUC 0.8011442422866821, avg_entr 0.12546096742153168, f1 0.7297999858856201
ep16_l0_test_time 0.2711729279999986
Test Epoch16 layer1 Acc 0.7556, AUC 0.8310770392417908, avg_entr 0.09925083070993423, f1 0.7555999755859375
ep16_l1_test_time 0.3103547470000194
Test Epoch16 layer2 Acc 0.7666, AUC 0.8446696400642395, avg_entr 0.095431387424469, f1 0.7666000127792358
ep16_l2_test_time 0.3710495820000119
Test Epoch16 layer3 Acc 0.7692, AUC 0.8493720293045044, avg_entr 0.0940171554684639, f1 0.7692000269889832
ep16_l3_test_time 0.44687768999995114
Test Epoch16 layer4 Acc 0.7716, AUC 0.848159909248352, avg_entr 0.09193680435419083, f1 0.771600067615509
ep16_l4_test_time 0.5480134179999823
gc 0
Train Epoch17 Acc 0.93875 (37550/40000), AUC 0.9783080816268921
ep17_train_time 13.604619981000042
Test Epoch17 layer0 Acc 0.7144, AUC 0.7945590019226074, avg_entr 0.1215163841843605, f1 0.7143999934196472
ep17_l0_test_time 0.2655498340000122
Test Epoch17 layer1 Acc 0.7442, AUC 0.8225713968276978, avg_entr 0.07311152666807175, f1 0.7441999316215515
ep17_l1_test_time 0.3034079399999996
Test Epoch17 layer2 Acc 0.7602, AUC 0.8361170291900635, avg_entr 0.07172510027885437, f1 0.7602000832557678
ep17_l2_test_time 0.3643171809999899
Test Epoch17 layer3 Acc 0.7566, AUC 0.8401329517364502, avg_entr 0.06519313901662827, f1 0.756600022315979
ep17_l3_test_time 0.44505479099996137
Test Epoch17 layer4 Acc 0.7576, AUC 0.83938068151474, avg_entr 0.06458118557929993, f1 0.7576000690460205
ep17_l4_test_time 0.5478756769999791
gc 0
Train Epoch18 Acc 0.9558 (38232/40000), AUC 0.9877752661705017
ep18_train_time 13.683489129000009
Test Epoch18 layer0 Acc 0.7218, AUC 0.7922540307044983, avg_entr 0.10317058116197586, f1 0.7217999696731567
ep18_l0_test_time 0.2664545399999838
Test Epoch18 layer1 Acc 0.7522, AUC 0.8246340751647949, avg_entr 0.07714392989873886, f1 0.7522000074386597
ep18_l1_test_time 0.3046991299999604
Test Epoch18 layer2 Acc 0.7652, AUC 0.8393300771713257, avg_entr 0.07107342779636383, f1 0.7652000188827515
ep18_l2_test_time 0.36486717200000385
Test Epoch18 layer3 Acc 0.7632, AUC 0.840866208076477, avg_entr 0.06545199453830719, f1 0.7631999850273132
ep18_l3_test_time 0.4464109310000026
Test Epoch18 layer4 Acc 0.7662, AUC 0.8412179946899414, avg_entr 0.05923440679907799, f1 0.766200065612793
ep18_l4_test_time 0.5479207079999924
gc 0
Train Epoch19 Acc 0.963575 (38543/40000), AUC 0.9899144172668457
ep19_train_time 13.644782157000009
Test Epoch19 layer0 Acc 0.7316, AUC 0.7940293550491333, avg_entr 0.08467666059732437, f1 0.7316000461578369
ep19_l0_test_time 0.26726260799995316
Test Epoch19 layer1 Acc 0.7492, AUC 0.8181412220001221, avg_entr 0.051338452845811844, f1 0.7491999864578247
ep19_l1_test_time 0.30593950399997993
Test Epoch19 layer2 Acc 0.7638, AUC 0.8283735513687134, avg_entr 0.04931585490703583, f1 0.7638000249862671
ep19_l2_test_time 0.3670453830000042
Test Epoch19 layer3 Acc 0.7646, AUC 0.8285240530967712, avg_entr 0.04437898099422455, f1 0.7645999789237976
ep19_l3_test_time 0.4492448269999727
Test Epoch19 layer4 Acc 0.7642, AUC 0.8269158005714417, avg_entr 0.0369621179997921, f1 0.76419997215271
ep19_l4_test_time 0.5492857680000043
gc 0
Train Epoch20 Acc 0.9747 (38988/40000), AUC 0.9933758974075317
ep20_train_time 13.663940786000012
Test Epoch20 layer0 Acc 0.7284, AUC 0.7860879898071289, avg_entr 0.0786449983716011, f1 0.7284000515937805
ep20_l0_test_time 0.27373765300001196
Test Epoch20 layer1 Acc 0.7446, AUC 0.812018632888794, avg_entr 0.04927060753107071, f1 0.7445999979972839
ep20_l1_test_time 0.3047715769999968
Test Epoch20 layer2 Acc 0.7582, AUC 0.8237289190292358, avg_entr 0.04182981699705124, f1 0.7582000494003296
ep20_l2_test_time 0.3660185219999903
Test Epoch20 layer3 Acc 0.7634, AUC 0.8217718601226807, avg_entr 0.03355312719941139, f1 0.7634000182151794
ep20_l3_test_time 0.44627834699997493
Test Epoch20 layer4 Acc 0.762, AUC 0.8221918344497681, avg_entr 0.029138900339603424, f1 0.7619999647140503
ep20_l4_test_time 0.5467982859999552
gc 0
Train Epoch21 Acc 0.98105 (39242/40000), AUC 0.9951146841049194
ep21_train_time 13.722840864999966
Test Epoch21 layer0 Acc 0.7268, AUC 0.7848436236381531, avg_entr 0.0668116956949234, f1 0.7268000245094299
ep21_l0_test_time 0.27499343499999895
Test Epoch21 layer1 Acc 0.7458, AUC 0.8107820153236389, avg_entr 0.04012731462717056, f1 0.7458000183105469
ep21_l1_test_time 0.3039535430000342
Test Epoch21 layer2 Acc 0.754, AUC 0.817373514175415, avg_entr 0.032884687185287476, f1 0.7540000081062317
ep21_l2_test_time 0.36614734300002283
Test Epoch21 layer3 Acc 0.758, AUC 0.8160927295684814, avg_entr 0.02642039582133293, f1 0.7580000162124634
ep21_l3_test_time 0.4480098180000027
Test Epoch21 layer4 Acc 0.7582, AUC 0.8168803453445435, avg_entr 0.02356857992708683, f1 0.7582000494003296
ep21_l4_test_time 0.5504968960000269
gc 0
Train Epoch22 Acc 0.985675 (39427/40000), AUC 0.9962347149848938
ep22_train_time 13.655690435999986
Test Epoch22 layer0 Acc 0.7266, AUC 0.7835695743560791, avg_entr 0.06914353370666504, f1 0.7265999913215637
ep22_l0_test_time 0.26849520700000085
Test Epoch22 layer1 Acc 0.744, AUC 0.8039517402648926, avg_entr 0.03836074098944664, f1 0.7439999580383301
ep22_l1_test_time 0.3062244750000218
Test Epoch22 layer2 Acc 0.7522, AUC 0.8147374391555786, avg_entr 0.03005274012684822, f1 0.7522000074386597
ep22_l2_test_time 0.36641620199998215
Test Epoch22 layer3 Acc 0.7568, AUC 0.8151229619979858, avg_entr 0.025391820818185806, f1 0.7567999958992004
ep22_l3_test_time 0.4473876669999868
Test Epoch22 layer4 Acc 0.7574, AUC 0.8136978149414062, avg_entr 0.023560883477330208, f1 0.7573999762535095
ep22_l4_test_time 0.5479499819999774
gc 0
Train Epoch23 Acc 0.9873 (39492/40000), AUC 0.9967913627624512
ep23_train_time 13.637396021999962
Test Epoch23 layer0 Acc 0.7298, AUC 0.7781457901000977, avg_entr 0.07059472054243088, f1 0.7297999858856201
ep23_l0_test_time 0.2658074009999609
Test Epoch23 layer1 Acc 0.7434, AUC 0.7974243760108948, avg_entr 0.040859121829271317, f1 0.743399977684021
ep23_l1_test_time 0.3057892870000387
Test Epoch23 layer2 Acc 0.7534, AUC 0.8105015754699707, avg_entr 0.031907543540000916, f1 0.7533999681472778
ep23_l2_test_time 0.3652962009999783
Test Epoch23 layer3 Acc 0.7584, AUC 0.8124595880508423, avg_entr 0.028430603444576263, f1 0.758400022983551
ep23_l3_test_time 0.44726312000000235
Test Epoch23 layer4 Acc 0.7552, AUC 0.810634970664978, avg_entr 0.022990448400378227, f1 0.7552000284194946
ep23_l4_test_time 0.5489123070000232
gc 0
Train Epoch24 Acc 0.990225 (39609/40000), AUC 0.9973562955856323
ep24_train_time 13.63376925700004
Test Epoch24 layer0 Acc 0.7306, AUC 0.7774742841720581, avg_entr 0.06031936779618263, f1 0.7305999994277954
ep24_l0_test_time 0.26472323499996264
Test Epoch24 layer1 Acc 0.7428, AUC 0.794359564781189, avg_entr 0.029049402102828026, f1 0.7427999973297119
ep24_l1_test_time 0.304170355999986
Test Epoch24 layer2 Acc 0.7498, AUC 0.8076823949813843, avg_entr 0.022698020562529564, f1 0.7498000264167786
ep24_l2_test_time 0.36508552099996905
Test Epoch24 layer3 Acc 0.753, AUC 0.8065604567527771, avg_entr 0.020190991461277008, f1 0.753000020980835
ep24_l3_test_time 0.4469309209999892
Test Epoch24 layer4 Acc 0.7516, AUC 0.804337203502655, avg_entr 0.016522690653800964, f1 0.7516000270843506
ep24_l4_test_time 0.5490011329999902
gc 0
Train Epoch25 Acc 0.99145 (39658/40000), AUC 0.9975649118423462
ep25_train_time 13.614968498999986
Test Epoch25 layer0 Acc 0.7314, AUC 0.7772583365440369, avg_entr 0.05792071670293808, f1 0.7314000129699707
ep25_l0_test_time 0.26557967600001575
Test Epoch25 layer1 Acc 0.7432, AUC 0.7913857698440552, avg_entr 0.02686673030257225, f1 0.7432000041007996
ep25_l1_test_time 0.30367843599998423
Test Epoch25 layer2 Acc 0.7496, AUC 0.8053104877471924, avg_entr 0.018021266907453537, f1 0.7495999932289124
ep25_l2_test_time 0.3646437209999931
Test Epoch25 layer3 Acc 0.7512, AUC 0.7984218597412109, avg_entr 0.015670830383896828, f1 0.7512000203132629
ep25_l3_test_time 0.44578264399996215
Test Epoch25 layer4 Acc 0.7502, AUC 0.7981855869293213, avg_entr 0.013911834917962551, f1 0.7501999735832214
ep25_l4_test_time 0.5474510879999457
gc 0
Train Epoch26 Acc 0.992275 (39691/40000), AUC 0.9976847171783447
ep26_train_time 13.619464931999971
Test Epoch26 layer0 Acc 0.7312, AUC 0.7764593362808228, avg_entr 0.05772654339671135, f1 0.7311999797821045
ep26_l0_test_time 0.2647366209999973
Test Epoch26 layer1 Acc 0.7438, AUC 0.7892907857894897, avg_entr 0.02418065257370472, f1 0.7437999248504639
ep26_l1_test_time 0.3041896820000147
Test Epoch26 layer2 Acc 0.7482, AUC 0.8042526841163635, avg_entr 0.01761716417968273, f1 0.748199999332428
ep26_l2_test_time 0.36546297300003516
Test Epoch26 layer3 Acc 0.749, AUC 0.8023768663406372, avg_entr 0.016042562201619148, f1 0.7490000128746033
ep26_l3_test_time 0.4467052740000099
Test Epoch26 layer4 Acc 0.7478, AUC 0.7997936010360718, avg_entr 0.013005963526666164, f1 0.7477999925613403
ep26_l4_test_time 0.5501893759999916
gc 0
Train Epoch27 Acc 0.992925 (39717/40000), AUC 0.9978007674217224
ep27_train_time 13.735825122999984
Test Epoch27 layer0 Acc 0.7262, AUC 0.7740137577056885, avg_entr 0.052001215517520905, f1 0.7261999845504761
ep27_l0_test_time 0.27066665500001363
Test Epoch27 layer1 Acc 0.7384, AUC 0.7849289178848267, avg_entr 0.02171681821346283, f1 0.7384000420570374
ep27_l1_test_time 0.3052954359999944
Test Epoch27 layer2 Acc 0.7442, AUC 0.7983886003494263, avg_entr 0.01447243057191372, f1 0.7441999316215515
ep27_l2_test_time 0.36619421100004956
Test Epoch27 layer3 Acc 0.7448, AUC 0.7971086502075195, avg_entr 0.013368377462029457, f1 0.7447999715805054
ep27_l3_test_time 0.4489922219999585
Test Epoch27 layer4 Acc 0.7442, AUC 0.7938894033432007, avg_entr 0.011389033868908882, f1 0.7441999316215515
ep27_l4_test_time 0.5489408109999658
gc 0
Train Epoch28 Acc 0.993475 (39739/40000), AUC 0.997943639755249
ep28_train_time 13.613738361000003
Test Epoch28 layer0 Acc 0.7264, AUC 0.7732788324356079, avg_entr 0.05234358459711075, f1 0.7264000177383423
ep28_l0_test_time 0.2661927769999579
Test Epoch28 layer1 Acc 0.7378, AUC 0.7855262756347656, avg_entr 0.020302021875977516, f1 0.7378000020980835
ep28_l1_test_time 0.30426430900001833
Test Epoch28 layer2 Acc 0.7424, AUC 0.8016823530197144, avg_entr 0.016101287677884102, f1 0.742400050163269
ep28_l2_test_time 0.36559100499999886
Test Epoch28 layer3 Acc 0.7448, AUC 0.7959412932395935, avg_entr 0.01493823528289795, f1 0.7447999715805054
ep28_l3_test_time 0.4465637349999838
Test Epoch28 layer4 Acc 0.7436, AUC 0.7962816953659058, avg_entr 0.012428274378180504, f1 0.7436000108718872
ep28_l4_test_time 0.5505127949999746
gc 0
Train Epoch29 Acc 0.99395 (39758/40000), AUC 0.9981511831283569
ep29_train_time 13.616564978999975
Test Epoch29 layer0 Acc 0.7284, AUC 0.7724683284759521, avg_entr 0.05074965953826904, f1 0.7284000515937805
ep29_l0_test_time 0.26642477000001463
Test Epoch29 layer1 Acc 0.7378, AUC 0.7821585536003113, avg_entr 0.016418984159827232, f1 0.7378000020980835
ep29_l1_test_time 0.30539106600002697
Test Epoch29 layer2 Acc 0.7398, AUC 0.7987477779388428, avg_entr 0.01289883442223072, f1 0.7398000359535217
ep29_l2_test_time 0.3672814820000099
Test Epoch29 layer3 Acc 0.7422, AUC 0.7915562987327576, avg_entr 0.012947766110301018, f1 0.7422000169754028
ep29_l3_test_time 0.4495562120000045
Test Epoch29 layer4 Acc 0.742, AUC 0.7922528982162476, avg_entr 0.010803689248859882, f1 0.7419999837875366
ep29_l4_test_time 0.5490291770000226
gc 0
Train Epoch30 Acc 0.99425 (39770/40000), AUC 0.9981503486633301
ep30_train_time 13.618359293000026
Test Epoch30 layer0 Acc 0.73, AUC 0.7701196074485779, avg_entr 0.047491420060396194, f1 0.7300000190734863
ep30_l0_test_time 0.26799271699997007
Test Epoch30 layer1 Acc 0.7376, AUC 0.7789802551269531, avg_entr 0.017597906291484833, f1 0.7376000285148621
ep30_l1_test_time 0.3053164799999877
Test Epoch30 layer2 Acc 0.7396, AUC 0.7953646183013916, avg_entr 0.012335775420069695, f1 0.7396000027656555
ep30_l2_test_time 0.36746603500000674
Test Epoch30 layer3 Acc 0.7424, AUC 0.7925220727920532, avg_entr 0.012165156193077564, f1 0.742400050163269
ep30_l3_test_time 0.44893692899995585
Test Epoch30 layer4 Acc 0.7418, AUC 0.7889159917831421, avg_entr 0.010232800617814064, f1 0.74180006980896
ep30_l4_test_time 0.5485945600000832
gc 0
Train Epoch31 Acc 0.994525 (39781/40000), AUC 0.9981969594955444
ep31_train_time 13.65081280700008
Test Epoch31 layer0 Acc 0.7258, AUC 0.7717207670211792, avg_entr 0.049344610422849655, f1 0.7257999777793884
ep31_l0_test_time 0.2655492379999487
Test Epoch31 layer1 Acc 0.7328, AUC 0.7778865694999695, avg_entr 0.01742466166615486, f1 0.7327999472618103
ep31_l1_test_time 0.30438422899999296
Test Epoch31 layer2 Acc 0.7368, AUC 0.791337251663208, avg_entr 0.01293122861534357, f1 0.7368000149726868
ep31_l2_test_time 0.36574842000004537
Test Epoch31 layer3 Acc 0.741, AUC 0.7877767086029053, avg_entr 0.01305041927844286, f1 0.7409999370574951
ep31_l3_test_time 0.44677807900006883
Test Epoch31 layer4 Acc 0.739, AUC 0.7873954176902771, avg_entr 0.010065462440252304, f1 0.7390000820159912
ep31_l4_test_time 0.5485353719999466
gc 0
Train Epoch32 Acc 0.99465 (39786/40000), AUC 0.9982112646102905
ep32_train_time 13.636026147000052
Test Epoch32 layer0 Acc 0.7272, AUC 0.7704963684082031, avg_entr 0.04777538776397705, f1 0.7271999716758728
ep32_l0_test_time 0.2679581049999342
Test Epoch32 layer1 Acc 0.7356, AUC 0.7795473337173462, avg_entr 0.016204776242375374, f1 0.7355999946594238
ep32_l1_test_time 0.3039952340000127
Test Epoch32 layer2 Acc 0.7386, AUC 0.7946518659591675, avg_entr 0.010374772362411022, f1 0.7386000156402588
ep32_l2_test_time 0.3655657220000421
Test Epoch32 layer3 Acc 0.7412, AUC 0.791235089302063, avg_entr 0.011274133808910847, f1 0.7411999702453613
ep32_l3_test_time 0.4468683200000214
Test Epoch32 layer4 Acc 0.7412, AUC 0.7891515493392944, avg_entr 0.008469177410006523, f1 0.7411999702453613
ep32_l4_test_time 0.5516378860000941
gc 0
Train Epoch33 Acc 0.99505 (39802/40000), AUC 0.9983559846878052
ep33_train_time 13.695872960999964
Test Epoch33 layer0 Acc 0.7304, AUC 0.7692816853523254, avg_entr 0.04655449464917183, f1 0.7304000854492188
ep33_l0_test_time 0.2661394429999291
Test Epoch33 layer1 Acc 0.737, AUC 0.7771230936050415, avg_entr 0.016044260933995247, f1 0.7369999885559082
ep33_l1_test_time 0.30531947800000125
Test Epoch33 layer2 Acc 0.7394, AUC 0.7927799224853516, avg_entr 0.010483815334737301, f1 0.7394000291824341
ep33_l2_test_time 0.3681033870000192
Test Epoch33 layer3 Acc 0.7418, AUC 0.7848911285400391, avg_entr 0.009890773333609104, f1 0.74180006980896
ep33_l3_test_time 0.4484238899999582
Test Epoch33 layer4 Acc 0.7406, AUC 0.7827916145324707, avg_entr 0.008144713938236237, f1 0.7405999302864075
ep33_l4_test_time 0.548657478999985
gc 0
Train Epoch34 Acc 0.995125 (39805/40000), AUC 0.9982776641845703
ep34_train_time 13.605372114000033
Test Epoch34 layer0 Acc 0.7272, AUC 0.7702665328979492, avg_entr 0.04557142034173012, f1 0.7271999716758728
ep34_l0_test_time 0.26613636400009
Test Epoch34 layer1 Acc 0.7346, AUC 0.7761678695678711, avg_entr 0.014222221449017525, f1 0.7345999479293823
ep34_l1_test_time 0.3045383179999135
Test Epoch34 layer2 Acc 0.736, AUC 0.7929319143295288, avg_entr 0.010291236452758312, f1 0.7360000014305115
ep34_l2_test_time 0.364434709999955
Test Epoch34 layer3 Acc 0.7388, AUC 0.7882137298583984, avg_entr 0.010755938477814198, f1 0.7387999892234802
ep34_l3_test_time 0.4465126580000742
Test Epoch34 layer4 Acc 0.7368, AUC 0.7847926020622253, avg_entr 0.00838480331003666, f1 0.7368000149726868
ep34_l4_test_time 0.5481409299999314
gc 0
Train Epoch35 Acc 0.9954 (39816/40000), AUC 0.9982846975326538
ep35_train_time 13.65862245400001
Test Epoch35 layer0 Acc 0.7262, AUC 0.7694060802459717, avg_entr 0.04545031860470772, f1 0.7261999845504761
ep35_l0_test_time 0.2663260489999857
Test Epoch35 layer1 Acc 0.7346, AUC 0.7765334844589233, avg_entr 0.01456808764487505, f1 0.7345999479293823
ep35_l1_test_time 0.3043097500000158
Test Epoch35 layer2 Acc 0.7358, AUC 0.7919961214065552, avg_entr 0.009182950481772423, f1 0.73580002784729
ep35_l2_test_time 0.3651721290000296
Test Epoch35 layer3 Acc 0.7386, AUC 0.7855468988418579, avg_entr 0.009846310131251812, f1 0.7386000156402588
ep35_l3_test_time 0.44891729800008306
Test Epoch35 layer4 Acc 0.7382, AUC 0.7836498618125916, avg_entr 0.007475817110389471, f1 0.7382000684738159
ep35_l4_test_time 0.5481571139999915
gc 0
Train Epoch36 Acc 0.99545 (39818/40000), AUC 0.9984173774719238
ep36_train_time 13.667415816000016
Test Epoch36 layer0 Acc 0.7256, AUC 0.7694777250289917, avg_entr 0.04534690082073212, f1 0.7255999445915222
ep36_l0_test_time 0.2653383159999976
Test Epoch36 layer1 Acc 0.7334, AUC 0.7760137319564819, avg_entr 0.013757893815636635, f1 0.7333999872207642
ep36_l1_test_time 0.3043129750000162
Test Epoch36 layer2 Acc 0.7346, AUC 0.7912784814834595, avg_entr 0.008920250460505486, f1 0.7345999479293823
ep36_l2_test_time 0.3657220520000237
Test Epoch36 layer3 Acc 0.7372, AUC 0.7838232517242432, avg_entr 0.009302507154643536, f1 0.7372000217437744
ep36_l3_test_time 0.44702196100001856
Test Epoch36 layer4 Acc 0.737, AUC 0.7824081182479858, avg_entr 0.00796729139983654, f1 0.7369999885559082
ep36_l4_test_time 0.550824538000029
gc 0
Train Epoch37 Acc 0.995625 (39825/40000), AUC 0.998410701751709
ep37_train_time 13.633840471999974
Test Epoch37 layer0 Acc 0.728, AUC 0.7687594890594482, avg_entr 0.04521481692790985, f1 0.7279999852180481
ep37_l0_test_time 0.26605957800006763
Test Epoch37 layer1 Acc 0.7334, AUC 0.7742592096328735, avg_entr 0.014192608185112476, f1 0.7333999872207642
ep37_l1_test_time 0.3113493710000057
Test Epoch37 layer2 Acc 0.7348, AUC 0.7908730506896973, avg_entr 0.007934720255434513, f1 0.7347999811172485
ep37_l2_test_time 0.36665122599993083
Test Epoch37 layer3 Acc 0.7376, AUC 0.7830697298049927, avg_entr 0.009030967950820923, f1 0.7376000285148621
ep37_l3_test_time 0.44654674200000954
Test Epoch37 layer4 Acc 0.737, AUC 0.780637264251709, avg_entr 0.006868401542305946, f1 0.7369999885559082
ep37_l4_test_time 0.5478081960000054
gc 0
Train Epoch38 Acc 0.9956 (39824/40000), AUC 0.9984706044197083
ep38_train_time 13.674102473000062
Test Epoch38 layer0 Acc 0.7262, AUC 0.768841028213501, avg_entr 0.045020051300525665, f1 0.7261999845504761
ep38_l0_test_time 0.267147805000036
Test Epoch38 layer1 Acc 0.732, AUC 0.7738866806030273, avg_entr 0.014358083717525005, f1 0.7319999933242798
ep38_l1_test_time 0.30569155899991074
Test Epoch38 layer2 Acc 0.7362, AUC 0.7896777391433716, avg_entr 0.009360667318105698, f1 0.7361999750137329
ep38_l2_test_time 0.366045645999975
Test Epoch38 layer3 Acc 0.7374, AUC 0.7823812961578369, avg_entr 0.00888245552778244, f1 0.7373999953269958
ep38_l3_test_time 0.4476282139999057
Test Epoch38 layer4 Acc 0.7374, AUC 0.7794815301895142, avg_entr 0.0062195779755711555, f1 0.7373999953269958
ep38_l4_test_time 0.5504268479999155
gc 0
Train Epoch39 Acc 0.9957 (39828/40000), AUC 0.9983783960342407
ep39_train_time 13.632433833999926
Test Epoch39 layer0 Acc 0.7266, AUC 0.7688244581222534, avg_entr 0.04489470645785332, f1 0.7265999913215637
ep39_l0_test_time 0.2674126880000358
Test Epoch39 layer1 Acc 0.7308, AUC 0.7736313343048096, avg_entr 0.01332891546189785, f1 0.7307999730110168
ep39_l1_test_time 0.30543387000000166
Test Epoch39 layer2 Acc 0.7336, AUC 0.7892534732818604, avg_entr 0.008044532500207424, f1 0.7335999608039856
ep39_l2_test_time 0.3653667949999999
Test Epoch39 layer3 Acc 0.736, AUC 0.7812879681587219, avg_entr 0.00897196400910616, f1 0.7360000014305115
ep39_l3_test_time 0.4472826889999624
Test Epoch39 layer4 Acc 0.7364, AUC 0.7793123126029968, avg_entr 0.006814358290284872, f1 0.7364000082015991
ep39_l4_test_time 0.548535419000018
gc 0
Train Epoch40 Acc 0.995625 (39825/40000), AUC 0.9984251260757446
ep40_train_time 13.610412397000005
Test Epoch40 layer0 Acc 0.725, AUC 0.7686300277709961, avg_entr 0.045198094099760056, f1 0.7250000238418579
ep40_l0_test_time 0.26682660400001623
Test Epoch40 layer1 Acc 0.7316, AUC 0.7726007103919983, avg_entr 0.011665312573313713, f1 0.7316000461578369
ep40_l1_test_time 0.3041598069999054
Test Epoch40 layer2 Acc 0.7348, AUC 0.7890291810035706, avg_entr 0.007410457823425531, f1 0.7347999811172485
ep40_l2_test_time 0.36551417999999103
Test Epoch40 layer3 Acc 0.7372, AUC 0.7818204164505005, avg_entr 0.00836573913693428, f1 0.7372000217437744
ep40_l3_test_time 0.4471048719999544
Test Epoch40 layer4 Acc 0.7364, AUC 0.7802817821502686, avg_entr 0.006391339004039764, f1 0.7364000082015991
ep40_l4_test_time 0.5486591740000222
gc 0
Train Epoch41 Acc 0.995775 (39831/40000), AUC 0.998494029045105
ep41_train_time 13.656222771999978
Test Epoch41 layer0 Acc 0.725, AUC 0.7685161232948303, avg_entr 0.04480280727148056, f1 0.7250000238418579
ep41_l0_test_time 0.26593481700001576
Test Epoch41 layer1 Acc 0.732, AUC 0.7724993228912354, avg_entr 0.01295536383986473, f1 0.7319999933242798
ep41_l1_test_time 0.3041347959999712
Test Epoch41 layer2 Acc 0.7336, AUC 0.7893475294113159, avg_entr 0.00831492431461811, f1 0.7335999608039856
ep41_l2_test_time 0.3667590759999939
Test Epoch41 layer3 Acc 0.7354, AUC 0.7804756164550781, avg_entr 0.009084553457796574, f1 0.7354000210762024
ep41_l3_test_time 0.4463876250000567
Test Epoch41 layer4 Acc 0.734, AUC 0.7784448266029358, avg_entr 0.006482391152530909, f1 0.7339999675750732
ep41_l4_test_time 0.5491728329999432
gc 0
Train Epoch42 Acc 0.995775 (39831/40000), AUC 0.99846351146698
ep42_train_time 13.65557800900001
Test Epoch42 layer0 Acc 0.7248, AUC 0.7678274512290955, avg_entr 0.04371750354766846, f1 0.7247999906539917
ep42_l0_test_time 0.2648930929999551
Test Epoch42 layer1 Acc 0.7312, AUC 0.7719959616661072, avg_entr 0.014262388460338116, f1 0.7311999797821045
ep42_l1_test_time 0.30376004400000056
Test Epoch42 layer2 Acc 0.7344, AUC 0.788764238357544, avg_entr 0.008088617585599422, f1 0.7343999147415161
ep42_l2_test_time 0.3639281690000189
Test Epoch42 layer3 Acc 0.7354, AUC 0.7800260782241821, avg_entr 0.00844893790781498, f1 0.7354000210762024
ep42_l3_test_time 0.44769743500000914
Test Epoch42 layer4 Acc 0.735, AUC 0.7771883010864258, avg_entr 0.006293863989412785, f1 0.7350000143051147
ep42_l4_test_time 0.5474930700000868
gc 0
Train Epoch43 Acc 0.99575 (39830/40000), AUC 0.9984736442565918
ep43_train_time 13.654707010000038
Test Epoch43 layer0 Acc 0.726, AUC 0.7679675221443176, avg_entr 0.04416726529598236, f1 0.7260000109672546
ep43_l0_test_time 0.26706322600000476
Test Epoch43 layer1 Acc 0.7302, AUC 0.7718189358711243, avg_entr 0.013429120182991028, f1 0.7301999926567078
ep43_l1_test_time 0.30508241699999417
Test Epoch43 layer2 Acc 0.7342, AUC 0.7882820963859558, avg_entr 0.008177104406058788, f1 0.7342000007629395
ep43_l2_test_time 0.3688067639999417
Test Epoch43 layer3 Acc 0.7352, AUC 0.7803202867507935, avg_entr 0.00887451134622097, f1 0.7351999282836914
ep43_l3_test_time 0.45771965500000533
Test Epoch43 layer4 Acc 0.7352, AUC 0.7773221731185913, avg_entr 0.006009354256093502, f1 0.7351999282836914
ep43_l4_test_time 0.5479518160000225
gc 0
Train Epoch44 Acc 0.99575 (39830/40000), AUC 0.9984767436981201
ep44_train_time 13.705905310000048
Test Epoch44 layer0 Acc 0.7246, AUC 0.767970621585846, avg_entr 0.04394734278321266, f1 0.7245999574661255
ep44_l0_test_time 0.26785237000001416
Test Epoch44 layer1 Acc 0.7306, AUC 0.7717795372009277, avg_entr 0.012454838491976261, f1 0.7305999994277954
ep44_l1_test_time 0.30461597300006815
Test Epoch44 layer2 Acc 0.7334, AUC 0.7883281707763672, avg_entr 0.00783293042331934, f1 0.7333999872207642
ep44_l2_test_time 0.3671554440001046
Test Epoch44 layer3 Acc 0.7354, AUC 0.7795171141624451, avg_entr 0.008224979043006897, f1 0.7354000210762024
ep44_l3_test_time 0.4458694800000558
Test Epoch44 layer4 Acc 0.734, AUC 0.7780629396438599, avg_entr 0.005756509955972433, f1 0.7339999675750732
ep44_l4_test_time 0.5479789250000522
gc 0
Train Epoch45 Acc 0.995775 (39831/40000), AUC 0.9984244108200073
ep45_train_time 13.654876283000021
Test Epoch45 layer0 Acc 0.7252, AUC 0.7677537202835083, avg_entr 0.04407733306288719, f1 0.7251999974250793
ep45_l0_test_time 0.26610774099992796
Test Epoch45 layer1 Acc 0.7318, AUC 0.7717176079750061, avg_entr 0.012893691658973694, f1 0.7318000197410583
ep45_l1_test_time 0.30470816599995487
Test Epoch45 layer2 Acc 0.7332, AUC 0.7885054349899292, avg_entr 0.007617922034114599, f1 0.7332000136375427
ep45_l2_test_time 0.366975008000054
Test Epoch45 layer3 Acc 0.7364, AUC 0.7795852422714233, avg_entr 0.00886071752756834, f1 0.7364000082015991
ep45_l3_test_time 0.4487067689999549
Test Epoch45 layer4 Acc 0.735, AUC 0.7776491641998291, avg_entr 0.005893096327781677, f1 0.7350000143051147
ep45_l4_test_time 0.5480520759999763
gc 0
Train Epoch46 Acc 0.995825 (39833/40000), AUC 0.9984488487243652
ep46_train_time 13.735408495999991
Test Epoch46 layer0 Acc 0.725, AUC 0.7677575349807739, avg_entr 0.044345274567604065, f1 0.7250000238418579
ep46_l0_test_time 0.2658807129998877
Test Epoch46 layer1 Acc 0.7314, AUC 0.7714037895202637, avg_entr 0.01266754511743784, f1 0.7314000129699707
ep46_l1_test_time 0.3047608620000801
Test Epoch46 layer2 Acc 0.7332, AUC 0.7882907390594482, avg_entr 0.007801536470651627, f1 0.7332000136375427
ep46_l2_test_time 0.3655668879999894
Test Epoch46 layer3 Acc 0.7354, AUC 0.7796348333358765, avg_entr 0.009139741770923138, f1 0.7354000210762024
ep46_l3_test_time 0.4485103240000399
Test Epoch46 layer4 Acc 0.7348, AUC 0.7776920795440674, avg_entr 0.006359849590808153, f1 0.7347999811172485
ep46_l4_test_time 0.5493120699999281
gc 0
Train Epoch47 Acc 0.995825 (39833/40000), AUC 0.9984691143035889
ep47_train_time 13.634373471000004
Test Epoch47 layer0 Acc 0.7246, AUC 0.7677145004272461, avg_entr 0.043838225305080414, f1 0.7245999574661255
ep47_l0_test_time 0.26676698899996154
Test Epoch47 layer1 Acc 0.7316, AUC 0.7713541984558105, avg_entr 0.012903612107038498, f1 0.7316000461578369
ep47_l1_test_time 0.3048161860000391
Test Epoch47 layer2 Acc 0.733, AUC 0.7880700826644897, avg_entr 0.008679484948515892, f1 0.7329999804496765
ep47_l2_test_time 0.36531238800000665
Test Epoch47 layer3 Acc 0.7358, AUC 0.7795001268386841, avg_entr 0.009336743503808975, f1 0.73580002784729
ep47_l3_test_time 0.44621692800001256
Test Epoch47 layer4 Acc 0.7352, AUC 0.7779109477996826, avg_entr 0.00640489486977458, f1 0.7351999282836914
ep47_l4_test_time 0.5493245640000168
gc 0
Train Epoch48 Acc 0.995875 (39835/40000), AUC 0.9985184669494629
ep48_train_time 13.62277430600011
Test Epoch48 layer0 Acc 0.7244, AUC 0.7674891948699951, avg_entr 0.043807584792375565, f1 0.7244000434875488
ep48_l0_test_time 0.2651942270000518
Test Epoch48 layer1 Acc 0.7306, AUC 0.7710127830505371, avg_entr 0.01241085585206747, f1 0.7305999994277954
ep48_l1_test_time 0.3033833459999187
Test Epoch48 layer2 Acc 0.7324, AUC 0.7877782583236694, avg_entr 0.007988118566572666, f1 0.7323999404907227
ep48_l2_test_time 0.3641565799999853
Test Epoch48 layer3 Acc 0.7344, AUC 0.7793948650360107, avg_entr 0.009082519449293613, f1 0.7343999147415161
ep48_l3_test_time 0.44659225599991714
Test Epoch48 layer4 Acc 0.7336, AUC 0.7773154973983765, avg_entr 0.005473851691931486, f1 0.7335999608039856
ep48_l4_test_time 0.5560993420000386
gc 0
Train Epoch49 Acc 0.99585 (39834/40000), AUC 0.998542308807373
ep49_train_time 13.629649516000086
Test Epoch49 layer0 Acc 0.7236, AUC 0.7674645185470581, avg_entr 0.043511077761650085, f1 0.7236000299453735
ep49_l0_test_time 0.26659718799999155
Test Epoch49 layer1 Acc 0.7308, AUC 0.7708854675292969, avg_entr 0.013285594061017036, f1 0.7307999730110168
ep49_l1_test_time 0.3053083099999867
Test Epoch49 layer2 Acc 0.7322, AUC 0.7881567478179932, avg_entr 0.007975731045007706, f1 0.732200026512146
ep49_l2_test_time 0.36810085899992373
Test Epoch49 layer3 Acc 0.7344, AUC 0.7791492342948914, avg_entr 0.00893334113061428, f1 0.7343999147415161
ep49_l3_test_time 0.44731650699998227
Test Epoch49 layer4 Acc 0.7342, AUC 0.7769820690155029, avg_entr 0.006151117384433746, f1 0.7342000007629395
ep49_l4_test_time 0.5485906940000405
Best AUC tensor(0.7780) 15 4
train_as_loss [[8.52050268e+01 5.82198428e+01 5.17740191e+01 5.03216109e+01
  4.98128203e+01 4.95795946e+01 4.94539650e+01 4.93787341e+01
  4.93301922e+01 4.92970844e+01 4.92735232e+01 4.92561807e+01
  4.92430620e+01 4.92329134e+01 4.92249116e+01 4.92185001e+01
  4.92132919e+01 4.92090104e+01 4.92054551e+01 4.92024740e+01
  4.92005242e+01 4.91993243e+01 4.91981808e+01 4.91970895e+01
  4.91963043e+01 4.91957822e+01 4.91952558e+01 4.91947262e+01
  4.91943273e+01 4.91940527e+01 4.91937680e+01 4.91934732e+01
  4.91932465e+01 4.91930888e+01 4.91929197e+01 4.91927441e+01
  4.91926071e+01 4.91925041e+01 4.91924046e+01 4.91922955e+01
  4.91922026e+01 4.91921462e+01 4.91920763e+01 4.91920062e+01
  4.91919531e+01 4.91919054e+01 4.91918662e+01 4.91918230e+01
  4.91917754e+01 4.91917499e+01]
 [2.00918946e+00 5.42621315e-04 2.13122090e-05 4.90477776e-06
  1.80173930e-06 8.30353609e-07 4.27227533e-07 2.47925219e-07
  1.51069590e-07 9.69036474e-08 6.61596076e-08 4.60479921e-08
  3.26600008e-08 2.33777660e-08 1.77407709e-08 1.29658241e-08
  1.02864873e-08 3.27279073e-08 2.28930944e-08 1.76849319e-08
  4.72906938e-09 1.36824296e-08 1.10072028e-08 9.91833136e-09
  2.57371649e-09 8.93705050e-09 7.55650924e-09 7.06579735e-09
  1.82637047e-09 6.61584933e-09 5.96283084e-09 5.74197515e-09
  1.41473270e-09 5.42854882e-09 5.16019095e-09 5.01938480e-09
  1.24709509e-09 4.79256433e-09 4.66266288e-09 4.52863675e-09
  1.16637843e-09 4.31982027e-09 4.32562270e-09 4.23857673e-09
  1.13422278e-09 3.95270023e-09 4.08789455e-09 4.00060266e-09
  1.21471041e-09 3.72514329e-09]
 [2.28863512e+00 8.65631114e-04 1.66041092e-05 3.69846047e-06
  1.36389748e-06 6.51807738e-07 3.38111169e-07 2.03980723e-07
  1.29112895e-07 8.35332903e-08 6.16364008e-08 4.52202935e-08
  3.35476724e-08 2.31599066e-08 1.95757491e-08 1.46486206e-08
  1.23675692e-08 1.27073103e-08 2.55887604e-08 1.79774536e-08
  7.62751310e-09 4.27842171e-09 1.12745449e-08 9.98317615e-09
  3.41782116e-09 2.60673556e-09 7.55226578e-09 6.74637153e-09
  2.25560998e-09 1.67208509e-09 5.75913908e-09 5.43812010e-09
  1.48315519e-09 1.27814020e-09 5.00131018e-09 4.74669420e-09
  1.25007323e-09 1.15150131e-09 4.42558648e-09 4.25774100e-09
  1.17441567e-09 1.05306596e-09 3.96040129e-09 3.94597454e-09
  1.15568408e-09 9.91304969e-10 3.59343582e-09 3.75644248e-09
  1.28303787e-09 1.00298986e-09]
 [1.95114424e+00 1.37940264e-03 1.26940126e-05 2.94446305e-06
  1.15156105e-06 6.18451414e-07 3.04943691e-07 1.95316582e-07
  1.39407518e-07 8.89358288e-08 7.80743508e-08 6.00828045e-08
  4.84736915e-08 2.90148773e-08 2.89936613e-08 2.42001606e-08
  2.05961569e-08 2.85375110e-08 3.03674773e-08 2.05410017e-08
  1.67049134e-08 6.91938856e-09 1.07944628e-08 1.07394294e-08
  6.01565282e-09 3.24809626e-09 6.92160638e-09 6.29793765e-09
  3.14713642e-09 1.70523543e-09 5.03803582e-09 4.82355366e-09
  1.59803319e-09 1.16793408e-09 4.24589273e-09 4.08331895e-09
  1.22297185e-09 1.01778327e-09 3.66685019e-09 3.56155043e-09
  1.06008446e-09 8.97930320e-10 3.22877809e-09 3.28121654e-09
  1.02696918e-09 8.43023018e-10 2.93552809e-09 3.10190107e-09
  1.10961654e-09 8.53054100e-10]
 [2.02275467e+00 1.85614123e-03 1.94758982e-05 5.09385304e-06
  2.03090717e-06 1.12090786e-06 5.49067749e-07 3.49386331e-07
  2.53327615e-07 1.67970115e-07 1.39643021e-07 1.23607364e-07
  1.13661184e-07 6.39549417e-08 6.76599023e-08 6.61197015e-08
  5.68773545e-08 9.41836115e-08 5.91264288e-08 3.74211526e-08
  4.88065662e-08 1.71678920e-08 1.50328166e-08 1.58130093e-08
  1.33329331e-08 6.08341584e-09 8.88066388e-09 8.24320376e-09
  5.29636795e-09 2.51186274e-09 6.07899297e-09 5.94116712e-09
  2.34694114e-09 1.50554974e-09 4.94483143e-09 4.87705145e-09
  1.64719877e-09 1.26365518e-09 4.22994529e-09 4.23653668e-09
  1.40796045e-09 1.09835907e-09 3.73376977e-09 3.97067336e-09
  1.38835778e-09 1.03847158e-09 3.36772904e-09 3.82939005e-09
  1.60637333e-09 1.14397819e-09]]
train_ae_loss [[2.79941623 2.96519945 4.42664185 5.42702021 6.14916675 6.30522833
  6.16817293 6.02461831 5.9235371  5.78064511 5.59712311 5.34021336
  5.15027841 4.84806597 4.54712654 4.19329709 3.83152029 3.50245905
  3.08729084 2.81551576 2.16249037 1.97482485 1.72431972 1.59653183
  1.34986345 1.25078355 1.19374206 1.14805276 1.06991575 1.02968385
  1.0053669  0.98113839 0.94808736 0.93862482 0.93104626 0.91481209
  0.89381936 0.89153259 0.88588392 0.88269713 0.86943926 0.86972731
  0.8651169  0.86404177 0.85683495 0.8652267  0.86156576 0.85490097
  0.85690435 0.85180352]
 [2.23668074 2.93142895 4.39144798 5.37134782 6.06163943 6.163891
  5.86205022 5.54148065 5.29522117 5.10302297 4.86639352 4.52527659
  4.28936371 3.89557922 3.54219625 3.13676182 2.70408588 2.25851355
  1.88284151 1.66801512 1.18995281 0.97567039 0.80657919 0.73220371
  0.58042768 0.50051663 0.46843099 0.43671557 0.40485411 0.36933312
  0.36427976 0.35029861 0.34020689 0.32746488 0.32690329 0.31515708
  0.30912244 0.30375862 0.30134317 0.30056162 0.29575019 0.29608871
  0.29168898 0.29352772 0.28938867 0.29417141 0.29025797 0.2891513
  0.29171169 0.28465168]
 [1.88308207 2.68196665 3.98417424 4.85509471 5.45670759 5.56458334
  5.28433219 4.9152907  4.57930484 4.39217247 4.17451187 3.83152609
  3.62235942 3.262849   2.95200165 2.60330389 2.21263933 1.86857947
  1.46184554 1.28687752 0.91543008 0.73599932 0.59225889 0.54130803
  0.42362529 0.36873329 0.34067637 0.31672637 0.29569851 0.27313518
  0.26717143 0.25631259 0.2514848  0.24201454 0.24254614 0.23310817
  0.22947336 0.22581253 0.22354671 0.22394443 0.21968588 0.22107982
  0.21708946 0.21707394 0.21601947 0.21870929 0.21596493 0.21605107
  0.21748179 0.21228319]
 [1.76321416 2.70814687 4.00293794 4.85090633 5.44937651 5.85293945
  5.42515452 4.93926878 4.50675465 4.30178143 4.07669843 3.70339129
  3.49045273 3.12399723 2.79169101 2.46182377 2.07911788 1.75919965
  1.32496165 1.15457081 0.81655433 0.6408021  0.50174751 0.4577064
  0.35510293 0.30880479 0.2865235  0.26423958 0.2461966  0.22498041
  0.21765228 0.20801898 0.20304377 0.19345061 0.19318638 0.18363735
  0.18190758 0.17830379 0.17521717 0.17570761 0.17199169 0.17304588
  0.16943377 0.1688594  0.1680516  0.16956258 0.1676943  0.16795275
  0.16832286 0.16385223]
 [1.63166787 2.70227284 3.97121496 4.79101408 5.36504195 5.79269142
  5.7240274  4.92761143 4.44699379 4.23429429 4.02118839 3.64989192
  3.44029142 3.08241904 2.76452842 2.44384044 2.06537354 1.74818623
  1.30810496 1.12804368 0.80173993 0.63043542 0.48836034 0.44677139
  0.34354429 0.29857307 0.27669027 0.25424584 0.23556469 0.21438382
  0.20791208 0.19837478 0.19370403 0.18295941 0.18184082 0.17600988
  0.17377417 0.16972825 0.16704482 0.16769695 0.16511254 0.16546972
  0.16226476 0.16217777 0.1610977  0.16312863 0.16030612 0.16184902
  0.16197703 0.15807829]]
valid_acc (5, 50)
valid_AUC (5, 50)
train_acc (50,)
total_train+valid_time 788.2437030540001
Start Testing
Load ckpt at ckpt/imdb_lstmalside_l5_256_sidead//imdb_lstmalside_l5_side.pt
gc 10
Test layer0 Acc 0.7524, AUC 0.8199944496154785, avg_entr 0.13516628742218018, f1 0.7523999810218811
l0_test_time 0.2685847660000036
gc 0
Test layer1 Acc 0.767, AUC 0.850040853023529, avg_entr 0.09242375195026398, f1 0.7670000195503235
l1_test_time 0.3066492149999931
gc 0
Test layer2 Acc 0.7784, AUC 0.8574423789978027, avg_entr 0.09215832501649857, f1 0.7784000039100647
l2_test_time 0.36739928500003316
gc 0
Test layer3 Acc 0.7844, AUC 0.8635791540145874, avg_entr 0.08760546892881393, f1 0.7843999266624451
l3_test_time 0.44882195599996066
gc 0
Test layer4 Acc 0.7854, AUC 0.8675942420959473, avg_entr 0.08750873059034348, f1 0.7853999733924866
l4_test_time 0.5505975759999728
gc 0
Test threshold 0.1 Acc 0.7788, AUC 0.8319358825683594, avg_entr 0.0873497799038887, f1 0.7788000106811523
t0.1_test_time 0.4654197140000633
gc 0
Test threshold 0.2 Acc 0.7754, AUC 0.8297905921936035, avg_entr 0.08243738859891891, f1 0.775399923324585
t0.2_test_time 0.4650111769999512
gc 0
Test threshold 0.3 Acc 0.773, AUC 0.8295882344245911, avg_entr 0.08488289266824722, f1 0.7730000019073486
t0.3_test_time 0.4501663849999886
gc 0
Test threshold 0.4 Acc 0.7692, AUC 0.8277925252914429, avg_entr 0.09110558778047562, f1 0.7692000269889832
t0.4_test_time 0.44775036299995463
gc 0
Test threshold 0.5 Acc 0.7664, AUC 0.8262389898300171, avg_entr 0.10021676123142242, f1 0.7663999199867249
t0.5_test_time 0.44350778800003354
gc 0
Test threshold 0.6 Acc 0.7636, AUC 0.8257603645324707, avg_entr 0.11304991692304611, f1 0.7635999917984009
t0.6_test_time 0.4408629280000014
gc 0
Test threshold 0.7 Acc 0.7612, AUC 0.8237881660461426, avg_entr 0.12528668344020844, f1 0.7612000107765198
t0.7_test_time 0.43124303000001873
gc 0
Test threshold 0.8 Acc 0.7592, AUC 0.8220380544662476, avg_entr 0.1403798758983612, f1 0.7591999769210815
t0.8_test_time 0.41383991000009246
gc 0
Test threshold 0.9 Acc 0.7576, AUC 0.8204825520515442, avg_entr 0.15677297115325928, f1 0.7576000690460205
t0.9_test_time 0.42135317400004624
