total count words 222751
vocab size 30000
train size 40000, valid size 5000, test size 5000
found 27937 words in glove
model: LSTMALsideText(
  (layers): ModuleList(
    (0): LSTMLayer(
      (enc): ENC(
        (b): Sequential(
          (0): Linear(in_features=300, out_features=128, bias=True)
          (1): Tanh()
        )
        (f): LSTM(300, 300, batch_first=True)
        (cri): MSELoss()
      )
      (ae): AE(
        (g): Sequential(
          (0): Linear(in_features=2, out_features=128, bias=True)
          (1): Tanh()
        )
        (h): Sequential(
          (0): Linear(in_features=128, out_features=2, bias=True)
          (1): Sigmoid()
        )
        (cri): CrossEntropyLoss()
      )
    )
    (1): LSTMLayer(
      (enc): ENC(
        (b): Sequential(
          (0): Linear(in_features=300, out_features=128, bias=True)
          (1): Tanh()
        )
        (f): LSTM(300, 300, batch_first=True)
        (cri): MSELoss()
      )
      (ae): AE(
        (g): Sequential(
          (0): Linear(in_features=128, out_features=128, bias=True)
          (1): Tanh()
        )
        (h): Sequential(
          (0): Linear(in_features=128, out_features=128, bias=True)
        )
        (cri): MSELoss()
      )
    )
    (2): LSTMLayer(
      (enc): ENC(
        (b): Sequential(
          (0): Linear(in_features=300, out_features=128, bias=True)
          (1): Tanh()
        )
        (f): LSTM(300, 300, batch_first=True)
        (cri): MSELoss()
      )
      (ae): AE(
        (g): Sequential(
          (0): Linear(in_features=128, out_features=128, bias=True)
          (1): Tanh()
        )
        (h): Sequential(
          (0): Linear(in_features=128, out_features=128, bias=True)
        )
        (cri): MSELoss()
      )
    )
    (3): LSTMLayer(
      (enc): ENC(
        (b): Sequential(
          (0): Linear(in_features=300, out_features=128, bias=True)
          (1): Tanh()
        )
        (f): LSTM(300, 300, batch_first=True)
        (cri): MSELoss()
      )
      (ae): AE(
        (g): Sequential(
          (0): Linear(in_features=128, out_features=128, bias=True)
          (1): Tanh()
        )
        (h): Sequential(
          (0): Linear(in_features=128, out_features=128, bias=True)
        )
        (cri): MSELoss()
      )
    )
    (4): LSTMLayer(
      (enc): ENC(
        (b): Sequential(
          (0): Linear(in_features=300, out_features=128, bias=True)
          (1): Tanh()
        )
        (f): LSTM(300, 300, batch_first=True)
        (cri): MSELoss()
      )
      (ae): AE(
        (g): Sequential(
          (0): Linear(in_features=128, out_features=128, bias=True)
          (1): Tanh()
        )
        (h): Sequential(
          (0): Linear(in_features=128, out_features=128, bias=True)
        )
        (cri): MSELoss()
      )
    )
  )
  (emb_layers): ModuleList(
    (0): Embedding(30000, 300)
    (1): Embedding(30000, 300)
    (2): Embedding(30000, 300)
    (3): Embedding(30000, 300)
    (4): Embedding(30000, 300)
  )
)
layers.0.enc.b.0.weight 38400
layers.0.enc.b.0.bias 128
layers.0.enc.f.weight_ih_l0 360000
layers.0.enc.f.weight_hh_l0 360000
layers.0.enc.f.bias_ih_l0 1200
layers.0.enc.f.bias_hh_l0 1200
layers.0.ae.g.0.weight 256
layers.0.ae.g.0.bias 128
layers.0.ae.h.0.weight 256
layers.0.ae.h.0.bias 2
layers.1.enc.b.0.weight 38400
layers.1.enc.b.0.bias 128
layers.1.enc.f.weight_ih_l0 360000
layers.1.enc.f.weight_hh_l0 360000
layers.1.enc.f.bias_ih_l0 1200
layers.1.enc.f.bias_hh_l0 1200
layers.1.ae.g.0.weight 16384
layers.1.ae.g.0.bias 128
layers.1.ae.h.0.weight 16384
layers.1.ae.h.0.bias 128
layers.2.enc.b.0.weight 38400
layers.2.enc.b.0.bias 128
layers.2.enc.f.weight_ih_l0 360000
layers.2.enc.f.weight_hh_l0 360000
layers.2.enc.f.bias_ih_l0 1200
layers.2.enc.f.bias_hh_l0 1200
layers.2.ae.g.0.weight 16384
layers.2.ae.g.0.bias 128
layers.2.ae.h.0.weight 16384
layers.2.ae.h.0.bias 128
layers.3.enc.b.0.weight 38400
layers.3.enc.b.0.bias 128
layers.3.enc.f.weight_ih_l0 360000
layers.3.enc.f.weight_hh_l0 360000
layers.3.enc.f.bias_ih_l0 1200
layers.3.enc.f.bias_hh_l0 1200
layers.3.ae.g.0.weight 16384
layers.3.ae.g.0.bias 128
layers.3.ae.h.0.weight 16384
layers.3.ae.h.0.bias 128
layers.4.enc.b.0.weight 38400
layers.4.enc.b.0.bias 128
layers.4.enc.f.weight_ih_l0 360000
layers.4.enc.f.weight_hh_l0 360000
layers.4.enc.f.bias_ih_l0 1200
layers.4.enc.f.bias_hh_l0 1200
layers.4.ae.g.0.weight 16384
layers.4.ae.g.0.bias 128
layers.4.ae.h.0.weight 16384
layers.4.ae.h.0.bias 128
emb_layers.0.weight 9000000
emb_layers.1.weight 9000000
emb_layers.2.weight 9000000
emb_layers.3.weight 9000000
emb_layers.4.weight 9000000
Total Trainable Params: 48937378
init_time 22.369357869999998
Start Training
gc 0
Train Epoch0 Acc 0.500475 (20019/40000), AUC 0.5006444454193115
ep0_train_time 13.717126793999999
Test Epoch0 layer0 Acc 0.5012, AUC 0.49777042865753174, avg_entr 0.6932342052459717, f1 0.5012000203132629
ep0_l0_test_time 0.2704877409999966
Save ckpt to ckpt/imdb_lstmalside_l5_256_sidead//imdb_lstmalside_l5_side.pt  ,ep 0
Test Epoch0 layer1 Acc 0.516, AUC 0.5160894989967346, avg_entr 0.6925706267356873, f1 0.515999972820282
ep0_l1_test_time 0.31049877800000303
Save ckpt to ckpt/imdb_lstmalside_l5_256_sidead//imdb_lstmalside_l5_side.pt  ,ep 0
Test Epoch0 layer2 Acc 0.5174, AUC 0.5169891119003296, avg_entr 0.6912989020347595, f1 0.5174000263214111
ep0_l2_test_time 0.36973981500000264
Save ckpt to ckpt/imdb_lstmalside_l5_256_sidead//imdb_lstmalside_l5_side.pt  ,ep 0
Test Epoch0 layer3 Acc 0.5074, AUC 0.5101858377456665, avg_entr 0.6906961798667908, f1 0.5073999762535095
ep0_l3_test_time 0.4566104270000011
Test Epoch0 layer4 Acc 0.508, AUC 0.5145497918128967, avg_entr 0.6905841827392578, f1 0.5080000162124634
ep0_l4_test_time 0.551042987999999
gc 0
Train Epoch1 Acc 0.500225 (20009/40000), AUC 0.5055274367332458
ep1_train_time 13.616999536000002
Test Epoch1 layer0 Acc 0.5092, AUC 0.5104361772537231, avg_entr 0.6869261860847473, f1 0.5091999769210815
ep1_l0_test_time 0.2770686809999958
Test Epoch1 layer1 Acc 0.5216, AUC 0.5279473066329956, avg_entr 0.6894885897636414, f1 0.5216000080108643
ep1_l1_test_time 0.30412834399999866
Save ckpt to ckpt/imdb_lstmalside_l5_256_sidead//imdb_lstmalside_l5_side.pt  ,ep 1
Test Epoch1 layer2 Acc 0.5234, AUC 0.5324766039848328, avg_entr 0.6904804706573486, f1 0.5234000086784363
ep1_l2_test_time 0.37450548199999645
Save ckpt to ckpt/imdb_lstmalside_l5_256_sidead//imdb_lstmalside_l5_side.pt  ,ep 1
Test Epoch1 layer3 Acc 0.5062, AUC 0.5100222229957581, avg_entr 0.6909668445587158, f1 0.5062000155448914
ep1_l3_test_time 0.45151374800000355
Test Epoch1 layer4 Acc 0.5094, AUC 0.5135542750358582, avg_entr 0.6909769177436829, f1 0.5094000101089478
ep1_l4_test_time 0.5547330300000013
gc 0
Train Epoch2 Acc 0.51135 (20454/40000), AUC 0.5180485248565674
ep2_train_time 13.657301398000001
Test Epoch2 layer0 Acc 0.5076, AUC 0.5139799118041992, avg_entr 0.6838310360908508, f1 0.5076000094413757
ep2_l0_test_time 0.26934433499999955
Test Epoch2 layer1 Acc 0.5256, AUC 0.5317379236221313, avg_entr 0.6851543188095093, f1 0.525600016117096
ep2_l1_test_time 0.3089939409999971
Save ckpt to ckpt/imdb_lstmalside_l5_256_sidead//imdb_lstmalside_l5_side.pt  ,ep 2
Test Epoch2 layer2 Acc 0.5226, AUC 0.5373647212982178, avg_entr 0.6851950883865356, f1 0.522599995136261
ep2_l2_test_time 0.3735155570000046
Test Epoch2 layer3 Acc 0.508, AUC 0.5158475637435913, avg_entr 0.686957836151123, f1 0.5080000162124634
ep2_l3_test_time 0.45377013699999225
Test Epoch2 layer4 Acc 0.5078, AUC 0.5222933888435364, avg_entr 0.6892483830451965, f1 0.5077999830245972
ep2_l4_test_time 0.5521919160000124
gc 0
Train Epoch3 Acc 0.513475 (20539/40000), AUC 0.5238994359970093
ep3_train_time 13.732491957999997
Test Epoch3 layer0 Acc 0.5686, AUC 0.6055051684379578, avg_entr 0.6423527598381042, f1 0.5685999989509583
ep3_l0_test_time 0.27057981499999073
Save ckpt to ckpt/imdb_lstmalside_l5_256_sidead//imdb_lstmalside_l5_side.pt  ,ep 3
Test Epoch3 layer1 Acc 0.5372, AUC 0.5566028356552124, avg_entr 0.67586350440979, f1 0.5371999740600586
ep3_l1_test_time 0.311562476000006
Test Epoch3 layer2 Acc 0.5748, AUC 0.605202317237854, avg_entr 0.6309224367141724, f1 0.5748000144958496
ep3_l2_test_time 0.3762308139999959
Save ckpt to ckpt/imdb_lstmalside_l5_256_sidead//imdb_lstmalside_l5_side.pt  ,ep 3
Test Epoch3 layer3 Acc 0.5048, AUC 0.5112265348434448, avg_entr 0.6663888692855835, f1 0.504800021648407
ep3_l3_test_time 0.45498756100001003
Test Epoch3 layer4 Acc 0.5064, AUC 0.5216257572174072, avg_entr 0.6817055940628052, f1 0.5063999891281128
ep3_l4_test_time 0.5557189990000069
gc 0
Train Epoch4 Acc 0.5176 (20704/40000), AUC 0.5306603908538818
ep4_train_time 13.73717997300001
Test Epoch4 layer0 Acc 0.621, AUC 0.6808286905288696, avg_entr 0.5321770906448364, f1 0.6209999918937683
ep4_l0_test_time 0.27246461100000374
Save ckpt to ckpt/imdb_lstmalside_l5_256_sidead//imdb_lstmalside_l5_side.pt  ,ep 4
Test Epoch4 layer1 Acc 0.629, AUC 0.6977298259735107, avg_entr 0.4826752841472626, f1 0.6290000081062317
ep4_l1_test_time 0.31573445799999433
Save ckpt to ckpt/imdb_lstmalside_l5_256_sidead//imdb_lstmalside_l5_side.pt  ,ep 4
Test Epoch4 layer2 Acc 0.6358, AUC 0.7083910703659058, avg_entr 0.4901011288166046, f1 0.6358000040054321
ep4_l2_test_time 0.3744519939999975
Save ckpt to ckpt/imdb_lstmalside_l5_256_sidead//imdb_lstmalside_l5_side.pt  ,ep 4
Test Epoch4 layer3 Acc 0.5076, AUC 0.5343725681304932, avg_entr 0.6668578386306763, f1 0.5076000094413757
ep4_l3_test_time 0.46292655999999965
Test Epoch4 layer4 Acc 0.5088, AUC 0.5039981603622437, avg_entr 0.6827006936073303, f1 0.5088000297546387
ep4_l4_test_time 0.555392304999998
gc 0
Train Epoch5 Acc 0.5221 (20884/40000), AUC 0.5358657836914062
ep5_train_time 13.762241403000004
Test Epoch5 layer0 Acc 0.6536, AUC 0.7178933024406433, avg_entr 0.4681180715560913, f1 0.6535999774932861
ep5_l0_test_time 0.27152838300000326
Save ckpt to ckpt/imdb_lstmalside_l5_256_sidead//imdb_lstmalside_l5_side.pt  ,ep 5
Test Epoch5 layer1 Acc 0.681, AUC 0.7457634806632996, avg_entr 0.4223012626171112, f1 0.6809999942779541
ep5_l1_test_time 0.3153305420000123
Save ckpt to ckpt/imdb_lstmalside_l5_256_sidead//imdb_lstmalside_l5_side.pt  ,ep 5
Test Epoch5 layer2 Acc 0.695, AUC 0.7667752504348755, avg_entr 0.3619786202907562, f1 0.6949999928474426
ep5_l2_test_time 0.37333474100000785
Save ckpt to ckpt/imdb_lstmalside_l5_256_sidead//imdb_lstmalside_l5_side.pt  ,ep 5
Test Epoch5 layer3 Acc 0.6844, AUC 0.757233738899231, avg_entr 0.35554760694503784, f1 0.6844000220298767
ep5_l3_test_time 0.46715185799999404
Test Epoch5 layer4 Acc 0.5128, AUC 0.45924457907676697, avg_entr 0.6701253652572632, f1 0.5127999782562256
ep5_l4_test_time 0.5593349059999895
gc 0
Train Epoch6 Acc 0.52975 (21190/40000), AUC 0.5478460788726807
ep6_train_time 13.731093604000009
Test Epoch6 layer0 Acc 0.6722, AUC 0.7414543628692627, avg_entr 0.374368280172348, f1 0.6722000241279602
ep6_l0_test_time 0.2713557809999827
Test Epoch6 layer1 Acc 0.692, AUC 0.7708852291107178, avg_entr 0.317592591047287, f1 0.6919999718666077
ep6_l1_test_time 0.31477599400000145
Test Epoch6 layer2 Acc 0.7068, AUC 0.7861511707305908, avg_entr 0.279910683631897, f1 0.7067999839782715
ep6_l2_test_time 0.37145754700000566
Save ckpt to ckpt/imdb_lstmalside_l5_256_sidead//imdb_lstmalside_l5_side.pt  ,ep 6
Test Epoch6 layer3 Acc 0.7102, AUC 0.7821643352508545, avg_entr 0.2664116322994232, f1 0.7102000117301941
ep6_l3_test_time 0.45843954299999723
Save ckpt to ckpt/imdb_lstmalside_l5_256_sidead//imdb_lstmalside_l5_side.pt  ,ep 6
Test Epoch6 layer4 Acc 0.5174, AUC 0.6018011569976807, avg_entr 0.6745333671569824, f1 0.5174000263214111
ep6_l4_test_time 0.5580424089999951
gc 0
Train Epoch7 Acc 0.696275 (27851/40000), AUC 0.7604697346687317
ep7_train_time 13.739229185999989
Test Epoch7 layer0 Acc 0.676, AUC 0.7635539770126343, avg_entr 0.326570600271225, f1 0.6759999990463257
ep7_l0_test_time 0.27020180599998866
Test Epoch7 layer1 Acc 0.7056, AUC 0.7938446998596191, avg_entr 0.3163982033729553, f1 0.7056000232696533
ep7_l1_test_time 0.3086766730000079
Test Epoch7 layer2 Acc 0.719, AUC 0.8100332021713257, avg_entr 0.33204472064971924, f1 0.718999981880188
ep7_l2_test_time 0.3751842599999975
Save ckpt to ckpt/imdb_lstmalside_l5_256_sidead//imdb_lstmalside_l5_side.pt  ,ep 7
Test Epoch7 layer3 Acc 0.7218, AUC 0.8090393543243408, avg_entr 0.3496159613132477, f1 0.7217999696731567
ep7_l3_test_time 0.45736159899999507
Save ckpt to ckpt/imdb_lstmalside_l5_256_sidead//imdb_lstmalside_l5_side.pt  ,ep 7
Test Epoch7 layer4 Acc 0.7258, AUC 0.8114131689071655, avg_entr 0.29498687386512756, f1 0.7257999777793884
ep7_l4_test_time 0.5553580000000125
Save ckpt to ckpt/imdb_lstmalside_l5_256_sidead//imdb_lstmalside_l5_side.pt  ,ep 7
gc 0
Train Epoch8 Acc 0.772375 (30895/40000), AUC 0.8428674340248108
ep8_train_time 13.717905787999996
Test Epoch8 layer0 Acc 0.699, AUC 0.7791258096694946, avg_entr 0.270933598279953, f1 0.6990000009536743
ep8_l0_test_time 0.2742485739999836
Test Epoch8 layer1 Acc 0.72, AUC 0.8089800477027893, avg_entr 0.22809243202209473, f1 0.7199999690055847
ep8_l1_test_time 0.3082750899999951
Test Epoch8 layer2 Acc 0.7326, AUC 0.8229901790618896, avg_entr 0.2080576866865158, f1 0.7325999140739441
ep8_l2_test_time 0.3699961099999882
Save ckpt to ckpt/imdb_lstmalside_l5_256_sidead//imdb_lstmalside_l5_side.pt  ,ep 8
Test Epoch8 layer3 Acc 0.7286, AUC 0.8217042684555054, avg_entr 0.20449170470237732, f1 0.728600025177002
ep8_l3_test_time 0.4572080770000184
Test Epoch8 layer4 Acc 0.7308, AUC 0.8227570056915283, avg_entr 0.21143770217895508, f1 0.7307999730110168
ep8_l4_test_time 0.5555830060000062
gc 0
Train Epoch9 Acc 0.799925 (31997/40000), AUC 0.8766885995864868
ep9_train_time 13.743091123999989
Test Epoch9 layer0 Acc 0.7102, AUC 0.7938500046730042, avg_entr 0.25469139218330383, f1 0.7102000117301941
ep9_l0_test_time 0.27023035999999934
Test Epoch9 layer1 Acc 0.7376, AUC 0.8235208988189697, avg_entr 0.21238252520561218, f1 0.7376000285148621
ep9_l1_test_time 0.3098165510000115
Save ckpt to ckpt/imdb_lstmalside_l5_256_sidead//imdb_lstmalside_l5_side.pt  ,ep 9
Test Epoch9 layer2 Acc 0.752, AUC 0.8381519317626953, avg_entr 0.1905425488948822, f1 0.7519999742507935
ep9_l2_test_time 0.3717141710000078
Save ckpt to ckpt/imdb_lstmalside_l5_256_sidead//imdb_lstmalside_l5_side.pt  ,ep 9
Test Epoch9 layer3 Acc 0.753, AUC 0.8383650779724121, avg_entr 0.16962553560733795, f1 0.753000020980835
ep9_l3_test_time 0.45899363099999846
Save ckpt to ckpt/imdb_lstmalside_l5_256_sidead//imdb_lstmalside_l5_side.pt  ,ep 9
Test Epoch9 layer4 Acc 0.7564, AUC 0.8374228477478027, avg_entr 0.14969123899936676, f1 0.7563999891281128
ep9_l4_test_time 0.5553120779999858
Save ckpt to ckpt/imdb_lstmalside_l5_256_sidead//imdb_lstmalside_l5_side.pt  ,ep 9
gc 0
Train Epoch10 Acc 0.8142 (32568/40000), AUC 0.8905553817749023
ep10_train_time 13.787583479000006
Test Epoch10 layer0 Acc 0.7204, AUC 0.7992610335350037, avg_entr 0.2738509178161621, f1 0.7204000353813171
ep10_l0_test_time 0.2833087360000093
Test Epoch10 layer1 Acc 0.7436, AUC 0.8295060992240906, avg_entr 0.245009183883667, f1 0.7436000108718872
ep10_l1_test_time 0.31062233299999775
Test Epoch10 layer2 Acc 0.759, AUC 0.8445999622344971, avg_entr 0.21848779916763306, f1 0.7589999437332153
ep10_l2_test_time 0.37010076799998615
Save ckpt to ckpt/imdb_lstmalside_l5_256_sidead//imdb_lstmalside_l5_side.pt  ,ep 10
Test Epoch10 layer3 Acc 0.7622, AUC 0.8455949425697327, avg_entr 0.19333122670650482, f1 0.7621999979019165
ep10_l3_test_time 0.4577788940000005
Save ckpt to ckpt/imdb_lstmalside_l5_256_sidead//imdb_lstmalside_l5_side.pt  ,ep 10
Test Epoch10 layer4 Acc 0.7692, AUC 0.8463675379753113, avg_entr 0.1565961241722107, f1 0.7692000269889832
ep10_l4_test_time 0.5543869520000158
Save ckpt to ckpt/imdb_lstmalside_l5_256_sidead//imdb_lstmalside_l5_side.pt  ,ep 10
gc 0
Train Epoch11 Acc 0.8369 (33476/40000), AUC 0.9084814190864563
ep11_train_time 13.751644298999992
Test Epoch11 layer0 Acc 0.7152, AUC 0.8023694753646851, avg_entr 0.21941040456295013, f1 0.7151999473571777
ep11_l0_test_time 0.276390412999973
Test Epoch11 layer1 Acc 0.7342, AUC 0.832735538482666, avg_entr 0.15802748501300812, f1 0.7342000007629395
ep11_l1_test_time 0.31002828499998714
Test Epoch11 layer2 Acc 0.739, AUC 0.8440078496932983, avg_entr 0.1325903832912445, f1 0.7390000820159912
ep11_l2_test_time 0.3750305469999944
Test Epoch11 layer3 Acc 0.7318, AUC 0.8402525186538696, avg_entr 0.11530288308858871, f1 0.7318000197410583
ep11_l3_test_time 0.45446199599999204
Test Epoch11 layer4 Acc 0.7362, AUC 0.8376898765563965, avg_entr 0.10774240642786026, f1 0.7361999750137329
ep11_l4_test_time 0.554322969999987
gc 0
Train Epoch12 Acc 0.86555 (34622/40000), AUC 0.9321392774581909
ep12_train_time 13.752202630999989
Test Epoch12 layer0 Acc 0.7288, AUC 0.8061294555664062, avg_entr 0.1988597959280014, f1 0.7287999987602234
ep12_l0_test_time 0.2706037300000048
Test Epoch12 layer1 Acc 0.7494, AUC 0.8364126086235046, avg_entr 0.16373009979724884, f1 0.7494000196456909
ep12_l1_test_time 0.31588436399999864
Test Epoch12 layer2 Acc 0.765, AUC 0.8509697914123535, avg_entr 0.14280791580677032, f1 0.7649999856948853
ep12_l2_test_time 0.37266297299998996
Test Epoch12 layer3 Acc 0.7666, AUC 0.8523194789886475, avg_entr 0.12477900087833405, f1 0.7666000127792358
ep12_l3_test_time 0.45451370800000745
Test Epoch12 layer4 Acc 0.771, AUC 0.8520082235336304, avg_entr 0.10290630161762238, f1 0.7710000276565552
ep12_l4_test_time 0.557964893000019
Save ckpt to ckpt/imdb_lstmalside_l5_256_sidead//imdb_lstmalside_l5_side.pt  ,ep 12
gc 0
Train Epoch13 Acc 0.878875 (35155/40000), AUC 0.9410995841026306
ep13_train_time 13.76302739900001
Test Epoch13 layer0 Acc 0.7294, AUC 0.8086409568786621, avg_entr 0.18722280859947205, f1 0.7293999791145325
ep13_l0_test_time 0.27087054099999364
Test Epoch13 layer1 Acc 0.76, AUC 0.8396251797676086, avg_entr 0.15963876247406006, f1 0.7599999904632568
ep13_l1_test_time 0.31573932999998533
Test Epoch13 layer2 Acc 0.774, AUC 0.8546346426010132, avg_entr 0.1549840271472931, f1 0.7739999890327454
ep13_l2_test_time 0.3710342500000081
Save ckpt to ckpt/imdb_lstmalside_l5_256_sidead//imdb_lstmalside_l5_side.pt  ,ep 13
Test Epoch13 layer3 Acc 0.7788, AUC 0.8563583493232727, avg_entr 0.15157578885555267, f1 0.7788000106811523
ep13_l3_test_time 0.45952989500000285
Save ckpt to ckpt/imdb_lstmalside_l5_256_sidead//imdb_lstmalside_l5_side.pt  ,ep 13
Test Epoch13 layer4 Acc 0.7822, AUC 0.8581508994102478, avg_entr 0.15517814457416534, f1 0.7821999788284302
ep13_l4_test_time 0.5601035330000173
Save ckpt to ckpt/imdb_lstmalside_l5_256_sidead//imdb_lstmalside_l5_side.pt  ,ep 13
gc 0
Train Epoch14 Acc 0.903175 (36127/40000), AUC 0.9566070437431335
ep14_train_time 13.753974411000002
Test Epoch14 layer0 Acc 0.7204, AUC 0.8047341108322144, avg_entr 0.16204799711704254, f1 0.7204000353813171
ep14_l0_test_time 0.26931594800004177
Test Epoch14 layer1 Acc 0.7466, AUC 0.8323453664779663, avg_entr 0.1317029893398285, f1 0.7465999126434326
ep14_l1_test_time 0.30987062799999876
Test Epoch14 layer2 Acc 0.7592, AUC 0.8457098007202148, avg_entr 0.12058313190937042, f1 0.7591999769210815
ep14_l2_test_time 0.3715048539999657
Test Epoch14 layer3 Acc 0.7622, AUC 0.8491032123565674, avg_entr 0.12053808569908142, f1 0.7621999979019165
ep14_l3_test_time 0.4531583920000344
Test Epoch14 layer4 Acc 0.7684, AUC 0.8489486575126648, avg_entr 0.11882591247558594, f1 0.7684000730514526
ep14_l4_test_time 0.5593180259999713
gc 0
Train Epoch15 Acc 0.9076 (36304/40000), AUC 0.9616554975509644
ep15_train_time 13.74564116800002
Test Epoch15 layer0 Acc 0.7334, AUC 0.8037854433059692, avg_entr 0.14827123284339905, f1 0.7333999872207642
ep15_l0_test_time 0.2702992680000307
Test Epoch15 layer1 Acc 0.76, AUC 0.8325724601745605, avg_entr 0.12641943991184235, f1 0.7599999904632568
ep15_l1_test_time 0.3099905680000461
Test Epoch15 layer2 Acc 0.7644, AUC 0.8471187353134155, avg_entr 0.11913249641656876, f1 0.7644000053405762
ep15_l2_test_time 0.3717822030000093
Test Epoch15 layer3 Acc 0.7696, AUC 0.8509579300880432, avg_entr 0.10791132599115372, f1 0.769599974155426
ep15_l3_test_time 0.45856969399994796
Test Epoch15 layer4 Acc 0.7744, AUC 0.8513764142990112, avg_entr 0.10129153728485107, f1 0.7743999361991882
ep15_l4_test_time 0.5546258310000098
gc 0
Train Epoch16 Acc 0.9358 (37432/40000), AUC 0.9773364663124084
ep16_train_time 13.730068944000038
Test Epoch16 layer0 Acc 0.725, AUC 0.8001354932785034, avg_entr 0.12454244494438171, f1 0.7250000238418579
ep16_l0_test_time 0.27178117199997587
Test Epoch16 layer1 Acc 0.7434, AUC 0.8239234685897827, avg_entr 0.09318110346794128, f1 0.743399977684021
ep16_l1_test_time 0.31199534900002845
Test Epoch16 layer2 Acc 0.7408, AUC 0.8311770558357239, avg_entr 0.07983411103487015, f1 0.7408000230789185
ep16_l2_test_time 0.3777565299999992
Test Epoch16 layer3 Acc 0.7408, AUC 0.8339906334877014, avg_entr 0.07074287533760071, f1 0.7408000230789185
ep16_l3_test_time 0.4609008780000181
Test Epoch16 layer4 Acc 0.7416, AUC 0.8306930065155029, avg_entr 0.06035548076033592, f1 0.741599977016449
ep16_l4_test_time 0.5568589899999665
gc 0
Train Epoch17 Acc 0.9505 (38020/40000), AUC 0.9845829010009766
ep17_train_time 13.742525659000023
Test Epoch17 layer0 Acc 0.7202, AUC 0.7975398302078247, avg_entr 0.12601855397224426, f1 0.7202000021934509
ep17_l0_test_time 0.27659309999995685
Test Epoch17 layer1 Acc 0.7482, AUC 0.8259546756744385, avg_entr 0.08918838202953339, f1 0.748199999332428
ep17_l1_test_time 0.3093545290000179
Test Epoch17 layer2 Acc 0.7496, AUC 0.8324173092842102, avg_entr 0.07674451172351837, f1 0.7495999932289124
ep17_l2_test_time 0.37145727700004727
Test Epoch17 layer3 Acc 0.7528, AUC 0.8347215056419373, avg_entr 0.06849730759859085, f1 0.7528000473976135
ep17_l3_test_time 0.4529223740000248
Test Epoch17 layer4 Acc 0.7526, AUC 0.8311187028884888, avg_entr 0.06343438476324081, f1 0.7526000142097473
ep17_l4_test_time 0.5551944989999811
gc 0
Train Epoch18 Acc 0.968775 (38751/40000), AUC 0.9922763109207153
ep18_train_time 13.746243420999974
Test Epoch18 layer0 Acc 0.7316, AUC 0.7938868999481201, avg_entr 0.09660599380731583, f1 0.7316000461578369
ep18_l0_test_time 0.2707108199999766
Test Epoch18 layer1 Acc 0.7546, AUC 0.8178799152374268, avg_entr 0.07053869962692261, f1 0.7546000480651855
ep18_l1_test_time 0.31004991700001483
Test Epoch18 layer2 Acc 0.7606, AUC 0.8255929350852966, avg_entr 0.05882948637008667, f1 0.7605999708175659
ep18_l2_test_time 0.37153053000002956
Test Epoch18 layer3 Acc 0.7602, AUC 0.8265218734741211, avg_entr 0.052729539573192596, f1 0.7602000832557678
ep18_l3_test_time 0.4609808720000501
Test Epoch18 layer4 Acc 0.7586, AUC 0.8270126581192017, avg_entr 0.049193792045116425, f1 0.7585999965667725
ep18_l4_test_time 0.5586962070000254
gc 0
Train Epoch19 Acc 0.97415 (38966/40000), AUC 0.9934291839599609
ep19_train_time 13.817465881000032
Test Epoch19 layer0 Acc 0.7308, AUC 0.7937521934509277, avg_entr 0.09991351515054703, f1 0.7307999730110168
ep19_l0_test_time 0.27090405399997053
Test Epoch19 layer1 Acc 0.7572, AUC 0.8161331415176392, avg_entr 0.06733185797929764, f1 0.7572000026702881
ep19_l1_test_time 0.3085731219999843
Test Epoch19 layer2 Acc 0.7644, AUC 0.8274106383323669, avg_entr 0.05840421840548515, f1 0.7644000053405762
ep19_l2_test_time 0.3720425860000205
Test Epoch19 layer3 Acc 0.7666, AUC 0.8289598226547241, avg_entr 0.05286526307463646, f1 0.7666000127792358
ep19_l3_test_time 0.4557569319999857
Test Epoch19 layer4 Acc 0.7676, AUC 0.8286404609680176, avg_entr 0.052356719970703125, f1 0.7675999402999878
ep19_l4_test_time 0.5626235310000425
gc 0
Train Epoch20 Acc 0.9782 (39128/40000), AUC 0.9950244426727295
ep20_train_time 13.74404180099998
Test Epoch20 layer0 Acc 0.7254, AUC 0.787299394607544, avg_entr 0.08605464547872543, f1 0.7253999710083008
ep20_l0_test_time 0.2813151309999853
Test Epoch20 layer1 Acc 0.7464, AUC 0.8058350086212158, avg_entr 0.05064529925584793, f1 0.7463999390602112
ep20_l1_test_time 0.30942044199997554
Test Epoch20 layer2 Acc 0.7524, AUC 0.8157020807266235, avg_entr 0.047403886914253235, f1 0.7523999810218811
ep20_l2_test_time 0.3722743760000071
Test Epoch20 layer3 Acc 0.7562, AUC 0.8209508061408997, avg_entr 0.04388080909848213, f1 0.7561999559402466
ep20_l3_test_time 0.45467440400000214
Test Epoch20 layer4 Acc 0.7542, AUC 0.8183474540710449, avg_entr 0.04166894406080246, f1 0.7541999816894531
ep20_l4_test_time 0.5572394629999735
gc 0
Train Epoch21 Acc 0.9848 (39392/40000), AUC 0.995899498462677
ep21_train_time 13.745826920000013
Test Epoch21 layer0 Acc 0.7276, AUC 0.785536527633667, avg_entr 0.06644825637340546, f1 0.7275999784469604
ep21_l0_test_time 0.27262125900000456
Test Epoch21 layer1 Acc 0.7432, AUC 0.801690936088562, avg_entr 0.040860775858163834, f1 0.7432000041007996
ep21_l1_test_time 0.3125472290000175
Test Epoch21 layer2 Acc 0.7486, AUC 0.8136988878250122, avg_entr 0.038473229855298996, f1 0.7486000061035156
ep21_l2_test_time 0.37371985700002597
Test Epoch21 layer3 Acc 0.7542, AUC 0.8179566860198975, avg_entr 0.033921826630830765, f1 0.7541999816894531
ep21_l3_test_time 0.4621733960000256
Test Epoch21 layer4 Acc 0.7552, AUC 0.8148484230041504, avg_entr 0.032670628279447556, f1 0.7552000284194946
ep21_l4_test_time 0.5568380309999839
gc 0
Train Epoch22 Acc 0.9885 (39540/40000), AUC 0.9972484707832336
ep22_train_time 13.74266854199999
Test Epoch22 layer0 Acc 0.726, AUC 0.784005880355835, avg_entr 0.06729642301797867, f1 0.7260000109672546
ep22_l0_test_time 0.2689215469999908
Test Epoch22 layer1 Acc 0.744, AUC 0.7985466718673706, avg_entr 0.033248163759708405, f1 0.7439999580383301
ep22_l1_test_time 0.30813369300000204
Test Epoch22 layer2 Acc 0.7476, AUC 0.8079838156700134, avg_entr 0.03364880383014679, f1 0.7476000189781189
ep22_l2_test_time 0.37865457600003083
Test Epoch22 layer3 Acc 0.7502, AUC 0.8095505237579346, avg_entr 0.02811114862561226, f1 0.7501999735832214
ep22_l3_test_time 0.4523236339999812
Test Epoch22 layer4 Acc 0.749, AUC 0.8066509366035461, avg_entr 0.02790958248078823, f1 0.7490000128746033
ep22_l4_test_time 0.5545379929999967
gc 0
Train Epoch23 Acc 0.990875 (39635/40000), AUC 0.9975420236587524
ep23_train_time 13.718077676999997
Test Epoch23 layer0 Acc 0.7272, AUC 0.7806838750839233, avg_entr 0.0645853728055954, f1 0.7271999716758728
ep23_l0_test_time 0.2818444290000457
Test Epoch23 layer1 Acc 0.7436, AUC 0.7951563000679016, avg_entr 0.033070310950279236, f1 0.7436000108718872
ep23_l1_test_time 0.3085176390000015
Test Epoch23 layer2 Acc 0.7472, AUC 0.8039242029190063, avg_entr 0.029461748898029327, f1 0.747200071811676
ep23_l2_test_time 0.36954664400002457
Test Epoch23 layer3 Acc 0.7474, AUC 0.802284836769104, avg_entr 0.02327173575758934, f1 0.7473999857902527
ep23_l3_test_time 0.4529644399999597
Test Epoch23 layer4 Acc 0.7476, AUC 0.8004658222198486, avg_entr 0.022625191137194633, f1 0.7476000189781189
ep23_l4_test_time 0.5540218950000053
gc 0
Train Epoch24 Acc 0.992025 (39681/40000), AUC 0.9980376958847046
ep24_train_time 13.751181730999974
Test Epoch24 layer0 Acc 0.7278, AUC 0.779749870300293, avg_entr 0.06400273740291595, f1 0.7277999520301819
ep24_l0_test_time 0.27171700399998144
Test Epoch24 layer1 Acc 0.7362, AUC 0.7924230098724365, avg_entr 0.03156151995062828, f1 0.7361999750137329
ep24_l1_test_time 0.31604998499994963
Test Epoch24 layer2 Acc 0.7466, AUC 0.7993189096450806, avg_entr 0.025460144504904747, f1 0.7465999126434326
ep24_l2_test_time 0.373042125999973
Test Epoch24 layer3 Acc 0.7484, AUC 0.8010179400444031, avg_entr 0.018267398700118065, f1 0.7483999729156494
ep24_l3_test_time 0.45331306099996027
Test Epoch24 layer4 Acc 0.7488, AUC 0.799674391746521, avg_entr 0.017255453392863274, f1 0.7487999796867371
ep24_l4_test_time 0.5620317479999812
gc 0
Train Epoch25 Acc 0.992575 (39703/40000), AUC 0.9981421828269958
ep25_train_time 13.741227745000003
Test Epoch25 layer0 Acc 0.7222, AUC 0.7801883816719055, avg_entr 0.06377256661653519, f1 0.7222000360488892
ep25_l0_test_time 0.268766300999971
Test Epoch25 layer1 Acc 0.7382, AUC 0.7909955978393555, avg_entr 0.032104138284921646, f1 0.7382000684738159
ep25_l1_test_time 0.3089587380000012
Test Epoch25 layer2 Acc 0.746, AUC 0.7997289896011353, avg_entr 0.025200046598911285, f1 0.7459999918937683
ep25_l2_test_time 0.3752546240000356
Test Epoch25 layer3 Acc 0.7486, AUC 0.7975411415100098, avg_entr 0.02041829749941826, f1 0.7486000061035156
ep25_l3_test_time 0.465586610999992
Test Epoch25 layer4 Acc 0.748, AUC 0.796807050704956, avg_entr 0.019569916650652885, f1 0.7480000257492065
ep25_l4_test_time 0.5541669849999948
gc 0
Train Epoch26 Acc 0.994425 (39777/40000), AUC 0.9985036849975586
ep26_train_time 13.75343906500001
Test Epoch26 layer0 Acc 0.724, AUC 0.7774127721786499, avg_entr 0.06049550324678421, f1 0.7239999175071716
ep26_l0_test_time 0.27085804600000074
Test Epoch26 layer1 Acc 0.7376, AUC 0.7885173559188843, avg_entr 0.02783893048763275, f1 0.7376000285148621
ep26_l1_test_time 0.30907073599996693
Test Epoch26 layer2 Acc 0.7428, AUC 0.7972509264945984, avg_entr 0.02418581023812294, f1 0.7427999973297119
ep26_l2_test_time 0.37115176800000427
Test Epoch26 layer3 Acc 0.7436, AUC 0.7927900552749634, avg_entr 0.016247443854808807, f1 0.7436000108718872
ep26_l3_test_time 0.4532188780000297
Test Epoch26 layer4 Acc 0.7438, AUC 0.7925225496292114, avg_entr 0.014715897850692272, f1 0.7437999248504639
ep26_l4_test_time 0.5539180600000009
gc 0
Train Epoch27 Acc 0.994725 (39789/40000), AUC 0.9985027313232422
ep27_train_time 13.741608960999997
Test Epoch27 layer0 Acc 0.7218, AUC 0.776466965675354, avg_entr 0.05514155700802803, f1 0.7217999696731567
ep27_l0_test_time 0.26896540100000266
Test Epoch27 layer1 Acc 0.7344, AUC 0.7886192798614502, avg_entr 0.02685566619038582, f1 0.7343999147415161
ep27_l1_test_time 0.3112306950000061
Test Epoch27 layer2 Acc 0.7394, AUC 0.7950795888900757, avg_entr 0.02238818071782589, f1 0.7394000291824341
ep27_l2_test_time 0.3715177420000373
Test Epoch27 layer3 Acc 0.7416, AUC 0.7928042411804199, avg_entr 0.01655683107674122, f1 0.741599977016449
ep27_l3_test_time 0.45333392900005265
Test Epoch27 layer4 Acc 0.7434, AUC 0.7916184067726135, avg_entr 0.015251499600708485, f1 0.743399977684021
ep27_l4_test_time 0.5543967579999958
gc 0
Train Epoch28 Acc 0.99505 (39802/40000), AUC 0.9985713958740234
ep28_train_time 13.772488434000024
Test Epoch28 layer0 Acc 0.7256, AUC 0.7756978273391724, avg_entr 0.055462975054979324, f1 0.7255999445915222
ep28_l0_test_time 0.27115041800004747
Test Epoch28 layer1 Acc 0.7368, AUC 0.7862347364425659, avg_entr 0.025379400700330734, f1 0.7368000149726868
ep28_l1_test_time 0.31129676799997696
Test Epoch28 layer2 Acc 0.7404, AUC 0.7924103140830994, avg_entr 0.019153261557221413, f1 0.7404000163078308
ep28_l2_test_time 0.37372281900002235
Test Epoch28 layer3 Acc 0.7438, AUC 0.7898045778274536, avg_entr 0.011849960312247276, f1 0.7437999248504639
ep28_l3_test_time 0.45409629700003507
Test Epoch28 layer4 Acc 0.743, AUC 0.7881377339363098, avg_entr 0.011270219460129738, f1 0.7430000305175781
ep28_l4_test_time 0.5567423719999738
gc 0
Train Epoch29 Acc 0.9956 (39824/40000), AUC 0.9985774159431458
ep29_train_time 13.753046586999972
Test Epoch29 layer0 Acc 0.724, AUC 0.775220513343811, avg_entr 0.05636783316731453, f1 0.7239999175071716
ep29_l0_test_time 0.27133611300001803
Test Epoch29 layer1 Acc 0.7344, AUC 0.7815666794776917, avg_entr 0.019780108705163002, f1 0.7343999147415161
ep29_l1_test_time 0.3102339359999746
Test Epoch29 layer2 Acc 0.739, AUC 0.7898973226547241, avg_entr 0.018879052251577377, f1 0.7390000820159912
ep29_l2_test_time 0.3712867440000309
Test Epoch29 layer3 Acc 0.7418, AUC 0.787273645401001, avg_entr 0.013511355966329575, f1 0.74180006980896
ep29_l3_test_time 0.45727774400000953
Test Epoch29 layer4 Acc 0.7408, AUC 0.787436842918396, avg_entr 0.012201565317809582, f1 0.7408000230789185
ep29_l4_test_time 0.5606974730000047
gc 0
Train Epoch30 Acc 0.996175 (39847/40000), AUC 0.9987308382987976
ep30_train_time 13.720763541000053
Test Epoch30 layer0 Acc 0.7236, AUC 0.773861289024353, avg_entr 0.053430311381816864, f1 0.7236000299453735
ep30_l0_test_time 0.26956840800005466
Test Epoch30 layer1 Acc 0.7352, AUC 0.7806802988052368, avg_entr 0.02101915329694748, f1 0.7351999282836914
ep30_l1_test_time 0.3128611340000589
Test Epoch30 layer2 Acc 0.739, AUC 0.790635883808136, avg_entr 0.020308416336774826, f1 0.7390000820159912
ep30_l2_test_time 0.3705882780000138
Test Epoch30 layer3 Acc 0.7416, AUC 0.7877413034439087, avg_entr 0.01346404105424881, f1 0.741599977016449
ep30_l3_test_time 0.45207431199992243
Test Epoch30 layer4 Acc 0.7416, AUC 0.7862573862075806, avg_entr 0.011485738679766655, f1 0.741599977016449
ep30_l4_test_time 0.5549278720000075
gc 0
Train Epoch31 Acc 0.996475 (39859/40000), AUC 0.9987475275993347
ep31_train_time 13.743998386000044
Test Epoch31 layer0 Acc 0.7248, AUC 0.7739825248718262, avg_entr 0.052334852516651154, f1 0.7247999906539917
ep31_l0_test_time 0.2698507809999455
Test Epoch31 layer1 Acc 0.7362, AUC 0.7793333530426025, avg_entr 0.018306836485862732, f1 0.7361999750137329
ep31_l1_test_time 0.30959080599996014
Test Epoch31 layer2 Acc 0.7396, AUC 0.7878214120864868, avg_entr 0.014133230783045292, f1 0.7396000027656555
ep31_l2_test_time 0.37053857299997617
Test Epoch31 layer3 Acc 0.7434, AUC 0.7868397235870361, avg_entr 0.011106072925031185, f1 0.743399977684021
ep31_l3_test_time 0.4564313849999735
Test Epoch31 layer4 Acc 0.7426, AUC 0.7867911458015442, avg_entr 0.009825538843870163, f1 0.7426000237464905
ep31_l4_test_time 0.5650635129999273
gc 0
Train Epoch32 Acc 0.9964 (39856/40000), AUC 0.9987412095069885
ep32_train_time 13.736777836999977
Test Epoch32 layer0 Acc 0.7262, AUC 0.7737135887145996, avg_entr 0.05332782119512558, f1 0.7261999845504761
ep32_l0_test_time 0.27004221699996833
Test Epoch32 layer1 Acc 0.7352, AUC 0.7798535823822021, avg_entr 0.01772475801408291, f1 0.7351999282836914
ep32_l1_test_time 0.3094780210000181
Test Epoch32 layer2 Acc 0.7396, AUC 0.7877695560455322, avg_entr 0.016560763120651245, f1 0.7396000027656555
ep32_l2_test_time 0.3715734469999461
Test Epoch32 layer3 Acc 0.7436, AUC 0.7861708998680115, avg_entr 0.011796358972787857, f1 0.7436000108718872
ep32_l3_test_time 0.4527348950000487
Test Epoch32 layer4 Acc 0.7436, AUC 0.7846634387969971, avg_entr 0.009809576906263828, f1 0.7436000108718872
ep32_l4_test_time 0.5548217320000504
gc 0
Train Epoch33 Acc 0.99665 (39866/40000), AUC 0.9986838102340698
ep33_train_time 13.740161747000002
Test Epoch33 layer0 Acc 0.7232, AUC 0.773261308670044, avg_entr 0.051776036620140076, f1 0.7232000827789307
ep33_l0_test_time 0.27128639099998964
Test Epoch33 layer1 Acc 0.733, AUC 0.7769778966903687, avg_entr 0.01755135878920555, f1 0.7329999804496765
ep33_l1_test_time 0.309691990000033
Test Epoch33 layer2 Acc 0.737, AUC 0.7857978343963623, avg_entr 0.015433583408594131, f1 0.7369999885559082
ep33_l2_test_time 0.37019015999999283
Test Epoch33 layer3 Acc 0.7408, AUC 0.7819584608078003, avg_entr 0.009027570486068726, f1 0.7408000230789185
ep33_l3_test_time 0.45317098299994996
Test Epoch33 layer4 Acc 0.7404, AUC 0.7810236811637878, avg_entr 0.007702365983277559, f1 0.7404000163078308
ep33_l4_test_time 0.5540571619999355
gc 0
Train Epoch34 Acc 0.9968 (39872/40000), AUC 0.9988100528717041
ep34_train_time 13.736707109999998
Test Epoch34 layer0 Acc 0.725, AUC 0.7732776403427124, avg_entr 0.05207682028412819, f1 0.7250000238418579
ep34_l0_test_time 0.2701064650000262
Test Epoch34 layer1 Acc 0.736, AUC 0.7779049873352051, avg_entr 0.017700079828500748, f1 0.7360000014305115
ep34_l1_test_time 0.31027199699997254
Test Epoch34 layer2 Acc 0.7398, AUC 0.7872117757797241, avg_entr 0.016298288479447365, f1 0.7398000359535217
ep34_l2_test_time 0.3718750660000296
Test Epoch34 layer3 Acc 0.7434, AUC 0.7850298881530762, avg_entr 0.010804211720824242, f1 0.743399977684021
ep34_l3_test_time 0.4536213850000195
Test Epoch34 layer4 Acc 0.7436, AUC 0.7837520837783813, avg_entr 0.009353041648864746, f1 0.7436000108718872
ep34_l4_test_time 0.5546727180000062
gc 0
Train Epoch35 Acc 0.9969 (39876/40000), AUC 0.99881911277771
ep35_train_time 13.772710569999958
Test Epoch35 layer0 Acc 0.7246, AUC 0.7729376554489136, avg_entr 0.05175061151385307, f1 0.7245999574661255
ep35_l0_test_time 0.2717895900000258
Test Epoch35 layer1 Acc 0.7338, AUC 0.7778971195220947, avg_entr 0.018677832558751106, f1 0.7338000535964966
ep35_l1_test_time 0.31073599900003046
Test Epoch35 layer2 Acc 0.7392, AUC 0.7870275974273682, avg_entr 0.016848376020789146, f1 0.7391999959945679
ep35_l2_test_time 0.3721758739999359
Test Epoch35 layer3 Acc 0.742, AUC 0.7858372926712036, avg_entr 0.01190209947526455, f1 0.7419999837875366
ep35_l3_test_time 0.45407224699999915
Test Epoch35 layer4 Acc 0.7418, AUC 0.7840350270271301, avg_entr 0.009971688501536846, f1 0.74180006980896
ep35_l4_test_time 0.5557560250000506
gc 0
Train Epoch36 Acc 0.99695 (39878/40000), AUC 0.9988502264022827
ep36_train_time 13.771214181000005
Test Epoch36 layer0 Acc 0.7262, AUC 0.7727636098861694, avg_entr 0.05126510560512543, f1 0.7261999845504761
ep36_l0_test_time 0.27414506400009486
Test Epoch36 layer1 Acc 0.7344, AUC 0.7773965001106262, avg_entr 0.017376653850078583, f1 0.7343999147415161
ep36_l1_test_time 0.30884015999993153
Test Epoch36 layer2 Acc 0.74, AUC 0.7852568626403809, avg_entr 0.014969887211918831, f1 0.7400000095367432
ep36_l2_test_time 0.3710566409999956
Test Epoch36 layer3 Acc 0.7408, AUC 0.7843716144561768, avg_entr 0.01065339706838131, f1 0.7408000230789185
ep36_l3_test_time 0.4538485399999672
Test Epoch36 layer4 Acc 0.7414, AUC 0.782386839389801, avg_entr 0.008822957053780556, f1 0.7414000034332275
ep36_l4_test_time 0.5557407939999166
gc 0
Train Epoch37 Acc 0.996975 (39879/40000), AUC 0.9988312721252441
ep37_train_time 13.762740681999958
Test Epoch37 layer0 Acc 0.7262, AUC 0.7729180455207825, avg_entr 0.049680955708026886, f1 0.7261999845504761
ep37_l0_test_time 0.27484934300002806
Test Epoch37 layer1 Acc 0.7334, AUC 0.7764581441879272, avg_entr 0.016477614641189575, f1 0.7333999872207642
ep37_l1_test_time 0.31032919500000844
Test Epoch37 layer2 Acc 0.7416, AUC 0.7850984930992126, avg_entr 0.014871219173073769, f1 0.741599977016449
ep37_l2_test_time 0.37300479800001085
Test Epoch37 layer3 Acc 0.7426, AUC 0.7846283912658691, avg_entr 0.010837055742740631, f1 0.7426000237464905
ep37_l3_test_time 0.45300013700000363
Test Epoch37 layer4 Acc 0.742, AUC 0.7833298444747925, avg_entr 0.009518751874566078, f1 0.7419999837875366
ep37_l4_test_time 0.5555466219999516
gc 0
Train Epoch38 Acc 0.997025 (39881/40000), AUC 0.9989438056945801
ep38_train_time 13.76080849999994
Test Epoch38 layer0 Acc 0.726, AUC 0.7723782062530518, avg_entr 0.049544353038072586, f1 0.7260000109672546
ep38_l0_test_time 0.26963598800000455
Test Epoch38 layer1 Acc 0.7332, AUC 0.7767578363418579, avg_entr 0.015718607231974602, f1 0.7332000136375427
ep38_l1_test_time 0.3075968580000108
Test Epoch38 layer2 Acc 0.7408, AUC 0.7850396633148193, avg_entr 0.014766172505915165, f1 0.7408000230789185
ep38_l2_test_time 0.3719138239999893
Test Epoch38 layer3 Acc 0.7414, AUC 0.7836788892745972, avg_entr 0.01073228009045124, f1 0.7414000034332275
ep38_l3_test_time 0.45229831399990417
Test Epoch38 layer4 Acc 0.7414, AUC 0.7818812131881714, avg_entr 0.008721573278307915, f1 0.7414000034332275
ep38_l4_test_time 0.5651889910000136
gc 0
Train Epoch39 Acc 0.997075 (39883/40000), AUC 0.9989250898361206
ep39_train_time 13.755162104000078
Test Epoch39 layer0 Acc 0.726, AUC 0.772278904914856, avg_entr 0.050037942826747894, f1 0.7260000109672546
ep39_l0_test_time 0.27139534100001583
Test Epoch39 layer1 Acc 0.7326, AUC 0.7768545746803284, avg_entr 0.017091859132051468, f1 0.7325999140739441
ep39_l1_test_time 0.3105276490000506
Test Epoch39 layer2 Acc 0.741, AUC 0.784430980682373, avg_entr 0.01508113369345665, f1 0.7409999370574951
ep39_l2_test_time 0.3729503349999277
Test Epoch39 layer3 Acc 0.7406, AUC 0.783659815788269, avg_entr 0.010973750613629818, f1 0.7405999302864075
ep39_l3_test_time 0.4544482229999858
Test Epoch39 layer4 Acc 0.7408, AUC 0.7820345163345337, avg_entr 0.009163937531411648, f1 0.7408000230789185
ep39_l4_test_time 0.5562559830000282
gc 0
Train Epoch40 Acc 0.997025 (39881/40000), AUC 0.9988956451416016
ep40_train_time 13.74655068900006
Test Epoch40 layer0 Acc 0.7256, AUC 0.7722856998443604, avg_entr 0.05010886862874031, f1 0.7255999445915222
ep40_l0_test_time 0.2716227320000826
Test Epoch40 layer1 Acc 0.7338, AUC 0.7759113907814026, avg_entr 0.015855252742767334, f1 0.7338000535964966
ep40_l1_test_time 0.31082461500000136
Test Epoch40 layer2 Acc 0.7408, AUC 0.7840237617492676, avg_entr 0.014205485582351685, f1 0.7408000230789185
ep40_l2_test_time 0.37282658599997376
Test Epoch40 layer3 Acc 0.7408, AUC 0.7817039489746094, avg_entr 0.0094227259978652, f1 0.7408000230789185
ep40_l3_test_time 0.45337621099997705
Test Epoch40 layer4 Acc 0.7408, AUC 0.7817612886428833, avg_entr 0.008052773773670197, f1 0.7408000230789185
ep40_l4_test_time 0.5561585159999822
gc 0
Train Epoch41 Acc 0.99715 (39886/40000), AUC 0.998932957649231
ep41_train_time 13.78847197899995
Test Epoch41 layer0 Acc 0.7262, AUC 0.7718378305435181, avg_entr 0.04850218445062637, f1 0.7261999845504761
ep41_l0_test_time 0.26945957800000997
Test Epoch41 layer1 Acc 0.7334, AUC 0.7761901617050171, avg_entr 0.01517616119235754, f1 0.7333999872207642
ep41_l1_test_time 0.3086042299999008
Test Epoch41 layer2 Acc 0.7406, AUC 0.782530665397644, avg_entr 0.014649711549282074, f1 0.7405999302864075
ep41_l2_test_time 0.37306423400002586
Test Epoch41 layer3 Acc 0.7424, AUC 0.7814539670944214, avg_entr 0.00868857279419899, f1 0.742400050163269
ep41_l3_test_time 0.45323915899996337
Test Epoch41 layer4 Acc 0.7416, AUC 0.7813116312026978, avg_entr 0.0071036843582987785, f1 0.741599977016449
ep41_l4_test_time 0.5550803229999701
gc 0
Train Epoch42 Acc 0.997225 (39889/40000), AUC 0.9989200830459595
ep42_train_time 13.709363844999984
Test Epoch42 layer0 Acc 0.7248, AUC 0.7718246579170227, avg_entr 0.04960034042596817, f1 0.7247999906539917
ep42_l0_test_time 0.26765865400000166
Test Epoch42 layer1 Acc 0.733, AUC 0.7756185531616211, avg_entr 0.015985995531082153, f1 0.7329999804496765
ep42_l1_test_time 0.3069168399999853
Test Epoch42 layer2 Acc 0.74, AUC 0.7834638357162476, avg_entr 0.014158504083752632, f1 0.7400000095367432
ep42_l2_test_time 0.36831091900000956
Test Epoch42 layer3 Acc 0.74, AUC 0.7815161943435669, avg_entr 0.00863800011575222, f1 0.7400000095367432
ep42_l3_test_time 0.451698763999957
Test Epoch42 layer4 Acc 0.7404, AUC 0.7814393043518066, avg_entr 0.007036656141281128, f1 0.7404000163078308
ep42_l4_test_time 0.5532876470000474
gc 0
Train Epoch43 Acc 0.9972 (39888/40000), AUC 0.998956561088562
ep43_train_time 13.681917835000036
Test Epoch43 layer0 Acc 0.7268, AUC 0.7716959714889526, avg_entr 0.04914632439613342, f1 0.7268000245094299
ep43_l0_test_time 0.2668603129999383
Test Epoch43 layer1 Acc 0.7328, AUC 0.7758632302284241, avg_entr 0.015205648727715015, f1 0.7327999472618103
ep43_l1_test_time 0.30612955799995234
Test Epoch43 layer2 Acc 0.7402, AUC 0.7826787829399109, avg_entr 0.014020714908838272, f1 0.7401999831199646
ep43_l2_test_time 0.3673099989999855
Test Epoch43 layer3 Acc 0.7396, AUC 0.7810794115066528, avg_entr 0.008736968971788883, f1 0.7396000027656555
ep43_l3_test_time 0.44996739900000193
Test Epoch43 layer4 Acc 0.7402, AUC 0.7799568176269531, avg_entr 0.007048426661640406, f1 0.7401999831199646
ep43_l4_test_time 0.5514655640000683
gc 0
Train Epoch44 Acc 0.99725 (39890/40000), AUC 0.9989367723464966
ep44_train_time 13.756418526000061
Test Epoch44 layer0 Acc 0.7254, AUC 0.7716249227523804, avg_entr 0.0495438426733017, f1 0.7253999710083008
ep44_l0_test_time 0.2719215900000336
Test Epoch44 layer1 Acc 0.7326, AUC 0.7757066488265991, avg_entr 0.01567894220352173, f1 0.7325999140739441
ep44_l1_test_time 0.3263686369999732
Test Epoch44 layer2 Acc 0.7392, AUC 0.7827194333076477, avg_entr 0.014054461382329464, f1 0.7391999959945679
ep44_l2_test_time 0.37533256300002904
Test Epoch44 layer3 Acc 0.7388, AUC 0.781033992767334, avg_entr 0.008825727738440037, f1 0.7387999892234802
ep44_l3_test_time 0.45730846799995106
Test Epoch44 layer4 Acc 0.7388, AUC 0.7810336351394653, avg_entr 0.007380360271781683, f1 0.7387999892234802
ep44_l4_test_time 0.5592170319999923
gc 0
Train Epoch45 Acc 0.997225 (39889/40000), AUC 0.9989497065544128
ep45_train_time 13.777011996999931
Test Epoch45 layer0 Acc 0.7268, AUC 0.771484911441803, avg_entr 0.048942673951387405, f1 0.7268000245094299
ep45_l0_test_time 0.2719124740000325
Test Epoch45 layer1 Acc 0.7324, AUC 0.7754184603691101, avg_entr 0.01581033691763878, f1 0.7323999404907227
ep45_l1_test_time 0.31296444800000245
Test Epoch45 layer2 Acc 0.7408, AUC 0.7818669080734253, avg_entr 0.012975909747183323, f1 0.7408000230789185
ep45_l2_test_time 0.37263190400005897
Test Epoch45 layer3 Acc 0.7406, AUC 0.7805770635604858, avg_entr 0.008265414275228977, f1 0.7405999302864075
ep45_l3_test_time 0.45487190300002567
Test Epoch45 layer4 Acc 0.741, AUC 0.7799479365348816, avg_entr 0.006647602189332247, f1 0.7409999370574951
ep45_l4_test_time 0.5582107520000363
gc 0
Train Epoch46 Acc 0.99725 (39890/40000), AUC 0.9989921450614929
ep46_train_time 13.758814726000082
Test Epoch46 layer0 Acc 0.7256, AUC 0.7715761661529541, avg_entr 0.04921487346291542, f1 0.7255999445915222
ep46_l0_test_time 0.2733456019999494
Test Epoch46 layer1 Acc 0.7338, AUC 0.7754157185554504, avg_entr 0.015100746415555477, f1 0.7338000535964966
ep46_l1_test_time 0.31027756799994677
Test Epoch46 layer2 Acc 0.7394, AUC 0.7817474007606506, avg_entr 0.0135174710303545, f1 0.7394000291824341
ep46_l2_test_time 0.3759488480000073
Test Epoch46 layer3 Acc 0.7394, AUC 0.7803987264633179, avg_entr 0.008898258209228516, f1 0.7394000291824341
ep46_l3_test_time 0.45777668300002006
Test Epoch46 layer4 Acc 0.7398, AUC 0.7799178957939148, avg_entr 0.007251290138810873, f1 0.7398000359535217
ep46_l4_test_time 0.5577238509999916
gc 0
Train Epoch47 Acc 0.997275 (39891/40000), AUC 0.998961865901947
ep47_train_time 13.737358757000038
Test Epoch47 layer0 Acc 0.7258, AUC 0.7714332342147827, avg_entr 0.048773083835840225, f1 0.7257999777793884
ep47_l0_test_time 0.27429287500001465
Test Epoch47 layer1 Acc 0.7336, AUC 0.775285542011261, avg_entr 0.015096791088581085, f1 0.7335999608039856
ep47_l1_test_time 0.3102701940000543
Test Epoch47 layer2 Acc 0.7396, AUC 0.781745433807373, avg_entr 0.013147693127393723, f1 0.7396000027656555
ep47_l2_test_time 0.3742203450000261
Test Epoch47 layer3 Acc 0.7396, AUC 0.7804386615753174, avg_entr 0.008677435107529163, f1 0.7396000027656555
ep47_l3_test_time 0.45320270499996695
Test Epoch47 layer4 Acc 0.7398, AUC 0.7799659967422485, avg_entr 0.0074541098438203335, f1 0.7398000359535217
ep47_l4_test_time 0.5567971230000239
gc 0
Train Epoch48 Acc 0.99725 (39890/40000), AUC 0.9989304542541504
ep48_train_time 13.749460182999997
Test Epoch48 layer0 Acc 0.7252, AUC 0.7715057134628296, avg_entr 0.04925696551799774, f1 0.7251999974250793
ep48_l0_test_time 0.27670575700005884
Test Epoch48 layer1 Acc 0.7336, AUC 0.7752434611320496, avg_entr 0.01583291031420231, f1 0.7335999608039856
ep48_l1_test_time 0.31805229499991583
Test Epoch48 layer2 Acc 0.7392, AUC 0.7818812131881714, avg_entr 0.013326271437108517, f1 0.7391999959945679
ep48_l2_test_time 0.37703452999994624
Test Epoch48 layer3 Acc 0.74, AUC 0.7803438901901245, avg_entr 0.008466414175927639, f1 0.7400000095367432
ep48_l3_test_time 0.454081925999958
Test Epoch48 layer4 Acc 0.7404, AUC 0.7801446914672852, avg_entr 0.0071455007418990135, f1 0.7404000163078308
ep48_l4_test_time 0.55906977799998
gc 0
Train Epoch49 Acc 0.997275 (39891/40000), AUC 0.9989368319511414
ep49_train_time 13.795725965000088
Test Epoch49 layer0 Acc 0.7258, AUC 0.7714334726333618, avg_entr 0.0490599200129509, f1 0.7257999777793884
ep49_l0_test_time 0.27308789699998215
Test Epoch49 layer1 Acc 0.7338, AUC 0.7752553224563599, avg_entr 0.015497149899601936, f1 0.7338000535964966
ep49_l1_test_time 0.31431091600006766
Test Epoch49 layer2 Acc 0.7396, AUC 0.7815941572189331, avg_entr 0.013515586964786053, f1 0.7396000027656555
ep49_l2_test_time 0.37180130000001554
Test Epoch49 layer3 Acc 0.7406, AUC 0.7803980112075806, avg_entr 0.008573643863201141, f1 0.7405999302864075
ep49_l3_test_time 0.4577857929999709
Test Epoch49 layer4 Acc 0.7406, AUC 0.7798516750335693, avg_entr 0.007285421714186668, f1 0.7405999302864075
ep49_l4_test_time 0.5556624360000342
Best AUC tensor(0.7822) 13 4
train_as_loss [[8.90444721e+01 5.98274168e+01 5.22718688e+01 5.05342091e+01
  4.99276173e+01 4.96507950e+01 4.95021824e+01 4.94133804e+01
  4.93561859e+01 4.93172244e+01 4.92895274e+01 4.92691543e+01
  4.92537502e+01 4.92418369e+01 4.92324440e+01 4.92249205e+01
  4.92188076e+01 4.92137831e+01 4.92105453e+01 4.92085756e+01
  4.92067056e+01 4.92049404e+01 4.92036720e+01 4.92028352e+01
  4.92019936e+01 4.92011514e+01 4.92005180e+01 4.92000829e+01
  4.91996334e+01 4.91991692e+01 4.91988138e+01 4.91985608e+01
  4.91982985e+01 4.91980243e+01 4.91978095e+01 4.91976540e+01
  4.91974913e+01 4.91973199e+01 4.91971855e+01 4.91970887e+01
  4.91969825e+01 4.91968712e+01 4.91967895e+01 4.91967194e+01
  4.91966551e+01 4.91965821e+01 4.91965160e+01 4.91964926e+01
  4.91964397e+01 4.91963810e+01]
 [2.08742753e+00 4.34701572e-04 2.05795291e-05 5.31797189e-06
  2.04745287e-06 9.64050199e-07 5.24502279e-07 3.03669879e-07
  1.91152379e-07 1.21286608e-07 8.12268321e-08 5.72118471e-08
  4.19327949e-08 2.96559038e-08 2.17899732e-08 4.20283262e-07
  6.60097063e-07 1.78922673e-06 4.31508326e-08 6.86475587e-09
  6.03305459e-09 5.21540328e-09 4.70359434e-09 4.25171939e-09
  3.93918265e-09 3.64798730e-09 3.34301883e-09 3.20512170e-09
  3.09997545e-09 2.89223994e-09 2.76384575e-09 2.70177534e-09
  2.62436622e-09 2.51619618e-09 2.44518482e-09 2.38319772e-09
  2.33630140e-09 2.27143248e-09 2.25951670e-09 2.19740290e-09
  2.15520030e-09 2.10329059e-09 2.13701335e-09 2.08116451e-09
  2.03099711e-09 1.96624247e-09 2.08017361e-09 2.01336327e-09
  1.94128188e-09 1.86632887e-09]
 [2.15099558e+00 4.72818320e-04 1.71829692e-05 4.94314220e-06
  2.03441261e-06 9.99295779e-07 5.56102911e-07 3.34853794e-07
  2.14715417e-07 1.38625102e-07 9.31108006e-08 6.79960097e-08
  5.16596864e-08 3.62046300e-08 2.60633804e-08 2.88513658e-07
  5.33181399e-07 1.54962520e-06 4.53648949e-08 8.19599548e-09
  7.27724357e-09 6.34135915e-09 5.61694553e-09 5.01988481e-09
  4.66194815e-09 4.29859561e-09 3.90478473e-09 3.73881166e-09
  3.63198518e-09 3.38193357e-09 3.20716015e-09 3.14038838e-09
  3.05415238e-09 2.92958832e-09 2.82755968e-09 2.75985659e-09
  2.70166932e-09 2.64936880e-09 2.60626055e-09 2.54353648e-09
  2.48560584e-09 2.43043295e-09 2.47485605e-09 2.41806197e-09
  2.35508260e-09 2.29419079e-09 2.41742455e-09 2.33820387e-09
  2.26770997e-09 2.17341197e-09]
 [1.85874841e+00 9.56094341e-04 1.06066268e-05 3.25319258e-06
  1.42772535e-06 7.10788821e-07 4.00424529e-07 2.52568906e-07
  1.70243539e-07 1.09291842e-07 7.11847729e-08 6.06214490e-08
  5.36283251e-08 3.60869782e-08 2.38248456e-08 3.44065014e-07
  7.07238786e-07 2.14695037e-06 6.40512249e-08 6.95943064e-09
  6.52943991e-09 5.78718701e-09 4.54591490e-09 3.83124458e-09
  3.60961560e-09 3.33895738e-09 2.76388240e-09 2.60348412e-09
  2.64995163e-09 2.41808707e-09 2.17848990e-09 2.17729725e-09
  2.11662457e-09 2.03980076e-09 1.95836389e-09 1.88544239e-09
  1.86610309e-09 1.83407564e-09 1.82048705e-09 1.75811156e-09
  1.72459731e-09 1.67524978e-09 1.75359708e-09 1.68157188e-09
  1.64492069e-09 1.59318699e-09 1.78982924e-09 1.73557241e-09
  1.67039054e-09 1.59862490e-09]
 [1.86119124e+00 1.78526982e-03 1.56077853e-05 5.10337174e-06
  2.42912568e-06 1.15502338e-06 6.35285446e-07 4.38022748e-07
  2.82558223e-07 1.87720973e-07 1.22840376e-07 1.17463714e-07
  1.25078724e-07 8.33851019e-08 5.40595421e-08 3.35171761e-07
  7.35373404e-07 2.21731708e-06 1.41500344e-07 1.17950014e-08
  1.21789377e-08 1.21619263e-08 7.31542157e-09 5.69790517e-09
  5.42434331e-09 4.91833210e-09 3.59099703e-09 3.27025966e-09
  3.58088953e-09 3.17943198e-09 2.68792163e-09 2.71383108e-09
  2.63853317e-09 2.56211864e-09 2.39628708e-09 2.30617164e-09
  2.29384352e-09 2.27776826e-09 2.20259509e-09 2.15706742e-09
  2.11375482e-09 2.05786038e-09 2.12028109e-09 2.07009573e-09
  2.02461235e-09 1.95585609e-09 2.13013568e-09 2.09385507e-09
  2.03839294e-09 1.96832063e-09]]
train_ae_loss [[2.68062069 2.94436246 4.39471013 5.36790897 5.68437571 5.80719275
  5.90011179 5.76848099 5.67576285 5.43075411 5.32480278 5.06490519
  4.71423591 4.51099504 4.10860644 3.99396986 3.47014017 3.13288267
  2.54308178 2.31537009 2.14358131 1.88248711 1.65533573 1.51237843
  1.43898645 1.43790448 1.29031918 1.24290357 1.21150556 1.17537576
  1.13138812 1.11807641 1.10310406 1.09062769 1.07013814 1.06454121
  1.05309242 1.04688113 1.04025456 1.03544121 1.03525677 1.02273957
  1.02523729 1.01571031 1.02051138 1.01315315 1.01249096 1.00766087
  1.00847756 1.00779377]
 [1.97349141 2.71565724 4.08396747 5.0065564  5.35664071 5.19124353
  5.19913241 4.96260496 4.82090177 4.5439601  4.4277912  4.12689428
  3.71567838 3.4996918  3.06095745 2.96001983 2.34488301 1.99688506
  1.41793649 1.23264635 1.07880893 0.86210601 0.68302957 0.59476916
  0.53992734 0.52101276 0.43195683 0.40317796 0.3793597  0.35614539
  0.3302635  0.32041696 0.31145833 0.30326083 0.29665202 0.29286091
  0.2888237  0.28592565 0.28030059 0.2784439  0.28111988 0.27378123
  0.27421185 0.27049238 0.27120296 0.26817833 0.26662133 0.26594648
  0.26538711 0.26477673]
 [1.75299951 2.86010912 4.24987142 5.13201337 5.43319417 5.23446829
  5.19510881 4.85331025 4.6536057  4.32891135 4.17977937 3.8575442
  3.40565154 3.17244048 2.69073973 2.58899349 1.94655505 1.59870027
  1.04879298 0.91216128 0.78003119 0.60514202 0.46224268 0.39426769
  0.35050575 0.34486161 0.27073021 0.25831111 0.24170313 0.22830397
  0.21170541 0.20277669 0.19844611 0.19183853 0.18602696 0.18251921
  0.17958937 0.17836214 0.17331039 0.17145995 0.17429201 0.16710272
  0.16844836 0.1644556  0.1638631  0.16254896 0.1612927  0.16089539
  0.16069679 0.16032414]
 [1.49366434 2.52119656 3.73400509 4.53040667 5.08096046 5.09801729
  4.70831337 4.31623906 4.1208166  3.80718615 3.6916943  3.39285961
  2.97940219 2.77611569 2.35696037 2.28169123 1.69098919 1.38504299
  0.88655369 0.77077519 0.64517819 0.49450781 0.359308   0.29935283
  0.26425537 0.2602661  0.19557396 0.18206924 0.17109751 0.1615059
  0.1422183  0.13556877 0.13395015 0.12727904 0.12241202 0.11943673
  0.11851528 0.11702918 0.11384897 0.11152446 0.11402072 0.10818786
  0.10931178 0.1060923  0.10527217 0.10446876 0.10336953 0.10325955
  0.10312051 0.10282238]
 [1.53311009 2.52805261 3.68511847 4.42927203 4.94144312 5.32940885
  5.62613263 4.77983015 4.04177315 3.69860555 3.59266486 3.28757949
  2.87464957 2.68981069 2.27958333 2.2023494  1.63366855 1.32433644
  0.83442546 0.73094052 0.60617919 0.46704789 0.33330942 0.27387891
  0.24351749 0.23812114 0.17779832 0.16590495 0.15402022 0.14589911
  0.12816591 0.12243547 0.12020117 0.11445864 0.11097528 0.10761247
  0.10732887 0.10551055 0.10298976 0.10090832 0.10276708 0.09695062
  0.0983811  0.09500939 0.09424332 0.09347724 0.09289822 0.0927125
  0.09223822 0.09223909]]
valid_acc (5, 50)
valid_AUC (5, 50)
train_acc (50,)
total_train+valid_time 795.294763427
Start Testing
Load ckpt at ckpt/imdb_lstmalside_l5_256_sidead//imdb_lstmalside_l5_side.pt
gc 10
Test layer0 Acc 0.7442, AUC 0.8233095407485962, avg_entr 0.18554985523223877, f1 0.7441999316215515
l0_test_time 0.28079760799994347
gc 0
Test layer1 Acc 0.7682, AUC 0.8496118783950806, avg_entr 0.1569501757621765, f1 0.7681999802589417
l1_test_time 0.3166871330000731
gc 0
Test layer2 Acc 0.7802, AUC 0.858811616897583, avg_entr 0.15681304037570953, f1 0.7801999449729919
l2_test_time 0.3822328799999468
gc 0
Test layer3 Acc 0.7888, AUC 0.8632594347000122, avg_entr 0.14888399839401245, f1 0.7888000011444092
l3_test_time 0.46024922999993123
gc 0
Test layer4 Acc 0.7862, AUC 0.8699188232421875, avg_entr 0.15387506783008575, f1 0.7861999869346619
l4_test_time 0.5647089839999353
gc 0
Test threshold 0.1 Acc 0.784, AUC 0.8486589193344116, avg_entr 0.1635548323392868, f1 0.7839999794960022
t0.1_test_time 0.5069753499999479
gc 0
Test threshold 0.2 Acc 0.7806, AUC 0.8404450416564941, avg_entr 0.14434555172920227, f1 0.7806000113487244
t0.2_test_time 0.4880530149999913
gc 0
Test threshold 0.3 Acc 0.7752, AUC 0.8373010158538818, avg_entr 0.14033815264701843, f1 0.7752000093460083
t0.3_test_time 0.4740478340000891
gc 0
Test threshold 0.4 Acc 0.7722, AUC 0.8349763751029968, avg_entr 0.1432523876428604, f1 0.7721999287605286
t0.4_test_time 0.47215456600008565
gc 0
Test threshold 0.5 Acc 0.7672, AUC 0.8332964181900024, avg_entr 0.15392206609249115, f1 0.7671999931335449
t0.5_test_time 0.46453947800000606
gc 0
Test threshold 0.6 Acc 0.7644, AUC 0.8301404118537903, avg_entr 0.16437073051929474, f1 0.7644000053405762
t0.6_test_time 0.4647975720000659
gc 0
Test threshold 0.7 Acc 0.7614, AUC 0.8287233114242554, avg_entr 0.17956481873989105, f1 0.7613999843597412
t0.7_test_time 0.45402065199994013
gc 0
Test threshold 0.8 Acc 0.7558, AUC 0.8273193836212158, avg_entr 0.19943100214004517, f1 0.7557999491691589
t0.8_test_time 0.44000066200010224
gc 0
Test threshold 0.9 Acc 0.753, AUC 0.8267722725868225, avg_entr 0.22268100082874298, f1 0.753000020980835
t0.9_test_time 0.3964889390000508
