total count words 222751
vocab size 30000
found 27937 words in glove
Start Training
gc 0
Train Epoch0 Acc 0.499625 (19985/40000), AUC 0.4956348240375519
Test Epoch0 layer0 Acc 0.515, AUC 0.5146634578704834, avg_entr 0.7077009081840515
Save ckpt to ckpt/imdb_linearalside_l5_side150//imdb_linearalside_l5_side.pt  ,ep 0
Test Epoch0 layer1 Acc 0.4878, AUC 0.49037641286849976, avg_entr 0.7078712582588196
Test Epoch0 layer2 Acc 0.4941, AUC 0.4960877001285553, avg_entr 0.7081880569458008
Test Epoch0 layer3 Acc 0.5089, AUC 0.5076251029968262, avg_entr 0.7084011435508728
Test Epoch0 layer4 Acc 0.4939, AUC 0.48941245675086975, avg_entr 0.7085638642311096
gc 0
Train Epoch1 Acc 0.5053 (20212/40000), AUC 0.5037412643432617
Test Epoch1 layer0 Acc 0.5201, AUC 0.5326859951019287, avg_entr 0.6921147704124451
Save ckpt to ckpt/imdb_linearalside_l5_side150//imdb_linearalside_l5_side.pt  ,ep 1
Test Epoch1 layer1 Acc 0.5007, AUC 0.500943660736084, avg_entr 0.6909007430076599
Test Epoch1 layer2 Acc 0.5042, AUC 0.507233738899231, avg_entr 0.6922449469566345
Test Epoch1 layer3 Acc 0.5132, AUC 0.5192956924438477, avg_entr 0.6917600631713867
Test Epoch1 layer4 Acc 0.4974, AUC 0.49782758951187134, avg_entr 0.6922377943992615
gc 0
Train Epoch2 Acc 0.517625 (20705/40000), AUC 0.5186265707015991
Test Epoch2 layer0 Acc 0.5386, AUC 0.5514209866523743, avg_entr 0.6906208992004395
Save ckpt to ckpt/imdb_linearalside_l5_side150//imdb_linearalside_l5_side.pt  ,ep 2
Test Epoch2 layer1 Acc 0.5099, AUC 0.5189630389213562, avg_entr 0.6904800534248352
Test Epoch2 layer2 Acc 0.5093, AUC 0.5193923711776733, avg_entr 0.6893129944801331
Test Epoch2 layer3 Acc 0.5248, AUC 0.5295220017433167, avg_entr 0.6883873343467712
Test Epoch2 layer4 Acc 0.5024, AUC 0.5075899362564087, avg_entr 0.690035343170166
gc 0
Train Epoch3 Acc 0.523625 (20945/40000), AUC 0.5294599533081055
Test Epoch3 layer0 Acc 0.5351, AUC 0.566596508026123, avg_entr 0.6869761347770691
Save ckpt to ckpt/imdb_linearalside_l5_side150//imdb_linearalside_l5_side.pt  ,ep 3
Test Epoch3 layer1 Acc 0.5217, AUC 0.5390753746032715, avg_entr 0.6863014101982117
Test Epoch3 layer2 Acc 0.5211, AUC 0.5303990840911865, avg_entr 0.6864293217658997
Test Epoch3 layer3 Acc 0.5223, AUC 0.5408766269683838, avg_entr 0.6834377646446228
Test Epoch3 layer4 Acc 0.5107, AUC 0.5151212215423584, avg_entr 0.6848453879356384
gc 0
Train Epoch4 Acc 0.525775 (21031/40000), AUC 0.5339826345443726
Test Epoch4 layer0 Acc 0.5564, AUC 0.5792039632797241, avg_entr 0.684559166431427
Save ckpt to ckpt/imdb_linearalside_l5_side150//imdb_linearalside_l5_side.pt  ,ep 4
Test Epoch4 layer1 Acc 0.5407, AUC 0.5568640828132629, avg_entr 0.689985990524292
Test Epoch4 layer2 Acc 0.5323, AUC 0.5408632755279541, avg_entr 0.6858436465263367
Test Epoch4 layer3 Acc 0.5352, AUC 0.5504430532455444, avg_entr 0.6879164576530457
Test Epoch4 layer4 Acc 0.5175, AUC 0.5241491794586182, avg_entr 0.6895007491111755
gc 0
Train Epoch5 Acc 0.530775 (21231/40000), AUC 0.5424237251281738
Test Epoch5 layer0 Acc 0.5537, AUC 0.5878827571868896, avg_entr 0.6800330877304077
Save ckpt to ckpt/imdb_linearalside_l5_side150//imdb_linearalside_l5_side.pt  ,ep 5
Test Epoch5 layer1 Acc 0.545, AUC 0.5702071189880371, avg_entr 0.6862934827804565
Test Epoch5 layer2 Acc 0.5383, AUC 0.5512983798980713, avg_entr 0.6848694086074829
Test Epoch5 layer3 Acc 0.5369, AUC 0.5573828220367432, avg_entr 0.6842091679573059
Test Epoch5 layer4 Acc 0.5186, AUC 0.5289227962493896, avg_entr 0.6827282309532166
gc 0
Train Epoch6 Acc 0.53945 (21578/40000), AUC 0.5494551658630371
Test Epoch6 layer0 Acc 0.5578, AUC 0.5933558344841003, avg_entr 0.6693427562713623
Save ckpt to ckpt/imdb_linearalside_l5_side150//imdb_linearalside_l5_side.pt  ,ep 6
Test Epoch6 layer1 Acc 0.5551, AUC 0.5798519849777222, avg_entr 0.684069037437439
Test Epoch6 layer2 Acc 0.5413, AUC 0.5604104995727539, avg_entr 0.6819576025009155
Test Epoch6 layer3 Acc 0.5455, AUC 0.5658276081085205, avg_entr 0.6837896704673767
Test Epoch6 layer4 Acc 0.5213, AUC 0.5413974523544312, avg_entr 0.6861029863357544
gc 0
Train Epoch7 Acc 0.543425 (21737/40000), AUC 0.5601450800895691
Test Epoch7 layer0 Acc 0.5614, AUC 0.5979783535003662, avg_entr 0.6659587025642395
Save ckpt to ckpt/imdb_linearalside_l5_side150//imdb_linearalside_l5_side.pt  ,ep 7
Test Epoch7 layer1 Acc 0.5503, AUC 0.5878584384918213, avg_entr 0.681704044342041
Test Epoch7 layer2 Acc 0.545, AUC 0.5700887441635132, avg_entr 0.678398609161377
Test Epoch7 layer3 Acc 0.547, AUC 0.5704110860824585, avg_entr 0.6792155504226685
Test Epoch7 layer4 Acc 0.5297, AUC 0.5435681343078613, avg_entr 0.681526243686676
gc 0
Train Epoch8 Acc 0.549025 (21961/40000), AUC 0.5700264573097229
Test Epoch8 layer0 Acc 0.5641, AUC 0.6007103323936462, avg_entr 0.6539632081985474
Save ckpt to ckpt/imdb_linearalside_l5_side150//imdb_linearalside_l5_side.pt  ,ep 8
Test Epoch8 layer1 Acc 0.543, AUC 0.593744158744812, avg_entr 0.6647012829780579
Test Epoch8 layer2 Acc 0.5341, AUC 0.5788606405258179, avg_entr 0.6621148586273193
Test Epoch8 layer3 Acc 0.5347, AUC 0.5776194930076599, avg_entr 0.6609041094779968
Test Epoch8 layer4 Acc 0.5153, AUC 0.5568957328796387, avg_entr 0.6532372832298279
gc 0
Train Epoch9 Acc 0.5488 (21952/40000), AUC 0.5730401277542114
Test Epoch9 layer0 Acc 0.5687, AUC 0.6034541130065918, avg_entr 0.6451689600944519
Save ckpt to ckpt/imdb_linearalside_l5_side150//imdb_linearalside_l5_side.pt  ,ep 9
Test Epoch9 layer1 Acc 0.5628, AUC 0.5987839698791504, avg_entr 0.6632729768753052
Test Epoch9 layer2 Acc 0.5524, AUC 0.5850703120231628, avg_entr 0.6632847785949707
Test Epoch9 layer3 Acc 0.5637, AUC 0.5808975696563721, avg_entr 0.669032871723175
Test Epoch9 layer4 Acc 0.5399, AUC 0.5552887320518494, avg_entr 0.6704764366149902
gc 0
Train Epoch10 Acc 0.560725 (22429/40000), AUC 0.5831311941146851
Test Epoch10 layer0 Acc 0.5652, AUC 0.6055278778076172, avg_entr 0.6303048729896545
Save ckpt to ckpt/imdb_linearalside_l5_side150//imdb_linearalside_l5_side.pt  ,ep 10
Test Epoch10 layer1 Acc 0.572, AUC 0.6030664443969727, avg_entr 0.6642537713050842
Test Epoch10 layer2 Acc 0.5604, AUC 0.5907442569732666, avg_entr 0.661034345626831
Test Epoch10 layer3 Acc 0.5613, AUC 0.5880380868911743, avg_entr 0.6683963537216187
Test Epoch10 layer4 Acc 0.5509, AUC 0.5688329339027405, avg_entr 0.6693991422653198
gc 0
Train Epoch11 Acc 0.56785 (22714/40000), AUC 0.591475248336792
Test Epoch11 layer0 Acc 0.5735, AUC 0.6075600385665894, avg_entr 0.6271690130233765
Save ckpt to ckpt/imdb_linearalside_l5_side150//imdb_linearalside_l5_side.pt  ,ep 11
Test Epoch11 layer1 Acc 0.5739, AUC 0.6064684391021729, avg_entr 0.651816725730896
Test Epoch11 layer2 Acc 0.5604, AUC 0.5959646701812744, avg_entr 0.6441988945007324
Test Epoch11 layer3 Acc 0.5504, AUC 0.5891856551170349, avg_entr 0.6467932462692261
Test Epoch11 layer4 Acc 0.5358, AUC 0.5636119246482849, avg_entr 0.6480052471160889
gc 0
Train Epoch12 Acc 0.5709 (22836/40000), AUC 0.5974899530410767
Test Epoch12 layer0 Acc 0.5611, AUC 0.6089233160018921, avg_entr 0.5898589491844177
Save ckpt to ckpt/imdb_linearalside_l5_side150//imdb_linearalside_l5_side.pt  ,ep 12
Test Epoch12 layer1 Acc 0.5608, AUC 0.609178900718689, avg_entr 0.6189452409744263
Save ckpt to ckpt/imdb_linearalside_l5_side150//imdb_linearalside_l5_side.pt  ,ep 12
Test Epoch12 layer2 Acc 0.5576, AUC 0.6001085638999939, avg_entr 0.6187880039215088
Test Epoch12 layer3 Acc 0.5488, AUC 0.5927987694740295, avg_entr 0.6249660849571228
Test Epoch12 layer4 Acc 0.5347, AUC 0.5715869665145874, avg_entr 0.6212727427482605
gc 0
Train Epoch13 Acc 0.5738 (22952/40000), AUC 0.6015682816505432
Test Epoch13 layer0 Acc 0.5754, AUC 0.6100913882255554, avg_entr 0.6018758416175842
Save ckpt to ckpt/imdb_linearalside_l5_side150//imdb_linearalside_l5_side.pt  ,ep 13
Test Epoch13 layer1 Acc 0.5786, AUC 0.6113771200180054, avg_entr 0.6270411014556885
Save ckpt to ckpt/imdb_linearalside_l5_side150//imdb_linearalside_l5_side.pt  ,ep 13
Test Epoch13 layer2 Acc 0.5695, AUC 0.6042183637619019, avg_entr 0.6212204694747925
Test Epoch13 layer3 Acc 0.5733, AUC 0.5992110967636108, avg_entr 0.6388340592384338
Test Epoch13 layer4 Acc 0.5593, AUC 0.5828143358230591, avg_entr 0.6412158012390137
gc 0
Train Epoch14 Acc 0.57755 (23102/40000), AUC 0.6066661477088928
Test Epoch14 layer0 Acc 0.5748, AUC 0.6115146279335022, avg_entr 0.5878261923789978
Save ckpt to ckpt/imdb_linearalside_l5_side150//imdb_linearalside_l5_side.pt  ,ep 14
Test Epoch14 layer1 Acc 0.5776, AUC 0.6133721470832825, avg_entr 0.6088330149650574
Save ckpt to ckpt/imdb_linearalside_l5_side150//imdb_linearalside_l5_side.pt  ,ep 14
Test Epoch14 layer2 Acc 0.5738, AUC 0.6072118282318115, avg_entr 0.6088030338287354
Test Epoch14 layer3 Acc 0.5724, AUC 0.601979672908783, avg_entr 0.6254400610923767
Test Epoch14 layer4 Acc 0.5626, AUC 0.5880178809165955, avg_entr 0.6356261372566223
gc 0
Train Epoch15 Acc 0.57935 (23174/40000), AUC 0.6092028021812439
Test Epoch15 layer0 Acc 0.5756, AUC 0.61241614818573, avg_entr 0.5675492286682129
Test Epoch15 layer1 Acc 0.5739, AUC 0.6149386167526245, avg_entr 0.583608865737915
Save ckpt to ckpt/imdb_linearalside_l5_side150//imdb_linearalside_l5_side.pt  ,ep 15
Test Epoch15 layer2 Acc 0.569, AUC 0.6099034547805786, avg_entr 0.5801464319229126
Test Epoch15 layer3 Acc 0.5609, AUC 0.6044192314147949, avg_entr 0.5850676894187927
Test Epoch15 layer4 Acc 0.5541, AUC 0.5910205245018005, avg_entr 0.6002960205078125
gc 0
Train Epoch16 Acc 0.5806 (23224/40000), AUC 0.6150920391082764
Test Epoch16 layer0 Acc 0.5639, AUC 0.6130273342132568, avg_entr 0.5394343733787537
Test Epoch16 layer1 Acc 0.5714, AUC 0.6157003045082092, avg_entr 0.5745010375976562
Save ckpt to ckpt/imdb_linearalside_l5_side150//imdb_linearalside_l5_side.pt  ,ep 16
Test Epoch16 layer2 Acc 0.5713, AUC 0.6114203929901123, avg_entr 0.5694748759269714
Test Epoch16 layer3 Acc 0.5624, AUC 0.6040375232696533, avg_entr 0.5809435844421387
Test Epoch16 layer4 Acc 0.5622, AUC 0.5907372236251831, avg_entr 0.5977031588554382
gc 0
Train Epoch17 Acc 0.584825 (23393/40000), AUC 0.6193633079528809
Test Epoch17 layer0 Acc 0.5807, AUC 0.6140393018722534, avg_entr 0.5581800937652588
Test Epoch17 layer1 Acc 0.5828, AUC 0.6171174645423889, avg_entr 0.5739288926124573
Save ckpt to ckpt/imdb_linearalside_l5_side150//imdb_linearalside_l5_side.pt  ,ep 17
Test Epoch17 layer2 Acc 0.5823, AUC 0.6133774518966675, avg_entr 0.5671542286872864
Test Epoch17 layer3 Acc 0.577, AUC 0.6070668697357178, avg_entr 0.5845825672149658
Test Epoch17 layer4 Acc 0.5673, AUC 0.5923737287521362, avg_entr 0.5850116014480591
gc 0
Train Epoch18 Acc 0.586325 (23453/40000), AUC 0.6206627488136292
Test Epoch18 layer0 Acc 0.5821, AUC 0.6144181489944458, avg_entr 0.5466966032981873
Test Epoch18 layer1 Acc 0.5847, AUC 0.61789870262146, avg_entr 0.5612764358520508
Save ckpt to ckpt/imdb_linearalside_l5_side150//imdb_linearalside_l5_side.pt  ,ep 18
Test Epoch18 layer2 Acc 0.5799, AUC 0.6147803068161011, avg_entr 0.5563254356384277
Test Epoch18 layer3 Acc 0.578, AUC 0.6093032360076904, avg_entr 0.5643197894096375
Test Epoch18 layer4 Acc 0.5642, AUC 0.5975521802902222, avg_entr 0.5682624578475952
gc 0
Train Epoch19 Acc 0.58615 (23446/40000), AUC 0.6222975850105286
Test Epoch19 layer0 Acc 0.5809, AUC 0.615217924118042, avg_entr 0.5387293696403503
Test Epoch19 layer1 Acc 0.5837, AUC 0.6185213327407837, avg_entr 0.5487345457077026
Save ckpt to ckpt/imdb_linearalside_l5_side150//imdb_linearalside_l5_side.pt  ,ep 19
Test Epoch19 layer2 Acc 0.5823, AUC 0.6161285638809204, avg_entr 0.5453030467033386
Test Epoch19 layer3 Acc 0.578, AUC 0.6096384525299072, avg_entr 0.5601494312286377
Test Epoch19 layer4 Acc 0.5735, AUC 0.59735107421875, avg_entr 0.5648408532142639
gc 0
Train Epoch20 Acc 0.589725 (23589/40000), AUC 0.6245125532150269
Test Epoch20 layer0 Acc 0.5767, AUC 0.6155496835708618, avg_entr 0.5216420888900757
Test Epoch20 layer1 Acc 0.5762, AUC 0.6187747716903687, avg_entr 0.531240701675415
Save ckpt to ckpt/imdb_linearalside_l5_side150//imdb_linearalside_l5_side.pt  ,ep 20
Test Epoch20 layer2 Acc 0.5786, AUC 0.6157954335212708, avg_entr 0.5152029991149902
Test Epoch20 layer3 Acc 0.5743, AUC 0.6109542846679688, avg_entr 0.5428949594497681
Test Epoch20 layer4 Acc 0.5796, AUC 0.6007763147354126, avg_entr 0.5573893785476685
gc 0
Train Epoch21 Acc 0.5925 (23700/40000), AUC 0.6264111995697021
Test Epoch21 layer0 Acc 0.5801, AUC 0.6157956123352051, avg_entr 0.5111474990844727
Test Epoch21 layer1 Acc 0.5838, AUC 0.6194440126419067, avg_entr 0.5249343514442444
Save ckpt to ckpt/imdb_linearalside_l5_side150//imdb_linearalside_l5_side.pt  ,ep 21
Test Epoch21 layer2 Acc 0.5815, AUC 0.6175626516342163, avg_entr 0.5236527323722839
Test Epoch21 layer3 Acc 0.5813, AUC 0.6126419305801392, avg_entr 0.539216160774231
Test Epoch21 layer4 Acc 0.5711, AUC 0.6022861003875732, avg_entr 0.5419251918792725
gc 0
Train Epoch22 Acc 0.5903 (23612/40000), AUC 0.6256883144378662
Test Epoch22 layer0 Acc 0.5788, AUC 0.6156736016273499, avg_entr 0.5155152082443237
Test Epoch22 layer1 Acc 0.5836, AUC 0.6191571950912476, avg_entr 0.5213791728019714
Test Epoch22 layer2 Acc 0.5825, AUC 0.6170064210891724, avg_entr 0.5009890794754028
Test Epoch22 layer3 Acc 0.5726, AUC 0.6121799945831299, avg_entr 0.5188457369804382
Test Epoch22 layer4 Acc 0.5744, AUC 0.599390983581543, avg_entr 0.5231289267539978
gc 0
Train Epoch23 Acc 0.5906 (23624/40000), AUC 0.6275182366371155
Test Epoch23 layer0 Acc 0.5827, AUC 0.616491973400116, avg_entr 0.5073902606964111
Test Epoch23 layer1 Acc 0.5847, AUC 0.6197326183319092, avg_entr 0.5132002830505371
Save ckpt to ckpt/imdb_linearalside_l5_side150//imdb_linearalside_l5_side.pt  ,ep 23
Test Epoch23 layer2 Acc 0.5829, AUC 0.6178518533706665, avg_entr 0.504541277885437
Test Epoch23 layer3 Acc 0.5828, AUC 0.6135044097900391, avg_entr 0.5206208229064941
Test Epoch23 layer4 Acc 0.5798, AUC 0.6029038429260254, avg_entr 0.5259109139442444
gc 0
Train Epoch24 Acc 0.5934 (23736/40000), AUC 0.6299136877059937
Test Epoch24 layer0 Acc 0.5806, AUC 0.6168377995491028, avg_entr 0.48673832416534424
Test Epoch24 layer1 Acc 0.578, AUC 0.6200612187385559, avg_entr 0.4738227128982544
Save ckpt to ckpt/imdb_linearalside_l5_side150//imdb_linearalside_l5_side.pt  ,ep 24
Test Epoch24 layer2 Acc 0.5706, AUC 0.6184471845626831, avg_entr 0.4595877528190613
Test Epoch24 layer3 Acc 0.5717, AUC 0.6134180426597595, avg_entr 0.4731220304965973
Test Epoch24 layer4 Acc 0.5698, AUC 0.6034789085388184, avg_entr 0.5001497268676758
gc 0
Train Epoch25 Acc 0.593175 (23727/40000), AUC 0.6298004984855652
Test Epoch25 layer0 Acc 0.5827, AUC 0.6173144578933716, avg_entr 0.4809531271457672
Test Epoch25 layer1 Acc 0.5862, AUC 0.6202040910720825, avg_entr 0.48807403445243835
Save ckpt to ckpt/imdb_linearalside_l5_side150//imdb_linearalside_l5_side.pt  ,ep 25
Test Epoch25 layer2 Acc 0.5793, AUC 0.6185702085494995, avg_entr 0.4824102520942688
Test Epoch25 layer3 Acc 0.5812, AUC 0.6148301362991333, avg_entr 0.5009459853172302
Test Epoch25 layer4 Acc 0.5746, AUC 0.6044501066207886, avg_entr 0.5031259655952454
gc 0
Train Epoch26 Acc 0.594425 (23777/40000), AUC 0.6295338869094849
Test Epoch26 layer0 Acc 0.5855, AUC 0.6174873113632202, avg_entr 0.4850541949272156
Test Epoch26 layer1 Acc 0.5889, AUC 0.6201521754264832, avg_entr 0.4878348708152771
Test Epoch26 layer2 Acc 0.5836, AUC 0.6181596517562866, avg_entr 0.4813435971736908
Test Epoch26 layer3 Acc 0.5835, AUC 0.6149163246154785, avg_entr 0.4992680549621582
Test Epoch26 layer4 Acc 0.5806, AUC 0.6045955419540405, avg_entr 0.5028079152107239
gc 0
Train Epoch27 Acc 0.59465 (23786/40000), AUC 0.6310135126113892
Test Epoch27 layer0 Acc 0.5855, AUC 0.6176325082778931, avg_entr 0.4753641188144684
Test Epoch27 layer1 Acc 0.5884, AUC 0.6199909448623657, avg_entr 0.47889769077301025
Test Epoch27 layer2 Acc 0.5833, AUC 0.6187425851821899, avg_entr 0.476612389087677
Test Epoch27 layer3 Acc 0.5844, AUC 0.6150080561637878, avg_entr 0.49289125204086304
Test Epoch27 layer4 Acc 0.5802, AUC 0.6041109561920166, avg_entr 0.4929048418998718
gc 0
Train Epoch28 Acc 0.58955 (23582/40000), AUC 0.6278896331787109
Test Epoch28 layer0 Acc 0.5414, AUC 0.6171060800552368, avg_entr 0.37758782505989075
Test Epoch28 layer1 Acc 0.5541, AUC 0.6189662218093872, avg_entr 0.39206331968307495
Test Epoch28 layer2 Acc 0.5554, AUC 0.6179710626602173, avg_entr 0.3817916214466095
Test Epoch28 layer3 Acc 0.5535, AUC 0.6137347221374512, avg_entr 0.41678521037101746
Test Epoch28 layer4 Acc 0.5533, AUC 0.6018514037132263, avg_entr 0.41673052310943604
gc 0
Train Epoch29 Acc 0.593575 (23743/40000), AUC 0.6302667856216431
Test Epoch29 layer0 Acc 0.5738, AUC 0.6178814768791199, avg_entr 0.4556657373905182
Test Epoch29 layer1 Acc 0.5746, AUC 0.6192538738250732, avg_entr 0.4581046402454376
Test Epoch29 layer2 Acc 0.5754, AUC 0.6179037094116211, avg_entr 0.447217732667923
Test Epoch29 layer3 Acc 0.5718, AUC 0.6131892204284668, avg_entr 0.45828956365585327
Test Epoch29 layer4 Acc 0.5723, AUC 0.6015380620956421, avg_entr 0.4536825120449066
gc 0
Train Epoch30 Acc 0.592075 (23683/40000), AUC 0.6282771229743958
Test Epoch30 layer0 Acc 0.5789, AUC 0.6180745363235474, avg_entr 0.462430864572525
Test Epoch30 layer1 Acc 0.5866, AUC 0.6189948320388794, avg_entr 0.46556782722473145
Test Epoch30 layer2 Acc 0.5838, AUC 0.6183480620384216, avg_entr 0.4602138102054596
Test Epoch30 layer3 Acc 0.5758, AUC 0.6135780811309814, avg_entr 0.47050923109054565
Test Epoch30 layer4 Acc 0.5781, AUC 0.6039915084838867, avg_entr 0.4674164950847626
gc 0
Train Epoch31 Acc 0.596975 (23879/40000), AUC 0.6325114965438843
Test Epoch31 layer0 Acc 0.5855, AUC 0.6181855797767639, avg_entr 0.46040835976600647
Test Epoch31 layer1 Acc 0.5882, AUC 0.6188679933547974, avg_entr 0.4604703187942505
Test Epoch31 layer2 Acc 0.5843, AUC 0.6185920238494873, avg_entr 0.45417070388793945
Test Epoch31 layer3 Acc 0.5792, AUC 0.6140145063400269, avg_entr 0.46732234954833984
Test Epoch31 layer4 Acc 0.5786, AUC 0.6052331924438477, avg_entr 0.4717049300670624
gc 0
Train Epoch32 Acc 0.59445 (23778/40000), AUC 0.6334171295166016
Test Epoch32 layer0 Acc 0.5766, AUC 0.6183998584747314, avg_entr 0.4423559606075287
Test Epoch32 layer1 Acc 0.5865, AUC 0.6184340119361877, avg_entr 0.45507490634918213
Test Epoch32 layer2 Acc 0.5862, AUC 0.6183379888534546, avg_entr 0.4481622576713562
Test Epoch32 layer3 Acc 0.5816, AUC 0.614273726940155, avg_entr 0.4618919789791107
Test Epoch32 layer4 Acc 0.5784, AUC 0.6033899188041687, avg_entr 0.4556148052215576
gc 0
Train Epoch33 Acc 0.5969 (23876/40000), AUC 0.6335189938545227
Test Epoch33 layer0 Acc 0.5841, AUC 0.6185619831085205, avg_entr 0.4372631311416626
Test Epoch33 layer1 Acc 0.5858, AUC 0.6184881925582886, avg_entr 0.44732239842414856
Test Epoch33 layer2 Acc 0.5826, AUC 0.6184362173080444, avg_entr 0.4425627589225769
Test Epoch33 layer3 Acc 0.5816, AUC 0.61434006690979, avg_entr 0.45525142550468445
Test Epoch33 layer4 Acc 0.5785, AUC 0.6050973534584045, avg_entr 0.45575517416000366
gc 0
Train Epoch34 Acc 0.595875 (23835/40000), AUC 0.6335844993591309
Test Epoch34 layer0 Acc 0.5838, AUC 0.6186494827270508, avg_entr 0.44207489490509033
Test Epoch34 layer1 Acc 0.587, AUC 0.6180791854858398, avg_entr 0.4450279176235199
Test Epoch34 layer2 Acc 0.575, AUC 0.6186007261276245, avg_entr 0.41365137696266174
Test Epoch34 layer3 Acc 0.5695, AUC 0.6137628555297852, avg_entr 0.42354920506477356
Test Epoch34 layer4 Acc 0.574, AUC 0.6052019596099854, avg_entr 0.43127891421318054
gc 0
Train Epoch35 Acc 0.598625 (23945/40000), AUC 0.6340024471282959
Test Epoch35 layer0 Acc 0.586, AUC 0.6187158823013306, avg_entr 0.43759283423423767
Test Epoch35 layer1 Acc 0.5865, AUC 0.61777663230896, avg_entr 0.44126400351524353
Test Epoch35 layer2 Acc 0.5839, AUC 0.6185330748558044, avg_entr 0.43015170097351074
Test Epoch35 layer3 Acc 0.5762, AUC 0.6139206886291504, avg_entr 0.43880805373191833
Test Epoch35 layer4 Acc 0.5805, AUC 0.6042410731315613, avg_entr 0.43861064314842224
gc 0
Train Epoch36 Acc 0.596975 (23879/40000), AUC 0.6357709169387817
Test Epoch36 layer0 Acc 0.587, AUC 0.6188349723815918, avg_entr 0.4318862855434418
Test Epoch36 layer1 Acc 0.5847, AUC 0.6175011396408081, avg_entr 0.4359065294265747
Test Epoch36 layer2 Acc 0.5853, AUC 0.6184403300285339, avg_entr 0.42674022912979126
Test Epoch36 layer3 Acc 0.5813, AUC 0.6145747900009155, avg_entr 0.4403577148914337
Test Epoch36 layer4 Acc 0.5798, AUC 0.6059771776199341, avg_entr 0.4407151937484741
gc 0
Train Epoch37 Acc 0.596525 (23861/40000), AUC 0.635199248790741
Test Epoch37 layer0 Acc 0.5726, AUC 0.6187916994094849, avg_entr 0.38389161229133606
Test Epoch37 layer1 Acc 0.5839, AUC 0.6173412203788757, avg_entr 0.43172743916511536
Test Epoch37 layer2 Acc 0.5855, AUC 0.6183768510818481, avg_entr 0.4214010238647461
Test Epoch37 layer3 Acc 0.5807, AUC 0.6145637631416321, avg_entr 0.4354051351547241
Test Epoch37 layer4 Acc 0.5785, AUC 0.6062474846839905, avg_entr 0.4362002909183502
gc 0
Train Epoch38 Acc 0.59825 (23930/40000), AUC 0.6360300183296204
Test Epoch38 layer0 Acc 0.5858, AUC 0.6193795204162598, avg_entr 0.42090630531311035
Test Epoch38 layer1 Acc 0.5834, AUC 0.6169463992118835, avg_entr 0.4294835925102234
Test Epoch38 layer2 Acc 0.5831, AUC 0.6184481382369995, avg_entr 0.4153435528278351
Test Epoch38 layer3 Acc 0.579, AUC 0.6144963502883911, avg_entr 0.42877358198165894
Test Epoch38 layer4 Acc 0.5783, AUC 0.6056550741195679, avg_entr 0.42838436365127563
gc 0
Train Epoch39 Acc 0.597175 (23887/40000), AUC 0.6356478929519653
Test Epoch39 layer0 Acc 0.5869, AUC 0.6191338896751404, avg_entr 0.41437870264053345
Test Epoch39 layer1 Acc 0.582, AUC 0.6165633201599121, avg_entr 0.42207071185112
Test Epoch39 layer2 Acc 0.5764, AUC 0.6182202100753784, avg_entr 0.3968689441680908
Test Epoch39 layer3 Acc 0.571, AUC 0.6140655279159546, avg_entr 0.40673378109931946
Test Epoch39 layer4 Acc 0.5762, AUC 0.6050099730491638, avg_entr 0.4064764678478241
gc 0
Train Epoch40 Acc 0.598025 (23921/40000), AUC 0.6359649896621704
Test Epoch40 layer0 Acc 0.5789, AUC 0.6191911101341248, avg_entr 0.39041727781295776
Test Epoch40 layer1 Acc 0.5832, AUC 0.6164920330047607, avg_entr 0.42265474796295166
Test Epoch40 layer2 Acc 0.5832, AUC 0.6181341409683228, avg_entr 0.4097675681114197
Test Epoch40 layer3 Acc 0.5827, AUC 0.6148263216018677, avg_entr 0.422275185585022
Test Epoch40 layer4 Acc 0.5772, AUC 0.6067157983779907, avg_entr 0.42393338680267334
gc 0
Train Epoch41 Acc 0.5974 (23896/40000), AUC 0.6360990405082703
Test Epoch41 layer0 Acc 0.5859, AUC 0.6193760633468628, avg_entr 0.40766963362693787
Test Epoch41 layer1 Acc 0.583, AUC 0.6161915063858032, avg_entr 0.4189433455467224
Test Epoch41 layer2 Acc 0.5815, AUC 0.618079662322998, avg_entr 0.4057861566543579
Test Epoch41 layer3 Acc 0.5831, AUC 0.6148793697357178, avg_entr 0.41745567321777344
Test Epoch41 layer4 Acc 0.5746, AUC 0.60677570104599, avg_entr 0.41254350543022156
gc 0
Train Epoch42 Acc 0.59735 (23894/40000), AUC 0.6363376379013062
Test Epoch42 layer0 Acc 0.5748, AUC 0.6192518472671509, avg_entr 0.38733938336372375
Test Epoch42 layer1 Acc 0.5856, AUC 0.615824818611145, avg_entr 0.41694149374961853
Test Epoch42 layer2 Acc 0.5842, AUC 0.6180600523948669, avg_entr 0.4012238085269928
Test Epoch42 layer3 Acc 0.5799, AUC 0.6149756908416748, avg_entr 0.415592223405838
Test Epoch42 layer4 Acc 0.5794, AUC 0.6051827669143677, avg_entr 0.3994470238685608
gc 0
Train Epoch43 Acc 0.597525 (23901/40000), AUC 0.6359977126121521
Test Epoch43 layer0 Acc 0.5867, AUC 0.619409441947937, avg_entr 0.40012127161026
Test Epoch43 layer1 Acc 0.5856, AUC 0.6158501505851746, avg_entr 0.41549253463745117
Test Epoch43 layer2 Acc 0.5846, AUC 0.6180629730224609, avg_entr 0.3993876874446869
Test Epoch43 layer3 Acc 0.5796, AUC 0.6149687767028809, avg_entr 0.412672221660614
Test Epoch43 layer4 Acc 0.579, AUC 0.6067367196083069, avg_entr 0.41035860776901245
gc 0
Train Epoch44 Acc 0.59985 (23994/40000), AUC 0.6365877985954285
Test Epoch44 layer0 Acc 0.582, AUC 0.619316577911377, avg_entr 0.3946210741996765
Test Epoch44 layer1 Acc 0.585, AUC 0.6157097816467285, avg_entr 0.4135148525238037
Test Epoch44 layer2 Acc 0.5845, AUC 0.6181048154830933, avg_entr 0.39694610238075256
Test Epoch44 layer3 Acc 0.581, AUC 0.6150517463684082, avg_entr 0.41089928150177
Test Epoch44 layer4 Acc 0.5795, AUC 0.6061059236526489, avg_entr 0.40384820103645325
gc 0
Train Epoch45 Acc 0.5991 (23964/40000), AUC 0.6374877095222473
Test Epoch45 layer0 Acc 0.5755, AUC 0.6194750070571899, avg_entr 0.3779325783252716
Test Epoch45 layer1 Acc 0.584, AUC 0.6156330704689026, avg_entr 0.4110817313194275
Test Epoch45 layer2 Acc 0.5841, AUC 0.6180754899978638, avg_entr 0.39485636353492737
Test Epoch45 layer3 Acc 0.5792, AUC 0.6150723099708557, avg_entr 0.4087165892124176
Test Epoch45 layer4 Acc 0.5795, AUC 0.6069430112838745, avg_entr 0.40548524260520935
gc 0
Train Epoch46 Acc 0.600125 (24005/40000), AUC 0.6381191611289978
Test Epoch46 layer0 Acc 0.5841, AUC 0.6195974349975586, avg_entr 0.37485694885253906
Test Epoch46 layer1 Acc 0.5837, AUC 0.6157359480857849, avg_entr 0.41004252433776855
Test Epoch46 layer2 Acc 0.5829, AUC 0.6179783344268799, avg_entr 0.39374807476997375
Test Epoch46 layer3 Acc 0.5795, AUC 0.614998459815979, avg_entr 0.40612301230430603
Test Epoch46 layer4 Acc 0.5782, AUC 0.6061989068984985, avg_entr 0.3991548418998718
gc 0
Train Epoch47 Acc 0.5999 (23996/40000), AUC 0.6378511190414429
Test Epoch47 layer0 Acc 0.5778, AUC 0.6194577217102051, avg_entr 0.3801739811897278
Test Epoch47 layer1 Acc 0.5834, AUC 0.6154378056526184, avg_entr 0.40770941972732544
Test Epoch47 layer2 Acc 0.5847, AUC 0.618065595626831, avg_entr 0.3895527422428131
Test Epoch47 layer3 Acc 0.5801, AUC 0.615054726600647, avg_entr 0.4032134413719177
Test Epoch47 layer4 Acc 0.5783, AUC 0.6067163944244385, avg_entr 0.3981627821922302
gc 0
Train Epoch48 Acc 0.59985 (23994/40000), AUC 0.6377410888671875
Test Epoch48 layer0 Acc 0.5871, AUC 0.6195776462554932, avg_entr 0.3865509629249573
Test Epoch48 layer1 Acc 0.5823, AUC 0.615493655204773, avg_entr 0.4053403437137604
Test Epoch48 layer2 Acc 0.5813, AUC 0.6179935336112976, avg_entr 0.38946670293807983
Test Epoch48 layer3 Acc 0.582, AUC 0.6151120066642761, avg_entr 0.39927220344543457
Test Epoch48 layer4 Acc 0.5791, AUC 0.6064422726631165, avg_entr 0.3931249976158142
gc 0
Train Epoch49 Acc 0.598325 (23933/40000), AUC 0.6374037265777588
Test Epoch49 layer0 Acc 0.5836, AUC 0.6196669340133667, avg_entr 0.3821102976799011
Test Epoch49 layer1 Acc 0.5819, AUC 0.6154049634933472, avg_entr 0.4036170244216919
Test Epoch49 layer2 Acc 0.5844, AUC 0.6179925799369812, avg_entr 0.3875482678413391
Test Epoch49 layer3 Acc 0.5838, AUC 0.6151521801948547, avg_entr 0.3979654908180237
Test Epoch49 layer4 Acc 0.5788, AUC 0.6066462993621826, avg_entr 0.39232245087623596
gc 0
Train Epoch50 Acc 0.599175 (23967/40000), AUC 0.6385046243667603
Test Epoch50 layer0 Acc 0.583, AUC 0.6195610761642456, avg_entr 0.37833458185195923
Test Epoch50 layer1 Acc 0.5846, AUC 0.6152900457382202, avg_entr 0.40121063590049744
Test Epoch50 layer2 Acc 0.5845, AUC 0.6179560422897339, avg_entr 0.3830283582210541
Test Epoch50 layer3 Acc 0.5802, AUC 0.6152307987213135, avg_entr 0.397074818611145
Test Epoch50 layer4 Acc 0.58, AUC 0.6071780920028687, avg_entr 0.39226120710372925
gc 0
Train Epoch51 Acc 0.599575 (23983/40000), AUC 0.6384928226470947
Test Epoch51 layer0 Acc 0.5832, AUC 0.619728684425354, avg_entr 0.37405434250831604
Test Epoch51 layer1 Acc 0.5829, AUC 0.6152747869491577, avg_entr 0.40031197667121887
Test Epoch51 layer2 Acc 0.5849, AUC 0.6178911924362183, avg_entr 0.38325047492980957
Test Epoch51 layer3 Acc 0.5831, AUC 0.6152149438858032, avg_entr 0.3929981589317322
Test Epoch51 layer4 Acc 0.5791, AUC 0.6072395443916321, avg_entr 0.3890034556388855
gc 0
Train Epoch52 Acc 0.600275 (24011/40000), AUC 0.6384067535400391
Test Epoch52 layer0 Acc 0.5741, AUC 0.6195473074913025, avg_entr 0.3556760251522064
Test Epoch52 layer1 Acc 0.5807, AUC 0.6151448488235474, avg_entr 0.3982309103012085
Test Epoch52 layer2 Acc 0.5844, AUC 0.6179310083389282, avg_entr 0.3811069428920746
Test Epoch52 layer3 Acc 0.5797, AUC 0.6151391267776489, avg_entr 0.39078912138938904
Test Epoch52 layer4 Acc 0.5806, AUC 0.6068016290664673, avg_entr 0.384117066860199
gc 0
Train Epoch53 Acc 0.599675 (23987/40000), AUC 0.6381051540374756
Test Epoch53 layer0 Acc 0.5876, AUC 0.6196727752685547, avg_entr 0.37213242053985596
Test Epoch53 layer1 Acc 0.5822, AUC 0.6151454448699951, avg_entr 0.39612889289855957
Test Epoch53 layer2 Acc 0.5845, AUC 0.6178816556930542, avg_entr 0.37899523973464966
Test Epoch53 layer3 Acc 0.5822, AUC 0.6151981949806213, avg_entr 0.38843265175819397
Test Epoch53 layer4 Acc 0.579, AUC 0.6070157289505005, avg_entr 0.38285359740257263
gc 0
Train Epoch54 Acc 0.6001 (24004/40000), AUC 0.638266921043396
Test Epoch54 layer0 Acc 0.5867, AUC 0.6197720170021057, avg_entr 0.36465126276016235
Test Epoch54 layer1 Acc 0.5823, AUC 0.6151519417762756, avg_entr 0.39528629183769226
Test Epoch54 layer2 Acc 0.5834, AUC 0.6178916692733765, avg_entr 0.377570241689682
Test Epoch54 layer3 Acc 0.5839, AUC 0.615236759185791, avg_entr 0.38596218824386597
Test Epoch54 layer4 Acc 0.5778, AUC 0.6073196530342102, avg_entr 0.3813321888446808
gc 0
Train Epoch55 Acc 0.5999 (23996/40000), AUC 0.6383922696113586
Test Epoch55 layer0 Acc 0.5848, AUC 0.61967933177948, avg_entr 0.3676176965236664
Test Epoch55 layer1 Acc 0.5817, AUC 0.6151009798049927, avg_entr 0.3936914801597595
Test Epoch55 layer2 Acc 0.5823, AUC 0.6178566217422485, avg_entr 0.37630030512809753
Test Epoch55 layer3 Acc 0.5832, AUC 0.6152672171592712, avg_entr 0.3844791650772095
Test Epoch55 layer4 Acc 0.578, AUC 0.6074368357658386, avg_entr 0.37963834404945374
gc 0
Train Epoch56 Acc 0.60145 (24058/40000), AUC 0.6383324861526489
Test Epoch56 layer0 Acc 0.5874, AUC 0.6197608709335327, avg_entr 0.36560243368148804
Test Epoch56 layer1 Acc 0.5825, AUC 0.6150912046432495, avg_entr 0.39287227392196655
Test Epoch56 layer2 Acc 0.5843, AUC 0.6178752183914185, avg_entr 0.3751617968082428
Test Epoch56 layer3 Acc 0.5825, AUC 0.6152782440185547, avg_entr 0.38298743963241577
Test Epoch56 layer4 Acc 0.5767, AUC 0.6074533462524414, avg_entr 0.3770548403263092
gc 0
Train Epoch57 Acc 0.600125 (24005/40000), AUC 0.6386030912399292
Test Epoch57 layer0 Acc 0.5872, AUC 0.6198481321334839, avg_entr 0.3549230098724365
Test Epoch57 layer1 Acc 0.5821, AUC 0.6151084303855896, avg_entr 0.39163699746131897
Test Epoch57 layer2 Acc 0.5841, AUC 0.6178634166717529, avg_entr 0.3737432062625885
Test Epoch57 layer3 Acc 0.5823, AUC 0.6152600646018982, avg_entr 0.3818824291229248
Test Epoch57 layer4 Acc 0.5788, AUC 0.6071748733520508, avg_entr 0.37544018030166626
gc 0
Train Epoch58 Acc 0.59915 (23966/40000), AUC 0.6385791897773743
Test Epoch58 layer0 Acc 0.5868, AUC 0.6198493838310242, avg_entr 0.35915687680244446
Test Epoch58 layer1 Acc 0.5818, AUC 0.6150768995285034, avg_entr 0.39025741815567017
Test Epoch58 layer2 Acc 0.5818, AUC 0.6178917288780212, avg_entr 0.3721243143081665
Test Epoch58 layer3 Acc 0.5794, AUC 0.6151922941207886, avg_entr 0.37985411286354065
Test Epoch58 layer4 Acc 0.5791, AUC 0.6069809198379517, avg_entr 0.37278902530670166
gc 0
Train Epoch59 Acc 0.600275 (24011/40000), AUC 0.6386715173721313
Test Epoch59 layer0 Acc 0.5881, AUC 0.6198272705078125, avg_entr 0.3591322898864746
Test Epoch59 layer1 Acc 0.5828, AUC 0.6150323152542114, avg_entr 0.38882726430892944
Test Epoch59 layer2 Acc 0.5838, AUC 0.617840051651001, avg_entr 0.37094005942344666
Test Epoch59 layer3 Acc 0.5817, AUC 0.6152878999710083, avg_entr 0.37823402881622314
Test Epoch59 layer4 Acc 0.5786, AUC 0.6069310903549194, avg_entr 0.3710032105445862
gc 0
Train Epoch60 Acc 0.600275 (24011/40000), AUC 0.6387726068496704
Test Epoch60 layer0 Acc 0.5879, AUC 0.6198503971099854, avg_entr 0.3572097718715668
Test Epoch60 layer1 Acc 0.5823, AUC 0.6150104999542236, avg_entr 0.3875528872013092
Test Epoch60 layer2 Acc 0.5827, AUC 0.6178579926490784, avg_entr 0.36908119916915894
Test Epoch60 layer3 Acc 0.579, AUC 0.615236759185791, avg_entr 0.37668317556381226
Test Epoch60 layer4 Acc 0.5804, AUC 0.6069167852401733, avg_entr 0.36835578083992004
gc 0
Train Epoch61 Acc 0.60065 (24026/40000), AUC 0.6388221979141235
Test Epoch61 layer0 Acc 0.5877, AUC 0.6199302077293396, avg_entr 0.35246455669403076
Test Epoch61 layer1 Acc 0.5826, AUC 0.6150079965591431, avg_entr 0.3860999047756195
Test Epoch61 layer2 Acc 0.5815, AUC 0.6178412437438965, avg_entr 0.36761075258255005
Test Epoch61 layer3 Acc 0.5824, AUC 0.615287184715271, avg_entr 0.3751060962677002
Test Epoch61 layer4 Acc 0.5795, AUC 0.6073843240737915, avg_entr 0.36891794204711914
gc 0
Train Epoch62 Acc 0.600975 (24039/40000), AUC 0.6388888359069824
Test Epoch62 layer0 Acc 0.5875, AUC 0.619891881942749, avg_entr 0.35255590081214905
Test Epoch62 layer1 Acc 0.5826, AUC 0.6149604320526123, avg_entr 0.3845587372779846
Test Epoch62 layer2 Acc 0.5843, AUC 0.6178101301193237, avg_entr 0.3662734627723694
Test Epoch62 layer3 Acc 0.5817, AUC 0.6153075695037842, avg_entr 0.3730848729610443
Test Epoch62 layer4 Acc 0.5789, AUC 0.6073302030563354, avg_entr 0.36661913990974426
gc 0
Train Epoch63 Acc 0.600325 (24013/40000), AUC 0.6387914419174194
Test Epoch63 layer0 Acc 0.5865, AUC 0.6199484467506409, avg_entr 0.3502664268016815
Test Epoch63 layer1 Acc 0.5825, AUC 0.6149477958679199, avg_entr 0.3830360770225525
Test Epoch63 layer2 Acc 0.5821, AUC 0.6178324222564697, avg_entr 0.3644240200519562
Test Epoch63 layer3 Acc 0.5799, AUC 0.6152571439743042, avg_entr 0.37131205201148987
Test Epoch63 layer4 Acc 0.5798, AUC 0.6072027087211609, avg_entr 0.36396297812461853
gc 0
Train Epoch64 Acc 0.600475 (24019/40000), AUC 0.6388362646102905
Test Epoch64 layer0 Acc 0.5838, AUC 0.6198996305465698, avg_entr 0.34676116704940796
Test Epoch64 layer1 Acc 0.582, AUC 0.6149077415466309, avg_entr 0.38147205114364624
Test Epoch64 layer2 Acc 0.5831, AUC 0.6178197860717773, avg_entr 0.36286622285842896
Test Epoch64 layer3 Acc 0.5821, AUC 0.6153345108032227, avg_entr 0.36915743350982666
Test Epoch64 layer4 Acc 0.5791, AUC 0.6074144840240479, avg_entr 0.36282211542129517
gc 0
Train Epoch65 Acc 0.600275 (24011/40000), AUC 0.6388766765594482
Test Epoch65 layer0 Acc 0.5824, AUC 0.6198371648788452, avg_entr 0.34153255820274353
Test Epoch65 layer1 Acc 0.5818, AUC 0.6148577332496643, avg_entr 0.37984177470207214
Test Epoch65 layer2 Acc 0.5833, AUC 0.6178054213523865, avg_entr 0.3613090217113495
Test Epoch65 layer3 Acc 0.583, AUC 0.6153464317321777, avg_entr 0.36700141429901123
Test Epoch65 layer4 Acc 0.5796, AUC 0.6074268221855164, avg_entr 0.36070042848587036
gc 0
Train Epoch66 Acc 0.600675 (24027/40000), AUC 0.6388951539993286
Test Epoch66 layer0 Acc 0.5879, AUC 0.6199232339859009, avg_entr 0.34505853056907654
Test Epoch66 layer1 Acc 0.5827, AUC 0.6148794889450073, avg_entr 0.3790968954563141
Test Epoch66 layer2 Acc 0.5825, AUC 0.6177965402603149, avg_entr 0.3602798879146576
Test Epoch66 layer3 Acc 0.58, AUC 0.6152405738830566, avg_entr 0.36614853143692017
Test Epoch66 layer4 Acc 0.5788, AUC 0.6072795391082764, avg_entr 0.35921505093574524
gc 0
Train Epoch67 Acc 0.6005 (24020/40000), AUC 0.6389485001564026
Test Epoch67 layer0 Acc 0.5875, AUC 0.6199498176574707, avg_entr 0.3426206409931183
Test Epoch67 layer1 Acc 0.5824, AUC 0.614885151386261, avg_entr 0.3782429099082947
Test Epoch67 layer2 Acc 0.5821, AUC 0.6177893280982971, avg_entr 0.35931921005249023
Test Epoch67 layer3 Acc 0.5802, AUC 0.6152875423431396, avg_entr 0.3653259873390198
Test Epoch67 layer4 Acc 0.5792, AUC 0.607319176197052, avg_entr 0.3582548201084137
gc 0
Train Epoch68 Acc 0.60015 (24006/40000), AUC 0.638991117477417
Test Epoch68 layer0 Acc 0.5872, AUC 0.6200025081634521, avg_entr 0.3340904414653778
Test Epoch68 layer1 Acc 0.5824, AUC 0.6149032711982727, avg_entr 0.3773442506790161
Test Epoch68 layer2 Acc 0.5827, AUC 0.617774248123169, avg_entr 0.35834652185440063
Test Epoch68 layer3 Acc 0.5806, AUC 0.6152785420417786, avg_entr 0.3641294538974762
Test Epoch68 layer4 Acc 0.5791, AUC 0.6073238849639893, avg_entr 0.35713115334510803
gc 0
Train Epoch69 Acc 0.601475 (24059/40000), AUC 0.6391410231590271
Test Epoch69 layer0 Acc 0.587, AUC 0.619972825050354, avg_entr 0.3362451195716858
Test Epoch69 layer1 Acc 0.5824, AUC 0.6148852109909058, avg_entr 0.3763275444507599
Test Epoch69 layer2 Acc 0.583, AUC 0.617767870426178, avg_entr 0.35736820101737976
Test Epoch69 layer3 Acc 0.5823, AUC 0.6153092384338379, avg_entr 0.3627101182937622
Test Epoch69 layer4 Acc 0.5792, AUC 0.6073710918426514, avg_entr 0.35590860247612
gc 0
Train Epoch70 Acc 0.6006 (24024/40000), AUC 0.6390631198883057
Test Epoch70 layer0 Acc 0.5877, AUC 0.6199697256088257, avg_entr 0.338663786649704
Test Epoch70 layer1 Acc 0.5825, AUC 0.6148695945739746, avg_entr 0.3752819895744324
Test Epoch70 layer2 Acc 0.5828, AUC 0.6177728772163391, avg_entr 0.3562995493412018
Test Epoch70 layer3 Acc 0.5824, AUC 0.6153079271316528, avg_entr 0.36160364747047424
Test Epoch70 layer4 Acc 0.5789, AUC 0.6073580980300903, avg_entr 0.3546266257762909
gc 0
Train Epoch71 Acc 0.601075 (24043/40000), AUC 0.6390524506568909
Test Epoch71 layer0 Acc 0.5849, AUC 0.6199114918708801, avg_entr 0.3371172845363617
Test Epoch71 layer1 Acc 0.5818, AUC 0.6148404479026794, avg_entr 0.37418389320373535
Test Epoch71 layer2 Acc 0.5833, AUC 0.6177831292152405, avg_entr 0.35519731044769287
Test Epoch71 layer3 Acc 0.5823, AUC 0.6153260469436646, avg_entr 0.3604162633419037
Test Epoch71 layer4 Acc 0.5789, AUC 0.6073979735374451, avg_entr 0.3533917963504791
gc 0
Train Epoch72 Acc 0.60095 (24038/40000), AUC 0.6390947103500366
Test Epoch72 layer0 Acc 0.5877, AUC 0.6199953556060791, avg_entr 0.335105299949646
Test Epoch72 layer1 Acc 0.5826, AUC 0.6148625016212463, avg_entr 0.3731175661087036
Test Epoch72 layer2 Acc 0.5828, AUC 0.6177648901939392, avg_entr 0.3540046513080597
Test Epoch72 layer3 Acc 0.5821, AUC 0.6153045892715454, avg_entr 0.35898905992507935
Test Epoch72 layer4 Acc 0.579, AUC 0.6073595285415649, avg_entr 0.35191968083381653
gc 0
Train Epoch73 Acc 0.600075 (24003/40000), AUC 0.6391390562057495
Test Epoch73 layer0 Acc 0.5881, AUC 0.6199601888656616, avg_entr 0.3354875147342682
Test Epoch73 layer1 Acc 0.5829, AUC 0.61485755443573, avg_entr 0.3725276291370392
Test Epoch73 layer2 Acc 0.5831, AUC 0.6177712678909302, avg_entr 0.35342562198638916
Test Epoch73 layer3 Acc 0.5806, AUC 0.6152967214584351, avg_entr 0.358357310295105
Test Epoch73 layer4 Acc 0.5792, AUC 0.6073160171508789, avg_entr 0.3510986864566803
gc 0
Train Epoch74 Acc 0.600725 (24029/40000), AUC 0.6390900611877441
Test Epoch74 layer0 Acc 0.5873, AUC 0.6200050115585327, avg_entr 0.33174407482147217
Test Epoch74 layer1 Acc 0.5826, AUC 0.6148679256439209, avg_entr 0.37196019291877747
Test Epoch74 layer2 Acc 0.5825, AUC 0.6177608966827393, avg_entr 0.3527529835700989
Test Epoch74 layer3 Acc 0.582, AUC 0.6152967214584351, avg_entr 0.35749679803848267
Test Epoch74 layer4 Acc 0.5789, AUC 0.6073348522186279, avg_entr 0.35033056139945984
gc 0
Train Epoch75 Acc 0.60045 (24018/40000), AUC 0.6390747427940369
Test Epoch75 layer0 Acc 0.5881, AUC 0.6199793815612793, avg_entr 0.33349940180778503
Test Epoch75 layer1 Acc 0.583, AUC 0.614856481552124, avg_entr 0.37124165892601013
Test Epoch75 layer2 Acc 0.5829, AUC 0.6177683472633362, avg_entr 0.3520490229129791
Test Epoch75 layer3 Acc 0.5816, AUC 0.6153087615966797, avg_entr 0.3567478358745575
Test Epoch75 layer4 Acc 0.5785, AUC 0.6073421239852905, avg_entr 0.3495306074619293
gc 0
Train Epoch76 Acc 0.600675 (24027/40000), AUC 0.6391313076019287
Test Epoch76 layer0 Acc 0.5871, AUC 0.6200060844421387, avg_entr 0.3290237486362457
Test Epoch76 layer1 Acc 0.5827, AUC 0.6148694753646851, avg_entr 0.37055259943008423
Test Epoch76 layer2 Acc 0.5825, AUC 0.6177594661712646, avg_entr 0.35127338767051697
Test Epoch76 layer3 Acc 0.5813, AUC 0.6152899265289307, avg_entr 0.3558279275894165
Test Epoch76 layer4 Acc 0.5786, AUC 0.6073358058929443, avg_entr 0.3485964834690094
gc 0
Train Epoch77 Acc 0.600675 (24027/40000), AUC 0.6391295194625854
Test Epoch77 layer0 Acc 0.5878, AUC 0.6199809312820435, avg_entr 0.3315874934196472
Test Epoch77 layer1 Acc 0.5828, AUC 0.6148567795753479, avg_entr 0.37015947699546814
Test Epoch77 layer2 Acc 0.583, AUC 0.6177640557289124, avg_entr 0.35091590881347656
Test Epoch77 layer3 Acc 0.5825, AUC 0.6153093576431274, avg_entr 0.3553756773471832
Test Epoch77 layer4 Acc 0.5796, AUC 0.6073583364486694, avg_entr 0.34818390011787415
gc 0
Train Epoch78 Acc 0.601075 (24043/40000), AUC 0.6391258239746094
Test Epoch78 layer0 Acc 0.5875, AUC 0.6199609637260437, avg_entr 0.33161354064941406
Test Epoch78 layer1 Acc 0.5831, AUC 0.6148562431335449, avg_entr 0.3697909414768219
Test Epoch78 layer2 Acc 0.5828, AUC 0.6177672147750854, avg_entr 0.3505479395389557
Test Epoch78 layer3 Acc 0.5825, AUC 0.6153144240379333, avg_entr 0.35494521260261536
Test Epoch78 layer4 Acc 0.5796, AUC 0.6073540449142456, avg_entr 0.3477209806442261
gc 0
Train Epoch79 Acc 0.600525 (24021/40000), AUC 0.6391830444335938
Test Epoch79 layer0 Acc 0.5856, AUC 0.6199359893798828, avg_entr 0.33089324831962585
Test Epoch79 layer1 Acc 0.5824, AUC 0.6148443222045898, avg_entr 0.3693687915802002
Test Epoch79 layer2 Acc 0.5833, AUC 0.617772102355957, avg_entr 0.3501394987106323
Test Epoch79 layer3 Acc 0.5819, AUC 0.6153197288513184, avg_entr 0.3545363247394562
Test Epoch79 layer4 Acc 0.5789, AUC 0.6073398590087891, avg_entr 0.3472377359867096
gc 0
Train Epoch80 Acc 0.601025 (24041/40000), AUC 0.6391271352767944
Test Epoch80 layer0 Acc 0.5876, AUC 0.6199848651885986, avg_entr 0.32982686161994934
Test Epoch80 layer1 Acc 0.583, AUC 0.6148586869239807, avg_entr 0.3689913749694824
Test Epoch80 layer2 Acc 0.5828, AUC 0.6177631616592407, avg_entr 0.34969037771224976
Test Epoch80 layer3 Acc 0.5817, AUC 0.6153005957603455, avg_entr 0.3539801836013794
Test Epoch80 layer4 Acc 0.5785, AUC 0.6073392629623413, avg_entr 0.34669041633605957
gc 0
Train Epoch81 Acc 0.60085 (24034/40000), AUC 0.6391352415084839
Test Epoch81 layer0 Acc 0.5877, AUC 0.6199854612350464, avg_entr 0.3293660581111908
Test Epoch81 layer1 Acc 0.5831, AUC 0.614861249923706, avg_entr 0.3687504529953003
Test Epoch81 layer2 Acc 0.5828, AUC 0.6177614331245422, avg_entr 0.34943288564682007
Test Epoch81 layer3 Acc 0.5817, AUC 0.6153024435043335, avg_entr 0.35368606448173523
Test Epoch81 layer4 Acc 0.5786, AUC 0.6073427200317383, avg_entr 0.34639105200767517
gc 0
Train Epoch82 Acc 0.601175 (24047/40000), AUC 0.6391342878341675
Test Epoch82 layer0 Acc 0.5874, AUC 0.6199861764907837, avg_entr 0.32924512028694153
Test Epoch82 layer1 Acc 0.5832, AUC 0.6148595809936523, avg_entr 0.3684937357902527
Test Epoch82 layer2 Acc 0.5828, AUC 0.6177630424499512, avg_entr 0.3491707146167755
Test Epoch82 layer3 Acc 0.5816, AUC 0.6153049468994141, avg_entr 0.3533884584903717
Test Epoch82 layer4 Acc 0.5786, AUC 0.6073452234268188, avg_entr 0.34608814120292664
gc 0
Train Epoch83 Acc 0.600975 (24039/40000), AUC 0.6391452550888062
Test Epoch83 layer0 Acc 0.5879, AUC 0.6199797987937927, avg_entr 0.3292972445487976
Test Epoch83 layer1 Acc 0.5832, AUC 0.6148583889007568, avg_entr 0.3682185411453247
Test Epoch83 layer2 Acc 0.5828, AUC 0.6177631616592407, avg_entr 0.3488933742046356
Test Epoch83 layer3 Acc 0.5815, AUC 0.615307629108429, avg_entr 0.3530893325805664
Test Epoch83 layer4 Acc 0.579, AUC 0.6073511838912964, avg_entr 0.3457793891429901
gc 0
Train Epoch84 Acc 0.601225 (24049/40000), AUC 0.6391503214836121
Test Epoch84 layer0 Acc 0.5875, AUC 0.6199730634689331, avg_entr 0.3292465806007385
Test Epoch84 layer1 Acc 0.5829, AUC 0.6148591041564941, avg_entr 0.36793091893196106
Test Epoch84 layer2 Acc 0.5831, AUC 0.6177664995193481, avg_entr 0.3486006259918213
Test Epoch84 layer3 Acc 0.5816, AUC 0.6153095960617065, avg_entr 0.3527797758579254
Test Epoch84 layer4 Acc 0.5788, AUC 0.6073513627052307, avg_entr 0.3454534411430359
gc 0
Train Epoch85 Acc 0.601025 (24041/40000), AUC 0.6391515731811523
Test Epoch85 layer0 Acc 0.5877, AUC 0.6199894547462463, avg_entr 0.32826733589172363
Test Epoch85 layer1 Acc 0.5832, AUC 0.614862322807312, avg_entr 0.3677888810634613
Test Epoch85 layer2 Acc 0.5827, AUC 0.617763102054596, avg_entr 0.3484290540218353
Test Epoch85 layer3 Acc 0.5813, AUC 0.6153016090393066, avg_entr 0.3525703251361847
Test Epoch85 layer4 Acc 0.5787, AUC 0.6073470115661621, avg_entr 0.3452334403991699
gc 0
Train Epoch86 Acc 0.601025 (24041/40000), AUC 0.639153003692627
Test Epoch86 layer0 Acc 0.5878, AUC 0.6199837923049927, avg_entr 0.3283655643463135
Test Epoch86 layer1 Acc 0.5832, AUC 0.614861249923706, avg_entr 0.36762580275535583
Test Epoch86 layer2 Acc 0.5828, AUC 0.6177630424499512, avg_entr 0.3482643663883209
Test Epoch86 layer3 Acc 0.5813, AUC 0.615302324295044, avg_entr 0.3524000346660614
Test Epoch86 layer4 Acc 0.5787, AUC 0.6073486804962158, avg_entr 0.3450591266155243
gc 0
Train Epoch87 Acc 0.601075 (24043/40000), AUC 0.6391528844833374
Test Epoch87 layer0 Acc 0.5881, AUC 0.6199803352355957, avg_entr 0.3284147381782532
Test Epoch87 layer1 Acc 0.5832, AUC 0.6148598194122314, avg_entr 0.36745980381965637
Test Epoch87 layer2 Acc 0.5828, AUC 0.6177632808685303, avg_entr 0.3480949103832245
Test Epoch87 layer3 Acc 0.5813, AUC 0.6153039336204529, avg_entr 0.3522239327430725
Test Epoch87 layer4 Acc 0.5787, AUC 0.6073489189147949, avg_entr 0.3448668420314789
gc 0
Train Epoch88 Acc 0.6011 (24044/40000), AUC 0.6391560435295105
Test Epoch88 layer0 Acc 0.5883, AUC 0.6199789047241211, avg_entr 0.32825902104377747
Test Epoch88 layer1 Acc 0.5831, AUC 0.6148594617843628, avg_entr 0.367293119430542
Test Epoch88 layer2 Acc 0.5828, AUC 0.6177647113800049, avg_entr 0.3479221761226654
Test Epoch88 layer3 Acc 0.5813, AUC 0.6153042912483215, avg_entr 0.35203975439071655
Test Epoch88 layer4 Acc 0.5786, AUC 0.607349157333374, avg_entr 0.3446745276451111
gc 0
Train Epoch89 Acc 0.6011 (24044/40000), AUC 0.6391558051109314
Test Epoch89 layer0 Acc 0.5874, AUC 0.6199813485145569, avg_entr 0.328062504529953
Test Epoch89 layer1 Acc 0.5832, AUC 0.6148600578308105, avg_entr 0.3672010898590088
Test Epoch89 layer2 Acc 0.5828, AUC 0.6177632212638855, avg_entr 0.3478269577026367
Test Epoch89 layer3 Acc 0.5813, AUC 0.6153032779693604, avg_entr 0.35193148255348206
Test Epoch89 layer4 Acc 0.5787, AUC 0.6073485016822815, avg_entr 0.3445604145526886
gc 0
Train Epoch90 Acc 0.6011 (24044/40000), AUC 0.6391546726226807
Test Epoch90 layer0 Acc 0.5877, AUC 0.6199806928634644, avg_entr 0.3279823660850525
Test Epoch90 layer1 Acc 0.5832, AUC 0.6148615479469299, avg_entr 0.367109090089798
Test Epoch90 layer2 Acc 0.5828, AUC 0.6177634000778198, avg_entr 0.3477298319339752
Test Epoch90 layer3 Acc 0.5812, AUC 0.615304708480835, avg_entr 0.3518328368663788
Test Epoch90 layer4 Acc 0.5787, AUC 0.6073481440544128, avg_entr 0.34445270895957947
gc 0
Train Epoch91 Acc 0.60115 (24046/40000), AUC 0.6391556262969971
Test Epoch91 layer0 Acc 0.5875, AUC 0.6199834942817688, avg_entr 0.32782626152038574
Test Epoch91 layer1 Acc 0.5832, AUC 0.6148600578308105, avg_entr 0.36701783537864685
Test Epoch91 layer2 Acc 0.5829, AUC 0.6177634000778198, avg_entr 0.3476381301879883
Test Epoch91 layer3 Acc 0.5813, AUC 0.6153049468994141, avg_entr 0.35172969102859497
Test Epoch91 layer4 Acc 0.5787, AUC 0.6073490381240845, avg_entr 0.34434667229652405
gc 0
Train Epoch92 Acc 0.60115 (24046/40000), AUC 0.6391592621803284
Test Epoch92 layer0 Acc 0.5878, AUC 0.6199853420257568, avg_entr 0.32761651277542114
Test Epoch92 layer1 Acc 0.5832, AUC 0.6148625612258911, avg_entr 0.3669283092021942
Test Epoch92 layer2 Acc 0.5827, AUC 0.6177634000778198, avg_entr 0.3475427031517029
Test Epoch92 layer3 Acc 0.5812, AUC 0.6153049468994141, avg_entr 0.3516294062137604
Test Epoch92 layer4 Acc 0.5787, AUC 0.6073490381240845, avg_entr 0.34424397349357605
gc 0
Train Epoch93 Acc 0.60105 (24042/40000), AUC 0.6391570568084717
Test Epoch93 layer0 Acc 0.5878, AUC 0.6199795007705688, avg_entr 0.32778501510620117
Test Epoch93 layer1 Acc 0.5831, AUC 0.6148619055747986, avg_entr 0.3668748736381531
Test Epoch93 layer2 Acc 0.5828, AUC 0.6177639961242676, avg_entr 0.3474937677383423
Test Epoch93 layer3 Acc 0.5812, AUC 0.6153055429458618, avg_entr 0.35158300399780273
Test Epoch93 layer4 Acc 0.5787, AUC 0.6073499321937561, avg_entr 0.34419316053390503
gc 0
Train Epoch94 Acc 0.6011 (24044/40000), AUC 0.6391586065292358
Test Epoch94 layer0 Acc 0.5882, AUC 0.6199798583984375, avg_entr 0.32776808738708496
Test Epoch94 layer1 Acc 0.5831, AUC 0.614861011505127, avg_entr 0.36682963371276855
Test Epoch94 layer2 Acc 0.5828, AUC 0.6177641153335571, avg_entr 0.347447007894516
Test Epoch94 layer3 Acc 0.5812, AUC 0.6153066158294678, avg_entr 0.3515360951423645
Test Epoch94 layer4 Acc 0.5787, AUC 0.6073487997055054, avg_entr 0.34414196014404297
gc 0
Train Epoch95 Acc 0.60105 (24042/40000), AUC 0.6391582489013672
Test Epoch95 layer0 Acc 0.5876, AUC 0.6199816465377808, avg_entr 0.32765328884124756
Test Epoch95 layer1 Acc 0.5833, AUC 0.6148619055747986, avg_entr 0.36678528785705566
Test Epoch95 layer2 Acc 0.5829, AUC 0.6177639961242676, avg_entr 0.3474065065383911
Test Epoch95 layer3 Acc 0.5813, AUC 0.6153062582015991, avg_entr 0.35148364305496216
Test Epoch95 layer4 Acc 0.5788, AUC 0.6073483228683472, avg_entr 0.3440883457660675
gc 0
Train Epoch96 Acc 0.6011 (24044/40000), AUC 0.6391593217849731
Test Epoch96 layer0 Acc 0.5883, AUC 0.6199796199798584, avg_entr 0.3277066648006439
Test Epoch96 layer1 Acc 0.583, AUC 0.6148621439933777, avg_entr 0.36673977971076965
Test Epoch96 layer2 Acc 0.5829, AUC 0.6177642941474915, avg_entr 0.3473612368106842
Test Epoch96 layer3 Acc 0.5812, AUC 0.6153069734573364, avg_entr 0.3514411747455597
Test Epoch96 layer4 Acc 0.5788, AUC 0.6073488593101501, avg_entr 0.3440430462360382
gc 0
Train Epoch97 Acc 0.60105 (24042/40000), AUC 0.6391595602035522
Test Epoch97 layer0 Acc 0.5883, AUC 0.6199792623519897, avg_entr 0.3276774287223816
Test Epoch97 layer1 Acc 0.5833, AUC 0.6148625612258911, avg_entr 0.3667127788066864
Test Epoch97 layer2 Acc 0.5828, AUC 0.6177644729614258, avg_entr 0.3473401367664337
Test Epoch97 layer3 Acc 0.5813, AUC 0.6153073310852051, avg_entr 0.35141411423683167
Test Epoch97 layer4 Acc 0.5788, AUC 0.6073493361473083, avg_entr 0.3440161347389221
gc 0
Train Epoch98 Acc 0.60115 (24046/40000), AUC 0.6391600370407104
Test Epoch98 layer0 Acc 0.5882, AUC 0.6199804544448853, avg_entr 0.32763487100601196
Test Epoch98 layer1 Acc 0.5833, AUC 0.6148618459701538, avg_entr 0.36668869853019714
Test Epoch98 layer2 Acc 0.5829, AUC 0.6177635192871094, avg_entr 0.34731361269950867
Test Epoch98 layer3 Acc 0.5813, AUC 0.6153081655502319, avg_entr 0.3513897955417633
Test Epoch98 layer4 Acc 0.5788, AUC 0.6073486804962158, avg_entr 0.34398865699768066
gc 0
Train Epoch99 Acc 0.601075 (24043/40000), AUC 0.6391609907150269
Test Epoch99 layer0 Acc 0.5881, AUC 0.6199795007705688, avg_entr 0.32761767506599426
Test Epoch99 layer1 Acc 0.5833, AUC 0.6148624420166016, avg_entr 0.3666631579399109
Test Epoch99 layer2 Acc 0.5829, AUC 0.6177640557289124, avg_entr 0.34729114174842834
Test Epoch99 layer3 Acc 0.5813, AUC 0.6153081059455872, avg_entr 0.35136446356773376
Test Epoch99 layer4 Acc 0.5788, AUC 0.6073492765426636, avg_entr 0.34396329522132874
Best AUC 0.6202040910720825
train_loss (2, 5, 100)
valid_acc (5, 100)
valid_AUC (5, 100)
train_acc (100,)
Figure(640x480)
Figure(640x480)
Figure(640x480)
Figure(640x480)
Figure(640x480)
Start Testing
Load ckpt at ckpt/imdb_linearalside_l5_side150//imdb_linearalside_l5_side.pt
[[3523 1457]
 [2716 2304]]
Figure(640x480)
tensor([0.5125, 0.1904, 0.1042,  ..., 0.2239, 0.3220, 0.6691])
[[3469 1511]
 [2627 2393]]
Figure(640x480)
tensor([0.4670, 0.4653, 0.6513,  ..., 0.5640, 0.6842, 0.6907])
[[3415 1565]
 [2642 2378]]
Figure(640x480)
tensor([0.4585, 0.6301, 0.6758,  ..., 0.6931, 0.6920, 0.6947])
[[3315 1665]
 [2523 2497]]
Figure(640x480)
tensor([0.2629, 0.6901, 0.6823,  ..., 0.6698, 0.6754, 0.6526])
[[3301 1679]
 [2575 2445]]
Figure(640x480)
tensor([0.6000, 0.6607, 0.3393,  ..., 0.5055, 0.1713, 0.6514])
