Load ckpt from ./ckpt/mask7//kdd99/kdd99_linearal_l15_m7.pt
layer_mask {0, 1, 2, 3, 4, 5, 6, 7}
Start Training
gc 9
[[4.76477638e+03 3.16126149e+00]
 [7.31928744e-04 1.84909797e+00]
 [1.15461021e-03 1.48972895e+00]
 [2.01267328e-03 1.23046014e+00]
 [2.89060653e-03 1.11171453e+00]
 [4.39127259e-03 1.02746960e+00]
 [9.52647250e-03 9.64737393e-01]
 [2.07916020e+01 1.58400136e+01]
 [9.51194585e+02 8.33605404e+02]
 [5.83059356e+02 6.75850891e+02]
 [4.97516591e+02 4.99154880e+02]
 [4.65325718e+02 3.97880610e+02]
 [4.41217583e+02 4.05116351e+02]
 [4.13603196e+02 3.84412155e+02]
 [3.45004567e+02 2.93265467e+02]]
Train Epoch0 Acc 0.21903460146303186 (86534/395070), AUC 0.6544250845909119
Test Epoch0 layer0 Acc 0.997398048029806, AUC 0.9495915770530701
Save ckpt to ./ckpt/mask8//kdd99/kdd99_linearal_l15_m8.pt  ,ep 0
Test Epoch0 layer1 Acc 0.9978232697525614, AUC 0.9469583034515381
Test Epoch0 layer2 Acc 0.9979447616733487, AUC 0.9551324248313904
Save ckpt to ./ckpt/mask8//kdd99/kdd99_linearal_l15_m8.pt  ,ep 0
Test Epoch0 layer3 Acc 0.9979346373466165, AUC 0.9713444113731384
Save ckpt to ./ckpt/mask8//kdd99/kdd99_linearal_l15_m8.pt  ,ep 0
Test Epoch0 layer4 Acc 0.9978738913862228, AUC 0.9642942547798157
Test Epoch0 layer5 Acc 0.9979042643664197, AUC 0.943146288394928
Test Epoch0 layer6 Acc 0.9978941400396873, AUC 0.9635700583457947
Test Epoch0 layer7 Acc 0.9973271777426801, AUC 0.9522045254707336
Test Epoch0 layer8 Acc 0.003199287247398048, AUC 0.5150343179702759
Test Epoch0 layer9 Acc 0.5689972866804357, AUC 0.32816529273986816
Test Epoch0 layer10 Acc 0.21727817600129593, AUC 0.6678051352500916
Test Epoch0 layer11 Acc 0.0033714008018466773, AUC 0.535625696182251
Test Epoch0 layer12 Acc 0.004555947029522537, AUC 0.48637473583221436
Test Epoch0 layer13 Acc 0.00020248653464544606, AUC 0.6009986400604248
Test Epoch0 layer14 Acc 0.22157089053577936, AUC 0.6258464455604553
gc 0
[[4.76477637e+03 3.03929706e+00]
 [4.59819951e-04 1.76311070e+00]
 [7.84817446e-04 1.41657196e+00]
 [1.34565062e-03 1.16634742e+00]
 [2.04783159e-03 1.04786723e+00]
 [3.06998332e-03 9.63317370e-01]
 [4.90517149e-03 8.92477812e-01]
 [1.27807858e-01 1.02318074e+00]
 [9.55267631e+02 8.29650378e+02]
 [5.83091349e+02 6.72813063e+02]
 [5.00850018e+02 4.94655981e+02]
 [4.64916176e+02 3.96933117e+02]
 [4.42039388e+02 4.04567394e+02]
 [4.14461602e+02 3.86279278e+02]
 [3.49757675e+02 2.92777894e+02]]
Train Epoch1 Acc 0.2215480800870732 (87527/395070), AUC 0.614255428314209
Test Epoch1 layer0 Acc 0.9975296642773256, AUC 0.9514297842979431
Test Epoch1 layer1 Acc 0.9979650103268133, AUC 0.9437223076820374
Test Epoch1 layer2 Acc 0.9978738913862228, AUC 0.9551750421524048
Test Epoch1 layer3 Acc 0.997843518406026, AUC 0.9683379530906677
Test Epoch1 layer4 Acc 0.997843518406026, AUC 0.9610549807548523
Test Epoch1 layer5 Acc 0.997884015712955, AUC 0.9444118142127991
Test Epoch1 layer6 Acc 0.9978637670594905, AUC 0.9414126873016357
Test Epoch1 layer7 Acc 0.997884015712955, AUC 0.9138273000717163
Test Epoch1 layer8 Acc 0.003330903494917588, AUC 0.5178236365318298
Test Epoch1 layer9 Acc 0.5708702871259062, AUC 0.3441787362098694
Test Epoch1 layer10 Acc 0.21749078686267362, AUC 0.6734715700149536
Test Epoch1 layer11 Acc 0.0032600332077916817, AUC 0.5226643681526184
Test Epoch1 layer12 Acc 0.004596444336451626, AUC 0.459466814994812
Test Epoch1 layer13 Acc 0.0002531081683068076, AUC 0.5857557058334351
Test Epoch1 layer14 Acc 0.22157089053577936, AUC 0.6120666861534119
gc 0
[[4.76477637e+03 2.93334369e+00]
 [4.78333174e-04 1.69013415e+00]
 [8.08238108e-04 1.35519581e+00]
 [1.39901191e-03 1.11534975e+00]
 [2.16367621e-03 9.99824211e-01]
 [3.20487072e-03 9.16596296e-01]
 [4.66003684e-03 8.45107747e-01]
 [1.50234237e-02 8.83599001e-01]
 [9.46710891e+02 8.10284278e+02]
 [5.77064200e+02 6.57472169e+02]
 [4.99783935e+02 4.86782406e+02]
 [4.62440072e+02 3.90949080e+02]
 [4.40256141e+02 3.97299717e+02]
 [4.13773232e+02 3.79965851e+02]
 [3.50945311e+02 2.89014608e+02]]
Train Epoch2 Acc 0.22155061128407624 (87528/395070), AUC 0.6211544871330261
Test Epoch2 layer0 Acc 0.9975195399505933, AUC 0.945005476474762
Test Epoch2 layer1 Acc 0.9980156319604746, AUC 0.9546794295310974
Test Epoch2 layer2 Acc 0.9979751346535456, AUC 0.9532284140586853
Test Epoch2 layer3 Acc 0.9979650103268133, AUC 0.9640699625015259
Test Epoch2 layer4 Acc 0.9978941400396873, AUC 0.9601380825042725
Test Epoch2 layer5 Acc 0.9979346373466165, AUC 0.9618270993232727
Test Epoch2 layer6 Acc 0.997884015712955, AUC 0.9612321853637695
Test Epoch2 layer7 Acc 0.9978536427327582, AUC 0.9202427268028259
Test Epoch2 layer8 Acc 0.0033612764751144047, AUC 0.5162448287010193
Test Epoch2 layer9 Acc 0.5689162920665776, AUC 0.3431946933269501
Test Epoch2 layer10 Acc 0.21752115984287046, AUC 0.6496356129646301
Test Epoch2 layer11 Acc 0.003310654841453043, AUC 0.5202853679656982
Test Epoch2 layer12 Acc 0.004586320009719353, AUC 0.456522673368454
Test Epoch2 layer13 Acc 0.0002227351881099907, AUC 0.5861977934837341
Test Epoch2 layer14 Acc 0.22157089053577936, AUC 0.6083071827888489
gc 0
[[4.76477636e+03 2.83801431e+00]
 [4.74010821e-04 1.62848701e+00]
 [8.23366544e-04 1.30717544e+00]
 [1.46103337e-03 1.07656250e+00]
 [2.29068176e-03 9.61804593e-01]
 [3.40179498e-03 8.80181338e-01]
 [4.85526962e-03 8.08626829e-01]
 [9.37523595e-03 8.31595920e-01]
 [9.35695223e+02 7.88331629e+02]
 [5.72549696e+02 6.41668064e+02]
 [4.97903774e+02 4.80408164e+02]
 [4.60228304e+02 3.86341468e+02]
 [4.38339956e+02 3.89422801e+02]
 [4.12847706e+02 3.73848882e+02]
 [3.51407487e+02 2.85510031e+02]]
Train Epoch3 Acc 0.22155061128407624 (87528/395070), AUC 0.6069605946540833
Test Epoch3 layer0 Acc 0.9975701615842546, AUC 0.9398584365844727
Test Epoch3 layer1 Acc 0.9980257562872069, AUC 0.9422447681427002
Test Epoch3 layer2 Acc 0.998066253594136, AUC 0.954991340637207
Test Epoch3 layer3 Acc 0.9980561292674037, AUC 0.9691274166107178
Test Epoch3 layer4 Acc 0.9980358806139392, AUC 0.9612175226211548
Test Epoch3 layer5 Acc 0.998106750901065, AUC 0.9621903896331787
Test Epoch3 layer6 Acc 0.9979953833070101, AUC 0.9607656598091125
Test Epoch3 layer7 Acc 0.9980257562872069, AUC 0.9338790774345398
Test Epoch3 layer8 Acc 0.003290406187988499, AUC 0.5139914751052856
Test Epoch3 layer9 Acc 0.5686226865913416, AUC 0.3429647386074066
Test Epoch3 layer10 Acc 0.20402543230875148, AUC 0.5888434052467346
Test Epoch3 layer11 Acc 0.003290406187988499, AUC 0.5164288878440857
Test Epoch3 layer12 Acc 0.004566071356254809, AUC 0.48633843660354614
Test Epoch3 layer13 Acc 0.00021261086137771838, AUC 0.5848039984703064
Test Epoch3 layer14 Acc 0.22158101486251164, AUC 0.6015549898147583
gc 0
[[4.76477636e+03 2.75627047e+00]
 [4.84883171e-04 1.57581209e+00]
 [8.12745246e-04 1.26579672e+00]
 [1.41778708e-03 1.04134692e+00]
 [2.19258799e-03 9.29878121e-01]
 [3.27641607e-03 8.49494959e-01]
 [4.68014558e-03 7.77342824e-01]
 [7.12321180e-03 7.93379390e-01]
 [9.21966435e+02 7.64623343e+02]
 [5.68012426e+02 6.23616681e+02]
 [4.94875452e+02 4.73146584e+02]
 [4.57833995e+02 3.81139174e+02]
 [4.35856758e+02 3.81547787e+02]
 [4.10942776e+02 3.67572162e+02]
 [3.51207157e+02 2.81862457e+02]]
Train Epoch4 Acc 0.22156579846609462 (87534/395070), AUC 0.6002809405326843
Test Epoch4 layer0 Acc 0.9976005345644514, AUC 0.9339529275894165
Test Epoch4 layer1 Acc 0.9980763779208682, AUC 0.9378568530082703
Test Epoch4 layer2 Acc 0.9980865022476005, AUC 0.9514753818511963
Test Epoch4 layer3 Acc 0.9980763779208682, AUC 0.962393581867218
Test Epoch4 layer4 Acc 0.9980865022476005, AUC 0.9598522186279297
Test Epoch4 layer5 Acc 0.9981168752277974, AUC 0.9475545287132263
Test Epoch4 layer6 Acc 0.998106750901065, AUC 0.940990686416626
Test Epoch4 layer7 Acc 0.9981168752277974, AUC 0.9353780150413513
Test Epoch4 layer8 Acc 0.0033511521483821326, AUC 0.5179396867752075
Test Epoch4 layer9 Acc 0.0010833029603531366, AUC 0.3434751331806183
Test Epoch4 layer10 Acc 0.21748066253594137, AUC 0.5453958511352539
Test Epoch4 layer11 Acc 0.0032802818612562264, AUC 0.5170098543167114
Test Epoch4 layer12 Acc 0.004566071356254809, AUC 0.4860564172267914
Test Epoch4 layer13 Acc 0.00017211355444862918, AUC 0.5928665995597839
Test Epoch4 layer14 Acc 0.2215607662090471, AUC 0.587713360786438
gc 0
[[4.76477636e+03 2.67981750e+00]
 [4.59730802e-04 1.53115937e+00]
 [2.79308834e-04 1.21084448e+00]
 [3.32250544e-04 9.87118774e-01]
 [4.31129913e-04 8.73226357e-01]
 [1.70953146e-03 8.06223706e-01]
 [1.28439911e-03 7.15780202e-01]
 [1.50022054e-03 7.17672468e-01]
 [9.13001087e+02 7.51026956e+02]
 [5.64920723e+02 6.13921654e+02]
 [4.93393355e+02 4.69033766e+02]
 [4.56505171e+02 3.78547850e+02]
 [4.34422916e+02 3.77286794e+02]
 [4.09674889e+02 3.64032448e+02]
 [3.50931891e+02 2.79783124e+02]]
Train Epoch5 Acc 0.22156326726909156 (87533/395070), AUC 0.5992164611816406
Test Epoch5 layer0 Acc 0.9976714048515773, AUC 0.9458820223808289
Test Epoch5 layer1 Acc 0.9981168752277974, AUC 0.9567754864692688
Test Epoch5 layer2 Acc 0.9980763779208682, AUC 0.9563426971435547
Test Epoch5 layer3 Acc 0.9980966265743328, AUC 0.9672097563743591
Test Epoch5 layer4 Acc 0.9982484914753169, AUC 0.957662045955658
Test Epoch5 layer5 Acc 0.9983092374357105, AUC 0.9400879144668579
Test Epoch5 layer6 Acc 0.9982687401287814, AUC 0.9589626789093018
Test Epoch5 layer7 Acc 0.9982383671485846, AUC 0.9353038668632507
Test Epoch5 layer8 Acc 0.003290406187988499, AUC 0.5202219486236572
Test Epoch5 layer9 Acc 0.0010833029603531366, AUC 0.34623780846595764
Test Epoch5 layer10 Acc 0.21643785688251732, AUC 0.5333510041236877
Test Epoch5 layer11 Acc 0.0033612764751144047, AUC 0.5141087174415588
Test Epoch5 layer12 Acc 0.004596444336451626, AUC 0.46554994583129883
Test Epoch5 layer13 Acc 0.000334102782164986, AUC 0.5859154462814331
Test Epoch5 layer14 Acc 0.22158101486251164, AUC 0.5861397385597229
gc 0
[[4.76477636e+03 2.59586702e+00]
 [5.10126936e-04 1.48348452e+00]
 [3.89158877e-04 1.18221470e+00]
 [5.49702096e-04 9.65346936e-01]
 [7.57604244e-04 8.55591141e-01]
 [2.50888968e-03 7.87716551e-01]
 [2.03542700e-03 7.02215930e-01]
 [2.40239039e-03 7.04311755e-01]
 [9.07709642e+02 7.44544715e+02]
 [5.63035010e+02 6.09404095e+02]
 [4.93002802e+02 4.67249788e+02]
 [4.56170032e+02 3.77615301e+02]
 [4.34079829e+02 3.75765492e+02]
 [4.09101197e+02 3.62567943e+02]
 [3.50833156e+02 2.78812379e+02]]
Train Epoch6 Acc 0.2215733920571038 (87537/395070), AUC 0.5963935256004333
Test Epoch6 layer0 Acc 0.997691653505042, AUC 0.9363300800323486
Test Epoch6 layer1 Acc 0.9980763779208682, AUC 0.9441356062889099
Test Epoch6 layer2 Acc 0.998106750901065, AUC 0.9554043412208557
Test Epoch6 layer3 Acc 0.9981472482079942, AUC 0.9672407507896423
Test Epoch6 layer4 Acc 0.9982687401287814, AUC 0.9603712558746338
Test Epoch6 layer5 Acc 0.9983193617624428, AUC 0.9612257480621338
Test Epoch6 layer6 Acc 0.998288988782246, AUC 0.9608691930770874
Test Epoch6 layer7 Acc 0.9982991131089782, AUC 0.940521776676178
Test Epoch6 layer8 Acc 0.003290406187988499, AUC 0.5211354494094849
Test Epoch6 layer9 Acc 0.001336411128659944, AUC 0.3402254581451416
Test Epoch6 layer10 Acc 0.21145668813023935, AUC 0.5475742816925049
Test Epoch6 layer11 Acc 0.0033612764751144047, AUC 0.5140596628189087
Test Epoch6 layer12 Acc 0.004566071356254809, AUC 0.491301029920578
Test Epoch6 layer13 Acc 0.0002834811485036245, AUC 0.5934539437294006
Test Epoch6 layer14 Acc 0.22158101486251164, AUC 0.5812303423881531
gc 0
[[4.76477636e+03 2.55881053e+00]
 [4.31830517e-04 1.44706536e+00]
 [3.37675426e-04 1.15817038e+00]
 [4.80109109e-04 9.46083505e-01]
 [6.69812980e-04 8.37130149e-01]
 [2.21412859e-03 7.68569201e-01]
 [1.79842040e-03 6.85362332e-01]
 [2.09137017e-03 6.85974082e-01]
 [9.02707487e+02 7.37600366e+02]
 [5.61286901e+02 6.04264877e+02]
 [4.92807190e+02 4.65206645e+02]
 [4.55979675e+02 3.76455627e+02]
 [4.33794607e+02 3.73963815e+02]
 [4.08571999e+02 3.60836000e+02]
 [3.50786460e+02 2.77760686e+02]]
Train Epoch7 Acc 0.2215733920571038 (87537/395070), AUC 0.5876287221908569
Test Epoch7 layer0 Acc 0.9977017778317742, AUC 0.9373247027397156
Test Epoch7 layer1 Acc 0.9981168752277974, AUC 0.9558519124984741
Test Epoch7 layer2 Acc 0.9983092374357105, AUC 0.9563384652137756
Test Epoch7 layer3 Acc 0.9983396104159074, AUC 0.9639585018157959
Test Epoch7 layer4 Acc 0.9983193617624428, AUC 0.9601107239723206
Test Epoch7 layer5 Acc 0.998400356376301, AUC 0.9603375792503357
Test Epoch7 layer6 Acc 0.9983396104159074, AUC 0.9630453586578369
Test Epoch7 layer7 Acc 0.9983801077228365, AUC 0.958872377872467
Test Epoch7 layer8 Acc 0.0033410278216498604, AUC 0.5139452815055847
Test Epoch7 layer9 Acc 0.0009516867128335966, AUC 0.3434436023235321
Test Epoch7 layer10 Acc 0.21524318632810918, AUC 0.5175616145133972
Test Epoch7 layer11 Acc 0.003563763009759851, AUC 0.5127471089363098
Test Epoch7 layer12 Acc 0.004596444336451626, AUC 0.4839323163032532
Test Epoch7 layer13 Acc 0.000334102782164986, AUC 0.5933255553245544
Test Epoch7 layer14 Acc 0.2216012635159762, AUC 0.5614383220672607
gc 0
[[4.76477636e+03 2.52464984e+00]
 [4.88766600e-04 1.41537273e+00]
 [3.67590043e-04 1.13755340e+00]
 [5.08095648e-04 9.30200095e-01]
 [7.10097070e-04 8.22777804e-01]
 [8.15486154e-04 7.37182243e-01]
 [1.26080710e-03 6.69246452e-01]
 [1.85087071e-03 6.70248359e-01]
 [8.98836935e+02 7.32066739e+02]
 [5.59955768e+02 6.00382538e+02]
 [4.92412095e+02 4.63731092e+02]
 [4.55648988e+02 3.75357508e+02]
 [4.33369402e+02 3.72656055e+02]
 [4.08040222e+02 3.59402404e+02]
 [3.50730841e+02 2.77086825e+02]]
Train Epoch8 Acc 0.22158857923912217 (87543/395070), AUC 0.5773748159408569
Test Epoch8 layer0 Acc 0.9977220264852388, AUC 0.9319458603858948
Test Epoch8 layer1 Acc 0.998106750901065, AUC 0.9438599944114685
Test Epoch8 layer2 Acc 0.9983092374357105, AUC 0.9446970224380493
Test Epoch8 layer3 Acc 0.9983193617624428, AUC 0.9592645168304443
Test Epoch8 layer4 Acc 0.998329486089175, AUC 0.958320677280426
Test Epoch8 layer5 Acc 0.998400356376301, AUC 0.9571754336357117
Test Epoch8 layer6 Acc 0.9983801077228365, AUC 0.9664056897163391
Test Epoch8 layer7 Acc 0.9983902320495687, AUC 0.9420298933982849
Test Epoch8 layer8 Acc 0.003300530514720771, AUC 0.5190901160240173
Test Epoch8 layer9 Acc 0.000901065079172235, AUC 0.3402498960494995
Test Epoch8 layer10 Acc 0.20934070384319442, AUC 0.5243414044380188
Test Epoch8 layer11 Acc 0.0036548819503503015, AUC 0.5128464698791504
Test Epoch8 layer12 Acc 0.004687563277042076, AUC 0.4810786247253418
Test Epoch8 layer13 Acc 0.0003037298019681691, AUC 0.5949139595031738
Test Epoch8 layer14 Acc 0.22154051755558254, AUC 0.5841022729873657
gc 0
[[4.76477636e+03 2.48989678e+00]
 [4.63815889e-04 1.38967446e+00]
 [3.55521242e-04 1.11881568e+00]
 [2.23001726e-04 9.05586250e-01]
 [2.07407209e-04 7.96299561e-01]
 [6.06506825e-04 7.16636032e-01]
 [1.10956713e-03 6.49745317e-01]
 [1.64127743e-03 6.49109985e-01]
 [8.95560003e+02 7.27671000e+02]
 [5.58839956e+02 5.97822264e+02]
 [4.91795650e+02 4.62776654e+02]
 [4.55179239e+02 3.74845476e+02]
 [4.32787351e+02 3.71936320e+02]
 [4.07497802e+02 3.58631523e+02]
 [3.50606662e+02 2.76720319e+02]]
Train Epoch9 Acc 0.22156326726909156 (87533/395070), AUC 0.5755957961082458
Test Epoch9 layer0 Acc 0.9977625237921678, AUC 0.9258185029029846
Test Epoch9 layer1 Acc 0.9982079941683878, AUC 0.9380245208740234
Test Epoch9 layer2 Acc 0.9983193617624428, AUC 0.955344557762146
Test Epoch9 layer3 Acc 0.9984104807030333, AUC 0.9585317373275757
Test Epoch9 layer4 Acc 0.9982991131089782, AUC 0.9566850662231445
Test Epoch9 layer5 Acc 0.9983497347426397, AUC 0.9532161355018616
Test Epoch9 layer6 Acc 0.998288988782246, AUC 0.9603506326675415
Test Epoch9 layer7 Acc 0.9983092374357105, AUC 0.9580124020576477
Test Epoch9 layer8 Acc 0.003199287247398048, AUC 0.5169856548309326
Test Epoch9 layer9 Acc 0.0009719353662981412, AUC 0.3422776460647583
Test Epoch9 layer10 Acc 0.10094966184748715, AUC 0.5012688636779785
Test Epoch9 layer11 Acc 0.0035131413760984896, AUC 0.513100802898407
Test Epoch9 layer12 Acc 0.004677438950309805, AUC 0.4662729501724243
Test Epoch9 layer13 Acc 0.00259182764346171, AUC 0.5966288447380066
Test Epoch9 layer14 Acc 0.22155064188231482, AUC 0.5724627375602722
Best AUC 0.9713444113731384
train_loss (2, 15, 10)
valid_acc (15, 10)
valid_AUC (15, 10)
train_acc (10,)
Figure(640x480)
Figure(640x480)
Figure(640x480)
Figure(640x480)
Start Testing
Load ckpt at ./ckpt/mask8//kdd99/kdd99_linearal_l15_m8.pt
[[56147     0    11     0     0     0     0     0     0     0     0]
 [    0 21440     1     0     0     0     0     0     0     0     0]
 [   17     1 19411    10     0     4     0    13     0     0     0]
 [    0     0     6   435     0     0     0     0     0     0     0]
 [    5     0    26     0   287     0     0     0     0     0     0]
 [    0     0    16     0     0   223     5     6     0     0     0]
 [    0    12     7     0     0     0   189     0     0     0     0]
 [    0     0    34     0     0     0     0   170     0     0     0]
 [    0     0     1     0     0     0     0     0   195     0     0]
 [    1     5    10     0     0    16     0     3    12     0     6]
 [    0     0     8     0     0    21     0     0     0     0    18]]
Figure(640x480)
[[56153     0     5     0     0     0     0     0     0     0     0]
 [    0 21440     1     0     0     0     0     0     0     0     0]
 [   17     0 19411    10     0     6     0    12     0     0     0]
 [    0     0     7   434     0     0     0     0     0     0     0]
 [    5     0    19     0   294     0     0     0     0     0     0]
 [    0     0     7     0     0   239     4     0     0     0     0]
 [    0     6     6     0     0     0   196     0     0     0     0]
 [    0     0    28     0     0     0     0   176     0     0     0]
 [    0     0     0     0     0     0     0     0   196     0     0]
 [    2     0     4     0     0    18     0     4    16     0     9]
 [    0     0     8     0     0    21     0     0     0     0    18]]
Figure(640x480)
[[56153     0     5     0     0     0     0     0     0     0     0]
 [    0 21440     1     0     0     0     0     0     0     0     0]
 [   17     0 19411     8     0     5     0    15     0     0     0]
 [    0     0     8   433     0     0     0     0     0     0     0]
 [    5     0    18     0   295     0     0     0     0     0     0]
 [    0     0    16     0     0   234     0     0     0     0     0]
 [    0     5     6     0     0     0   197     0     0     0     0]
 [    0     0    12     0     0     0     0   192     0     0     0]
 [    0     0     0     0     0     0     0     0   196     0     0]
 [    1     0     8     0     0    14     0     0    15     0    15]
 [    0     0     8     0     0    21     0     0     0     0    18]]
Figure(640x480)
[[56153     0     5     0     0     0     0     0     0     0     0]
 [    0 21440     1     0     0     0     0     0     0     0     0]
 [   17     0 19412     7     0     5     0    15     0     0     0]
 [    0     0    10   431     0     0     0     0     0     0     0]
 [    5     0    18     0   295     0     0     0     0     0     0]
 [    0     0    16     0     0   234     0     0     0     0     0]
 [    0     5     6     0     0     0   197     0     0     0     0]
 [    0     0    12     0     0     0     0   192     0     0     0]
 [    0     0     0     0     0     0     0     0   196     0     0]
 [    0     0     6     0     0     2     0     2    16     0    27]
 [    0     0     8     0     0    21     0     0     0     0    18]]
Figure(640x480)
[[56153     0     5     0     0     0     0     0     0     0     0]
 [    0 21440     1     0     0     0     0     0     0     0     0]
 [   17     0 19413     7     0     4     0    15     0     0     0]
 [    0     0    10   431     0     0     0     0     0     0     0]
 [    5     0    18     0   295     0     0     0     0     0     0]
 [    0     0    21     0     2   227     0     0     0     0     0]
 [    0     5     6     0     0     0   197     0     0     0     0]
 [    0     0    12     0     0     0     0   192     0     0     0]
 [    0     0     0     0     0     0     0     0   196     0     0]
 [    2     0     4     0     0     1     0     1    18     0    27]
 [    0     0     9     0     0    20     0     0     0     0    18]]
Figure(640x480)
[[56153     0     5     0     0     0     0     0     0     0     0]
 [    0 21439     2     0     0     0     0     0     0     0     0]
 [   17     0 19412     7     0     5     0    15     0     0     0]
 [    0     0     9   432     0     0     0     0     0     0     0]
 [    5     0    18     0   295     0     0     0     0     0     0]
 [    0     0    18     0     2   230     0     0     0     0     0]
 [    0     4     6     0     0     0   198     0     0     0     0]
 [    0     0    12     0     0     0     0   192     0     0     0]
 [    0     0     0     0     0     0     0     0   196     0     0]
 [    3     0     6     0     0     1     0     0    15     0    28]
 [    0     0     9     0     0    20     0     0     0     0    18]]
Figure(640x480)
[[56153     0     5     0     0     0     0     0     0     0     0]
 [    0 21440     1     0     0     0     0     0     0     0     0]
 [   17     0 19413     7     0     4     0    15     0     0     0]
 [    0     0    10   431     0     0     0     0     0     0     0]
 [    5     0    18     0   295     0     0     0     0     0     0]
 [    0     0    21     0     0   229     0     0     0     0     0]
 [    0     5     6     0     0     0   197     0     0     0     0]
 [    0     0    11     0     0     0     0   193     0     0     0]
 [    1     0     0     0     0     0     0     0   195     0     0]
 [    7     2     6     0     0    18     2     1     7     0    10]
 [    0     0    12     0     0    17     0     0     0     0    18]]
Figure(640x480)
[[56153     0     5     0     0     0     0     0     0     0     0]
 [    0 21439     2     0     0     0     0     0     0     0     0]
 [   17     0 19421     7     0     2     0     9     0     0     0]
 [    0     0    10   431     0     0     0     0     0     0     0]
 [    5     0    19     0   294     0     0     0     0     0     0]
 [    0     0    29     0     1   220     0     0     0     0     0]
 [    0    10     8     0     0     0   190     0     0     0     0]
 [    0     0    34     3     0     0     0   167     0     0     0]
 [    2     1     0     0     0     0     0     0   193     0     0]
 [   40     9     3     1     0     0     0     0     0     0     0]
 [    0    18    28     0     0     1     0     0     0     0     0]]
Figure(640x480)
[[    0     0     0     0 56158     0     0     0     0     0     0]
 [    0     0     0     0 21441     0     0     0     0     0     0]
 [    0     1     0    10  8529     0 10916     0     0     0     0]
 [    0     0     0     0   441     0     0     0     0     0     0]
 [    0     0     0     0   316     0     2     0     0     0     0]
 [    0     0     0     0   249     0     0     0     0     0     1]
 [    0     0     0     0   208     0     0     0     0     0     0]
 [    0     0    88     1    79     0     3     0     0     0    33]
 [    0     0     0     0    27     0     0     0     0     0   169]
 [    0     0     0     0    53     0     0     0     0     0     0]
 [    0     0     0     0    46     0     1     0     0     0     0]]
Figure(640x480)
[[56116     0     0     0     0     0     0     0     0     0    42]
 [21439     0     0     1     0     0     0     0     0     0     1]
 [   19     0     5    31    19     0     0     0     0     0 19382]
 [    0     0   182     0   256     0     0     0     0     0     3]
 [    0     0     0     0    33     0     0   273     0     0    12]
 [    0     0   219     0     6     0     0     0     0     0    25]
 [    0     0    45     0   158     0     0     0     0     0     5]
 [  187     0     1     0     5     0     0     0     0     0    11]
 [    0     0     0     0   196     0     0     0     0     0     0]
 [    0     0     0     0    49     0     0     0     0     0     4]
 [    0     0     0     0     0     0     0     0     0     0    47]]
Figure(640x480)
[[    1 56153     0     4     0     0     0     0     0     0     0]
 [    1 21440     0     0     0     0     0     0     0     0     0]
 [  147    78     3 19227     0     0     0     0     0     0     1]
 [    1   438     1     1     0     0     0     0     0     0     0]
 [   25   290     0     3     0     0     0     0     0     0     0]
 [   25     2     0     3     0     0     0     0     0     0   220]
 [    3   204     0     1     0     0     0     0     0     0     0]
 [    1   174     0    29     0     0     0     0     0     0     0]
 [  161     3     0     0     0     0    32     0     0     0     0]
 [    0    51     0     2     0     0     0     0     0     0     0]
 [   24     1     0     6     0     0     0     0     0     0    16]]
Figure(640x480)
[[    0     0     0     0 56158     0     0     0     0     0     0]
 [    0     0     0     0     6     0     0     0 21435     0     0]
 [    0     0     0     6  3143     0     2     0     0     0 16305]
 [    0     0     0     9   430     0     0     0     0     0     2]
 [    0     0     0     0   318     0     0     0     0     0     0]
 [    0     0     0     0    49     2   197     0     0     0     2]
 [    0     0     0     0   207     0     0     0     0     0     1]
 [    0     0     0   143     9     0     0     0     0     0    52]
 [    0     0     0   193     3     0     0     0     0     0     0]
 [    0     0     0     0    51     0     0     0     0     0     2]
 [    0     0     0     0    43     0     0     0     0     0     4]]
Figure(640x480)
[[    0     0     0 56153     5     0     0     0     0     0     0]
 [    0     0     0 21440     0     0     0     0     0     0     1]
 [    0     0     0    44 19218     1     0     0     1     0   192]
 [    0     0     0   433     1     0     0     0     0     0     7]
 [    0     0     0    11    15     0     0     0     0     0   292]
 [    0     0     0   233     5     0     0     0     0     0    12]
 [    0     0     0   202     2     0     0     0     0     0     4]
 [    0     0     0   193    11     0     0     0     0     0     0]
 [    0     0     0   196     0     0     0     0     0     0     0]
 [    0     0     0    51     2     0     0     0     0     0     0]
 [    0     0     0    37     7     0     0     0     1     0     2]]
Figure(640x480)
[[    0     0 56145     0     0     0     0     0    13     0     0]
 [    0     0     0     0     0     0     0     0     2     0 21439]
 [    0     0    17     0     0     0     0     0 19438     0     1]
 [    0     0   425     0     0     0     0     0    16     0     0]
 [    0     0     5     0     0     0     0     0   313     0     0]
 [    0     0   226     0     1     0     0     0    23     0     0]
 [    0     0     0     0     0     0     0     0   206     0     2]
 [    0     0    10     0     0     0     0     0    75     0   119]
 [    0     0     0     0    33     0     0     0     3     0   160]
 [    0     0     1     0     0     0     0     0    52     0     0]
 [    0     0    33     0     0     0     0     0    14     0     0]]
Figure(640x480)
[[    0     0     0    11 56147     0     0     0     0     0     0]
 [    0 21439     0     2     0     0     0     0     0     0     0]
 [    0    14     0 19435     7     0     0     0     0     0     0]
 [    0     0     0   441     0     0     0     0     0     0     0]
 [    0     0     0   313     5     0     0     0     0     0     0]
 [    0     0     0    31   219     0     0     0     0     0     0]
 [    0     9     0   199     0     0     0     0     0     0     0]
 [    0   189     0    15     0     0     0     0     0     0     0]
 [    0   193     0     3     0     0     0     0     0     0     0]
 [    0    22     0    31     0     0     0     0     0     0     0]
 [    0    16     0    31     0     0     0     0     0     0     0]]
Figure(640x480)
