total count words 222751
vocab size 30000
found 27937 words in glove
Start Training
gc 0
Train Epoch0 Acc 0.5039 (20156/40000), AUC 0.5047597885131836
Test Epoch0 layer0 Acc 0.4929, AUC 0.5097746253013611, avg_entr 0.6963921785354614
Save ckpt to ckpt/imdb_transformeralside_l5_side500//imdb_transformeralside_l5_side.pt  ,ep 0
Test Epoch0 layer1 Acc 0.4931, AUC 0.49864208698272705, avg_entr 0.6943998336791992
Test Epoch0 layer2 Acc 0.4931, AUC 0.4907072186470032, avg_entr 0.6966051459312439
Test Epoch0 layer3 Acc 0.4929, AUC 0.5141447186470032, avg_entr 0.6938323974609375
Save ckpt to ckpt/imdb_transformeralside_l5_side500//imdb_transformeralside_l5_side.pt  ,ep 0
Test Epoch0 layer4 Acc 0.4929, AUC 0.5051412582397461, avg_entr 0.6977524757385254
gc 0
Train Epoch1 Acc 0.503575 (20143/40000), AUC 0.5076714158058167
Test Epoch1 layer0 Acc 0.5018, AUC 0.5548632740974426, avg_entr 0.6940445899963379
Save ckpt to ckpt/imdb_transformeralside_l5_side500//imdb_transformeralside_l5_side.pt  ,ep 1
Test Epoch1 layer1 Acc 0.4947, AUC 0.5401468276977539, avg_entr 0.6928737163543701
Test Epoch1 layer2 Acc 0.4924, AUC 0.5134357213973999, avg_entr 0.6956426501274109
Test Epoch1 layer3 Acc 0.5164, AUC 0.5167940855026245, avg_entr 0.6919448375701904
Test Epoch1 layer4 Acc 0.4929, AUC 0.5237094759941101, avg_entr 0.6971403360366821
gc 0
Train Epoch2 Acc 0.510175 (20407/40000), AUC 0.5153052806854248
Test Epoch2 layer0 Acc 0.607, AUC 0.6449356079101562, avg_entr 0.6934177279472351
Save ckpt to ckpt/imdb_transformeralside_l5_side500//imdb_transformeralside_l5_side.pt  ,ep 2
Test Epoch2 layer1 Acc 0.5611, AUC 0.5839080810546875, avg_entr 0.6938638687133789
Test Epoch2 layer2 Acc 0.5261, AUC 0.5297666192054749, avg_entr 0.696418046951294
Test Epoch2 layer3 Acc 0.5208, AUC 0.545758843421936, avg_entr 0.6912365555763245
Test Epoch2 layer4 Acc 0.4929, AUC 0.528485119342804, avg_entr 0.694048285484314
gc 0
Train Epoch3 Acc 0.511875 (20475/40000), AUC 0.5172617435455322
Test Epoch3 layer0 Acc 0.6255, AUC 0.7230998277664185, avg_entr 0.6256948113441467
Save ckpt to ckpt/imdb_transformeralside_l5_side500//imdb_transformeralside_l5_side.pt  ,ep 3
Test Epoch3 layer1 Acc 0.6016, AUC 0.7278997302055359, avg_entr 0.6287640929222107
Save ckpt to ckpt/imdb_transformeralside_l5_side500//imdb_transformeralside_l5_side.pt  ,ep 3
Test Epoch3 layer2 Acc 0.5591, AUC 0.724398136138916, avg_entr 0.683553159236908
Test Epoch3 layer3 Acc 0.561, AUC 0.7130485773086548, avg_entr 0.6895670890808105
Test Epoch3 layer4 Acc 0.4929, AUC 0.5997781753540039, avg_entr 0.6896467804908752
gc 0
Train Epoch4 Acc 0.557575 (22303/40000), AUC 0.5873770117759705
Test Epoch4 layer0 Acc 0.6265, AUC 0.7579800486564636, avg_entr 0.5583814382553101
Save ckpt to ckpt/imdb_transformeralside_l5_side500//imdb_transformeralside_l5_side.pt  ,ep 4
Test Epoch4 layer1 Acc 0.563, AUC 0.7685483694076538, avg_entr 0.4922525882720947
Save ckpt to ckpt/imdb_transformeralside_l5_side500//imdb_transformeralside_l5_side.pt  ,ep 4
Test Epoch4 layer2 Acc 0.511, AUC 0.7659489512443542, avg_entr 0.4071994721889496
Test Epoch4 layer3 Acc 0.5096, AUC 0.7677972316741943, avg_entr 0.4623337388038635
Test Epoch4 layer4 Acc 0.5654, AUC 0.7621819376945496, avg_entr 0.6619352698326111
gc 0
Train Epoch5 Acc 0.62055 (24822/40000), AUC 0.6687347888946533
Test Epoch5 layer0 Acc 0.6983, AUC 0.7752858996391296, avg_entr 0.5453948378562927
Save ckpt to ckpt/imdb_transformeralside_l5_side500//imdb_transformeralside_l5_side.pt  ,ep 5
Test Epoch5 layer1 Acc 0.691, AUC 0.7954497337341309, avg_entr 0.5161452889442444
Save ckpt to ckpt/imdb_transformeralside_l5_side500//imdb_transformeralside_l5_side.pt  ,ep 5
Test Epoch5 layer2 Acc 0.6386, AUC 0.7957750558853149, avg_entr 0.4748978018760681
Save ckpt to ckpt/imdb_transformeralside_l5_side500//imdb_transformeralside_l5_side.pt  ,ep 5
Test Epoch5 layer3 Acc 0.5859, AUC 0.7965981960296631, avg_entr 0.42988041043281555
Save ckpt to ckpt/imdb_transformeralside_l5_side500//imdb_transformeralside_l5_side.pt  ,ep 5
Test Epoch5 layer4 Acc 0.5352, AUC 0.7956225872039795, avg_entr 0.409988671541214
gc 0
Train Epoch6 Acc 0.6685 (26740/40000), AUC 0.7373392581939697
Test Epoch6 layer0 Acc 0.7081, AUC 0.7909866571426392, avg_entr 0.4955190420150757
Test Epoch6 layer1 Acc 0.7235, AUC 0.816974401473999, avg_entr 0.46698760986328125
Save ckpt to ckpt/imdb_transformeralside_l5_side500//imdb_transformeralside_l5_side.pt  ,ep 6
Test Epoch6 layer2 Acc 0.7093, AUC 0.8178591728210449, avg_entr 0.45166680216789246
Save ckpt to ckpt/imdb_transformeralside_l5_side500//imdb_transformeralside_l5_side.pt  ,ep 6
Test Epoch6 layer3 Acc 0.7036, AUC 0.8183771371841431, avg_entr 0.4610649347305298
Save ckpt to ckpt/imdb_transformeralside_l5_side500//imdb_transformeralside_l5_side.pt  ,ep 6
Test Epoch6 layer4 Acc 0.7035, AUC 0.8181078433990479, avg_entr 0.48714229464530945
gc 0
Train Epoch7 Acc 0.7096 (28384/40000), AUC 0.784538209438324
Test Epoch7 layer0 Acc 0.7205, AUC 0.8037977814674377, avg_entr 0.4625326693058014
Test Epoch7 layer1 Acc 0.7392, AUC 0.829421877861023, avg_entr 0.4386500418186188
Save ckpt to ckpt/imdb_transformeralside_l5_side500//imdb_transformeralside_l5_side.pt  ,ep 7
Test Epoch7 layer2 Acc 0.7362, AUC 0.8301048278808594, avg_entr 0.4334242641925812
Save ckpt to ckpt/imdb_transformeralside_l5_side500//imdb_transformeralside_l5_side.pt  ,ep 7
Test Epoch7 layer3 Acc 0.716, AUC 0.8301178216934204, avg_entr 0.4347078204154968
Save ckpt to ckpt/imdb_transformeralside_l5_side500//imdb_transformeralside_l5_side.pt  ,ep 7
Test Epoch7 layer4 Acc 0.6941, AUC 0.830046534538269, avg_entr 0.4357360899448395
gc 0
Train Epoch8 Acc 0.737025 (29481/40000), AUC 0.8173775672912598
Test Epoch8 layer0 Acc 0.7369, AUC 0.8189057111740112, avg_entr 0.41859346628189087
Test Epoch8 layer1 Acc 0.7591, AUC 0.8428659439086914, avg_entr 0.3877626359462738
Save ckpt to ckpt/imdb_transformeralside_l5_side500//imdb_transformeralside_l5_side.pt  ,ep 8
Test Epoch8 layer2 Acc 0.7598, AUC 0.8440032005310059, avg_entr 0.3776891231536865
Save ckpt to ckpt/imdb_transformeralside_l5_side500//imdb_transformeralside_l5_side.pt  ,ep 8
Test Epoch8 layer3 Acc 0.7585, AUC 0.8438777327537537, avg_entr 0.3810561001300812
Test Epoch8 layer4 Acc 0.7561, AUC 0.8435807228088379, avg_entr 0.3899535536766052
gc 0
Train Epoch9 Acc 0.7592 (30368/40000), AUC 0.8401956558227539
Test Epoch9 layer0 Acc 0.7391, AUC 0.8291295766830444, avg_entr 0.407719224691391
Test Epoch9 layer1 Acc 0.7701, AUC 0.8557388782501221, avg_entr 0.38484135270118713
Save ckpt to ckpt/imdb_transformeralside_l5_side500//imdb_transformeralside_l5_side.pt  ,ep 9
Test Epoch9 layer2 Acc 0.7715, AUC 0.8574737310409546, avg_entr 0.3759293556213379
Save ckpt to ckpt/imdb_transformeralside_l5_side500//imdb_transformeralside_l5_side.pt  ,ep 9
Test Epoch9 layer3 Acc 0.7719, AUC 0.8578387498855591, avg_entr 0.37494441866874695
Save ckpt to ckpt/imdb_transformeralside_l5_side500//imdb_transformeralside_l5_side.pt  ,ep 9
Test Epoch9 layer4 Acc 0.7717, AUC 0.8577631115913391, avg_entr 0.3899379372596741
gc 0
Train Epoch10 Acc 0.770625 (30825/40000), AUC 0.8525665998458862
Test Epoch10 layer0 Acc 0.7521, AUC 0.8370857238769531, avg_entr 0.37037065625190735
Test Epoch10 layer1 Acc 0.7729, AUC 0.8645026087760925, avg_entr 0.34246718883514404
Save ckpt to ckpt/imdb_transformeralside_l5_side500//imdb_transformeralside_l5_side.pt  ,ep 10
Test Epoch10 layer2 Acc 0.7758, AUC 0.8655012845993042, avg_entr 0.3386766016483307
Save ckpt to ckpt/imdb_transformeralside_l5_side500//imdb_transformeralside_l5_side.pt  ,ep 10
Test Epoch10 layer3 Acc 0.7719, AUC 0.8658189177513123, avg_entr 0.3400399684906006
Save ckpt to ckpt/imdb_transformeralside_l5_side500//imdb_transformeralside_l5_side.pt  ,ep 10
Test Epoch10 layer4 Acc 0.7726, AUC 0.8659064769744873, avg_entr 0.35641199350357056
Save ckpt to ckpt/imdb_transformeralside_l5_side500//imdb_transformeralside_l5_side.pt  ,ep 10
gc 0
Train Epoch11 Acc 0.786425 (31457/40000), AUC 0.8697255849838257
Test Epoch11 layer0 Acc 0.7605, AUC 0.8448502421379089, avg_entr 0.3460516333580017
Test Epoch11 layer1 Acc 0.7826, AUC 0.8710218667984009, avg_entr 0.31958040595054626
Save ckpt to ckpt/imdb_transformeralside_l5_side500//imdb_transformeralside_l5_side.pt  ,ep 11
Test Epoch11 layer2 Acc 0.7828, AUC 0.8726793527603149, avg_entr 0.2969869077205658
Save ckpt to ckpt/imdb_transformeralside_l5_side500//imdb_transformeralside_l5_side.pt  ,ep 11
Test Epoch11 layer3 Acc 0.7839, AUC 0.8730385899543762, avg_entr 0.2896977663040161
Save ckpt to ckpt/imdb_transformeralside_l5_side500//imdb_transformeralside_l5_side.pt  ,ep 11
Test Epoch11 layer4 Acc 0.7832, AUC 0.872999906539917, avg_entr 0.2917720079421997
gc 0
Train Epoch12 Acc 0.79905 (31962/40000), AUC 0.8811249136924744
Test Epoch12 layer0 Acc 0.7652, AUC 0.8498833179473877, avg_entr 0.3142443299293518
Test Epoch12 layer1 Acc 0.7945, AUC 0.8752437829971313, avg_entr 0.2734738290309906
Save ckpt to ckpt/imdb_transformeralside_l5_side500//imdb_transformeralside_l5_side.pt  ,ep 12
Test Epoch12 layer2 Acc 0.7944, AUC 0.8767582178115845, avg_entr 0.22031022608280182
Save ckpt to ckpt/imdb_transformeralside_l5_side500//imdb_transformeralside_l5_side.pt  ,ep 12
Test Epoch12 layer3 Acc 0.7942, AUC 0.8770045042037964, avg_entr 0.20165911316871643
Save ckpt to ckpt/imdb_transformeralside_l5_side500//imdb_transformeralside_l5_side.pt  ,ep 12
Test Epoch12 layer4 Acc 0.793, AUC 0.8770251274108887, avg_entr 0.19905173778533936
Save ckpt to ckpt/imdb_transformeralside_l5_side500//imdb_transformeralside_l5_side.pt  ,ep 12
gc 0
Train Epoch13 Acc 0.8042 (32168/40000), AUC 0.8848980665206909
Test Epoch13 layer0 Acc 0.7571, AUC 0.8544657230377197, avg_entr 0.28162506222724915
Test Epoch13 layer1 Acc 0.7724, AUC 0.8799744844436646, avg_entr 0.23315177857875824
Save ckpt to ckpt/imdb_transformeralside_l5_side500//imdb_transformeralside_l5_side.pt  ,ep 13
Test Epoch13 layer2 Acc 0.771, AUC 0.8819661140441895, avg_entr 0.196242094039917
Save ckpt to ckpt/imdb_transformeralside_l5_side500//imdb_transformeralside_l5_side.pt  ,ep 13
Test Epoch13 layer3 Acc 0.7666, AUC 0.8825167417526245, avg_entr 0.19003547728061676
Save ckpt to ckpt/imdb_transformeralside_l5_side500//imdb_transformeralside_l5_side.pt  ,ep 13
Test Epoch13 layer4 Acc 0.766, AUC 0.882552981376648, avg_entr 0.1933988332748413
Save ckpt to ckpt/imdb_transformeralside_l5_side500//imdb_transformeralside_l5_side.pt  ,ep 13
gc 0
Train Epoch14 Acc 0.809625 (32385/40000), AUC 0.8901858329772949
Test Epoch14 layer0 Acc 0.7758, AUC 0.8571817874908447, avg_entr 0.27488550543785095
Test Epoch14 layer1 Acc 0.7982, AUC 0.881453275680542, avg_entr 0.2201942652463913
Test Epoch14 layer2 Acc 0.7967, AUC 0.8836549520492554, avg_entr 0.16883444786071777
Save ckpt to ckpt/imdb_transformeralside_l5_side500//imdb_transformeralside_l5_side.pt  ,ep 14
Test Epoch14 layer3 Acc 0.796, AUC 0.8839880228042603, avg_entr 0.15699650347232819
Save ckpt to ckpt/imdb_transformeralside_l5_side500//imdb_transformeralside_l5_side.pt  ,ep 14
Test Epoch14 layer4 Acc 0.7956, AUC 0.8837248086929321, avg_entr 0.15609905123710632
gc 0
Train Epoch15 Acc 0.819975 (32799/40000), AUC 0.9021793007850647
Test Epoch15 layer0 Acc 0.7773, AUC 0.8604795932769775, avg_entr 0.2729540467262268
Test Epoch15 layer1 Acc 0.8035, AUC 0.8854374885559082, avg_entr 0.21634508669376373
Save ckpt to ckpt/imdb_transformeralside_l5_side500//imdb_transformeralside_l5_side.pt  ,ep 15
Test Epoch15 layer2 Acc 0.8067, AUC 0.8875272274017334, avg_entr 0.17249928414821625
Save ckpt to ckpt/imdb_transformeralside_l5_side500//imdb_transformeralside_l5_side.pt  ,ep 15
Test Epoch15 layer3 Acc 0.8075, AUC 0.8883736729621887, avg_entr 0.16666598618030548
Save ckpt to ckpt/imdb_transformeralside_l5_side500//imdb_transformeralside_l5_side.pt  ,ep 15
Test Epoch15 layer4 Acc 0.8076, AUC 0.8884568214416504, avg_entr 0.16725391149520874
Save ckpt to ckpt/imdb_transformeralside_l5_side500//imdb_transformeralside_l5_side.pt  ,ep 15
gc 0
Train Epoch16 Acc 0.8181 (32724/40000), AUC 0.8966831564903259
Test Epoch16 layer0 Acc 0.7787, AUC 0.8628518581390381, avg_entr 0.25895997881889343
Test Epoch16 layer1 Acc 0.8021, AUC 0.8849679231643677, avg_entr 0.19792714715003967
Test Epoch16 layer2 Acc 0.8022, AUC 0.8876850605010986, avg_entr 0.15679208934307098
Test Epoch16 layer3 Acc 0.8032, AUC 0.8886446952819824, avg_entr 0.15306857228279114
Save ckpt to ckpt/imdb_transformeralside_l5_side500//imdb_transformeralside_l5_side.pt  ,ep 16
Test Epoch16 layer4 Acc 0.8024, AUC 0.8886085152626038, avg_entr 0.15522095561027527
gc 0
Train Epoch17 Acc 0.827175 (33087/40000), AUC 0.9063178300857544
Test Epoch17 layer0 Acc 0.7823, AUC 0.8652576804161072, avg_entr 0.24151650071144104
Test Epoch17 layer1 Acc 0.8062, AUC 0.889020562171936, avg_entr 0.1780947744846344
Save ckpt to ckpt/imdb_transformeralside_l5_side500//imdb_transformeralside_l5_side.pt  ,ep 17
Test Epoch17 layer2 Acc 0.806, AUC 0.8914951682090759, avg_entr 0.14246916770935059
Save ckpt to ckpt/imdb_transformeralside_l5_side500//imdb_transformeralside_l5_side.pt  ,ep 17
Test Epoch17 layer3 Acc 0.8055, AUC 0.8922290802001953, avg_entr 0.13588488101959229
Save ckpt to ckpt/imdb_transformeralside_l5_side500//imdb_transformeralside_l5_side.pt  ,ep 17
Test Epoch17 layer4 Acc 0.8057, AUC 0.8922964930534363, avg_entr 0.13494527339935303
Save ckpt to ckpt/imdb_transformeralside_l5_side500//imdb_transformeralside_l5_side.pt  ,ep 17
gc 0
Train Epoch18 Acc 0.8308 (33232/40000), AUC 0.9086515307426453
Test Epoch18 layer0 Acc 0.7746, AUC 0.8654996156692505, avg_entr 0.22771605849266052
Test Epoch18 layer1 Acc 0.7905, AUC 0.8879551887512207, avg_entr 0.15253928303718567
Test Epoch18 layer2 Acc 0.7933, AUC 0.8888475894927979, avg_entr 0.12322439253330231
Test Epoch18 layer3 Acc 0.7956, AUC 0.8894615173339844, avg_entr 0.11781484633684158
Test Epoch18 layer4 Acc 0.7937, AUC 0.8887704610824585, avg_entr 0.11936816573143005
gc 0
Train Epoch19 Acc 0.83845 (33538/40000), AUC 0.9148772954940796
Test Epoch19 layer0 Acc 0.7807, AUC 0.8676748275756836, avg_entr 0.2365335375070572
Test Epoch19 layer1 Acc 0.8102, AUC 0.8890014290809631, avg_entr 0.1554303765296936
Test Epoch19 layer2 Acc 0.8102, AUC 0.8911975622177124, avg_entr 0.1280621737241745
Test Epoch19 layer3 Acc 0.8105, AUC 0.8922906517982483, avg_entr 0.12371370941400528
Test Epoch19 layer4 Acc 0.812, AUC 0.8924714922904968, avg_entr 0.12315551936626434
Save ckpt to ckpt/imdb_transformeralside_l5_side500//imdb_transformeralside_l5_side.pt  ,ep 19
gc 0
Train Epoch20 Acc 0.84055 (33622/40000), AUC 0.9170166254043579
Test Epoch20 layer0 Acc 0.7822, AUC 0.8686572313308716, avg_entr 0.20770516991615295
Test Epoch20 layer1 Acc 0.784, AUC 0.8913919925689697, avg_entr 0.1241563931107521
Test Epoch20 layer2 Acc 0.7825, AUC 0.8923251628875732, avg_entr 0.10270321369171143
Test Epoch20 layer3 Acc 0.782, AUC 0.8935346603393555, avg_entr 0.09643348306417465
Save ckpt to ckpt/imdb_transformeralside_l5_side500//imdb_transformeralside_l5_side.pt  ,ep 20
Test Epoch20 layer4 Acc 0.7783, AUC 0.8937461376190186, avg_entr 0.09380500763654709
Save ckpt to ckpt/imdb_transformeralside_l5_side500//imdb_transformeralside_l5_side.pt  ,ep 20
gc 0
Train Epoch21 Acc 0.84295 (33718/40000), AUC 0.9179916381835938
Test Epoch21 layer0 Acc 0.761, AUC 0.8689491748809814, avg_entr 0.2029443085193634
Test Epoch21 layer1 Acc 0.7614, AUC 0.8919622302055359, avg_entr 0.12241445481777191
Test Epoch21 layer2 Acc 0.7623, AUC 0.8931431174278259, avg_entr 0.11533455550670624
Test Epoch21 layer3 Acc 0.758, AUC 0.8932659029960632, avg_entr 0.11758346855640411
Test Epoch21 layer4 Acc 0.7534, AUC 0.8921331167221069, avg_entr 0.12112469226121902
gc 0
Train Epoch22 Acc 0.8473 (33892/40000), AUC 0.9233145117759705
Test Epoch22 layer0 Acc 0.7875, AUC 0.8691768646240234, avg_entr 0.20012755692005157
Test Epoch22 layer1 Acc 0.8131, AUC 0.8933150768280029, avg_entr 0.12301375716924667
Test Epoch22 layer2 Acc 0.8164, AUC 0.8965548276901245, avg_entr 0.1049487516283989
Save ckpt to ckpt/imdb_transformeralside_l5_side500//imdb_transformeralside_l5_side.pt  ,ep 22
Test Epoch22 layer3 Acc 0.8179, AUC 0.8976418972015381, avg_entr 0.10093643516302109
Save ckpt to ckpt/imdb_transformeralside_l5_side500//imdb_transformeralside_l5_side.pt  ,ep 22
Test Epoch22 layer4 Acc 0.8183, AUC 0.8979020118713379, avg_entr 0.10024484992027283
Save ckpt to ckpt/imdb_transformeralside_l5_side500//imdb_transformeralside_l5_side.pt  ,ep 22
gc 0
Train Epoch23 Acc 0.855175 (34207/40000), AUC 0.9299876689910889
Test Epoch23 layer0 Acc 0.7874, AUC 0.8701581954956055, avg_entr 0.19427134096622467
Test Epoch23 layer1 Acc 0.8126, AUC 0.8939812183380127, avg_entr 0.11862893402576447
Test Epoch23 layer2 Acc 0.8157, AUC 0.8963658809661865, avg_entr 0.10209391266107559
Test Epoch23 layer3 Acc 0.8184, AUC 0.8972030878067017, avg_entr 0.10098876059055328
Test Epoch23 layer4 Acc 0.8177, AUC 0.8972009420394897, avg_entr 0.10094159841537476
gc 0
Train Epoch24 Acc 0.862575 (34503/40000), AUC 0.9345231056213379
Test Epoch24 layer0 Acc 0.7857, AUC 0.8691678047180176, avg_entr 0.18770265579223633
Test Epoch24 layer1 Acc 0.8163, AUC 0.8939213752746582, avg_entr 0.11213790625333786
Test Epoch24 layer2 Acc 0.8185, AUC 0.897161066532135, avg_entr 0.09613760560750961
Test Epoch24 layer3 Acc 0.82, AUC 0.8982816934585571, avg_entr 0.09328168630599976
Save ckpt to ckpt/imdb_transformeralside_l5_side500//imdb_transformeralside_l5_side.pt  ,ep 24
Test Epoch24 layer4 Acc 0.8196, AUC 0.8983780741691589, avg_entr 0.09087549895048141
Save ckpt to ckpt/imdb_transformeralside_l5_side500//imdb_transformeralside_l5_side.pt  ,ep 24
gc 0
Train Epoch25 Acc 0.8673 (34692/40000), AUC 0.9370040893554688
Test Epoch25 layer0 Acc 0.7889, AUC 0.869434654712677, avg_entr 0.18092499673366547
Test Epoch25 layer1 Acc 0.8053, AUC 0.8923636674880981, avg_entr 0.09971500933170319
Test Epoch25 layer2 Acc 0.8106, AUC 0.8942071199417114, avg_entr 0.08637766540050507
Test Epoch25 layer3 Acc 0.8143, AUC 0.8950650691986084, avg_entr 0.08395259827375412
Test Epoch25 layer4 Acc 0.814, AUC 0.8951036930084229, avg_entr 0.08292413502931595
gc 0
Train Epoch26 Acc 0.86915 (34766/40000), AUC 0.9387916326522827
Test Epoch26 layer0 Acc 0.7925, AUC 0.8698479533195496, avg_entr 0.1767328381538391
Test Epoch26 layer1 Acc 0.8171, AUC 0.8955040574073792, avg_entr 0.09980925917625427
Test Epoch26 layer2 Acc 0.8191, AUC 0.8997138738632202, avg_entr 0.08745776861906052
Save ckpt to ckpt/imdb_transformeralside_l5_side500//imdb_transformeralside_l5_side.pt  ,ep 26
Test Epoch26 layer3 Acc 0.8199, AUC 0.9004090428352356, avg_entr 0.0861525610089302
Save ckpt to ckpt/imdb_transformeralside_l5_side500//imdb_transformeralside_l5_side.pt  ,ep 26
Test Epoch26 layer4 Acc 0.8214, AUC 0.9005163311958313, avg_entr 0.08479627966880798
Save ckpt to ckpt/imdb_transformeralside_l5_side500//imdb_transformeralside_l5_side.pt  ,ep 26
gc 0
Train Epoch27 Acc 0.873875 (34955/40000), AUC 0.9445685148239136
Test Epoch27 layer0 Acc 0.7908, AUC 0.8697189092636108, avg_entr 0.1696600317955017
Test Epoch27 layer1 Acc 0.8107, AUC 0.8949867486953735, avg_entr 0.09500032663345337
Test Epoch27 layer2 Acc 0.8144, AUC 0.8996098041534424, avg_entr 0.08253341913223267
Test Epoch27 layer3 Acc 0.8143, AUC 0.8996379375457764, avg_entr 0.08094653487205505
Test Epoch27 layer4 Acc 0.8146, AUC 0.9002737998962402, avg_entr 0.08117476105690002
gc 0
Train Epoch28 Acc 0.8764 (35056/40000), AUC 0.9423955678939819
Test Epoch28 layer0 Acc 0.7917, AUC 0.8693404197692871, avg_entr 0.16585952043533325
Test Epoch28 layer1 Acc 0.8157, AUC 0.8943836688995361, avg_entr 0.09103889018297195
Test Epoch28 layer2 Acc 0.8227, AUC 0.8992235660552979, avg_entr 0.07822446525096893
Test Epoch28 layer3 Acc 0.8234, AUC 0.8992335200309753, avg_entr 0.07763266563415527
Test Epoch28 layer4 Acc 0.8238, AUC 0.8996789455413818, avg_entr 0.07646037638187408
gc 0
Train Epoch29 Acc 0.881825 (35273/40000), AUC 0.9469338655471802
Test Epoch29 layer0 Acc 0.7914, AUC 0.869776725769043, avg_entr 0.16870388388633728
Test Epoch29 layer1 Acc 0.8146, AUC 0.891322135925293, avg_entr 0.0874033197760582
Test Epoch29 layer2 Acc 0.8185, AUC 0.8977963924407959, avg_entr 0.07274563610553741
Test Epoch29 layer3 Acc 0.8195, AUC 0.8981180787086487, avg_entr 0.071682870388031
Test Epoch29 layer4 Acc 0.8201, AUC 0.8985277414321899, avg_entr 0.06926809996366501
gc 0
Train Epoch30 Acc 0.882475 (35299/40000), AUC 0.9482334852218628
Test Epoch30 layer0 Acc 0.7913, AUC 0.8693479299545288, avg_entr 0.15999388694763184
Test Epoch30 layer1 Acc 0.816, AUC 0.8934509754180908, avg_entr 0.08485858142375946
Test Epoch30 layer2 Acc 0.8239, AUC 0.8995766639709473, avg_entr 0.07509645819664001
Test Epoch30 layer3 Acc 0.8265, AUC 0.899255633354187, avg_entr 0.07200615108013153
Test Epoch30 layer4 Acc 0.8264, AUC 0.8998229503631592, avg_entr 0.06963421404361725
gc 0
Train Epoch31 Acc 0.89185 (35674/40000), AUC 0.9567216634750366
Test Epoch31 layer0 Acc 0.793, AUC 0.869106650352478, avg_entr 0.1557380110025406
Test Epoch31 layer1 Acc 0.8166, AUC 0.8948804140090942, avg_entr 0.07664108276367188
Test Epoch31 layer2 Acc 0.8226, AUC 0.9004254341125488, avg_entr 0.06734510511159897
Test Epoch31 layer3 Acc 0.8234, AUC 0.9004616141319275, avg_entr 0.06448102742433548
Test Epoch31 layer4 Acc 0.824, AUC 0.9006457328796387, avg_entr 0.061420366168022156
Save ckpt to ckpt/imdb_transformeralside_l5_side500//imdb_transformeralside_l5_side.pt  ,ep 31
gc 0
Train Epoch32 Acc 0.89605 (35842/40000), AUC 0.9586752653121948
Test Epoch32 layer0 Acc 0.7917, AUC 0.8687623739242554, avg_entr 0.1505088359117508
Test Epoch32 layer1 Acc 0.8145, AUC 0.893801212310791, avg_entr 0.07739803194999695
Test Epoch32 layer2 Acc 0.8211, AUC 0.8987072706222534, avg_entr 0.06482573598623276
Test Epoch32 layer3 Acc 0.8229, AUC 0.8990906476974487, avg_entr 0.06156772002577782
Test Epoch32 layer4 Acc 0.8217, AUC 0.8989169001579285, avg_entr 0.059188295155763626
gc 0
Train Epoch33 Acc 0.89485 (35794/40000), AUC 0.9569293856620789
Test Epoch33 layer0 Acc 0.7927, AUC 0.868327260017395, avg_entr 0.14998430013656616
Test Epoch33 layer1 Acc 0.8167, AUC 0.8909953236579895, avg_entr 0.07272238284349442
Test Epoch33 layer2 Acc 0.821, AUC 0.8969519138336182, avg_entr 0.06021193787455559
Test Epoch33 layer3 Acc 0.8197, AUC 0.8968628644943237, avg_entr 0.05705735459923744
Test Epoch33 layer4 Acc 0.8197, AUC 0.8965499401092529, avg_entr 0.05515992268919945
gc 0
Train Epoch34 Acc 0.897825 (35913/40000), AUC 0.9602302312850952
Test Epoch34 layer0 Acc 0.79, AUC 0.8680230379104614, avg_entr 0.14638379216194153
Test Epoch34 layer1 Acc 0.8068, AUC 0.8921499252319336, avg_entr 0.07184730470180511
Test Epoch34 layer2 Acc 0.8158, AUC 0.8981966972351074, avg_entr 0.06384342163801193
Test Epoch34 layer3 Acc 0.8165, AUC 0.8990639448165894, avg_entr 0.06041943281888962
Test Epoch34 layer4 Acc 0.8162, AUC 0.8990345597267151, avg_entr 0.05712330341339111
gc 0
Train Epoch35 Acc 0.9003 (36012/40000), AUC 0.9623096585273743
Test Epoch35 layer0 Acc 0.7914, AUC 0.8675649166107178, avg_entr 0.14699921011924744
Test Epoch35 layer1 Acc 0.8173, AUC 0.8918094635009766, avg_entr 0.07065822184085846
Test Epoch35 layer2 Acc 0.8229, AUC 0.8982425928115845, avg_entr 0.05966919660568237
Test Epoch35 layer3 Acc 0.8232, AUC 0.8985533714294434, avg_entr 0.057281166315078735
Test Epoch35 layer4 Acc 0.8225, AUC 0.8982505202293396, avg_entr 0.05500740930438042
gc 0
Train Epoch36 Acc 0.903625 (36145/40000), AUC 0.9646116495132446
Test Epoch36 layer0 Acc 0.7922, AUC 0.8676810264587402, avg_entr 0.14629435539245605
Test Epoch36 layer1 Acc 0.817, AUC 0.8912292718887329, avg_entr 0.06907504051923752
Test Epoch36 layer2 Acc 0.8216, AUC 0.8976478576660156, avg_entr 0.058752141892910004
Test Epoch36 layer3 Acc 0.8212, AUC 0.8981127142906189, avg_entr 0.0548713244497776
Test Epoch36 layer4 Acc 0.8209, AUC 0.8976626992225647, avg_entr 0.05193111672997475
gc 0
Train Epoch37 Acc 0.90505 (36202/40000), AUC 0.965672492980957
Test Epoch37 layer0 Acc 0.7897, AUC 0.8676145076751709, avg_entr 0.14224231243133545
Test Epoch37 layer1 Acc 0.8138, AUC 0.891194224357605, avg_entr 0.0696701928973198
Test Epoch37 layer2 Acc 0.8178, AUC 0.8968249559402466, avg_entr 0.06080710515379906
Test Epoch37 layer3 Acc 0.8196, AUC 0.8980224132537842, avg_entr 0.05776647478342056
Test Epoch37 layer4 Acc 0.8181, AUC 0.8977838754653931, avg_entr 0.05515756830573082
gc 0
Train Epoch38 Acc 0.906675 (36267/40000), AUC 0.9659628868103027
Test Epoch38 layer0 Acc 0.7912, AUC 0.867194414138794, avg_entr 0.14315731823444366
Test Epoch38 layer1 Acc 0.8144, AUC 0.8905162215232849, avg_entr 0.0674862340092659
Test Epoch38 layer2 Acc 0.8224, AUC 0.8962951898574829, avg_entr 0.0580766536295414
Test Epoch38 layer3 Acc 0.8221, AUC 0.8972978591918945, avg_entr 0.05504661798477173
Test Epoch38 layer4 Acc 0.8228, AUC 0.8971173763275146, avg_entr 0.052677221596241
gc 0
Train Epoch39 Acc 0.90775 (36310/40000), AUC 0.9670823812484741
Test Epoch39 layer0 Acc 0.79, AUC 0.8671149015426636, avg_entr 0.14253047108650208
Test Epoch39 layer1 Acc 0.8147, AUC 0.891670823097229, avg_entr 0.06914030015468597
Test Epoch39 layer2 Acc 0.8201, AUC 0.8974504470825195, avg_entr 0.0597689263522625
Test Epoch39 layer3 Acc 0.8222, AUC 0.8985053300857544, avg_entr 0.05701318383216858
Test Epoch39 layer4 Acc 0.82, AUC 0.8980616927146912, avg_entr 0.053944360464811325
gc 0
Train Epoch40 Acc 0.909625 (36385/40000), AUC 0.9679017066955566
Test Epoch40 layer0 Acc 0.789, AUC 0.8672085404396057, avg_entr 0.14319957792758942
Test Epoch40 layer1 Acc 0.8172, AUC 0.8910553455352783, avg_entr 0.06499749422073364
Test Epoch40 layer2 Acc 0.8231, AUC 0.8968778252601624, avg_entr 0.0560588501393795
Test Epoch40 layer3 Acc 0.823, AUC 0.8979864120483398, avg_entr 0.05292468145489693
Test Epoch40 layer4 Acc 0.8226, AUC 0.8976067304611206, avg_entr 0.04997014254331589
gc 0
Train Epoch41 Acc 0.90835 (36334/40000), AUC 0.9685301780700684
Test Epoch41 layer0 Acc 0.7902, AUC 0.8671910762786865, avg_entr 0.14113448560237885
Test Epoch41 layer1 Acc 0.816, AUC 0.8912538290023804, avg_entr 0.06623761355876923
Test Epoch41 layer2 Acc 0.8229, AUC 0.896631121635437, avg_entr 0.055660560727119446
Test Epoch41 layer3 Acc 0.8243, AUC 0.8976044654846191, avg_entr 0.052906908094882965
Test Epoch41 layer4 Acc 0.8223, AUC 0.8971466422080994, avg_entr 0.05041944235563278
gc 0
Train Epoch42 Acc 0.911225 (36449/40000), AUC 0.9690194129943848
Test Epoch42 layer0 Acc 0.7906, AUC 0.8671053647994995, avg_entr 0.14100517332553864
Test Epoch42 layer1 Acc 0.8144, AUC 0.8912535309791565, avg_entr 0.06527940928936005
Test Epoch42 layer2 Acc 0.8218, AUC 0.8967506885528564, avg_entr 0.05485942214727402
Test Epoch42 layer3 Acc 0.8222, AUC 0.8976747393608093, avg_entr 0.052089087665081024
Test Epoch42 layer4 Acc 0.8215, AUC 0.8971138000488281, avg_entr 0.04896064102649689
gc 0
Train Epoch43 Acc 0.91115 (36446/40000), AUC 0.9695117473602295
Test Epoch43 layer0 Acc 0.7913, AUC 0.8670161962509155, avg_entr 0.13992199301719666
Test Epoch43 layer1 Acc 0.8156, AUC 0.8908635973930359, avg_entr 0.06412434577941895
Test Epoch43 layer2 Acc 0.822, AUC 0.8963296413421631, avg_entr 0.05475400388240814
Test Epoch43 layer3 Acc 0.8214, AUC 0.8974952697753906, avg_entr 0.052346330136060715
Test Epoch43 layer4 Acc 0.8228, AUC 0.8967738747596741, avg_entr 0.049737025052309036
gc 0
Train Epoch44 Acc 0.912525 (36501/40000), AUC 0.9699084758758545
Test Epoch44 layer0 Acc 0.7912, AUC 0.8669542074203491, avg_entr 0.1387220025062561
Test Epoch44 layer1 Acc 0.8156, AUC 0.8908976316452026, avg_entr 0.0638912245631218
Test Epoch44 layer2 Acc 0.8233, AUC 0.8961921334266663, avg_entr 0.05469377338886261
Test Epoch44 layer3 Acc 0.8221, AUC 0.8974055647850037, avg_entr 0.05187174677848816
Test Epoch44 layer4 Acc 0.8223, AUC 0.8967533707618713, avg_entr 0.049289122223854065
gc 0
Train Epoch45 Acc 0.911975 (36479/40000), AUC 0.9703559875488281
Test Epoch45 layer0 Acc 0.7901, AUC 0.8668057918548584, avg_entr 0.1388317346572876
Test Epoch45 layer1 Acc 0.8163, AUC 0.8905042409896851, avg_entr 0.06414328515529633
Test Epoch45 layer2 Acc 0.8235, AUC 0.8960269093513489, avg_entr 0.05470301955938339
Test Epoch45 layer3 Acc 0.8238, AUC 0.8969196081161499, avg_entr 0.0523572638630867
Test Epoch45 layer4 Acc 0.8239, AUC 0.8960287570953369, avg_entr 0.04951034113764763
gc 0
Train Epoch46 Acc 0.912175 (36487/40000), AUC 0.9698387384414673
Test Epoch46 layer0 Acc 0.7906, AUC 0.8667347431182861, avg_entr 0.13814912736415863
Test Epoch46 layer1 Acc 0.8156, AUC 0.8900999426841736, avg_entr 0.06244498863816261
Test Epoch46 layer2 Acc 0.823, AUC 0.8952077627182007, avg_entr 0.05264821648597717
Test Epoch46 layer3 Acc 0.8225, AUC 0.896287202835083, avg_entr 0.050230223685503006
Test Epoch46 layer4 Acc 0.822, AUC 0.8960229158401489, avg_entr 0.04694022238254547
gc 0
Train Epoch47 Acc 0.9132 (36528/40000), AUC 0.9704920053482056
Test Epoch47 layer0 Acc 0.7906, AUC 0.8666940927505493, avg_entr 0.13775734603405
Test Epoch47 layer1 Acc 0.8138, AUC 0.8901540637016296, avg_entr 0.06321809440851212
Test Epoch47 layer2 Acc 0.8189, AUC 0.8954864144325256, avg_entr 0.052503686398267746
Test Epoch47 layer3 Acc 0.8206, AUC 0.8966346979141235, avg_entr 0.0490240640938282
Test Epoch47 layer4 Acc 0.8207, AUC 0.8959013223648071, avg_entr 0.045272380113601685
gc 0
Train Epoch48 Acc 0.91365 (36546/40000), AUC 0.9705221056938171
Test Epoch48 layer0 Acc 0.7888, AUC 0.8667628765106201, avg_entr 0.13648855686187744
Test Epoch48 layer1 Acc 0.8124, AUC 0.8901104927062988, avg_entr 0.06302908062934875
Test Epoch48 layer2 Acc 0.8186, AUC 0.8955049514770508, avg_entr 0.052172254770994186
Test Epoch48 layer3 Acc 0.8203, AUC 0.8968225717544556, avg_entr 0.048795368522405624
Test Epoch48 layer4 Acc 0.8195, AUC 0.895958662033081, avg_entr 0.0452478863298893
gc 0
Train Epoch49 Acc 0.913275 (36531/40000), AUC 0.9705209732055664
Test Epoch49 layer0 Acc 0.7899, AUC 0.8666707873344421, avg_entr 0.13720127940177917
Test Epoch49 layer1 Acc 0.8162, AUC 0.8902342915534973, avg_entr 0.06296900659799576
Test Epoch49 layer2 Acc 0.8229, AUC 0.895530104637146, avg_entr 0.052591804414987564
Test Epoch49 layer3 Acc 0.8212, AUC 0.8968576192855835, avg_entr 0.05007459595799446
Test Epoch49 layer4 Acc 0.8222, AUC 0.8961321115493774, avg_entr 0.046802304685115814
gc 0
Train Epoch50 Acc 0.913325 (36533/40000), AUC 0.9709745645523071
Test Epoch50 layer0 Acc 0.7908, AUC 0.8667128682136536, avg_entr 0.13565343618392944
Test Epoch50 layer1 Acc 0.8155, AUC 0.8901811838150024, avg_entr 0.06231513246893883
Test Epoch50 layer2 Acc 0.8208, AUC 0.895487904548645, avg_entr 0.05175434425473213
Test Epoch50 layer3 Acc 0.8219, AUC 0.8967001438140869, avg_entr 0.048991210758686066
Test Epoch50 layer4 Acc 0.8219, AUC 0.8959059715270996, avg_entr 0.04582366347312927
gc 0
Train Epoch51 Acc 0.914575 (36583/40000), AUC 0.9709165096282959
Test Epoch51 layer0 Acc 0.79, AUC 0.8666673302650452, avg_entr 0.1362329125404358
Test Epoch51 layer1 Acc 0.8156, AUC 0.8900598287582397, avg_entr 0.061742279678583145
Test Epoch51 layer2 Acc 0.8214, AUC 0.8954505324363708, avg_entr 0.051525190472602844
Test Epoch51 layer3 Acc 0.8213, AUC 0.8968334197998047, avg_entr 0.04871758818626404
Test Epoch51 layer4 Acc 0.8222, AUC 0.8960381746292114, avg_entr 0.045749593526124954
gc 0
Train Epoch52 Acc 0.91425 (36570/40000), AUC 0.9710870981216431
Test Epoch52 layer0 Acc 0.7902, AUC 0.866651713848114, avg_entr 0.1360243260860443
Test Epoch52 layer1 Acc 0.8162, AUC 0.8899095058441162, avg_entr 0.061723742634058
Test Epoch52 layer2 Acc 0.8224, AUC 0.8953808546066284, avg_entr 0.051475830376148224
Test Epoch52 layer3 Acc 0.8222, AUC 0.8967259526252747, avg_entr 0.04884035512804985
Test Epoch52 layer4 Acc 0.8227, AUC 0.8959000110626221, avg_entr 0.04577483609318733
gc 0
Train Epoch53 Acc 0.915025 (36601/40000), AUC 0.9710233211517334
Test Epoch53 layer0 Acc 0.7903, AUC 0.8666561841964722, avg_entr 0.13561318814754486
Test Epoch53 layer1 Acc 0.8158, AUC 0.889988899230957, avg_entr 0.06121977046132088
Test Epoch53 layer2 Acc 0.8226, AUC 0.8953118324279785, avg_entr 0.05104239657521248
Test Epoch53 layer3 Acc 0.8217, AUC 0.8966826796531677, avg_entr 0.04857567697763443
Test Epoch53 layer4 Acc 0.8228, AUC 0.8959788680076599, avg_entr 0.04559416323900223
gc 0
Train Epoch54 Acc 0.91425 (36570/40000), AUC 0.9711371064186096
Test Epoch54 layer0 Acc 0.7902, AUC 0.8666459918022156, avg_entr 0.13549090921878815
Test Epoch54 layer1 Acc 0.8164, AUC 0.8899767994880676, avg_entr 0.06121271848678589
Test Epoch54 layer2 Acc 0.823, AUC 0.8952217102050781, avg_entr 0.050695501267910004
Test Epoch54 layer3 Acc 0.8225, AUC 0.8966339826583862, avg_entr 0.0480419397354126
Test Epoch54 layer4 Acc 0.8229, AUC 0.8959342241287231, avg_entr 0.04501664265990257
gc 0
Train Epoch55 Acc 0.9147 (36588/40000), AUC 0.9710181355476379
Test Epoch55 layer0 Acc 0.7901, AUC 0.8666540384292603, avg_entr 0.13526839017868042
Test Epoch55 layer1 Acc 0.8153, AUC 0.8900783658027649, avg_entr 0.06110749393701553
Test Epoch55 layer2 Acc 0.8203, AUC 0.8953988552093506, avg_entr 0.05093187093734741
Test Epoch55 layer3 Acc 0.821, AUC 0.8967986106872559, avg_entr 0.04798365384340286
Test Epoch55 layer4 Acc 0.8215, AUC 0.8959113955497742, avg_entr 0.04493134468793869
gc 0
Train Epoch56 Acc 0.915375 (36615/40000), AUC 0.9712947607040405
Test Epoch56 layer0 Acc 0.7902, AUC 0.8666222095489502, avg_entr 0.13550767302513123
Test Epoch56 layer1 Acc 0.8164, AUC 0.8899474143981934, avg_entr 0.060996368527412415
Test Epoch56 layer2 Acc 0.8225, AUC 0.8952808976173401, avg_entr 0.05102541670203209
Test Epoch56 layer3 Acc 0.8217, AUC 0.8966708183288574, avg_entr 0.048499807715415955
Test Epoch56 layer4 Acc 0.8231, AUC 0.8958656191825867, avg_entr 0.04551471397280693
gc 0
Train Epoch57 Acc 0.9147 (36588/40000), AUC 0.9712384939193726
Test Epoch57 layer0 Acc 0.79, AUC 0.8666199445724487, avg_entr 0.1354018896818161
Test Epoch57 layer1 Acc 0.816, AUC 0.8898698687553406, avg_entr 0.06093699485063553
Test Epoch57 layer2 Acc 0.8229, AUC 0.8952117562294006, avg_entr 0.05108622834086418
Test Epoch57 layer3 Acc 0.8231, AUC 0.896523118019104, avg_entr 0.04874282330274582
Test Epoch57 layer4 Acc 0.823, AUC 0.8958554863929749, avg_entr 0.04561862722039223
gc 0
Train Epoch58 Acc 0.9142 (36568/40000), AUC 0.9712785482406616
Test Epoch58 layer0 Acc 0.7905, AUC 0.86661696434021, avg_entr 0.13538478314876556
Test Epoch58 layer1 Acc 0.8158, AUC 0.8898354768753052, avg_entr 0.06112196668982506
Test Epoch58 layer2 Acc 0.8226, AUC 0.8952138423919678, avg_entr 0.05115608498454094
Test Epoch58 layer3 Acc 0.8225, AUC 0.8965516090393066, avg_entr 0.048758670687675476
Test Epoch58 layer4 Acc 0.8232, AUC 0.8958016633987427, avg_entr 0.045748475939035416
gc 0
Train Epoch59 Acc 0.91435 (36574/40000), AUC 0.9710625410079956
Test Epoch59 layer0 Acc 0.7901, AUC 0.8666338920593262, avg_entr 0.13476480543613434
Test Epoch59 layer1 Acc 0.8151, AUC 0.8899268507957458, avg_entr 0.06090927869081497
Test Epoch59 layer2 Acc 0.8209, AUC 0.8952609300613403, avg_entr 0.050725843757390976
Test Epoch59 layer3 Acc 0.8207, AUC 0.8967359066009521, avg_entr 0.047915663570165634
Test Epoch59 layer4 Acc 0.8215, AUC 0.8958508968353271, avg_entr 0.04491041228175163
gc 0
Train Epoch60 Acc 0.91505 (36602/40000), AUC 0.971820592880249
Test Epoch60 layer0 Acc 0.7897, AUC 0.8666226863861084, avg_entr 0.13481473922729492
Test Epoch60 layer1 Acc 0.8153, AUC 0.889864444732666, avg_entr 0.06079680845141411
Test Epoch60 layer2 Acc 0.821, AUC 0.8952516913414001, avg_entr 0.05068686977028847
Test Epoch60 layer3 Acc 0.8209, AUC 0.8966943025588989, avg_entr 0.047879572957754135
Test Epoch60 layer4 Acc 0.8215, AUC 0.895795464515686, avg_entr 0.0448133684694767
gc 0
Train Epoch61 Acc 0.915875 (36635/40000), AUC 0.9717129468917847
Test Epoch61 layer0 Acc 0.7903, AUC 0.8666107654571533, avg_entr 0.1348973661661148
Test Epoch61 layer1 Acc 0.816, AUC 0.8897954225540161, avg_entr 0.06071820110082626
Test Epoch61 layer2 Acc 0.8224, AUC 0.8951854705810547, avg_entr 0.05066261440515518
Test Epoch61 layer3 Acc 0.8216, AUC 0.896531879901886, avg_entr 0.048083771020174026
Test Epoch61 layer4 Acc 0.8226, AUC 0.8957810401916504, avg_entr 0.04506121948361397
gc 0
Train Epoch62 Acc 0.914975 (36599/40000), AUC 0.9719712734222412
Test Epoch62 layer0 Acc 0.79, AUC 0.866617739200592, avg_entr 0.13483241200447083
Test Epoch62 layer1 Acc 0.8154, AUC 0.8898059725761414, avg_entr 0.06080705672502518
Test Epoch62 layer2 Acc 0.8226, AUC 0.8951753377914429, avg_entr 0.05071239545941353
Test Epoch62 layer3 Acc 0.8215, AUC 0.8965423107147217, avg_entr 0.04812135174870491
Test Epoch62 layer4 Acc 0.8224, AUC 0.8957556486129761, avg_entr 0.04511621221899986
gc 0
Train Epoch63 Acc 0.915025 (36601/40000), AUC 0.9714697599411011
Test Epoch63 layer0 Acc 0.7899, AUC 0.8666234016418457, avg_entr 0.13468535244464874
Test Epoch63 layer1 Acc 0.8153, AUC 0.889858603477478, avg_entr 0.06076297163963318
Test Epoch63 layer2 Acc 0.8207, AUC 0.895249605178833, avg_entr 0.050664547830820084
Test Epoch63 layer3 Acc 0.8205, AUC 0.8966614603996277, avg_entr 0.047818418592214584
Test Epoch63 layer4 Acc 0.8212, AUC 0.8957623839378357, avg_entr 0.044757336378097534
gc 0
Train Epoch64 Acc 0.9165 (36660/40000), AUC 0.9713948965072632
Test Epoch64 layer0 Acc 0.79, AUC 0.8666236400604248, avg_entr 0.1346839964389801
Test Epoch64 layer1 Acc 0.815, AUC 0.8898553848266602, avg_entr 0.060725145041942596
Test Epoch64 layer2 Acc 0.8215, AUC 0.8952228426933289, avg_entr 0.050623875111341476
Test Epoch64 layer3 Acc 0.8212, AUC 0.8966189622879028, avg_entr 0.04787847399711609
Test Epoch64 layer4 Acc 0.8219, AUC 0.8957571387290955, avg_entr 0.04483814164996147
gc 0
Train Epoch65 Acc 0.9141 (36564/40000), AUC 0.9712382555007935
Test Epoch65 layer0 Acc 0.7901, AUC 0.8666156530380249, avg_entr 0.1347755491733551
Test Epoch65 layer1 Acc 0.816, AUC 0.889819324016571, avg_entr 0.06071396544575691
Test Epoch65 layer2 Acc 0.8229, AUC 0.8951790928840637, avg_entr 0.05067463219165802
Test Epoch65 layer3 Acc 0.8218, AUC 0.8965202569961548, avg_entr 0.04810373857617378
Test Epoch65 layer4 Acc 0.8222, AUC 0.8957356810569763, avg_entr 0.04505680873990059
gc 0
Train Epoch66 Acc 0.9153 (36612/40000), AUC 0.9715887308120728
Test Epoch66 layer0 Acc 0.7899, AUC 0.8666123747825623, avg_entr 0.1347273588180542
Test Epoch66 layer1 Acc 0.8153, AUC 0.8898335099220276, avg_entr 0.0606779009103775
Test Epoch66 layer2 Acc 0.8217, AUC 0.8951815366744995, avg_entr 0.05056358501315117
Test Epoch66 layer3 Acc 0.8212, AUC 0.8965646624565125, avg_entr 0.04783942922949791
Test Epoch66 layer4 Acc 0.822, AUC 0.8957450985908508, avg_entr 0.04481134191155434
gc 0
Train Epoch67 Acc 0.91555 (36622/40000), AUC 0.971413791179657
Test Epoch67 layer0 Acc 0.7899, AUC 0.8666045069694519, avg_entr 0.13472220301628113
Test Epoch67 layer1 Acc 0.8153, AUC 0.889816403388977, avg_entr 0.06062733754515648
Test Epoch67 layer2 Acc 0.8222, AUC 0.8951534032821655, avg_entr 0.05050485581159592
Test Epoch67 layer3 Acc 0.8214, AUC 0.8965165615081787, avg_entr 0.047853365540504456
Test Epoch67 layer4 Acc 0.8222, AUC 0.8957370519638062, avg_entr 0.044814225286245346
gc 0
Train Epoch68 Acc 0.91505 (36602/40000), AUC 0.971514105796814
Test Epoch68 layer0 Acc 0.7899, AUC 0.8666035532951355, avg_entr 0.13475188612937927
Test Epoch68 layer1 Acc 0.8159, AUC 0.8897829055786133, avg_entr 0.0605703741312027
Test Epoch68 layer2 Acc 0.8225, AUC 0.8951102495193481, avg_entr 0.050477854907512665
Test Epoch68 layer3 Acc 0.8218, AUC 0.8964632153511047, avg_entr 0.04790861904621124
Test Epoch68 layer4 Acc 0.822, AUC 0.8957199454307556, avg_entr 0.04485787823796272
gc 0
Train Epoch69 Acc 0.914775 (36591/40000), AUC 0.9712839722633362
Test Epoch69 layer0 Acc 0.7901, AUC 0.8666058778762817, avg_entr 0.13470982015132904
Test Epoch69 layer1 Acc 0.8154, AUC 0.8897912502288818, avg_entr 0.060549046844244
Test Epoch69 layer2 Acc 0.8222, AUC 0.895115852355957, avg_entr 0.0504300482571125
Test Epoch69 layer3 Acc 0.8213, AUC 0.8964778780937195, avg_entr 0.04781671613454819
Test Epoch69 layer4 Acc 0.8219, AUC 0.8957192897796631, avg_entr 0.044770896434783936
gc 0
Train Epoch70 Acc 0.914625 (36585/40000), AUC 0.9712120294570923
Test Epoch70 layer0 Acc 0.7899, AUC 0.8666063547134399, avg_entr 0.13466641306877136
Test Epoch70 layer1 Acc 0.8155, AUC 0.8898022174835205, avg_entr 0.060542359948158264
Test Epoch70 layer2 Acc 0.822, AUC 0.8951253890991211, avg_entr 0.05041038990020752
Test Epoch70 layer3 Acc 0.8212, AUC 0.8964835405349731, avg_entr 0.047783926129341125
Test Epoch70 layer4 Acc 0.8217, AUC 0.8957260847091675, avg_entr 0.044732920825481415
gc 0
Train Epoch71 Acc 0.913875 (36555/40000), AUC 0.9713836908340454
Test Epoch71 layer0 Acc 0.7901, AUC 0.8666028380393982, avg_entr 0.13468940556049347
Test Epoch71 layer1 Acc 0.8154, AUC 0.8897802233695984, avg_entr 0.06054225564002991
Test Epoch71 layer2 Acc 0.8224, AUC 0.8951106071472168, avg_entr 0.05044787749648094
Test Epoch71 layer3 Acc 0.8214, AUC 0.8964605927467346, avg_entr 0.04787299036979675
Test Epoch71 layer4 Acc 0.822, AUC 0.8957118988037109, avg_entr 0.0448092482984066
gc 0
Train Epoch72 Acc 0.91485 (36594/40000), AUC 0.9716821908950806
Test Epoch72 layer0 Acc 0.79, AUC 0.8666021227836609, avg_entr 0.13466642796993256
Test Epoch72 layer1 Acc 0.8155, AUC 0.889787495136261, avg_entr 0.060554906725883484
Test Epoch72 layer2 Acc 0.8222, AUC 0.8951171636581421, avg_entr 0.050450198352336884
Test Epoch72 layer3 Acc 0.8214, AUC 0.896472692489624, avg_entr 0.047858987003564835
Test Epoch72 layer4 Acc 0.8219, AUC 0.89571613073349, avg_entr 0.04480195790529251
gc 0
Train Epoch73 Acc 0.914675 (36587/40000), AUC 0.9715675115585327
Test Epoch73 layer0 Acc 0.7899, AUC 0.8666021823883057, avg_entr 0.1346546709537506
Test Epoch73 layer1 Acc 0.8152, AUC 0.8897989988327026, avg_entr 0.06056005880236626
Test Epoch73 layer2 Acc 0.822, AUC 0.8951343297958374, avg_entr 0.050434257835149765
Test Epoch73 layer3 Acc 0.8212, AUC 0.8964948654174805, avg_entr 0.04779208451509476
Test Epoch73 layer4 Acc 0.8219, AUC 0.8957184553146362, avg_entr 0.04473251849412918
gc 0
Train Epoch74 Acc 0.9145 (36580/40000), AUC 0.971224308013916
Test Epoch74 layer0 Acc 0.79, AUC 0.8666023015975952, avg_entr 0.13465194404125214
Test Epoch74 layer1 Acc 0.8152, AUC 0.8897998332977295, avg_entr 0.06056785210967064
Test Epoch74 layer2 Acc 0.8219, AUC 0.8951324224472046, avg_entr 0.050442200154066086
Test Epoch74 layer3 Acc 0.8214, AUC 0.896488606929779, avg_entr 0.047804322093725204
Test Epoch74 layer4 Acc 0.822, AUC 0.8957192897796631, avg_entr 0.04475153237581253
gc 0
Train Epoch75 Acc 0.91585 (36634/40000), AUC 0.972050666809082
Test Epoch75 layer0 Acc 0.79, AUC 0.8666025400161743, avg_entr 0.13463746011257172
Test Epoch75 layer1 Acc 0.8151, AUC 0.8897989392280579, avg_entr 0.060576338320970535
Test Epoch75 layer2 Acc 0.822, AUC 0.8951336741447449, avg_entr 0.050447169691324234
Test Epoch75 layer3 Acc 0.8212, AUC 0.896499752998352, avg_entr 0.04779762402176857
Test Epoch75 layer4 Acc 0.8221, AUC 0.8957184553146362, avg_entr 0.044746220111846924
gc 0
Train Epoch76 Acc 0.91415 (36566/40000), AUC 0.9715931415557861
Test Epoch76 layer0 Acc 0.79, AUC 0.8666024208068848, avg_entr 0.13463640213012695
Test Epoch76 layer1 Acc 0.8153, AUC 0.8897979259490967, avg_entr 0.06056566908955574
Test Epoch76 layer2 Acc 0.822, AUC 0.8951271176338196, avg_entr 0.050438832491636276
Test Epoch76 layer3 Acc 0.8215, AUC 0.8964906930923462, avg_entr 0.047799963504076004
Test Epoch76 layer4 Acc 0.8221, AUC 0.8957172632217407, avg_entr 0.04474710300564766
gc 0
Train Epoch77 Acc 0.915025 (36601/40000), AUC 0.9715602993965149
Test Epoch77 layer0 Acc 0.79, AUC 0.8666008710861206, avg_entr 0.1346408873796463
Test Epoch77 layer1 Acc 0.8154, AUC 0.8897964954376221, avg_entr 0.060560859739780426
Test Epoch77 layer2 Acc 0.822, AUC 0.895128607749939, avg_entr 0.050441525876522064
Test Epoch77 layer3 Acc 0.8215, AUC 0.896484375, avg_entr 0.047813013195991516
Test Epoch77 layer4 Acc 0.8222, AUC 0.8957172632217407, avg_entr 0.04475952312350273
gc 0
Train Epoch78 Acc 0.9152 (36608/40000), AUC 0.9715803265571594
Test Epoch78 layer0 Acc 0.79, AUC 0.866601288318634, avg_entr 0.1346370428800583
Test Epoch78 layer1 Acc 0.8155, AUC 0.8897981643676758, avg_entr 0.06057240441441536
Test Epoch78 layer2 Acc 0.822, AUC 0.8951272964477539, avg_entr 0.050448354333639145
Test Epoch78 layer3 Acc 0.8214, AUC 0.8964921236038208, avg_entr 0.04781455174088478
Test Epoch78 layer4 Acc 0.8222, AUC 0.8957129716873169, avg_entr 0.04476706683635712
gc 0
Train Epoch79 Acc 0.914275 (36571/40000), AUC 0.9713329672813416
Test Epoch79 layer0 Acc 0.79, AUC 0.8666008710861206, avg_entr 0.1346362829208374
Test Epoch79 layer1 Acc 0.8155, AUC 0.8897957801818848, avg_entr 0.06056896224617958
Test Epoch79 layer2 Acc 0.8222, AUC 0.8951223492622375, avg_entr 0.05044407397508621
Test Epoch79 layer3 Acc 0.8215, AUC 0.8964856863021851, avg_entr 0.047825127840042114
Test Epoch79 layer4 Acc 0.8222, AUC 0.8957147598266602, avg_entr 0.04477408155798912
gc 0
Train Epoch80 Acc 0.9143 (36572/40000), AUC 0.9715051651000977
Test Epoch80 layer0 Acc 0.79, AUC 0.8666003942489624, avg_entr 0.13463245332241058
Test Epoch80 layer1 Acc 0.8155, AUC 0.8897969722747803, avg_entr 0.06056284159421921
Test Epoch80 layer2 Acc 0.8222, AUC 0.8951189517974854, avg_entr 0.050442375242710114
Test Epoch80 layer3 Acc 0.8213, AUC 0.8964818120002747, avg_entr 0.04782887175679207
Test Epoch80 layer4 Acc 0.8222, AUC 0.8957160711288452, avg_entr 0.04477819427847862
gc 0
Train Epoch81 Acc 0.914775 (36591/40000), AUC 0.9713150262832642
Test Epoch81 layer0 Acc 0.79, AUC 0.8665996789932251, avg_entr 0.13463474810123444
Test Epoch81 layer1 Acc 0.8156, AUC 0.8897920846939087, avg_entr 0.06055755540728569
Test Epoch81 layer2 Acc 0.8221, AUC 0.895117998123169, avg_entr 0.050441112369298935
Test Epoch81 layer3 Acc 0.8213, AUC 0.8964759111404419, avg_entr 0.04783758148550987
Test Epoch81 layer4 Acc 0.8223, AUC 0.8957113027572632, avg_entr 0.04478783532977104
gc 0
Train Epoch82 Acc 0.914375 (36575/40000), AUC 0.9711576700210571
Test Epoch82 layer0 Acc 0.79, AUC 0.8666006326675415, avg_entr 0.13462507724761963
Test Epoch82 layer1 Acc 0.8156, AUC 0.8897949457168579, avg_entr 0.06055343523621559
Test Epoch82 layer2 Acc 0.8221, AUC 0.8951174020767212, avg_entr 0.05043221637606621
Test Epoch82 layer3 Acc 0.8212, AUC 0.8964769244194031, avg_entr 0.047820787876844406
Test Epoch82 layer4 Acc 0.8222, AUC 0.8957140445709229, avg_entr 0.04476992040872574
gc 0
Train Epoch83 Acc 0.9155 (36620/40000), AUC 0.9716166257858276
Test Epoch83 layer0 Acc 0.79, AUC 0.8666006326675415, avg_entr 0.13462243974208832
Test Epoch83 layer1 Acc 0.8155, AUC 0.8897954225540161, avg_entr 0.06055121496319771
Test Epoch83 layer2 Acc 0.8221, AUC 0.8951165676116943, avg_entr 0.05042877048254013
Test Epoch83 layer3 Acc 0.8212, AUC 0.8964786529541016, avg_entr 0.04781520739197731
Test Epoch83 layer4 Acc 0.8222, AUC 0.8957104086875916, avg_entr 0.04476366937160492
gc 0
Train Epoch84 Acc 0.9155 (36620/40000), AUC 0.9715481996536255
Test Epoch84 layer0 Acc 0.79, AUC 0.8665992021560669, avg_entr 0.13462486863136292
Test Epoch84 layer1 Acc 0.8156, AUC 0.8897942304611206, avg_entr 0.060551684349775314
Test Epoch84 layer2 Acc 0.8221, AUC 0.8951151371002197, avg_entr 0.050431907176971436
Test Epoch84 layer3 Acc 0.8212, AUC 0.896477222442627, avg_entr 0.047822218388319016
Test Epoch84 layer4 Acc 0.8222, AUC 0.895713210105896, avg_entr 0.044770583510398865
gc 0
Train Epoch85 Acc 0.91485 (36594/40000), AUC 0.9713122844696045
Test Epoch85 layer0 Acc 0.79, AUC 0.866600513458252, avg_entr 0.13461902737617493
Test Epoch85 layer1 Acc 0.8155, AUC 0.8897945284843445, avg_entr 0.060554563999176025
Test Epoch85 layer2 Acc 0.8222, AUC 0.8951181769371033, avg_entr 0.050430018454790115
Test Epoch85 layer3 Acc 0.8216, AUC 0.8964803218841553, avg_entr 0.04781228303909302
Test Epoch85 layer4 Acc 0.8221, AUC 0.8957151174545288, avg_entr 0.044761985540390015
gc 0
Train Epoch86 Acc 0.91565 (36626/40000), AUC 0.9715019464492798
Test Epoch86 layer0 Acc 0.79, AUC 0.8665997385978699, avg_entr 0.13461671769618988
Test Epoch86 layer1 Acc 0.8155, AUC 0.8897933959960938, avg_entr 0.060549769550561905
Test Epoch86 layer2 Acc 0.8222, AUC 0.8951171636581421, avg_entr 0.05042268708348274
Test Epoch86 layer3 Acc 0.8215, AUC 0.8964784145355225, avg_entr 0.04780293628573418
Test Epoch86 layer4 Acc 0.8221, AUC 0.895714521408081, avg_entr 0.04475213587284088
gc 0
Train Epoch87 Acc 0.914375 (36575/40000), AUC 0.9716145396232605
Test Epoch87 layer0 Acc 0.79, AUC 0.8665995597839355, avg_entr 0.13461914658546448
Test Epoch87 layer1 Acc 0.8156, AUC 0.8897926807403564, avg_entr 0.06054948270320892
Test Epoch87 layer2 Acc 0.8221, AUC 0.8951150178909302, avg_entr 0.05042567104101181
Test Epoch87 layer3 Acc 0.8213, AUC 0.8964769840240479, avg_entr 0.047811031341552734
Test Epoch87 layer4 Acc 0.8222, AUC 0.8957100510597229, avg_entr 0.04475932568311691
gc 0
Train Epoch88 Acc 0.91485 (36594/40000), AUC 0.9716613292694092
Test Epoch88 layer0 Acc 0.79, AUC 0.8665993213653564, avg_entr 0.1346191167831421
Test Epoch88 layer1 Acc 0.8155, AUC 0.8897936940193176, avg_entr 0.06055551767349243
Test Epoch88 layer2 Acc 0.822, AUC 0.8951163291931152, avg_entr 0.05043330043554306
Test Epoch88 layer3 Acc 0.8213, AUC 0.896478533744812, avg_entr 0.0478191077709198
Test Epoch88 layer4 Acc 0.8222, AUC 0.8957106471061707, avg_entr 0.04476877301931381
gc 0
Train Epoch89 Acc 0.9156 (36624/40000), AUC 0.971677839756012
Test Epoch89 layer0 Acc 0.79, AUC 0.8665997982025146, avg_entr 0.13461557030677795
Test Epoch89 layer1 Acc 0.8155, AUC 0.8897941708564758, avg_entr 0.06055557355284691
Test Epoch89 layer2 Acc 0.822, AUC 0.8951170444488525, avg_entr 0.050433531403541565
Test Epoch89 layer3 Acc 0.8213, AUC 0.8964781165122986, avg_entr 0.04781877622008324
Test Epoch89 layer4 Acc 0.8222, AUC 0.8957130908966064, avg_entr 0.0447685681283474
gc 0
Train Epoch90 Acc 0.914475 (36579/40000), AUC 0.9714829325675964
Test Epoch90 layer0 Acc 0.7899, AUC 0.8666002154350281, avg_entr 0.1346045732498169
Test Epoch90 layer1 Acc 0.8155, AUC 0.8897952437400818, avg_entr 0.06055501103401184
Test Epoch90 layer2 Acc 0.822, AUC 0.8951173424720764, avg_entr 0.05042893812060356
Test Epoch90 layer3 Acc 0.8215, AUC 0.8964837789535522, avg_entr 0.047805145382881165
Test Epoch90 layer4 Acc 0.8222, AUC 0.8957123756408691, avg_entr 0.044755615293979645
gc 0
Train Epoch91 Acc 0.9142 (36568/40000), AUC 0.9713757038116455
Test Epoch91 layer0 Acc 0.79, AUC 0.8665993213653564, avg_entr 0.1346060186624527
Test Epoch91 layer1 Acc 0.8155, AUC 0.8897930979728699, avg_entr 0.06055094674229622
Test Epoch91 layer2 Acc 0.8222, AUC 0.895116925239563, avg_entr 0.05043172836303711
Test Epoch91 layer3 Acc 0.8214, AUC 0.8964797258377075, avg_entr 0.047816261649131775
Test Epoch91 layer4 Acc 0.8222, AUC 0.8957117795944214, avg_entr 0.0447661392390728
gc 0
Train Epoch92 Acc 0.91455 (36582/40000), AUC 0.9712578058242798
Test Epoch92 layer0 Acc 0.79, AUC 0.8666004538536072, avg_entr 0.13460320234298706
Test Epoch92 layer1 Acc 0.8156, AUC 0.8897945880889893, avg_entr 0.06054973229765892
Test Epoch92 layer2 Acc 0.822, AUC 0.8951161503791809, avg_entr 0.0504324808716774
Test Epoch92 layer3 Acc 0.8213, AUC 0.8964774012565613, avg_entr 0.04782180115580559
Test Epoch92 layer4 Acc 0.8222, AUC 0.8957133889198303, avg_entr 0.04477104917168617
gc 0
Train Epoch93 Acc 0.91505 (36602/40000), AUC 0.9713521003723145
Test Epoch93 layer0 Acc 0.79, AUC 0.8666003942489624, avg_entr 0.13459864258766174
Test Epoch93 layer1 Acc 0.8155, AUC 0.8897947072982788, avg_entr 0.06054744869470596
Test Epoch93 layer2 Acc 0.8222, AUC 0.8951185941696167, avg_entr 0.05042947828769684
Test Epoch93 layer3 Acc 0.8214, AUC 0.8964798450469971, avg_entr 0.04781739041209221
Test Epoch93 layer4 Acc 0.8222, AUC 0.895713210105896, avg_entr 0.04476575925946236
gc 0
Train Epoch94 Acc 0.914725 (36589/40000), AUC 0.9713970422744751
Test Epoch94 layer0 Acc 0.79, AUC 0.8665995597839355, avg_entr 0.13459739089012146
Test Epoch94 layer1 Acc 0.8155, AUC 0.8897951245307922, avg_entr 0.06054849922657013
Test Epoch94 layer2 Acc 0.8222, AUC 0.8951202630996704, avg_entr 0.050430040806531906
Test Epoch94 layer3 Acc 0.8215, AUC 0.8964803218841553, avg_entr 0.04781738668680191
Test Epoch94 layer4 Acc 0.8221, AUC 0.8957112431526184, avg_entr 0.044764816761016846
gc 0
Train Epoch95 Acc 0.915475 (36619/40000), AUC 0.9717940092086792
Test Epoch95 layer0 Acc 0.79, AUC 0.8666003346443176, avg_entr 0.13459138572216034
Test Epoch95 layer1 Acc 0.8156, AUC 0.8897939920425415, avg_entr 0.06054368242621422
Test Epoch95 layer2 Acc 0.8221, AUC 0.8951181173324585, avg_entr 0.050425902009010315
Test Epoch95 layer3 Acc 0.8214, AUC 0.8964791297912598, avg_entr 0.047816332429647446
Test Epoch95 layer4 Acc 0.8221, AUC 0.8957116007804871, avg_entr 0.04476325213909149
gc 0
Train Epoch96 Acc 0.91435 (36574/40000), AUC 0.9715171456336975
Test Epoch96 layer0 Acc 0.79, AUC 0.8665999174118042, avg_entr 0.1345924735069275
Test Epoch96 layer1 Acc 0.8156, AUC 0.8897943496704102, avg_entr 0.060547009110450745
Test Epoch96 layer2 Acc 0.8222, AUC 0.8951183557510376, avg_entr 0.0504295788705349
Test Epoch96 layer3 Acc 0.8214, AUC 0.8964796662330627, avg_entr 0.04781746864318848
Test Epoch96 layer4 Acc 0.8222, AUC 0.8957101702690125, avg_entr 0.04476550221443176
gc 0
Train Epoch97 Acc 0.91545 (36618/40000), AUC 0.9715093374252319
Test Epoch97 layer0 Acc 0.79, AUC 0.8665986061096191, avg_entr 0.13459204137325287
Test Epoch97 layer1 Acc 0.8156, AUC 0.8897948265075684, avg_entr 0.060545679181814194
Test Epoch97 layer2 Acc 0.822, AUC 0.8951181769371033, avg_entr 0.05042910948395729
Test Epoch97 layer3 Acc 0.8214, AUC 0.8964781165122986, avg_entr 0.047818414866924286
Test Epoch97 layer4 Acc 0.8222, AUC 0.8957098722457886, avg_entr 0.044767096638679504
gc 0
Train Epoch98 Acc 0.913525 (36541/40000), AUC 0.9710919857025146
Test Epoch98 layer0 Acc 0.7899, AUC 0.86659836769104, avg_entr 0.13458703458309174
Test Epoch98 layer1 Acc 0.8156, AUC 0.8897948265075684, avg_entr 0.060545843094587326
Test Epoch98 layer2 Acc 0.8221, AUC 0.8951153755187988, avg_entr 0.05042707547545433
Test Epoch98 layer3 Acc 0.8214, AUC 0.896477460861206, avg_entr 0.04781655594706535
Test Epoch98 layer4 Acc 0.8222, AUC 0.8957096338272095, avg_entr 0.044764477759599686
gc 0
Train Epoch99 Acc 0.914425 (36577/40000), AUC 0.9713742136955261
Test Epoch99 layer0 Acc 0.79, AUC 0.8665982484817505, avg_entr 0.13457533717155457
Test Epoch99 layer1 Acc 0.8155, AUC 0.889796793460846, avg_entr 0.06054374948143959
Test Epoch99 layer2 Acc 0.8218, AUC 0.8951175212860107, avg_entr 0.05042199417948723
Test Epoch99 layer3 Acc 0.8215, AUC 0.8964823484420776, avg_entr 0.047804027795791626
Test Epoch99 layer4 Acc 0.822, AUC 0.8957103490829468, avg_entr 0.0447540357708931
Best AUC 0.9006457328796387
train_loss (2, 5, 100)
valid_acc (5, 100)
valid_AUC (5, 100)
train_acc (100,)
Figure(640x480)
Figure(640x480)
Figure(640x480)
Figure(640x480)
Figure(640x480)
Start Testing
Load ckpt at ckpt/imdb_transformeralside_l5_side500//imdb_transformeralside_l5_side.pt
[[3914 1015]
 [1055 4016]]
Figure(640x480)
tensor([6.7816e-01, 5.3126e-04, 4.7704e-01,  ..., 1.1417e-03, 1.9583e-03,
        1.2558e-04])
[[4148  781]
 [1053 4018]]
Figure(640x480)
tensor([4.6885e-01, 6.7995e-04, 6.9043e-01,  ..., 7.4999e-04, 3.3632e-03,
        1.0622e-03])
[[4165  764]
 [1010 4061]]
Figure(640x480)
tensor([0.6912, 0.0012, 0.0751,  ..., 0.0011, 0.0013, 0.0013])
[[4182  747]
 [1019 4052]]
Figure(640x480)
tensor([0.6895, 0.0012, 0.0639,  ..., 0.0009, 0.0010, 0.0012])
[[4204  725]
 [1035 4036]]
Figure(640x480)
tensor([0.6781, 0.0013, 0.0373,  ..., 0.0007, 0.0010, 0.0013])
