total count words 102019
vocab size 30000
found 26754 words in glove
Load ckpt from ckpt/ag_news_lstmal_l5adp_pad175_t0.9_m2//ag_news_lstmal_l5_prefix.pt
model: LSTMModelML(
  (layers): ModuleList(
    (0): EMBLayer(
      (enc): ENC(
        (b): Sequential(
          (0): Linear(in_features=300, out_features=128, bias=True)
          (1): Tanh()
        )
        (f): Embedding(30000, 300)
        (cri): MSELoss()
      )
      (ae): AE(
        (g): Sequential(
          (0): Linear(in_features=4, out_features=128, bias=True)
          (1): Tanh()
        )
        (h): Sequential(
          (0): Linear(in_features=128, out_features=4, bias=True)
          (1): Sigmoid()
        )
        (cri): CrossEntropyLoss()
      )
    )
    (1): LSTMLayer(
      (enc): ENC(
        (b): Sequential(
          (0): Linear(in_features=300, out_features=128, bias=True)
          (1): Tanh()
        )
        (f): LSTM(300, 300, batch_first=True, bidirectional=True)
        (cri): MSELoss()
      )
      (ae): AE(
        (g): Sequential(
          (0): Linear(in_features=128, out_features=128, bias=True)
          (1): Tanh()
        )
        (h): Sequential(
          (0): Linear(in_features=128, out_features=128, bias=True)
        )
        (cri): MSELoss()
      )
    )
    (2): LSTMLayer(
      (enc): ENC(
        (b): Sequential(
          (0): Linear(in_features=300, out_features=128, bias=True)
          (1): Tanh()
        )
        (f): LSTM(600, 300, batch_first=True, bidirectional=True)
        (cri): MSELoss()
      )
      (ae): AE(
        (g): Sequential(
          (0): Linear(in_features=128, out_features=128, bias=True)
          (1): Tanh()
        )
        (h): Sequential(
          (0): Linear(in_features=128, out_features=128, bias=True)
        )
        (cri): MSELoss()
      )
    )
    (3): LSTMLayer(
      (enc): ENC(
        (b): Sequential(
          (0): Linear(in_features=300, out_features=128, bias=True)
          (1): Tanh()
        )
        (f): LSTM(600, 300, batch_first=True, bidirectional=True)
        (cri): MSELoss()
      )
      (ae): AE(
        (g): Sequential(
          (0): Linear(in_features=128, out_features=128, bias=True)
          (1): Tanh()
        )
        (h): Sequential(
          (0): Linear(in_features=128, out_features=128, bias=True)
        )
        (cri): MSELoss()
      )
    )
    (4): LSTMLayer(
      (enc): ENC(
        (b): Sequential(
          (0): Linear(in_features=300, out_features=128, bias=True)
          (1): Tanh()
        )
        (f): LSTM(600, 300, batch_first=True, bidirectional=True)
        (cri): MSELoss()
      )
      (ae): AE(
        (g): Sequential(
          (0): Linear(in_features=128, out_features=128, bias=True)
          (1): Tanh()
        )
        (h): Sequential(
          (0): Linear(in_features=128, out_features=128, bias=True)
        )
        (cri): MSELoss()
      )
    )
  )
)
layers.0.enc.b.0.weight 38400
layers.0.enc.b.0.bias 128
layers.0.enc.f.weight 9000000
layers.0.ae.g.0.weight 512
layers.0.ae.g.0.bias 128
layers.0.ae.h.0.weight 512
layers.0.ae.h.0.bias 4
layers.1.enc.b.0.weight 38400
layers.1.enc.b.0.bias 128
layers.1.enc.f.weight_ih_l0 360000
layers.1.enc.f.weight_hh_l0 360000
layers.1.enc.f.bias_ih_l0 1200
layers.1.enc.f.bias_hh_l0 1200
layers.1.enc.f.weight_ih_l0_reverse 360000
layers.1.enc.f.weight_hh_l0_reverse 360000
layers.1.enc.f.bias_ih_l0_reverse 1200
layers.1.enc.f.bias_hh_l0_reverse 1200
layers.1.ae.g.0.weight 16384
layers.1.ae.g.0.bias 128
layers.1.ae.h.0.weight 16384
layers.1.ae.h.0.bias 128
layers.2.enc.b.0.weight 38400
layers.2.enc.b.0.bias 128
layers.2.enc.f.weight_ih_l0 720000
layers.2.enc.f.weight_hh_l0 360000
layers.2.enc.f.bias_ih_l0 1200
layers.2.enc.f.bias_hh_l0 1200
layers.2.enc.f.weight_ih_l0_reverse 720000
layers.2.enc.f.weight_hh_l0_reverse 360000
layers.2.enc.f.bias_ih_l0_reverse 1200
layers.2.enc.f.bias_hh_l0_reverse 1200
layers.2.ae.g.0.weight 16384
layers.2.ae.g.0.bias 128
layers.2.ae.h.0.weight 16384
layers.2.ae.h.0.bias 128
layers.3.enc.b.0.weight 38400
layers.3.enc.b.0.bias 128
layers.3.enc.f.weight_ih_l0 720000
layers.3.enc.f.weight_hh_l0 360000
layers.3.enc.f.bias_ih_l0 1200
layers.3.enc.f.bias_hh_l0 1200
layers.3.enc.f.weight_ih_l0_reverse 720000
layers.3.enc.f.weight_hh_l0_reverse 360000
layers.3.enc.f.bias_ih_l0_reverse 1200
layers.3.enc.f.bias_hh_l0_reverse 1200
layers.3.ae.g.0.weight 16384
layers.3.ae.g.0.bias 128
layers.3.ae.h.0.weight 16384
layers.3.ae.h.0.bias 128
layers.4.enc.b.0.weight 38400
layers.4.enc.b.0.bias 128
layers.4.enc.f.weight_ih_l0 720000
layers.4.enc.f.weight_hh_l0 360000
layers.4.enc.f.bias_ih_l0 1200
layers.4.enc.f.bias_hh_l0 1200
layers.4.enc.f.weight_ih_l0_reverse 720000
layers.4.enc.f.weight_hh_l0_reverse 360000
layers.4.enc.f.bias_ih_l0_reverse 1200
layers.4.enc.f.bias_hh_l0_reverse 1200
layers.4.ae.g.0.weight 16384
layers.4.ae.g.0.bias 128
layers.4.ae.h.0.weight 16384
layers.4.ae.h.0.bias 128
Total Trainable Params: 17265092
Start Training
train_mask {0, 1, 2}
gc 9
Train Epoch0 Acc 0.46739166666666665 (56087/120000), AUC 0.4741731882095337
ep0_train_time 66.80868554115295
Test Epoch0 threshold 0.9 Acc 0.9166118421052631, AUC 0.980758786201477, avg_entr 0.025628501549363136
ep0_t0.9_test_time 0.25048136711120605
Save ckpt to ckpt/ag_news_lstmal_l5adp_pad175_t0.9_m3//ag_news_lstmal_l5_prefix.pt  ,ep 0
gc 0
Train Epoch1 Acc 0.49488333333333334 (59386/120000), AUC 0.522714376449585
ep1_train_time 66.8051745891571
Test Epoch1 threshold 0.9 Acc 0.9166118421052631, AUC 0.9806895852088928, avg_entr 0.02690410055220127
ep1_t0.9_test_time 0.24904656410217285
gc 0
Train Epoch2 Acc 0.49545833333333333 (59455/120000), AUC 0.5435983538627625
ep2_train_time 66.84271454811096
Test Epoch2 threshold 0.9 Acc 0.9166118421052631, AUC 0.9805572032928467, avg_entr 0.025832002982497215
ep2_t0.9_test_time 0.2608938217163086
gc 0
Train Epoch3 Acc 0.49533333333333335 (59440/120000), AUC 0.5461027026176453
ep3_train_time 66.791823387146
Test Epoch3 threshold 0.9 Acc 0.9134868421052632, AUC 0.9804772138595581, avg_entr 0.02516743168234825
ep3_t0.9_test_time 0.24890518188476562
gc 0
Train Epoch4 Acc 0.49543333333333334 (59452/120000), AUC 0.5373269319534302
ep4_train_time 66.83897542953491
Test Epoch4 threshold 0.9 Acc 0.9148026315789474, AUC 0.9803079962730408, avg_entr 0.026181546971201897
ep4_t0.9_test_time 0.24979925155639648
gc 0
Train Epoch5 Acc 0.4955 (59460/120000), AUC 0.5326776504516602
ep5_train_time 67.02396273612976
Test Epoch5 threshold 0.9 Acc 0.9138157894736842, AUC 0.98017817735672, avg_entr 0.025947043672204018
ep5_t0.9_test_time 0.24915647506713867
gc 0
Train Epoch6 Acc 0.49725833333333336 (59671/120000), AUC 0.5383610129356384
ep6_train_time 66.82423520088196
Test Epoch6 threshold 0.9 Acc 0.9138157894736842, AUC 0.9799907803535461, avg_entr 0.025538647547364235
ep6_t0.9_test_time 0.24900341033935547
gc 0
Train Epoch7 Acc 0.49788333333333334 (59746/120000), AUC 0.5379393100738525
ep7_train_time 66.88087940216064
Test Epoch7 threshold 0.9 Acc 0.9151315789473684, AUC 0.9799457788467407, avg_entr 0.026293285191059113
ep7_t0.9_test_time 0.2492048740386963
gc 0
Train Epoch8 Acc 0.4993166666666667 (59918/120000), AUC 0.5431302785873413
ep8_train_time 66.85942339897156
Test Epoch8 threshold 0.9 Acc 0.9121710526315789, AUC 0.979830801486969, avg_entr 0.02581167221069336
ep8_t0.9_test_time 0.24947476387023926
gc 0
Train Epoch9 Acc 0.5023666666666666 (60284/120000), AUC 0.5485643148422241
ep9_train_time 66.8565685749054
Test Epoch9 threshold 0.9 Acc 0.9123355263157895, AUC 0.9797458052635193, avg_entr 0.02560800313949585
ep9_t0.9_test_time 0.24881482124328613
Best AUC 0.980758786201477
train_loss (2, 5, 10)
valid_acc (10, 1)
valid_AUC (10, 1)
train_acc (10,)
Figure(640x480)
Figure(640x480)
Figure(640x480)
Figure(640x480)
Figure(640x480)
Start Testing
Load ckpt at ckpt/ag_news_lstmal_l5adp_pad175_t0.9_m3//ag_news_lstmal_l5_prefix.pt
Test threshold 0.9 Acc 0.9243421052631579, AUC 0.9862947463989258, avg_entr 0.024596838280558586
t0.9_test_time 0.0637960433959961
