total count words 887881
vocab size 30000
found 28354 words in glove
Start Training
gc 0
Train Epoch0 Acc 0.04768571428571428 (26704/560000), AUC 0.4452197253704071
Test Epoch0 layer0 Acc 0.9730857142857143, AUC 0.9980182647705078
Save ckpt to ./ckpt/mask1//dbpedia_14/dbpedia_14_transformeral_l10_m1.pt  ,ep 0
Test Epoch0 layer1 Acc 0.09187142857142858, AUC 0.5130583643913269
Test Epoch0 layer2 Acc 0.0766, AUC 0.5822939276695251
Test Epoch0 layer3 Acc 0.0551, AUC 0.45305293798446655
Test Epoch0 layer4 Acc 0.09832857142857143, AUC 0.5200331807136536
Test Epoch0 layer5 Acc 0.07111428571428571, AUC 0.5821138024330139
Test Epoch0 layer6 Acc 0.05612857142857143, AUC 0.47704723477363586
Test Epoch0 layer7 Acc 0.06318571428571429, AUC 0.47835543751716614
Test Epoch0 layer8 Acc 0.09877142857142857, AUC 0.48695793747901917
Test Epoch0 layer9 Acc 0.043957142857142854, AUC 0.44643691182136536
gc 0
Train Epoch1 Acc 0.04202142857142857 (23532/560000), AUC 0.4447483420372009
Test Epoch1 layer0 Acc 0.9735571428571429, AUC 0.9981328845024109
Save ckpt to ./ckpt/mask1//dbpedia_14/dbpedia_14_transformeral_l10_m1.pt  ,ep 1
Test Epoch1 layer1 Acc 0.09755714285714286, AUC 0.5102760791778564
Test Epoch1 layer2 Acc 0.08622857142857143, AUC 0.5850722193717957
Test Epoch1 layer3 Acc 0.061657142857142855, AUC 0.4519623816013336
Test Epoch1 layer4 Acc 0.09851428571428572, AUC 0.5260967016220093
Test Epoch1 layer5 Acc 0.07041428571428572, AUC 0.5831629037857056
Test Epoch1 layer6 Acc 0.060714285714285714, AUC 0.47536784410476685
Test Epoch1 layer7 Acc 0.05964285714285714, AUC 0.4734072983264923
Test Epoch1 layer8 Acc 0.09824285714285715, AUC 0.4855180084705353
Test Epoch1 layer9 Acc 0.040157142857142857, AUC 0.4436757564544678
gc 0
Train Epoch2 Acc 0.03882142857142857 (21740/560000), AUC 0.44212207198143005
Test Epoch2 layer0 Acc 0.9736714285714285, AUC 0.9982245564460754
Save ckpt to ./ckpt/mask1//dbpedia_14/dbpedia_14_transformeral_l10_m1.pt  ,ep 2
Test Epoch2 layer1 Acc 0.09892857142857144, AUC 0.5076631307601929
Test Epoch2 layer2 Acc 0.09098571428571428, AUC 0.5887735486030579
Test Epoch2 layer3 Acc 0.06471428571428571, AUC 0.4496147632598877
Test Epoch2 layer4 Acc 0.10002857142857143, AUC 0.5304325222969055
Test Epoch2 layer5 Acc 0.07115714285714286, AUC 0.5841307044029236
Test Epoch2 layer6 Acc 0.06755714285714286, AUC 0.4761922061443329
Test Epoch2 layer7 Acc 0.0575, AUC 0.4708828330039978
Test Epoch2 layer8 Acc 0.09852857142857142, AUC 0.48477816581726074
Test Epoch2 layer9 Acc 0.03724285714285714, AUC 0.44129806756973267
gc 0
Train Epoch3 Acc 0.0365125 (20447/560000), AUC 0.43995317816734314
Test Epoch3 layer0 Acc 0.9740571428571428, AUC 0.9982333779335022
Save ckpt to ./ckpt/mask1//dbpedia_14/dbpedia_14_transformeral_l10_m1.pt  ,ep 3
Test Epoch3 layer1 Acc 0.09838571428571428, AUC 0.506251871585846
Test Epoch3 layer2 Acc 0.09348571428571428, AUC 0.5913504958152771
Test Epoch3 layer3 Acc 0.06618571428571429, AUC 0.44757524132728577
Test Epoch3 layer4 Acc 0.10114285714285715, AUC 0.533897340297699
Test Epoch3 layer5 Acc 0.07227142857142857, AUC 0.5849457383155823
Test Epoch3 layer6 Acc 0.06938571428571429, AUC 0.47751060128211975
Test Epoch3 layer7 Acc 0.05738571428571428, AUC 0.4696201980113983
Test Epoch3 layer8 Acc 0.0981, AUC 0.48580947518348694
Test Epoch3 layer9 Acc 0.03532857142857143, AUC 0.43969863653182983
gc 0
Train Epoch4 Acc 0.03514107142857143 (19679/560000), AUC 0.4393397867679596
Test Epoch4 layer0 Acc 0.9738571428571429, AUC 0.9982803463935852
Save ckpt to ./ckpt/mask1//dbpedia_14/dbpedia_14_transformeral_l10_m1.pt  ,ep 4
Test Epoch4 layer1 Acc 0.09447142857142857, AUC 0.5055543184280396
Test Epoch4 layer2 Acc 0.09495714285714285, AUC 0.5934279561042786
Test Epoch4 layer3 Acc 0.06561428571428571, AUC 0.44562074542045593
Test Epoch4 layer4 Acc 0.10148571428571429, AUC 0.5351213812828064
Test Epoch4 layer5 Acc 0.07497142857142858, AUC 0.5866503715515137
Test Epoch4 layer6 Acc 0.07015714285714286, AUC 0.47966569662094116
Test Epoch4 layer7 Acc 0.058942857142857144, AUC 0.4704817831516266
Test Epoch4 layer8 Acc 0.09735714285714285, AUC 0.48835262656211853
Test Epoch4 layer9 Acc 0.0346, AUC 0.4393109977245331
gc 0
Train Epoch5 Acc 0.03457678571428571 (19363/560000), AUC 0.43892958760261536
Test Epoch5 layer0 Acc 0.9737857142857143, AUC 0.9982971549034119
Save ckpt to ./ckpt/mask1//dbpedia_14/dbpedia_14_transformeral_l10_m1.pt  ,ep 5
Test Epoch5 layer1 Acc 0.09188571428571428, AUC 0.5056716203689575
Test Epoch5 layer2 Acc 0.09691428571428572, AUC 0.5944384932518005
Test Epoch5 layer3 Acc 0.06461428571428571, AUC 0.44412416219711304
Test Epoch5 layer4 Acc 0.10168571428571428, AUC 0.5359264612197876
Test Epoch5 layer5 Acc 0.0773, AUC 0.5877345204353333
Test Epoch5 layer6 Acc 0.07228571428571429, AUC 0.4812226891517639
Test Epoch5 layer7 Acc 0.06011428571428572, AUC 0.47235268354415894
Test Epoch5 layer8 Acc 0.09654285714285714, AUC 0.49039989709854126
Test Epoch5 layer9 Acc 0.034371428571428574, AUC 0.4404175281524658
gc 0
Train Epoch6 Acc 0.03447857142857143 (19308/560000), AUC 0.44002288579940796
Test Epoch6 layer0 Acc 0.9738285714285714, AUC 0.9982994198799133
Save ckpt to ./ckpt/mask1//dbpedia_14/dbpedia_14_transformeral_l10_m1.pt  ,ep 6
Test Epoch6 layer1 Acc 0.08875714285714285, AUC 0.5045207142829895
Test Epoch6 layer2 Acc 0.0962, AUC 0.5938512682914734
Test Epoch6 layer3 Acc 0.06532857142857143, AUC 0.44466501474380493
Test Epoch6 layer4 Acc 0.0997, AUC 0.5371077656745911
Test Epoch6 layer5 Acc 0.08064285714285714, AUC 0.5879956483840942
Test Epoch6 layer6 Acc 0.07105714285714286, AUC 0.4821416437625885
Test Epoch6 layer7 Acc 0.06087142857142857, AUC 0.4731900990009308
Test Epoch6 layer8 Acc 0.09672857142857143, AUC 0.4921552538871765
Test Epoch6 layer9 Acc 0.03464285714285714, AUC 0.44191303849220276
gc 0
Train Epoch7 Acc 0.03482142857142857 (19500/560000), AUC 0.4420599341392517
Test Epoch7 layer0 Acc 0.9737428571428571, AUC 0.9983090758323669
Save ckpt to ./ckpt/mask1//dbpedia_14/dbpedia_14_transformeral_l10_m1.pt  ,ep 7
Test Epoch7 layer1 Acc 0.08424285714285715, AUC 0.5023400187492371
Test Epoch7 layer2 Acc 0.09574285714285714, AUC 0.59515780210495
Test Epoch7 layer3 Acc 0.06698571428571429, AUC 0.4453829824924469
Test Epoch7 layer4 Acc 0.09994285714285714, AUC 0.5398726463317871
Test Epoch7 layer5 Acc 0.08281428571428572, AUC 0.587640106678009
Test Epoch7 layer6 Acc 0.073, AUC 0.4847157299518585
Test Epoch7 layer7 Acc 0.06251428571428572, AUC 0.474378377199173
Test Epoch7 layer8 Acc 0.09798571428571429, AUC 0.4923432171344757
Test Epoch7 layer9 Acc 0.034885714285714284, AUC 0.4426586925983429
gc 0
Train Epoch8 Acc 0.03498035714285714 (19589/560000), AUC 0.4427621066570282
Test Epoch8 layer0 Acc 0.9740857142857143, AUC 0.9983155131340027
Save ckpt to ./ckpt/mask1//dbpedia_14/dbpedia_14_transformeral_l10_m1.pt  ,ep 8
Test Epoch8 layer1 Acc 0.08335714285714285, AUC 0.5018220543861389
Test Epoch8 layer2 Acc 0.09591428571428572, AUC 0.5949584245681763
Test Epoch8 layer3 Acc 0.06724285714285715, AUC 0.4454227387905121
Test Epoch8 layer4 Acc 0.10081428571428572, AUC 0.539372444152832
Test Epoch8 layer5 Acc 0.08271428571428571, AUC 0.5878205895423889
Test Epoch8 layer6 Acc 0.07217142857142857, AUC 0.4845779240131378
Test Epoch8 layer7 Acc 0.06398571428571428, AUC 0.47480371594429016
Test Epoch8 layer8 Acc 0.09811428571428571, AUC 0.49197983741760254
Test Epoch8 layer9 Acc 0.035114285714285716, AUC 0.4436931610107422
gc 0
Train Epoch9 Acc 0.035175 (19698/560000), AUC 0.44360116124153137
Test Epoch9 layer0 Acc 0.9738142857142857, AUC 0.9983009696006775
Test Epoch9 layer1 Acc 0.0819, AUC 0.5017115473747253
Test Epoch9 layer2 Acc 0.09557142857142857, AUC 0.5946819186210632
Test Epoch9 layer3 Acc 0.06784285714285715, AUC 0.4461418688297272
Test Epoch9 layer4 Acc 0.10098571428571429, AUC 0.5400033593177795
Test Epoch9 layer5 Acc 0.08364285714285714, AUC 0.5868576169013977
Test Epoch9 layer6 Acc 0.07308571428571428, AUC 0.48511120676994324
Test Epoch9 layer7 Acc 0.06434285714285715, AUC 0.4752860963344574
Test Epoch9 layer8 Acc 0.09825714285714286, AUC 0.49199119210243225
Test Epoch9 layer9 Acc 0.03535714285714286, AUC 0.444267600774765
Best AUC 0.9983155131340027
train_loss (2, 10, 10)
valid_acc (10, 10)
valid_AUC (10, 10)
train_acc (10,)
Figure(640x480)
Figure(640x480)
Figure(640x480)
Figure(640x480)
Start Testing
Load ckpt at ./ckpt/mask1//dbpedia_14/dbpedia_14_transformeral_l10_m1.pt
[[4690   45   22   14   12   71   40    8    4    6    7   20   19   42]
 [  29 4915    0    1    7    0   28    3    3    2    1    0    3    8]
 [  35   14 4612   19   58    2   11    5    5    0    1   79   20  139]
 [   2    2   26 4953   12    1    1    1    0    0    0    0    0    2]
 [   9   18   70   11 4857    9    6    3    2    1    0    0    3   11]
 [  31    1    3    3    1 4949    5    2    1    1    0    0    1    2]
 [  60   55    4    2   11   17 4792   36    9    5    1    1    4    3]
 [   0    1    0    0    2    0   13 4962   17    3    1    0    0    1]
 [   1    4    2    0    3    0   10   13 4966    1    0    0    0    0]
 [   1    0    1    2    0    0    0    6    0 4956   33    0    0    1]
 [  12    1    0    0    0    0    2    4    0   32 4949    0    0    0]
 [   6    0   40    2    0    0    1    0    0    1    1 4923   14   12]
 [   7    2   21    8    2    3    1    3    0    3    0   20 4883   47]
 [  33    7   81    8   14    3    3    9    2    4    5    6   46 4779]]
Figure(640x480)
[[   2  274 2252   11    0   41   84    2  892   40   25 1220   17  140]
 [   0   41  515    2    0  706  166    0  360   10   17 2434  743    6]
 [   0    1  412    0    0   24   24    0  843    2   18 3489    6  181]
 [   0    0   20    0    1  122    7    0 2139    1  129 1976  592   13]
 [   0    2   86    1    0  285   28    0  740   23   28 3695   94   18]
 [   3   21  181   45    0   63  166    1  665   19    4 3713   43   76]
 [   2   29 1430    7    0  165   29    0 1710  163   13 1224  162   66]
 [   0   16  761   91    0  175   21    0   62   78   76 2866   21  833]
 [   0    0  399    0    0  510    5   29 2268   16 1356  378    3   36]
 [   0    0  106    0    0   16    0    0   22    0    7 4817   22   10]
 [   3    2  656    0    0 1681   25    0  281    2    8 2238   63   41]
 [   0    0  342    4    0   41    0    0  386    5   10 2463  436 1313]
 [   6    0  480   13    5  157   10    5 1403   70  157 2147   92  455]
 [   4    5 1201    4    2  139   10    0  615   43  187 2294   39  457]]
Figure(640x480)
[[   6   90  966  160    1 1795   15  645    4    0    4  912    3  399]
 [   0  231 3218  142    0  445   71  223    8    0   15  479    3  165]
 [   2  108  810 3157    0  572    0  216   17    0    0   35    4   79]
 [   1 1093  394 2672    0  353   41   18   19    0  120   72   15  202]
 [   1   43 2317 1836    0  310   25   58   59    0  113  110   92   36]
 [   6 1379  370 2164    0  131    0  131    3    7    4  465    6  334]
 [   8  213 1903  922    0  281   28 1154    7    0   47  175  195   67]
 [   1   32  925  315    0   48   10 1383  397    0  623  856   12  398]
 [ 137  344 2379   29    0  273   78 1287   81    0    1  313    1   77]
 [ 431  114  296 2465    0  160    1  617    1   72   19   29  674  121]
 [  88  277  881  605    0  492    2 1435    0    1   78  660  109  372]
 [   3  737  771 1061    0 1461   24  229    2    5  175  259   18  255]
 [  34 1521 1225  354    0  910   83  299   40    4   18   64  143  305]
 [   5  226  530 2165    0  836   75  119   13    0   26   74  111  820]]
Figure(640x480)
[[  73  224   55 1471  429  249 1115    0   80   90  530  683    0    1]
 [  75    3   95   81 2091    5 1898    0    7   85  138  521    1    0]
 [ 713   50   26 1622  264   75 1535    1   15  583   91   25    0    0]
 [ 169   58    9  260  121   23 1686    1  225 2387   40   21    0    0]
 [ 117    6   18  757  786    5 2176    0   40  583  501   11    0    0]
 [ 214  489  118  653  157   60  617    3  642  671 1241  134    1    0]
 [ 597   15    8  516  256   10 3176    0   71  248   63   23    0   17]
 [1340    0   32  710 1287    0 1592    0    5    8   19    0    1    6]
 [ 449    0   29   48 1417    1  512    0    0 2468   13   63    0    0]
 [1287    4    3  233 2971    1  199    4   62  127   78   22    9    0]
 [ 632    1    6  379 2943    0  817    0   58   25  124   14    0    1]
 [1617   75   27 1249  844    4  602    0  210  237  104   12   19    0]
 [ 516   13   10 1317 1436   15  957    0   43   77  553    3   54    6]
 [ 258    6   68 2482  409  261  476   13  107  366  527   21    0    6]]
Figure(640x480)
[[ 197    6 3844    9   44    0   41   82   14    0   49    7  704    3]
 [  16    0 2935    7   17    0   12   32   15    3   36    4 1922    1]
 [  49   49  329    0    9    0   11   44  102    0   19    1 4387    0]
 [  25   96  755    1    2    0  164   33   24    0   28   70 3802    0]
 [ 624  168 1434    2   19    0  173  639  489    2    9   33 1408    0]
 [ 467    2  796   30 1799    0  130  146  293   32  179    9 1083   34]
 [  48    5  402    4   10    1 2509  268  227   12    9    1 1503    1]
 [  63    2 1548  634   20    1   84  293   10   46   36    1 2262    0]
 [   0    3 2291   11    1    0    3   26    5    0   21   39 2600    0]
 [  25    0  122 1118   28    0  252  142  124    0    3    0 3186    0]
 [  33    0  268   28    2    0   14   12   25    0    5    0 4613    0]
 [ 357   33  646   32  472    0  452  219   69    1   13    5 2700    1]
 [  59   35  738    8   32    0  231  148   11    1   57    7 3673    0]
 [  36    2  840    4    8    0  231    6   34    6   53    0 3759   21]]
Figure(640x480)
[[   3   34 2204   75    0    2    0    0   37  171  619 1845   10    0]
 [   0    0 1248   14    1    1    0    0   13   31 1101 2586    5    0]
 [   7    3 1061  106   48    0    0    0    1   27 3363  375    7    2]
 [   2   10  955   78    5    0    0    0   38   46 3545  158  163    0]
 [   2   26  505  105    7    3    0    0   45   14 3761  310  216    6]
 [   1  130 2747   75    0   47    0    1    5  244 1081  592   77    0]
 [   0  296  774  647    1    5    0    2  435  308 1156 1349   27    0]
 [   4    0  320   18    0    0    0   10    7  824  540 3262   15    0]
 [  62    0  336  282    0    2    0    0    3 2087  619 1310  299    0]
 [ 616    3  235  318    0    0    0   30    1  837 2116  477  367    0]
 [  31    0  291  100    1    2    0   75    9  176 1566 2738   11    0]
 [   5   87  463   16    0   18    0   13  140  308 2177 1762   11    0]
 [   3    1  672   18   10    1    0    1   81  462 3024  311  416    0]
 [   0   13 2205   17    1    5    0    1    5   15 1447 1268   23    0]]
Figure(640x480)
[[   1   95  384  297   42   72  231    4 2956    0  510   48  358    2]
 [   0   38   39  230    8   91 1055   69 2596    0  590   30  252    2]
 [  10   16   22 1498    4   11 1847   76  904    0  327  125  159    1]
 [   0   23   52  607   12   96 2481    9  891    2  597  208   20    2]
 [   0   76   40  397   10   98  599  108  956    1 2545   26  143    1]
 [   2  294 1731   82    6    4   71   10 1445    0 1171   64  113    7]
 [   0   34  184 1041   95   14   69   68 2914    1  385  138   51    6]
 [   1   13   16  344   10  101 1286   24 1142    0  252   35 1775    1]
 [   0    9   16   24    2  455  457    6 1659    0  104    0 2268    0]
 [   0    0    4 1012   12   17 1039  164 1627  471  503   20  124    7]
 [   1   79  226 1487    5   54  444  208 1523   21  857   22   66    7]
 [  15  260   72  394   36   19  705   55 2549   24  627    5  225   14]
 [   3   51   45  721   10   38  243   45 2139    1  374   48 1278    4]
 [   7  148  160  907   31   58  681    9  971    0  704  523  794    7]]
Figure(640x480)
[[1358    0 1612  157  929    1    6  512    1    0    1  238    0  185]
 [1231    0 1241   27  288    0    0 1107    0    0    0  974    0  132]
 [1037    0  670   14  241    0   16 1050    1    0    0 1900    0   71]
 [ 992    0  896    7  648    0    4  533    3    0    0 1744    0  173]
 [1767    0 1022   77  716    3  288  513   18    0    1  397    1  197]
 [2055    0 1151   78  704    0    8  675    0    0    0  178    0  151]
 [1117    0  421  237  502    1   88 1294    1    0    0 1179    0  160]
 [ 363    0   89   99  242    4    5 1219    1    0    0 1444    0 1534]
 [ 283    0  190   51   63    1    7  538    0    0    0 3838    0   29]
 [1291    0  119    2  380    2    1 1509    0    0    0 1620    0   76]
 [1594    0  318   12  254    1   10 1498    1    0    0  631    0  681]
 [1881    0  209  109  879    0    5 1293    0    0    0  370    0  254]
 [ 826    0  554   12   92   31   16  810    0    0    1 2133    3  522]
 [1449    0  414   17   29    1    4  169    0    0    0 2869    0   48]]
Figure(640x480)
[[   0    0    0    0   68  222 4332   20   75    0   10    7  203   63]
 [   0    0    0    0    9  322 3674   29  178    0    0  446   25  317]
 [   0    0    0    0  133    9 4453    7  133    0    0  155   44   66]
 [   0    0    0    0    8    5 4229    3  122    1    1  334    6  291]
 [   1    4    0    3  156  117 1925  166 1237    5    3  567  310  506]
 [   0    0    0    0  129 1816 1808    7  115    0    0    3  620  502]
 [   0   21    0    0   25    5 3863   31  713    1   13   30  249   49]
 [   0    2    0    3   48    7 3834    2  929    0    7   66   34   68]
 [   0    9    0    0    3    7 4314  134   66    0   82  278  106    1]
 [   0  126    0    0   21    3 1933    1 1414    0    8 1059   30  405]
 [   0   12    0    0   79   40 3166    3  494    0   25  734   58  389]
 [   1    3    0    1   91   11 2888    1 1199    3    4   23  686   89]
 [   0    1    0    0  103    3 3899   10  274    1   46  123  120  420]
 [   0    0    0    0   74   73 3757   12   52    0    0   90  145  797]]
Figure(640x480)
[[ 185   29   25  242  895    0   62  219  664  224  999  152 1303    1]
 [ 129    0    2   81 3494    0   86   62   27    1  911   72  134    1]
 [ 100   21   58  454 1342    0   10  209  425  659 1182  130  408    2]
 [ 176  145    4  172 1313    0   35  786  262   21 1225  461  400    0]
 [ 166    3   71  135 1057    0   69  634  237   16  464 1903  243    2]
 [ 203    5   17   59  289    0  345   81   30   46 2222  116 1587    0]
 [ 208    6  142  108 2463    0   33   30  270   41  221  776  689   13]
 [  43    3    0   63 1916    0 1888   85  256   18  334   98  293    3]
 [  46    0    1 3128  763    0    7  285   18    1  475   15  261    0]
 [1442   16   12   58 1825    0   88  143   30    4  194 1180    8    0]
 [1124   10   54   99 1965    0  427  209   20   21  234  728  109    0]
 [  66    5   16  197 2429    0  108   21  353  212  676  171  742    4]
 [ 587   84  283  621 1079    0   75   62  382   74  647  648  434   24]
 [2238   14   49   49  452    0  277   73  161  331  699  320  330    7]]
Figure(640x480)
