total count words 887881
vocab size 30000
train size 560000, valid size 35000, test size 35000
found 28354 words in glove
model: LSTMModelML(
  (layers): ModuleList(
    (0): EMBLayer(
      (enc): ENC(
        (b): Sequential(
          (0): Linear(in_features=300, out_features=128, bias=True)
          (1): Tanh()
        )
        (f): Embedding(30000, 300)
        (cri): MSELoss()
      )
      (ae): AE(
        (g): Sequential(
          (0): Linear(in_features=14, out_features=128, bias=True)
          (1): Tanh()
        )
        (h): Sequential(
          (0): Linear(in_features=128, out_features=14, bias=True)
          (1): Sigmoid()
        )
        (cri): CrossEntropyLoss()
      )
    )
    (1): LSTMLayer(
      (enc): ENC(
        (b): Sequential(
          (0): Linear(in_features=300, out_features=128, bias=True)
          (1): Tanh()
        )
        (f): LSTM(300, 300, batch_first=True, bidirectional=True)
        (cri): MSELoss()
      )
      (ae): AE(
        (g): Sequential(
          (0): Linear(in_features=128, out_features=128, bias=True)
          (1): Tanh()
        )
        (h): Sequential(
          (0): Linear(in_features=128, out_features=128, bias=True)
        )
        (cri): MSELoss()
      )
    )
    (2): LSTMLayer(
      (enc): ENC(
        (b): Sequential(
          (0): Linear(in_features=300, out_features=128, bias=True)
          (1): Tanh()
        )
        (f): LSTM(600, 300, batch_first=True, bidirectional=True)
        (cri): MSELoss()
      )
      (ae): AE(
        (g): Sequential(
          (0): Linear(in_features=128, out_features=128, bias=True)
          (1): Tanh()
        )
        (h): Sequential(
          (0): Linear(in_features=128, out_features=128, bias=True)
        )
        (cri): MSELoss()
      )
    )
    (3): LSTMLayer(
      (enc): ENC(
        (b): Sequential(
          (0): Linear(in_features=300, out_features=128, bias=True)
          (1): Tanh()
        )
        (f): LSTM(600, 300, batch_first=True, bidirectional=True)
        (cri): MSELoss()
      )
      (ae): AE(
        (g): Sequential(
          (0): Linear(in_features=128, out_features=128, bias=True)
          (1): Tanh()
        )
        (h): Sequential(
          (0): Linear(in_features=128, out_features=128, bias=True)
        )
        (cri): MSELoss()
      )
    )
    (4): LSTMLayer(
      (enc): ENC(
        (b): Sequential(
          (0): Linear(in_features=300, out_features=128, bias=True)
          (1): Tanh()
        )
        (f): LSTM(600, 300, batch_first=True, bidirectional=True)
        (cri): MSELoss()
      )
      (ae): AE(
        (g): Sequential(
          (0): Linear(in_features=128, out_features=128, bias=True)
          (1): Tanh()
        )
        (h): Sequential(
          (0): Linear(in_features=128, out_features=128, bias=True)
        )
        (cri): MSELoss()
      )
    )
  )
)
layers.0.enc.b.0.weight 38400
layers.0.enc.b.0.bias 128
layers.0.enc.f.weight 9000000
layers.0.ae.g.0.weight 1792
layers.0.ae.g.0.bias 128
layers.0.ae.h.0.weight 1792
layers.0.ae.h.0.bias 14
layers.1.enc.b.0.weight 38400
layers.1.enc.b.0.bias 128
layers.1.enc.f.weight_ih_l0 360000
layers.1.enc.f.weight_hh_l0 360000
layers.1.enc.f.bias_ih_l0 1200
layers.1.enc.f.bias_hh_l0 1200
layers.1.enc.f.weight_ih_l0_reverse 360000
layers.1.enc.f.weight_hh_l0_reverse 360000
layers.1.enc.f.bias_ih_l0_reverse 1200
layers.1.enc.f.bias_hh_l0_reverse 1200
layers.1.ae.g.0.weight 16384
layers.1.ae.g.0.bias 128
layers.1.ae.h.0.weight 16384
layers.1.ae.h.0.bias 128
layers.2.enc.b.0.weight 38400
layers.2.enc.b.0.bias 128
layers.2.enc.f.weight_ih_l0 720000
layers.2.enc.f.weight_hh_l0 360000
layers.2.enc.f.bias_ih_l0 1200
layers.2.enc.f.bias_hh_l0 1200
layers.2.enc.f.weight_ih_l0_reverse 720000
layers.2.enc.f.weight_hh_l0_reverse 360000
layers.2.enc.f.bias_ih_l0_reverse 1200
layers.2.enc.f.bias_hh_l0_reverse 1200
layers.2.ae.g.0.weight 16384
layers.2.ae.g.0.bias 128
layers.2.ae.h.0.weight 16384
layers.2.ae.h.0.bias 128
layers.3.enc.b.0.weight 38400
layers.3.enc.b.0.bias 128
layers.3.enc.f.weight_ih_l0 720000
layers.3.enc.f.weight_hh_l0 360000
layers.3.enc.f.bias_ih_l0 1200
layers.3.enc.f.bias_hh_l0 1200
layers.3.enc.f.weight_ih_l0_reverse 720000
layers.3.enc.f.weight_hh_l0_reverse 360000
layers.3.enc.f.bias_ih_l0_reverse 1200
layers.3.enc.f.bias_hh_l0_reverse 1200
layers.3.ae.g.0.weight 16384
layers.3.ae.g.0.bias 128
layers.3.ae.h.0.weight 16384
layers.3.ae.h.0.bias 128
layers.4.enc.b.0.weight 38400
layers.4.enc.b.0.bias 128
layers.4.enc.f.weight_ih_l0 720000
layers.4.enc.f.weight_hh_l0 360000
layers.4.enc.f.bias_ih_l0 1200
layers.4.enc.f.bias_hh_l0 1200
layers.4.enc.f.weight_ih_l0_reverse 720000
layers.4.enc.f.weight_hh_l0_reverse 360000
layers.4.enc.f.bias_ih_l0_reverse 1200
layers.4.enc.f.bias_hh_l0_reverse 1200
layers.4.ae.g.0.weight 16384
layers.4.ae.g.0.bias 128
layers.4.ae.h.0.weight 16384
layers.4.ae.h.0.bias 128
Total Trainable Params: 17267662
init_time 55.19943928718567
Start Training
gc 0
Train Epoch0 Acc 0.9011089285714285 (504621/560000), AUC 0.9896911978721619
ep0_train_time 127.94630455970764
Test Epoch0 layer0 Acc 0.9742857142857143, AUC 0.9982419013977051, avg_entr 0.07953494787216187
ep0_l0_test_time 0.5453019142150879
Save ckpt to ckpt/dbpedia_14_lstmal_l5_pad40//dbpedia_14_lstmal_l5.pt  ,ep 0
Test Epoch0 layer1 Acc 0.9816857142857143, AUC 0.9983028769493103, avg_entr 0.02191806212067604
ep0_l1_test_time 0.8411378860473633
Save ckpt to ckpt/dbpedia_14_lstmal_l5_pad40//dbpedia_14_lstmal_l5.pt  ,ep 0
Test Epoch0 layer2 Acc 0.9821142857142857, AUC 0.9978591203689575, avg_entr 0.01896202191710472
ep0_l2_test_time 1.2166368961334229
Test Epoch0 layer3 Acc 0.9818857142857143, AUC 0.997842013835907, avg_entr 0.01962408982217312
ep0_l3_test_time 1.5888173580169678
Test Epoch0 layer4 Acc 0.9819428571428571, AUC 0.997240424156189, avg_entr 0.019501231610774994
ep0_l4_test_time 1.8867080211639404
gc 0
Train Epoch1 Acc 0.9847053571428571 (551435/560000), AUC 0.9972699284553528
ep1_train_time 126.88135838508606
Test Epoch1 layer0 Acc 0.9747428571428571, AUC 0.998383641242981, avg_entr 0.04444185271859169
ep1_l0_test_time 0.5481438636779785
Save ckpt to ckpt/dbpedia_14_lstmal_l5_pad40//dbpedia_14_lstmal_l5.pt  ,ep 1
Test Epoch1 layer1 Acc 0.9837142857142858, AUC 0.9984177947044373, avg_entr 0.006625458598136902
ep1_l1_test_time 0.8452343940734863
Save ckpt to ckpt/dbpedia_14_lstmal_l5_pad40//dbpedia_14_lstmal_l5.pt  ,ep 1
Test Epoch1 layer2 Acc 0.9836571428571429, AUC 0.9979914426803589, avg_entr 0.0051104421727359295
ep1_l2_test_time 1.271394968032837
Test Epoch1 layer3 Acc 0.9836, AUC 0.9979547262191772, avg_entr 0.0048166196793317795
ep1_l3_test_time 1.5363795757293701
Test Epoch1 layer4 Acc 0.9835714285714285, AUC 0.9972599744796753, avg_entr 0.004604855086654425
ep1_l4_test_time 1.8773372173309326
gc 0
Train Epoch2 Acc 0.9867196428571429 (552563/560000), AUC 0.9976724982261658
ep2_train_time 126.2844660282135
Test Epoch2 layer0 Acc 0.9744571428571429, AUC 0.9983577132225037, avg_entr 0.03184875100851059
ep2_l0_test_time 0.5534114837646484
Test Epoch2 layer1 Acc 0.9841714285714286, AUC 0.9983343482017517, avg_entr 0.003933074418455362
ep2_l1_test_time 0.8533697128295898
Test Epoch2 layer2 Acc 0.9841142857142857, AUC 0.9979376196861267, avg_entr 0.002902501029893756
ep2_l2_test_time 1.2122750282287598
Test Epoch2 layer3 Acc 0.9838857142857143, AUC 0.9978762865066528, avg_entr 0.002588654402643442
ep2_l3_test_time 1.5413305759429932
Test Epoch2 layer4 Acc 0.9838285714285714, AUC 0.9975060224533081, avg_entr 0.0024831376504153013
ep2_l4_test_time 1.886887788772583
gc 0
Train Epoch3 Acc 0.9882875 (553441/560000), AUC 0.9979797601699829
ep3_train_time 126.61917114257812
Test Epoch3 layer0 Acc 0.9752, AUC 0.9984071850776672, avg_entr 0.0255656186491251
ep3_l0_test_time 0.5480060577392578
Test Epoch3 layer1 Acc 0.9848857142857143, AUC 0.9984927773475647, avg_entr 0.0028646085411310196
ep3_l1_test_time 0.8392074108123779
Save ckpt to ckpt/dbpedia_14_lstmal_l5_pad40//dbpedia_14_lstmal_l5.pt  ,ep 3
Test Epoch3 layer2 Acc 0.9849142857142857, AUC 0.9982150793075562, avg_entr 0.002161659998819232
ep3_l2_test_time 1.233633041381836
Test Epoch3 layer3 Acc 0.9848857142857143, AUC 0.9981135725975037, avg_entr 0.0019691672641783953
ep3_l3_test_time 1.5426123142242432
Test Epoch3 layer4 Acc 0.9848285714285714, AUC 0.9977635741233826, avg_entr 0.0018424835288897157
ep3_l4_test_time 1.8793220520019531
gc 0
Train Epoch4 Acc 0.9892857142857143 (554000/560000), AUC 0.9982778429985046
ep4_train_time 126.26562118530273
Test Epoch4 layer0 Acc 0.9756571428571429, AUC 0.9984080195426941, avg_entr 0.02429627813398838
ep4_l0_test_time 0.5366239547729492
Test Epoch4 layer1 Acc 0.9850571428571429, AUC 0.998563826084137, avg_entr 0.0025106670800596476
ep4_l1_test_time 0.8519344329833984
Save ckpt to ckpt/dbpedia_14_lstmal_l5_pad40//dbpedia_14_lstmal_l5.pt  ,ep 4
Test Epoch4 layer2 Acc 0.9850571428571429, AUC 0.9983915090560913, avg_entr 0.0019392656395211816
ep4_l2_test_time 1.2061007022857666
Test Epoch4 layer3 Acc 0.9851428571428571, AUC 0.9980980753898621, avg_entr 0.0017534691141918302
ep4_l3_test_time 1.543078899383545
Test Epoch4 layer4 Acc 0.9852, AUC 0.9977188110351562, avg_entr 0.001641843467950821
ep4_l4_test_time 1.9031333923339844
gc 0
Train Epoch5 Acc 0.9902714285714286 (554552/560000), AUC 0.9984773397445679
ep5_train_time 127.01644587516785
Test Epoch5 layer0 Acc 0.9750285714285715, AUC 0.9984163641929626, avg_entr 0.023440850898623466
ep5_l0_test_time 0.5548384189605713
Test Epoch5 layer1 Acc 0.9856285714285714, AUC 0.9983683228492737, avg_entr 0.0022105213720351458
ep5_l1_test_time 0.8551616668701172
Test Epoch5 layer2 Acc 0.9856857142857143, AUC 0.997940182685852, avg_entr 0.0017745635705068707
ep5_l2_test_time 1.2386364936828613
Test Epoch5 layer3 Acc 0.9855714285714285, AUC 0.9978460073471069, avg_entr 0.0016114059835672379
ep5_l3_test_time 1.5360863208770752
Test Epoch5 layer4 Acc 0.9856857142857143, AUC 0.9973224401473999, avg_entr 0.0015011001378297806
ep5_l4_test_time 1.8803668022155762
gc 0
Train Epoch6 Acc 0.9913089285714286 (555133/560000), AUC 0.9986754059791565
ep6_train_time 126.30074143409729
Test Epoch6 layer0 Acc 0.9754, AUC 0.9983939528465271, avg_entr 0.023287715390324593
ep6_l0_test_time 0.5395350456237793
Test Epoch6 layer1 Acc 0.9852571428571428, AUC 0.9985079765319824, avg_entr 0.0019224814604967833
ep6_l1_test_time 0.844843864440918
Test Epoch6 layer2 Acc 0.9853428571428572, AUC 0.9980829954147339, avg_entr 0.0015058687422424555
ep6_l2_test_time 1.2150757312774658
Test Epoch6 layer3 Acc 0.9852285714285715, AUC 0.998002827167511, avg_entr 0.0014212685637176037
ep6_l3_test_time 1.627614974975586
Test Epoch6 layer4 Acc 0.9852, AUC 0.9974374175071716, avg_entr 0.00132108258549124
ep6_l4_test_time 1.8895983695983887
gc 0
Train Epoch7 Acc 0.9921160714285714 (555585/560000), AUC 0.998760998249054
ep7_train_time 126.68816828727722
Test Epoch7 layer0 Acc 0.9756285714285714, AUC 0.9984338879585266, avg_entr 0.02294742316007614
ep7_l0_test_time 0.5392115116119385
Test Epoch7 layer1 Acc 0.9860571428571429, AUC 0.9982426762580872, avg_entr 0.0017514993669465184
ep7_l1_test_time 0.8672549724578857
Test Epoch7 layer2 Acc 0.9859428571428571, AUC 0.9981127977371216, avg_entr 0.0013302209554240108
ep7_l2_test_time 1.2031173706054688
Test Epoch7 layer3 Acc 0.9859142857142857, AUC 0.9979843497276306, avg_entr 0.001205492066219449
ep7_l3_test_time 1.5310440063476562
Test Epoch7 layer4 Acc 0.9859142857142857, AUC 0.9973435997962952, avg_entr 0.0011099635157734156
ep7_l4_test_time 1.8598802089691162
gc 0
Train Epoch8 Acc 0.9927553571428571 (555943/560000), AUC 0.9987363815307617
ep8_train_time 125.98245358467102
Test Epoch8 layer0 Acc 0.9750571428571428, AUC 0.9983760714530945, avg_entr 0.022752856835722923
ep8_l0_test_time 0.5358278751373291
Test Epoch8 layer1 Acc 0.9855142857142857, AUC 0.9983314871788025, avg_entr 0.001991890138015151
ep8_l1_test_time 0.8396849632263184
Test Epoch8 layer2 Acc 0.9854571428571428, AUC 0.9981178641319275, avg_entr 0.00169436598662287
ep8_l2_test_time 1.1961066722869873
Test Epoch8 layer3 Acc 0.9854, AUC 0.9980533719062805, avg_entr 0.0016076595056802034
ep8_l3_test_time 1.5306897163391113
Test Epoch8 layer4 Acc 0.9853142857142857, AUC 0.9976183176040649, avg_entr 0.0014933358179405332
ep8_l4_test_time 1.8801803588867188
gc 0
Train Epoch9 Acc 0.9935017857142857 (556361/560000), AUC 0.998776912689209
ep9_train_time 126.43596982955933
Test Epoch9 layer0 Acc 0.9754285714285714, AUC 0.9983989000320435, avg_entr 0.02305758185684681
ep9_l0_test_time 0.5475199222564697
Test Epoch9 layer1 Acc 0.9858, AUC 0.9981008172035217, avg_entr 0.0016797016141936183
ep9_l1_test_time 0.8411509990692139
Test Epoch9 layer2 Acc 0.9857142857142858, AUC 0.9979340434074402, avg_entr 0.0012248748680576682
ep9_l2_test_time 1.2258100509643555
Test Epoch9 layer3 Acc 0.9855714285714285, AUC 0.9977744221687317, avg_entr 0.0011105656158179045
ep9_l3_test_time 1.531538486480713
Test Epoch9 layer4 Acc 0.9856, AUC 0.9970758557319641, avg_entr 0.0010518303606659174
ep9_l4_test_time 1.86767578125
gc 0
Train Epoch10 Acc 0.9940875 (556689/560000), AUC 0.9987849593162537
ep10_train_time 126.81606912612915
Test Epoch10 layer0 Acc 0.9755142857142857, AUC 0.9984022378921509, avg_entr 0.02286091446876526
ep10_l0_test_time 0.5449328422546387
Test Epoch10 layer1 Acc 0.9858285714285714, AUC 0.9979963302612305, avg_entr 0.0016220496036112309
ep10_l1_test_time 0.8879897594451904
Test Epoch10 layer2 Acc 0.9859714285714286, AUC 0.9976397752761841, avg_entr 0.0012559947790578008
ep10_l2_test_time 1.215559720993042
Test Epoch10 layer3 Acc 0.9859714285714286, AUC 0.9975865483283997, avg_entr 0.0011520555708557367
ep10_l3_test_time 1.546868085861206
Test Epoch10 layer4 Acc 0.9859714285714286, AUC 0.9968420267105103, avg_entr 0.0010924445232376456
ep10_l4_test_time 1.9399428367614746
gc 0
Train Epoch11 Acc 0.994425 (556878/560000), AUC 0.998785138130188
ep11_train_time 126.61675333976746
Test Epoch11 layer0 Acc 0.9754571428571429, AUC 0.9984170794487, avg_entr 0.02280794456601143
ep11_l0_test_time 0.5409491062164307
Test Epoch11 layer1 Acc 0.9860571428571429, AUC 0.9980975389480591, avg_entr 0.0015797376399859786
ep11_l1_test_time 0.8470458984375
Test Epoch11 layer2 Acc 0.986, AUC 0.9977394342422485, avg_entr 0.0012805759906768799
ep11_l2_test_time 1.198458194732666
Test Epoch11 layer3 Acc 0.9858285714285714, AUC 0.9975765943527222, avg_entr 0.0011650625383481383
ep11_l3_test_time 1.5243902206420898
Test Epoch11 layer4 Acc 0.9858857142857143, AUC 0.9968324899673462, avg_entr 0.0010692470241338015
ep11_l4_test_time 1.8682019710540771
gc 0
Train Epoch12 Acc 0.9947964285714286 (557086/560000), AUC 0.9987658858299255
ep12_train_time 126.10016870498657
Test Epoch12 layer0 Acc 0.9753714285714286, AUC 0.9984089136123657, avg_entr 0.022730067372322083
ep12_l0_test_time 0.5412709712982178
Test Epoch12 layer1 Acc 0.9854, AUC 0.9978775382041931, avg_entr 0.0015558390878140926
ep12_l1_test_time 0.8391420841217041
Test Epoch12 layer2 Acc 0.9854285714285714, AUC 0.9976276755332947, avg_entr 0.0011846711859107018
ep12_l2_test_time 1.1900849342346191
Test Epoch12 layer3 Acc 0.9853142857142857, AUC 0.9974490404129028, avg_entr 0.001081659342162311
ep12_l3_test_time 1.5489604473114014
Test Epoch12 layer4 Acc 0.9852, AUC 0.9965630173683167, avg_entr 0.0009683789685368538
ep12_l4_test_time 1.8790183067321777
gc 0
Train Epoch13 Acc 0.9950446428571429 (557225/560000), AUC 0.9987325072288513
ep13_train_time 126.66437578201294
Test Epoch13 layer0 Acc 0.9753714285714286, AUC 0.9984062314033508, avg_entr 0.02259044721722603
ep13_l0_test_time 0.5457477569580078
Test Epoch13 layer1 Acc 0.9855428571428572, AUC 0.997771680355072, avg_entr 0.0015359279932454228
ep13_l1_test_time 0.8476583957672119
Test Epoch13 layer2 Acc 0.9854571428571428, AUC 0.997322678565979, avg_entr 0.0012161200866103172
ep13_l2_test_time 1.2297661304473877
Test Epoch13 layer3 Acc 0.9851428571428571, AUC 0.9970139861106873, avg_entr 0.0011378818890079856
ep13_l3_test_time 1.5563178062438965
Test Epoch13 layer4 Acc 0.985, AUC 0.9959970116615295, avg_entr 0.001126848510466516
ep13_l4_test_time 1.8844661712646484
gc 0
Train Epoch14 Acc 0.9952285714285715 (557328/560000), AUC 0.9986303448677063
ep14_train_time 126.63892817497253
Test Epoch14 layer0 Acc 0.9754857142857143, AUC 0.9984079599380493, avg_entr 0.02261715568602085
ep14_l0_test_time 0.541029691696167
Test Epoch14 layer1 Acc 0.9851142857142857, AUC 0.9976710677146912, avg_entr 0.0014983557630330324
ep14_l1_test_time 0.8427479267120361
Test Epoch14 layer2 Acc 0.985, AUC 0.9972618222236633, avg_entr 0.001126775867305696
ep14_l2_test_time 1.2243735790252686
Test Epoch14 layer3 Acc 0.9850285714285715, AUC 0.9971908926963806, avg_entr 0.001028871745802462
ep14_l3_test_time 1.5276179313659668
Test Epoch14 layer4 Acc 0.9850857142857142, AUC 0.9963122606277466, avg_entr 0.0009808001341298223
ep14_l4_test_time 1.8743622303009033
gc 0
Train Epoch15 Acc 0.995575 (557522/560000), AUC 0.9987694025039673
ep15_train_time 126.62120866775513
Test Epoch15 layer0 Acc 0.9754285714285714, AUC 0.9984025955200195, avg_entr 0.02269040234386921
ep15_l0_test_time 0.5516598224639893
Test Epoch15 layer1 Acc 0.9851142857142857, AUC 0.997624397277832, avg_entr 0.001496379729360342
ep15_l1_test_time 0.8566749095916748
Test Epoch15 layer2 Acc 0.9849714285714286, AUC 0.9971309304237366, avg_entr 0.0012439079582691193
ep15_l2_test_time 1.1982767581939697
Test Epoch15 layer3 Acc 0.985, AUC 0.9968946576118469, avg_entr 0.0010221746051684022
ep15_l3_test_time 1.5181338787078857
Test Epoch15 layer4 Acc 0.9851142857142857, AUC 0.9961389899253845, avg_entr 0.0008772400324232876
ep15_l4_test_time 1.8697841167449951
gc 0
Train Epoch16 Acc 0.9958071428571429 (557652/560000), AUC 0.9988029599189758
ep16_train_time 126.35819268226624
Test Epoch16 layer0 Acc 0.9756857142857143, AUC 0.9983982443809509, avg_entr 0.022647537291049957
ep16_l0_test_time 0.5428957939147949
Test Epoch16 layer1 Acc 0.9849714285714286, AUC 0.9975155591964722, avg_entr 0.0014565627789124846
ep16_l1_test_time 0.9346218109130859
Test Epoch16 layer2 Acc 0.9850285714285715, AUC 0.9969629645347595, avg_entr 0.0011780053609982133
ep16_l2_test_time 1.2409725189208984
Test Epoch16 layer3 Acc 0.9847428571428571, AUC 0.996712327003479, avg_entr 0.0009502354077994823
ep16_l3_test_time 1.556755542755127
Test Epoch16 layer4 Acc 0.9848857142857143, AUC 0.9958974719047546, avg_entr 0.0008490392356179655
ep16_l4_test_time 1.8717987537384033
gc 0
Train Epoch17 Acc 0.9960232142857143 (557773/560000), AUC 0.998822808265686
ep17_train_time 126.75220990180969
Test Epoch17 layer0 Acc 0.9754857142857143, AUC 0.9984021782875061, avg_entr 0.022531647235155106
ep17_l0_test_time 0.545905351638794
Test Epoch17 layer1 Acc 0.9846571428571429, AUC 0.9974684119224548, avg_entr 0.0014503266429528594
ep17_l1_test_time 0.8993566036224365
Test Epoch17 layer2 Acc 0.9846571428571429, AUC 0.9969856142997742, avg_entr 0.0011792669538408518
ep17_l2_test_time 1.216287612915039
Test Epoch17 layer3 Acc 0.9846285714285714, AUC 0.9966399073600769, avg_entr 0.0010296681430190802
ep17_l3_test_time 1.5672941207885742
Test Epoch17 layer4 Acc 0.9846, AUC 0.9958556890487671, avg_entr 0.0009262380190193653
ep17_l4_test_time 2.0121164321899414
gc 0
Train Epoch18 Acc 0.9961428571428571 (557840/560000), AUC 0.9988293647766113
ep18_train_time 126.50023865699768
Test Epoch18 layer0 Acc 0.9754285714285714, AUC 0.9984002113342285, avg_entr 0.022539537400007248
ep18_l0_test_time 0.541773796081543
Test Epoch18 layer1 Acc 0.9846857142857143, AUC 0.9973452687263489, avg_entr 0.0014663052279502153
ep18_l1_test_time 0.8812828063964844
Test Epoch18 layer2 Acc 0.9847428571428571, AUC 0.9968691468238831, avg_entr 0.0011011121096089482
ep18_l2_test_time 1.2344670295715332
Test Epoch18 layer3 Acc 0.9847428571428571, AUC 0.9965561032295227, avg_entr 0.0009647629922255874
ep18_l3_test_time 1.5284736156463623
Test Epoch18 layer4 Acc 0.9847142857142858, AUC 0.9958099722862244, avg_entr 0.0009033905225805938
ep18_l4_test_time 1.8765814304351807
gc 0
Train Epoch19 Acc 0.9962428571428571 (557896/560000), AUC 0.9988206624984741
ep19_train_time 126.65070414543152
Test Epoch19 layer0 Acc 0.9754285714285714, AUC 0.9983978271484375, avg_entr 0.022518621757626534
ep19_l0_test_time 0.5414688587188721
Test Epoch19 layer1 Acc 0.9846, AUC 0.997346818447113, avg_entr 0.0014000785304233432
ep19_l1_test_time 0.8544642925262451
Test Epoch19 layer2 Acc 0.9845428571428572, AUC 0.9968171119689941, avg_entr 0.0010572737082839012
ep19_l2_test_time 1.2208776473999023
Test Epoch19 layer3 Acc 0.9844285714285714, AUC 0.9964685440063477, avg_entr 0.0009909940417855978
ep19_l3_test_time 1.5561020374298096
Test Epoch19 layer4 Acc 0.9844857142857143, AUC 0.9956838488578796, avg_entr 0.0009353164932690561
ep19_l4_test_time 1.8870985507965088
gc 0
Train Epoch20 Acc 0.9962964285714285 (557926/560000), AUC 0.9988194108009338
ep20_train_time 127.15387558937073
Test Epoch20 layer0 Acc 0.9755428571428572, AUC 0.9984022378921509, avg_entr 0.02261275053024292
ep20_l0_test_time 0.5423429012298584
Test Epoch20 layer1 Acc 0.9844571428571428, AUC 0.9973992109298706, avg_entr 0.0013489172561094165
ep20_l1_test_time 0.8509633541107178
Test Epoch20 layer2 Acc 0.9842, AUC 0.9967290163040161, avg_entr 0.0010491135763004422
ep20_l2_test_time 1.2449195384979248
Test Epoch20 layer3 Acc 0.9842857142857143, AUC 0.9965335130691528, avg_entr 0.000998763833194971
ep20_l3_test_time 1.5417423248291016
Test Epoch20 layer4 Acc 0.9842, AUC 0.99566251039505, avg_entr 0.0009382492280565202
ep20_l4_test_time 1.8859846591949463
gc 0
Train Epoch21 Acc 0.9963928571428572 (557980/560000), AUC 0.9988301396369934
ep21_train_time 127.00539588928223
Test Epoch21 layer0 Acc 0.9755142857142857, AUC 0.9983946084976196, avg_entr 0.022540153935551643
ep21_l0_test_time 0.5392751693725586
Test Epoch21 layer1 Acc 0.9846285714285714, AUC 0.9972628951072693, avg_entr 0.0013527146074920893
ep21_l1_test_time 0.8374969959259033
Test Epoch21 layer2 Acc 0.9844571428571428, AUC 0.996647834777832, avg_entr 0.0011577780824154615
ep21_l2_test_time 1.1878950595855713
Test Epoch21 layer3 Acc 0.9844571428571428, AUC 0.9963512420654297, avg_entr 0.0009936034912243485
ep21_l3_test_time 1.618833065032959
Test Epoch21 layer4 Acc 0.9843428571428572, AUC 0.9955344200134277, avg_entr 0.0009171718265861273
ep21_l4_test_time 1.8903062343597412
gc 0
Train Epoch22 Acc 0.9964464285714286 (558010/560000), AUC 0.9988391995429993
ep22_train_time 126.3291130065918
Test Epoch22 layer0 Acc 0.9753714285714286, AUC 0.9983929991722107, avg_entr 0.02253762260079384
ep22_l0_test_time 0.5451343059539795
Test Epoch22 layer1 Acc 0.9844285714285714, AUC 0.9972026944160461, avg_entr 0.0013976532500237226
ep22_l1_test_time 0.8505475521087646
Test Epoch22 layer2 Acc 0.9843714285714286, AUC 0.9965161681175232, avg_entr 0.0010672981152310967
ep22_l2_test_time 1.2082712650299072
Test Epoch22 layer3 Acc 0.9842857142857143, AUC 0.9962868690490723, avg_entr 0.0009543494088575244
ep22_l3_test_time 1.574627161026001
Test Epoch22 layer4 Acc 0.9842857142857143, AUC 0.9954187273979187, avg_entr 0.0009157618042081594
ep22_l4_test_time 1.904111385345459
gc 0
Train Epoch23 Acc 0.996475 (558026/560000), AUC 0.9988428354263306
ep23_train_time 126.62510466575623
Test Epoch23 layer0 Acc 0.9753428571428572, AUC 0.9983981251716614, avg_entr 0.022544847801327705
ep23_l0_test_time 0.5422542095184326
Test Epoch23 layer1 Acc 0.9845428571428572, AUC 0.9971701502799988, avg_entr 0.001411227392964065
ep23_l1_test_time 0.8403761386871338
Test Epoch23 layer2 Acc 0.9843714285714286, AUC 0.9963794350624084, avg_entr 0.0010842465562745929
ep23_l2_test_time 1.2370219230651855
Test Epoch23 layer3 Acc 0.9843142857142857, AUC 0.9961285591125488, avg_entr 0.000925972533877939
ep23_l3_test_time 1.5642924308776855
Test Epoch23 layer4 Acc 0.9843428571428572, AUC 0.9953215718269348, avg_entr 0.0008225481724366546
ep23_l4_test_time 1.876424789428711
gc 0
Train Epoch24 Acc 0.9965071428571428 (558044/560000), AUC 0.9988483786582947
ep24_train_time 126.95996856689453
Test Epoch24 layer0 Acc 0.9755714285714285, AUC 0.9983948469161987, avg_entr 0.02255347929894924
ep24_l0_test_time 0.5420820713043213
Test Epoch24 layer1 Acc 0.9843714285714286, AUC 0.9971670508384705, avg_entr 0.0014727904926985502
ep24_l1_test_time 0.8433692455291748
Test Epoch24 layer2 Acc 0.9842571428571428, AUC 0.9964488744735718, avg_entr 0.0010757576674222946
ep24_l2_test_time 1.2185580730438232
Test Epoch24 layer3 Acc 0.9842285714285715, AUC 0.9962919354438782, avg_entr 0.0009384955046698451
ep24_l3_test_time 1.562589406967163
Test Epoch24 layer4 Acc 0.9842285714285715, AUC 0.9955006837844849, avg_entr 0.0009179991320706904
ep24_l4_test_time 1.8783817291259766
gc 0
Train Epoch25 Acc 0.9965571428571428 (558072/560000), AUC 0.9988492727279663
ep25_train_time 127.14427924156189
Test Epoch25 layer0 Acc 0.9754285714285714, AUC 0.9983968734741211, avg_entr 0.022522227838635445
ep25_l0_test_time 0.5448846817016602
Test Epoch25 layer1 Acc 0.9844571428571428, AUC 0.9970737099647522, avg_entr 0.001418494270183146
ep25_l1_test_time 0.8387930393218994
Test Epoch25 layer2 Acc 0.9842571428571428, AUC 0.9963784217834473, avg_entr 0.001051765400916338
ep25_l2_test_time 1.2020485401153564
Test Epoch25 layer3 Acc 0.9841714285714286, AUC 0.9961808323860168, avg_entr 0.0009201047359965742
ep25_l3_test_time 1.5212371349334717
Test Epoch25 layer4 Acc 0.9842285714285715, AUC 0.9953650832176208, avg_entr 0.0010903285583481193
ep25_l4_test_time 1.8606748580932617
gc 0
Train Epoch26 Acc 0.9965875 (558089/560000), AUC 0.9988561272621155
ep26_train_time 126.86637926101685
Test Epoch26 layer0 Acc 0.9754, AUC 0.9983951449394226, avg_entr 0.022519661113619804
ep26_l0_test_time 0.5390667915344238
Test Epoch26 layer1 Acc 0.9843428571428572, AUC 0.9971205592155457, avg_entr 0.0014080074615776539
ep26_l1_test_time 0.8542983531951904
Test Epoch26 layer2 Acc 0.9842571428571428, AUC 0.9963568449020386, avg_entr 0.0009877873817458749
ep26_l2_test_time 1.2231724262237549
Test Epoch26 layer3 Acc 0.9841142857142857, AUC 0.9961227178573608, avg_entr 0.0007988607394509017
ep26_l3_test_time 1.5472629070281982
Test Epoch26 layer4 Acc 0.9841142857142857, AUC 0.9953432679176331, avg_entr 0.0013992809690535069
ep26_l4_test_time 1.8978238105773926
gc 0
Train Epoch27 Acc 0.9965839285714285 (558087/560000), AUC 0.9988622069358826
ep27_train_time 126.59791970252991
Test Epoch27 layer0 Acc 0.9754, AUC 0.9983944296836853, avg_entr 0.022534694522619247
ep27_l0_test_time 0.5375726222991943
Test Epoch27 layer1 Acc 0.9842571428571428, AUC 0.9970592856407166, avg_entr 0.001389658311381936
ep27_l1_test_time 0.962996244430542
Test Epoch27 layer2 Acc 0.9842285714285715, AUC 0.9962708353996277, avg_entr 0.0010639114771038294
ep27_l2_test_time 1.2732460498809814
Test Epoch27 layer3 Acc 0.9842285714285715, AUC 0.996032178401947, avg_entr 0.0008824719116091728
ep27_l3_test_time 1.5414714813232422
Test Epoch27 layer4 Acc 0.9841714285714286, AUC 0.9952231049537659, avg_entr 0.0024430793710052967
ep27_l4_test_time 1.8797919750213623
gc 0
Train Epoch28 Acc 0.9966303571428572 (558113/560000), AUC 0.9988591074943542
ep28_train_time 126.59106254577637
Test Epoch28 layer0 Acc 0.9754571428571429, AUC 0.9983944892883301, avg_entr 0.02255408465862274
ep28_l0_test_time 0.5459866523742676
Test Epoch28 layer1 Acc 0.9844, AUC 0.997040331363678, avg_entr 0.001392011414282024
ep28_l1_test_time 0.846264123916626
Test Epoch28 layer2 Acc 0.9842857142857143, AUC 0.9962465167045593, avg_entr 0.0010276123648509383
ep28_l2_test_time 1.2106924057006836
Test Epoch28 layer3 Acc 0.9841714285714286, AUC 0.9960059523582458, avg_entr 0.0008609429933130741
ep28_l3_test_time 1.5406112670898438
Test Epoch28 layer4 Acc 0.9841714285714286, AUC 0.9951606392860413, avg_entr 0.0022379232104867697
ep28_l4_test_time 1.9198319911956787
gc 0
Train Epoch29 Acc 0.9966446428571428 (558121/560000), AUC 0.9988611340522766
ep29_train_time 126.52115559577942
Test Epoch29 layer0 Acc 0.9755142857142857, AUC 0.9983949065208435, avg_entr 0.022503133863210678
ep29_l0_test_time 0.5412273406982422
Test Epoch29 layer1 Acc 0.9841428571428571, AUC 0.9970798492431641, avg_entr 0.0013733969535678625
ep29_l1_test_time 0.8551154136657715
Test Epoch29 layer2 Acc 0.9842571428571428, AUC 0.9962902069091797, avg_entr 0.0010605035349726677
ep29_l2_test_time 1.1964778900146484
Test Epoch29 layer3 Acc 0.9842, AUC 0.9960469603538513, avg_entr 0.0009124558418989182
ep29_l3_test_time 1.5202805995941162
Test Epoch29 layer4 Acc 0.9840571428571429, AUC 0.9952217936515808, avg_entr 0.0013144363183528185
ep29_l4_test_time 1.8904688358306885
gc 0
Train Epoch30 Acc 0.9966696428571429 (558135/560000), AUC 0.998867392539978
ep30_train_time 126.91154408454895
Test Epoch30 layer0 Acc 0.9754285714285714, AUC 0.9983943700790405, avg_entr 0.02252875454723835
ep30_l0_test_time 0.5453879833221436
Test Epoch30 layer1 Acc 0.9842285714285715, AUC 0.9970498085021973, avg_entr 0.001420630724169314
ep30_l1_test_time 0.857978105545044
Test Epoch30 layer2 Acc 0.9841714285714286, AUC 0.9962376356124878, avg_entr 0.0010895068990066648
ep30_l2_test_time 1.2088675498962402
Test Epoch30 layer3 Acc 0.9842285714285715, AUC 0.9960149526596069, avg_entr 0.0009319169330410659
ep30_l3_test_time 1.5459458827972412
Test Epoch30 layer4 Acc 0.9841142857142857, AUC 0.9952662587165833, avg_entr 0.0012808497995138168
ep30_l4_test_time 1.889327049255371
gc 0
Train Epoch31 Acc 0.9967071428571429 (558156/560000), AUC 0.9988717436790466
ep31_train_time 126.67960000038147
Test Epoch31 layer0 Acc 0.9754571428571429, AUC 0.9983938932418823, avg_entr 0.02251686342060566
ep31_l0_test_time 0.5448083877563477
Test Epoch31 layer1 Acc 0.9843142857142857, AUC 0.9970402121543884, avg_entr 0.0013732400257140398
ep31_l1_test_time 0.8475098609924316
Test Epoch31 layer2 Acc 0.9840285714285715, AUC 0.9962273240089417, avg_entr 0.0010815039277076721
ep31_l2_test_time 1.1967942714691162
Test Epoch31 layer3 Acc 0.9841428571428571, AUC 0.9959735870361328, avg_entr 0.0008654199773445725
ep31_l3_test_time 1.5256810188293457
Test Epoch31 layer4 Acc 0.9841142857142857, AUC 0.995166003704071, avg_entr 0.0014768092660233378
ep31_l4_test_time 1.8663098812103271
gc 0
Train Epoch32 Acc 0.9967035714285715 (558154/560000), AUC 0.9988733530044556
ep32_train_time 126.97911810874939
Test Epoch32 layer0 Acc 0.9754285714285714, AUC 0.9983933568000793, avg_entr 0.02252380922436714
ep32_l0_test_time 0.547968864440918
Test Epoch32 layer1 Acc 0.9842571428571428, AUC 0.9970181584358215, avg_entr 0.00135583127848804
ep32_l1_test_time 0.8444437980651855
Test Epoch32 layer2 Acc 0.9840571428571429, AUC 0.9962137937545776, avg_entr 0.0010108097922056913
ep32_l2_test_time 1.2637999057769775
Test Epoch32 layer3 Acc 0.984, AUC 0.9959781765937805, avg_entr 0.0007879086770117283
ep32_l3_test_time 1.550323724746704
Test Epoch32 layer4 Acc 0.9840285714285715, AUC 0.995144784450531, avg_entr 0.0015505264746025205
ep32_l4_test_time 1.8739957809448242
gc 0
Train Epoch33 Acc 0.9967160714285714 (558161/560000), AUC 0.9988716244697571
ep33_train_time 127.3972282409668
Test Epoch33 layer0 Acc 0.9754285714285714, AUC 0.9983938932418823, avg_entr 0.022520869970321655
ep33_l0_test_time 0.5409471988677979
Test Epoch33 layer1 Acc 0.9842571428571428, AUC 0.9970188736915588, avg_entr 0.0013838965678587556
ep33_l1_test_time 0.8531126976013184
Test Epoch33 layer2 Acc 0.9840857142857142, AUC 0.9962021708488464, avg_entr 0.0010525445686653256
ep33_l2_test_time 1.2282040119171143
Test Epoch33 layer3 Acc 0.9841428571428571, AUC 0.9959670901298523, avg_entr 0.0008781492942944169
ep33_l3_test_time 1.5796246528625488
Test Epoch33 layer4 Acc 0.9840571428571429, AUC 0.9951305985450745, avg_entr 0.001440693042241037
ep33_l4_test_time 1.9429857730865479
gc 0
Train Epoch34 Acc 0.996725 (558166/560000), AUC 0.9988749623298645
ep34_train_time 126.88306522369385
Test Epoch34 layer0 Acc 0.9754571428571429, AUC 0.9983944892883301, avg_entr 0.022520897909998894
ep34_l0_test_time 0.544743537902832
Test Epoch34 layer1 Acc 0.9844285714285714, AUC 0.9970157742500305, avg_entr 0.0014086951268836856
ep34_l1_test_time 0.8350574970245361
Test Epoch34 layer2 Acc 0.9840285714285715, AUC 0.9961847066879272, avg_entr 0.0010610620956867933
ep34_l2_test_time 1.217557430267334
Test Epoch34 layer3 Acc 0.9841714285714286, AUC 0.9959186911582947, avg_entr 0.0008659962331876159
ep34_l3_test_time 1.5500876903533936
Test Epoch34 layer4 Acc 0.9840285714285715, AUC 0.9951016306877136, avg_entr 0.0013697472168132663
ep34_l4_test_time 1.8993206024169922
gc 0
Train Epoch35 Acc 0.9967357142857143 (558172/560000), AUC 0.9988762736320496
ep35_train_time 127.0276141166687
Test Epoch35 layer0 Acc 0.9754285714285714, AUC 0.9983949661254883, avg_entr 0.022519391030073166
ep35_l0_test_time 0.5445971488952637
Test Epoch35 layer1 Acc 0.9842857142857143, AUC 0.9970101118087769, avg_entr 0.0014050567988306284
ep35_l1_test_time 0.8430142402648926
Test Epoch35 layer2 Acc 0.9840571428571429, AUC 0.9961877465248108, avg_entr 0.0010707214241847396
ep35_l2_test_time 1.2449758052825928
Test Epoch35 layer3 Acc 0.9841714285714286, AUC 0.9959064722061157, avg_entr 0.0008774403249844909
ep35_l3_test_time 1.537156581878662
Test Epoch35 layer4 Acc 0.9839714285714286, AUC 0.9950746297836304, avg_entr 0.0016883363714441657
ep35_l4_test_time 1.90818452835083
gc 0
Train Epoch36 Acc 0.9967410714285714 (558175/560000), AUC 0.9988724589347839
ep36_train_time 127.46852087974548
Test Epoch36 layer0 Acc 0.9754285714285714, AUC 0.9983943104743958, avg_entr 0.022548804059624672
ep36_l0_test_time 0.5655655860900879
Test Epoch36 layer1 Acc 0.9843714285714286, AUC 0.9969903826713562, avg_entr 0.001404789974913001
ep36_l1_test_time 0.851698637008667
Test Epoch36 layer2 Acc 0.9841142857142857, AUC 0.9961546659469604, avg_entr 0.0010766350897029042
ep36_l2_test_time 1.2140977382659912
Test Epoch36 layer3 Acc 0.9842, AUC 0.9958786368370056, avg_entr 0.0008634145488031209
ep36_l3_test_time 1.523451805114746
Test Epoch36 layer4 Acc 0.9841142857142857, AUC 0.9950433373451233, avg_entr 0.0019165141275152564
ep36_l4_test_time 1.860276222229004
gc 0
Train Epoch37 Acc 0.9967464285714286 (558178/560000), AUC 0.998873770236969
ep37_train_time 126.98530077934265
Test Epoch37 layer0 Acc 0.9754285714285714, AUC 0.9983944892883301, avg_entr 0.02255074307322502
ep37_l0_test_time 0.545102596282959
Test Epoch37 layer1 Acc 0.9842571428571428, AUC 0.9969978928565979, avg_entr 0.0013911185087636113
ep37_l1_test_time 0.8537850379943848
Test Epoch37 layer2 Acc 0.9841142857142857, AUC 0.9961615800857544, avg_entr 0.001075361855328083
ep37_l2_test_time 1.2251348495483398
Test Epoch37 layer3 Acc 0.9841428571428571, AUC 0.9958853125572205, avg_entr 0.0008777324692346156
ep37_l3_test_time 1.556793451309204
Test Epoch37 layer4 Acc 0.9840571428571429, AUC 0.9950558543205261, avg_entr 0.0018258941126987338
ep37_l4_test_time 1.8812065124511719
gc 0
Train Epoch38 Acc 0.99675 (558180/560000), AUC 0.9988774061203003
ep38_train_time 127.02263498306274
Test Epoch38 layer0 Acc 0.9754285714285714, AUC 0.9983946681022644, avg_entr 0.022537998855113983
ep38_l0_test_time 0.5435521602630615
Test Epoch38 layer1 Acc 0.9842571428571428, AUC 0.9969991445541382, avg_entr 0.0013970764121040702
ep38_l1_test_time 0.8386900424957275
Test Epoch38 layer2 Acc 0.9841428571428571, AUC 0.996174693107605, avg_entr 0.0010739375138655305
ep38_l2_test_time 1.297400951385498
Test Epoch38 layer3 Acc 0.9841714285714286, AUC 0.995887279510498, avg_entr 0.000875087920576334
ep38_l3_test_time 1.5826389789581299
Test Epoch38 layer4 Acc 0.9840857142857142, AUC 0.9950560927391052, avg_entr 0.001827124273404479
ep38_l4_test_time 1.8726201057434082
gc 0
Train Epoch39 Acc 0.9967642857142858 (558188/560000), AUC 0.9988738894462585
ep39_train_time 126.6446590423584
Test Epoch39 layer0 Acc 0.9754285714285714, AUC 0.9983946084976196, avg_entr 0.022538427263498306
ep39_l0_test_time 0.5431537628173828
Test Epoch39 layer1 Acc 0.9844, AUC 0.996988832950592, avg_entr 0.0014046966098248959
ep39_l1_test_time 0.8458175659179688
Test Epoch39 layer2 Acc 0.9841714285714286, AUC 0.9961645007133484, avg_entr 0.0010419300524517894
ep39_l2_test_time 1.20363450050354
Test Epoch39 layer3 Acc 0.9841428571428571, AUC 0.9959091544151306, avg_entr 0.0008714260766282678
ep39_l3_test_time 1.558675765991211
Test Epoch39 layer4 Acc 0.9840285714285715, AUC 0.9950687289237976, avg_entr 0.0017085270956158638
ep39_l4_test_time 1.93161940574646
gc 0
Train Epoch40 Acc 0.9967607142857143 (558186/560000), AUC 0.9988766312599182
ep40_train_time 126.7287769317627
Test Epoch40 layer0 Acc 0.9754285714285714, AUC 0.9983946084976196, avg_entr 0.022533338516950607
ep40_l0_test_time 0.54459547996521
Test Epoch40 layer1 Acc 0.9843142857142857, AUC 0.9969863295555115, avg_entr 0.0014004464028403163
ep40_l1_test_time 0.8436479568481445
Test Epoch40 layer2 Acc 0.9840571428571429, AUC 0.9961658120155334, avg_entr 0.0010573543841019273
ep40_l2_test_time 1.239180564880371
Test Epoch40 layer3 Acc 0.9842571428571428, AUC 0.9958909749984741, avg_entr 0.0008752211579121649
ep40_l3_test_time 1.5466833114624023
Test Epoch40 layer4 Acc 0.9841142857142857, AUC 0.9950623512268066, avg_entr 0.0017011010786518455
ep40_l4_test_time 1.8711085319519043
gc 0
Train Epoch41 Acc 0.9967696428571429 (558191/560000), AUC 0.9988783597946167
ep41_train_time 126.91256809234619
Test Epoch41 layer0 Acc 0.9754285714285714, AUC 0.9983944892883301, avg_entr 0.022529717534780502
ep41_l0_test_time 0.5376367568969727
Test Epoch41 layer1 Acc 0.9843428571428572, AUC 0.9969860315322876, avg_entr 0.0014056357322260737
ep41_l1_test_time 0.8462975025177002
Test Epoch41 layer2 Acc 0.9840857142857142, AUC 0.9961622953414917, avg_entr 0.0010628612944856286
ep41_l2_test_time 1.2151148319244385
Test Epoch41 layer3 Acc 0.9842, AUC 0.995879054069519, avg_entr 0.0008698272868059576
ep41_l3_test_time 1.552487850189209
Test Epoch41 layer4 Acc 0.9840285714285715, AUC 0.9950465559959412, avg_entr 0.0017258808948099613
ep41_l4_test_time 2.0432024002075195
gc 0
Train Epoch42 Acc 0.9967678571428571 (558190/560000), AUC 0.9988757371902466
ep42_train_time 126.97980690002441
Test Epoch42 layer0 Acc 0.9754285714285714, AUC 0.9983944296836853, avg_entr 0.022534150630235672
ep42_l0_test_time 0.5433659553527832
Test Epoch42 layer1 Acc 0.9843714285714286, AUC 0.9969845414161682, avg_entr 0.001401705900207162
ep42_l1_test_time 0.8362076282501221
Test Epoch42 layer2 Acc 0.9840857142857142, AUC 0.9961581826210022, avg_entr 0.0010560934897512197
ep42_l2_test_time 1.200223684310913
Test Epoch42 layer3 Acc 0.9842285714285715, AUC 0.9958924651145935, avg_entr 0.0008685477660037577
ep42_l3_test_time 1.5488226413726807
Test Epoch42 layer4 Acc 0.9840285714285715, AUC 0.9950548410415649, avg_entr 0.0016818121075630188
ep42_l4_test_time 1.8604707717895508
gc 0
Train Epoch43 Acc 0.9967696428571429 (558191/560000), AUC 0.9988759160041809
ep43_train_time 127.18947052955627
Test Epoch43 layer0 Acc 0.9754285714285714, AUC 0.9983945488929749, avg_entr 0.022528547793626785
ep43_l0_test_time 0.5563955307006836
Test Epoch43 layer1 Acc 0.9843428571428572, AUC 0.9969821572303772, avg_entr 0.0013960718642920256
ep43_l1_test_time 0.8453948497772217
Test Epoch43 layer2 Acc 0.9840571428571429, AUC 0.9961465001106262, avg_entr 0.001065053860656917
ep43_l2_test_time 1.2465064525604248
Test Epoch43 layer3 Acc 0.9842285714285715, AUC 0.9958736300468445, avg_entr 0.0008685137145221233
ep43_l3_test_time 1.5238640308380127
Test Epoch43 layer4 Acc 0.9840285714285715, AUC 0.9950447678565979, avg_entr 0.0016965188551694155
ep43_l4_test_time 1.8604016304016113
gc 0
Train Epoch44 Acc 0.9967696428571429 (558191/560000), AUC 0.9988763928413391
ep44_train_time 127.18307876586914
Test Epoch44 layer0 Acc 0.9754285714285714, AUC 0.9983943700790405, avg_entr 0.02253425307571888
ep44_l0_test_time 0.5549788475036621
Test Epoch44 layer1 Acc 0.9844, AUC 0.9969803690910339, avg_entr 0.001405838062055409
ep44_l1_test_time 0.827547550201416
Test Epoch44 layer2 Acc 0.9841428571428571, AUC 0.9961546063423157, avg_entr 0.0010572486789897084
ep44_l2_test_time 1.2039964199066162
Test Epoch44 layer3 Acc 0.9842571428571428, AUC 0.9958771467208862, avg_entr 0.0008704726351425052
ep44_l3_test_time 1.5509822368621826
Test Epoch44 layer4 Acc 0.9840285714285715, AUC 0.9950509667396545, avg_entr 0.0016812668181955814
ep44_l4_test_time 1.9003090858459473
gc 0
Train Epoch45 Acc 0.9967714285714285 (558192/560000), AUC 0.9988778829574585
ep45_train_time 126.66024732589722
Test Epoch45 layer0 Acc 0.9754285714285714, AUC 0.9983944296836853, avg_entr 0.022532572969794273
ep45_l0_test_time 0.5378377437591553
Test Epoch45 layer1 Acc 0.9843714285714286, AUC 0.9969813227653503, avg_entr 0.0014044439885765314
ep45_l1_test_time 0.8451848030090332
Test Epoch45 layer2 Acc 0.9840857142857142, AUC 0.9961491227149963, avg_entr 0.001058707945048809
ep45_l2_test_time 1.2492773532867432
Test Epoch45 layer3 Acc 0.9842571428571428, AUC 0.9958744645118713, avg_entr 0.0008672092808410525
ep45_l3_test_time 1.5600433349609375
Test Epoch45 layer4 Acc 0.9840285714285715, AUC 0.9950467944145203, avg_entr 0.001693763304501772
ep45_l4_test_time 1.9060966968536377
gc 0
Train Epoch46 Acc 0.9967714285714285 (558192/560000), AUC 0.9988773465156555
ep46_train_time 127.02056360244751
Test Epoch46 layer0 Acc 0.9754285714285714, AUC 0.9983943700790405, avg_entr 0.022533969953656197
ep46_l0_test_time 0.5470936298370361
Test Epoch46 layer1 Acc 0.9843714285714286, AUC 0.9969804883003235, avg_entr 0.0014041037065908313
ep46_l1_test_time 0.8338291645050049
Test Epoch46 layer2 Acc 0.9840857142857142, AUC 0.9961503148078918, avg_entr 0.0010604166891425848
ep46_l2_test_time 1.1986277103424072
Test Epoch46 layer3 Acc 0.9842, AUC 0.9958723187446594, avg_entr 0.0008669559028930962
ep46_l3_test_time 1.5200166702270508
Test Epoch46 layer4 Acc 0.984, AUC 0.9950411915779114, avg_entr 0.0016937368782237172
ep46_l4_test_time 1.8695132732391357
gc 0
Train Epoch47 Acc 0.9967714285714285 (558192/560000), AUC 0.9988775849342346
ep47_train_time 126.59379291534424
Test Epoch47 layer0 Acc 0.9754285714285714, AUC 0.9983944296836853, avg_entr 0.022534724324941635
ep47_l0_test_time 0.550114631652832
Test Epoch47 layer1 Acc 0.9843428571428572, AUC 0.9969791173934937, avg_entr 0.0014027402503415942
ep47_l1_test_time 0.950005292892456
Test Epoch47 layer2 Acc 0.9840857142857142, AUC 0.9961429834365845, avg_entr 0.0010612248443067074
ep47_l2_test_time 1.201780080795288
Test Epoch47 layer3 Acc 0.9842, AUC 0.9958686232566833, avg_entr 0.0008650192175991833
ep47_l3_test_time 1.567241907119751
Test Epoch47 layer4 Acc 0.984, AUC 0.9950382113456726, avg_entr 0.0016942952061071992
ep47_l4_test_time 1.956000804901123
gc 0
Train Epoch48 Acc 0.9967767857142857 (558195/560000), AUC 0.9988767504692078
ep48_train_time 126.92493462562561
Test Epoch48 layer0 Acc 0.9754285714285714, AUC 0.9983943700790405, avg_entr 0.022534552961587906
ep48_l0_test_time 0.5514729022979736
Test Epoch48 layer1 Acc 0.9843142857142857, AUC 0.9969782829284668, avg_entr 0.0014018677175045013
ep48_l1_test_time 0.8467700481414795
Test Epoch48 layer2 Acc 0.9840571428571429, AUC 0.9961361289024353, avg_entr 0.0010631050681695342
ep48_l2_test_time 1.2027966976165771
Test Epoch48 layer3 Acc 0.9842, AUC 0.9958628416061401, avg_entr 0.0008645242196507752
ep48_l3_test_time 1.5919923782348633
Test Epoch48 layer4 Acc 0.9840285714285715, AUC 0.9950337409973145, avg_entr 0.0017150065395981073
ep48_l4_test_time 1.9202792644500732
gc 0
Train Epoch49 Acc 0.996775 (558194/560000), AUC 0.9988774061203003
ep49_train_time 127.34855556488037
Test Epoch49 layer0 Acc 0.9754285714285714, AUC 0.9983941912651062, avg_entr 0.022533809766173363
ep49_l0_test_time 0.5434150695800781
Test Epoch49 layer1 Acc 0.9843428571428572, AUC 0.9969773292541504, avg_entr 0.0014024210395291448
ep49_l1_test_time 0.8488807678222656
Test Epoch49 layer2 Acc 0.9840571428571429, AUC 0.9961351156234741, avg_entr 0.001062170253135264
ep49_l2_test_time 1.2083778381347656
Test Epoch49 layer3 Acc 0.9842285714285715, AUC 0.9958630204200745, avg_entr 0.0008638558792881668
ep49_l3_test_time 1.5743076801300049
Test Epoch49 layer4 Acc 0.9840285714285715, AUC 0.9950345158576965, avg_entr 0.0017116036033257842
ep49_l4_test_time 1.9090940952301025
Best AUC 0.998563826084137
train_loss (2, 5, 50)
valid_acc (5, 50)
valid_AUC (5, 50)
train_acc (50,)
Figure(640x480)
Figure(640x480)
Figure(640x480)
Figure(640x480)
Figure(640x480)
total_train+valid_time 6646.149720907211
Start Testing
Load ckpt at ckpt/dbpedia_14_lstmal_l5_pad40//dbpedia_14_lstmal_l5.pt
Test Epoch49 layer0 Acc 0.9752285714285714, AUC 0.9983853101730347, avg_entr 0.02362138032913208
ep49_l0_test_time 0.5529141426086426
Test Epoch49 layer1 Acc 0.9855428571428572, AUC 0.9987840056419373, avg_entr 0.0026572144124656916
ep49_l1_test_time 0.8394794464111328
Test Epoch49 layer2 Acc 0.9852857142857143, AUC 0.9984639286994934, avg_entr 0.002020170446485281
ep49_l2_test_time 1.1911413669586182
Test Epoch49 layer3 Acc 0.9851428571428571, AUC 0.9981144666671753, avg_entr 0.0017547444440424442
ep49_l3_test_time 1.5580012798309326
Test Epoch49 layer4 Acc 0.9850857142857142, AUC 0.9977012872695923, avg_entr 0.0016620121896266937
ep49_l4_test_time 1.8632638454437256
