total count words 222751
vocab size 30000
train size 40000, valid size 5000, test size 5000
found 27937 words in glove
model: LSTMALsideText(
  (layers): ModuleList(
    (0): LSTMLayer(
      (enc): ENC(
        (b): Sequential(
          (0): Linear(in_features=300, out_features=128, bias=True)
          (1): Tanh()
        )
        (f): LSTM(300, 300, batch_first=True)
        (cri): MSELoss()
      )
      (ae): AE(
        (g): Sequential(
          (0): Linear(in_features=2, out_features=128, bias=True)
          (1): Tanh()
        )
        (h): Sequential(
          (0): Linear(in_features=128, out_features=2, bias=True)
          (1): Sigmoid()
        )
        (cri): CrossEntropyLoss()
      )
    )
    (1): LSTMLayer(
      (enc): ENC(
        (b): Sequential(
          (0): Linear(in_features=300, out_features=128, bias=True)
          (1): Tanh()
        )
        (f): LSTM(300, 300, batch_first=True)
        (cri): MSELoss()
      )
      (ae): AE(
        (g): Sequential(
          (0): Linear(in_features=128, out_features=128, bias=True)
          (1): Tanh()
        )
        (h): Sequential(
          (0): Linear(in_features=128, out_features=128, bias=True)
        )
        (cri): MSELoss()
      )
    )
    (2): LSTMLayer(
      (enc): ENC(
        (b): Sequential(
          (0): Linear(in_features=300, out_features=128, bias=True)
          (1): Tanh()
        )
        (f): LSTM(300, 300, batch_first=True)
        (cri): MSELoss()
      )
      (ae): AE(
        (g): Sequential(
          (0): Linear(in_features=128, out_features=128, bias=True)
          (1): Tanh()
        )
        (h): Sequential(
          (0): Linear(in_features=128, out_features=128, bias=True)
        )
        (cri): MSELoss()
      )
    )
    (3): LSTMLayer(
      (enc): ENC(
        (b): Sequential(
          (0): Linear(in_features=300, out_features=128, bias=True)
          (1): Tanh()
        )
        (f): LSTM(300, 300, batch_first=True)
        (cri): MSELoss()
      )
      (ae): AE(
        (g): Sequential(
          (0): Linear(in_features=128, out_features=128, bias=True)
          (1): Tanh()
        )
        (h): Sequential(
          (0): Linear(in_features=128, out_features=128, bias=True)
        )
        (cri): MSELoss()
      )
    )
    (4): LSTMLayer(
      (enc): ENC(
        (b): Sequential(
          (0): Linear(in_features=300, out_features=128, bias=True)
          (1): Tanh()
        )
        (f): LSTM(300, 300, batch_first=True)
        (cri): MSELoss()
      )
      (ae): AE(
        (g): Sequential(
          (0): Linear(in_features=128, out_features=128, bias=True)
          (1): Tanh()
        )
        (h): Sequential(
          (0): Linear(in_features=128, out_features=128, bias=True)
        )
        (cri): MSELoss()
      )
    )
  )
  (emb_layers): ModuleList(
    (0): Embedding(30000, 300)
    (1): Embedding(30000, 300)
    (2): Embedding(30000, 300)
    (3): Embedding(30000, 300)
    (4): Embedding(30000, 300)
  )
)
layers.0.enc.b.0.weight 38400
layers.0.enc.b.0.bias 128
layers.0.enc.f.weight_ih_l0 360000
layers.0.enc.f.weight_hh_l0 360000
layers.0.enc.f.bias_ih_l0 1200
layers.0.enc.f.bias_hh_l0 1200
layers.0.ae.g.0.weight 256
layers.0.ae.g.0.bias 128
layers.0.ae.h.0.weight 256
layers.0.ae.h.0.bias 2
layers.1.enc.b.0.weight 38400
layers.1.enc.b.0.bias 128
layers.1.enc.f.weight_ih_l0 360000
layers.1.enc.f.weight_hh_l0 360000
layers.1.enc.f.bias_ih_l0 1200
layers.1.enc.f.bias_hh_l0 1200
layers.1.ae.g.0.weight 16384
layers.1.ae.g.0.bias 128
layers.1.ae.h.0.weight 16384
layers.1.ae.h.0.bias 128
layers.2.enc.b.0.weight 38400
layers.2.enc.b.0.bias 128
layers.2.enc.f.weight_ih_l0 360000
layers.2.enc.f.weight_hh_l0 360000
layers.2.enc.f.bias_ih_l0 1200
layers.2.enc.f.bias_hh_l0 1200
layers.2.ae.g.0.weight 16384
layers.2.ae.g.0.bias 128
layers.2.ae.h.0.weight 16384
layers.2.ae.h.0.bias 128
layers.3.enc.b.0.weight 38400
layers.3.enc.b.0.bias 128
layers.3.enc.f.weight_ih_l0 360000
layers.3.enc.f.weight_hh_l0 360000
layers.3.enc.f.bias_ih_l0 1200
layers.3.enc.f.bias_hh_l0 1200
layers.3.ae.g.0.weight 16384
layers.3.ae.g.0.bias 128
layers.3.ae.h.0.weight 16384
layers.3.ae.h.0.bias 128
layers.4.enc.b.0.weight 38400
layers.4.enc.b.0.bias 128
layers.4.enc.f.weight_ih_l0 360000
layers.4.enc.f.weight_hh_l0 360000
layers.4.enc.f.bias_ih_l0 1200
layers.4.enc.f.bias_hh_l0 1200
layers.4.ae.g.0.weight 16384
layers.4.ae.g.0.bias 128
layers.4.ae.h.0.weight 16384
layers.4.ae.h.0.bias 128
emb_layers.0.weight 9000000
emb_layers.1.weight 9000000
emb_layers.2.weight 9000000
emb_layers.3.weight 9000000
emb_layers.4.weight 9000000
Total Trainable Params: 48937378
init_time 22.90925355
Start Training
gc 0
Train Epoch0 Acc 0.500325 (20013/40000), AUC 0.4998542368412018
ep0_train_time 17.648646933
Test Epoch0 layer0 Acc 0.5102, AUC 0.5126001834869385, avg_entr 0.6918131709098816, f1 0.510200023651123
ep0_l0_test_time 0.2979850810000002
Save ckpt to ckpt/imdb_lstmalside_l5_256_sidead//imdb_lstmalside_l5_side.pt  ,ep 0
Test Epoch0 layer1 Acc 0.515, AUC 0.5179046392440796, avg_entr 0.6918789148330688, f1 0.5149999856948853
ep0_l1_test_time 0.36475851899999867
Save ckpt to ckpt/imdb_lstmalside_l5_256_sidead//imdb_lstmalside_l5_side.pt  ,ep 0
Test Epoch0 layer2 Acc 0.514, AUC 0.5117223262786865, avg_entr 0.6912139654159546, f1 0.5139999985694885
ep0_l2_test_time 0.4365048399999978
Test Epoch0 layer3 Acc 0.498, AUC 0.4866275191307068, avg_entr 0.6918965578079224, f1 0.49799999594688416
ep0_l3_test_time 0.5252471370000009
Test Epoch0 layer4 Acc 0.4996, AUC 0.5066626071929932, avg_entr 0.6911260485649109, f1 0.49959999322891235
ep0_l4_test_time 0.670034176999998
gc 0
Train Epoch1 Acc 0.50505 (20202/40000), AUC 0.507952094078064
ep1_train_time 17.480777693999997
Test Epoch1 layer0 Acc 0.5124, AUC 0.5145885348320007, avg_entr 0.6916005611419678, f1 0.5123999714851379
ep1_l0_test_time 0.30405235799999986
Test Epoch1 layer1 Acc 0.5212, AUC 0.5284073352813721, avg_entr 0.6903568506240845, f1 0.5212000012397766
ep1_l1_test_time 0.346401955999994
Save ckpt to ckpt/imdb_lstmalside_l5_256_sidead//imdb_lstmalside_l5_side.pt  ,ep 1
Test Epoch1 layer2 Acc 0.5182, AUC 0.5258690118789673, avg_entr 0.6892736554145813, f1 0.5181999802589417
ep1_l2_test_time 0.4330270760000019
Test Epoch1 layer3 Acc 0.497, AUC 0.4963122606277466, avg_entr 0.6901810765266418, f1 0.4970000088214874
ep1_l3_test_time 0.5294756750000005
Test Epoch1 layer4 Acc 0.5046, AUC 0.5099802017211914, avg_entr 0.6901273131370544, f1 0.5045999884605408
ep1_l4_test_time 0.659909098
gc 0
Train Epoch2 Acc 0.51145 (20458/40000), AUC 0.5163908004760742
ep2_train_time 17.568308771000005
Test Epoch2 layer0 Acc 0.5146, AUC 0.5236552357673645, avg_entr 0.6848658919334412, f1 0.5145999789237976
ep2_l0_test_time 0.296750148000001
Test Epoch2 layer1 Acc 0.5374, AUC 0.542757511138916, avg_entr 0.6801027059555054, f1 0.5374000072479248
ep2_l1_test_time 0.3630208810000113
Save ckpt to ckpt/imdb_lstmalside_l5_256_sidead//imdb_lstmalside_l5_side.pt  ,ep 2
Test Epoch2 layer2 Acc 0.5288, AUC 0.5346163511276245, avg_entr 0.6840667128562927, f1 0.5288000106811523
ep2_l2_test_time 0.4265951299999955
Test Epoch2 layer3 Acc 0.5036, AUC 0.5062747001647949, avg_entr 0.6864191293716431, f1 0.503600001335144
ep2_l3_test_time 0.5412077630000027
Test Epoch2 layer4 Acc 0.5046, AUC 0.522132396697998, avg_entr 0.6877641081809998, f1 0.5045999884605408
ep2_l4_test_time 0.6198199960000039
gc 0
Train Epoch3 Acc 0.51845 (20738/40000), AUC 0.5257737636566162
ep3_train_time 15.449632812999994
Test Epoch3 layer0 Acc 0.5414, AUC 0.5977100133895874, avg_entr 0.5736350417137146, f1 0.5414000153541565
ep3_l0_test_time 0.2871743400000071
Save ckpt to ckpt/imdb_lstmalside_l5_256_sidead//imdb_lstmalside_l5_side.pt  ,ep 3
Test Epoch3 layer1 Acc 0.5424, AUC 0.6279413104057312, avg_entr 0.5214632153511047, f1 0.5424000024795532
ep3_l1_test_time 0.34008350599999915
Save ckpt to ckpt/imdb_lstmalside_l5_256_sidead//imdb_lstmalside_l5_side.pt  ,ep 3
Test Epoch3 layer2 Acc 0.5266, AUC 0.5408667922019958, avg_entr 0.6720455288887024, f1 0.5266000032424927
ep3_l2_test_time 0.370730291000001
Test Epoch3 layer3 Acc 0.5034, AUC 0.5175568461418152, avg_entr 0.6863575577735901, f1 0.5034000277519226
ep3_l3_test_time 0.4502185859999912
Test Epoch3 layer4 Acc 0.5126, AUC 0.52294921875, avg_entr 0.6881137490272522, f1 0.5126000046730042
ep3_l4_test_time 0.5511612119999967
gc 0
Train Epoch4 Acc 0.518175 (20727/40000), AUC 0.5346229076385498
ep4_train_time 15.081663081999992
Test Epoch4 layer0 Acc 0.616, AUC 0.668218731880188, avg_entr 0.515921950340271, f1 0.6159999966621399
ep4_l0_test_time 0.5293149439999922
Save ckpt to ckpt/imdb_lstmalside_l5_256_sidead//imdb_lstmalside_l5_side.pt  ,ep 4
Test Epoch4 layer1 Acc 0.648, AUC 0.7063149213790894, avg_entr 0.4773462414741516, f1 0.6480000019073486
ep4_l1_test_time 0.5547409219999935
Save ckpt to ckpt/imdb_lstmalside_l5_256_sidead//imdb_lstmalside_l5_side.pt  ,ep 4
Test Epoch4 layer2 Acc 0.6506, AUC 0.6973061561584473, avg_entr 0.5307580828666687, f1 0.650600016117096
ep4_l2_test_time 0.48911550699999395
Save ckpt to ckpt/imdb_lstmalside_l5_256_sidead//imdb_lstmalside_l5_side.pt  ,ep 4
Test Epoch4 layer3 Acc 0.5154, AUC 0.5142648220062256, avg_entr 0.6685229539871216, f1 0.5153999924659729
ep4_l3_test_time 0.5974669339999963
Test Epoch4 layer4 Acc 0.515, AUC 0.5284136533737183, avg_entr 0.6842702031135559, f1 0.5149999856948853
ep4_l4_test_time 0.7381461469999948
gc 0
Train Epoch5 Acc 0.539625 (21585/40000), AUC 0.5639477968215942
ep5_train_time 17.539671163999984
Test Epoch5 layer0 Acc 0.6464, AUC 0.7140174508094788, avg_entr 0.4358261823654175, f1 0.646399974822998
ep5_l0_test_time 0.29814185200001475
Test Epoch5 layer1 Acc 0.6742, AUC 0.7485625743865967, avg_entr 0.39037659764289856, f1 0.6741999983787537
ep5_l1_test_time 0.3531308450000097
Save ckpt to ckpt/imdb_lstmalside_l5_256_sidead//imdb_lstmalside_l5_side.pt  ,ep 5
Test Epoch5 layer2 Acc 0.6842, AUC 0.7533127069473267, avg_entr 0.36284708976745605, f1 0.6841999888420105
ep5_l2_test_time 0.42718540600000665
Save ckpt to ckpt/imdb_lstmalside_l5_256_sidead//imdb_lstmalside_l5_side.pt  ,ep 5
Test Epoch5 layer3 Acc 0.6556, AUC 0.6829147338867188, avg_entr 0.3589935898780823, f1 0.6556000113487244
ep5_l3_test_time 0.5345909830000153
Test Epoch5 layer4 Acc 0.5442, AUC 0.5075047016143799, avg_entr 0.6403514742851257, f1 0.5442000031471252
ep5_l4_test_time 0.6568973669999991
gc 0
Train Epoch6 Acc 0.553925 (22157/40000), AUC 0.5890883207321167
ep6_train_time 17.571132329999983
Test Epoch6 layer0 Acc 0.6708, AUC 0.7471405267715454, avg_entr 0.3672945201396942, f1 0.670799970626831
ep6_l0_test_time 0.2936075260000166
Test Epoch6 layer1 Acc 0.6894, AUC 0.7776369452476501, avg_entr 0.32639434933662415, f1 0.6894000172615051
ep6_l1_test_time 0.3573842250000041
Save ckpt to ckpt/imdb_lstmalside_l5_256_sidead//imdb_lstmalside_l5_side.pt  ,ep 6
Test Epoch6 layer2 Acc 0.7006, AUC 0.7879830598831177, avg_entr 0.31174150109291077, f1 0.7006000280380249
ep6_l2_test_time 0.42370764800000416
Save ckpt to ckpt/imdb_lstmalside_l5_256_sidead//imdb_lstmalside_l5_side.pt  ,ep 6
Test Epoch6 layer3 Acc 0.6152, AUC 0.6362290382385254, avg_entr 0.2750117778778076, f1 0.6151999831199646
ep6_l3_test_time 0.5166697530000022
Test Epoch6 layer4 Acc 0.5636, AUC 0.5584501624107361, avg_entr 0.5926988124847412, f1 0.5636000037193298
ep6_l4_test_time 0.6796149609999986
gc 0
Train Epoch7 Acc 0.613625 (24545/40000), AUC 0.6461241245269775
ep7_train_time 17.579818993000004
Test Epoch7 layer0 Acc 0.6922, AUC 0.7666212320327759, avg_entr 0.2995409071445465, f1 0.6922000050544739
ep7_l0_test_time 0.29587488999999323
Test Epoch7 layer1 Acc 0.7176, AUC 0.7952604293823242, avg_entr 0.25484317541122437, f1 0.7175999879837036
ep7_l1_test_time 0.35097067800001014
Save ckpt to ckpt/imdb_lstmalside_l5_256_sidead//imdb_lstmalside_l5_side.pt  ,ep 7
Test Epoch7 layer2 Acc 0.7278, AUC 0.8047503232955933, avg_entr 0.2343735545873642, f1 0.7277999520301819
ep7_l2_test_time 0.4273926310000036
Save ckpt to ckpt/imdb_lstmalside_l5_256_sidead//imdb_lstmalside_l5_side.pt  ,ep 7
Test Epoch7 layer3 Acc 0.568, AUC 0.5928900241851807, avg_entr 0.19474241137504578, f1 0.5680000185966492
ep7_l3_test_time 0.5353030299999944
Test Epoch7 layer4 Acc 0.6268, AUC 0.619140625, avg_entr 0.19169612228870392, f1 0.626800000667572
ep7_l4_test_time 0.6727377830000023
gc 0
Train Epoch8 Acc 0.5566 (22264/40000), AUC 0.5697891712188721
ep8_train_time 17.554851488999986
Test Epoch8 layer0 Acc 0.7056, AUC 0.7849780917167664, avg_entr 0.3040688931941986, f1 0.7056000232696533
ep8_l0_test_time 0.3085620240000253
Test Epoch8 layer1 Acc 0.7348, AUC 0.8150978088378906, avg_entr 0.25833165645599365, f1 0.7347999811172485
ep8_l1_test_time 0.35205259699998237
Save ckpt to ckpt/imdb_lstmalside_l5_256_sidead//imdb_lstmalside_l5_side.pt  ,ep 8
Test Epoch8 layer2 Acc 0.7406, AUC 0.8234114050865173, avg_entr 0.2360757291316986, f1 0.7405999302864075
ep8_l2_test_time 0.42710977499999103
Save ckpt to ckpt/imdb_lstmalside_l5_256_sidead//imdb_lstmalside_l5_side.pt  ,ep 8
Test Epoch8 layer3 Acc 0.5332, AUC 0.5753790140151978, avg_entr 0.22112978994846344, f1 0.5332000255584717
ep8_l3_test_time 0.5427902130000177
Test Epoch8 layer4 Acc 0.5116, AUC 0.5417987108230591, avg_entr 0.24998703598976135, f1 0.5116000175476074
ep8_l4_test_time 0.6638652400000069
gc 0
Train Epoch9 Acc 0.556975 (22279/40000), AUC 0.6488081216812134
ep9_train_time 17.52308795799999
Test Epoch9 layer0 Acc 0.7154, AUC 0.7942999601364136, avg_entr 0.2455865740776062, f1 0.715399980545044
ep9_l0_test_time 0.3118413229999817
Test Epoch9 layer1 Acc 0.7378, AUC 0.8216162323951721, avg_entr 0.18702654540538788, f1 0.7378000020980835
ep9_l1_test_time 0.3513303809999968
Test Epoch9 layer2 Acc 0.745, AUC 0.8275582790374756, avg_entr 0.1570684015750885, f1 0.7449999451637268
ep9_l2_test_time 0.42696549999999434
Save ckpt to ckpt/imdb_lstmalside_l5_256_sidead//imdb_lstmalside_l5_side.pt  ,ep 9
Test Epoch9 layer3 Acc 0.5158, AUC 0.6479281783103943, avg_entr 0.13658766448497772, f1 0.5157999992370605
ep9_l3_test_time 0.5192206520000013
Test Epoch9 layer4 Acc 0.5222, AUC 0.6717645525932312, avg_entr 0.14684906601905823, f1 0.5221999883651733
ep9_l4_test_time 0.6760914850000006
gc 0
Train Epoch10 Acc 0.550775 (22031/40000), AUC 0.6816779375076294
ep10_train_time 17.51616577499999
Test Epoch10 layer0 Acc 0.7134, AUC 0.8021262288093567, avg_entr 0.2230885922908783, f1 0.7134000062942505
ep10_l0_test_time 0.29829313799999113
Test Epoch10 layer1 Acc 0.7358, AUC 0.8311371803283691, avg_entr 0.1785971224308014, f1 0.73580002784729
ep10_l1_test_time 0.35542447200000993
Test Epoch10 layer2 Acc 0.7478, AUC 0.8378018736839294, avg_entr 0.15469470620155334, f1 0.7477999925613403
ep10_l2_test_time 0.4304168560000221
Save ckpt to ckpt/imdb_lstmalside_l5_256_sidead//imdb_lstmalside_l5_side.pt  ,ep 10
Test Epoch10 layer3 Acc 0.5138, AUC 0.6472432613372803, avg_entr 0.09863574057817459, f1 0.5138000249862671
ep10_l3_test_time 0.5325774219999744
Test Epoch10 layer4 Acc 0.5194, AUC 0.6023616194725037, avg_entr 0.13237649202346802, f1 0.5194000005722046
ep10_l4_test_time 0.672962425999998
gc 0
Train Epoch11 Acc 0.559025 (22361/40000), AUC 0.7063392400741577
ep11_train_time 16.253038472999975
Test Epoch11 layer0 Acc 0.7262, AUC 0.8086570501327515, avg_entr 0.22071616351604462, f1 0.7261999845504761
ep11_l0_test_time 0.28425534199999447
Test Epoch11 layer1 Acc 0.7548, AUC 0.8395463228225708, avg_entr 0.1788691133260727, f1 0.754800021648407
ep11_l1_test_time 0.3383382950000282
Save ckpt to ckpt/imdb_lstmalside_l5_256_sidead//imdb_lstmalside_l5_side.pt  ,ep 11
Test Epoch11 layer2 Acc 0.7696, AUC 0.8475463390350342, avg_entr 0.17269182205200195, f1 0.769599974155426
ep11_l2_test_time 0.3970284979999974
Save ckpt to ckpt/imdb_lstmalside_l5_256_sidead//imdb_lstmalside_l5_side.pt  ,ep 11
Test Epoch11 layer3 Acc 0.5216, AUC 0.5952581763267517, avg_entr 0.10786916315555573, f1 0.5216000080108643
ep11_l3_test_time 0.48430726899999854
Test Epoch11 layer4 Acc 0.5308, AUC 0.6746439337730408, avg_entr 0.13715586066246033, f1 0.5307999849319458
ep11_l4_test_time 0.6017155549999984
gc 0
Train Epoch12 Acc 0.56695 (22678/40000), AUC 0.7754916548728943
ep12_train_time 14.17417238400003
Test Epoch12 layer0 Acc 0.7296, AUC 0.8096460103988647, avg_entr 0.22499215602874756, f1 0.7295999526977539
ep12_l0_test_time 0.2664434529999653
Test Epoch12 layer1 Acc 0.7564, AUC 0.8411123156547546, avg_entr 0.1897324174642563, f1 0.7563999891281128
ep12_l1_test_time 0.30549264100000073
Test Epoch12 layer2 Acc 0.7694, AUC 0.8492133021354675, avg_entr 0.18689313530921936, f1 0.7694000005722046
ep12_l2_test_time 0.36601261200002
Test Epoch12 layer3 Acc 0.518, AUC 0.6050499677658081, avg_entr 0.11091699451208115, f1 0.5180000066757202
ep12_l3_test_time 0.6419690720000517
Test Epoch12 layer4 Acc 0.541, AUC 0.7247194647789001, avg_entr 0.23440738022327423, f1 0.5410000085830688
ep12_l4_test_time 0.7231754709999905
gc 0
Train Epoch13 Acc 0.5657 (22628/40000), AUC 0.8173593282699585
ep13_train_time 17.769409736
Test Epoch13 layer0 Acc 0.7246, AUC 0.8138343691825867, avg_entr 0.1791822612285614, f1 0.7245999574661255
ep13_l0_test_time 0.3238653770000042
Test Epoch13 layer1 Acc 0.7474, AUC 0.8419617414474487, avg_entr 0.14537900686264038, f1 0.7473999857902527
ep13_l1_test_time 0.5294135810000284
Test Epoch13 layer2 Acc 0.7578, AUC 0.8458817005157471, avg_entr 0.14584648609161377, f1 0.7577999830245972
ep13_l2_test_time 0.6419732309999517
Test Epoch13 layer3 Acc 0.5106, AUC 0.5836354494094849, avg_entr 0.09814459085464478, f1 0.5105999708175659
ep13_l3_test_time 0.5551808260000257
Test Epoch13 layer4 Acc 0.5328, AUC 0.7361941337585449, avg_entr 0.22277319431304932, f1 0.532800018787384
ep13_l4_test_time 0.8090136870000038
gc 0
Train Epoch14 Acc 0.5618 (22472/40000), AUC 0.8514420986175537
ep14_train_time 17.24836268400003
Test Epoch14 layer0 Acc 0.739, AUC 0.8147267699241638, avg_entr 0.17713750898838043, f1 0.7390000820159912
ep14_l0_test_time 0.3111120899999946
Test Epoch14 layer1 Acc 0.7636, AUC 0.8468273282051086, avg_entr 0.1483151912689209, f1 0.7635999917984009
ep14_l1_test_time 0.34679538199998206
Test Epoch14 layer2 Acc 0.7778, AUC 0.8564273715019226, avg_entr 0.13872110843658447, f1 0.7778000235557556
ep14_l2_test_time 0.43473909599998706
Save ckpt to ckpt/imdb_lstmalside_l5_256_sidead//imdb_lstmalside_l5_side.pt  ,ep 14
Test Epoch14 layer3 Acc 0.5312, AUC 0.6606655120849609, avg_entr 0.07814819365739822, f1 0.5311999917030334
ep14_l3_test_time 0.5340424999999982
Test Epoch14 layer4 Acc 0.541, AUC 0.7482911944389343, avg_entr 0.10097485035657883, f1 0.5410000085830688
ep14_l4_test_time 0.66110577500001
gc 0
Train Epoch15 Acc 0.734 (29360/40000), AUC 0.85246741771698
ep15_train_time 17.51694343500003
Test Epoch15 layer0 Acc 0.7356, AUC 0.8095455169677734, avg_entr 0.15972182154655457, f1 0.7355999946594238
ep15_l0_test_time 0.306304291999993
Test Epoch15 layer1 Acc 0.7646, AUC 0.840977668762207, avg_entr 0.12054315209388733, f1 0.7645999789237976
ep15_l1_test_time 0.3537039599999616
Test Epoch15 layer2 Acc 0.7756, AUC 0.8474878072738647, avg_entr 0.12347136437892914, f1 0.775600016117096
ep15_l2_test_time 0.4264981979999902
Test Epoch15 layer3 Acc 0.7788, AUC 0.8583341836929321, avg_entr 0.11199713498353958, f1 0.7788000106811523
ep15_l3_test_time 0.5258459120000225
Save ckpt to ckpt/imdb_lstmalside_l5_256_sidead//imdb_lstmalside_l5_side.pt  ,ep 15
Test Epoch15 layer4 Acc 0.7794, AUC 0.8552153706550598, avg_entr 0.12186462432146072, f1 0.7794000506401062
ep15_l4_test_time 0.6959477160000347
Save ckpt to ckpt/imdb_lstmalside_l5_256_sidead//imdb_lstmalside_l5_side.pt  ,ep 15
gc 0
Train Epoch16 Acc 0.91795 (36718/40000), AUC 0.9683672785758972
ep16_train_time 17.524998826
Test Epoch16 layer0 Acc 0.7338, AUC 0.7999781370162964, avg_entr 0.12815245985984802, f1 0.7338000535964966
ep16_l0_test_time 0.3036160050000376
Test Epoch16 layer1 Acc 0.758, AUC 0.8281719088554382, avg_entr 0.08631477504968643, f1 0.7580000162124634
ep16_l1_test_time 0.3507377100000326
Test Epoch16 layer2 Acc 0.7678, AUC 0.8344171047210693, avg_entr 0.08791521191596985, f1 0.767799973487854
ep16_l2_test_time 0.43180308299997705
Test Epoch16 layer3 Acc 0.7714, AUC 0.8437492847442627, avg_entr 0.07523031532764435, f1 0.771399974822998
ep16_l3_test_time 0.5205708350000009
Test Epoch16 layer4 Acc 0.7736, AUC 0.8424221277236938, avg_entr 0.0743710920214653, f1 0.7735999822616577
ep16_l4_test_time 0.6860598460000347
gc 0
Train Epoch17 Acc 0.935725 (37429/40000), AUC 0.9769847393035889
ep17_train_time 17.539925626000013
Test Epoch17 layer0 Acc 0.7316, AUC 0.7986994385719299, avg_entr 0.1349496990442276, f1 0.7316000461578369
ep17_l0_test_time 0.29627736499998036
Test Epoch17 layer1 Acc 0.7546, AUC 0.8277451992034912, avg_entr 0.09393058717250824, f1 0.7546000480651855
ep17_l1_test_time 0.3523570309999968
Test Epoch17 layer2 Acc 0.7636, AUC 0.8359001874923706, avg_entr 0.1020415797829628, f1 0.7635999917984009
ep17_l2_test_time 0.42054332800000793
Test Epoch17 layer3 Acc 0.7708, AUC 0.8456363677978516, avg_entr 0.08953205496072769, f1 0.7707999348640442
ep17_l3_test_time 0.5550758989999736
Test Epoch17 layer4 Acc 0.7672, AUC 0.8457114696502686, avg_entr 0.09059974551200867, f1 0.7671999931335449
ep17_l4_test_time 0.6730876209999792
gc 0
Train Epoch18 Acc 0.946825 (37873/40000), AUC 0.9825488328933716
ep18_train_time 17.546557731999997
Test Epoch18 layer0 Acc 0.7346, AUC 0.7978872060775757, avg_entr 0.11825782805681229, f1 0.7345999479293823
ep18_l0_test_time 0.3008873489999928
Test Epoch18 layer1 Acc 0.7466, AUC 0.8260186314582825, avg_entr 0.07851825654506683, f1 0.7465999126434326
ep18_l1_test_time 0.34290454599999975
Test Epoch18 layer2 Acc 0.752, AUC 0.8302273750305176, avg_entr 0.07876556366682053, f1 0.7519999742507935
ep18_l2_test_time 0.4250609499999882
Test Epoch18 layer3 Acc 0.7546, AUC 0.836905837059021, avg_entr 0.06764531880617142, f1 0.7546000480651855
ep18_l3_test_time 0.5300832069999615
Test Epoch18 layer4 Acc 0.7536, AUC 0.830522894859314, avg_entr 0.05557503178715706, f1 0.7535999417304993
ep18_l4_test_time 0.6622450209999897
gc 0
Train Epoch19 Acc 0.9651 (38604/40000), AUC 0.9903181791305542
ep19_train_time 17.47041393400002
Test Epoch19 layer0 Acc 0.7366, AUC 0.7907265424728394, avg_entr 0.08987166732549667, f1 0.7365999817848206
ep19_l0_test_time 0.2956463890000123
Test Epoch19 layer1 Acc 0.7486, AUC 0.8149546384811401, avg_entr 0.053041260689496994, f1 0.7486000061035156
ep19_l1_test_time 0.35526226799998994
Test Epoch19 layer2 Acc 0.7586, AUC 0.8263012170791626, avg_entr 0.06677448749542236, f1 0.7585999965667725
ep19_l2_test_time 0.42219154600002184
Test Epoch19 layer3 Acc 0.7644, AUC 0.837470531463623, avg_entr 0.06048918887972832, f1 0.7644000053405762
ep19_l3_test_time 0.5211663990000375
Test Epoch19 layer4 Acc 0.7672, AUC 0.8340762257575989, avg_entr 0.058620646595954895, f1 0.7671999931335449
ep19_l4_test_time 0.6022569319999889
gc 0
Train Epoch20 Acc 0.973025 (38921/40000), AUC 0.9929804801940918
ep20_train_time 15.457348427
Test Epoch20 layer0 Acc 0.7308, AUC 0.7849552631378174, avg_entr 0.07846367359161377, f1 0.7307999730110168
ep20_l0_test_time 0.2872359410000058
Test Epoch20 layer1 Acc 0.745, AUC 0.807162344455719, avg_entr 0.043072402477264404, f1 0.7449999451637268
ep20_l1_test_time 0.3287358339999855
Test Epoch20 layer2 Acc 0.7546, AUC 0.8131282329559326, avg_entr 0.048681922256946564, f1 0.7546000480651855
ep20_l2_test_time 0.39374775400000317
Test Epoch20 layer3 Acc 0.756, AUC 0.8182017803192139, avg_entr 0.0372077040374279, f1 0.7559999227523804
ep20_l3_test_time 0.4615970340000217
Test Epoch20 layer4 Acc 0.7564, AUC 0.816254198551178, avg_entr 0.038931407034397125, f1 0.7563999891281128
ep20_l4_test_time 0.5498674820000247
gc 0
Train Epoch21 Acc 0.9787 (39148/40000), AUC 0.9937841892242432
ep21_train_time 15.012963446000015
Test Epoch21 layer0 Acc 0.7388, AUC 0.7840423583984375, avg_entr 0.08138130605220795, f1 0.7387999892234802
ep21_l0_test_time 0.4711505040000361
Test Epoch21 layer1 Acc 0.7486, AUC 0.8024845719337463, avg_entr 0.03747740015387535, f1 0.7486000061035156
ep21_l1_test_time 0.45771721099998786
Test Epoch21 layer2 Acc 0.7526, AUC 0.8156049251556396, avg_entr 0.04744964838027954, f1 0.7526000142097473
ep21_l2_test_time 0.41325132399998665
Test Epoch21 layer3 Acc 0.7586, AUC 0.8202087879180908, avg_entr 0.038001902401447296, f1 0.7585999965667725
ep21_l3_test_time 0.6051836329999674
Test Epoch21 layer4 Acc 0.758, AUC 0.8185696005821228, avg_entr 0.03929581865668297, f1 0.7580000162124634
ep21_l4_test_time 0.7060995400000252
gc 0
Train Epoch22 Acc 0.981975 (39279/40000), AUC 0.9950288534164429
ep22_train_time 17.864528097999994
Test Epoch22 layer0 Acc 0.7254, AUC 0.7844087481498718, avg_entr 0.07861059159040451, f1 0.7253999710083008
ep22_l0_test_time 0.41650559500004647
Test Epoch22 layer1 Acc 0.7418, AUC 0.7985401153564453, avg_entr 0.03846224397420883, f1 0.74180006980896
ep22_l1_test_time 0.4752837650000288
Test Epoch22 layer2 Acc 0.7472, AUC 0.8091670274734497, avg_entr 0.04090018942952156, f1 0.747200071811676
ep22_l2_test_time 0.485504221000042
Test Epoch22 layer3 Acc 0.7498, AUC 0.8148014545440674, avg_entr 0.03322931006550789, f1 0.7498000264167786
ep22_l3_test_time 0.46530112900001086
Test Epoch22 layer4 Acc 0.7508, AUC 0.8113969564437866, avg_entr 0.032099876552820206, f1 0.7508000135421753
ep22_l4_test_time 0.674688902000014
gc 0
Train Epoch23 Acc 0.98735 (39494/40000), AUC 0.9966410398483276
ep23_train_time 17.519248354000013
Test Epoch23 layer0 Acc 0.7324, AUC 0.7805406451225281, avg_entr 0.07039318233728409, f1 0.7323999404907227
ep23_l0_test_time 0.29421370099998967
Test Epoch23 layer1 Acc 0.7386, AUC 0.7937277555465698, avg_entr 0.03324589505791664, f1 0.7386000156402588
ep23_l1_test_time 0.35339228399999456
Test Epoch23 layer2 Acc 0.746, AUC 0.8043880462646484, avg_entr 0.03471162170171738, f1 0.7459999918937683
ep23_l2_test_time 0.43847857700001214
Test Epoch23 layer3 Acc 0.7466, AUC 0.8116585612297058, avg_entr 0.029516784474253654, f1 0.7465999126434326
ep23_l3_test_time 0.5499890030000074
Test Epoch23 layer4 Acc 0.7484, AUC 0.8042271137237549, avg_entr 0.027403542771935463, f1 0.7483999729156494
ep23_l4_test_time 0.6606478869999819
gc 0
Train Epoch24 Acc 0.98855 (39542/40000), AUC 0.996946394443512
ep24_train_time 17.537012350999987
Test Epoch24 layer0 Acc 0.7314, AUC 0.7785593867301941, avg_entr 0.07080294191837311, f1 0.7314000129699707
ep24_l0_test_time 0.29740876700009267
Test Epoch24 layer1 Acc 0.7384, AUC 0.7882623672485352, avg_entr 0.031185321509838104, f1 0.7384000420570374
ep24_l1_test_time 0.3540781130000141
Test Epoch24 layer2 Acc 0.747, AUC 0.7992026805877686, avg_entr 0.03379439562559128, f1 0.746999979019165
ep24_l2_test_time 0.4388452010000492
Test Epoch24 layer3 Acc 0.748, AUC 0.8026766777038574, avg_entr 0.026077069342136383, f1 0.7480000257492065
ep24_l3_test_time 0.5161929029999328
Test Epoch24 layer4 Acc 0.748, AUC 0.7976521253585815, avg_entr 0.02606821246445179, f1 0.7480000257492065
ep24_l4_test_time 0.6823045619998993
gc 0
Train Epoch25 Acc 0.9899 (39596/40000), AUC 0.9972295761108398
ep25_train_time 17.566159427000002
Test Epoch25 layer0 Acc 0.7292, AUC 0.7786372900009155, avg_entr 0.06848905980587006, f1 0.7291999459266663
ep25_l0_test_time 0.30348121200006517
Test Epoch25 layer1 Acc 0.7368, AUC 0.7858366966247559, avg_entr 0.025177059695124626, f1 0.7368000149726868
ep25_l1_test_time 0.3486887859999115
Test Epoch25 layer2 Acc 0.742, AUC 0.7999571561813354, avg_entr 0.027623770758509636, f1 0.7419999837875366
ep25_l2_test_time 0.4273305230000233
Test Epoch25 layer3 Acc 0.745, AUC 0.803706169128418, avg_entr 0.022967705503106117, f1 0.7449999451637268
ep25_l3_test_time 0.5328679850000526
Test Epoch25 layer4 Acc 0.7468, AUC 0.7984820604324341, avg_entr 0.023743946105241776, f1 0.7468000054359436
ep25_l4_test_time 0.6733736420000014
gc 0
Train Epoch26 Acc 0.9909 (39636/40000), AUC 0.9975812435150146
ep26_train_time 16.89311618499994
Test Epoch26 layer0 Acc 0.7356, AUC 0.7771182060241699, avg_entr 0.06190704181790352, f1 0.7355999946594238
ep26_l0_test_time 0.2984917479999467
Test Epoch26 layer1 Acc 0.7404, AUC 0.7838571667671204, avg_entr 0.0191823560744524, f1 0.7404000163078308
ep26_l1_test_time 0.3574091439999165
Test Epoch26 layer2 Acc 0.7434, AUC 0.7963343858718872, avg_entr 0.021693773567676544, f1 0.743399977684021
ep26_l2_test_time 0.42574627900000905
Test Epoch26 layer3 Acc 0.7468, AUC 0.8007763624191284, avg_entr 0.017424508929252625, f1 0.7468000054359436
ep26_l3_test_time 0.5244026010000198
Test Epoch26 layer4 Acc 0.7472, AUC 0.7979499101638794, avg_entr 0.017344225198030472, f1 0.747200071811676
ep26_l4_test_time 0.6719288049999932
gc 0
Train Epoch27 Acc 0.991875 (39675/40000), AUC 0.9976663589477539
ep27_train_time 17.496842379999975
Test Epoch27 layer0 Acc 0.73, AUC 0.7771022319793701, avg_entr 0.06434647738933563, f1 0.7300000190734863
ep27_l0_test_time 0.30480550899994796
Test Epoch27 layer1 Acc 0.7388, AUC 0.7818266153335571, avg_entr 0.02172606624662876, f1 0.7387999892234802
ep27_l1_test_time 0.3519782779999332
Test Epoch27 layer2 Acc 0.7408, AUC 0.7925431728363037, avg_entr 0.022166425362229347, f1 0.7408000230789185
ep27_l2_test_time 0.4364812390000452
Test Epoch27 layer3 Acc 0.7422, AUC 0.7995105981826782, avg_entr 0.018771566450595856, f1 0.7422000169754028
ep27_l3_test_time 0.5187366190000375
Test Epoch27 layer4 Acc 0.7448, AUC 0.7947467565536499, avg_entr 0.018304606899619102, f1 0.7447999715805054
ep27_l4_test_time 0.6779763170000024
gc 0
Train Epoch28 Acc 0.9926 (39704/40000), AUC 0.9979357719421387
ep28_train_time 17.351278534000016
Test Epoch28 layer0 Acc 0.7288, AUC 0.7764756083488464, avg_entr 0.06436943262815475, f1 0.7287999987602234
ep28_l0_test_time 0.28649791899999855
Test Epoch28 layer1 Acc 0.7366, AUC 0.7801033854484558, avg_entr 0.02204597368836403, f1 0.7365999817848206
ep28_l1_test_time 0.3287922060000028
Test Epoch28 layer2 Acc 0.7394, AUC 0.7916796803474426, avg_entr 0.022980719804763794, f1 0.7394000291824341
ep28_l2_test_time 0.4022427989999642
Test Epoch28 layer3 Acc 0.7416, AUC 0.7968921065330505, avg_entr 0.02043561078608036, f1 0.741599977016449
ep28_l3_test_time 0.4875067710000849
Test Epoch28 layer4 Acc 0.742, AUC 0.7892168760299683, avg_entr 0.019648883491754532, f1 0.7419999837875366
ep28_l4_test_time 0.6031452550000722
gc 0
Train Epoch29 Acc 0.9935 (39740/40000), AUC 0.9978252053260803
ep29_train_time 15.207479379999995
Test Epoch29 layer0 Acc 0.727, AUC 0.7736893892288208, avg_entr 0.05865882709622383, f1 0.7269999980926514
ep29_l0_test_time 0.26830347600002824
Test Epoch29 layer1 Acc 0.7306, AUC 0.7751314043998718, avg_entr 0.017886612564325333, f1 0.7305999994277954
ep29_l1_test_time 0.3083370859999377
Test Epoch29 layer2 Acc 0.7364, AUC 0.7839163541793823, avg_entr 0.017630480229854584, f1 0.7364000082015991
ep29_l2_test_time 0.3667207180000105
Test Epoch29 layer3 Acc 0.7386, AUC 0.7867497205734253, avg_entr 0.01497095450758934, f1 0.7386000156402588
ep29_l3_test_time 0.4532950020000044
Test Epoch29 layer4 Acc 0.739, AUC 0.7809122800827026, avg_entr 0.014549671672284603, f1 0.7390000820159912
ep29_l4_test_time 0.5511412700000164
gc 0
Train Epoch30 Acc 0.99365 (39746/40000), AUC 0.9980247616767883
ep30_train_time 15.71417196199991
Test Epoch30 layer0 Acc 0.7252, AUC 0.7729239463806152, avg_entr 0.059088580310344696, f1 0.7251999974250793
ep30_l0_test_time 0.4182249140000067
Test Epoch30 layer1 Acc 0.7312, AUC 0.7749403119087219, avg_entr 0.02040170133113861, f1 0.7311999797821045
ep30_l1_test_time 0.3674902819999488
Test Epoch30 layer2 Acc 0.7362, AUC 0.7839125394821167, avg_entr 0.01784818060696125, f1 0.7361999750137329
ep30_l2_test_time 0.6142426689999638
Test Epoch30 layer3 Acc 0.7374, AUC 0.786963701248169, avg_entr 0.014972686767578125, f1 0.7373999953269958
ep30_l3_test_time 0.5773728500000743
Test Epoch30 layer4 Acc 0.739, AUC 0.7788839340209961, avg_entr 0.014798824675381184, f1 0.7390000820159912
ep30_l4_test_time 0.7894610449999391
gc 0
Train Epoch31 Acc 0.994125 (39765/40000), AUC 0.9980349540710449
ep31_train_time 17.641942722000067
Test Epoch31 layer0 Acc 0.7248, AUC 0.7726643085479736, avg_entr 0.0563691221177578, f1 0.7247999906539917
ep31_l0_test_time 0.29600172599998587
Test Epoch31 layer1 Acc 0.7338, AUC 0.7747660875320435, avg_entr 0.018163910135626793, f1 0.7338000535964966
ep31_l1_test_time 0.3574719370000139
Test Epoch31 layer2 Acc 0.7362, AUC 0.7858495712280273, avg_entr 0.017855923622846603, f1 0.7361999750137329
ep31_l2_test_time 0.4299416530000144
Test Epoch31 layer3 Acc 0.7376, AUC 0.7895100712776184, avg_entr 0.01419779658317566, f1 0.7376000285148621
ep31_l3_test_time 0.5366109889999962
Test Epoch31 layer4 Acc 0.7378, AUC 0.7803962826728821, avg_entr 0.013280622661113739, f1 0.7378000020980835
ep31_l4_test_time 0.6554250599999705
gc 0
Train Epoch32 Acc 0.99445 (39778/40000), AUC 0.998059868812561
ep32_train_time 17.513652595000053
Test Epoch32 layer0 Acc 0.7254, AUC 0.7730486989021301, avg_entr 0.056296736001968384, f1 0.7253999710083008
ep32_l0_test_time 0.2987274500000012
Test Epoch32 layer1 Acc 0.7342, AUC 0.7741295099258423, avg_entr 0.017091872170567513, f1 0.7342000007629395
ep32_l1_test_time 0.3486049709999861
Test Epoch32 layer2 Acc 0.7368, AUC 0.7831956148147583, avg_entr 0.016105473041534424, f1 0.7368000149726868
ep32_l2_test_time 0.4330115500000602
Test Epoch32 layer3 Acc 0.738, AUC 0.7868287563323975, avg_entr 0.012497726827859879, f1 0.7379999160766602
ep32_l3_test_time 0.5243908919999285
Test Epoch32 layer4 Acc 0.7386, AUC 0.7796106338500977, avg_entr 0.01170229073613882, f1 0.7386000156402588
ep32_l4_test_time 0.6673635170000125
gc 0
Train Epoch33 Acc 0.994575 (39783/40000), AUC 0.9980952739715576
ep33_train_time 17.61056798300001
Test Epoch33 layer0 Acc 0.7256, AUC 0.7720766663551331, avg_entr 0.055807214230298996, f1 0.7255999445915222
ep33_l0_test_time 0.293596086999969
Test Epoch33 layer1 Acc 0.731, AUC 0.7713506817817688, avg_entr 0.018012061715126038, f1 0.7310000061988831
ep33_l1_test_time 0.35488985400002093
Test Epoch33 layer2 Acc 0.7354, AUC 0.7826945185661316, avg_entr 0.0164572075009346, f1 0.7354000210762024
ep33_l2_test_time 0.42530275599995093
Test Epoch33 layer3 Acc 0.737, AUC 0.7852377891540527, avg_entr 0.01257216464728117, f1 0.7369999885559082
ep33_l3_test_time 0.5214650020000136
Test Epoch33 layer4 Acc 0.7368, AUC 0.7779582142829895, avg_entr 0.012081507593393326, f1 0.7368000149726868
ep33_l4_test_time 0.6711220230000663
gc 0
Train Epoch34 Acc 0.99475 (39790/40000), AUC 0.9981809854507446
ep34_train_time 17.508205382999904
Test Epoch34 layer0 Acc 0.7256, AUC 0.771324872970581, avg_entr 0.054728589951992035, f1 0.7255999445915222
ep34_l0_test_time 0.3200424340000154
Test Epoch34 layer1 Acc 0.7336, AUC 0.7708966732025146, avg_entr 0.015530259348452091, f1 0.7335999608039856
ep34_l1_test_time 0.35186463299999104
Test Epoch34 layer2 Acc 0.7364, AUC 0.7815065383911133, avg_entr 0.01519600860774517, f1 0.7364000082015991
ep34_l2_test_time 0.4389903599999343
Test Epoch34 layer3 Acc 0.7388, AUC 0.7856065630912781, avg_entr 0.011443071998655796, f1 0.7387999892234802
ep34_l3_test_time 0.5178378649999331
Test Epoch34 layer4 Acc 0.7378, AUC 0.7775311470031738, avg_entr 0.010166961699724197, f1 0.7378000020980835
ep34_l4_test_time 0.6735868069999924
gc 0
Train Epoch35 Acc 0.995025 (39801/40000), AUC 0.9982324242591858
ep35_train_time 17.54664191300003
Test Epoch35 layer0 Acc 0.7246, AUC 0.7712924480438232, avg_entr 0.05323388800024986, f1 0.7245999574661255
ep35_l0_test_time 0.3068451269999741
Test Epoch35 layer1 Acc 0.7328, AUC 0.7710407972335815, avg_entr 0.015390458516776562, f1 0.7327999472618103
ep35_l1_test_time 0.34219646700000794
Test Epoch35 layer2 Acc 0.737, AUC 0.7819204330444336, avg_entr 0.015564500354230404, f1 0.7369999885559082
ep35_l2_test_time 0.42532951199996205
Test Epoch35 layer3 Acc 0.7388, AUC 0.7868040204048157, avg_entr 0.012339416891336441, f1 0.7387999892234802
ep35_l3_test_time 0.5424273880000783
Test Epoch35 layer4 Acc 0.7388, AUC 0.7798715233802795, avg_entr 0.0114262904971838, f1 0.7387999892234802
ep35_l4_test_time 0.6789834630000087
gc 0
Train Epoch36 Acc 0.99505 (39802/40000), AUC 0.9983895421028137
ep36_train_time 17.50578675400004
Test Epoch36 layer0 Acc 0.7242, AUC 0.771030068397522, avg_entr 0.052992083132267, f1 0.7242000699043274
ep36_l0_test_time 0.31029037199994036
Test Epoch36 layer1 Acc 0.7306, AUC 0.7700788974761963, avg_entr 0.015500265173614025, f1 0.7305999994277954
ep36_l1_test_time 0.3434933409999985
Test Epoch36 layer2 Acc 0.7366, AUC 0.780717134475708, avg_entr 0.015048877336084843, f1 0.7365999817848206
ep36_l2_test_time 0.42534829199996693
Test Epoch36 layer3 Acc 0.738, AUC 0.7847628593444824, avg_entr 0.012554336339235306, f1 0.7379999160766602
ep36_l3_test_time 0.530013345000043
Test Epoch36 layer4 Acc 0.7372, AUC 0.776687741279602, avg_entr 0.011069072410464287, f1 0.7372000217437744
ep36_l4_test_time 0.6634010379999609
gc 0
Train Epoch37 Acc 0.9951 (39804/40000), AUC 0.9983707666397095
ep37_train_time 16.555890514999987
Test Epoch37 layer0 Acc 0.7248, AUC 0.7705211043357849, avg_entr 0.05228077992796898, f1 0.7247999906539917
ep37_l0_test_time 0.28373132100000475
Test Epoch37 layer1 Acc 0.7326, AUC 0.7692800760269165, avg_entr 0.014473252929747105, f1 0.7325999140739441
ep37_l1_test_time 0.33238574299991797
Test Epoch37 layer2 Acc 0.737, AUC 0.7803396582603455, avg_entr 0.014734256081283092, f1 0.7369999885559082
ep37_l2_test_time 0.40481918800003314
Test Epoch37 layer3 Acc 0.7378, AUC 0.7849587202072144, avg_entr 0.011983178555965424, f1 0.7378000020980835
ep37_l3_test_time 0.4917414929999495
Test Epoch37 layer4 Acc 0.7372, AUC 0.7777868509292603, avg_entr 0.01133169699460268, f1 0.7372000217437744
ep37_l4_test_time 0.6000392870000724
gc 0
Train Epoch38 Acc 0.99515 (39806/40000), AUC 0.9983681440353394
ep38_train_time 14.614848105000078
Test Epoch38 layer0 Acc 0.7234, AUC 0.7703347206115723, avg_entr 0.05291900038719177, f1 0.7233999967575073
ep38_l0_test_time 0.26772734700000456
Test Epoch38 layer1 Acc 0.7322, AUC 0.7683461904525757, avg_entr 0.013218643143773079, f1 0.732200026512146
ep38_l1_test_time 0.3065475890000471
Test Epoch38 layer2 Acc 0.7356, AUC 0.7794030904769897, avg_entr 0.013608098030090332, f1 0.7355999946594238
ep38_l2_test_time 0.3668660439999485
Test Epoch38 layer3 Acc 0.737, AUC 0.7834147810935974, avg_entr 0.011056940071284771, f1 0.7369999885559082
ep38_l3_test_time 0.44870053500005724
Test Epoch38 layer4 Acc 0.7364, AUC 0.7758878469467163, avg_entr 0.009639543481171131, f1 0.7364000082015991
ep38_l4_test_time 0.5516202969999995
gc 0
Train Epoch39 Acc 0.99535 (39814/40000), AUC 0.9984239935874939
ep39_train_time 17.123188405000064
Test Epoch39 layer0 Acc 0.7238, AUC 0.7702561616897583, avg_entr 0.05192986875772476, f1 0.723800003528595
ep39_l0_test_time 0.2880156389999229
Test Epoch39 layer1 Acc 0.732, AUC 0.7679654359817505, avg_entr 0.01382182352244854, f1 0.7319999933242798
ep39_l1_test_time 0.5543491570000469
Test Epoch39 layer2 Acc 0.7352, AUC 0.779353141784668, avg_entr 0.013695583678781986, f1 0.7351999282836914
ep39_l2_test_time 0.5232642720000058
Test Epoch39 layer3 Acc 0.7366, AUC 0.783401608467102, avg_entr 0.011163240298628807, f1 0.7365999817848206
ep39_l3_test_time 0.5329793580000342
Test Epoch39 layer4 Acc 0.736, AUC 0.7759497761726379, avg_entr 0.009704183787107468, f1 0.7360000014305115
ep39_l4_test_time 0.8074537840000175
gc 0
Train Epoch40 Acc 0.99535 (39814/40000), AUC 0.9984046816825867
ep40_train_time 17.415530842999942
Test Epoch40 layer0 Acc 0.7244, AUC 0.7698931694030762, avg_entr 0.05088973417878151, f1 0.7244000434875488
ep40_l0_test_time 0.30591963300003044
Test Epoch40 layer1 Acc 0.7328, AUC 0.7675259113311768, avg_entr 0.013563204556703568, f1 0.7327999472618103
ep40_l1_test_time 0.35145361700006106
Test Epoch40 layer2 Acc 0.7348, AUC 0.7797644138336182, avg_entr 0.01388735231012106, f1 0.7347999811172485
ep40_l2_test_time 0.42846448399996007
Test Epoch40 layer3 Acc 0.7364, AUC 0.7833139896392822, avg_entr 0.010985913686454296, f1 0.7364000082015991
ep40_l3_test_time 0.5392918809999401
Test Epoch40 layer4 Acc 0.735, AUC 0.7758331298828125, avg_entr 0.009305187501013279, f1 0.7350000143051147
ep40_l4_test_time 0.6740894240000443
gc 0
Train Epoch41 Acc 0.995325 (39813/40000), AUC 0.9984297752380371
ep41_train_time 17.576259480999965
Test Epoch41 layer0 Acc 0.7228, AUC 0.7699671983718872, avg_entr 0.05170174688100815, f1 0.7227999567985535
ep41_l0_test_time 0.2946265150000045
Test Epoch41 layer1 Acc 0.7314, AUC 0.767013430595398, avg_entr 0.013432897627353668, f1 0.7314000129699707
ep41_l1_test_time 0.35291412899994157
Test Epoch41 layer2 Acc 0.7338, AUC 0.7787210941314697, avg_entr 0.012752936221659184, f1 0.7338000535964966
ep41_l2_test_time 0.42868586999998115
Test Epoch41 layer3 Acc 0.7356, AUC 0.781671941280365, avg_entr 0.011098138056695461, f1 0.7355999946594238
ep41_l3_test_time 0.5241217340000048
Test Epoch41 layer4 Acc 0.7358, AUC 0.774321973323822, avg_entr 0.009682596661150455, f1 0.73580002784729
ep41_l4_test_time 0.6731048300000566
gc 0
Train Epoch42 Acc 0.995425 (39817/40000), AUC 0.9984865188598633
ep42_train_time 17.578879450000045
Test Epoch42 layer0 Acc 0.7228, AUC 0.7697100639343262, avg_entr 0.051270946860313416, f1 0.7227999567985535
ep42_l0_test_time 0.2967863460000899
Test Epoch42 layer1 Acc 0.7308, AUC 0.7662875652313232, avg_entr 0.01274174451828003, f1 0.7307999730110168
ep42_l1_test_time 0.3562934970000242
Test Epoch42 layer2 Acc 0.7338, AUC 0.7780258059501648, avg_entr 0.012507540173828602, f1 0.7338000535964966
ep42_l2_test_time 0.4237370999999257
Test Epoch42 layer3 Acc 0.7364, AUC 0.7807736396789551, avg_entr 0.011250143870711327, f1 0.7364000082015991
ep42_l3_test_time 0.5383071380000501
Test Epoch42 layer4 Acc 0.7362, AUC 0.7739405632019043, avg_entr 0.009666872210800648, f1 0.7361999750137329
ep42_l4_test_time 0.6626355519999834
gc 0
Train Epoch43 Acc 0.995325 (39813/40000), AUC 0.9984654188156128
ep43_train_time 17.575612716000023
Test Epoch43 layer0 Acc 0.7234, AUC 0.7695801258087158, avg_entr 0.05106785148382187, f1 0.7233999967575073
ep43_l0_test_time 0.3113434150000103
Test Epoch43 layer1 Acc 0.7314, AUC 0.7659803628921509, avg_entr 0.01334299799054861, f1 0.7314000129699707
ep43_l1_test_time 0.345547904
Test Epoch43 layer2 Acc 0.7328, AUC 0.7778512239456177, avg_entr 0.012987502850592136, f1 0.7327999472618103
ep43_l2_test_time 0.4317211090000228
Test Epoch43 layer3 Acc 0.7352, AUC 0.7813223600387573, avg_entr 0.010480751283466816, f1 0.7351999282836914
ep43_l3_test_time 0.5472696969999333
Test Epoch43 layer4 Acc 0.735, AUC 0.7739813923835754, avg_entr 0.009076745249330997, f1 0.7350000143051147
ep43_l4_test_time 0.675719408999953
gc 0
Train Epoch44 Acc 0.995475 (39819/40000), AUC 0.9984574317932129
ep44_train_time 17.593459283000016
Test Epoch44 layer0 Acc 0.724, AUC 0.7694473266601562, avg_entr 0.05088949203491211, f1 0.7239999175071716
ep44_l0_test_time 0.3016504720000057
Test Epoch44 layer1 Acc 0.7308, AUC 0.7659183144569397, avg_entr 0.01294061727821827, f1 0.7307999730110168
ep44_l1_test_time 0.3556225130000712
Test Epoch44 layer2 Acc 0.7338, AUC 0.7772504091262817, avg_entr 0.013067953288555145, f1 0.7338000535964966
ep44_l2_test_time 0.43169306400000096
Test Epoch44 layer3 Acc 0.736, AUC 0.7811238765716553, avg_entr 0.011308839544653893, f1 0.7360000014305115
ep44_l3_test_time 0.5398217210000666
Test Epoch44 layer4 Acc 0.7356, AUC 0.7735847234725952, avg_entr 0.009976285509765148, f1 0.7355999946594238
ep44_l4_test_time 0.6558735900000556
gc 0
Train Epoch45 Acc 0.995475 (39819/40000), AUC 0.9984915256500244
ep45_train_time 17.527878977
Test Epoch45 layer0 Acc 0.7226, AUC 0.769529402256012, avg_entr 0.050627268850803375, f1 0.722599983215332
ep45_l0_test_time 0.3139277259999744
Test Epoch45 layer1 Acc 0.731, AUC 0.7657421827316284, avg_entr 0.0122769083827734, f1 0.7310000061988831
ep45_l1_test_time 0.36099107000006825
Test Epoch45 layer2 Acc 0.7328, AUC 0.7772780656814575, avg_entr 0.012031270191073418, f1 0.7327999472618103
ep45_l2_test_time 0.4268823640001074
Test Epoch45 layer3 Acc 0.736, AUC 0.7811481952667236, avg_entr 0.011195559985935688, f1 0.7360000014305115
ep45_l3_test_time 0.5289866849999498
Test Epoch45 layer4 Acc 0.736, AUC 0.7738091945648193, avg_entr 0.009655110538005829, f1 0.7360000014305115
ep45_l4_test_time 0.6789148880000084
gc 0
Train Epoch46 Acc 0.995475 (39819/40000), AUC 0.998467206954956
ep46_train_time 15.888433469999995
Test Epoch46 layer0 Acc 0.7236, AUC 0.7693800926208496, avg_entr 0.05078181251883507, f1 0.7236000299453735
ep46_l0_test_time 0.2871456010000202
Test Epoch46 layer1 Acc 0.7318, AUC 0.7652987837791443, avg_entr 0.01295454241335392, f1 0.7318000197410583
ep46_l1_test_time 0.3303461010000319
Test Epoch46 layer2 Acc 0.7328, AUC 0.777283251285553, avg_entr 0.012909570708870888, f1 0.7327999472618103
ep46_l2_test_time 0.3986655439999822
Test Epoch46 layer3 Acc 0.7356, AUC 0.7808241844177246, avg_entr 0.010832143016159534, f1 0.7355999946594238
ep46_l3_test_time 0.48742148899998483
Test Epoch46 layer4 Acc 0.7348, AUC 0.7737058401107788, avg_entr 0.009143704548478127, f1 0.7347999811172485
ep46_l4_test_time 0.6124674189999268
gc 0
Train Epoch47 Acc 0.995475 (39819/40000), AUC 0.9984740614891052
ep47_train_time 14.24732308199998
Test Epoch47 layer0 Acc 0.7236, AUC 0.7692509293556213, avg_entr 0.05042138695716858, f1 0.7236000299453735
ep47_l0_test_time 0.34683005199997297
Test Epoch47 layer1 Acc 0.7308, AUC 0.7653056383132935, avg_entr 0.01259483303874731, f1 0.7307999730110168
ep47_l1_test_time 0.48882707200004916
Test Epoch47 layer2 Acc 0.733, AUC 0.7763767242431641, avg_entr 0.012022911570966244, f1 0.7329999804496765
ep47_l2_test_time 0.5082918460000201
Test Epoch47 layer3 Acc 0.735, AUC 0.7802609801292419, avg_entr 0.010780771262943745, f1 0.7350000143051147
ep47_l3_test_time 0.6170186890000195
Test Epoch47 layer4 Acc 0.7346, AUC 0.7719981074333191, avg_entr 0.009521394036710262, f1 0.7345999479293823
ep47_l4_test_time 0.8042333160000226
gc 0
Train Epoch48 Acc 0.995475 (39819/40000), AUC 0.99848473072052
ep48_train_time 17.628214628000023
Test Epoch48 layer0 Acc 0.7236, AUC 0.7690869569778442, avg_entr 0.05017956718802452, f1 0.7236000299453735
ep48_l0_test_time 0.423949212000025
Test Epoch48 layer1 Acc 0.7312, AUC 0.7651134729385376, avg_entr 0.012606529518961906, f1 0.7311999797821045
ep48_l1_test_time 0.47207026099999894
Test Epoch48 layer2 Acc 0.7328, AUC 0.77675861120224, avg_entr 0.012599675916135311, f1 0.7327999472618103
ep48_l2_test_time 0.5139056209999353
Test Epoch48 layer3 Acc 0.7356, AUC 0.7807114720344543, avg_entr 0.011557922698557377, f1 0.7355999946594238
ep48_l3_test_time 0.606308722000108
Test Epoch48 layer4 Acc 0.7362, AUC 0.7728172540664673, avg_entr 0.010000359266996384, f1 0.7361999750137329
ep48_l4_test_time 0.8560257689999844
gc 0
Train Epoch49 Acc 0.9955 (39820/40000), AUC 0.9984998106956482
ep49_train_time 17.455311346999906
Test Epoch49 layer0 Acc 0.7226, AUC 0.7691962122917175, avg_entr 0.050665389746427536, f1 0.722599983215332
ep49_l0_test_time 0.301705681000044
Test Epoch49 layer1 Acc 0.7306, AUC 0.7649155855178833, avg_entr 0.012198924086987972, f1 0.7305999994277954
ep49_l1_test_time 0.36093080000000555
Test Epoch49 layer2 Acc 0.7326, AUC 0.7767335176467896, avg_entr 0.012257400900125504, f1 0.7325999140739441
ep49_l2_test_time 0.4260265430000345
Test Epoch49 layer3 Acc 0.735, AUC 0.7803575992584229, avg_entr 0.011192395351827145, f1 0.7350000143051147
ep49_l3_test_time 0.5349309020000419
Test Epoch49 layer4 Acc 0.7348, AUC 0.7727001905441284, avg_entr 0.009811321273446083, f1 0.7347999811172485
ep49_l4_test_time 0.6644486239999878
Best AUC tensor(0.7794) 15 4
train_loss (2, 5, 50)
valid_acc (5, 50)
valid_AUC (5, 50)
train_acc (50,)
total_train+valid_time 974.242481449
Start Testing
Load ckpt at ckpt/imdb_lstmalside_l5_256_sidead//imdb_lstmalside_l5_side.pt
gc 10
Test layer0 Acc 0.7468, AUC 0.8187217712402344, avg_entr 0.15291273593902588, f1 0.7468000054359436
l0_test_time 0.30673883099996146
gc 0
Test layer1 Acc 0.7678, AUC 0.8506746292114258, avg_entr 0.11897443979978561, f1 0.767799973487854
l1_test_time 0.3582771120001098
gc 0
Test layer2 Acc 0.7792, AUC 0.8530129194259644, avg_entr 0.12715037167072296, f1 0.7791999578475952
l2_test_time 0.43191136600000846
gc 0
Test layer3 Acc 0.7824, AUC 0.8661261796951294, avg_entr 0.11575384438037872, f1 0.7824000120162964
l3_test_time 0.5268689990000439
gc 0
Test layer4 Acc 0.7888, AUC 0.8689318895339966, avg_entr 0.11944295465946198, f1 0.7888000011444092
l4_test_time 0.6607947039999544
gc 0
Test threshold 0.1 Acc 0.7822, AUC 0.8397477865219116, avg_entr 0.11605728417634964, f1 0.7821999788284302
t0.1_test_time 0.6101546600000347
gc 0
Test threshold 0.2 Acc 0.7778, AUC 0.8355413675308228, avg_entr 0.11116606742143631, f1 0.7778000235557556
t0.2_test_time 0.681801379000035
gc 0
Test threshold 0.3 Acc 0.7752, AUC 0.8327956199645996, avg_entr 0.11284277588129044, f1 0.7752000093460083
t0.3_test_time 0.6530577460000586
gc 0
Test threshold 0.4 Acc 0.7716, AUC 0.830790638923645, avg_entr 0.11780685931444168, f1 0.771600067615509
t0.4_test_time 0.6304536190000363
gc 0
Test threshold 0.5 Acc 0.7686, AUC 0.8279228210449219, avg_entr 0.127982497215271, f1 0.7685999870300293
t0.5_test_time 0.5992403989999957
gc 0
Test threshold 0.6 Acc 0.7644, AUC 0.8268824219703674, avg_entr 0.13847865164279938, f1 0.7644000053405762
t0.6_test_time 0.5981888049999498
gc 0
Test threshold 0.7 Acc 0.7628, AUC 0.8257720470428467, avg_entr 0.15051794052124023, f1 0.7627999782562256
t0.7_test_time 0.5961580200000753
gc 0
Test threshold 0.8 Acc 0.7588, AUC 0.8238530158996582, avg_entr 0.16685283184051514, f1 0.7588000297546387
t0.8_test_time 0.5804882950000092
gc 0
Test threshold 0.9 Acc 0.7552, AUC 0.8216957449913025, avg_entr 0.1870316118001938, f1 0.7552000284194946
t0.9_test_time 0.5047891369999888
