Start Training
[[5.36903827e+03 6.73068190e+01]
 [3.93118771e+00 4.78854886e+01]
 [4.67229196e+00 1.27924201e+01]
 [4.46518016e+00 1.19885273e+01]
 [4.16508580e+00 1.35904815e+01]]
Train Epoch0 Acc 0.882410712025717 (348614/395070), AUC 0.722491979598999
Test Epoch0 layer0 Acc 0.5971327906694205, AUC 0.6523662209510803
Test Epoch0 layer1 Acc 0.7184525979022395, AUC 0.7199169397354126
Test Epoch0 layer2 Acc 0.9709735552585753, AUC 0.9161868691444397
Test Epoch0 layer3 Acc 0.9812193739116348, AUC 0.970531702041626
Test Epoch0 layer4 Acc 0.9818977038026971, AUC 0.9690144062042236
[[4.80875002e+03 1.31562876e+02]
 [4.52039708e-02 9.68404818e+01]
 [7.07342491e-02 8.17604387e+00]
 [1.04767949e-01 3.39053298e+00]
 [1.12738334e-01 2.42807443e+00]]
Train Epoch1 Acc 0.9879515022654213 (390310/395070), AUC 0.982048749923706
Test Epoch1 layer0 Acc 0.6147288705301097, AUC 0.6819671988487244
Test Epoch1 layer1 Acc 0.7252763941197911, AUC 0.6803597807884216
Test Epoch1 layer2 Acc 0.9775847406147491, AUC 0.9610537886619568
Test Epoch1 layer3 Acc 0.9917891710201272, AUC 0.9914684891700745
Test Epoch1 layer4 Acc 0.9936722957923299, AUC 0.9922117590904236
[[4.77269887e+03 1.76597073e+02]
 [1.45484937e-03 1.27084773e+02]
 [3.85408075e-03 9.79111652e+00]
 [9.23843639e-03 3.51922783e+00]
 [1.69522542e-02 2.35632282e+00]]
Train Epoch2 Acc 0.994960386766902 (393079/395070), AUC 0.9893407225608826
Test Epoch2 layer0 Acc 0.6330336532620581, AUC 0.7006053328514099
Test Epoch2 layer1 Acc 0.7254788806544364, AUC 0.6340070366859436
Test Epoch2 layer2 Acc 0.9882962782974932, AUC 0.9798572659492493
Test Epoch2 layer3 Acc 0.9924067549507958, AUC 0.9921524524688721
Test Epoch2 layer4 Acc 0.9953225610496902, AUC 0.9935303330421448
[[4.76660408e+03 2.13618400e+02]
 [3.34077632e-04 1.50385871e+02]
 [5.49691877e-04 1.03811098e+01]
 [1.02792609e-03 3.48154589e+00]
 [1.96693854e-03 2.24724830e+00]]
Train Epoch3 Acc 0.995600779608677 (393332/395070), AUC 0.9925512075424194
Test Epoch3 layer0 Acc 0.6454258291823594, AUC 0.699767529964447
Test Epoch3 layer1 Acc 0.7262888267930183, AUC 0.6333097815513611
Test Epoch3 layer2 Acc 0.9883772729113514, AUC 0.982985258102417
Test Epoch3 layer3 Acc 0.9929939659012675, AUC 0.992470920085907
Test Epoch3 layer4 Acc 0.9958085287328393, AUC 0.9961310029029846
[[4.76513253e+03 2.44985847e+02]
 [3.28371889e-04 1.69275521e+02]
 [5.54914042e-04 1.06187150e+01]
 [9.67300700e-04 3.43102351e+00]
 [1.49172405e-03 2.11821824e+00]]
Train Epoch4 Acc 0.995803275368922 (393412/395070), AUC 0.988220751285553
Test Epoch4 layer0 Acc 0.6567043291621107, AUC 0.6948583126068115
Test Epoch4 layer1 Acc 0.7264001943870733, AUC 0.6347904801368713
Test Epoch4 layer2 Acc 0.9884481431984773, AUC 0.9835960865020752
Test Epoch4 layer3 Acc 0.9944316202972502, AUC 0.988429844379425
Test Epoch4 layer4 Acc 0.9960110152674847, AUC 0.9964247345924377
[[4.76485241e+03 2.73115534e+02]
 [3.67803421e-04 1.85539223e+02]
 [6.05636667e-04 1.06180881e+01]
 [9.86668656e-04 3.39021350e+00]
 [1.48465833e-03 1.99624071e+00]]
Train Epoch5 Acc 0.9959703343711241 (393478/395070), AUC 0.9807857871055603
Test Epoch5 layer0 Acc 0.6634167577856073, AUC 0.6926028728485107
Test Epoch5 layer1 Acc 0.7262078321791601, AUC 0.633520245552063
Test Epoch5 layer2 Acc 0.9881444133965092, AUC 0.9839023351669312
Test Epoch5 layer3 Acc 0.9946341068318957, AUC 0.9664891958236694
Test Epoch5 layer4 Acc 0.9961730044952011, AUC 0.9866563677787781
[[4.76479187e+03 2.98777890e+02]
 [3.80265819e-04 2.00032483e+02]
 [6.33015028e-04 1.04087694e+01]
 [1.09929356e-03 3.34819021e+00]
 [1.70649653e-03 1.88938895e+00]]
Train Epoch6 Acc 0.9962538284354672 (393590/395070), AUC 0.9691998958587646
Test Epoch6 layer0 Acc 0.6700380674685134, AUC 0.6902419328689575
Test Epoch6 layer1 Acc 0.726278702466286, AUC 0.7001762986183167
Test Epoch6 layer2 Acc 0.9884582675252096, AUC 0.982618510723114
Test Epoch6 layer3 Acc 0.9948264690398089, AUC 0.97719407081604
Test Epoch6 layer4 Acc 0.9966589721783501, AUC 0.9816334247589111
[[4.76477998e+03 3.21292108e+02]
 [4.22216056e-04 2.12300488e+02]
 [7.16316569e-04 1.00807489e+01]
 [1.19021793e-03 3.31222211e+00]
 [1.75872790e-03 1.80212506e+00]]
Train Epoch7 Acc 0.9965955400308806 (393725/395070), AUC 0.9566707611083984
Test Epoch7 layer0 Acc 0.6748066253594136, AUC 0.6818602085113525
Test Epoch7 layer1 Acc 0.7263495727534119, AUC 0.7031145095825195
Test Epoch7 layer2 Acc 0.9884076458915482, AUC 0.9579509496688843
Test Epoch7 layer3 Acc 0.9947555987526829, AUC 0.9583146572113037
Test Epoch7 layer4 Acc 0.9966589721783501, AUC 0.9516808986663818
[[4.76477717e+03 3.34573089e+02]
 [3.82454029e-04 2.18981093e+02]
 [6.39637540e-04 9.68648829e+00]
 [1.04357969e-03 3.26047726e+00]
 [1.57153969e-03 1.70809665e+00]]
Train Epoch8 Acc 0.99685119092819 (393826/395070), AUC 0.9476171731948853
Test Epoch8 layer0 Acc 0.6775908152107885, AUC 0.6575512886047363
Test Epoch8 layer1 Acc 0.726390070060341, AUC 0.700652539730072
Test Epoch8 layer2 Acc 0.9893492082776495, AUC 0.9461610913276672
Test Epoch8 layer3 Acc 0.9951504474952416, AUC 0.9509807229042053
Test Epoch8 layer4 Acc 0.9969829506337828, AUC 0.9462241530418396
[[4.76477660e+03 3.37834568e+02]
 [4.15197296e-04 2.20081942e+02]
 [6.77253620e-04 9.22281903e+00]
 [1.12096540e-03 3.16953335e+00]
 [1.64840267e-03 1.61132277e+00]]
Train Epoch9 Acc 0.9971903713266004 (393960/395070), AUC 0.9443063139915466
Test Epoch9 layer0 Acc 0.6817721621512169, AUC 0.7039120197296143
Test Epoch9 layer1 Acc 0.7262382051593569, AUC 0.7476238012313843
Test Epoch9 layer2 Acc 0.9904021382578059, AUC 0.9525881409645081
Test Epoch9 layer3 Acc 0.9950998258615802, AUC 0.9497430920600891
Test Epoch9 layer4 Acc 0.997175312841696, AUC 0.9360132813453674
[[4.76477648e+03 3.38782744e+02]
 [4.17183917e-04 2.20092341e+02]
 [7.22727774e-04 8.81346538e+00]
 [1.21711671e-03 3.07482346e+00]
 [1.87766686e-03 1.52724490e+00]]
Train Epoch10 Acc 0.9973346495557749 (394017/395070), AUC 0.9377425909042358
Test Epoch10 layer0 Acc 0.6899222451706961, AUC 0.6551234722137451
Test Epoch10 layer1 Acc 0.726390070060341, AUC 0.7878568172454834
Test Epoch10 layer2 Acc 0.9910602194954036, AUC 0.9468710422515869
Test Epoch10 layer3 Acc 0.9952516907625643, AUC 0.9472501873970032
Test Epoch10 layer4 Acc 0.9973271777426801, AUC 0.9306842684745789
[[4.76477643e+03 3.38567870e+02]
 [4.09676295e-04 2.19397828e+02]
 [6.77177902e-04 8.48064284e+00]
 [1.13316380e-03 2.98028986e+00]
 [1.69052871e-03 1.45338868e+00]]
Train Epoch11 Acc 0.997458678208925 (394066/395070), AUC 0.9300544261932373
Test Epoch11 layer0 Acc 0.7059186814076864, AUC 0.6937918066978455
Test Epoch11 layer1 Acc 0.7264508160207346, AUC 0.8329192996025085
Test Epoch11 layer2 Acc 0.9911007168023327, AUC 0.9464190006256104
Test Epoch11 layer3 Acc 0.9952314421090998, AUC 0.9619374871253967
Test Epoch11 layer4 Acc 0.9974992912971288, AUC 0.9233230948448181
[[4.76477641e+03 3.37822070e+02]
 [4.35991846e-04 2.18085305e+02]
 [7.05519578e-04 8.16881032e+00]
 [1.16045837e-03 2.89218084e+00]
 [1.67854193e-03 1.38786007e+00]]
Train Epoch12 Acc 0.9975953628470904 (394120/395070), AUC 0.9285480380058289
Test Epoch12 layer0 Acc 0.7110820880411453, AUC 0.6591761708259583
Test Epoch12 layer1 Acc 0.7265520592880573, AUC 0.8288201689720154
Test Epoch12 layer2 Acc 0.9912728303567813, AUC 0.9449249505996704
Test Epoch12 layer3 Acc 0.995352934029887, AUC 0.9440318942070007
Test Epoch12 layer4 Acc 0.997509415623861, AUC 0.9202638268470764
[[4.76477639e+03 3.37015092e+02]
 [4.05550374e-04 2.16312619e+02]
 [6.76392099e-04 7.92934674e+00]
 [1.15475581e-03 2.80023018e+00]
 [1.73246676e-03 1.32983642e+00]]
Train Epoch13 Acc 0.9976712987571823 (394150/395070), AUC 0.924934446811676
Test Epoch13 layer0 Acc 0.7142611266350788, AUC 0.7006105780601501
Test Epoch13 layer1 Acc 0.7269772810108128, AUC 0.8216158151626587
Test Epoch13 layer2 Acc 0.9913032033369781, AUC 0.9399229288101196
Test Epoch13 layer3 Acc 0.9955959178714615, AUC 0.9610481858253479
Test Epoch13 layer4 Acc 0.997691653505042, AUC 0.9342994689941406
[[4.76477637e+03 3.36276456e+02]
 [4.29789394e-04 2.14311877e+02]
 [7.17507869e-04 7.75935780e+00]
 [1.17785112e-03 2.72392244e+00]
 [1.69883772e-03 1.28637096e+00]]
Train Epoch14 Acc 0.9977725466373047 (394190/395070), AUC 0.9273753762245178
Test Epoch14 layer0 Acc 0.7160632567934232, AUC 0.6952321529388428
Test Epoch14 layer1 Acc 0.7278985947434495, AUC 0.7038097381591797
Test Epoch14 layer2 Acc 0.991374073624104, AUC 0.8827081918716431
Test Epoch14 layer3 Acc 0.9956971611387843, AUC 0.9644621014595032
Test Epoch14 layer4 Acc 0.9980055076337424, AUC 0.9494006633758545
[[4.76477636e+03 3.35340010e+02]
 [4.57837036e-04 2.11893707e+02]
 [7.93200269e-04 7.59805018e+00]
 [1.34543381e-03 2.65089003e+00]
 [2.08427095e-03 1.25115166e+00]]
Train Epoch15 Acc 0.9978864505024426 (394235/395070), AUC 0.928281843662262
Test Epoch15 layer0 Acc 0.7175110355161382, AUC 0.7393308877944946
Test Epoch15 layer1 Acc 0.741485441218159, AUC 0.793041467666626
Test Epoch15 layer2 Acc 0.991485441218159, AUC 0.9405940771102905
Test Epoch15 layer3 Acc 0.9957275341189811, AUC 0.9595630764961243
Test Epoch15 layer4 Acc 0.9980763779208682, AUC 0.9253988862037659
[[4.76477636e+03 3.34591396e+02]
 [4.06756194e-04 2.09778431e+02]
 [6.74326760e-04 7.49516152e+00]
 [1.12785983e-03 2.62297202e+00]
 [1.64232103e-03 1.24895482e+00]]
Train Epoch16 Acc 0.9979750423975497 (394270/395070), AUC 0.9343876242637634
Test Epoch16 layer0 Acc 0.7181488681002713, AUC 0.7384054660797119
Test Epoch16 layer1 Acc 0.7429939659012675, AUC 0.793363630771637
Test Epoch16 layer2 Acc 0.9915765601587494, AUC 0.9352498650550842
Test Epoch16 layer3 Acc 0.9958287773863038, AUC 0.9589855670928955
Test Epoch16 layer4 Acc 0.9977928967723646, AUC 0.9210754632949829
[[4.76477636e+03 3.33866806e+02]
 [4.25953521e-04 2.07789054e+02]
 [7.00824875e-04 7.36891457e+00]
 [1.14891255e-03 2.55559195e+00]
 [1.71190835e-03 1.21597906e+00]]
Train Epoch17 Acc 0.9980661654896601 (394306/395070), AUC 0.9319127798080444
Test Epoch17 layer0 Acc 0.7180273761794841, AUC 0.7429306507110596
Test Epoch17 layer1 Acc 0.7433483173368971, AUC 0.7028475999832153
Test Epoch17 layer2 Acc 0.9915866844854817, AUC 0.9378952383995056
Test Epoch17 layer3 Acc 0.9959300206536266, AUC 0.9582858681678772
Test Epoch17 layer4 Acc 0.9981371238812619, AUC 0.9287596344947815
[[4.76477636e+03 3.33170658e+02]
 [4.24979244e-04 2.05777142e+02]
 [7.00079174e-04 7.27829044e+00]
 [1.15057223e-03 2.52833717e+00]
 [1.66954784e-03 1.21818709e+00]]
Train Epoch18 Acc 0.9981167894297213 (394326/395070), AUC 0.9319363236427307
Test Epoch18 layer0 Acc 0.7183513546349167, AUC 0.7372656464576721
Test Epoch18 layer1 Acc 0.7444417446239825, AUC 0.7861108779907227
Test Epoch18 layer2 Acc 0.991596808812214, AUC 0.9328300356864929
Test Epoch18 layer3 Acc 0.9962742477625238, AUC 0.9594932794570923
Test Epoch18 layer4 Acc 0.9981674968614587, AUC 0.9243810772895813
[[4.76477636e+03 3.32621888e+02]
 [4.32487444e-04 2.03421905e+02]
 [7.19666066e-04 7.19658943e+00]
 [1.21223476e-03 2.46766177e+00]
 [1.83486621e-03 1.19408299e+00]]
Train Epoch19 Acc 0.9981395702027489 (394335/395070), AUC 0.9293521642684937
Test Epoch19 layer0 Acc 0.7183412303081845, AUC 0.7392154932022095
Test Epoch19 layer1 Acc 0.7443202527031952, AUC 0.7855545282363892
Test Epoch19 layer2 Acc 0.991637306119143, AUC 0.9376985430717468
Test Epoch19 layer3 Acc 0.9960008909407524, AUC 0.9584401845932007
Test Epoch19 layer4 Acc 0.9981978698416555, AUC 0.9360122680664062
[[4.76477636e+03 3.32030988e+02]
 [4.34639978e-04 2.00174365e+02]
 [7.18008899e-04 7.12753787e+00]
 [1.25798505e-03 2.38319204e+00]
 [1.96739881e-03 1.14175549e+00]]
Train Epoch20 Acc 0.9981876629458071 (394354/395070), AUC 0.9313785433769226
Test Epoch20 layer0 Acc 0.718918316931924, AUC 0.7376323342323303
Test Epoch20 layer1 Acc 0.7441785121289434, AUC 0.6881746053695679
Test Epoch20 layer2 Acc 0.9916170574656785, AUC 0.8857659697532654
Test Epoch20 layer3 Acc 0.9966994694852792, AUC 0.9138597846031189
Test Epoch20 layer4 Acc 0.9982079941683878, AUC 0.9157575368881226
[[4.76477636e+03 3.31350940e+02]
 [4.18406113e-04 1.95112615e+02]
 [6.88847846e-04 7.06174048e+00]
 [1.13017546e-03 2.31304516e+00]
 [1.62239734e-03 1.09667965e+00]]
Train Epoch21 Acc 0.9981927253398132 (394356/395070), AUC 0.9308196902275085
Test Epoch21 layer0 Acc 0.7191613007734986, AUC 0.738105058670044
Test Epoch21 layer1 Acc 0.7441683878022112, AUC 0.6950764060020447
Test Epoch21 layer2 Acc 0.9916170574656785, AUC 0.9279118180274963
Test Epoch21 layer3 Acc 0.996952577653586, AUC 0.9323619604110718
Test Epoch21 layer4 Acc 0.9981877455149233, AUC 0.9230651259422302
[[4.76477636e+03 3.30652049e+02]
 [4.11640797e-04 1.87867893e+02]
 [6.84252669e-04 6.99104190e+00]
 [1.13655839e-03 2.25138808e+00]
 [1.65373832e-03 1.05630732e+00]]
Train Epoch22 Acc 0.9982534740678867 (394380/395070), AUC 0.9359077215194702
Test Epoch22 layer0 Acc 0.7193334143279472, AUC 0.7364568114280701
Test Epoch22 layer1 Acc 0.7459603936338234, AUC 0.7378739714622498
Test Epoch22 layer2 Acc 0.9916170574656785, AUC 0.9359098672866821
Test Epoch22 layer3 Acc 0.9970740695743733, AUC 0.9420434832572937
Test Epoch22 layer4 Acc 0.998288988782246, AUC 0.923107922077179
[[4.76478347e+03 3.29887401e+02]
 [4.20289125e-04 1.77388095e+02]
 [6.90847162e-04 6.93048050e+00]
 [1.10413518e-03 2.17375959e+00]
 [1.61706879e-03 1.02497405e+00]]
Train Epoch23 Acc 0.998266130052902 (394385/395070), AUC 0.9319786429405212
Test Epoch23 layer0 Acc 0.7195561495160572, AUC 0.6922533512115479
Test Epoch23 layer1 Acc 0.7457579070991779, AUC 0.6689940094947815
Test Epoch23 layer2 Acc 0.9916575547726076, AUC 0.9393642544746399
Test Epoch23 layer3 Acc 0.9971246912080347, AUC 0.9520801305770874
Test Epoch23 layer4 Acc 0.998329486089175, AUC 0.9543577432632446
[[4.76477636e+03 3.29147628e+02]
 [4.16313925e-04 1.63637416e+02]
 [6.83847891e-04 6.86409563e+00]
 [1.14685217e-03 2.10891572e+00]
 [1.65365854e-03 9.96692796e-01]]
Train Epoch24 Acc 0.9983116915989572 (394403/395070), AUC 0.9435077905654907
Test Epoch24 layer0 Acc 0.7195662738427895, AUC 0.6573021411895752
Test Epoch24 layer1 Acc 0.7468412100595311, AUC 0.7219491600990295
Test Epoch24 layer2 Acc 0.9916980520795368, AUC 0.956533670425415
Test Epoch24 layer3 Acc 0.9972259344753573, AUC 0.9327645897865295
Test Epoch24 layer4 Acc 0.9983497347426397, AUC 0.9261265397071838
[[4.76477636e+03 3.28384546e+02]
 [4.77661372e-04 1.46809991e+02]
 [7.85900296e-04 6.83164521e+00]
 [1.26927836e-03 2.06296232e+00]
 [1.74107197e-03 9.76305462e-01]]
Train Epoch25 Acc 0.9983294099779786 (394410/395070), AUC 0.9409045577049255
Test Epoch25 layer0 Acc 0.7196371441299153, AUC 0.6568688750267029
Test Epoch25 layer1 Acc 0.7464868586239015, AUC 0.7808239459991455
Test Epoch25 layer2 Acc 0.9916980520795368, AUC 0.9495798349380493
Test Epoch25 layer3 Acc 0.997175312841696, AUC 0.9332113862037659
Test Epoch25 layer4 Acc 0.9984206050297655, AUC 0.9260416030883789
[[4.76477636e+03 3.27530021e+02]
 [3.83278831e-04 1.28202539e+02]
 [6.54346858e-04 6.78206172e+00]
 [1.11118783e-03 2.03178833e+00]
 [1.61700208e-03 9.59869528e-01]]
Train Epoch26 Acc 0.9983673779330245 (394425/395070), AUC 0.9422960877418518
Test Epoch26 layer0 Acc 0.7198801279714899, AUC 0.6054197549819946
Test Epoch26 layer1 Acc 0.7463046207427206, AUC 0.7815731167793274
Test Epoch26 layer2 Acc 0.9917183007330013, AUC 0.949122428894043
Test Epoch26 layer3 Acc 0.9972056858218928, AUC 0.9369463324546814
Test Epoch26 layer4 Acc 0.9984104807030333, AUC 0.9338529706001282
[[4.76477636e+03 3.26589088e+02]
 [4.63185359e-04 1.10527578e+02]
 [7.77988968e-04 6.72167510e+00]
 [1.27847622e-03 1.98986776e+00]
 [1.86943446e-03 9.37033807e-01]]
Train Epoch27 Acc 0.9984002834940643 (394438/395070), AUC 0.9464163184165955
Test Epoch27 layer0 Acc 0.7311687522779735, AUC 0.6120139360427856
Test Epoch27 layer1 Acc 0.9597051796055562, AUC 0.8357818126678467
Test Epoch27 layer2 Acc 0.99166767909934, AUC 0.953031599521637
Test Epoch27 layer3 Acc 0.9972765561090188, AUC 0.9618986248970032
Test Epoch27 layer4 Acc 0.9984712266634269, AUC 0.958613395690918
[[4.76477636e+03 3.25568345e+02]
 [4.30854892e-04 9.64753475e+01]
 [7.07578028e-04 6.67591950e+00]
 [1.14916922e-03 1.97916242e+00]
 [1.64026478e-03 9.29387563e-01]]
Train Epoch28 Acc 0.998428126661098 (394449/395070), AUC 0.9460998773574829
Test Epoch28 layer0 Acc 0.7313104928522254, AUC 0.6046286225318909
Test Epoch28 layer1 Acc 0.9585915036650062, AUC 0.8328494429588318
Test Epoch28 layer2 Acc 0.9916980520795368, AUC 0.9477282166481018
Test Epoch28 layer3 Acc 0.9971955614951605, AUC 0.9410682916641235
Test Epoch28 layer4 Acc 0.9984611023366946, AUC 0.9314699769020081
[[4.76477636e+03 3.24446713e+02]
 [4.03583273e-04 8.73095803e+01]
 [6.75152938e-04 6.64742653e+00]
 [1.11670289e-03 2.03300634e+00]
 [1.56284813e-03 9.70333393e-01]]
Train Epoch29 Acc 0.9984407826461134 (394454/395070), AUC 0.9445056319236755
Test Epoch29 layer0 Acc 0.7317660875551776, AUC 0.603635847568512
Test Epoch29 layer1 Acc 0.9583991414570932, AUC 0.838984489440918
Test Epoch29 layer2 Acc 0.9917689223666626, AUC 0.9503927230834961
Test Epoch29 layer3 Acc 0.9972664317822865, AUC 0.9328373074531555
Test Epoch29 layer4 Acc 0.9985015996436237, AUC 0.9578931331634521
Best AUC 0.9964247345924377
train_loss (2, 5, 30)
valid_acc (5, 30)
valid_AUC (5, 30)
train_acc (30,)
Figure(640x480)
Figure(640x480)
Figure(640x480)
Figure(640x480)
Start Testing
[[56158     0     0     0     0     0     0     0     0     0     0]
 [21441     0     0     0     0     0     0     0     0     0     0]
 [11358     0  8020    70     0     0     0     8     0     0     0]
 [    1     0    10   430     0     0     0     0     0     0     0]
 [  318     0     0     0     0     0     0     0     0     0     0]
 [  250     0     0     0     0     0     0     0     0     0     0]
 [  194     0    14     0     0     0     0     0     0     0     0]
 [  140     0     2     1     0     0     0    61     0     0     0]
 [    0     0     1     0     0     0     0     0   195     0     0]
 [    1     0    52     0     0     0     0     0     0     0     0]
 [   47     0     0     0     0     0     0     0     0     0     0]]
Figure(640x480)
[[56158     0     0     0     0     0     0     0     0     0     0]
 [21441     0     0     0     0     0     0     0     0     0     0]
 [ 4530     0 14909     9     0     0     0     8     0     0     0]
 [    0     0    16   425     0     0     0     0     0     0     0]
 [  316     0     2     0     0     0     0     0     0     0     0]
 [  249     0     1     0     0     0     0     0     0     0     0]
 [  194     0    14     0     0     0     0     0     0     0     0]
 [    0     0   143     0     0     0     0    61     0     0     0]
 [    1     0     0     0     0     0     0     0   195     0     0]
 [   53     0     0     0     0     0     0     0     0     0     0]
 [   47     0     0     0     0     0     0     0     0     0     0]]
Figure(640x480)
[[56118     0    40     0     0     0     0     0     0     0     0]
 [    0 21439     2     0     0     0     0     0     0     0     0]
 [   38    14 19378    15     0     0     0    11     0     0     0]
 [    0     0     3   438     0     0     0     0     0     0     0]
 [    0   276    42     0     0     0     0     0     0     0     0]
 [    0     0   250     0     0     0     0     0     0     0     0]
 [    0    18   189     0     0     0     1     0     0     0     0]
 [    0     0   142     0     0     0     0    62     0     0     0]
 [    1     0     0     0     0     0     0     0   195     0     0]
 [   52     0     1     0     0     0     0     0     0     0     0]
 [    0    23    24     0     0     0     0     0     0     0     0]]
Figure(640x480)
[[56118     0    40     0     0     0     0     0     0     0     0]
 [    0 21441     0     0     0     0     0     0     0     0     0]
 [   34     9 19391    16     0     0     1     5     0     0     0]
 [    0     0     3   438     0     0     0     0     0     0     0]
 [    0     7    39     0   272     0     0     0     0     0     0]
 [    0     0   103     0     0   128    19     0     0     0     0]
 [    0    21     7     0     0     0   180     0     0     0     0]
 [    0     0   145     0     0     0     0    59     0     0     0]
 [    0     0     1     0     0     0     0     0   195     0     0]
 [   33     0    20     0     0     0     0     0     0     0     0]
 [    0    23    14     0     0    10     0     0     0     0     0]]
Figure(640x480)
[[56131     0    27     0     0     0     0     0     0     0     0]
 [    0 21441     0     0     0     0     0     0     0     0     0]
 [    8     3 19423    14     0     4     0     4     0     0     0]
 [    0     0     5   436     0     0     0     0     0     0     0]
 [    0     2    41     0   274     0     1     0     0     0     0]
 [    0     0    14     0     0   236     0     0     0     0     0]
 [    0    18    13     0     0     0   177     0     0     0     0]
 [    0     0   137     0     0     2     0    65     0     0     0]
 [    0     0     1     0     0     0     0     0   195     0     0]
 [    8     4    20     0     0    20     0     1     0     0     0]
 [    0    22     6     0     0    19     0     0     0     0     0]]
Figure(640x480)
