total count words 102019
vocab size 30000
found 26754 words in glove
model: LinearModelML(
  (layers): ModuleList(
    (0): EMBLayer(
      (enc): ENC(
        (b): Sequential(
          (0): Linear(in_features=300, out_features=128, bias=True)
          (1): Tanh()
        )
        (f): Embedding(30000, 300)
        (cri): MSELoss()
      )
      (ae): AE(
        (g): Sequential(
          (0): Linear(in_features=4, out_features=128, bias=True)
          (1): Tanh()
        )
        (h): Sequential(
          (0): Linear(in_features=128, out_features=4, bias=True)
          (1): Sigmoid()
        )
        (cri): CrossEntropyLoss()
      )
    )
    (1): LinearLayer(
      (enc): ENC(
        (b): Sequential(
          (0): Linear(in_features=300, out_features=128, bias=True)
          (1): Tanh()
        )
        (f): Sequential(
          (0): Linear(in_features=300, out_features=300, bias=True)
          (1): ELU(alpha=1.0)
        )
        (cri): MSELoss()
      )
      (ae): AE(
        (g): Sequential(
          (0): Linear(in_features=128, out_features=128, bias=True)
          (1): Tanh()
        )
        (h): Sequential(
          (0): Linear(in_features=128, out_features=128, bias=True)
        )
        (cri): MSELoss()
      )
    )
    (2): LinearLayer(
      (enc): ENC(
        (b): Sequential(
          (0): Linear(in_features=300, out_features=128, bias=True)
          (1): Tanh()
        )
        (f): Sequential(
          (0): Linear(in_features=300, out_features=300, bias=True)
          (1): ELU(alpha=1.0)
        )
        (cri): MSELoss()
      )
      (ae): AE(
        (g): Sequential(
          (0): Linear(in_features=128, out_features=128, bias=True)
          (1): Tanh()
        )
        (h): Sequential(
          (0): Linear(in_features=128, out_features=128, bias=True)
        )
        (cri): MSELoss()
      )
    )
    (3): LinearLayer(
      (enc): ENC(
        (b): Sequential(
          (0): Linear(in_features=300, out_features=128, bias=True)
          (1): Tanh()
        )
        (f): Sequential(
          (0): Linear(in_features=300, out_features=300, bias=True)
          (1): ELU(alpha=1.0)
        )
        (cri): MSELoss()
      )
      (ae): AE(
        (g): Sequential(
          (0): Linear(in_features=128, out_features=128, bias=True)
          (1): Tanh()
        )
        (h): Sequential(
          (0): Linear(in_features=128, out_features=128, bias=True)
        )
        (cri): MSELoss()
      )
    )
    (4): LinearLayer(
      (enc): ENC(
        (b): Sequential(
          (0): Linear(in_features=300, out_features=128, bias=True)
          (1): Tanh()
        )
        (f): Sequential(
          (0): Linear(in_features=300, out_features=300, bias=True)
          (1): ELU(alpha=1.0)
        )
        (cri): MSELoss()
      )
      (ae): AE(
        (g): Sequential(
          (0): Linear(in_features=128, out_features=128, bias=True)
          (1): Tanh()
        )
        (h): Sequential(
          (0): Linear(in_features=128, out_features=128, bias=True)
        )
        (cri): MSELoss()
      )
    )
  )
)
layers.0.enc.b.0.weight 38400
layers.0.enc.b.0.bias 128
layers.0.enc.f.weight 9000000
layers.0.ae.g.0.weight 512
layers.0.ae.g.0.bias 128
layers.0.ae.h.0.weight 512
layers.0.ae.h.0.bias 4
layers.1.enc.b.0.weight 38400
layers.1.enc.b.0.bias 128
layers.1.enc.f.0.weight 90000
layers.1.enc.f.0.bias 300
layers.1.ae.g.0.weight 16384
layers.1.ae.g.0.bias 128
layers.1.ae.h.0.weight 16384
layers.1.ae.h.0.bias 128
layers.2.enc.b.0.weight 38400
layers.2.enc.b.0.bias 128
layers.2.enc.f.0.weight 90000
layers.2.enc.f.0.bias 300
layers.2.ae.g.0.weight 16384
layers.2.ae.g.0.bias 128
layers.2.ae.h.0.weight 16384
layers.2.ae.h.0.bias 128
layers.3.enc.b.0.weight 38400
layers.3.enc.b.0.bias 128
layers.3.enc.f.0.weight 90000
layers.3.enc.f.0.bias 300
layers.3.ae.g.0.weight 16384
layers.3.ae.g.0.bias 128
layers.3.ae.h.0.weight 16384
layers.3.ae.h.0.bias 128
layers.4.enc.b.0.weight 38400
layers.4.enc.b.0.bias 128
layers.4.enc.f.0.weight 90000
layers.4.enc.f.0.bias 300
layers.4.ae.g.0.weight 16384
layers.4.ae.g.0.bias 128
layers.4.ae.h.0.weight 16384
layers.4.ae.h.0.bias 128
Total Trainable Params: 9687092
Start Training
train_mask {0}
gc 0
Train Epoch0 Acc 0.24136666666666667 (28964/120000), AUC 0.5371842384338379
ep0_train_time 4.376579284667969
Test Epoch0 threshold 0.6 Acc 0.9103618421052632, AUC 0.979708194732666, avg_entr 0.15273313224315643
ep0_t0.6_test_time 0.07291245460510254
Save ckpt to ckpt/ag_news_linearal_l5adp_pad25_t0.6_m1//ag_news_linearal_l5_prefix.pt  ,ep 0
gc 0
Train Epoch1 Acc 0.24766666666666667 (29720/120000), AUC 0.5618869066238403
ep1_train_time 3.919480562210083
Test Epoch1 threshold 0.6 Acc 0.9143092105263158, AUC 0.9810805916786194, avg_entr 0.09571348130702972
ep1_t0.6_test_time 0.0742197036743164
Save ckpt to ckpt/ag_news_linearal_l5adp_pad25_t0.6_m1//ag_news_linearal_l5_prefix.pt  ,ep 1
gc 0
Train Epoch2 Acc 0.2501083333333333 (30013/120000), AUC 0.5657803416252136
ep2_train_time 4.089919328689575
Test Epoch2 threshold 0.6 Acc 0.9136513157894737, AUC 0.980792224407196, avg_entr 0.07527047395706177
ep2_t0.6_test_time 0.07299590110778809
gc 0
Train Epoch3 Acc 0.251775 (30213/120000), AUC 0.5679100751876831
ep3_train_time 3.8456923961639404
Test Epoch3 threshold 0.6 Acc 0.9129934210526316, AUC 0.9808207750320435, avg_entr 0.06584177166223526
ep3_t0.6_test_time 0.07201743125915527
gc 0
Train Epoch4 Acc 0.25280833333333336 (30337/120000), AUC 0.5702266097068787
ep4_train_time 3.8444743156433105
Test Epoch4 threshold 0.6 Acc 0.9125, AUC 0.9804301261901855, avg_entr 0.059201501309871674
ep4_t0.6_test_time 0.07138800621032715
gc 0
Train Epoch5 Acc 0.2539 (30468/120000), AUC 0.5719558000564575
ep5_train_time 3.8554277420043945
Test Epoch5 threshold 0.6 Acc 0.9108552631578948, AUC 0.98015296459198, avg_entr 0.05373338237404823
ep5_t0.6_test_time 0.07081389427185059
gc 0
Train Epoch6 Acc 0.2546583333333333 (30559/120000), AUC 0.5737674236297607
ep6_train_time 3.8396990299224854
Test Epoch6 threshold 0.6 Acc 0.9115131578947369, AUC 0.9799765348434448, avg_entr 0.050120990723371506
ep6_t0.6_test_time 0.07082295417785645
gc 0
Train Epoch7 Acc 0.25466666666666665 (30560/120000), AUC 0.5734692811965942
ep7_train_time 3.8419909477233887
Test Epoch7 threshold 0.6 Acc 0.9113486842105263, AUC 0.9797950983047485, avg_entr 0.048499755561351776
ep7_t0.6_test_time 0.07114529609680176
gc 0
Train Epoch8 Acc 0.25505833333333333 (30607/120000), AUC 0.573537290096283
ep8_train_time 3.8111894130706787
Test Epoch8 threshold 0.6 Acc 0.9106907894736842, AUC 0.9795163869857788, avg_entr 0.04613828659057617
ep8_t0.6_test_time 0.07149815559387207
gc 0
Train Epoch9 Acc 0.2553 (30636/120000), AUC 0.5737930536270142
ep9_train_time 3.8027963638305664
Test Epoch9 threshold 0.6 Acc 0.9092105263157895, AUC 0.9792646169662476, avg_entr 0.04427258297801018
ep9_t0.6_test_time 0.07161355018615723
Best AUC 0.9810805916786194
train_loss (2, 5, 10)
valid_acc (10, 1)
valid_AUC (10, 1)
train_acc (10,)
Figure(640x480)
Figure(640x480)
Figure(640x480)
Figure(640x480)
Figure(640x480)
Start Testing
Load ckpt at ckpt/ag_news_linearal_l5adp_pad25_t0.6_m1//ag_news_linearal_l5_prefix.pt
Test threshold 0.6 Acc 0.925, AUC 0.985465943813324, avg_entr 0.1005086675286293
t0.6_test_time 0.018768310546875
