total count words 102019
vocab size 30000
found 26754 words in glove
Start Training
[[6.92541629e+02 5.86626920e+01]
 [1.06017714e+00 3.49795125e+01]
 [6.13525121e-01 2.75029384e+01]
 [5.85077072e-01 2.24601432e+01]
 [5.56655807e-01 1.78365450e+01]
 [6.66617602e-01 1.44340683e+01]
 [5.66907602e-01 1.14751541e+01]
 [5.01057954e-01 8.82060852e+00]
 [5.04812113e-01 6.57080123e+00]
 [4.69255997e-01 4.71468327e+00]]
Train Epoch0 Acc 0.8573666666666667 (102884/120000)
Test Epoch0 layer0 Acc 0.9135526315789474
Test Epoch0 layer1 Acc 0.9138157894736842
Test Epoch0 layer2 Acc 0.9140789473684211
Test Epoch0 layer3 Acc 0.9142105263157895
Test Epoch0 layer4 Acc 0.9134210526315789
Test Epoch0 layer5 Acc 0.9123684210526316
Test Epoch0 layer6 Acc 0.9126315789473685
Test Epoch0 layer7 Acc 0.9130263157894737
Test Epoch0 layer8 Acc 0.9121052631578948
Test Epoch0 layer9 Acc 0.9117105263157895
[[6.39318942e+02 5.37141547e+01]
 [3.53288319e-03 2.82895702e+01]
 [1.15832247e-02 2.18101153e+01]
 [1.50987555e-02 1.70418704e+01]
 [1.82856109e-02 1.27411612e+01]
 [1.58659099e-02 9.76569942e+00]
 [1.74640428e-02 7.21263360e+00]
 [1.62373535e-02 5.13904773e+00]
 [1.41110985e-02 3.58413633e+00]
 [1.11099658e-02 2.39539853e+00]]
Train Epoch1 Acc 0.93505 (112206/120000)
Test Epoch1 layer0 Acc 0.9138157894736842
Test Epoch1 layer1 Acc 0.916578947368421
Test Epoch1 layer2 Acc 0.9152631578947369
Test Epoch1 layer3 Acc 0.9155263157894736
Test Epoch1 layer4 Acc 0.9157894736842105
Test Epoch1 layer5 Acc 0.915
Test Epoch1 layer6 Acc 0.9153947368421053
Test Epoch1 layer7 Acc 0.9157894736842105
Test Epoch1 layer8 Acc 0.9164473684210527
Test Epoch1 layer9 Acc 0.915921052631579
[[6.39008186e+02 5.43217915e+01]
 [1.27920917e-02 2.60357261e+01]
 [1.85015395e-02 1.91680732e+01]
 [1.93008169e-02 1.39223816e+01]
 [1.65571402e-02 9.36666835e+00]
 [1.49446367e-02 6.36774285e+00]
 [1.19046680e-02 4.25159297e+00]
 [9.97029743e-03 2.78401453e+00]
 [8.17246081e-03 1.80551818e+00]
 [7.29703380e-03 1.12235663e+00]]
Train Epoch2 Acc 0.9472833333333334 (113674/120000)
Test Epoch2 layer0 Acc 0.9130263157894737
Test Epoch2 layer1 Acc 0.9163157894736842
Test Epoch2 layer2 Acc 0.9153947368421053
Test Epoch2 layer3 Acc 0.915921052631579
Test Epoch2 layer4 Acc 0.915921052631579
Test Epoch2 layer5 Acc 0.9152631578947369
Test Epoch2 layer6 Acc 0.915921052631579
Test Epoch2 layer7 Acc 0.9156578947368421
Test Epoch2 layer8 Acc 0.9157894736842105
Test Epoch2 layer9 Acc 0.9156578947368421
[[6.38941841e+02 5.55297134e+01]
 [1.14977543e-02 2.37463221e+01]
 [1.68448251e-02 1.65186107e+01]
 [1.77848823e-02 1.09803715e+01]
 [1.58767102e-02 6.59289095e+00]
 [1.37248976e-02 4.02793852e+00]
 [1.21938105e-02 2.40455908e+00]
 [1.04553285e-02 1.39474320e+00]
 [8.88189036e-03 7.97130802e-01]
 [7.36787063e-03 4.50732990e-01]]
Train Epoch3 Acc 0.9554833333333334 (114658/120000)
Test Epoch3 layer0 Acc 0.9171052631578948
Test Epoch3 layer1 Acc 0.9111842105263158
Test Epoch3 layer2 Acc 0.9106578947368421
Test Epoch3 layer3 Acc 0.9114473684210527
Test Epoch3 layer4 Acc 0.9117105263157895
Test Epoch3 layer5 Acc 0.9113157894736842
Test Epoch3 layer6 Acc 0.911578947368421
Test Epoch3 layer7 Acc 0.911578947368421
Test Epoch3 layer8 Acc 0.9117105263157895
Test Epoch3 layer9 Acc 0.9114473684210527
[[6.38922075e+02 5.70472164e+01]
 [1.14826974e-02 2.22239022e+01]
 [1.49979195e-02 1.46399855e+01]
 [1.32459736e-02 9.21013945e+00]
 [1.28615323e-02 5.16069865e+00]
 [1.15125445e-02 2.84212724e+00]
 [1.03244815e-02 1.49611784e+00]
 [8.54776475e-03 7.51570177e-01]
 [7.49689317e-03 3.73213713e-01]
 [6.08284794e-03 1.83674871e-01]]
Train Epoch4 Acc 0.96285 (115542/120000)
Test Epoch4 layer0 Acc 0.915
Test Epoch4 layer1 Acc 0.915
Test Epoch4 layer2 Acc 0.9138157894736842
Test Epoch4 layer3 Acc 0.9138157894736842
Test Epoch4 layer4 Acc 0.9144736842105263
Test Epoch4 layer5 Acc 0.9140789473684211
Test Epoch4 layer6 Acc 0.9139473684210526
Test Epoch4 layer7 Acc 0.9140789473684211
Test Epoch4 layer8 Acc 0.9138157894736842
Test Epoch4 layer9 Acc 0.9138157894736842
[[6.38915459e+02 5.86806725e+01]
 [1.08600396e-02 2.02047382e+01]
 [1.63455035e-02 1.29699143e+01]
 [1.38653516e-02 7.78341204e+00]
 [1.30118271e-02 4.19456036e+00]
 [1.19839411e-02 2.14136517e+00]
 [1.24181695e-02 1.04166233e+00]
 [1.67523104e-02 4.57901515e-01]
 [2.21982944e-02 1.91457187e-01]
 [2.20996481e-02 9.28361092e-02]]
Train Epoch5 Acc 0.9694083333333333 (116329/120000)
Test Epoch5 layer0 Acc 0.916578947368421
Test Epoch5 layer1 Acc 0.9121052631578948
Test Epoch5 layer2 Acc 0.9111842105263158
Test Epoch5 layer3 Acc 0.9111842105263158
Test Epoch5 layer4 Acc 0.9107894736842105
Test Epoch5 layer5 Acc 0.9117105263157895
Test Epoch5 layer6 Acc 0.9117105263157895
Test Epoch5 layer7 Acc 0.9117105263157895
Test Epoch5 layer8 Acc 0.9117105263157895
Test Epoch5 layer9 Acc 0.9118421052631579
[[6.38913069e+02 6.02981412e+01]
 [9.69092653e-03 1.81578957e+01]
 [1.44754636e-02 1.11792917e+01]
 [1.50056791e-02 6.59546959e+00]
 [1.90303336e-02 3.43437799e+00]
 [3.48012675e-02 1.66784434e+00]
 [5.43140916e-02 7.93790030e-01]
 [6.45095719e-02 3.76791126e-01]
 [6.53836629e-02 1.99073853e-01]
 [5.66940533e-02 1.36688286e-01]]
Train Epoch6 Acc 0.9739083333333334 (116869/120000)
Test Epoch6 layer0 Acc 0.9131578947368421
Test Epoch6 layer1 Acc 0.91
Test Epoch6 layer2 Acc 0.9092105263157895
Test Epoch6 layer3 Acc 0.9086842105263158
Test Epoch6 layer4 Acc 0.9084210526315789
Test Epoch6 layer5 Acc 0.9086842105263158
Test Epoch6 layer6 Acc 0.9093421052631578
Test Epoch6 layer7 Acc 0.9092105263157895
Test Epoch6 layer8 Acc 0.9089473684210526
Test Epoch6 layer9 Acc 0.9092105263157895
[[6.38912402e+02 6.19106083e+01]
 [8.37804168e-03 1.58340969e+01]
 [1.53877316e-02 8.76193201e+00]
 [2.54621930e-02 4.62589422e+00]
 [5.55637201e-02 2.14427584e+00]
 [8.56347369e-02 1.10764957e+00]
 [9.09811042e-02 6.12922575e-01]
 [9.03521545e-02 3.54817096e-01]
 [8.69385933e-02 2.33568258e-01]
 [7.30491343e-02 1.86988867e-01]]
Train Epoch7 Acc 0.9708166666666667 (116498/120000)
Test Epoch7 layer0 Acc 0.9131578947368421
Test Epoch7 layer1 Acc 0.906578947368421
Test Epoch7 layer2 Acc 0.905921052631579
Test Epoch7 layer3 Acc 0.905921052631579
Test Epoch7 layer4 Acc 0.905921052631579
Test Epoch7 layer5 Acc 0.905921052631579
Test Epoch7 layer6 Acc 0.9055263157894737
Test Epoch7 layer7 Acc 0.9055263157894737
Test Epoch7 layer8 Acc 0.9052631578947369
Test Epoch7 layer9 Acc 0.9061842105263158
[[6.38911922e+02 6.33118974e+01]
 [8.77575215e-03 1.40162039e+01]
 [1.78896431e-02 7.59527596e+00]
 [2.69747201e-02 3.66420315e+00]
 [6.50487853e-02 1.59870771e+00]
 [8.59306122e-02 7.91924929e-01]
 [9.42571274e-02 4.40015890e-01]
 [7.53760655e-02 2.67857865e-01]
 [5.74328036e-02 1.85750037e-01]
 [4.86529806e-02 1.46756510e-01]]
Train Epoch8 Acc 0.9726583333333333 (116719/120000)
Test Epoch8 layer0 Acc 0.9144736842105263
Test Epoch8 layer1 Acc 0.9075
Test Epoch8 layer2 Acc 0.9067105263157895
Test Epoch8 layer3 Acc 0.9078947368421053
Test Epoch8 layer4 Acc 0.9075
Test Epoch8 layer5 Acc 0.9076315789473685
Test Epoch8 layer6 Acc 0.9077631578947368
Test Epoch8 layer7 Acc 0.9069736842105263
Test Epoch8 layer8 Acc 0.9069736842105263
Test Epoch8 layer9 Acc 0.9076315789473685
[[6.38911743e+02 6.47738519e+01]
 [7.91357994e-03 1.26741468e+01]
 [2.18875144e-02 6.46405245e+00]
 [4.93947512e-02 2.80687762e+00]
 [1.10395708e-01 1.21261181e+00]
 [1.27344596e-01 6.08617386e-01]
 [1.11115228e-01 4.15504745e-01]
 [1.02954310e-01 3.08818083e-01]
 [8.96806561e-02 2.50838029e-01]
 [7.34616147e-02 2.07513605e-01]]
Train Epoch9 Acc 0.96825 (116190/120000)
Test Epoch9 layer0 Acc 0.9135526315789474
Test Epoch9 layer1 Acc 0.9040789473684211
Test Epoch9 layer2 Acc 0.9044736842105263
Test Epoch9 layer3 Acc 0.9052631578947369
Test Epoch9 layer4 Acc 0.9051315789473684
Test Epoch9 layer5 Acc 0.9051315789473684
Test Epoch9 layer6 Acc 0.9048684210526315
Test Epoch9 layer7 Acc 0.9046052631578947
Test Epoch9 layer8 Acc 0.9051315789473684
Test Epoch9 layer9 Acc 0.9048684210526315
[[6.38911743e+02 6.51437845e+01]
 [5.88431946e-03 1.14130402e+01]
 [1.48972249e-02 5.75970260e+00]
 [2.71650784e-02 2.26586450e+00]
 [5.09629685e-02 8.84362800e-01]
 [6.42851391e-02 3.84404169e-01]
 [5.81770921e-02 2.40048038e-01]
 [4.84841318e-02 1.66230918e-01]
 [3.55198723e-02 1.29748328e-01]
 [3.03708741e-02 1.12031444e-01]]
Train Epoch10 Acc 0.9830333333333333 (117964/120000)
Test Epoch10 layer0 Acc 0.9125
Test Epoch10 layer1 Acc 0.9076315789473685
Test Epoch10 layer2 Acc 0.9080263157894737
Test Epoch10 layer3 Acc 0.9084210526315789
Test Epoch10 layer4 Acc 0.9076315789473685
Test Epoch10 layer5 Acc 0.9076315789473685
Test Epoch10 layer6 Acc 0.9080263157894737
Test Epoch10 layer7 Acc 0.9075
Test Epoch10 layer8 Acc 0.9060526315789473
Test Epoch10 layer9 Acc 0.6947368421052632
[[6.38911743e+02 6.46188444e+01]
 [8.03566402e-03 9.96733640e+00]
 [3.58661748e-02 4.78581830e+00]
 [1.14086174e-01 1.94628799e+00]
 [1.68458536e-01 9.36142638e-01]
 [2.00584495e-01 5.79287137e-01]
 [1.63254176e-01 4.14815062e-01]
 [1.35035566e-01 3.33426417e-01]
 [1.30979082e-01 2.82132839e-01]
 [1.07778395e-01 2.55078532e-01]]
Train Epoch11 Acc 0.9695666666666667 (116348/120000)
Test Epoch11 layer0 Acc 0.9118421052631579
Test Epoch11 layer1 Acc 0.908157894736842
Test Epoch11 layer2 Acc 0.9075
Test Epoch11 layer3 Acc 0.9073684210526316
Test Epoch11 layer4 Acc 0.9076315789473685
Test Epoch11 layer5 Acc 0.9068421052631579
Test Epoch11 layer6 Acc 0.9068421052631579
Test Epoch11 layer7 Acc 0.9067105263157895
Test Epoch11 layer8 Acc 0.9069736842105263
Test Epoch11 layer9 Acc 0.906578947368421
[[6.38911743e+02 6.41840430e+01]
 [6.84474601e-03 8.86540872e+00]
 [5.06192176e-02 3.98652903e+00]
 [1.18030197e-01 1.75366238e+00]
 [1.85913518e-01 9.58268179e-01]
 [1.96521860e-01 6.26388865e-01]
 [1.68573125e-01 4.80207632e-01]
 [1.64237934e-01 3.93391796e-01]
 [1.49735716e-01 3.40855594e-01]
 [1.29110811e-01 3.26300970e-01]]
Train Epoch12 Acc 0.9520166666666666 (114242/120000)
Test Epoch12 layer0 Acc 0.9110526315789473
Test Epoch12 layer1 Acc 0.9068421052631579
Test Epoch12 layer2 Acc 0.9061842105263158
Test Epoch12 layer3 Acc 0.905
Test Epoch12 layer4 Acc 0.905
Test Epoch12 layer5 Acc 0.9047368421052632
Test Epoch12 layer6 Acc 0.9047368421052632
Test Epoch12 layer7 Acc 0.9048684210526315
Test Epoch12 layer8 Acc 0.904342105263158
Test Epoch12 layer9 Acc 0.9047368421052632
[[6.38911743e+02 6.38540058e+01]
 [5.18536531e-03 7.92037554e+00]
 [3.20769715e-02 3.31470065e+00]
 [7.54188988e-02 1.29383715e+00]
 [1.01434975e-01 6.33885604e-01]
 [9.70054031e-02 4.06551217e-01]
 [8.28740670e-02 3.11112581e-01]
 [7.79393891e-02 2.43201068e-01]
 [7.54935097e-02 2.26203839e-01]
 [7.55538071e-02 2.12097203e-01]]
Train Epoch13 Acc 0.95155 (114186/120000)
Test Epoch13 layer0 Acc 0.9113157894736842
Test Epoch13 layer1 Acc 0.9063157894736842
Test Epoch13 layer2 Acc 0.9051315789473684
Test Epoch13 layer3 Acc 0.9057894736842105
Test Epoch13 layer4 Acc 0.9052631578947369
Test Epoch13 layer5 Acc 0.9048684210526315
Test Epoch13 layer6 Acc 0.9053947368421053
Test Epoch13 layer7 Acc 0.9053947368421053
Test Epoch13 layer8 Acc 0.9057894736842105
Test Epoch13 layer9 Acc 0.905
[[6.38911743e+02 6.35064268e+01]
 [3.76766916e-03 7.13224848e+00]
 [2.47999212e-02 2.80601029e+00]
 [6.89624712e-02 1.03575367e+00]
 [8.34207709e-02 5.08216932e-01]
 [8.04038848e-02 3.33925717e-01]
 [7.92147364e-02 2.49980817e-01]
 [7.73776756e-02 2.20514536e-01]
 [6.71044892e-02 2.01496315e-01]
 [6.04367196e-02 1.90170175e-01]]
Train Epoch14 Acc 0.9729083333333334 (116749/120000)
Test Epoch14 layer0 Acc 0.9102631578947369
Test Epoch14 layer1 Acc 0.9018421052631579
Test Epoch14 layer2 Acc 0.9017105263157895
Test Epoch14 layer3 Acc 0.9023684210526316
Test Epoch14 layer4 Acc 0.9019736842105263
Test Epoch14 layer5 Acc 0.9017105263157895
Test Epoch14 layer6 Acc 0.9022368421052631
Test Epoch14 layer7 Acc 0.9021052631578947
Test Epoch14 layer8 Acc 0.9011842105263158
Test Epoch14 layer9 Acc 0.9013157894736842
[[6.38911743e+02 6.32258722e+01]
 [4.64802593e-03 6.52358490e+00]
 [5.49885385e-02 2.49902328e+00]
 [1.75117351e-01 1.05281020e+00]
 [1.86428826e-01 6.15226331e-01]
 [1.70845738e-01 4.91052010e-01]
 [1.56189304e-01 4.19182385e-01]
 [1.49990512e-01 3.74439695e-01]
 [1.24857055e-01 3.52627866e-01]
 [1.23885249e-01 3.36697524e-01]]
Train Epoch15 Acc 0.9619833333333333 (115438/120000)
Test Epoch15 layer0 Acc 0.9107894736842105
Test Epoch15 layer1 Acc 0.9069736842105263
Test Epoch15 layer2 Acc 0.9075
Test Epoch15 layer3 Acc 0.9077631578947368
Test Epoch15 layer4 Acc 0.9082894736842105
Test Epoch15 layer5 Acc 0.908157894736842
Test Epoch15 layer6 Acc 0.908157894736842
Test Epoch15 layer7 Acc 0.9072368421052631
Test Epoch15 layer8 Acc 0.9071052631578947
Test Epoch15 layer9 Acc 0.9061842105263158
[[6.38911743e+02 6.30032685e+01]
 [3.04221557e-03 6.14741331e+00]
 [5.46265299e-03 2.05246214e+00]
 [5.22280657e-03 6.14941084e-01]
 [3.99933749e-03 2.06070375e-01]
 [3.10442936e-03 8.63087702e-02]
 [2.85551179e-03 4.90788476e-02]
 [2.88216515e-03 3.54999238e-02]
 [2.80127198e-03 2.73940625e-02]
 [3.27159814e-03 2.38353685e-02]]
Train Epoch16 Acc 0.9916666666666667 (119000/120000)
Test Epoch16 layer0 Acc 0.911578947368421
Test Epoch16 layer1 Acc 0.905921052631579
Test Epoch16 layer2 Acc 0.9055263157894737
Test Epoch16 layer3 Acc 0.9055263157894737
Test Epoch16 layer4 Acc 0.9052631578947369
Test Epoch16 layer5 Acc 0.9052631578947369
Test Epoch16 layer6 Acc 0.9052631578947369
Test Epoch16 layer7 Acc 0.9051315789473684
Test Epoch16 layer8 Acc 0.9044736842105263
Test Epoch16 layer9 Acc 0.9047368421052632
[[6.38911743e+02 6.27324847e+01]
 [3.81029846e-03 5.43769404e+00]
 [5.51047900e-02 1.99332107e+00]
 [1.73801213e-01 9.14640216e-01]
 [2.06143893e-01 6.42762785e-01]
 [2.00937229e-01 5.37474248e-01]
 [1.82229512e-01 4.73319042e-01]
 [1.62578538e-01 4.40716810e-01]
 [1.48074513e-01 4.23877877e-01]
 [1.37437687e-01 4.16157647e-01]]
Train Epoch17 Acc 0.93155 (111786/120000)
Test Epoch17 layer0 Acc 0.9106578947368421
Test Epoch17 layer1 Acc 0.901578947368421
Test Epoch17 layer2 Acc 0.9019736842105263
Test Epoch17 layer3 Acc 0.9019736842105263
Test Epoch17 layer4 Acc 0.9019736842105263
Test Epoch17 layer5 Acc 0.9018421052631579
Test Epoch17 layer6 Acc 0.9022368421052631
Test Epoch17 layer7 Acc 0.9026315789473685
Test Epoch17 layer8 Acc 0.9021052631578947
Test Epoch17 layer9 Acc 0.8981578947368422
[[6.38911743e+02 6.24771922e+01]
 [3.14596131e-03 5.07226525e+00]
 [3.29936660e-02 1.59160311e+00]
 [7.75736087e-02 6.09043000e-01]
 [1.12874979e-01 3.79658801e-01]
 [1.05115277e-01 3.01697829e-01]
 [9.61372851e-02 2.64554235e-01]
 [8.76326230e-02 2.55422756e-01]
 [9.03803561e-02 2.43234414e-01]
 [8.38842187e-02 2.39485164e-01]]
Train Epoch18 Acc 0.9710833333333333 (116530/120000)
Test Epoch18 layer0 Acc 0.9106578947368421
Test Epoch18 layer1 Acc 0.9060526315789473
Test Epoch18 layer2 Acc 0.9053947368421053
Test Epoch18 layer3 Acc 0.9053947368421053
Test Epoch18 layer4 Acc 0.9046052631578947
Test Epoch18 layer5 Acc 0.9039473684210526
Test Epoch18 layer6 Acc 0.9035526315789474
Test Epoch18 layer7 Acc 0.9040789473684211
Test Epoch18 layer8 Acc 0.9036842105263158
Test Epoch18 layer9 Acc 0.9040789473684211
[[6.38911743e+02 6.23240500e+01]
 [2.03817161e-03 4.53457608e+00]
 [2.87576513e-03 1.29449727e+00]
 [2.98658345e-03 3.64035948e-01]
 [2.99077759e-03 1.36459038e-01]
 [2.53391904e-03 7.41170089e-02]
 [2.24540904e-03 4.29323294e-02]
 [1.90997122e-03 2.96230416e-02]
 [1.92446852e-03 2.50287652e-02]
 [2.18971462e-03 2.47110374e-02]]
Train Epoch19 Acc 0.9928166666666667 (119138/120000)
Test Epoch19 layer0 Acc 0.9088157894736842
Test Epoch19 layer1 Acc 0.9048684210526315
Test Epoch19 layer2 Acc 0.9042105263157895
Test Epoch19 layer3 Acc 0.9051315789473684
Test Epoch19 layer4 Acc 0.9052631578947369
Test Epoch19 layer5 Acc 0.9053947368421053
Test Epoch19 layer6 Acc 0.9055263157894737
Test Epoch19 layer7 Acc 0.9052631578947369
Test Epoch19 layer8 Acc 0.9044736842105263
Test Epoch19 layer9 Acc 0.9044736842105263
Best acc 0.9171052631578948
train_loss (2, 10, 20)
valid_acc (10, 20)
train_acc (20,)
Figure(640x480)
Figure(640x480)
Figure(640x480)
