total count words 102019
vocab size 30000
found 26754 words in glove
Load ckpt from ckpt/ag_news_lstmal_l5adp_pad175_t0.8_m4//ag_news_lstmal_l5_prefix.pt
model: LSTMModelML(
  (layers): ModuleList(
    (0): EMBLayer(
      (enc): ENC(
        (b): Sequential(
          (0): Linear(in_features=300, out_features=128, bias=True)
          (1): Tanh()
        )
        (f): Embedding(30000, 300)
        (cri): MSELoss()
      )
      (ae): AE(
        (g): Sequential(
          (0): Linear(in_features=4, out_features=128, bias=True)
          (1): Tanh()
        )
        (h): Sequential(
          (0): Linear(in_features=128, out_features=4, bias=True)
          (1): Sigmoid()
        )
        (cri): CrossEntropyLoss()
      )
    )
    (1): LSTMLayer(
      (enc): ENC(
        (b): Sequential(
          (0): Linear(in_features=300, out_features=128, bias=True)
          (1): Tanh()
        )
        (f): LSTM(300, 300, batch_first=True, bidirectional=True)
        (cri): MSELoss()
      )
      (ae): AE(
        (g): Sequential(
          (0): Linear(in_features=128, out_features=128, bias=True)
          (1): Tanh()
        )
        (h): Sequential(
          (0): Linear(in_features=128, out_features=128, bias=True)
        )
        (cri): MSELoss()
      )
    )
    (2): LSTMLayer(
      (enc): ENC(
        (b): Sequential(
          (0): Linear(in_features=300, out_features=128, bias=True)
          (1): Tanh()
        )
        (f): LSTM(600, 300, batch_first=True, bidirectional=True)
        (cri): MSELoss()
      )
      (ae): AE(
        (g): Sequential(
          (0): Linear(in_features=128, out_features=128, bias=True)
          (1): Tanh()
        )
        (h): Sequential(
          (0): Linear(in_features=128, out_features=128, bias=True)
        )
        (cri): MSELoss()
      )
    )
    (3): LSTMLayer(
      (enc): ENC(
        (b): Sequential(
          (0): Linear(in_features=300, out_features=128, bias=True)
          (1): Tanh()
        )
        (f): LSTM(600, 300, batch_first=True, bidirectional=True)
        (cri): MSELoss()
      )
      (ae): AE(
        (g): Sequential(
          (0): Linear(in_features=128, out_features=128, bias=True)
          (1): Tanh()
        )
        (h): Sequential(
          (0): Linear(in_features=128, out_features=128, bias=True)
        )
        (cri): MSELoss()
      )
    )
    (4): LSTMLayer(
      (enc): ENC(
        (b): Sequential(
          (0): Linear(in_features=300, out_features=128, bias=True)
          (1): Tanh()
        )
        (f): LSTM(600, 300, batch_first=True, bidirectional=True)
        (cri): MSELoss()
      )
      (ae): AE(
        (g): Sequential(
          (0): Linear(in_features=128, out_features=128, bias=True)
          (1): Tanh()
        )
        (h): Sequential(
          (0): Linear(in_features=128, out_features=128, bias=True)
        )
        (cri): MSELoss()
      )
    )
  )
)
layers.0.enc.b.0.weight 38400
layers.0.enc.b.0.bias 128
layers.0.enc.f.weight 9000000
layers.0.ae.g.0.weight 512
layers.0.ae.g.0.bias 128
layers.0.ae.h.0.weight 512
layers.0.ae.h.0.bias 4
layers.1.enc.b.0.weight 38400
layers.1.enc.b.0.bias 128
layers.1.enc.f.weight_ih_l0 360000
layers.1.enc.f.weight_hh_l0 360000
layers.1.enc.f.bias_ih_l0 1200
layers.1.enc.f.bias_hh_l0 1200
layers.1.enc.f.weight_ih_l0_reverse 360000
layers.1.enc.f.weight_hh_l0_reverse 360000
layers.1.enc.f.bias_ih_l0_reverse 1200
layers.1.enc.f.bias_hh_l0_reverse 1200
layers.1.ae.g.0.weight 16384
layers.1.ae.g.0.bias 128
layers.1.ae.h.0.weight 16384
layers.1.ae.h.0.bias 128
layers.2.enc.b.0.weight 38400
layers.2.enc.b.0.bias 128
layers.2.enc.f.weight_ih_l0 720000
layers.2.enc.f.weight_hh_l0 360000
layers.2.enc.f.bias_ih_l0 1200
layers.2.enc.f.bias_hh_l0 1200
layers.2.enc.f.weight_ih_l0_reverse 720000
layers.2.enc.f.weight_hh_l0_reverse 360000
layers.2.enc.f.bias_ih_l0_reverse 1200
layers.2.enc.f.bias_hh_l0_reverse 1200
layers.2.ae.g.0.weight 16384
layers.2.ae.g.0.bias 128
layers.2.ae.h.0.weight 16384
layers.2.ae.h.0.bias 128
layers.3.enc.b.0.weight 38400
layers.3.enc.b.0.bias 128
layers.3.enc.f.weight_ih_l0 720000
layers.3.enc.f.weight_hh_l0 360000
layers.3.enc.f.bias_ih_l0 1200
layers.3.enc.f.bias_hh_l0 1200
layers.3.enc.f.weight_ih_l0_reverse 720000
layers.3.enc.f.weight_hh_l0_reverse 360000
layers.3.enc.f.bias_ih_l0_reverse 1200
layers.3.enc.f.bias_hh_l0_reverse 1200
layers.3.ae.g.0.weight 16384
layers.3.ae.g.0.bias 128
layers.3.ae.h.0.weight 16384
layers.3.ae.h.0.bias 128
layers.4.enc.b.0.weight 38400
layers.4.enc.b.0.bias 128
layers.4.enc.f.weight_ih_l0 720000
layers.4.enc.f.weight_hh_l0 360000
layers.4.enc.f.bias_ih_l0 1200
layers.4.enc.f.bias_hh_l0 1200
layers.4.enc.f.weight_ih_l0_reverse 720000
layers.4.enc.f.weight_hh_l0_reverse 360000
layers.4.enc.f.bias_ih_l0_reverse 1200
layers.4.enc.f.bias_hh_l0_reverse 1200
layers.4.ae.g.0.weight 16384
layers.4.ae.g.0.bias 128
layers.4.ae.h.0.weight 16384
layers.4.ae.h.0.bias 128
Total Trainable Params: 17265092
Start Training
train_mask {0, 1, 2, 3, 4}
gc 9
Train Epoch0 Acc 0.9262583333333333 (111151/120000), AUC 0.9854176044464111
ep0_train_time 88.12478995323181
Test Epoch0 threshold 0.8 Acc 0.9151315789473684, AUC 0.9803943037986755, avg_entr 0.025447940453886986
ep0_t0.8_test_time 0.2504746913909912
Save ckpt to ckpt/ag_news_lstmal_l5adp_pad175_t0.8_m5//ag_news_lstmal_l5_prefix.pt  ,ep 0
gc 0
Train Epoch1 Acc 0.95845 (115014/120000), AUC 0.993540346622467
ep1_train_time 88.44099283218384
Test Epoch1 threshold 0.8 Acc 0.9141447368421053, AUC 0.9802192449569702, avg_entr 0.025853995233774185
ep1_t0.8_test_time 0.24971699714660645
gc 0
Train Epoch2 Acc 0.9609416666666667 (115313/120000), AUC 0.9940272569656372
ep2_train_time 88.26124787330627
Test Epoch2 threshold 0.8 Acc 0.9141447368421053, AUC 0.9802433848381042, avg_entr 0.025344369933009148
ep2_t0.8_test_time 0.24855852127075195
gc 0
Train Epoch3 Acc 0.9634416666666666 (115613/120000), AUC 0.9944950938224792
ep3_train_time 88.24216771125793
Test Epoch3 threshold 0.8 Acc 0.9143092105263158, AUC 0.980131208896637, avg_entr 0.02557513117790222
ep3_t0.8_test_time 0.24846124649047852
gc 0
Train Epoch4 Acc 0.9651416666666667 (115817/120000), AUC 0.9948133230209351
ep4_train_time 88.23010659217834
Test Epoch4 threshold 0.8 Acc 0.9120065789473685, AUC 0.979877233505249, avg_entr 0.026135163381695747
ep4_t0.8_test_time 0.24940991401672363
gc 0
Train Epoch5 Acc 0.968525 (116223/120000), AUC 0.995427131652832
ep5_train_time 88.25803089141846
Test Epoch5 threshold 0.8 Acc 0.9131578947368421, AUC 0.9797757863998413, avg_entr 0.02622297778725624
ep5_t0.8_test_time 0.24980449676513672
gc 0
Train Epoch6 Acc 0.9696333333333333 (116356/120000), AUC 0.9955885410308838
ep6_train_time 88.1735348701477
Test Epoch6 threshold 0.8 Acc 0.9123355263157895, AUC 0.9796656966209412, avg_entr 0.026287179440259933
ep6_t0.8_test_time 0.24906158447265625
gc 0
Train Epoch7 Acc 0.970625 (116475/120000), AUC 0.9957005977630615
ep7_train_time 88.27045488357544
Test Epoch7 threshold 0.8 Acc 0.9133223684210526, AUC 0.9796048402786255, avg_entr 0.026437407359480858
ep7_t0.8_test_time 0.2617003917694092
gc 0
Train Epoch8 Acc 0.9717833333333333 (116614/120000), AUC 0.9957749843597412
ep8_train_time 88.20485591888428
Test Epoch8 threshold 0.8 Acc 0.9111842105263158, AUC 0.9795279502868652, avg_entr 0.026136258617043495
ep8_t0.8_test_time 0.24872040748596191
gc 0
Train Epoch9 Acc 0.97345 (116814/120000), AUC 0.9961223602294922
ep9_train_time 88.25756907463074
Test Epoch9 threshold 0.8 Acc 0.9113486842105263, AUC 0.9794875383377075, avg_entr 0.025578735396265984
ep9_t0.8_test_time 0.24921321868896484
Best AUC 0.9803943037986755
train_loss (2, 5, 10)
valid_acc (10, 1)
valid_AUC (10, 1)
train_acc (10,)
Figure(640x480)
Figure(640x480)
Figure(640x480)
Figure(640x480)
Figure(640x480)
Start Testing
Load ckpt at ckpt/ag_news_lstmal_l5adp_pad175_t0.8_m5//ag_news_lstmal_l5_prefix.pt
Test threshold 0.8 Acc 0.9263157894736842, AUC 0.9859535694122314, avg_entr 0.025155913084745407
t0.8_test_time 0.06384563446044922
