total count words 102019
vocab size 30000
found 26754 words in glove
Load ckpt from ckpt/ag_news_lstmal_l5adf_pad175_t0.8_m3//ag_news_lstmal_l5.pt
model: LSTMModelML(
  (layers): ModuleList(
    (0): EMBLayer(
      (enc): ENC(
        (b): Sequential(
          (0): Linear(in_features=300, out_features=128, bias=True)
          (1): Tanh()
        )
        (f): Embedding(30000, 300)
        (cri): MSELoss()
      )
      (ae): AE(
        (g): Sequential(
          (0): Linear(in_features=4, out_features=128, bias=True)
          (1): Tanh()
        )
        (h): Sequential(
          (0): Linear(in_features=128, out_features=4, bias=True)
          (1): Sigmoid()
        )
        (cri): CrossEntropyLoss()
      )
    )
    (1): LSTMLayer(
      (enc): ENC(
        (b): Sequential(
          (0): Linear(in_features=300, out_features=128, bias=True)
          (1): Tanh()
        )
        (f): LSTM(300, 300, batch_first=True, bidirectional=True)
        (cri): MSELoss()
      )
      (ae): AE(
        (g): Sequential(
          (0): Linear(in_features=128, out_features=128, bias=True)
          (1): Tanh()
        )
        (h): Sequential(
          (0): Linear(in_features=128, out_features=128, bias=True)
        )
        (cri): MSELoss()
      )
    )
    (2): LSTMLayer(
      (enc): ENC(
        (b): Sequential(
          (0): Linear(in_features=300, out_features=128, bias=True)
          (1): Tanh()
        )
        (f): LSTM(600, 300, batch_first=True, bidirectional=True)
        (cri): MSELoss()
      )
      (ae): AE(
        (g): Sequential(
          (0): Linear(in_features=128, out_features=128, bias=True)
          (1): Tanh()
        )
        (h): Sequential(
          (0): Linear(in_features=128, out_features=128, bias=True)
        )
        (cri): MSELoss()
      )
    )
    (3): LSTMLayer(
      (enc): ENC(
        (b): Sequential(
          (0): Linear(in_features=300, out_features=128, bias=True)
          (1): Tanh()
        )
        (f): LSTM(600, 300, batch_first=True, bidirectional=True)
        (cri): MSELoss()
      )
      (ae): AE(
        (g): Sequential(
          (0): Linear(in_features=128, out_features=128, bias=True)
          (1): Tanh()
        )
        (h): Sequential(
          (0): Linear(in_features=128, out_features=128, bias=True)
        )
        (cri): MSELoss()
      )
    )
    (4): LSTMLayer(
      (enc): ENC(
        (b): Sequential(
          (0): Linear(in_features=300, out_features=128, bias=True)
          (1): Tanh()
        )
        (f): LSTM(600, 300, batch_first=True, bidirectional=True)
        (cri): MSELoss()
      )
      (ae): AE(
        (g): Sequential(
          (0): Linear(in_features=128, out_features=128, bias=True)
          (1): Tanh()
        )
        (h): Sequential(
          (0): Linear(in_features=128, out_features=128, bias=True)
        )
        (cri): MSELoss()
      )
    )
  )
)
layers.0.enc.b.0.weight 38400
layers.0.enc.b.0.bias 128
layers.0.enc.f.weight 9000000
layers.0.ae.g.0.weight 512
layers.0.ae.g.0.bias 128
layers.0.ae.h.0.weight 512
layers.0.ae.h.0.bias 4
layers.1.enc.b.0.weight 38400
layers.1.enc.b.0.bias 128
layers.1.enc.f.weight_ih_l0 360000
layers.1.enc.f.weight_hh_l0 360000
layers.1.enc.f.bias_ih_l0 1200
layers.1.enc.f.bias_hh_l0 1200
layers.1.enc.f.weight_ih_l0_reverse 360000
layers.1.enc.f.weight_hh_l0_reverse 360000
layers.1.enc.f.bias_ih_l0_reverse 1200
layers.1.enc.f.bias_hh_l0_reverse 1200
layers.1.ae.g.0.weight 16384
layers.1.ae.g.0.bias 128
layers.1.ae.h.0.weight 16384
layers.1.ae.h.0.bias 128
layers.2.enc.b.0.weight 38400
layers.2.enc.b.0.bias 128
layers.2.enc.f.weight_ih_l0 720000
layers.2.enc.f.weight_hh_l0 360000
layers.2.enc.f.bias_ih_l0 1200
layers.2.enc.f.bias_hh_l0 1200
layers.2.enc.f.weight_ih_l0_reverse 720000
layers.2.enc.f.weight_hh_l0_reverse 360000
layers.2.enc.f.bias_ih_l0_reverse 1200
layers.2.enc.f.bias_hh_l0_reverse 1200
layers.2.ae.g.0.weight 16384
layers.2.ae.g.0.bias 128
layers.2.ae.h.0.weight 16384
layers.2.ae.h.0.bias 128
layers.3.enc.b.0.weight 38400
layers.3.enc.b.0.bias 128
layers.3.enc.f.weight_ih_l0 720000
layers.3.enc.f.weight_hh_l0 360000
layers.3.enc.f.bias_ih_l0 1200
layers.3.enc.f.bias_hh_l0 1200
layers.3.enc.f.weight_ih_l0_reverse 720000
layers.3.enc.f.weight_hh_l0_reverse 360000
layers.3.enc.f.bias_ih_l0_reverse 1200
layers.3.enc.f.bias_hh_l0_reverse 1200
layers.3.ae.g.0.weight 16384
layers.3.ae.g.0.bias 128
layers.3.ae.h.0.weight 16384
layers.3.ae.h.0.bias 128
layers.4.enc.b.0.weight 38400
layers.4.enc.b.0.bias 128
layers.4.enc.f.weight_ih_l0 720000
layers.4.enc.f.weight_hh_l0 360000
layers.4.enc.f.bias_ih_l0 1200
layers.4.enc.f.bias_hh_l0 1200
layers.4.enc.f.weight_ih_l0_reverse 720000
layers.4.enc.f.weight_hh_l0_reverse 360000
layers.4.enc.f.bias_ih_l0_reverse 1200
layers.4.enc.f.bias_hh_l0_reverse 1200
layers.4.ae.g.0.weight 16384
layers.4.ae.g.0.bias 128
layers.4.ae.h.0.weight 16384
layers.4.ae.h.0.bias 128
Total Trainable Params: 17265092
init_time 19.875120401382446
Start Training
train_mask {3} False
gc 9
Train Epoch0 Acc 0.3725 (44700/120000), AUC 0.5020499229431152
ep0_train_time 56.109166622161865
Test Epoch0 threshold 0.8 Acc 0.9113157894736842, AUC 0.9789862632751465, avg_entr 0.05528205633163452
ep0_t0.8_test_time 0.1628572940826416
Save ckpt to ckpt/ag_news_lstmal_l5adf_pad175_t0.8_m4//ag_news_lstmal_l5.pt  ,ep 0
gc 0
Train Epoch1 Acc 0.32053333333333334 (38464/120000), AUC 0.5165422558784485
ep1_train_time 56.15886640548706
Test Epoch1 threshold 0.8 Acc 0.9113157894736842, AUC 0.9789862632751465, avg_entr 0.05528205633163452
ep1_t0.8_test_time 0.16177058219909668
Save ckpt to ckpt/ag_news_lstmal_l5adf_pad175_t0.8_m4//ag_news_lstmal_l5.pt  ,ep 1
gc 0
Train Epoch2 Acc 0.27518333333333334 (33022/120000), AUC 0.5315839052200317
ep2_train_time 56.14650082588196
Test Epoch2 threshold 0.8 Acc 0.9113157894736842, AUC 0.9789862632751465, avg_entr 0.05528205633163452
ep2_t0.8_test_time 0.16062498092651367
Save ckpt to ckpt/ag_news_lstmal_l5adf_pad175_t0.8_m4//ag_news_lstmal_l5.pt  ,ep 2
gc 0
Train Epoch3 Acc 0.257525 (30903/120000), AUC 0.5384105443954468
ep3_train_time 56.045403718948364
Test Epoch3 threshold 0.8 Acc 0.9113157894736842, AUC 0.9789862632751465, avg_entr 0.05528205633163452
ep3_t0.8_test_time 0.16043424606323242
Save ckpt to ckpt/ag_news_lstmal_l5adf_pad175_t0.8_m4//ag_news_lstmal_l5.pt  ,ep 3
gc 0
Train Epoch4 Acc 0.2506 (30072/120000), AUC 0.5326300859451294
ep4_train_time 56.07608914375305
Test Epoch4 threshold 0.8 Acc 0.9113157894736842, AUC 0.9789862632751465, avg_entr 0.05528205633163452
ep4_t0.8_test_time 0.1612701416015625
Save ckpt to ckpt/ag_news_lstmal_l5adf_pad175_t0.8_m4//ag_news_lstmal_l5.pt  ,ep 4
gc 0
Train Epoch5 Acc 0.24869166666666667 (29843/120000), AUC 0.5313994884490967
ep5_train_time 56.134888648986816
Test Epoch5 threshold 0.8 Acc 0.9113157894736842, AUC 0.9789862632751465, avg_entr 0.05528205633163452
ep5_t0.8_test_time 0.161085844039917
Save ckpt to ckpt/ag_news_lstmal_l5adf_pad175_t0.8_m4//ag_news_lstmal_l5.pt  ,ep 5
gc 0
Train Epoch6 Acc 0.247075 (29649/120000), AUC 0.532810389995575
ep6_train_time 56.070523500442505
Test Epoch6 threshold 0.8 Acc 0.9113157894736842, AUC 0.9789862632751465, avg_entr 0.05528205633163452
ep6_t0.8_test_time 0.16059446334838867
Save ckpt to ckpt/ag_news_lstmal_l5adf_pad175_t0.8_m4//ag_news_lstmal_l5.pt  ,ep 6
gc 0
Train Epoch7 Acc 0.24365 (29238/120000), AUC 0.5331671237945557
ep7_train_time 56.08392906188965
Test Epoch7 threshold 0.8 Acc 0.9113157894736842, AUC 0.9789862632751465, avg_entr 0.05528205633163452
ep7_t0.8_test_time 0.16365599632263184
Save ckpt to ckpt/ag_news_lstmal_l5adf_pad175_t0.8_m4//ag_news_lstmal_l5.pt  ,ep 7
gc 0
Train Epoch8 Acc 0.240175 (28821/120000), AUC 0.5296721458435059
ep8_train_time 56.03459811210632
Test Epoch8 threshold 0.8 Acc 0.9113157894736842, AUC 0.9789862632751465, avg_entr 0.05528205633163452
ep8_t0.8_test_time 0.16135525703430176
Save ckpt to ckpt/ag_news_lstmal_l5adf_pad175_t0.8_m4//ag_news_lstmal_l5.pt  ,ep 8
gc 0
Train Epoch9 Acc 0.23630833333333334 (28357/120000), AUC 0.5271993279457092
ep9_train_time 56.08227062225342
Test Epoch9 threshold 0.8 Acc 0.9113157894736842, AUC 0.9789862632751465, avg_entr 0.05528205633163452
ep9_t0.8_test_time 0.15983176231384277
Save ckpt to ckpt/ag_news_lstmal_l5adf_pad175_t0.8_m4//ag_news_lstmal_l5.pt  ,ep 9
Best AUC 0.9789862632751465
train_loss (2, 5, 10)
valid_acc (10, 1)
valid_AUC (10, 1)
train_acc (10,)
Figure(640x480)
Figure(640x480)
Figure(640x480)
Figure(640x480)
Figure(640x480)
total_train/valid_time 564.1950674057007
Start Testing
Load ckpt at ckpt/ag_news_lstmal_l5adf_pad175_t0.8_m4//ag_news_lstmal_l5.pt
Test threshold 0.8 Acc 0.9255263157894736, AUC 0.9850099682807922, avg_entr 0.05365172028541565
t0.8_test_time 0.15976667404174805
