total count words 222751
vocab size 30000
train size 40000, test size 10000
found 27937 words in glove
L0f Total Trainable Params: 9000000
L0b Total Trainable Params: 38528
L0ae Total Trainable Params: 642
L1f Total Trainable Params: 1444800
L1b Total Trainable Params: 38528
L1ae Total Trainable Params: 33024
L2f Total Trainable Params: 2164800
L2b Total Trainable Params: 38528
L2ae Total Trainable Params: 33024
L3f Total Trainable Params: 2164800
L3b Total Trainable Params: 38528
L3ae Total Trainable Params: 33024
L4f Total Trainable Params: 2164800
L4b Total Trainable Params: 38528
L4ae Total Trainable Params: 33024
init_time 21.644542868000002
Start Training
gc 0
ep0_train_time 20.563409948000004
Test Epoch0 layer0 Acc 0.7021
ep0_l0_test_time 1.0864718489999987
Save ckpt to ckpt/imdb_lstmal_l5_pad500_fix//imdb_lstmal_l5_m0.pt  ,ep 0
Test Epoch0 layer1 Acc 0.4929
ep0_l1_test_time 1.812973835000001
Test Epoch0 layer2 Acc 0.4965
ep0_l2_test_time 2.775445642000001
Test Epoch0 layer3 Acc 0.505
ep0_l3_test_time 3.758298076999999
Test Epoch0 layer4 Acc 0.505
ep0_l4_test_time 4.7309233239999955
gc 0
Test threshold 0.1 Acc 0.7021
t0.1_test_time 1.0685046830000005
data_distribution  [10000, 0, 0, 0, 0]
gc 0
Test threshold 0.2 Acc 0.7021
t0.2_test_time 1.0722111759999962
data_distribution  [10000, 0, 0, 0, 0]
gc 0
Test threshold 0.3 Acc 0.7021
t0.3_test_time 1.0715999359999984
data_distribution  [10000, 0, 0, 0, 0]
gc 0
Test threshold 0.4 Acc 0.7021
t0.4_test_time 1.0991018679999982
data_distribution  [10000, 0, 0, 0, 0]
gc 0
Test threshold 0.5 Acc 0.7021
t0.5_test_time 1.073978799999999
data_distribution  [10000, 0, 0, 0, 0]
gc 0
Test threshold 0.6 Acc 0.7021
t0.6_test_time 1.0830413320000005
data_distribution  [10000, 0, 0, 0, 0]
gc 0
Test threshold 0.7 Acc 0.7021
t0.7_test_time 1.0838493159999985
data_distribution  [10000, 0, 0, 0, 0]
gc 0
Test threshold 0.8 Acc 0.7021
t0.8_test_time 1.0837513260000122
data_distribution  [10000, 0, 0, 0, 0]
gc 0
Test threshold 0.9 Acc 0.7021
t0.9_test_time 1.0840810069999947
data_distribution  [10000, 0, 0, 0, 0]
gc 0
ep1_train_time 20.511187172999996
Test Epoch1 layer0 Acc 0.8227
ep1_l0_test_time 1.1070182640000041
Save ckpt to ckpt/imdb_lstmal_l5_pad500_fix//imdb_lstmal_l5_m0.pt  ,ep 1
Test Epoch1 layer1 Acc 0.4873
ep1_l1_test_time 1.8155664519999988
Test Epoch1 layer2 Acc 0.4954
ep1_l2_test_time 2.7797480339999936
Test Epoch1 layer3 Acc 0.505
ep1_l3_test_time 3.767321284999994
Test Epoch1 layer4 Acc 0.505
ep1_l4_test_time 4.767441559999995
gc 0
Test threshold 0.1 Acc 0.8227
t0.1_test_time 1.0772929569999974
data_distribution  [10000, 0, 0, 0, 0]
gc 0
Test threshold 0.2 Acc 0.8227
t0.2_test_time 1.069072661000007
data_distribution  [10000, 0, 0, 0, 0]
gc 0
Test threshold 0.3 Acc 0.8227
t0.3_test_time 1.0696071039999993
data_distribution  [10000, 0, 0, 0, 0]
gc 0
Test threshold 0.4 Acc 0.8227
t0.4_test_time 1.0746739410000004
data_distribution  [10000, 0, 0, 0, 0]
gc 0
Test threshold 0.5 Acc 0.8227
t0.5_test_time 1.0689670010000043
data_distribution  [10000, 0, 0, 0, 0]
gc 0
Test threshold 0.6 Acc 0.8227
t0.6_test_time 1.0708072869999938
data_distribution  [10000, 0, 0, 0, 0]
gc 0
Test threshold 0.7 Acc 0.8227
t0.7_test_time 1.1118911110000056
data_distribution  [10000, 0, 0, 0, 0]
gc 0
Test threshold 0.8 Acc 0.8227
t0.8_test_time 1.0764892940000124
data_distribution  [10000, 0, 0, 0, 0]
gc 0
Test threshold 0.9 Acc 0.8227
t0.9_test_time 1.0796568279999974
data_distribution  [10000, 0, 0, 0, 0]
gc 0
ep2_train_time 20.560553022999983
Test Epoch2 layer0 Acc 0.8691
ep2_l0_test_time 1.0672318299999972
Save ckpt to ckpt/imdb_lstmal_l5_pad500_fix//imdb_lstmal_l5_m0.pt  ,ep 2
Test Epoch2 layer1 Acc 0.4773
ep2_l1_test_time 1.8003187690000004
Test Epoch2 layer2 Acc 0.4956
ep2_l2_test_time 2.7812770010000065
Test Epoch2 layer3 Acc 0.505
ep2_l3_test_time 3.7705048979999845
Test Epoch2 layer4 Acc 0.505
ep2_l4_test_time 4.752836193999997
gc 0
Test threshold 0.1 Acc 0.8691
t0.1_test_time 1.0813008270000068
data_distribution  [10000, 0, 0, 0, 0]
gc 0
Test threshold 0.2 Acc 0.8691
t0.2_test_time 1.107053508000007
data_distribution  [10000, 0, 0, 0, 0]
gc 0
Test threshold 0.3 Acc 0.8691
t0.3_test_time 1.121813460999988
data_distribution  [10000, 0, 0, 0, 0]
gc 0
Test threshold 0.4 Acc 0.8691
t0.4_test_time 1.078360712999995
data_distribution  [10000, 0, 0, 0, 0]
gc 0
Test threshold 0.5 Acc 0.8691
t0.5_test_time 1.0719244680000202
data_distribution  [10000, 0, 0, 0, 0]
gc 0
Test threshold 0.6 Acc 0.8691
t0.6_test_time 1.078286649000006
data_distribution  [10000, 0, 0, 0, 0]
gc 0
Test threshold 0.7 Acc 0.8691
t0.7_test_time 1.0720123970000088
data_distribution  [10000, 0, 0, 0, 0]
gc 0
Test threshold 0.8 Acc 0.8691
t0.8_test_time 1.079321790999984
data_distribution  [10000, 0, 0, 0, 0]
gc 0
Test threshold 0.9 Acc 0.8691
t0.9_test_time 1.0856830609999975
data_distribution  [10000, 0, 0, 0, 0]
gc 0
ep3_train_time 20.588540281000007
Test Epoch3 layer0 Acc 0.8822
ep3_l0_test_time 1.0716770649999887
Save ckpt to ckpt/imdb_lstmal_l5_pad500_fix//imdb_lstmal_l5_m0.pt  ,ep 3
Test Epoch3 layer1 Acc 0.4772
ep3_l1_test_time 1.8147936960000095
Test Epoch3 layer2 Acc 0.4953
ep3_l2_test_time 2.77789002199998
Test Epoch3 layer3 Acc 0.505
ep3_l3_test_time 3.7648836349999897
Test Epoch3 layer4 Acc 0.505
ep3_l4_test_time 4.757005493999998
gc 0
Test threshold 0.1 Acc 0.8822
t0.1_test_time 1.089164325000013
data_distribution  [10000, 0, 0, 0, 0]
gc 0
Test threshold 0.2 Acc 0.8822
t0.2_test_time 1.0867419140000152
data_distribution  [10000, 0, 0, 0, 0]
gc 0
Test threshold 0.3 Acc 0.8822
t0.3_test_time 1.093419326000003
data_distribution  [10000, 0, 0, 0, 0]
gc 0
Test threshold 0.4 Acc 0.8822
t0.4_test_time 1.0941416869999898
data_distribution  [10000, 0, 0, 0, 0]
gc 0
Test threshold 0.5 Acc 0.8822
t0.5_test_time 1.0945160540000245
data_distribution  [10000, 0, 0, 0, 0]
gc 0
Test threshold 0.6 Acc 0.8822
t0.6_test_time 1.0950805219999893
data_distribution  [10000, 0, 0, 0, 0]
gc 0
Test threshold 0.7 Acc 0.8822
t0.7_test_time 1.0966287660000091
data_distribution  [10000, 0, 0, 0, 0]
gc 0
Test threshold 0.8 Acc 0.8822
t0.8_test_time 1.0767159190000086
data_distribution  [10000, 0, 0, 0, 0]
gc 0
Test threshold 0.9 Acc 0.8822
t0.9_test_time 1.078936581999983
data_distribution  [10000, 0, 0, 0, 0]
gc 0
ep4_train_time 20.557330018000016
Test Epoch4 layer0 Acc 0.8916
ep4_l0_test_time 1.0914796859999853
Save ckpt to ckpt/imdb_lstmal_l5_pad500_fix//imdb_lstmal_l5_m0.pt  ,ep 4
Test Epoch4 layer1 Acc 0.4762
ep4_l1_test_time 1.8195516179999913
Test Epoch4 layer2 Acc 0.4958
ep4_l2_test_time 2.787133259000001
Test Epoch4 layer3 Acc 0.505
ep4_l3_test_time 3.7629525290000174
Test Epoch4 layer4 Acc 0.505
ep4_l4_test_time 4.749171103000009
gc 0
Test threshold 0.1 Acc 0.8916
t0.1_test_time 1.074396304000004
data_distribution  [10000, 0, 0, 0, 0]
gc 0
Test threshold 0.2 Acc 0.8916
t0.2_test_time 1.0686726840000063
data_distribution  [10000, 0, 0, 0, 0]
gc 0
Test threshold 0.3 Acc 0.8916
t0.3_test_time 1.0815499599999896
data_distribution  [10000, 0, 0, 0, 0]
gc 0
Test threshold 0.4 Acc 0.8916
t0.4_test_time 1.0820529300000032
data_distribution  [10000, 0, 0, 0, 0]
gc 0
Test threshold 0.5 Acc 0.8916
t0.5_test_time 1.0713259629999925
data_distribution  [10000, 0, 0, 0, 0]
gc 0
Test threshold 0.6 Acc 0.8916
t0.6_test_time 1.0870718699999884
data_distribution  [10000, 0, 0, 0, 0]
gc 0
Test threshold 0.7 Acc 0.8916
t0.7_test_time 1.0689933310000015
data_distribution  [10000, 0, 0, 0, 0]
gc 0
Test threshold 0.8 Acc 0.8916
t0.8_test_time 1.0733995010000115
data_distribution  [10000, 0, 0, 0, 0]
gc 0
Test threshold 0.9 Acc 0.8916
t0.9_test_time 1.0938091190000137
data_distribution  [10000, 0, 0, 0, 0]
gc 0
ep5_train_time 20.526298413999967
Test Epoch5 layer0 Acc 0.8971
ep5_l0_test_time 1.0649634630000264
Save ckpt to ckpt/imdb_lstmal_l5_pad500_fix//imdb_lstmal_l5_m0.pt  ,ep 5
Test Epoch5 layer1 Acc 0.4765
ep5_l1_test_time 1.8048805629999833
Test Epoch5 layer2 Acc 0.496
ep5_l2_test_time 2.7807601290000434
Test Epoch5 layer3 Acc 0.505
ep5_l3_test_time 3.75916653500002
Test Epoch5 layer4 Acc 0.505
ep5_l4_test_time 4.748271358000011
gc 0
Test threshold 0.1 Acc 0.8971
t0.1_test_time 1.0686163510000029
data_distribution  [10000, 0, 0, 0, 0]
gc 0
Test threshold 0.2 Acc 0.8971
t0.2_test_time 1.0675187239999673
data_distribution  [10000, 0, 0, 0, 0]
gc 0
Test threshold 0.3 Acc 0.8971
t0.3_test_time 1.0737273409999943
data_distribution  [10000, 0, 0, 0, 0]
gc 0
Test threshold 0.4 Acc 0.8971
t0.4_test_time 1.068335004000005
data_distribution  [10000, 0, 0, 0, 0]
gc 0
Test threshold 0.5 Acc 0.8971
t0.5_test_time 1.0684466539999562
data_distribution  [10000, 0, 0, 0, 0]
gc 0
Test threshold 0.6 Acc 0.8971
t0.6_test_time 1.0669384149999814
data_distribution  [10000, 0, 0, 0, 0]
gc 0
Test threshold 0.7 Acc 0.8971
t0.7_test_time 1.0678681709999864
data_distribution  [10000, 0, 0, 0, 0]
gc 0
Test threshold 0.8 Acc 0.8971
t0.8_test_time 1.0719129409999937
data_distribution  [10000, 0, 0, 0, 0]
gc 0
Test threshold 0.9 Acc 0.8971
t0.9_test_time 1.092664582999987
data_distribution  [10000, 0, 0, 0, 0]
gc 0
ep6_train_time 20.557691156000033
Test Epoch6 layer0 Acc 0.8877
ep6_l0_test_time 1.0643180179999945
Test Epoch6 layer1 Acc 0.4759
ep6_l1_test_time 1.8025086510000392
Test Epoch6 layer2 Acc 0.497
ep6_l2_test_time 2.7790516599999933
Test Epoch6 layer3 Acc 0.505
ep6_l3_test_time 3.7648684299999786
Test Epoch6 layer4 Acc 0.505
ep6_l4_test_time 4.7466679770000155
gc 0
Test threshold 0.1 Acc 0.8877
t0.1_test_time 1.0920944819999931
data_distribution  [10000, 0, 0, 0, 0]
gc 0
Test threshold 0.2 Acc 0.8877
t0.2_test_time 1.1076590440000018
data_distribution  [10000, 0, 0, 0, 0]
gc 0
Test threshold 0.3 Acc 0.8877
t0.3_test_time 1.070043768000005
data_distribution  [10000, 0, 0, 0, 0]
gc 0
Test threshold 0.4 Acc 0.8877
t0.4_test_time 1.069905263999999
data_distribution  [10000, 0, 0, 0, 0]
gc 0
Test threshold 0.5 Acc 0.8877
t0.5_test_time 1.0676854640000215
data_distribution  [10000, 0, 0, 0, 0]
gc 0
Test threshold 0.6 Acc 0.8877
t0.6_test_time 1.067418110999995
data_distribution  [10000, 0, 0, 0, 0]
gc 0
Test threshold 0.7 Acc 0.8877
t0.7_test_time 1.069232459000034
data_distribution  [10000, 0, 0, 0, 0]
gc 0
Test threshold 0.8 Acc 0.8877
t0.8_test_time 1.0769470019999972
data_distribution  [10000, 0, 0, 0, 0]
gc 0
Test threshold 0.9 Acc 0.8877
t0.9_test_time 1.113641814999994
data_distribution  [10000, 0, 0, 0, 0]
gc 0
ep7_train_time 20.566944217000014
Test Epoch7 layer0 Acc 0.8986
ep7_l0_test_time 1.0692335040000103
Save ckpt to ckpt/imdb_lstmal_l5_pad500_fix//imdb_lstmal_l5_m0.pt  ,ep 7
Test Epoch7 layer1 Acc 0.4754
ep7_l1_test_time 1.8052117959999805
Test Epoch7 layer2 Acc 0.4963
ep7_l2_test_time 2.781844260000014
Test Epoch7 layer3 Acc 0.505
ep7_l3_test_time 3.7616915329999756
Test Epoch7 layer4 Acc 0.505
ep7_l4_test_time 4.734655023000016
gc 0
Test threshold 0.1 Acc 0.8986
t0.1_test_time 1.0675758019999648
data_distribution  [10000, 0, 0, 0, 0]
gc 0
Test threshold 0.2 Acc 0.8986
t0.2_test_time 1.066317615999992
data_distribution  [10000, 0, 0, 0, 0]
gc 0
Test threshold 0.3 Acc 0.8986
t0.3_test_time 1.072213798000007
data_distribution  [10000, 0, 0, 0, 0]
gc 0
Test threshold 0.4 Acc 0.8986
t0.4_test_time 1.086004206000041
data_distribution  [10000, 0, 0, 0, 0]
gc 0
Test threshold 0.5 Acc 0.8986
t0.5_test_time 1.0818864490000237
data_distribution  [10000, 0, 0, 0, 0]
gc 0
Test threshold 0.6 Acc 0.8986
t0.6_test_time 1.0856359480000037
data_distribution  [10000, 0, 0, 0, 0]
gc 0
Test threshold 0.7 Acc 0.8986
t0.7_test_time 1.088494991999994
data_distribution  [10000, 0, 0, 0, 0]
gc 0
Test threshold 0.8 Acc 0.8986
t0.8_test_time 1.0887951770000086
data_distribution  [10000, 0, 0, 0, 0]
gc 0
Test threshold 0.9 Acc 0.8986
t0.9_test_time 1.0888846799999783
data_distribution  [10000, 0, 0, 0, 0]
gc 0
ep8_train_time 20.576398479000034
Test Epoch8 layer0 Acc 0.8895
ep8_l0_test_time 1.0637835399999744
Test Epoch8 layer1 Acc 0.4739
ep8_l1_test_time 1.8014421629999902
Test Epoch8 layer2 Acc 0.4957
ep8_l2_test_time 2.775853010999981
Test Epoch8 layer3 Acc 0.505
ep8_l3_test_time 3.7538399450000384
Test Epoch8 layer4 Acc 0.505
ep8_l4_test_time 4.734456327000032
gc 0
Test threshold 0.1 Acc 0.8895
t0.1_test_time 1.1096206290000055
data_distribution  [10000, 0, 0, 0, 0]
gc 0
Test threshold 0.2 Acc 0.8895
t0.2_test_time 1.0659960009999736
data_distribution  [10000, 0, 0, 0, 0]
gc 0
Test threshold 0.3 Acc 0.8895
t0.3_test_time 1.0665877580000256
data_distribution  [10000, 0, 0, 0, 0]
gc 0
Test threshold 0.4 Acc 0.8895
t0.4_test_time 1.067193489000033
data_distribution  [10000, 0, 0, 0, 0]
gc 0
Test threshold 0.5 Acc 0.8895
t0.5_test_time 1.0680825089999644
data_distribution  [10000, 0, 0, 0, 0]
gc 0
Test threshold 0.6 Acc 0.8895
t0.6_test_time 1.0689433379999969
data_distribution  [10000, 0, 0, 0, 0]
gc 0
Test threshold 0.7 Acc 0.8895
t0.7_test_time 1.08035766200004
data_distribution  [10000, 0, 0, 0, 0]
gc 0
Test threshold 0.8 Acc 0.8895
t0.8_test_time 1.0854465549999759
data_distribution  [10000, 0, 0, 0, 0]
gc 0
Test threshold 0.9 Acc 0.8895
t0.9_test_time 1.0868304449999755
data_distribution  [10000, 0, 0, 0, 0]
gc 0
ep9_train_time 20.605469487999983
Test Epoch9 layer0 Acc 0.8952
ep9_l0_test_time 1.0623011029999816
Test Epoch9 layer1 Acc 0.4756
ep9_l1_test_time 1.8027871109999865
Test Epoch9 layer2 Acc 0.4952
ep9_l2_test_time 2.7787524960000383
Test Epoch9 layer3 Acc 0.505
ep9_l3_test_time 3.7646030429999655
Test Epoch9 layer4 Acc 0.505
ep9_l4_test_time 4.751709267000024
gc 0
Test threshold 0.1 Acc 0.8952
t0.1_test_time 1.0666362869999944
data_distribution  [10000, 0, 0, 0, 0]
gc 0
Test threshold 0.2 Acc 0.8952
t0.2_test_time 1.066896536999991
data_distribution  [10000, 0, 0, 0, 0]
gc 0
Test threshold 0.3 Acc 0.8952
t0.3_test_time 1.0678261859999907
data_distribution  [10000, 0, 0, 0, 0]
gc 0
Test threshold 0.4 Acc 0.8952
t0.4_test_time 1.0674207330000058
data_distribution  [10000, 0, 0, 0, 0]
gc 0
Test threshold 0.5 Acc 0.8952
t0.5_test_time 1.0684880470000166
data_distribution  [10000, 0, 0, 0, 0]
gc 0
Test threshold 0.6 Acc 0.8952
t0.6_test_time 1.1087291930000447
data_distribution  [10000, 0, 0, 0, 0]
gc 0
Test threshold 0.7 Acc 0.8952
t0.7_test_time 1.0701098909999587
data_distribution  [10000, 0, 0, 0, 0]
gc 0
Test threshold 0.8 Acc 0.8952
t0.8_test_time 1.0698141409999948
data_distribution  [10000, 0, 0, 0, 0]
gc 0
Test threshold 0.9 Acc 0.8952
t0.9_test_time 1.0692025719999947
data_distribution  [10000, 0, 0, 0, 0]
Best Acc 0.8986 7 0
gc 10
ep0_train_time 27.468959041000005
Test Epoch0 layer0 Acc 0.8986
ep0_l0_test_time 1.068986152999969
Test Epoch0 layer1 Acc 0.8245
ep0_l1_test_time 1.8081886010000403
Save ckpt to ckpt/imdb_lstmal_l5_pad500_fix//imdb_lstmal_l5_m1.pt  ,ep 0
Test Epoch0 layer2 Acc 0.4718
ep0_l2_test_time 2.7877403739999522
Test Epoch0 layer3 Acc 0.505
ep0_l3_test_time 3.7695102530000213
Test Epoch0 layer4 Acc 0.5223
ep0_l4_test_time 4.747685132000015
gc 0
Test threshold 0.1 Acc 0.8986
t0.1_test_time 1.078280307
data_distribution  [10000, 0, 0, 0, 0]
gc 0
Test threshold 0.2 Acc 0.8986
t0.2_test_time 1.0900403819999838
data_distribution  [10000, 0, 0, 0, 0]
gc 0
Test threshold 0.3 Acc 0.8986
t0.3_test_time 1.0913922920000232
data_distribution  [10000, 0, 0, 0, 0]
gc 0
Test threshold 0.4 Acc 0.8986
t0.4_test_time 1.091166238000028
data_distribution  [10000, 0, 0, 0, 0]
gc 0
Test threshold 0.5 Acc 0.8985
t0.5_test_time 1.0899058349999677
data_distribution  [9999, 1, 0, 0, 0]
gc 0
Test threshold 0.6 Acc 0.8969
t0.6_test_time 1.2377797079999482
data_distribution  [9570, 430, 0, 0, 0]
gc 0
Test threshold 0.7 Acc 0.8901
t0.7_test_time 1.2607199390000687
data_distribution  [9088, 912, 0, 0, 0]
gc 0
Test threshold 0.8 Acc 0.88
t0.8_test_time 1.3044826419999254
data_distribution  [8470, 1530, 0, 0, 0]
gc 0
Test threshold 0.9 Acc 0.8678
t0.9_test_time 1.3858376279999902
data_distribution  [7417, 2583, 0, 0, 0]
gc 0
ep1_train_time 27.430434983000055
Test Epoch1 layer0 Acc 0.8986
ep1_l0_test_time 1.070148678999999
Test Epoch1 layer1 Acc 0.844
ep1_l1_test_time 1.7981477660000564
Save ckpt to ckpt/imdb_lstmal_l5_pad500_fix//imdb_lstmal_l5_m1.pt  ,ep 1
Test Epoch1 layer2 Acc 0.4617
ep1_l2_test_time 2.779215573999977
Test Epoch1 layer3 Acc 0.5051
ep1_l3_test_time 3.75685673199996
Test Epoch1 layer4 Acc 0.5071
ep1_l4_test_time 4.739037683999982
gc 0
Test threshold 0.1 Acc 0.8986
t0.1_test_time 1.0853056600000173
data_distribution  [10000, 0, 0, 0, 0]
gc 0
Test threshold 0.2 Acc 0.8986
t0.2_test_time 1.0697464040000568
data_distribution  [10000, 0, 0, 0, 0]
gc 0
Test threshold 0.3 Acc 0.8986
t0.3_test_time 1.0709811590000982
data_distribution  [10000, 0, 0, 0, 0]
gc 0
Test threshold 0.4 Acc 0.8986
t0.4_test_time 1.0724245539998947
data_distribution  [10000, 0, 0, 0, 0]
gc 0
Test threshold 0.5 Acc 0.8985
t0.5_test_time 1.0825822379999863
data_distribution  [9999, 1, 0, 0, 0]
gc 0
Test threshold 0.6 Acc 0.8953
t0.6_test_time 1.2255337889999964
data_distribution  [9570, 430, 0, 0, 0]
gc 0
Test threshold 0.7 Acc 0.8899
t0.7_test_time 1.2534845970000106
data_distribution  [9088, 912, 0, 0, 0]
gc 0
Test threshold 0.8 Acc 0.8843
t0.8_test_time 1.2913382259999935
data_distribution  [8470, 1530, 0, 0, 0]
gc 0
Test threshold 0.9 Acc 0.8766
t0.9_test_time 1.364002940999967
data_distribution  [7417, 2583, 0, 0, 0]
gc 0
ep2_train_time 27.435165681000058
Test Epoch2 layer0 Acc 0.8986
ep2_l0_test_time 1.0677390319999631
Test Epoch2 layer1 Acc 0.5105
ep2_l1_test_time 1.8027286760000152
Test Epoch2 layer2 Acc 0.5115
ep2_l2_test_time 2.7859782489999816
Test Epoch2 layer3 Acc 0.5906
ep2_l3_test_time 3.7630244040000207
Test Epoch2 layer4 Acc 0.5081
ep2_l4_test_time 4.746803344999989
gc 0
Test threshold 0.1 Acc 0.8986
t0.1_test_time 1.0732243060000428
data_distribution  [10000, 0, 0, 0, 0]
gc 0
Test threshold 0.2 Acc 0.8986
t0.2_test_time 1.0849134389999335
data_distribution  [10000, 0, 0, 0, 0]
gc 0
Test threshold 0.3 Acc 0.8986
t0.3_test_time 1.1012018469999703
data_distribution  [10000, 0, 0, 0, 0]
gc 0
Test threshold 0.4 Acc 0.8986
t0.4_test_time 1.0716613189999862
data_distribution  [10000, 0, 0, 0, 0]
gc 0
Test threshold 0.5 Acc 0.8986
t0.5_test_time 1.0913034630000311
data_distribution  [9999, 1, 0, 0, 0]
gc 0
Test threshold 0.6 Acc 0.8978
t0.6_test_time 1.2407262490000903
data_distribution  [9570, 430, 0, 0, 0]
gc 0
Test threshold 0.7 Acc 0.8932
t0.7_test_time 1.26752336200002
data_distribution  [9088, 912, 0, 0, 0]
gc 0
Test threshold 0.8 Acc 0.8791
t0.8_test_time 1.3052643720000106
data_distribution  [8470, 1530, 0, 0, 0]
gc 0
Test threshold 0.9 Acc 0.8488
t0.9_test_time 1.390873866999982
data_distribution  [7417, 2583, 0, 0, 0]
gc 0
ep3_train_time 27.40540976300008
Test Epoch3 layer0 Acc 0.8986
ep3_l0_test_time 1.0868032450000555
Test Epoch3 layer1 Acc 0.6173
ep3_l1_test_time 1.8337959620000674
Test Epoch3 layer2 Acc 0.5084
ep3_l2_test_time 2.812313879000044
Test Epoch3 layer3 Acc 0.5965
ep3_l3_test_time 3.801162900999998
Test Epoch3 layer4 Acc 0.5084
ep3_l4_test_time 4.767929003999939
gc 0
Test threshold 0.1 Acc 0.8986
t0.1_test_time 1.0720611039999994
data_distribution  [10000, 0, 0, 0, 0]
gc 0
Test threshold 0.2 Acc 0.8986
t0.2_test_time 1.071857780000073
data_distribution  [10000, 0, 0, 0, 0]
gc 0
Test threshold 0.3 Acc 0.8986
t0.3_test_time 1.089935788000048
data_distribution  [10000, 0, 0, 0, 0]
gc 0
Test threshold 0.4 Acc 0.8986
t0.4_test_time 1.0912680520000322
data_distribution  [10000, 0, 0, 0, 0]
gc 0
Test threshold 0.5 Acc 0.8985
t0.5_test_time 1.096677905999968
data_distribution  [9999, 1, 0, 0, 0]
gc 0
Test threshold 0.6 Acc 0.8933
t0.6_test_time 1.2528019840000297
data_distribution  [9570, 430, 0, 0, 0]
gc 0
Test threshold 0.7 Acc 0.8851
t0.7_test_time 1.2736434569999346
data_distribution  [9088, 912, 0, 0, 0]
gc 0
Test threshold 0.8 Acc 0.8728
t0.8_test_time 1.3123695809999845
data_distribution  [8470, 1530, 0, 0, 0]
gc 0
Test threshold 0.9 Acc 0.8477
t0.9_test_time 1.3947067830000606
data_distribution  [7417, 2583, 0, 0, 0]
gc 0
ep4_train_time 27.457294788000013
Test Epoch4 layer0 Acc 0.8986
ep4_l0_test_time 1.1245790819999684
Test Epoch4 layer1 Acc 0.6353
ep4_l1_test_time 1.8285621789999595
Test Epoch4 layer2 Acc 0.5012
ep4_l2_test_time 2.811709601000075
Test Epoch4 layer3 Acc 0.5973
ep4_l3_test_time 3.7927291479999212
Test Epoch4 layer4 Acc 0.512
ep4_l4_test_time 4.759430340999984
gc 0
Test threshold 0.1 Acc 0.8986
t0.1_test_time 1.070790572000078
data_distribution  [10000, 0, 0, 0, 0]
gc 0
Test threshold 0.2 Acc 0.8986
t0.2_test_time 1.0705155609999792
data_distribution  [10000, 0, 0, 0, 0]
gc 0
Test threshold 0.3 Acc 0.8986
t0.3_test_time 1.070410023999898
data_distribution  [10000, 0, 0, 0, 0]
gc 0
Test threshold 0.4 Acc 0.8986
t0.4_test_time 1.0727392910000617
data_distribution  [10000, 0, 0, 0, 0]
gc 0
Test threshold 0.5 Acc 0.8985
t0.5_test_time 1.0796171249999134
data_distribution  [9999, 1, 0, 0, 0]
gc 0
Test threshold 0.6 Acc 0.8946
t0.6_test_time 1.2319881679999298
data_distribution  [9570, 430, 0, 0, 0]
gc 0
Test threshold 0.7 Acc 0.8867
t0.7_test_time 1.254906205999987
data_distribution  [9088, 912, 0, 0, 0]
gc 0
Test threshold 0.8 Acc 0.8752
t0.8_test_time 1.289066637000019
data_distribution  [8470, 1530, 0, 0, 0]
gc 0
Test threshold 0.9 Acc 0.85
t0.9_test_time 1.3953075940000872
data_distribution  [7417, 2583, 0, 0, 0]
gc 0
ep5_train_time 27.455391167000016
Test Epoch5 layer0 Acc 0.8986
ep5_l0_test_time 1.0679646190000085
Test Epoch5 layer1 Acc 0.644
ep5_l1_test_time 1.8001240940000116
Test Epoch5 layer2 Acc 0.4984
ep5_l2_test_time 2.7704416760000186
Test Epoch5 layer3 Acc 0.591
ep5_l3_test_time 3.744303116000083
Test Epoch5 layer4 Acc 0.5214
ep5_l4_test_time 4.716352537000034
gc 0
Test threshold 0.1 Acc 0.8986
t0.1_test_time 1.0934936879999668
data_distribution  [10000, 0, 0, 0, 0]
gc 0
Test threshold 0.2 Acc 0.8986
t0.2_test_time 1.0722784220000676
data_distribution  [10000, 0, 0, 0, 0]
gc 0
Test threshold 0.3 Acc 0.8986
t0.3_test_time 1.0721028000000388
data_distribution  [10000, 0, 0, 0, 0]
gc 0
Test threshold 0.4 Acc 0.8986
t0.4_test_time 1.0708844570000338
data_distribution  [10000, 0, 0, 0, 0]
gc 0
Test threshold 0.5 Acc 0.8985
t0.5_test_time 1.0780621179999343
data_distribution  [9999, 1, 0, 0, 0]
gc 0
Test threshold 0.6 Acc 0.895
t0.6_test_time 1.2255341249999674
data_distribution  [9570, 430, 0, 0, 0]
gc 0
Test threshold 0.7 Acc 0.8872
t0.7_test_time 1.2543804000000591
data_distribution  [9088, 912, 0, 0, 0]
gc 0
Test threshold 0.8 Acc 0.8765
t0.8_test_time 1.290919879999933
data_distribution  [8470, 1530, 0, 0, 0]
gc 0
Test threshold 0.9 Acc 0.8513
t0.9_test_time 1.3658613619999187
data_distribution  [7417, 2583, 0, 0, 0]
gc 0
ep6_train_time 27.50980618699998
Test Epoch6 layer0 Acc 0.8986
ep6_l0_test_time 1.0718266310000217
Test Epoch6 layer1 Acc 0.6531
ep6_l1_test_time 1.8121311760000935
Test Epoch6 layer2 Acc 0.4978
ep6_l2_test_time 2.8029674260000093
Test Epoch6 layer3 Acc 0.5799
ep6_l3_test_time 3.7849251840000306
Test Epoch6 layer4 Acc 0.5629
ep6_l4_test_time 4.763682883999991
gc 0
Test threshold 0.1 Acc 0.8986
t0.1_test_time 1.071962767000059
data_distribution  [10000, 0, 0, 0, 0]
gc 0
Test threshold 0.2 Acc 0.8986
t0.2_test_time 1.0810733539999546
data_distribution  [10000, 0, 0, 0, 0]
gc 0
Test threshold 0.3 Acc 0.8986
t0.3_test_time 1.085630908999974
data_distribution  [10000, 0, 0, 0, 0]
gc 0
Test threshold 0.4 Acc 0.8986
t0.4_test_time 1.072189054999967
data_distribution  [10000, 0, 0, 0, 0]
gc 0
Test threshold 0.5 Acc 0.8985
t0.5_test_time 1.0803992570000673
data_distribution  [9999, 1, 0, 0, 0]
gc 0
Test threshold 0.6 Acc 0.8953
t0.6_test_time 1.3044650670000237
data_distribution  [9570, 430, 0, 0, 0]
gc 0
Test threshold 0.7 Acc 0.8874
t0.7_test_time 1.2549754350000057
data_distribution  [9088, 912, 0, 0, 0]
gc 0
Test threshold 0.8 Acc 0.8768
t0.8_test_time 1.2905096810000032
data_distribution  [8470, 1530, 0, 0, 0]
gc 0
Test threshold 0.9 Acc 0.8525
t0.9_test_time 1.3853115910000042
data_distribution  [7417, 2583, 0, 0, 0]
gc 0
ep7_train_time 27.521087799000043
Test Epoch7 layer0 Acc 0.8986
ep7_l0_test_time 1.093970403999947
Test Epoch7 layer1 Acc 0.6594
ep7_l1_test_time 1.8314106369999763
Test Epoch7 layer2 Acc 0.493
ep7_l2_test_time 2.8141485019999664
Test Epoch7 layer3 Acc 0.578
ep7_l3_test_time 3.792016042
Test Epoch7 layer4 Acc 0.5895
ep7_l4_test_time 4.776480121999953
gc 0
Test threshold 0.1 Acc 0.8986
t0.1_test_time 1.0731813380000403
data_distribution  [10000, 0, 0, 0, 0]
gc 0
Test threshold 0.2 Acc 0.8986
t0.2_test_time 1.0948674740000115
data_distribution  [10000, 0, 0, 0, 0]
gc 0
Test threshold 0.3 Acc 0.8986
t0.3_test_time 1.072469481999974
data_distribution  [10000, 0, 0, 0, 0]
gc 0
Test threshold 0.4 Acc 0.8986
t0.4_test_time 1.0710625219999201
data_distribution  [10000, 0, 0, 0, 0]
gc 0
Test threshold 0.5 Acc 0.8985
t0.5_test_time 1.080036539000048
data_distribution  [9999, 1, 0, 0, 0]
gc 0
Test threshold 0.6 Acc 0.8956
t0.6_test_time 1.23544339700004
data_distribution  [9570, 430, 0, 0, 0]
gc 0
Test threshold 0.7 Acc 0.8878
t0.7_test_time 1.2575484839999262
data_distribution  [9088, 912, 0, 0, 0]
gc 0
Test threshold 0.8 Acc 0.8775
t0.8_test_time 1.2947710360000428
data_distribution  [8470, 1530, 0, 0, 0]
gc 0
Test threshold 0.9 Acc 0.8532
t0.9_test_time 1.3836811219999845
data_distribution  [7417, 2583, 0, 0, 0]
gc 0
ep8_train_time 27.560595748000082
Test Epoch8 layer0 Acc 0.8986
ep8_l0_test_time 1.0879719810000097
Test Epoch8 layer1 Acc 0.6593
ep8_l1_test_time 1.8030118249999987
Test Epoch8 layer2 Acc 0.4839
ep8_l2_test_time 2.7890094960000624
Test Epoch8 layer3 Acc 0.5801
ep8_l3_test_time 3.773460892000003
Test Epoch8 layer4 Acc 0.5684
ep8_l4_test_time 4.76411976899999
gc 0
Test threshold 0.1 Acc 0.8986
t0.1_test_time 1.0718815730000415
data_distribution  [10000, 0, 0, 0, 0]
gc 0
Test threshold 0.2 Acc 0.8986
t0.2_test_time 1.071705081999994
data_distribution  [10000, 0, 0, 0, 0]
gc 0
Test threshold 0.3 Acc 0.8986
t0.3_test_time 1.0696220349999521
data_distribution  [10000, 0, 0, 0, 0]
gc 0
Test threshold 0.4 Acc 0.8986
t0.4_test_time 1.0756547569999384
data_distribution  [10000, 0, 0, 0, 0]
gc 0
Test threshold 0.5 Acc 0.8985
t0.5_test_time 1.077212811000095
data_distribution  [9999, 1, 0, 0, 0]
gc 0
Test threshold 0.6 Acc 0.8949
t0.6_test_time 1.2348848060000819
data_distribution  [9570, 430, 0, 0, 0]
gc 0
Test threshold 0.7 Acc 0.8874
t0.7_test_time 1.251374847999955
data_distribution  [9088, 912, 0, 0, 0]
gc 0
Test threshold 0.8 Acc 0.8771
t0.8_test_time 1.28658670599998
data_distribution  [8470, 1530, 0, 0, 0]
gc 0
Test threshold 0.9 Acc 0.8525
t0.9_test_time 1.3731642499999452
data_distribution  [7417, 2583, 0, 0, 0]
gc 0
ep9_train_time 27.593487537999977
Test Epoch9 layer0 Acc 0.8986
ep9_l0_test_time 1.0955240700000104
Test Epoch9 layer1 Acc 0.6697
ep9_l1_test_time 1.7967654249999896
Test Epoch9 layer2 Acc 0.4723
ep9_l2_test_time 2.782628907000003
Test Epoch9 layer3 Acc 0.5776
ep9_l3_test_time 3.762541314000032
Test Epoch9 layer4 Acc 0.5487
ep9_l4_test_time 4.7449369030000526
gc 0
Test threshold 0.1 Acc 0.8986
t0.1_test_time 1.069672168000011
data_distribution  [10000, 0, 0, 0, 0]
gc 0
Test threshold 0.2 Acc 0.8986
t0.2_test_time 1.0719752969999945
data_distribution  [10000, 0, 0, 0, 0]
gc 0
Test threshold 0.3 Acc 0.8986
t0.3_test_time 1.072848181999916
data_distribution  [10000, 0, 0, 0, 0]
gc 0
Test threshold 0.4 Acc 0.8986
t0.4_test_time 1.0881727430000865
data_distribution  [10000, 0, 0, 0, 0]
gc 0
Test threshold 0.5 Acc 0.8985
t0.5_test_time 1.080647775999978
data_distribution  [9999, 1, 0, 0, 0]
gc 0
Test threshold 0.6 Acc 0.895
t0.6_test_time 1.2272016879999228
data_distribution  [9570, 430, 0, 0, 0]
gc 0
Test threshold 0.7 Acc 0.8867
t0.7_test_time 1.2562836130000505
data_distribution  [9088, 912, 0, 0, 0]
gc 0
Test threshold 0.8 Acc 0.8747
t0.8_test_time 1.3012316850000616
data_distribution  [8470, 1530, 0, 0, 0]
gc 0
Test threshold 0.9 Acc 0.8511
t0.9_test_time 1.3682308290000265
data_distribution  [7417, 2583, 0, 0, 0]
Best Acc 0.844 1 1
gc 10
ep0_train_time 28.852010119000056
Test Epoch0 layer0 Acc 0.8986
ep0_l0_test_time 1.0678436139999121
Test Epoch0 layer1 Acc 0.844
ep0_l1_test_time 1.809188019000203
Test Epoch0 layer2 Acc 0.8429
ep0_l2_test_time 2.7901948769999763
Save ckpt to ckpt/imdb_lstmal_l5_pad500_fix//imdb_lstmal_l5_m2.pt  ,ep 0
Test Epoch0 layer3 Acc 0.505
ep0_l3_test_time 3.7785106409999116
Test Epoch0 layer4 Acc 0.505
ep0_l4_test_time 4.757416440000043
gc 0
Test threshold 0.1 Acc 0.8986
t0.1_test_time 1.1266713700001674
data_distribution  [10000, 0, 0, 0, 0]
gc 0
Test threshold 0.2 Acc 0.8986
t0.2_test_time 1.1297447340000417
data_distribution  [10000, 0, 0, 0, 0]
gc 0
Test threshold 0.3 Acc 0.8986
t0.3_test_time 1.0945176249999804
data_distribution  [10000, 0, 0, 0, 0]
gc 0
Test threshold 0.4 Acc 0.8986
t0.4_test_time 1.1081487779999861
data_distribution  [10000, 0, 0, 0, 0]
gc 0
Test threshold 0.5 Acc 0.8985
t0.5_test_time 1.1055850559998817
data_distribution  [9999, 1, 0, 0, 0]
gc 0
Test threshold 0.6 Acc 0.8955
t0.6_test_time 1.342578347999961
data_distribution  [9570, 411, 19, 0, 0]
gc 0
Test threshold 0.7 Acc 0.8898
t0.7_test_time 1.4077637389998472
data_distribution  [9088, 837, 75, 0, 0]
gc 0
Test threshold 0.8 Acc 0.8832
t0.8_test_time 1.448624921000146
data_distribution  [8470, 1336, 194, 0, 0]
gc 0
Test threshold 0.9 Acc 0.8752
t0.9_test_time 1.5796999970000343
data_distribution  [7417, 2162, 421, 0, 0]
gc 0
ep1_train_time 28.838176699000087
Test Epoch1 layer0 Acc 0.8986
ep1_l0_test_time 1.067883719000065
Test Epoch1 layer1 Acc 0.844
ep1_l1_test_time 1.8009214869998686
Test Epoch1 layer2 Acc 0.8441
ep1_l2_test_time 2.787185372000067
Save ckpt to ckpt/imdb_lstmal_l5_pad500_fix//imdb_lstmal_l5_m2.pt  ,ep 1
Test Epoch1 layer3 Acc 0.505
ep1_l3_test_time 3.7820179179998377
Test Epoch1 layer4 Acc 0.505
ep1_l4_test_time 4.746916841000029
gc 0
Test threshold 0.1 Acc 0.8986
t0.1_test_time 1.1174089769999682
data_distribution  [10000, 0, 0, 0, 0]
gc 0
Test threshold 0.2 Acc 0.8986
t0.2_test_time 1.0850953829999526
data_distribution  [10000, 0, 0, 0, 0]
gc 0
Test threshold 0.3 Acc 0.8986
t0.3_test_time 1.0914957059999324
data_distribution  [10000, 0, 0, 0, 0]
gc 0
Test threshold 0.4 Acc 0.8986
t0.4_test_time 1.0858533460000217
data_distribution  [10000, 0, 0, 0, 0]
gc 0
Test threshold 0.5 Acc 0.8985
t0.5_test_time 1.0796374819999528
data_distribution  [9999, 1, 0, 0, 0]
gc 0
Test threshold 0.6 Acc 0.8956
t0.6_test_time 1.3294328389999919
data_distribution  [9570, 411, 19, 0, 0]
gc 0
Test threshold 0.7 Acc 0.8902
t0.7_test_time 1.388639769000065
data_distribution  [9088, 837, 75, 0, 0]
gc 0
Test threshold 0.8 Acc 0.8837
t0.8_test_time 1.4376045340000019
data_distribution  [8470, 1336, 194, 0, 0]
gc 0
Test threshold 0.9 Acc 0.8762
t0.9_test_time 1.5392951230001017
data_distribution  [7417, 2162, 421, 0, 0]
gc 0
ep2_train_time 28.886123338999823
Test Epoch2 layer0 Acc 0.8986
ep2_l0_test_time 1.071992924999904
Test Epoch2 layer1 Acc 0.844
ep2_l1_test_time 1.8067949730000237
Test Epoch2 layer2 Acc 0.844
ep2_l2_test_time 2.7912494539998534
Test Epoch2 layer3 Acc 0.505
ep2_l3_test_time 3.7773386260000734
Test Epoch2 layer4 Acc 0.505
ep2_l4_test_time 4.75659299400013
gc 0
Test threshold 0.1 Acc 0.8986
t0.1_test_time 1.0742462580001302
data_distribution  [10000, 0, 0, 0, 0]
gc 0
Test threshold 0.2 Acc 0.8986
t0.2_test_time 1.0816897350000545
data_distribution  [10000, 0, 0, 0, 0]
gc 0
Test threshold 0.3 Acc 0.8986
t0.3_test_time 1.0885849999999664
data_distribution  [10000, 0, 0, 0, 0]
gc 0
Test threshold 0.4 Acc 0.8986
t0.4_test_time 1.072497237999869
data_distribution  [10000, 0, 0, 0, 0]
gc 0
Test threshold 0.5 Acc 0.8985
t0.5_test_time 1.0800401639999109
data_distribution  [9999, 1, 0, 0, 0]
gc 0
Test threshold 0.6 Acc 0.8956
t0.6_test_time 1.3030373909998616
data_distribution  [9570, 411, 19, 0, 0]
gc 0
Test threshold 0.7 Acc 0.8903
t0.7_test_time 1.3944922670000324
data_distribution  [9088, 837, 75, 0, 0]
gc 0
Test threshold 0.8 Acc 0.8838
t0.8_test_time 1.433131572999855
data_distribution  [8470, 1336, 194, 0, 0]
gc 0
Test threshold 0.9 Acc 0.8761
t0.9_test_time 1.5293934190001437
data_distribution  [7417, 2162, 421, 0, 0]
gc 0
ep3_train_time 28.97148527200011
Test Epoch3 layer0 Acc 0.8986
ep3_l0_test_time 1.069375836000063
Test Epoch3 layer1 Acc 0.844
ep3_l1_test_time 1.813137235999875
Test Epoch3 layer2 Acc 0.8508
ep3_l2_test_time 2.802679342999909
Save ckpt to ckpt/imdb_lstmal_l5_pad500_fix//imdb_lstmal_l5_m2.pt  ,ep 3
Test Epoch3 layer3 Acc 0.505
ep3_l3_test_time 3.806452320000062
Test Epoch3 layer4 Acc 0.505
ep3_l4_test_time 4.7883301279998705
gc 0
Test threshold 0.1 Acc 0.8986
t0.1_test_time 1.0989544320000277
data_distribution  [10000, 0, 0, 0, 0]
gc 0
Test threshold 0.2 Acc 0.8986
t0.2_test_time 1.0924998160000996
data_distribution  [10000, 0, 0, 0, 0]
gc 0
Test threshold 0.3 Acc 0.8986
t0.3_test_time 1.0911116990000664
data_distribution  [10000, 0, 0, 0, 0]
gc 0
Test threshold 0.4 Acc 0.8986
t0.4_test_time 1.0912652350000371
data_distribution  [10000, 0, 0, 0, 0]
gc 0
Test threshold 0.5 Acc 0.8985
t0.5_test_time 1.0995743290000064
data_distribution  [9999, 1, 0, 0, 0]
gc 0
Test threshold 0.6 Acc 0.8955
t0.6_test_time 1.3686912050000046
data_distribution  [9570, 411, 19, 0, 0]
gc 0
Test threshold 0.7 Acc 0.8903
t0.7_test_time 1.4073307880000812
data_distribution  [9088, 837, 75, 0, 0]
gc 0
Test threshold 0.8 Acc 0.8845
t0.8_test_time 1.460731454000097
data_distribution  [8470, 1336, 194, 0, 0]
gc 0
Test threshold 0.9 Acc 0.8776
t0.9_test_time 1.5446531279999363
data_distribution  [7417, 2162, 421, 0, 0]
gc 0
ep4_train_time 28.978798718999997
Test Epoch4 layer0 Acc 0.8986
ep4_l0_test_time 1.09069317400008
Test Epoch4 layer1 Acc 0.844
ep4_l1_test_time 1.815172676999964
Test Epoch4 layer2 Acc 0.8727
ep4_l2_test_time 2.7960246250002
Save ckpt to ckpt/imdb_lstmal_l5_pad500_fix//imdb_lstmal_l5_m2.pt  ,ep 4
Test Epoch4 layer3 Acc 0.505
ep4_l3_test_time 3.7817885189999743
Test Epoch4 layer4 Acc 0.505
ep4_l4_test_time 4.764175684999827
gc 0
Test threshold 0.1 Acc 0.8986
t0.1_test_time 1.070847366999942
data_distribution  [10000, 0, 0, 0, 0]
gc 0
Test threshold 0.2 Acc 0.8986
t0.2_test_time 1.0706900069999392
data_distribution  [10000, 0, 0, 0, 0]
gc 0
Test threshold 0.3 Acc 0.8986
t0.3_test_time 1.072131752000132
data_distribution  [10000, 0, 0, 0, 0]
gc 0
Test threshold 0.4 Acc 0.8986
t0.4_test_time 1.0732502379999005
data_distribution  [10000, 0, 0, 0, 0]
gc 0
Test threshold 0.5 Acc 0.8985
t0.5_test_time 1.0939174939999248
data_distribution  [9999, 1, 0, 0, 0]
gc 0
Test threshold 0.6 Acc 0.8953
t0.6_test_time 1.3184311520001302
data_distribution  [9570, 411, 19, 0, 0]
gc 0
Test threshold 0.7 Acc 0.8902
t0.7_test_time 1.392776799000103
data_distribution  [9088, 837, 75, 0, 0]
gc 0
Test threshold 0.8 Acc 0.8852
t0.8_test_time 1.4634220030000051
data_distribution  [8470, 1336, 194, 0, 0]
gc 0
Test threshold 0.9 Acc 0.8792
t0.9_test_time 1.549778298000092
data_distribution  [7417, 2162, 421, 0, 0]
gc 0
ep5_train_time 28.938555753999935
Test Epoch5 layer0 Acc 0.8986
ep5_l0_test_time 1.0824790460001168
Test Epoch5 layer1 Acc 0.844
ep5_l1_test_time 1.8159859620000134
Test Epoch5 layer2 Acc 0.8766
ep5_l2_test_time 2.76817248500015
Save ckpt to ckpt/imdb_lstmal_l5_pad500_fix//imdb_lstmal_l5_m2.pt  ,ep 5
Test Epoch5 layer3 Acc 0.505
ep5_l3_test_time 3.751350536000018
Test Epoch5 layer4 Acc 0.505
ep5_l4_test_time 4.715690587999916
gc 0
Test threshold 0.1 Acc 0.8986
t0.1_test_time 1.0737061110000923
data_distribution  [10000, 0, 0, 0, 0]
gc 0
Test threshold 0.2 Acc 0.8986
t0.2_test_time 1.0805170600001475
data_distribution  [10000, 0, 0, 0, 0]
gc 0
Test threshold 0.3 Acc 0.8986
t0.3_test_time 1.0836563290001777
data_distribution  [10000, 0, 0, 0, 0]
gc 0
Test threshold 0.4 Acc 0.8986
t0.4_test_time 1.0723505359999308
data_distribution  [10000, 0, 0, 0, 0]
gc 0
Test threshold 0.5 Acc 0.8985
t0.5_test_time 1.0802866930000619
data_distribution  [9999, 1, 0, 0, 0]
gc 0
Test threshold 0.6 Acc 0.8953
t0.6_test_time 1.312860234000027
data_distribution  [9570, 411, 19, 0, 0]
gc 0
Test threshold 0.7 Acc 0.8904
t0.7_test_time 1.3913059030001023
data_distribution  [9088, 837, 75, 0, 0]
gc 0
Test threshold 0.8 Acc 0.8851
t0.8_test_time 1.4355862580000576
data_distribution  [8470, 1336, 194, 0, 0]
gc 0
Test threshold 0.9 Acc 0.8795
t0.9_test_time 1.5255813450000915
data_distribution  [7417, 2162, 421, 0, 0]
gc 0
ep6_train_time 28.910630647999824
Test Epoch6 layer0 Acc 0.8986
ep6_l0_test_time 1.1072911700000532
Test Epoch6 layer1 Acc 0.844
ep6_l1_test_time 1.8154164130000936
Test Epoch6 layer2 Acc 0.8749
ep6_l2_test_time 2.795288580000033
Test Epoch6 layer3 Acc 0.505
ep6_l3_test_time 3.7849312240000472
Test Epoch6 layer4 Acc 0.505
ep6_l4_test_time 4.762946088000035
gc 0
Test threshold 0.1 Acc 0.8986
t0.1_test_time 1.0795504019999953
data_distribution  [10000, 0, 0, 0, 0]
gc 0
Test threshold 0.2 Acc 0.8986
t0.2_test_time 1.0708626489999915
data_distribution  [10000, 0, 0, 0, 0]
gc 0
Test threshold 0.3 Acc 0.8986
t0.3_test_time 1.0715743270000075
data_distribution  [10000, 0, 0, 0, 0]
gc 0
Test threshold 0.4 Acc 0.8986
t0.4_test_time 1.0717090729999654
data_distribution  [10000, 0, 0, 0, 0]
gc 0
Test threshold 0.5 Acc 0.8985
t0.5_test_time 1.078845678000107
data_distribution  [9999, 1, 0, 0, 0]
gc 0
Test threshold 0.6 Acc 0.8955
t0.6_test_time 1.331921520999913
data_distribution  [9570, 411, 19, 0, 0]
gc 0
Test threshold 0.7 Acc 0.8902
t0.7_test_time 1.4043881529998998
data_distribution  [9088, 837, 75, 0, 0]
gc 0
Test threshold 0.8 Acc 0.8854
t0.8_test_time 1.4434682789999442
data_distribution  [8470, 1336, 194, 0, 0]
gc 0
Test threshold 0.9 Acc 0.8797
t0.9_test_time 1.5342050289998497
data_distribution  [7417, 2162, 421, 0, 0]
gc 0
ep7_train_time 28.945006578999937
Test Epoch7 layer0 Acc 0.8986
ep7_l0_test_time 1.0688921679998202
Test Epoch7 layer1 Acc 0.844
ep7_l1_test_time 1.824818088000029
Test Epoch7 layer2 Acc 0.882
ep7_l2_test_time 2.8042767580000145
Save ckpt to ckpt/imdb_lstmal_l5_pad500_fix//imdb_lstmal_l5_m2.pt  ,ep 7
Test Epoch7 layer3 Acc 0.505
ep7_l3_test_time 3.8062611940001716
Test Epoch7 layer4 Acc 0.505
ep7_l4_test_time 4.780661067999972
gc 0
Test threshold 0.1 Acc 0.8986
t0.1_test_time 1.0980610509998314
data_distribution  [10000, 0, 0, 0, 0]
gc 0
Test threshold 0.2 Acc 0.8986
t0.2_test_time 1.1085813259999213
data_distribution  [10000, 0, 0, 0, 0]
gc 0
Test threshold 0.3 Acc 0.8986
t0.3_test_time 1.0997621649999019
data_distribution  [10000, 0, 0, 0, 0]
gc 0
Test threshold 0.4 Acc 0.8986
t0.4_test_time 1.0945788439998978
data_distribution  [10000, 0, 0, 0, 0]
gc 0
Test threshold 0.5 Acc 0.8985
t0.5_test_time 1.104510246000018
data_distribution  [9999, 1, 0, 0, 0]
gc 0
Test threshold 0.6 Acc 0.8955
t0.6_test_time 1.3467171659999622
data_distribution  [9570, 411, 19, 0, 0]
gc 0
Test threshold 0.7 Acc 0.8901
t0.7_test_time 1.4065994909999517
data_distribution  [9088, 837, 75, 0, 0]
gc 0
Test threshold 0.8 Acc 0.8854
t0.8_test_time 1.4599673710001753
data_distribution  [8470, 1336, 194, 0, 0]
gc 0
Test threshold 0.9 Acc 0.8799
t0.9_test_time 1.5399864109999726
data_distribution  [7417, 2162, 421, 0, 0]
gc 0
ep8_train_time 28.94335368199995
Test Epoch8 layer0 Acc 0.8986
ep8_l0_test_time 1.0665361550002217
Test Epoch8 layer1 Acc 0.844
ep8_l1_test_time 1.8090486910000436
Test Epoch8 layer2 Acc 0.8819
ep8_l2_test_time 2.7938814049998655
Test Epoch8 layer3 Acc 0.505
ep8_l3_test_time 3.7747892879999654
Test Epoch8 layer4 Acc 0.505
ep8_l4_test_time 4.76204074400016
gc 0
Test threshold 0.1 Acc 0.8986
t0.1_test_time 1.0895068699999229
data_distribution  [10000, 0, 0, 0, 0]
gc 0
Test threshold 0.2 Acc 0.8986
t0.2_test_time 1.0875323669999943
data_distribution  [10000, 0, 0, 0, 0]
gc 0
Test threshold 0.3 Acc 0.8986
t0.3_test_time 1.0895123140001033
data_distribution  [10000, 0, 0, 0, 0]
gc 0
Test threshold 0.4 Acc 0.8986
t0.4_test_time 1.0895783000000847
data_distribution  [10000, 0, 0, 0, 0]
gc 0
Test threshold 0.5 Acc 0.8985
t0.5_test_time 1.0971492849998867
data_distribution  [9999, 1, 0, 0, 0]
gc 0
Test threshold 0.6 Acc 0.8954
t0.6_test_time 1.324650684999824
data_distribution  [9570, 411, 19, 0, 0]
gc 0
Test threshold 0.7 Acc 0.8906
t0.7_test_time 1.3988765970000259
data_distribution  [9088, 837, 75, 0, 0]
gc 0
Test threshold 0.8 Acc 0.8858
t0.8_test_time 1.4297325729999102
data_distribution  [8470, 1336, 194, 0, 0]
gc 0
Test threshold 0.9 Acc 0.8806
t0.9_test_time 1.529426648000026
data_distribution  [7417, 2162, 421, 0, 0]
gc 0
ep9_train_time 28.991502868999987
Test Epoch9 layer0 Acc 0.8986
ep9_l0_test_time 1.0781533099998342
Test Epoch9 layer1 Acc 0.844
ep9_l1_test_time 1.8210941899999398
Test Epoch9 layer2 Acc 0.8826
ep9_l2_test_time 2.793227773000126
Save ckpt to ckpt/imdb_lstmal_l5_pad500_fix//imdb_lstmal_l5_m2.pt  ,ep 9
Test Epoch9 layer3 Acc 0.505
ep9_l3_test_time 3.7715385149999747
Test Epoch9 layer4 Acc 0.505
ep9_l4_test_time 4.746139318999894
gc 0
Test threshold 0.1 Acc 0.8986
t0.1_test_time 1.0754008020001038
data_distribution  [10000, 0, 0, 0, 0]
gc 0
Test threshold 0.2 Acc 0.8986
t0.2_test_time 1.0828766129998257
data_distribution  [10000, 0, 0, 0, 0]
gc 0
Test threshold 0.3 Acc 0.8986
t0.3_test_time 1.0752562469999702
data_distribution  [10000, 0, 0, 0, 0]
gc 0
Test threshold 0.4 Acc 0.8986
t0.4_test_time 1.0797843700001977
data_distribution  [10000, 0, 0, 0, 0]
gc 0
Test threshold 0.5 Acc 0.8985
t0.5_test_time 1.0837715740001386
data_distribution  [9999, 1, 0, 0, 0]
gc 0
Test threshold 0.6 Acc 0.8956
t0.6_test_time 1.318324771999869
data_distribution  [9570, 411, 19, 0, 0]
gc 0
Test threshold 0.7 Acc 0.8905
t0.7_test_time 1.4143058499998915
data_distribution  [9088, 837, 75, 0, 0]
gc 0
Test threshold 0.8 Acc 0.8853
t0.8_test_time 1.4545256930000505
data_distribution  [8470, 1336, 194, 0, 0]
gc 0
Test threshold 0.9 Acc 0.8805
t0.9_test_time 1.5594613250000293
data_distribution  [7417, 2162, 421, 0, 0]
Best Acc 0.8826 9 2
gc 10
ep0_train_time 28.88001478299998
Test Epoch0 layer0 Acc 0.8986
ep0_l0_test_time 1.0764314609998564
Test Epoch0 layer1 Acc 0.844
ep0_l1_test_time 1.825541234999946
Test Epoch0 layer2 Acc 0.8826
ep0_l2_test_time 2.8096644620000006
Test Epoch0 layer3 Acc 0.8861
ep0_l3_test_time 3.7817350280001847
Save ckpt to ckpt/imdb_lstmal_l5_pad500_fix//imdb_lstmal_l5_m3.pt  ,ep 0
Test Epoch0 layer4 Acc 0.505
ep0_l4_test_time 4.7595938289998685
gc 0
Test threshold 0.1 Acc 0.8986
t0.1_test_time 1.0720405590000155
data_distribution  [10000, 0, 0, 0, 0]
gc 0
Test threshold 0.2 Acc 0.8986
t0.2_test_time 1.0806387970001197
data_distribution  [10000, 0, 0, 0, 0]
gc 0
Test threshold 0.3 Acc 0.8986
t0.3_test_time 1.0740515279999272
data_distribution  [10000, 0, 0, 0, 0]
gc 0
Test threshold 0.4 Acc 0.8986
t0.4_test_time 1.0727445579998403
data_distribution  [10000, 0, 0, 0, 0]
gc 0
Test threshold 0.5 Acc 0.8985
t0.5_test_time 1.099677366999913
data_distribution  [9999, 1, 0, 0, 0]
gc 0
Test threshold 0.6 Acc 0.8956
t0.6_test_time 1.349189287999934
data_distribution  [9570, 411, 19, 0, 0]
gc 0
Test threshold 0.7 Acc 0.8906
t0.7_test_time 1.4333379639999748
data_distribution  [9088, 837, 71, 4, 0]
gc 0
Test threshold 0.8 Acc 0.8856
t0.8_test_time 1.5225539040000058
data_distribution  [8470, 1336, 181, 13, 0]
gc 0
Test threshold 0.9 Acc 0.8808
t0.9_test_time 1.656315792999976
data_distribution  [7417, 2162, 356, 65, 0]
gc 0
ep1_train_time 28.886259911000025
Test Epoch1 layer0 Acc 0.8986
ep1_l0_test_time 1.0692180799999278
Test Epoch1 layer1 Acc 0.844
ep1_l1_test_time 1.8066551379999964
Test Epoch1 layer2 Acc 0.8826
ep1_l2_test_time 2.799348979999877
Test Epoch1 layer3 Acc 0.8867
ep1_l3_test_time 3.779138114000034
Save ckpt to ckpt/imdb_lstmal_l5_pad500_fix//imdb_lstmal_l5_m3.pt  ,ep 1
Test Epoch1 layer4 Acc 0.505
ep1_l4_test_time 4.7629928940000354
gc 0
Test threshold 0.1 Acc 0.8986
t0.1_test_time 1.0991157479998037
data_distribution  [10000, 0, 0, 0, 0]
gc 0
Test threshold 0.2 Acc 0.8986
t0.2_test_time 1.139742841999805
data_distribution  [10000, 0, 0, 0, 0]
gc 0
Test threshold 0.3 Acc 0.8986
t0.3_test_time 1.0840392510001493
data_distribution  [10000, 0, 0, 0, 0]
gc 0
Test threshold 0.4 Acc 0.8986
t0.4_test_time 1.0730850140000712
data_distribution  [10000, 0, 0, 0, 0]
gc 0
Test threshold 0.5 Acc 0.8985
t0.5_test_time 1.0879381990000638
data_distribution  [9999, 1, 0, 0, 0]
gc 0
Test threshold 0.6 Acc 0.8956
t0.6_test_time 1.3268245160002152
data_distribution  [9570, 411, 19, 0, 0]
gc 0
Test threshold 0.7 Acc 0.8906
t0.7_test_time 1.4209414029999152
data_distribution  [9088, 837, 71, 4, 0]
gc 0
Test threshold 0.8 Acc 0.8856
t0.8_test_time 1.5101395070000763
data_distribution  [8470, 1336, 181, 13, 0]
gc 0
Test threshold 0.9 Acc 0.8808
t0.9_test_time 1.6370500079999601
data_distribution  [7417, 2162, 356, 65, 0]
gc 0
ep2_train_time 28.899770753999974
Test Epoch2 layer0 Acc 0.8986
ep2_l0_test_time 1.0683759180001289
Test Epoch2 layer1 Acc 0.844
ep2_l1_test_time 1.8120174240000324
Test Epoch2 layer2 Acc 0.8826
ep2_l2_test_time 2.792948018999823
Test Epoch2 layer3 Acc 0.8865
ep2_l3_test_time 3.7748212890001014
Test Epoch2 layer4 Acc 0.505
ep2_l4_test_time 4.759947845999932
gc 0
Test threshold 0.1 Acc 0.8986
t0.1_test_time 1.0696168209999541
data_distribution  [10000, 0, 0, 0, 0]
gc 0
Test threshold 0.2 Acc 0.8986
t0.2_test_time 1.080603875000179
data_distribution  [10000, 0, 0, 0, 0]
gc 0
Test threshold 0.3 Acc 0.8986
t0.3_test_time 1.0711673040000278
data_distribution  [10000, 0, 0, 0, 0]
gc 0
Test threshold 0.4 Acc 0.8986
t0.4_test_time 1.0717416049999429
data_distribution  [10000, 0, 0, 0, 0]
gc 0
Test threshold 0.5 Acc 0.8985
t0.5_test_time 1.0789652529999785
data_distribution  [9999, 1, 0, 0, 0]
gc 0
Test threshold 0.6 Acc 0.8956
t0.6_test_time 1.331191251999826
data_distribution  [9570, 411, 19, 0, 0]
gc 0
Test threshold 0.7 Acc 0.8906
t0.7_test_time 1.4256118230000538
data_distribution  [9088, 837, 71, 4, 0]
gc 0
Test threshold 0.8 Acc 0.8856
t0.8_test_time 1.4891936860001351
data_distribution  [8470, 1336, 181, 13, 0]
gc 0
Test threshold 0.9 Acc 0.8809
t0.9_test_time 1.6497740029999477
data_distribution  [7417, 2162, 356, 65, 0]
gc 0
ep3_train_time 28.887514652000164
Test Epoch3 layer0 Acc 0.8986
ep3_l0_test_time 1.0678518360000453
Test Epoch3 layer1 Acc 0.844
ep3_l1_test_time 1.8230894850000823
Test Epoch3 layer2 Acc 0.8826
ep3_l2_test_time 2.823816830999931
Test Epoch3 layer3 Acc 0.8866
ep3_l3_test_time 3.808368922999989
Test Epoch3 layer4 Acc 0.505
ep3_l4_test_time 4.772515625000096
gc 0
Test threshold 0.1 Acc 0.8986
t0.1_test_time 1.0712380200000098
data_distribution  [10000, 0, 0, 0, 0]
gc 0
Test threshold 0.2 Acc 0.8986
t0.2_test_time 1.0785878469998806
data_distribution  [10000, 0, 0, 0, 0]
gc 0
Test threshold 0.3 Acc 0.8986
t0.3_test_time 1.0738590770001792
data_distribution  [10000, 0, 0, 0, 0]
gc 0
Test threshold 0.4 Acc 0.8986
t0.4_test_time 1.1031076639999355
data_distribution  [10000, 0, 0, 0, 0]
gc 0
Test threshold 0.5 Acc 0.8985
t0.5_test_time 1.0823304190000727
data_distribution  [9999, 1, 0, 0, 0]
gc 0
Test threshold 0.6 Acc 0.8956
t0.6_test_time 1.3458808610000688
data_distribution  [9570, 411, 19, 0, 0]
gc 0
Test threshold 0.7 Acc 0.8906
t0.7_test_time 1.4377573480001047
data_distribution  [9088, 837, 71, 4, 0]
gc 0
Test threshold 0.8 Acc 0.8856
t0.8_test_time 1.5163916170001812
data_distribution  [8470, 1336, 181, 13, 0]
gc 0
Test threshold 0.9 Acc 0.881
t0.9_test_time 1.674082202999898
data_distribution  [7417, 2162, 356, 65, 0]
gc 0
ep4_train_time 29.003643997000154
Test Epoch4 layer0 Acc 0.8986
ep4_l0_test_time 1.083289446000208
Test Epoch4 layer1 Acc 0.844
ep4_l1_test_time 1.8188788950001253
Test Epoch4 layer2 Acc 0.8826
ep4_l2_test_time 2.7956794409999475
Test Epoch4 layer3 Acc 0.8883
ep4_l3_test_time 3.795049046000031
Save ckpt to ckpt/imdb_lstmal_l5_pad500_fix//imdb_lstmal_l5_m3.pt  ,ep 4
Test Epoch4 layer4 Acc 0.505
ep4_l4_test_time 4.779990029000146
gc 0
Test threshold 0.1 Acc 0.8986
t0.1_test_time 1.0717161390000456
data_distribution  [10000, 0, 0, 0, 0]
gc 0
Test threshold 0.2 Acc 0.8986
t0.2_test_time 1.0810983979999946
data_distribution  [10000, 0, 0, 0, 0]
gc 0
Test threshold 0.3 Acc 0.8986
t0.3_test_time 1.1058137610000358
data_distribution  [10000, 0, 0, 0, 0]
gc 0
Test threshold 0.4 Acc 0.8986
t0.4_test_time 1.0839217919999555
data_distribution  [10000, 0, 0, 0, 0]
gc 0
Test threshold 0.5 Acc 0.8985
t0.5_test_time 1.1172541640000873
data_distribution  [9999, 1, 0, 0, 0]
gc 0
Test threshold 0.6 Acc 0.8956
t0.6_test_time 1.3411312419998467
data_distribution  [9570, 411, 19, 0, 0]
gc 0
Test threshold 0.7 Acc 0.8906
t0.7_test_time 1.4330215850000059
data_distribution  [9088, 837, 71, 4, 0]
gc 0
Test threshold 0.8 Acc 0.8856
t0.8_test_time 1.4993418270000802
data_distribution  [8470, 1336, 181, 13, 0]
gc 0
Test threshold 0.9 Acc 0.881
t0.9_test_time 1.6557639610000479
data_distribution  [7417, 2162, 356, 65, 0]
gc 0
ep5_train_time 28.910309266000013
Test Epoch5 layer0 Acc 0.8986
ep5_l0_test_time 1.0689773200001582
Test Epoch5 layer1 Acc 0.844
ep5_l1_test_time 1.8039261470000838
Test Epoch5 layer2 Acc 0.8826
ep5_l2_test_time 2.7725838070000464
Test Epoch5 layer3 Acc 0.8892
ep5_l3_test_time 3.752896316000033
Save ckpt to ckpt/imdb_lstmal_l5_pad500_fix//imdb_lstmal_l5_m3.pt  ,ep 5
Test Epoch5 layer4 Acc 0.505
ep5_l4_test_time 4.727550780000001
gc 0
Test threshold 0.1 Acc 0.8986
t0.1_test_time 1.0727796680000665
data_distribution  [10000, 0, 0, 0, 0]
gc 0
Test threshold 0.2 Acc 0.8986
t0.2_test_time 1.0796840470000006
data_distribution  [10000, 0, 0, 0, 0]
gc 0
Test threshold 0.3 Acc 0.8986
t0.3_test_time 1.074114340000051
data_distribution  [10000, 0, 0, 0, 0]
gc 0
Test threshold 0.4 Acc 0.8986
t0.4_test_time 1.073944924999978
data_distribution  [10000, 0, 0, 0, 0]
gc 0
Test threshold 0.5 Acc 0.8985
t0.5_test_time 1.0800676360001944
data_distribution  [9999, 1, 0, 0, 0]
gc 0
Test threshold 0.6 Acc 0.8956
t0.6_test_time 1.3001021019999826
data_distribution  [9570, 411, 19, 0, 0]
gc 0
Test threshold 0.7 Acc 0.8906
t0.7_test_time 1.420815586999879
data_distribution  [9088, 837, 71, 4, 0]
gc 0
Test threshold 0.8 Acc 0.8856
t0.8_test_time 1.5118062610001743
data_distribution  [8470, 1336, 181, 13, 0]
gc 0
Test threshold 0.9 Acc 0.8811
t0.9_test_time 1.6417109740000342
data_distribution  [7417, 2162, 356, 65, 0]
gc 0
ep6_train_time 28.9187395739998
Test Epoch6 layer0 Acc 0.8986
ep6_l0_test_time 1.076885281999921
Test Epoch6 layer1 Acc 0.844
ep6_l1_test_time 1.8116424380000353
Test Epoch6 layer2 Acc 0.8826
ep6_l2_test_time 2.8055590940000457
Test Epoch6 layer3 Acc 0.8897
ep6_l3_test_time 3.79485967100004
Save ckpt to ckpt/imdb_lstmal_l5_pad500_fix//imdb_lstmal_l5_m3.pt  ,ep 6
Test Epoch6 layer4 Acc 0.505
ep6_l4_test_time 4.778078246999939
gc 0
Test threshold 0.1 Acc 0.8986
t0.1_test_time 1.0688645810000708
data_distribution  [10000, 0, 0, 0, 0]
gc 0
Test threshold 0.2 Acc 0.8986
t0.2_test_time 1.078382165999983
data_distribution  [10000, 0, 0, 0, 0]
gc 0
Test threshold 0.3 Acc 0.8986
t0.3_test_time 1.0690303389999372
data_distribution  [10000, 0, 0, 0, 0]
gc 0
Test threshold 0.4 Acc 0.8986
t0.4_test_time 1.069400719999976
data_distribution  [10000, 0, 0, 0, 0]
gc 0
Test threshold 0.5 Acc 0.8985
t0.5_test_time 1.078251949000105
data_distribution  [9999, 1, 0, 0, 0]
gc 0
Test threshold 0.6 Acc 0.8956
t0.6_test_time 1.3283476450001217
data_distribution  [9570, 411, 19, 0, 0]
gc 0
Test threshold 0.7 Acc 0.8906
t0.7_test_time 1.4304381330000524
data_distribution  [9088, 837, 71, 4, 0]
gc 0
Test threshold 0.8 Acc 0.8857
t0.8_test_time 1.520262472000013
data_distribution  [8470, 1336, 181, 13, 0]
gc 0
Test threshold 0.9 Acc 0.881
t0.9_test_time 1.6549206280001272
data_distribution  [7417, 2162, 356, 65, 0]
gc 0
ep7_train_time 28.932592082000156
Test Epoch7 layer0 Acc 0.8986
ep7_l0_test_time 1.0707607080000798
Test Epoch7 layer1 Acc 0.844
ep7_l1_test_time 1.8211305150000499
Test Epoch7 layer2 Acc 0.8826
ep7_l2_test_time 2.805419835000066
Test Epoch7 layer3 Acc 0.8901
ep7_l3_test_time 3.7990274569999656
Save ckpt to ckpt/imdb_lstmal_l5_pad500_fix//imdb_lstmal_l5_m3.pt  ,ep 7
Test Epoch7 layer4 Acc 0.505
ep7_l4_test_time 4.782309674999851
gc 0
Test threshold 0.1 Acc 0.8986
t0.1_test_time 1.0714394139999968
data_distribution  [10000, 0, 0, 0, 0]
gc 0
Test threshold 0.2 Acc 0.8986
t0.2_test_time 1.0792527149999387
data_distribution  [10000, 0, 0, 0, 0]
gc 0
Test threshold 0.3 Acc 0.8986
t0.3_test_time 1.0862198990000707
data_distribution  [10000, 0, 0, 0, 0]
gc 0
Test threshold 0.4 Acc 0.8986
t0.4_test_time 1.0908458680000876
data_distribution  [10000, 0, 0, 0, 0]
gc 0
Test threshold 0.5 Acc 0.8985
t0.5_test_time 1.0980558449998625
data_distribution  [9999, 1, 0, 0, 0]
gc 0
Test threshold 0.6 Acc 0.8956
t0.6_test_time 1.3541415510001116
data_distribution  [9570, 411, 19, 0, 0]
gc 0
Test threshold 0.7 Acc 0.8906
t0.7_test_time 1.4470238320000135
data_distribution  [9088, 837, 71, 4, 0]
gc 0
Test threshold 0.8 Acc 0.8858
t0.8_test_time 1.5477349669999967
data_distribution  [8470, 1336, 181, 13, 0]
gc 0
Test threshold 0.9 Acc 0.8814
t0.9_test_time 1.697091003000196
data_distribution  [7417, 2162, 356, 65, 0]
gc 0
ep8_train_time 28.929496899000014
Test Epoch8 layer0 Acc 0.8986
ep8_l0_test_time 1.0701422209999691
Test Epoch8 layer1 Acc 0.844
ep8_l1_test_time 1.8096542050000153
Test Epoch8 layer2 Acc 0.8826
ep8_l2_test_time 2.7959694789999503
Test Epoch8 layer3 Acc 0.8884
ep8_l3_test_time 3.7789537740000014
Test Epoch8 layer4 Acc 0.505
ep8_l4_test_time 4.761163326999849
gc 0
Test threshold 0.1 Acc 0.8986
t0.1_test_time 1.0762881539999398
data_distribution  [10000, 0, 0, 0, 0]
gc 0
Test threshold 0.2 Acc 0.8986
t0.2_test_time 1.0948298020000493
data_distribution  [10000, 0, 0, 0, 0]
gc 0
Test threshold 0.3 Acc 0.8986
t0.3_test_time 1.0723133120000057
data_distribution  [10000, 0, 0, 0, 0]
gc 0
Test threshold 0.4 Acc 0.8986
t0.4_test_time 1.0698509849999027
data_distribution  [10000, 0, 0, 0, 0]
gc 0
Test threshold 0.5 Acc 0.8985
t0.5_test_time 1.0794776069999443
data_distribution  [9999, 1, 0, 0, 0]
gc 0
Test threshold 0.6 Acc 0.8956
t0.6_test_time 1.327128650000077
data_distribution  [9570, 411, 19, 0, 0]
gc 0
Test threshold 0.7 Acc 0.8906
t0.7_test_time 1.4286121069999353
data_distribution  [9088, 837, 71, 4, 0]
gc 0
Test threshold 0.8 Acc 0.8856
t0.8_test_time 1.4839489060000233
data_distribution  [8470, 1336, 181, 13, 0]
gc 0
Test threshold 0.9 Acc 0.8811
t0.9_test_time 1.6406716229998892
data_distribution  [7417, 2162, 356, 65, 0]
gc 0
ep9_train_time 28.902725130000135
Test Epoch9 layer0 Acc 0.8986
ep9_l0_test_time 1.0654827779999323
Test Epoch9 layer1 Acc 0.844
ep9_l1_test_time 1.8027705069998774
Test Epoch9 layer2 Acc 0.8826
ep9_l2_test_time 2.77781202999995
Test Epoch9 layer3 Acc 0.8905
ep9_l3_test_time 3.7704912079998394
Save ckpt to ckpt/imdb_lstmal_l5_pad500_fix//imdb_lstmal_l5_m3.pt  ,ep 9
Test Epoch9 layer4 Acc 0.505
ep9_l4_test_time 4.752248659999623
gc 0
Test threshold 0.1 Acc 0.8986
t0.1_test_time 1.0724193519999972
data_distribution  [10000, 0, 0, 0, 0]
gc 0
Test threshold 0.2 Acc 0.8986
t0.2_test_time 1.0794195469998158
data_distribution  [10000, 0, 0, 0, 0]
gc 0
Test threshold 0.3 Acc 0.8986
t0.3_test_time 1.0741548310002145
data_distribution  [10000, 0, 0, 0, 0]
gc 0
Test threshold 0.4 Acc 0.8986
t0.4_test_time 1.0744513989998268
data_distribution  [10000, 0, 0, 0, 0]
gc 0
Test threshold 0.5 Acc 0.8985
t0.5_test_time 1.0797133379996922
data_distribution  [9999, 1, 0, 0, 0]
gc 0
Test threshold 0.6 Acc 0.8956
t0.6_test_time 1.3094016589998319
data_distribution  [9570, 411, 19, 0, 0]
gc 0
Test threshold 0.7 Acc 0.8906
t0.7_test_time 1.4198119699999552
data_distribution  [9088, 837, 71, 4, 0]
gc 0
Test threshold 0.8 Acc 0.8858
t0.8_test_time 1.5111461339997732
data_distribution  [8470, 1336, 181, 13, 0]
gc 0
Test threshold 0.9 Acc 0.8813
t0.9_test_time 1.655148328999985
data_distribution  [7417, 2162, 356, 65, 0]
Best Acc 0.8905 9 3
gc 10
ep0_train_time 28.915731510000114
Test Epoch0 layer0 Acc 0.8986
ep0_l0_test_time 1.078158361000078
Test Epoch0 layer1 Acc 0.844
ep0_l1_test_time 1.8225980130000607
Test Epoch0 layer2 Acc 0.8826
ep0_l2_test_time 2.7948752780002906
Test Epoch0 layer3 Acc 0.8905
ep0_l3_test_time 3.7827287400000387
Test Epoch0 layer4 Acc 0.8868
ep0_l4_test_time 4.783755570999801
Save ckpt to ckpt/imdb_lstmal_l5_pad500_fix//imdb_lstmal_l5_m4.pt  ,ep 0
gc 0
Test threshold 0.1 Acc 0.8986
t0.1_test_time 1.1080300359999455
data_distribution  [10000, 0, 0, 0, 0]
gc 0
Test threshold 0.2 Acc 0.8986
t0.2_test_time 1.093343134999941
data_distribution  [10000, 0, 0, 0, 0]
gc 0
Test threshold 0.3 Acc 0.8986
t0.3_test_time 1.0954042819998904
data_distribution  [10000, 0, 0, 0, 0]
gc 0
Test threshold 0.4 Acc 0.8986
t0.4_test_time 1.071298792000107
data_distribution  [10000, 0, 0, 0, 0]
gc 0
Test threshold 0.5 Acc 0.8985
t0.5_test_time 1.0918170980003197
data_distribution  [9999, 1, 0, 0, 0]
gc 0
Test threshold 0.6 Acc 0.8956
t0.6_test_time 1.3430996730003244
data_distribution  [9570, 411, 19, 0, 0]
gc 0
Test threshold 0.7 Acc 0.8906
t0.7_test_time 1.4410654129997056
data_distribution  [9088, 837, 71, 4, 0]
gc 0
Test threshold 0.8 Acc 0.8856
t0.8_test_time 1.5447844810000788
data_distribution  [8470, 1336, 181, 11, 2]
gc 0
Test threshold 0.9 Acc 0.8809
t0.9_test_time 1.7759171840002637
data_distribution  [7417, 2162, 356, 27, 38]
gc 0
ep1_train_time 28.853480363000017
Test Epoch1 layer0 Acc 0.8986
ep1_l0_test_time 1.070068486999844
Test Epoch1 layer1 Acc 0.844
ep1_l1_test_time 1.7998534630000904
Test Epoch1 layer2 Acc 0.8826
ep1_l2_test_time 2.791435979000198
Test Epoch1 layer3 Acc 0.8905
ep1_l3_test_time 3.789541246999761
Test Epoch1 layer4 Acc 0.8875
ep1_l4_test_time 4.764395198000329
Save ckpt to ckpt/imdb_lstmal_l5_pad500_fix//imdb_lstmal_l5_m4.pt  ,ep 1
gc 0
Test threshold 0.1 Acc 0.8986
t0.1_test_time 1.0854863009999463
data_distribution  [10000, 0, 0, 0, 0]
gc 0
Test threshold 0.2 Acc 0.8986
t0.2_test_time 1.083588293000048
data_distribution  [10000, 0, 0, 0, 0]
gc 0
Test threshold 0.3 Acc 0.8986
t0.3_test_time 1.0724395700003697
data_distribution  [10000, 0, 0, 0, 0]
gc 0
Test threshold 0.4 Acc 0.8986
t0.4_test_time 1.0757406540001284
data_distribution  [10000, 0, 0, 0, 0]
gc 0
Test threshold 0.5 Acc 0.8985
t0.5_test_time 1.0870692560001771
data_distribution  [9999, 1, 0, 0, 0]
gc 0
Test threshold 0.6 Acc 0.8956
t0.6_test_time 1.3105007109998041
data_distribution  [9570, 411, 19, 0, 0]
gc 0
Test threshold 0.7 Acc 0.8906
t0.7_test_time 1.4170643480001672
data_distribution  [9088, 837, 71, 4, 0]
gc 0
Test threshold 0.8 Acc 0.8856
t0.8_test_time 1.5244449259998873
data_distribution  [8470, 1336, 181, 11, 2]
gc 0
Test threshold 0.9 Acc 0.881
t0.9_test_time 1.742731627000012
data_distribution  [7417, 2162, 356, 27, 38]
gc 0
ep2_train_time 28.863539113000115
Test Epoch2 layer0 Acc 0.8986
ep2_l0_test_time 1.071120453000276
Test Epoch2 layer1 Acc 0.844
ep2_l1_test_time 1.8114508799999385
Test Epoch2 layer2 Acc 0.8826
ep2_l2_test_time 2.805349381000269
Test Epoch2 layer3 Acc 0.8905
ep2_l3_test_time 3.78630182400002
Test Epoch2 layer4 Acc 0.8877
ep2_l4_test_time 4.769511862999934
Save ckpt to ckpt/imdb_lstmal_l5_pad500_fix//imdb_lstmal_l5_m4.pt  ,ep 2
gc 0
Test threshold 0.1 Acc 0.8986
t0.1_test_time 1.0915549189999183
data_distribution  [10000, 0, 0, 0, 0]
gc 0
Test threshold 0.2 Acc 0.8986
t0.2_test_time 1.092703806999907
data_distribution  [10000, 0, 0, 0, 0]
gc 0
Test threshold 0.3 Acc 0.8986
t0.3_test_time 1.0772849129998576
data_distribution  [10000, 0, 0, 0, 0]
gc 0
Test threshold 0.4 Acc 0.8986
t0.4_test_time 1.0754314719997637
data_distribution  [10000, 0, 0, 0, 0]
gc 0
Test threshold 0.5 Acc 0.8985
t0.5_test_time 1.0817824159998963
data_distribution  [9999, 1, 0, 0, 0]
gc 0
Test threshold 0.6 Acc 0.8956
t0.6_test_time 1.3284950740003296
data_distribution  [9570, 411, 19, 0, 0]
gc 0
Test threshold 0.7 Acc 0.8906
t0.7_test_time 1.4191517099998237
data_distribution  [9088, 837, 71, 4, 0]
gc 0
Test threshold 0.8 Acc 0.8857
t0.8_test_time 1.5292684999999437
data_distribution  [8470, 1336, 181, 11, 2]
gc 0
Test threshold 0.9 Acc 0.8811
t0.9_test_time 1.7608408240002973
data_distribution  [7417, 2162, 356, 27, 38]
gc 0
ep3_train_time 28.840456323000126
Test Epoch3 layer0 Acc 0.8986
ep3_l0_test_time 1.0712687689997438
Test Epoch3 layer1 Acc 0.844
ep3_l1_test_time 1.82165074500017
Test Epoch3 layer2 Acc 0.8826
ep3_l2_test_time 2.7995738230001734
Test Epoch3 layer3 Acc 0.8905
ep3_l3_test_time 3.791778380999858
Test Epoch3 layer4 Acc 0.8879
ep3_l4_test_time 4.778433740999844
Save ckpt to ckpt/imdb_lstmal_l5_pad500_fix//imdb_lstmal_l5_m4.pt  ,ep 3
gc 0
Test threshold 0.1 Acc 0.8986
t0.1_test_time 1.0771479380000528
data_distribution  [10000, 0, 0, 0, 0]
gc 0
Test threshold 0.2 Acc 0.8986
t0.2_test_time 1.0838025549996928
data_distribution  [10000, 0, 0, 0, 0]
gc 0
Test threshold 0.3 Acc 0.8986
t0.3_test_time 1.0734751579998374
data_distribution  [10000, 0, 0, 0, 0]
gc 0
Test threshold 0.4 Acc 0.8986
t0.4_test_time 1.0742188990002433
data_distribution  [10000, 0, 0, 0, 0]
gc 0
Test threshold 0.5 Acc 0.8985
t0.5_test_time 1.081412736999937
data_distribution  [9999, 1, 0, 0, 0]
gc 0
Test threshold 0.6 Acc 0.8956
t0.6_test_time 1.3031041970002661
data_distribution  [9570, 411, 19, 0, 0]
gc 0
Test threshold 0.7 Acc 0.8906
t0.7_test_time 1.4448301830002492
data_distribution  [9088, 837, 71, 4, 0]
gc 0
Test threshold 0.8 Acc 0.8857
t0.8_test_time 1.5630237430000307
data_distribution  [8470, 1336, 181, 11, 2]
gc 0
Test threshold 0.9 Acc 0.8811
t0.9_test_time 1.7953217750000476
data_distribution  [7417, 2162, 356, 27, 38]
gc 0
ep4_train_time 28.884951500999705
Test Epoch4 layer0 Acc 0.8986
ep4_l0_test_time 1.0712860129997352
Test Epoch4 layer1 Acc 0.844
ep4_l1_test_time 1.8196265589999712
Test Epoch4 layer2 Acc 0.8826
ep4_l2_test_time 2.808769190000021
Test Epoch4 layer3 Acc 0.8905
ep4_l3_test_time 3.7831185740001274
Test Epoch4 layer4 Acc 0.887
ep4_l4_test_time 4.770063588000085
gc 0
Test threshold 0.1 Acc 0.8986
t0.1_test_time 1.069946632999745
data_distribution  [10000, 0, 0, 0, 0]
gc 0
Test threshold 0.2 Acc 0.8986
t0.2_test_time 1.0974074050000127
data_distribution  [10000, 0, 0, 0, 0]
gc 0
Test threshold 0.3 Acc 0.8986
t0.3_test_time 1.1036621930002184
data_distribution  [10000, 0, 0, 0, 0]
gc 0
Test threshold 0.4 Acc 0.8986
t0.4_test_time 1.0742364630000338
data_distribution  [10000, 0, 0, 0, 0]
gc 0
Test threshold 0.5 Acc 0.8985
t0.5_test_time 1.0788796009996986
data_distribution  [9999, 1, 0, 0, 0]
gc 0
Test threshold 0.6 Acc 0.8956
t0.6_test_time 1.3188278799998443
data_distribution  [9570, 411, 19, 0, 0]
gc 0
Test threshold 0.7 Acc 0.8906
t0.7_test_time 1.4334098079998512
data_distribution  [9088, 837, 71, 4, 0]
gc 0
Test threshold 0.8 Acc 0.8857
t0.8_test_time 1.5327843729996857
data_distribution  [8470, 1336, 181, 11, 2]
gc 0
Test threshold 0.9 Acc 0.8811
t0.9_test_time 1.7802024319998964
data_distribution  [7417, 2162, 356, 27, 38]
gc 0
ep5_train_time 28.873231519
Test Epoch5 layer0 Acc 0.8986
ep5_l0_test_time 1.0704933470001379
Test Epoch5 layer1 Acc 0.844
ep5_l1_test_time 1.8010413840002002
Test Epoch5 layer2 Acc 0.8826
ep5_l2_test_time 2.768536079000114
Test Epoch5 layer3 Acc 0.8905
ep5_l3_test_time 3.7527559750001274
Test Epoch5 layer4 Acc 0.8876
ep5_l4_test_time 4.717963095999949
gc 0
Test threshold 0.1 Acc 0.8986
t0.1_test_time 1.079788378000103
data_distribution  [10000, 0, 0, 0, 0]
gc 0
Test threshold 0.2 Acc 0.8986
t0.2_test_time 1.0816537850000714
data_distribution  [10000, 0, 0, 0, 0]
gc 0
Test threshold 0.3 Acc 0.8986
t0.3_test_time 1.0854576629999428
data_distribution  [10000, 0, 0, 0, 0]
gc 0
Test threshold 0.4 Acc 0.8986
t0.4_test_time 1.0870142560002023
data_distribution  [10000, 0, 0, 0, 0]
gc 0
Test threshold 0.5 Acc 0.8985
t0.5_test_time 1.0946356069998728
data_distribution  [9999, 1, 0, 0, 0]
gc 0
Test threshold 0.6 Acc 0.8956
t0.6_test_time 1.318851205000101
data_distribution  [9570, 411, 19, 0, 0]
gc 0
Test threshold 0.7 Acc 0.8906
t0.7_test_time 1.433651264999753
data_distribution  [9088, 837, 71, 4, 0]
gc 0
Test threshold 0.8 Acc 0.8857
t0.8_test_time 1.530704243999935
data_distribution  [8470, 1336, 181, 11, 2]
gc 0
Test threshold 0.9 Acc 0.8813
t0.9_test_time 1.7687146840003152
data_distribution  [7417, 2162, 356, 27, 38]
gc 0
ep6_train_time 28.8634236769999
Test Epoch6 layer0 Acc 0.8986
ep6_l0_test_time 1.0741119220001565
Test Epoch6 layer1 Acc 0.844
ep6_l1_test_time 1.8238199090001217
Test Epoch6 layer2 Acc 0.8826
ep6_l2_test_time 2.796659679000186
Test Epoch6 layer3 Acc 0.8905
ep6_l3_test_time 3.782508675000372
Test Epoch6 layer4 Acc 0.8873
ep6_l4_test_time 4.772309974000109
gc 0
Test threshold 0.1 Acc 0.8986
t0.1_test_time 1.0729354530003548
data_distribution  [10000, 0, 0, 0, 0]
gc 0
Test threshold 0.2 Acc 0.8986
t0.2_test_time 1.080833237999741
data_distribution  [10000, 0, 0, 0, 0]
gc 0
Test threshold 0.3 Acc 0.8986
t0.3_test_time 1.074387456000295
data_distribution  [10000, 0, 0, 0, 0]
gc 0
Test threshold 0.4 Acc 0.8986
t0.4_test_time 1.0729551590002302
data_distribution  [10000, 0, 0, 0, 0]
gc 0
Test threshold 0.5 Acc 0.8985
t0.5_test_time 1.082393153999874
data_distribution  [9999, 1, 0, 0, 0]
gc 0
Test threshold 0.6 Acc 0.8956
t0.6_test_time 1.3222807110000758
data_distribution  [9570, 411, 19, 0, 0]
gc 0
Test threshold 0.7 Acc 0.8906
t0.7_test_time 1.4323187959998904
data_distribution  [9088, 837, 71, 4, 0]
gc 0
Test threshold 0.8 Acc 0.8857
t0.8_test_time 1.5185710239998116
data_distribution  [8470, 1336, 181, 11, 2]
gc 0
Test threshold 0.9 Acc 0.8813
t0.9_test_time 1.7760246419998111
data_distribution  [7417, 2162, 356, 27, 38]
gc 0
ep7_train_time 28.880950774000212
Test Epoch7 layer0 Acc 0.8986
ep7_l0_test_time 1.0903179130000353
Test Epoch7 layer1 Acc 0.844
ep7_l1_test_time 1.8290313569996215
Test Epoch7 layer2 Acc 0.8826
ep7_l2_test_time 2.8103161819999514
Test Epoch7 layer3 Acc 0.8905
ep7_l3_test_time 3.8038113859997793
Test Epoch7 layer4 Acc 0.8875
ep7_l4_test_time 4.791095331000179
gc 0
Test threshold 0.1 Acc 0.8986
t0.1_test_time 1.0810010290001628
data_distribution  [10000, 0, 0, 0, 0]
gc 0
Test threshold 0.2 Acc 0.8986
t0.2_test_time 1.11365617499996
data_distribution  [10000, 0, 0, 0, 0]
gc 0
Test threshold 0.3 Acc 0.8986
t0.3_test_time 1.0918626030002088
data_distribution  [10000, 0, 0, 0, 0]
gc 0
Test threshold 0.4 Acc 0.8986
t0.4_test_time 1.0931595690003633
data_distribution  [10000, 0, 0, 0, 0]
gc 0
Test threshold 0.5 Acc 0.8985
t0.5_test_time 1.099038592999932
data_distribution  [9999, 1, 0, 0, 0]
gc 0
Test threshold 0.6 Acc 0.8956
t0.6_test_time 1.3607683489999545
data_distribution  [9570, 411, 19, 0, 0]
gc 0
Test threshold 0.7 Acc 0.8906
t0.7_test_time 1.4459413580002547
data_distribution  [9088, 837, 71, 4, 0]
gc 0
Test threshold 0.8 Acc 0.8857
t0.8_test_time 1.5486158860003343
data_distribution  [8470, 1336, 181, 11, 2]
gc 0
Test threshold 0.9 Acc 0.8813
t0.9_test_time 1.7888489320002918
data_distribution  [7417, 2162, 356, 27, 38]
gc 0
ep8_train_time 28.885283180999977
Test Epoch8 layer0 Acc 0.8986
ep8_l0_test_time 1.069431185999747
Test Epoch8 layer1 Acc 0.844
ep8_l1_test_time 1.8116477469998244
Test Epoch8 layer2 Acc 0.8826
ep8_l2_test_time 2.8028682640001534
Test Epoch8 layer3 Acc 0.8905
ep8_l3_test_time 3.790192339999976
Test Epoch8 layer4 Acc 0.8883
ep8_l4_test_time 4.772526966999976
Save ckpt to ckpt/imdb_lstmal_l5_pad500_fix//imdb_lstmal_l5_m4.pt  ,ep 8
gc 0
Test threshold 0.1 Acc 0.8986
t0.1_test_time 1.091632652000044
data_distribution  [10000, 0, 0, 0, 0]
gc 0
Test threshold 0.2 Acc 0.8986
t0.2_test_time 1.094257584999923
data_distribution  [10000, 0, 0, 0, 0]
gc 0
Test threshold 0.3 Acc 0.8986
t0.3_test_time 1.0734093020000728
data_distribution  [10000, 0, 0, 0, 0]
gc 0
Test threshold 0.4 Acc 0.8986
t0.4_test_time 1.0727596970000377
data_distribution  [10000, 0, 0, 0, 0]
gc 0
Test threshold 0.5 Acc 0.8985
t0.5_test_time 1.079588823999984
data_distribution  [9999, 1, 0, 0, 0]
gc 0
Test threshold 0.6 Acc 0.8956
t0.6_test_time 1.3215248010001233
data_distribution  [9570, 411, 19, 0, 0]
gc 0
Test threshold 0.7 Acc 0.8906
t0.7_test_time 1.4122349459998986
data_distribution  [9088, 837, 71, 4, 0]
gc 0
Test threshold 0.8 Acc 0.8858
t0.8_test_time 1.5219651279999198
data_distribution  [8470, 1336, 181, 11, 2]
gc 0
Test threshold 0.9 Acc 0.8815
t0.9_test_time 1.762519570999757
data_distribution  [7417, 2162, 356, 27, 38]
gc 0
ep9_train_time 28.898728803999802
Test Epoch9 layer0 Acc 0.8986
ep9_l0_test_time 1.0717720309999095
Test Epoch9 layer1 Acc 0.844
ep9_l1_test_time 1.804040494000219
Test Epoch9 layer2 Acc 0.8826
ep9_l2_test_time 2.781343468000159
Test Epoch9 layer3 Acc 0.8905
ep9_l3_test_time 3.781093829999918
Test Epoch9 layer4 Acc 0.8879
ep9_l4_test_time 4.7675732810002955
gc 0
Test threshold 0.1 Acc 0.8986
t0.1_test_time 1.0918229300000348
data_distribution  [10000, 0, 0, 0, 0]
gc 0
Test threshold 0.2 Acc 0.8986
t0.2_test_time 1.0975532119996387
data_distribution  [10000, 0, 0, 0, 0]
gc 0
Test threshold 0.3 Acc 0.8986
t0.3_test_time 1.0867550610000762
data_distribution  [10000, 0, 0, 0, 0]
gc 0
Test threshold 0.4 Acc 0.8986
t0.4_test_time 1.077120255000409
data_distribution  [10000, 0, 0, 0, 0]
gc 0
Test threshold 0.5 Acc 0.8985
t0.5_test_time 1.0971554100001413
data_distribution  [9999, 1, 0, 0, 0]
gc 0
Test threshold 0.6 Acc 0.8956
t0.6_test_time 1.3321169879995978
data_distribution  [9570, 411, 19, 0, 0]
gc 0
Test threshold 0.7 Acc 0.8906
t0.7_test_time 1.4197595900000124
data_distribution  [9088, 837, 71, 4, 0]
gc 0
Test threshold 0.8 Acc 0.8858
t0.8_test_time 1.5205967570000212
data_distribution  [8470, 1336, 181, 11, 2]
gc 0
Test threshold 0.9 Acc 0.8814
t0.9_test_time 1.761629861000074
data_distribution  [7417, 2162, 356, 27, 38]
Best Acc 0.8883 8 4
total_train+valid_time 2623.161854023
