total count words 887881
vocab size 30000
train size 560000, test size 70000
found 28354 words in glove
L0f Total Trainable Params: 9000000
L0b Total Trainable Params: 38528
L0ae Total Trainable Params: 3726
L1f Total Trainable Params: 1086600
L1b Total Trainable Params: 38528
L1ae Total Trainable Params: 33024
L2f Total Trainable Params: 1086600
L2b Total Trainable Params: 38528
L2ae Total Trainable Params: 33024
L3f Total Trainable Params: 1086600
L3b Total Trainable Params: 38528
L3ae Total Trainable Params: 33024
L4f Total Trainable Params: 1086600
L4b Total Trainable Params: 38528
L4ae Total Trainable Params: 33024
init_time 55.903189974
Start Training
gc 0
Train Epoch0 Acc 0.7278928571428571 (407620/560000)
ep0_train_time 173.332968202
Test Epoch0 layer0 Acc 0.9715285714285714
ep0_l0_test_time 1.4511114780000014
Save ckpt to ckpt/dbpedia_14_transformeral_l5_pad80//dbpedia_14_transformeral_l5.pt  ,ep 0
Test Epoch0 layer1 Acc 0.9701571428571428
ep0_l1_test_time 2.3782301360000133
Test Epoch0 layer2 Acc 0.9702857142857143
ep0_l2_test_time 3.2875181389999852
Test Epoch0 layer3 Acc 0.9701857142857143
ep0_l3_test_time 4.230396026999983
Test Epoch0 layer4 Acc 0.9699714285714286
ep0_l4_test_time 5.0956817249999915
gc 0
Test threshold 0.1 Acc 0.9716
t0.1_test_time 1.7412997540000106
data_distribution  [68262, 1492, 65, 26, 155]
Save ckpt to ckpt/dbpedia_14_transformeral_l5_pad80//dbpedia_14_transformeral_l5.pt  ,ep 0
gc 0
Test threshold 0.2 Acc 0.9711285714285715
t0.2_test_time 1.7804983979999918
data_distribution  [66927, 2586, 146, 47, 294]
gc 0
Test threshold 0.3 Acc 0.9708428571428571
t0.3_test_time 1.8065374109999937
data_distribution  [65733, 3531, 215, 85, 436]
gc 0
Test threshold 0.4 Acc 0.9707857142857143
t0.4_test_time 1.8197035339999843
data_distribution  [64595, 4407, 318, 101, 579]
gc 0
Test threshold 0.5 Acc 0.9706285714285714
t0.5_test_time 1.8401903200000334
data_distribution  [63414, 5301, 395, 134, 756]
gc 0
Test threshold 0.6 Acc 0.9704428571428572
t0.6_test_time 1.8758105800000067
data_distribution  [62172, 6206, 510, 180, 932]
gc 0
Test threshold 0.7 Acc 0.9702714285714286
t0.7_test_time 1.9130469380000363
data_distribution  [60538, 7411, 669, 203, 1179]
gc 0
Test threshold 0.8 Acc 0.9699571428571429
t0.8_test_time 1.9440740519999622
data_distribution  [58477, 8874, 873, 265, 1511]
gc 0
Test threshold 0.9 Acc 0.9699571428571429
t0.9_test_time 2.051994586000035
data_distribution  [55000, 11225, 1235, 407, 2133]
gc 0
Train Epoch1 Acc 0.9750928571428571 (546052/560000)
ep1_train_time 172.75107419100004
Test Epoch1 layer0 Acc 0.9738
ep1_l0_test_time 1.448816789000034
Save ckpt to ckpt/dbpedia_14_transformeral_l5_pad80//dbpedia_14_transformeral_l5.pt  ,ep 1
Test Epoch1 layer1 Acc 0.9752571428571428
ep1_l1_test_time 2.3779092429999764
Save ckpt to ckpt/dbpedia_14_transformeral_l5_pad80//dbpedia_14_transformeral_l5.pt  ,ep 1
Test Epoch1 layer2 Acc 0.9751428571428571
ep1_l2_test_time 3.2821229080000194
Test Epoch1 layer3 Acc 0.9752714285714286
ep1_l3_test_time 4.2263810180000405
Save ckpt to ckpt/dbpedia_14_transformeral_l5_pad80//dbpedia_14_transformeral_l5.pt  ,ep 1
Test Epoch1 layer4 Acc 0.9752285714285714
ep1_l4_test_time 5.093806213999983
gc 0
Test threshold 0.1 Acc 0.9741571428571428
t0.1_test_time 1.638829027999975
data_distribution  [68384, 1517, 51, 11, 37]
gc 0
Test threshold 0.2 Acc 0.9739428571428571
t0.2_test_time 1.7266748220000068
data_distribution  [67431, 2373, 98, 23, 75]
gc 0
Test threshold 0.3 Acc 0.9740285714285715
t0.3_test_time 1.7977481180000154
data_distribution  [66598, 3111, 143, 37, 111]
gc 0
Test threshold 0.4 Acc 0.9741
t0.4_test_time 1.7773383730000205
data_distribution  [65769, 3837, 198, 48, 148]
gc 0
Test threshold 0.5 Acc 0.9742285714285714
t0.5_test_time 1.7823355049999918
data_distribution  [64969, 4528, 243, 65, 195]
gc 0
Test threshold 0.6 Acc 0.9742857142857143
t0.6_test_time 1.8155296170000383
data_distribution  [64078, 5281, 303, 95, 243]
gc 0
Test threshold 0.7 Acc 0.9742571428571428
t0.7_test_time 1.833905327000025
data_distribution  [63042, 6126, 384, 135, 313]
gc 0
Test threshold 0.8 Acc 0.9742428571428572
t0.8_test_time 1.87217711400001
data_distribution  [61583, 7330, 492, 172, 423]
gc 0
Test threshold 0.9 Acc 0.9743571428571428
t0.9_test_time 1.9081539320000047
data_distribution  [59151, 9262, 668, 258, 661]
gc 0
Train Epoch2 Acc 0.9809107142857143 (549310/560000)
ep2_train_time 172.62883973600003
Test Epoch2 layer0 Acc 0.9738142857142857
ep2_l0_test_time 1.4598340699999426
Test Epoch2 layer1 Acc 0.9782
ep2_l1_test_time 2.3962948260000303
Save ckpt to ckpt/dbpedia_14_transformeral_l5_pad80//dbpedia_14_transformeral_l5.pt  ,ep 2
Test Epoch2 layer2 Acc 0.9781428571428571
ep2_l2_test_time 3.301891099000045
Test Epoch2 layer3 Acc 0.978
ep2_l3_test_time 4.236943814000028
Test Epoch2 layer4 Acc 0.9780714285714286
ep2_l4_test_time 5.075271681999993
gc 0
Test threshold 0.1 Acc 0.9748571428571429
t0.1_test_time 1.6612510589999374
data_distribution  [68324, 1571, 61, 12, 32]
gc 0
Test threshold 0.2 Acc 0.9751571428571428
t0.2_test_time 1.6747438910000483
data_distribution  [67522, 2311, 87, 26, 54]
gc 0
Test threshold 0.3 Acc 0.9755285714285714
t0.3_test_time 1.7168573500000548
data_distribution  [66881, 2885, 122, 33, 79]
gc 0
Test threshold 0.4 Acc 0.9757857142857143
t0.4_test_time 1.7407543630000646
data_distribution  [66234, 3474, 157, 41, 94]
gc 0
Test threshold 0.5 Acc 0.9758285714285714
t0.5_test_time 1.7561502789999395
data_distribution  [65561, 4091, 177, 56, 115]
gc 0
Test threshold 0.6 Acc 0.9759142857142857
t0.6_test_time 1.7996518100000003
data_distribution  [64858, 4709, 217, 67, 149]
gc 0
Test threshold 0.7 Acc 0.9759428571428571
t0.7_test_time 1.8120238369999697
data_distribution  [64030, 5414, 269, 93, 194]
gc 0
Test threshold 0.8 Acc 0.9761857142857143
t0.8_test_time 1.8413192399999616
data_distribution  [62880, 6399, 324, 134, 263]
gc 0
Test threshold 0.9 Acc 0.9763857142857143
t0.9_test_time 1.9058968120000372
data_distribution  [60933, 8053, 447, 140, 427]
gc 0
Train Epoch3 Acc 0.9840339285714286 (551059/560000)
ep3_train_time 172.65186113100003
Test Epoch3 layer0 Acc 0.9736285714285714
ep3_l0_test_time 1.496224847999997
Test Epoch3 layer1 Acc 0.9788857142857142
ep3_l1_test_time 2.38039392099995
Save ckpt to ckpt/dbpedia_14_transformeral_l5_pad80//dbpedia_14_transformeral_l5.pt  ,ep 3
Test Epoch3 layer2 Acc 0.9792142857142857
ep3_l2_test_time 3.3407763830000476
Save ckpt to ckpt/dbpedia_14_transformeral_l5_pad80//dbpedia_14_transformeral_l5.pt  ,ep 3
Test Epoch3 layer3 Acc 0.9792714285714286
ep3_l3_test_time 4.306835875000047
Save ckpt to ckpt/dbpedia_14_transformeral_l5_pad80//dbpedia_14_transformeral_l5.pt  ,ep 3
Test Epoch3 layer4 Acc 0.9791857142857143
ep3_l4_test_time 5.078930518999982
gc 0
Test threshold 0.1 Acc 0.9751142857142857
t0.1_test_time 1.6626140509999914
data_distribution  [68279, 1613, 58, 12, 38]
gc 0
Test threshold 0.2 Acc 0.9756142857142858
t0.2_test_time 1.7153445830000464
data_distribution  [67573, 2259, 94, 24, 50]
gc 0
Test threshold 0.3 Acc 0.9757714285714286
t0.3_test_time 1.7120503539999845
data_distribution  [67002, 2789, 112, 38, 59]
gc 0
Test threshold 0.4 Acc 0.9758857142857142
t0.4_test_time 1.7195752879999873
data_distribution  [66450, 3295, 128, 49, 78]
gc 0
Test threshold 0.5 Acc 0.9761857142857143
t0.5_test_time 1.8348961599999711
data_distribution  [65906, 3788, 154, 49, 103]
gc 0
Test threshold 0.6 Acc 0.9763142857142857
t0.6_test_time 1.9477414409999483
data_distribution  [65325, 4293, 203, 57, 122]
gc 0
Test threshold 0.7 Acc 0.9765285714285714
t0.7_test_time 1.799270669000066
data_distribution  [64631, 4918, 217, 75, 159]
gc 0
Test threshold 0.8 Acc 0.9769428571428571
t0.8_test_time 1.8440846859999738
data_distribution  [63699, 5730, 271, 92, 208]
gc 0
Test threshold 0.9 Acc 0.9771
t0.9_test_time 1.9606648540000151
data_distribution  [62072, 7136, 345, 129, 318]
gc 0
Train Epoch4 Acc 0.9856392857142857 (551958/560000)
ep4_train_time 172.80468014899986
Test Epoch4 layer0 Acc 0.9744
ep4_l0_test_time 1.452368432999947
Test Epoch4 layer1 Acc 0.9792571428571428
ep4_l1_test_time 2.375157296999987
Test Epoch4 layer2 Acc 0.9795285714285714
ep4_l2_test_time 3.2869390060000114
Save ckpt to ckpt/dbpedia_14_transformeral_l5_pad80//dbpedia_14_transformeral_l5.pt  ,ep 4
Test Epoch4 layer3 Acc 0.9794857142857143
ep4_l3_test_time 4.2239856079997935
Test Epoch4 layer4 Acc 0.9795
ep4_l4_test_time 5.080689677999999
gc 0
Test threshold 0.1 Acc 0.9756714285714285
t0.1_test_time 1.6801318819998414
data_distribution  [68199, 1664, 71, 17, 49]
gc 0
Test threshold 0.2 Acc 0.9759142857142857
t0.2_test_time 1.7123072080000838
data_distribution  [67550, 2267, 83, 27, 73]
gc 0
Test threshold 0.3 Acc 0.9762
t0.3_test_time 1.7525851559998955
data_distribution  [67054, 2711, 122, 23, 90]
gc 0
Test threshold 0.4 Acc 0.9763285714285714
t0.4_test_time 1.7088297629998124
data_distribution  [66599, 3133, 134, 35, 99]
gc 0
Test threshold 0.5 Acc 0.9765857142857143
t0.5_test_time 1.727729459000102
data_distribution  [66106, 3581, 157, 43, 113]
gc 0
Test threshold 0.6 Acc 0.9768142857142857
t0.6_test_time 1.755389151000145
data_distribution  [65578, 4060, 181, 50, 131]
gc 0
Test threshold 0.7 Acc 0.9769571428571429
t0.7_test_time 1.7667080159999387
data_distribution  [64962, 4616, 215, 51, 156]
gc 0
Test threshold 0.8 Acc 0.9771714285714286
t0.8_test_time 1.7942359769999712
data_distribution  [64138, 5352, 249, 76, 185]
gc 0
Test threshold 0.9 Acc 0.9775142857142857
t0.9_test_time 1.8423094260001562
data_distribution  [62779, 6518, 323, 116, 264]
gc 0
Train Epoch5 Acc 0.9867017857142857 (552553/560000)
ep5_train_time 172.83729184100002
Test Epoch5 layer0 Acc 0.9744285714285714
ep5_l0_test_time 1.5137893969999823
Test Epoch5 layer1 Acc 0.9791
ep5_l1_test_time 2.3729833680001775
Test Epoch5 layer2 Acc 0.9794285714285714
ep5_l2_test_time 3.293891396000163
Test Epoch5 layer3 Acc 0.9795571428571429
ep5_l3_test_time 4.237975819999974
Save ckpt to ckpt/dbpedia_14_transformeral_l5_pad80//dbpedia_14_transformeral_l5.pt  ,ep 5
Test Epoch5 layer4 Acc 0.9795285714285714
ep5_l4_test_time 5.082392809000112
gc 0
Test threshold 0.1 Acc 0.9755428571428572
t0.1_test_time 1.6402990970000246
data_distribution  [68148, 1726, 71, 14, 41]
gc 0
Test threshold 0.2 Acc 0.9758285714285714
t0.2_test_time 1.770235959000047
data_distribution  [67575, 2253, 102, 17, 53]
gc 0
Test threshold 0.3 Acc 0.976
t0.3_test_time 1.7041351069999564
data_distribution  [67103, 2688, 120, 24, 65]
gc 0
Test threshold 0.4 Acc 0.9762428571428572
t0.4_test_time 1.7049054250001063
data_distribution  [66661, 3094, 140, 28, 77]
gc 0
Test threshold 0.5 Acc 0.9764714285714285
t0.5_test_time 1.7454013930000656
data_distribution  [66233, 3481, 161, 32, 93]
gc 0
Test threshold 0.6 Acc 0.9765571428571429
t0.6_test_time 1.9125714369999969
data_distribution  [65771, 3903, 184, 41, 101]
gc 0
Test threshold 0.7 Acc 0.9768714285714286
t0.7_test_time 1.8023003329999483
data_distribution  [65251, 4370, 206, 53, 120]
gc 0
Test threshold 0.8 Acc 0.9771285714285715
t0.8_test_time 1.773432393000121
data_distribution  [64555, 4983, 243, 69, 150]
gc 0
Test threshold 0.9 Acc 0.9772285714285714
t0.9_test_time 1.8719540199999756
data_distribution  [63380, 6018, 301, 87, 214]
gc 0
Train Epoch6 Acc 0.9876839285714286 (553103/560000)
ep6_train_time 172.79367025099987
Test Epoch6 layer0 Acc 0.9741428571428571
ep6_l0_test_time 1.4833762900000238
Test Epoch6 layer1 Acc 0.9786
ep6_l1_test_time 2.3731615740000507
Test Epoch6 layer2 Acc 0.9787714285714286
ep6_l2_test_time 3.2946250610000334
Test Epoch6 layer3 Acc 0.9786714285714285
ep6_l3_test_time 4.232979447999924
Test Epoch6 layer4 Acc 0.9787142857142858
ep6_l4_test_time 5.086721663999924
gc 0
Test threshold 0.1 Acc 0.9753285714285714
t0.1_test_time 1.6343450679999023
data_distribution  [68153, 1718, 82, 10, 37]
gc 0
Test threshold 0.2 Acc 0.9755714285714285
t0.2_test_time 1.667876951999915
data_distribution  [67610, 2206, 114, 20, 50]
gc 0
Test threshold 0.3 Acc 0.9756857142857143
t0.3_test_time 1.6999093930000981
data_distribution  [67151, 2632, 131, 17, 69]
gc 0
Test threshold 0.4 Acc 0.976
t0.4_test_time 1.7133774330000051
data_distribution  [66785, 2962, 148, 28, 77]
gc 0
Test threshold 0.5 Acc 0.9761571428571428
t0.5_test_time 1.7275278369997977
data_distribution  [66401, 3317, 155, 36, 91]
gc 0
Test threshold 0.6 Acc 0.9764571428571429
t0.6_test_time 1.8856460260001313
data_distribution  [66013, 3656, 178, 40, 113]
gc 0
Test threshold 0.7 Acc 0.9766285714285714
t0.7_test_time 1.7780249620000177
data_distribution  [65499, 4122, 200, 53, 126]
gc 0
Test threshold 0.8 Acc 0.9768142857142857
t0.8_test_time 1.7765294379998977
data_distribution  [64882, 4652, 249, 59, 158]
gc 0
Test threshold 0.9 Acc 0.9769428571428571
t0.9_test_time 1.8179029729999456
data_distribution  [63856, 5564, 275, 78, 227]
gc 0
Train Epoch7 Acc 0.9881732142857143 (553377/560000)
ep7_train_time 172.76844893499992
Test Epoch7 layer0 Acc 0.9742
ep7_l0_test_time 1.4600758290000613
Test Epoch7 layer1 Acc 0.9792428571428572
ep7_l1_test_time 2.404180937000092
Test Epoch7 layer2 Acc 0.9793
ep7_l2_test_time 3.3683630190000713
Test Epoch7 layer3 Acc 0.9792285714285714
ep7_l3_test_time 4.247779740000169
Test Epoch7 layer4 Acc 0.9792571428571428
ep7_l4_test_time 5.081221103999951
gc 0
Test threshold 0.1 Acc 0.9758857142857142
t0.1_test_time 1.7084205290000227
data_distribution  [68097, 1783, 64, 14, 42]
gc 0
Test threshold 0.2 Acc 0.9758857142857142
t0.2_test_time 1.6810944690000724
data_distribution  [67583, 2264, 77, 19, 57]
gc 0
Test threshold 0.3 Acc 0.9760285714285715
t0.3_test_time 1.7434943810001187
data_distribution  [67164, 2654, 99, 18, 65]
gc 0
Test threshold 0.4 Acc 0.9761285714285715
t0.4_test_time 1.7482126350000726
data_distribution  [66815, 2966, 120, 22, 77]
gc 0
Test threshold 0.5 Acc 0.9763142857142857
t0.5_test_time 1.7200056259998746
data_distribution  [66474, 3274, 141, 26, 85]
gc 0
Test threshold 0.6 Acc 0.9765571428571429
t0.6_test_time 1.7338083790000383
data_distribution  [66082, 3637, 156, 25, 100]
gc 0
Test threshold 0.7 Acc 0.9766857142857143
t0.7_test_time 1.7260648019998825
data_distribution  [65654, 4024, 169, 40, 113]
gc 0
Test threshold 0.8 Acc 0.9769
t0.8_test_time 1.7562604550000742
data_distribution  [65080, 4528, 213, 36, 143]
gc 0
Test threshold 0.9 Acc 0.9769714285714286
t0.9_test_time 1.8067519280000397
data_distribution  [64167, 5302, 281, 55, 195]
gc 0
Train Epoch8 Acc 0.9889589285714285 (553817/560000)
ep8_train_time 172.78844028000003
Test Epoch8 layer0 Acc 0.9745
ep8_l0_test_time 1.4915594560000045
Test Epoch8 layer1 Acc 0.9792571428571428
ep8_l1_test_time 2.386845833000052
Test Epoch8 layer2 Acc 0.9792571428571428
ep8_l2_test_time 3.3130616159999136
Test Epoch8 layer3 Acc 0.9791857142857143
ep8_l3_test_time 4.249250287999985
Test Epoch8 layer4 Acc 0.9791714285714286
ep8_l4_test_time 5.083760471000005
gc 0
Test threshold 0.1 Acc 0.9759714285714286
t0.1_test_time 1.6697321929998452
data_distribution  [67649, 2185, 92, 23, 51]
gc 0
Test threshold 0.2 Acc 0.9761571428571428
t0.2_test_time 1.6911708269999508
data_distribution  [67106, 2684, 107, 31, 72]
gc 0
Test threshold 0.3 Acc 0.9763142857142857
t0.3_test_time 1.7528777830000308
data_distribution  [66704, 3045, 129, 34, 88]
gc 0
Test threshold 0.4 Acc 0.9765285714285714
t0.4_test_time 1.7314721279999503
data_distribution  [66300, 3411, 150, 34, 105]
gc 0
Test threshold 0.5 Acc 0.9766857142857143
t0.5_test_time 1.7723174489999565
data_distribution  [65956, 3729, 158, 40, 117]
gc 0
Test threshold 0.6 Acc 0.9767714285714286
t0.6_test_time 1.7536542739999277
data_distribution  [65551, 4090, 182, 47, 130]
gc 0
Test threshold 0.7 Acc 0.9769
t0.7_test_time 1.7673911909998878
data_distribution  [65084, 4495, 212, 55, 154]
gc 0
Test threshold 0.8 Acc 0.9770714285714286
t0.8_test_time 1.8085665169999174
data_distribution  [64489, 5011, 241, 66, 193]
gc 0
Test threshold 0.9 Acc 0.9772857142857143
t0.9_test_time 1.9193149699999594
data_distribution  [63549, 5822, 284, 79, 266]
gc 0
Train Epoch9 Acc 0.9895875 (554169/560000)
ep9_train_time 172.89160332000006
Test Epoch9 layer0 Acc 0.9744285714285714
ep9_l0_test_time 1.4457903620000252
Test Epoch9 layer1 Acc 0.9795428571428572
ep9_l1_test_time 2.363682517000143
Test Epoch9 layer2 Acc 0.9796714285714285
ep9_l2_test_time 3.323157139000159
Save ckpt to ckpt/dbpedia_14_transformeral_l5_pad80//dbpedia_14_transformeral_l5.pt  ,ep 9
Test Epoch9 layer3 Acc 0.9795428571428572
ep9_l3_test_time 4.2266900409999835
Test Epoch9 layer4 Acc 0.9795
ep9_l4_test_time 5.078210323000349
gc 0
Test threshold 0.1 Acc 0.9762285714285714
t0.1_test_time 1.6637914479997562
data_distribution  [67395, 2425, 107, 22, 51]
gc 0
Test threshold 0.2 Acc 0.9763
t0.2_test_time 1.6970813960001578
data_distribution  [66852, 2917, 135, 30, 66]
gc 0
Test threshold 0.3 Acc 0.9766142857142858
t0.3_test_time 1.7159297130001505
data_distribution  [66407, 3312, 170, 37, 74]
gc 0
Test threshold 0.4 Acc 0.9768714285714286
t0.4_test_time 1.772851576999983
data_distribution  [66038, 3635, 195, 47, 85]
gc 0
Test threshold 0.5 Acc 0.9770714285714286
t0.5_test_time 1.8502203450002526
data_distribution  [65674, 3959, 213, 55, 99]
gc 0
Test threshold 0.6 Acc 0.9772285714285714
t0.6_test_time 1.7809158790000765
data_distribution  [65312, 4274, 234, 62, 118]
gc 0
Test threshold 0.7 Acc 0.9772857142857143
t0.7_test_time 1.7762411740000061
data_distribution  [64828, 4704, 248, 70, 150]
gc 0
Test threshold 0.8 Acc 0.9774428571428572
t0.8_test_time 1.7942500410003959
data_distribution  [64215, 5227, 292, 64, 202]
gc 0
Test threshold 0.9 Acc 0.9774571428571428
t0.9_test_time 1.8475802090001707
data_distribution  [63280, 6044, 333, 91, 252]
gc 0
Train Epoch10 Acc 0.9899928571428571 (554396/560000)
ep10_train_time 172.83401212499984
Test Epoch10 layer0 Acc 0.9745714285714285
ep10_l0_test_time 1.4831750980001743
Test Epoch10 layer1 Acc 0.9794142857142857
ep10_l1_test_time 2.3928479610003706
Test Epoch10 layer2 Acc 0.9794714285714285
ep10_l2_test_time 3.301411826000276
Test Epoch10 layer3 Acc 0.9794
ep10_l3_test_time 4.2267358210001476
Test Epoch10 layer4 Acc 0.9794571428571428
ep10_l4_test_time 5.093625219999922
gc 0
Test threshold 0.1 Acc 0.9762142857142857
t0.1_test_time 1.7333145910001804
data_distribution  [67267, 2516, 142, 19, 56]
gc 0
Test threshold 0.2 Acc 0.9762285714285714
t0.2_test_time 1.7018717270002526
data_distribution  [66655, 3074, 166, 28, 77]
gc 0
Test threshold 0.3 Acc 0.9765428571428572
t0.3_test_time 1.7510148369997296
data_distribution  [66212, 3472, 193, 29, 94]
gc 0
Test threshold 0.4 Acc 0.9767142857142858
t0.4_test_time 1.7415216499998678
data_distribution  [65842, 3810, 202, 40, 106]
gc 0
Test threshold 0.5 Acc 0.9769285714285715
t0.5_test_time 1.7583999550001863
data_distribution  [65490, 4131, 213, 50, 116]
gc 0
Test threshold 0.6 Acc 0.9771
t0.6_test_time 1.830910650000078
data_distribution  [65089, 4490, 232, 57, 132]
gc 0
Test threshold 0.7 Acc 0.9771285714285715
t0.7_test_time 1.7785470859998895
data_distribution  [64604, 4925, 236, 75, 160]
gc 0
Test threshold 0.8 Acc 0.9774571428571428
t0.8_test_time 2.050020700999994
data_distribution  [63983, 5459, 274, 83, 201]
gc 0
Test threshold 0.9 Acc 0.9776
t0.9_test_time 1.902123274999667
data_distribution  [63075, 6227, 339, 78, 281]
gc 0
Train Epoch11 Acc 0.9903553571428572 (554599/560000)
ep11_train_time 172.82480014300018
Test Epoch11 layer0 Acc 0.9745428571428572
ep11_l0_test_time 1.4458059010003126
Test Epoch11 layer1 Acc 0.9793142857142857
ep11_l1_test_time 2.3682137279997733
Test Epoch11 layer2 Acc 0.9793857142857143
ep11_l2_test_time 3.2912696060002418
Test Epoch11 layer3 Acc 0.9794
ep11_l3_test_time 4.240845346999777
Test Epoch11 layer4 Acc 0.9793857142857143
ep11_l4_test_time 5.07777975099998
gc 0
Test threshold 0.1 Acc 0.9762
t0.1_test_time 1.6861686170000212
data_distribution  [67165, 2604, 145, 21, 65]
gc 0
Test threshold 0.2 Acc 0.9764714285714285
t0.2_test_time 1.7196924230001969
data_distribution  [66549, 3161, 166, 34, 90]
gc 0
Test threshold 0.3 Acc 0.9766285714285714
t0.3_test_time 1.7398658540000724
data_distribution  [66118, 3543, 183, 49, 107]
gc 0
Test threshold 0.4 Acc 0.9767571428571429
t0.4_test_time 1.7502081560000988
data_distribution  [65731, 3883, 207, 52, 127]
gc 0
Test threshold 0.5 Acc 0.9769428571428571
t0.5_test_time 1.7639696059995913
data_distribution  [65327, 4250, 217, 52, 154]
gc 0
Test threshold 0.6 Acc 0.9771285714285715
t0.6_test_time 1.7876025320001645
data_distribution  [64940, 4582, 256, 50, 172]
gc 0
Test threshold 0.7 Acc 0.9772714285714286
t0.7_test_time 1.7882604450001054
data_distribution  [64486, 4977, 273, 69, 195]
gc 0
Test threshold 0.8 Acc 0.9773857142857143
t0.8_test_time 1.8088586300000316
data_distribution  [63878, 5503, 314, 63, 242]
gc 0
Test threshold 0.9 Acc 0.9777142857142858
t0.9_test_time 1.8476463429997239
data_distribution  [62949, 6295, 352, 83, 321]
gc 0
Train Epoch12 Acc 0.9906232142857143 (554749/560000)
ep12_train_time 172.8627905100002
Test Epoch12 layer0 Acc 0.9746714285714285
ep12_l0_test_time 1.450472869999885
Test Epoch12 layer1 Acc 0.9793571428571428
ep12_l1_test_time 2.3737653739999587
Test Epoch12 layer2 Acc 0.9793428571428572
ep12_l2_test_time 3.300121920000038
Test Epoch12 layer3 Acc 0.9792285714285714
ep12_l3_test_time 4.23595474800004
Test Epoch12 layer4 Acc 0.9791857142857143
ep12_l4_test_time 5.109915450999779
gc 0
Test threshold 0.1 Acc 0.9762428571428572
t0.1_test_time 1.8960794859999623
data_distribution  [66999, 2778, 147, 18, 58]
gc 0
Test threshold 0.2 Acc 0.9764857142857143
t0.2_test_time 1.7390347040000051
data_distribution  [66394, 3310, 182, 30, 84]
gc 0
Test threshold 0.3 Acc 0.9767571428571429
t0.3_test_time 1.7534936709998874
data_distribution  [65978, 3675, 207, 37, 103]
gc 0
Test threshold 0.4 Acc 0.9769285714285715
t0.4_test_time 1.7646814120003
data_distribution  [65580, 4021, 238, 37, 124]
gc 0
Test threshold 0.5 Acc 0.9769571428571429
t0.5_test_time 1.8036879950000184
data_distribution  [65194, 4357, 262, 40, 147]
gc 0
Test threshold 0.6 Acc 0.9771428571428571
t0.6_test_time 1.7955659929998546
data_distribution  [64785, 4723, 271, 52, 169]
gc 0
Test threshold 0.7 Acc 0.9772
t0.7_test_time 1.80307988200002
data_distribution  [64334, 5108, 305, 53, 200]
gc 0
Test threshold 0.8 Acc 0.9772142857142857
t0.8_test_time 1.8187451130002046
data_distribution  [63742, 5616, 337, 67, 238]
gc 0
Test threshold 0.9 Acc 0.9775428571428572
t0.9_test_time 1.9093789850003304
data_distribution  [62838, 6394, 369, 85, 314]
gc 0
Train Epoch13 Acc 0.9909089285714285 (554909/560000)
ep13_train_time 172.87217296299968
Test Epoch13 layer0 Acc 0.9747714285714286
ep13_l0_test_time 1.4936668180002926
Test Epoch13 layer1 Acc 0.9792857142857143
ep13_l1_test_time 2.398425761999988
Test Epoch13 layer2 Acc 0.9791571428571428
ep13_l2_test_time 3.3029032660001576
Test Epoch13 layer3 Acc 0.9791285714285715
ep13_l3_test_time 4.231971237999915
Test Epoch13 layer4 Acc 0.9792285714285714
ep13_l4_test_time 5.083436737000284
gc 0
Test threshold 0.1 Acc 0.9763571428571428
t0.1_test_time 1.6822786790003192
data_distribution  [66916, 2867, 141, 27, 49]
gc 0
Test threshold 0.2 Acc 0.9767714285714286
t0.2_test_time 1.7060908639996342
data_distribution  [66334, 3386, 177, 33, 70]
gc 0
Test threshold 0.3 Acc 0.9770428571428571
t0.3_test_time 1.7388193450001381
data_distribution  [65889, 3786, 195, 39, 91]
gc 0
Test threshold 0.4 Acc 0.9771285714285715
t0.4_test_time 1.7761606879998908
data_distribution  [65510, 4124, 208, 46, 112]
gc 0
Test threshold 0.5 Acc 0.9772428571428572
t0.5_test_time 1.826897074000044
data_distribution  [65117, 4469, 235, 39, 140]
gc 0
Test threshold 0.6 Acc 0.9773
t0.6_test_time 1.8068710399998054
data_distribution  [64725, 4805, 260, 44, 166]
gc 0
Test threshold 0.7 Acc 0.9773428571428572
t0.7_test_time 1.8387639419997868
data_distribution  [64288, 5175, 299, 46, 192]
gc 0
Test threshold 0.8 Acc 0.9773714285714286
t0.8_test_time 1.8173585069998808
data_distribution  [63698, 5682, 331, 59, 230]
gc 0
Test threshold 0.9 Acc 0.9776428571428571
t0.9_test_time 1.8531699549998848
data_distribution  [62761, 6480, 397, 69, 293]
gc 0
Train Epoch14 Acc 0.9913 (555128/560000)
ep14_train_time 173.08850467499997
Test Epoch14 layer0 Acc 0.9746
ep14_l0_test_time 1.4594054939998387
Test Epoch14 layer1 Acc 0.9795142857142857
ep14_l1_test_time 2.385891016000187
Test Epoch14 layer2 Acc 0.9796142857142857
ep14_l2_test_time 3.3080128550000154
Test Epoch14 layer3 Acc 0.9795142857142857
ep14_l3_test_time 4.233319347999895
Test Epoch14 layer4 Acc 0.9795142857142857
ep14_l4_test_time 5.099564783999995
gc 0
Test threshold 0.1 Acc 0.9762
t0.1_test_time 1.730603297000016
data_distribution  [66857, 2898, 163, 26, 56]
gc 0
Test threshold 0.2 Acc 0.9765428571428572
t0.2_test_time 1.7192934710001282
data_distribution  [66267, 3430, 186, 37, 80]
gc 0
Test threshold 0.3 Acc 0.9768714285714286
t0.3_test_time 1.7489680200001203
data_distribution  [65810, 3841, 210, 48, 91]
gc 0
Test threshold 0.4 Acc 0.9771428571428571
t0.4_test_time 1.7790121380003256
data_distribution  [65428, 4184, 226, 55, 107]
gc 0
Test threshold 0.5 Acc 0.9771428571428571
t0.5_test_time 1.851547974999903
data_distribution  [65011, 4537, 254, 60, 138]
gc 0
Test threshold 0.6 Acc 0.9772857142857143
t0.6_test_time 1.8085029280000526
data_distribution  [64628, 4872, 267, 69, 164]
gc 0
Test threshold 0.7 Acc 0.9774
t0.7_test_time 1.8202969719995963
data_distribution  [64199, 5245, 289, 76, 191]
gc 0
Test threshold 0.8 Acc 0.9775857142857143
t0.8_test_time 1.8619957880000584
data_distribution  [63626, 5745, 323, 79, 227]
gc 0
Test threshold 0.9 Acc 0.9777285714285714
t0.9_test_time 1.8565851719999955
data_distribution  [62680, 6558, 364, 106, 292]
gc 0
Train Epoch15 Acc 0.9914660714285715 (555221/560000)
ep15_train_time 172.77191947200026
Test Epoch15 layer0 Acc 0.9744857142857143
ep15_l0_test_time 1.4699090540002544
Test Epoch15 layer1 Acc 0.9795285714285714
ep15_l1_test_time 2.3703886869998314
Test Epoch15 layer2 Acc 0.9797285714285714
ep15_l2_test_time 3.2932795579999947
Save ckpt to ckpt/dbpedia_14_transformeral_l5_pad80//dbpedia_14_transformeral_l5.pt  ,ep 15
Test Epoch15 layer3 Acc 0.9796714285714285
ep15_l3_test_time 4.226655827000286
Test Epoch15 layer4 Acc 0.9796
ep15_l4_test_time 5.081047484999999
gc 0
Test threshold 0.1 Acc 0.9766142857142858
t0.1_test_time 1.7023096739999346
data_distribution  [66819, 2931, 143, 26, 81]
gc 0
Test threshold 0.2 Acc 0.9769857142857142
t0.2_test_time 1.7548766179997983
data_distribution  [66171, 3520, 179, 32, 98]
gc 0
Test threshold 0.3 Acc 0.9771
t0.3_test_time 1.7637612599996828
data_distribution  [65733, 3906, 207, 33, 121]
gc 0
Test threshold 0.4 Acc 0.9773
t0.4_test_time 1.75164568900027
data_distribution  [65361, 4236, 233, 39, 131]
gc 0
Test threshold 0.5 Acc 0.9774428571428572
t0.5_test_time 1.7763233540003966
data_distribution  [64986, 4539, 266, 54, 155]
gc 0
Test threshold 0.6 Acc 0.9775857142857143
t0.6_test_time 1.8333943799998451
data_distribution  [64574, 4904, 272, 67, 183]
gc 0
Test threshold 0.7 Acc 0.9775142857142857
t0.7_test_time 1.8242085530000622
data_distribution  [64137, 5282, 301, 56, 224]
gc 0
Test threshold 0.8 Acc 0.9777142857142858
t0.8_test_time 1.8542263740000635
data_distribution  [63572, 5768, 327, 73, 260]
gc 0
Test threshold 0.9 Acc 0.978
t0.9_test_time 1.8523743270002342
data_distribution  [62624, 6583, 381, 94, 318]
gc 0
Train Epoch16 Acc 0.9915214285714286 (555252/560000)
ep16_train_time 172.94831372099998
Test Epoch16 layer0 Acc 0.9747714285714286
ep16_l0_test_time 1.4886145650002618
Test Epoch16 layer1 Acc 0.9793714285714286
ep16_l1_test_time 2.369638284999837
Test Epoch16 layer2 Acc 0.9793857142857143
ep16_l2_test_time 3.2937033859998337
Test Epoch16 layer3 Acc 0.9794
ep16_l3_test_time 4.224958311000137
Test Epoch16 layer4 Acc 0.9794
ep16_l4_test_time 5.079697815000145
gc 0
Test threshold 0.1 Acc 0.9768428571428571
t0.1_test_time 1.7089164230001188
data_distribution  [66731, 3003, 164, 28, 74]
gc 0
Test threshold 0.2 Acc 0.9769285714285715
t0.2_test_time 1.734289871999863
data_distribution  [66101, 3563, 203, 33, 100]
gc 0
Test threshold 0.3 Acc 0.9771714285714286
t0.3_test_time 1.7552564959996744
data_distribution  [65663, 3954, 222, 44, 117]
gc 0
Test threshold 0.4 Acc 0.9772
t0.4_test_time 1.763740794000114
data_distribution  [65294, 4280, 234, 51, 141]
gc 0
Test threshold 0.5 Acc 0.9772
t0.5_test_time 1.7889015069999914
data_distribution  [64927, 4589, 262, 54, 168]
gc 0
Test threshold 0.6 Acc 0.9773857142857143
t0.6_test_time 1.8043555369999922
data_distribution  [64496, 4965, 288, 55, 196]
gc 0
Test threshold 0.7 Acc 0.9774714285714285
t0.7_test_time 1.8089792079999825
data_distribution  [64048, 5347, 316, 64, 225]
gc 0
Test threshold 0.8 Acc 0.9776428571428571
t0.8_test_time 1.838009571999919
data_distribution  [63493, 5838, 338, 68, 263]
gc 0
Test threshold 0.9 Acc 0.9778142857142857
t0.9_test_time 1.8539006060000247
data_distribution  [62563, 6630, 407, 74, 326]
gc 0
Train Epoch17 Acc 0.9918017857142857 (555409/560000)
ep17_train_time 172.9256195339999
Test Epoch17 layer0 Acc 0.9745571428571429
ep17_l0_test_time 1.4755249730001196
Test Epoch17 layer1 Acc 0.9793571428571428
ep17_l1_test_time 2.373430055999961
Test Epoch17 layer2 Acc 0.9794285714285714
ep17_l2_test_time 3.292858263999733
Test Epoch17 layer3 Acc 0.9794285714285714
ep17_l3_test_time 4.23140148199991
Test Epoch17 layer4 Acc 0.9794428571428572
ep17_l4_test_time 5.085049157999947
gc 0
Test threshold 0.1 Acc 0.9763
t0.1_test_time 1.6998584059997484
data_distribution  [66768, 2970, 160, 31, 71]
gc 0
Test threshold 0.2 Acc 0.9768
t0.2_test_time 1.7290221389998806
data_distribution  [66182, 3488, 210, 27, 93]
gc 0
Test threshold 0.3 Acc 0.9769285714285715
t0.3_test_time 1.77969336499973
data_distribution  [65713, 3909, 233, 28, 117]
gc 0
Test threshold 0.4 Acc 0.9770571428571428
t0.4_test_time 1.768265331999828
data_distribution  [65342, 4241, 243, 47, 127]
gc 0
Test threshold 0.5 Acc 0.9773428571428572
t0.5_test_time 1.806512180000027
data_distribution  [64964, 4584, 257, 50, 145]
gc 0
Test threshold 0.6 Acc 0.9773571428571428
t0.6_test_time 1.8018716899996434
data_distribution  [64582, 4904, 288, 56, 170]
gc 0
Test threshold 0.7 Acc 0.9775857142857143
t0.7_test_time 1.8253646660000413
data_distribution  [64137, 5277, 329, 61, 196]
gc 0
Test threshold 0.8 Acc 0.9777142857142858
t0.8_test_time 1.8292629910001779
data_distribution  [63585, 5765, 353, 70, 227]
gc 0
Test threshold 0.9 Acc 0.9779571428571429
t0.9_test_time 1.8550034240001878
data_distribution  [62643, 6569, 414, 81, 293]
gc 0
Train Epoch18 Acc 0.9923089285714286 (555693/560000)
ep18_train_time 173.02711768200015
Test Epoch18 layer0 Acc 0.9746714285714285
ep18_l0_test_time 1.4522954069998377
Test Epoch18 layer1 Acc 0.9793428571428572
ep18_l1_test_time 2.396320312000171
Test Epoch18 layer2 Acc 0.9793285714285714
ep18_l2_test_time 3.303288332000193
Test Epoch18 layer3 Acc 0.9793
ep18_l3_test_time 4.227126987000247
Test Epoch18 layer4 Acc 0.9792857142857143
ep18_l4_test_time 5.0798036229998615
gc 0
Test threshold 0.1 Acc 0.9765714285714285
t0.1_test_time 1.6923331240000152
data_distribution  [66833, 2911, 151, 24, 81]
gc 0
Test threshold 0.2 Acc 0.9768857142857142
t0.2_test_time 1.765239998999732
data_distribution  [66206, 3457, 197, 32, 108]
gc 0
Test threshold 0.3 Acc 0.9771285714285715
t0.3_test_time 1.7661474860001363
data_distribution  [65792, 3816, 224, 40, 128]
gc 0
Test threshold 0.4 Acc 0.9772857142857143
t0.4_test_time 1.7679400729998633
data_distribution  [65381, 4168, 258, 43, 150]
gc 0
Test threshold 0.5 Acc 0.9773142857142857
t0.5_test_time 1.7868456030000743
data_distribution  [65030, 4470, 288, 46, 166]
gc 0
Test threshold 0.6 Acc 0.9774428571428572
t0.6_test_time 1.7970835289997922
data_distribution  [64648, 4803, 306, 55, 188]
gc 0
Test threshold 0.7 Acc 0.9775857142857143
t0.7_test_time 1.7984057159997064
data_distribution  [64189, 5197, 324, 69, 221]
gc 0
Test threshold 0.8 Acc 0.9776142857142858
t0.8_test_time 1.818200581000383
data_distribution  [63651, 5659, 357, 76, 257]
gc 0
Test threshold 0.9 Acc 0.9778
t0.9_test_time 1.8503656960001535
data_distribution  [62702, 6464, 407, 96, 331]
gc 0
Train Epoch19 Acc 0.9924357142857143 (555764/560000)
ep19_train_time 172.9262352210003
Test Epoch19 layer0 Acc 0.9747857142857143
ep19_l0_test_time 1.4586057650003568
Test Epoch19 layer1 Acc 0.9793285714285714
ep19_l1_test_time 2.3786518159995467
Test Epoch19 layer2 Acc 0.9793285714285714
ep19_l2_test_time 3.317454631000146
Test Epoch19 layer3 Acc 0.9793142857142857
ep19_l3_test_time 4.240185580999423
Test Epoch19 layer4 Acc 0.9792714285714286
ep19_l4_test_time 5.1034614989994225
gc 0
Test threshold 0.1 Acc 0.9764857142857143
t0.1_test_time 1.719964353999785
data_distribution  [66851, 2896, 152, 26, 75]
gc 0
Test threshold 0.2 Acc 0.9767428571428571
t0.2_test_time 1.727680684999541
data_distribution  [66289, 3382, 208, 31, 90]
gc 0
Test threshold 0.3 Acc 0.9768857142857142
t0.3_test_time 1.833215470000141
data_distribution  [65831, 3793, 218, 52, 106]
gc 0
Test threshold 0.4 Acc 0.9770571428571428
t0.4_test_time 1.8502062369998384
data_distribution  [65474, 4098, 253, 53, 122]
gc 0
Test threshold 0.5 Acc 0.9771714285714286
t0.5_test_time 1.7942236549997688
data_distribution  [65081, 4438, 271, 71, 139]
gc 0
Test threshold 0.6 Acc 0.9772714285714286
t0.6_test_time 1.8062825089991748
data_distribution  [64710, 4752, 301, 80, 157]
gc 0
Test threshold 0.7 Acc 0.9774142857142857
t0.7_test_time 1.8166893640000126
data_distribution  [64254, 5148, 325, 80, 193]
gc 0
Test threshold 0.8 Acc 0.9775714285714285
t0.8_test_time 1.8330063960002008
data_distribution  [63705, 5617, 360, 84, 234]
gc 0
Test threshold 0.9 Acc 0.9778142857142857
t0.9_test_time 1.8539018410001518
data_distribution  [62791, 6386, 421, 97, 305]
Best Acc 0.9797285714285714 15 2
total_train+valid_time 4118.9861181139995
