total count words 102019
vocab size 30000
found 26754 words in glove
Load ckpt from ckpt/ag_news_transformeral_l5adf_pad100_t0.3_m2//ag_news_transformeral_l5_prefix.pt
model: TransformerModelML(
  (layers): ModuleList(
    (0): EMBLayer(
      (enc): ENC(
        (b): Sequential(
          (0): Linear(in_features=300, out_features=128, bias=True)
          (1): Tanh()
        )
        (f): Embedding(30000, 300)
        (cri): MSELoss()
      )
      (ae): AE(
        (g): Sequential(
          (0): Linear(in_features=4, out_features=128, bias=True)
          (1): Tanh()
        )
        (h): Sequential(
          (0): Linear(in_features=128, out_features=4, bias=True)
          (1): Sigmoid()
        )
        (cri): CrossEntropyLoss()
      )
    )
    (1): TransLayer(
      (enc): ENC(
        (b): Sequential(
          (0): Linear(in_features=300, out_features=128, bias=True)
          (1): Tanh()
        )
        (f): TransformerEncoder(
          (multi_headed_attention): MultiHeadAttention(
            (linears): ModuleList(
              (0): Linear(in_features=300, out_features=300, bias=True)
              (1): Linear(in_features=300, out_features=300, bias=True)
              (2): Linear(in_features=300, out_features=300, bias=True)
              (3): Linear(in_features=300, out_features=300, bias=True)
            )
            (sdpa): ScaledDotProductAttention()
            (dropout): Dropout(p=0.1, inplace=False)
          )
          (feed_forward): FeedForward(
            (w_1): Linear(in_features=300, out_features=300, bias=True)
            (w_2): Linear(in_features=300, out_features=300, bias=True)
            (relu): ReLU()
            (dropout): Dropout(p=0.1, inplace=False)
          )
          (encoder_layer): EncoderLayer(
            (self_attn): MultiHeadAttention(
              (linears): ModuleList(
                (0): Linear(in_features=300, out_features=300, bias=True)
                (1): Linear(in_features=300, out_features=300, bias=True)
                (2): Linear(in_features=300, out_features=300, bias=True)
                (3): Linear(in_features=300, out_features=300, bias=True)
              )
              (sdpa): ScaledDotProductAttention()
              (dropout): Dropout(p=0.1, inplace=False)
            )
            (feed_forward): FeedForward(
              (w_1): Linear(in_features=300, out_features=300, bias=True)
              (w_2): Linear(in_features=300, out_features=300, bias=True)
              (relu): ReLU()
              (dropout): Dropout(p=0.1, inplace=False)
            )
            (sublayer): ModuleList(
              (0): SublayerConnection(
                (norm): LayerNorm()
                (dropout): Dropout(p=0.1, inplace=False)
              )
              (1): SublayerConnection(
                (norm): LayerNorm()
                (dropout): Dropout(p=0.1, inplace=False)
              )
            )
          )
          (encoder): Encoder(
            (layers): ModuleList(
              (0): EncoderLayer(
                (self_attn): MultiHeadAttention(
                  (linears): ModuleList(
                    (0): Linear(in_features=300, out_features=300, bias=True)
                    (1): Linear(in_features=300, out_features=300, bias=True)
                    (2): Linear(in_features=300, out_features=300, bias=True)
                    (3): Linear(in_features=300, out_features=300, bias=True)
                  )
                  (sdpa): ScaledDotProductAttention()
                  (dropout): Dropout(p=0.1, inplace=False)
                )
                (feed_forward): FeedForward(
                  (w_1): Linear(in_features=300, out_features=300, bias=True)
                  (w_2): Linear(in_features=300, out_features=300, bias=True)
                  (relu): ReLU()
                  (dropout): Dropout(p=0.1, inplace=False)
                )
                (sublayer): ModuleList(
                  (0): SublayerConnection(
                    (norm): LayerNorm()
                    (dropout): Dropout(p=0.1, inplace=False)
                  )
                  (1): SublayerConnection(
                    (norm): LayerNorm()
                    (dropout): Dropout(p=0.1, inplace=False)
                  )
                )
              )
            )
            (norm): LayerNorm()
          )
        )
        (cri): MSELoss()
      )
      (ae): AE(
        (g): Sequential(
          (0): Linear(in_features=128, out_features=128, bias=True)
          (1): Tanh()
        )
        (h): Sequential(
          (0): Linear(in_features=128, out_features=128, bias=True)
        )
        (cri): MSELoss()
      )
    )
    (2): TransLayer(
      (enc): ENC(
        (b): Sequential(
          (0): Linear(in_features=300, out_features=128, bias=True)
          (1): Tanh()
        )
        (f): TransformerEncoder(
          (multi_headed_attention): MultiHeadAttention(
            (linears): ModuleList(
              (0): Linear(in_features=300, out_features=300, bias=True)
              (1): Linear(in_features=300, out_features=300, bias=True)
              (2): Linear(in_features=300, out_features=300, bias=True)
              (3): Linear(in_features=300, out_features=300, bias=True)
            )
            (sdpa): ScaledDotProductAttention()
            (dropout): Dropout(p=0.1, inplace=False)
          )
          (feed_forward): FeedForward(
            (w_1): Linear(in_features=300, out_features=300, bias=True)
            (w_2): Linear(in_features=300, out_features=300, bias=True)
            (relu): ReLU()
            (dropout): Dropout(p=0.1, inplace=False)
          )
          (encoder_layer): EncoderLayer(
            (self_attn): MultiHeadAttention(
              (linears): ModuleList(
                (0): Linear(in_features=300, out_features=300, bias=True)
                (1): Linear(in_features=300, out_features=300, bias=True)
                (2): Linear(in_features=300, out_features=300, bias=True)
                (3): Linear(in_features=300, out_features=300, bias=True)
              )
              (sdpa): ScaledDotProductAttention()
              (dropout): Dropout(p=0.1, inplace=False)
            )
            (feed_forward): FeedForward(
              (w_1): Linear(in_features=300, out_features=300, bias=True)
              (w_2): Linear(in_features=300, out_features=300, bias=True)
              (relu): ReLU()
              (dropout): Dropout(p=0.1, inplace=False)
            )
            (sublayer): ModuleList(
              (0): SublayerConnection(
                (norm): LayerNorm()
                (dropout): Dropout(p=0.1, inplace=False)
              )
              (1): SublayerConnection(
                (norm): LayerNorm()
                (dropout): Dropout(p=0.1, inplace=False)
              )
            )
          )
          (encoder): Encoder(
            (layers): ModuleList(
              (0): EncoderLayer(
                (self_attn): MultiHeadAttention(
                  (linears): ModuleList(
                    (0): Linear(in_features=300, out_features=300, bias=True)
                    (1): Linear(in_features=300, out_features=300, bias=True)
                    (2): Linear(in_features=300, out_features=300, bias=True)
                    (3): Linear(in_features=300, out_features=300, bias=True)
                  )
                  (sdpa): ScaledDotProductAttention()
                  (dropout): Dropout(p=0.1, inplace=False)
                )
                (feed_forward): FeedForward(
                  (w_1): Linear(in_features=300, out_features=300, bias=True)
                  (w_2): Linear(in_features=300, out_features=300, bias=True)
                  (relu): ReLU()
                  (dropout): Dropout(p=0.1, inplace=False)
                )
                (sublayer): ModuleList(
                  (0): SublayerConnection(
                    (norm): LayerNorm()
                    (dropout): Dropout(p=0.1, inplace=False)
                  )
                  (1): SublayerConnection(
                    (norm): LayerNorm()
                    (dropout): Dropout(p=0.1, inplace=False)
                  )
                )
              )
            )
            (norm): LayerNorm()
          )
        )
        (cri): MSELoss()
      )
      (ae): AE(
        (g): Sequential(
          (0): Linear(in_features=128, out_features=128, bias=True)
          (1): Tanh()
        )
        (h): Sequential(
          (0): Linear(in_features=128, out_features=128, bias=True)
        )
        (cri): MSELoss()
      )
    )
    (3): TransLayer(
      (enc): ENC(
        (b): Sequential(
          (0): Linear(in_features=300, out_features=128, bias=True)
          (1): Tanh()
        )
        (f): TransformerEncoder(
          (multi_headed_attention): MultiHeadAttention(
            (linears): ModuleList(
              (0): Linear(in_features=300, out_features=300, bias=True)
              (1): Linear(in_features=300, out_features=300, bias=True)
              (2): Linear(in_features=300, out_features=300, bias=True)
              (3): Linear(in_features=300, out_features=300, bias=True)
            )
            (sdpa): ScaledDotProductAttention()
            (dropout): Dropout(p=0.1, inplace=False)
          )
          (feed_forward): FeedForward(
            (w_1): Linear(in_features=300, out_features=300, bias=True)
            (w_2): Linear(in_features=300, out_features=300, bias=True)
            (relu): ReLU()
            (dropout): Dropout(p=0.1, inplace=False)
          )
          (encoder_layer): EncoderLayer(
            (self_attn): MultiHeadAttention(
              (linears): ModuleList(
                (0): Linear(in_features=300, out_features=300, bias=True)
                (1): Linear(in_features=300, out_features=300, bias=True)
                (2): Linear(in_features=300, out_features=300, bias=True)
                (3): Linear(in_features=300, out_features=300, bias=True)
              )
              (sdpa): ScaledDotProductAttention()
              (dropout): Dropout(p=0.1, inplace=False)
            )
            (feed_forward): FeedForward(
              (w_1): Linear(in_features=300, out_features=300, bias=True)
              (w_2): Linear(in_features=300, out_features=300, bias=True)
              (relu): ReLU()
              (dropout): Dropout(p=0.1, inplace=False)
            )
            (sublayer): ModuleList(
              (0): SublayerConnection(
                (norm): LayerNorm()
                (dropout): Dropout(p=0.1, inplace=False)
              )
              (1): SublayerConnection(
                (norm): LayerNorm()
                (dropout): Dropout(p=0.1, inplace=False)
              )
            )
          )
          (encoder): Encoder(
            (layers): ModuleList(
              (0): EncoderLayer(
                (self_attn): MultiHeadAttention(
                  (linears): ModuleList(
                    (0): Linear(in_features=300, out_features=300, bias=True)
                    (1): Linear(in_features=300, out_features=300, bias=True)
                    (2): Linear(in_features=300, out_features=300, bias=True)
                    (3): Linear(in_features=300, out_features=300, bias=True)
                  )
                  (sdpa): ScaledDotProductAttention()
                  (dropout): Dropout(p=0.1, inplace=False)
                )
                (feed_forward): FeedForward(
                  (w_1): Linear(in_features=300, out_features=300, bias=True)
                  (w_2): Linear(in_features=300, out_features=300, bias=True)
                  (relu): ReLU()
                  (dropout): Dropout(p=0.1, inplace=False)
                )
                (sublayer): ModuleList(
                  (0): SublayerConnection(
                    (norm): LayerNorm()
                    (dropout): Dropout(p=0.1, inplace=False)
                  )
                  (1): SublayerConnection(
                    (norm): LayerNorm()
                    (dropout): Dropout(p=0.1, inplace=False)
                  )
                )
              )
            )
            (norm): LayerNorm()
          )
        )
        (cri): MSELoss()
      )
      (ae): AE(
        (g): Sequential(
          (0): Linear(in_features=128, out_features=128, bias=True)
          (1): Tanh()
        )
        (h): Sequential(
          (0): Linear(in_features=128, out_features=128, bias=True)
        )
        (cri): MSELoss()
      )
    )
    (4): TransLayer(
      (enc): ENC(
        (b): Sequential(
          (0): Linear(in_features=300, out_features=128, bias=True)
          (1): Tanh()
        )
        (f): TransformerEncoder(
          (multi_headed_attention): MultiHeadAttention(
            (linears): ModuleList(
              (0): Linear(in_features=300, out_features=300, bias=True)
              (1): Linear(in_features=300, out_features=300, bias=True)
              (2): Linear(in_features=300, out_features=300, bias=True)
              (3): Linear(in_features=300, out_features=300, bias=True)
            )
            (sdpa): ScaledDotProductAttention()
            (dropout): Dropout(p=0.1, inplace=False)
          )
          (feed_forward): FeedForward(
            (w_1): Linear(in_features=300, out_features=300, bias=True)
            (w_2): Linear(in_features=300, out_features=300, bias=True)
            (relu): ReLU()
            (dropout): Dropout(p=0.1, inplace=False)
          )
          (encoder_layer): EncoderLayer(
            (self_attn): MultiHeadAttention(
              (linears): ModuleList(
                (0): Linear(in_features=300, out_features=300, bias=True)
                (1): Linear(in_features=300, out_features=300, bias=True)
                (2): Linear(in_features=300, out_features=300, bias=True)
                (3): Linear(in_features=300, out_features=300, bias=True)
              )
              (sdpa): ScaledDotProductAttention()
              (dropout): Dropout(p=0.1, inplace=False)
            )
            (feed_forward): FeedForward(
              (w_1): Linear(in_features=300, out_features=300, bias=True)
              (w_2): Linear(in_features=300, out_features=300, bias=True)
              (relu): ReLU()
              (dropout): Dropout(p=0.1, inplace=False)
            )
            (sublayer): ModuleList(
              (0): SublayerConnection(
                (norm): LayerNorm()
                (dropout): Dropout(p=0.1, inplace=False)
              )
              (1): SublayerConnection(
                (norm): LayerNorm()
                (dropout): Dropout(p=0.1, inplace=False)
              )
            )
          )
          (encoder): Encoder(
            (layers): ModuleList(
              (0): EncoderLayer(
                (self_attn): MultiHeadAttention(
                  (linears): ModuleList(
                    (0): Linear(in_features=300, out_features=300, bias=True)
                    (1): Linear(in_features=300, out_features=300, bias=True)
                    (2): Linear(in_features=300, out_features=300, bias=True)
                    (3): Linear(in_features=300, out_features=300, bias=True)
                  )
                  (sdpa): ScaledDotProductAttention()
                  (dropout): Dropout(p=0.1, inplace=False)
                )
                (feed_forward): FeedForward(
                  (w_1): Linear(in_features=300, out_features=300, bias=True)
                  (w_2): Linear(in_features=300, out_features=300, bias=True)
                  (relu): ReLU()
                  (dropout): Dropout(p=0.1, inplace=False)
                )
                (sublayer): ModuleList(
                  (0): SublayerConnection(
                    (norm): LayerNorm()
                    (dropout): Dropout(p=0.1, inplace=False)
                  )
                  (1): SublayerConnection(
                    (norm): LayerNorm()
                    (dropout): Dropout(p=0.1, inplace=False)
                  )
                )
              )
            )
            (norm): LayerNorm()
          )
        )
        (cri): MSELoss()
      )
      (ae): AE(
        (g): Sequential(
          (0): Linear(in_features=128, out_features=128, bias=True)
          (1): Tanh()
        )
        (h): Sequential(
          (0): Linear(in_features=128, out_features=128, bias=True)
        )
        (cri): MSELoss()
      )
    )
  )
)
layers.0.enc.b.0.weight 38400
layers.0.enc.b.0.bias 128
layers.0.enc.f.weight 9000000
layers.0.ae.g.0.weight 512
layers.0.ae.g.0.bias 128
layers.0.ae.h.0.weight 512
layers.0.ae.h.0.bias 4
layers.1.enc.b.0.weight 38400
layers.1.enc.b.0.bias 128
layers.1.enc.f.multi_headed_attention.linears.0.weight 90000
layers.1.enc.f.multi_headed_attention.linears.0.bias 300
layers.1.enc.f.multi_headed_attention.linears.1.weight 90000
layers.1.enc.f.multi_headed_attention.linears.1.bias 300
layers.1.enc.f.multi_headed_attention.linears.2.weight 90000
layers.1.enc.f.multi_headed_attention.linears.2.bias 300
layers.1.enc.f.multi_headed_attention.linears.3.weight 90000
layers.1.enc.f.multi_headed_attention.linears.3.bias 300
layers.1.enc.f.feed_forward.w_1.weight 90000
layers.1.enc.f.feed_forward.w_1.bias 300
layers.1.enc.f.feed_forward.w_2.weight 90000
layers.1.enc.f.feed_forward.w_2.bias 300
layers.1.enc.f.encoder_layer.sublayer.0.norm.a 300
layers.1.enc.f.encoder_layer.sublayer.0.norm.b 300
layers.1.enc.f.encoder_layer.sublayer.1.norm.a 300
layers.1.enc.f.encoder_layer.sublayer.1.norm.b 300
layers.1.enc.f.encoder.layers.0.self_attn.linears.0.weight 90000
layers.1.enc.f.encoder.layers.0.self_attn.linears.0.bias 300
layers.1.enc.f.encoder.layers.0.self_attn.linears.1.weight 90000
layers.1.enc.f.encoder.layers.0.self_attn.linears.1.bias 300
layers.1.enc.f.encoder.layers.0.self_attn.linears.2.weight 90000
layers.1.enc.f.encoder.layers.0.self_attn.linears.2.bias 300
layers.1.enc.f.encoder.layers.0.self_attn.linears.3.weight 90000
layers.1.enc.f.encoder.layers.0.self_attn.linears.3.bias 300
layers.1.enc.f.encoder.layers.0.feed_forward.w_1.weight 90000
layers.1.enc.f.encoder.layers.0.feed_forward.w_1.bias 300
layers.1.enc.f.encoder.layers.0.feed_forward.w_2.weight 90000
layers.1.enc.f.encoder.layers.0.feed_forward.w_2.bias 300
layers.1.enc.f.encoder.layers.0.sublayer.0.norm.a 300
layers.1.enc.f.encoder.layers.0.sublayer.0.norm.b 300
layers.1.enc.f.encoder.layers.0.sublayer.1.norm.a 300
layers.1.enc.f.encoder.layers.0.sublayer.1.norm.b 300
layers.1.enc.f.encoder.norm.a 300
layers.1.enc.f.encoder.norm.b 300
layers.1.ae.g.0.weight 16384
layers.1.ae.g.0.bias 128
layers.1.ae.h.0.weight 16384
layers.1.ae.h.0.bias 128
layers.2.enc.b.0.weight 38400
layers.2.enc.b.0.bias 128
layers.2.enc.f.multi_headed_attention.linears.0.weight 90000
layers.2.enc.f.multi_headed_attention.linears.0.bias 300
layers.2.enc.f.multi_headed_attention.linears.1.weight 90000
layers.2.enc.f.multi_headed_attention.linears.1.bias 300
layers.2.enc.f.multi_headed_attention.linears.2.weight 90000
layers.2.enc.f.multi_headed_attention.linears.2.bias 300
layers.2.enc.f.multi_headed_attention.linears.3.weight 90000
layers.2.enc.f.multi_headed_attention.linears.3.bias 300
layers.2.enc.f.feed_forward.w_1.weight 90000
layers.2.enc.f.feed_forward.w_1.bias 300
layers.2.enc.f.feed_forward.w_2.weight 90000
layers.2.enc.f.feed_forward.w_2.bias 300
layers.2.enc.f.encoder_layer.sublayer.0.norm.a 300
layers.2.enc.f.encoder_layer.sublayer.0.norm.b 300
layers.2.enc.f.encoder_layer.sublayer.1.norm.a 300
layers.2.enc.f.encoder_layer.sublayer.1.norm.b 300
layers.2.enc.f.encoder.layers.0.self_attn.linears.0.weight 90000
layers.2.enc.f.encoder.layers.0.self_attn.linears.0.bias 300
layers.2.enc.f.encoder.layers.0.self_attn.linears.1.weight 90000
layers.2.enc.f.encoder.layers.0.self_attn.linears.1.bias 300
layers.2.enc.f.encoder.layers.0.self_attn.linears.2.weight 90000
layers.2.enc.f.encoder.layers.0.self_attn.linears.2.bias 300
layers.2.enc.f.encoder.layers.0.self_attn.linears.3.weight 90000
layers.2.enc.f.encoder.layers.0.self_attn.linears.3.bias 300
layers.2.enc.f.encoder.layers.0.feed_forward.w_1.weight 90000
layers.2.enc.f.encoder.layers.0.feed_forward.w_1.bias 300
layers.2.enc.f.encoder.layers.0.feed_forward.w_2.weight 90000
layers.2.enc.f.encoder.layers.0.feed_forward.w_2.bias 300
layers.2.enc.f.encoder.layers.0.sublayer.0.norm.a 300
layers.2.enc.f.encoder.layers.0.sublayer.0.norm.b 300
layers.2.enc.f.encoder.layers.0.sublayer.1.norm.a 300
layers.2.enc.f.encoder.layers.0.sublayer.1.norm.b 300
layers.2.enc.f.encoder.norm.a 300
layers.2.enc.f.encoder.norm.b 300
layers.2.ae.g.0.weight 16384
layers.2.ae.g.0.bias 128
layers.2.ae.h.0.weight 16384
layers.2.ae.h.0.bias 128
layers.3.enc.b.0.weight 38400
layers.3.enc.b.0.bias 128
layers.3.enc.f.multi_headed_attention.linears.0.weight 90000
layers.3.enc.f.multi_headed_attention.linears.0.bias 300
layers.3.enc.f.multi_headed_attention.linears.1.weight 90000
layers.3.enc.f.multi_headed_attention.linears.1.bias 300
layers.3.enc.f.multi_headed_attention.linears.2.weight 90000
layers.3.enc.f.multi_headed_attention.linears.2.bias 300
layers.3.enc.f.multi_headed_attention.linears.3.weight 90000
layers.3.enc.f.multi_headed_attention.linears.3.bias 300
layers.3.enc.f.feed_forward.w_1.weight 90000
layers.3.enc.f.feed_forward.w_1.bias 300
layers.3.enc.f.feed_forward.w_2.weight 90000
layers.3.enc.f.feed_forward.w_2.bias 300
layers.3.enc.f.encoder_layer.sublayer.0.norm.a 300
layers.3.enc.f.encoder_layer.sublayer.0.norm.b 300
layers.3.enc.f.encoder_layer.sublayer.1.norm.a 300
layers.3.enc.f.encoder_layer.sublayer.1.norm.b 300
layers.3.enc.f.encoder.layers.0.self_attn.linears.0.weight 90000
layers.3.enc.f.encoder.layers.0.self_attn.linears.0.bias 300
layers.3.enc.f.encoder.layers.0.self_attn.linears.1.weight 90000
layers.3.enc.f.encoder.layers.0.self_attn.linears.1.bias 300
layers.3.enc.f.encoder.layers.0.self_attn.linears.2.weight 90000
layers.3.enc.f.encoder.layers.0.self_attn.linears.2.bias 300
layers.3.enc.f.encoder.layers.0.self_attn.linears.3.weight 90000
layers.3.enc.f.encoder.layers.0.self_attn.linears.3.bias 300
layers.3.enc.f.encoder.layers.0.feed_forward.w_1.weight 90000
layers.3.enc.f.encoder.layers.0.feed_forward.w_1.bias 300
layers.3.enc.f.encoder.layers.0.feed_forward.w_2.weight 90000
layers.3.enc.f.encoder.layers.0.feed_forward.w_2.bias 300
layers.3.enc.f.encoder.layers.0.sublayer.0.norm.a 300
layers.3.enc.f.encoder.layers.0.sublayer.0.norm.b 300
layers.3.enc.f.encoder.layers.0.sublayer.1.norm.a 300
layers.3.enc.f.encoder.layers.0.sublayer.1.norm.b 300
layers.3.enc.f.encoder.norm.a 300
layers.3.enc.f.encoder.norm.b 300
layers.3.ae.g.0.weight 16384
layers.3.ae.g.0.bias 128
layers.3.ae.h.0.weight 16384
layers.3.ae.h.0.bias 128
layers.4.enc.b.0.weight 38400
layers.4.enc.b.0.bias 128
layers.4.enc.f.multi_headed_attention.linears.0.weight 90000
layers.4.enc.f.multi_headed_attention.linears.0.bias 300
layers.4.enc.f.multi_headed_attention.linears.1.weight 90000
layers.4.enc.f.multi_headed_attention.linears.1.bias 300
layers.4.enc.f.multi_headed_attention.linears.2.weight 90000
layers.4.enc.f.multi_headed_attention.linears.2.bias 300
layers.4.enc.f.multi_headed_attention.linears.3.weight 90000
layers.4.enc.f.multi_headed_attention.linears.3.bias 300
layers.4.enc.f.feed_forward.w_1.weight 90000
layers.4.enc.f.feed_forward.w_1.bias 300
layers.4.enc.f.feed_forward.w_2.weight 90000
layers.4.enc.f.feed_forward.w_2.bias 300
layers.4.enc.f.encoder_layer.sublayer.0.norm.a 300
layers.4.enc.f.encoder_layer.sublayer.0.norm.b 300
layers.4.enc.f.encoder_layer.sublayer.1.norm.a 300
layers.4.enc.f.encoder_layer.sublayer.1.norm.b 300
layers.4.enc.f.encoder.layers.0.self_attn.linears.0.weight 90000
layers.4.enc.f.encoder.layers.0.self_attn.linears.0.bias 300
layers.4.enc.f.encoder.layers.0.self_attn.linears.1.weight 90000
layers.4.enc.f.encoder.layers.0.self_attn.linears.1.bias 300
layers.4.enc.f.encoder.layers.0.self_attn.linears.2.weight 90000
layers.4.enc.f.encoder.layers.0.self_attn.linears.2.bias 300
layers.4.enc.f.encoder.layers.0.self_attn.linears.3.weight 90000
layers.4.enc.f.encoder.layers.0.self_attn.linears.3.bias 300
layers.4.enc.f.encoder.layers.0.feed_forward.w_1.weight 90000
layers.4.enc.f.encoder.layers.0.feed_forward.w_1.bias 300
layers.4.enc.f.encoder.layers.0.feed_forward.w_2.weight 90000
layers.4.enc.f.encoder.layers.0.feed_forward.w_2.bias 300
layers.4.enc.f.encoder.layers.0.sublayer.0.norm.a 300
layers.4.enc.f.encoder.layers.0.sublayer.0.norm.b 300
layers.4.enc.f.encoder.layers.0.sublayer.1.norm.a 300
layers.4.enc.f.encoder.layers.0.sublayer.1.norm.b 300
layers.4.enc.f.encoder.norm.a 300
layers.4.enc.f.encoder.norm.b 300
layers.4.ae.g.0.weight 16384
layers.4.ae.g.0.bias 128
layers.4.ae.h.0.weight 16384
layers.4.ae.h.0.bias 128
Total Trainable Params: 13672292
Start Training
train_mask {0, 1, 2}
gc 9
Train Epoch0 Acc 0.23799166666666666 (28559/120000), AUC 0.6692361235618591
ep0_train_time 37.02454400062561
Test Epoch0 threshold 0.3 Acc 0.9171052631578948, AUC 0.9806805849075317, avg_entr 0.023278342559933662
ep0_t0.3_test_time 0.1950232982635498
Save ckpt to ckpt/ag_news_transformeral_l5adf_pad100_t0.3_m3//ag_news_transformeral_l5_prefix.pt  ,ep 0
gc 0
Train Epoch1 Acc 0.24998333333333334 (29998/120000), AUC 0.64033442735672
ep1_train_time 36.645135164260864
Test Epoch1 threshold 0.3 Acc 0.9180921052631579, AUC 0.9803867340087891, avg_entr 0.02265763096511364
ep1_t0.3_test_time 0.19382524490356445
gc 0
Train Epoch2 Acc 0.25 (30000/120000), AUC 0.564921498298645
ep2_train_time 36.622992277145386
Test Epoch2 threshold 0.3 Acc 0.9164473684210527, AUC 0.9804380536079407, avg_entr 0.02348480187356472
ep2_t0.3_test_time 0.19149136543273926
gc 0
Train Epoch3 Acc 0.25 (30000/120000), AUC 0.4986295700073242
ep3_train_time 36.60438251495361
Test Epoch3 threshold 0.3 Acc 0.9113486842105263, AUC 0.980289101600647, avg_entr 0.023313423618674278
ep3_t0.3_test_time 0.18738198280334473
gc 0
Train Epoch4 Acc 0.25 (30000/120000), AUC 0.45903828740119934
ep4_train_time 36.66797113418579
Test Epoch4 threshold 0.3 Acc 0.9171052631578948, AUC 0.9801662564277649, avg_entr 0.0231939647346735
ep4_t0.3_test_time 0.18727827072143555
gc 0
Train Epoch5 Acc 0.25 (30000/120000), AUC 0.4521055221557617
ep5_train_time 36.6674542427063
Test Epoch5 threshold 0.3 Acc 0.9149671052631579, AUC 0.9799022078514099, avg_entr 0.02314244769513607
ep5_t0.3_test_time 0.18405795097351074
gc 0
Train Epoch6 Acc 0.25 (30000/120000), AUC 0.45040854811668396
ep6_train_time 36.62553930282593
Test Epoch6 threshold 0.3 Acc 0.9146381578947368, AUC 0.9796721935272217, avg_entr 0.023126479238271713
ep6_t0.3_test_time 0.1871957778930664
gc 0
Train Epoch7 Acc 0.25 (30000/120000), AUC 0.45839667320251465
ep7_train_time 36.579347133636475
Test Epoch7 threshold 0.3 Acc 0.9125, AUC 0.9795795679092407, avg_entr 0.02373403310775757
ep7_t0.3_test_time 0.1846761703491211
gc 0
Train Epoch8 Acc 0.25 (30000/120000), AUC 0.46967339515686035
ep8_train_time 36.6967408657074
Test Epoch8 threshold 0.3 Acc 0.9131578947368421, AUC 0.9792659282684326, avg_entr 0.02334095537662506
ep8_t0.3_test_time 0.18628597259521484
gc 0
Train Epoch9 Acc 0.25 (30000/120000), AUC 0.46796631813049316
ep9_train_time 36.64265990257263
Test Epoch9 threshold 0.3 Acc 0.9125, AUC 0.9792394638061523, avg_entr 0.02365441620349884
ep9_t0.3_test_time 0.18139219284057617
Best AUC 0.9806805849075317
train_loss (2, 5, 10)
valid_acc (10, 1)
valid_AUC (10, 1)
train_acc (10,)
Figure(640x480)
Figure(640x480)
Figure(640x480)
Figure(640x480)
Figure(640x480)
Start Testing
Load ckpt at ckpt/ag_news_transformeral_l5adf_pad100_t0.3_m3//ag_news_transformeral_l5_prefix.pt
Test threshold 0.3 Acc 0.925, AUC 0.9864279627799988, avg_entr 0.022885004058480263
t0.3_test_time 0.050328731536865234
