total count words 102019
vocab size 30000
found 26754 words in glove
Load ckpt from ckpt/ag_news_transformeral_l5adf_pad175_t0.2_m4//ag_news_transformeral_l5_prefix.pt
model: TransformerModelML(
  (layers): ModuleList(
    (0): EMBLayer(
      (enc): ENC(
        (b): Sequential(
          (0): Linear(in_features=300, out_features=128, bias=True)
          (1): Tanh()
        )
        (f): Embedding(30000, 300)
        (cri): MSELoss()
      )
      (ae): AE(
        (g): Sequential(
          (0): Linear(in_features=4, out_features=128, bias=True)
          (1): Tanh()
        )
        (h): Sequential(
          (0): Linear(in_features=128, out_features=4, bias=True)
          (1): Sigmoid()
        )
        (cri): CrossEntropyLoss()
      )
    )
    (1): TransLayer(
      (enc): ENC(
        (b): Sequential(
          (0): Linear(in_features=300, out_features=128, bias=True)
          (1): Tanh()
        )
        (f): TransformerEncoder(
          (multi_headed_attention): MultiHeadAttention(
            (linears): ModuleList(
              (0): Linear(in_features=300, out_features=300, bias=True)
              (1): Linear(in_features=300, out_features=300, bias=True)
              (2): Linear(in_features=300, out_features=300, bias=True)
              (3): Linear(in_features=300, out_features=300, bias=True)
            )
            (sdpa): ScaledDotProductAttention()
            (dropout): Dropout(p=0.1, inplace=False)
          )
          (feed_forward): FeedForward(
            (w_1): Linear(in_features=300, out_features=300, bias=True)
            (w_2): Linear(in_features=300, out_features=300, bias=True)
            (relu): ReLU()
            (dropout): Dropout(p=0.1, inplace=False)
          )
          (encoder_layer): EncoderLayer(
            (self_attn): MultiHeadAttention(
              (linears): ModuleList(
                (0): Linear(in_features=300, out_features=300, bias=True)
                (1): Linear(in_features=300, out_features=300, bias=True)
                (2): Linear(in_features=300, out_features=300, bias=True)
                (3): Linear(in_features=300, out_features=300, bias=True)
              )
              (sdpa): ScaledDotProductAttention()
              (dropout): Dropout(p=0.1, inplace=False)
            )
            (feed_forward): FeedForward(
              (w_1): Linear(in_features=300, out_features=300, bias=True)
              (w_2): Linear(in_features=300, out_features=300, bias=True)
              (relu): ReLU()
              (dropout): Dropout(p=0.1, inplace=False)
            )
            (sublayer): ModuleList(
              (0): SublayerConnection(
                (norm): LayerNorm()
                (dropout): Dropout(p=0.1, inplace=False)
              )
              (1): SublayerConnection(
                (norm): LayerNorm()
                (dropout): Dropout(p=0.1, inplace=False)
              )
            )
          )
          (encoder): Encoder(
            (layers): ModuleList(
              (0): EncoderLayer(
                (self_attn): MultiHeadAttention(
                  (linears): ModuleList(
                    (0): Linear(in_features=300, out_features=300, bias=True)
                    (1): Linear(in_features=300, out_features=300, bias=True)
                    (2): Linear(in_features=300, out_features=300, bias=True)
                    (3): Linear(in_features=300, out_features=300, bias=True)
                  )
                  (sdpa): ScaledDotProductAttention()
                  (dropout): Dropout(p=0.1, inplace=False)
                )
                (feed_forward): FeedForward(
                  (w_1): Linear(in_features=300, out_features=300, bias=True)
                  (w_2): Linear(in_features=300, out_features=300, bias=True)
                  (relu): ReLU()
                  (dropout): Dropout(p=0.1, inplace=False)
                )
                (sublayer): ModuleList(
                  (0): SublayerConnection(
                    (norm): LayerNorm()
                    (dropout): Dropout(p=0.1, inplace=False)
                  )
                  (1): SublayerConnection(
                    (norm): LayerNorm()
                    (dropout): Dropout(p=0.1, inplace=False)
                  )
                )
              )
            )
            (norm): LayerNorm()
          )
        )
        (cri): MSELoss()
      )
      (ae): AE(
        (g): Sequential(
          (0): Linear(in_features=128, out_features=128, bias=True)
          (1): Tanh()
        )
        (h): Sequential(
          (0): Linear(in_features=128, out_features=128, bias=True)
        )
        (cri): MSELoss()
      )
    )
    (2): TransLayer(
      (enc): ENC(
        (b): Sequential(
          (0): Linear(in_features=300, out_features=128, bias=True)
          (1): Tanh()
        )
        (f): TransformerEncoder(
          (multi_headed_attention): MultiHeadAttention(
            (linears): ModuleList(
              (0): Linear(in_features=300, out_features=300, bias=True)
              (1): Linear(in_features=300, out_features=300, bias=True)
              (2): Linear(in_features=300, out_features=300, bias=True)
              (3): Linear(in_features=300, out_features=300, bias=True)
            )
            (sdpa): ScaledDotProductAttention()
            (dropout): Dropout(p=0.1, inplace=False)
          )
          (feed_forward): FeedForward(
            (w_1): Linear(in_features=300, out_features=300, bias=True)
            (w_2): Linear(in_features=300, out_features=300, bias=True)
            (relu): ReLU()
            (dropout): Dropout(p=0.1, inplace=False)
          )
          (encoder_layer): EncoderLayer(
            (self_attn): MultiHeadAttention(
              (linears): ModuleList(
                (0): Linear(in_features=300, out_features=300, bias=True)
                (1): Linear(in_features=300, out_features=300, bias=True)
                (2): Linear(in_features=300, out_features=300, bias=True)
                (3): Linear(in_features=300, out_features=300, bias=True)
              )
              (sdpa): ScaledDotProductAttention()
              (dropout): Dropout(p=0.1, inplace=False)
            )
            (feed_forward): FeedForward(
              (w_1): Linear(in_features=300, out_features=300, bias=True)
              (w_2): Linear(in_features=300, out_features=300, bias=True)
              (relu): ReLU()
              (dropout): Dropout(p=0.1, inplace=False)
            )
            (sublayer): ModuleList(
              (0): SublayerConnection(
                (norm): LayerNorm()
                (dropout): Dropout(p=0.1, inplace=False)
              )
              (1): SublayerConnection(
                (norm): LayerNorm()
                (dropout): Dropout(p=0.1, inplace=False)
              )
            )
          )
          (encoder): Encoder(
            (layers): ModuleList(
              (0): EncoderLayer(
                (self_attn): MultiHeadAttention(
                  (linears): ModuleList(
                    (0): Linear(in_features=300, out_features=300, bias=True)
                    (1): Linear(in_features=300, out_features=300, bias=True)
                    (2): Linear(in_features=300, out_features=300, bias=True)
                    (3): Linear(in_features=300, out_features=300, bias=True)
                  )
                  (sdpa): ScaledDotProductAttention()
                  (dropout): Dropout(p=0.1, inplace=False)
                )
                (feed_forward): FeedForward(
                  (w_1): Linear(in_features=300, out_features=300, bias=True)
                  (w_2): Linear(in_features=300, out_features=300, bias=True)
                  (relu): ReLU()
                  (dropout): Dropout(p=0.1, inplace=False)
                )
                (sublayer): ModuleList(
                  (0): SublayerConnection(
                    (norm): LayerNorm()
                    (dropout): Dropout(p=0.1, inplace=False)
                  )
                  (1): SublayerConnection(
                    (norm): LayerNorm()
                    (dropout): Dropout(p=0.1, inplace=False)
                  )
                )
              )
            )
            (norm): LayerNorm()
          )
        )
        (cri): MSELoss()
      )
      (ae): AE(
        (g): Sequential(
          (0): Linear(in_features=128, out_features=128, bias=True)
          (1): Tanh()
        )
        (h): Sequential(
          (0): Linear(in_features=128, out_features=128, bias=True)
        )
        (cri): MSELoss()
      )
    )
    (3): TransLayer(
      (enc): ENC(
        (b): Sequential(
          (0): Linear(in_features=300, out_features=128, bias=True)
          (1): Tanh()
        )
        (f): TransformerEncoder(
          (multi_headed_attention): MultiHeadAttention(
            (linears): ModuleList(
              (0): Linear(in_features=300, out_features=300, bias=True)
              (1): Linear(in_features=300, out_features=300, bias=True)
              (2): Linear(in_features=300, out_features=300, bias=True)
              (3): Linear(in_features=300, out_features=300, bias=True)
            )
            (sdpa): ScaledDotProductAttention()
            (dropout): Dropout(p=0.1, inplace=False)
          )
          (feed_forward): FeedForward(
            (w_1): Linear(in_features=300, out_features=300, bias=True)
            (w_2): Linear(in_features=300, out_features=300, bias=True)
            (relu): ReLU()
            (dropout): Dropout(p=0.1, inplace=False)
          )
          (encoder_layer): EncoderLayer(
            (self_attn): MultiHeadAttention(
              (linears): ModuleList(
                (0): Linear(in_features=300, out_features=300, bias=True)
                (1): Linear(in_features=300, out_features=300, bias=True)
                (2): Linear(in_features=300, out_features=300, bias=True)
                (3): Linear(in_features=300, out_features=300, bias=True)
              )
              (sdpa): ScaledDotProductAttention()
              (dropout): Dropout(p=0.1, inplace=False)
            )
            (feed_forward): FeedForward(
              (w_1): Linear(in_features=300, out_features=300, bias=True)
              (w_2): Linear(in_features=300, out_features=300, bias=True)
              (relu): ReLU()
              (dropout): Dropout(p=0.1, inplace=False)
            )
            (sublayer): ModuleList(
              (0): SublayerConnection(
                (norm): LayerNorm()
                (dropout): Dropout(p=0.1, inplace=False)
              )
              (1): SublayerConnection(
                (norm): LayerNorm()
                (dropout): Dropout(p=0.1, inplace=False)
              )
            )
          )
          (encoder): Encoder(
            (layers): ModuleList(
              (0): EncoderLayer(
                (self_attn): MultiHeadAttention(
                  (linears): ModuleList(
                    (0): Linear(in_features=300, out_features=300, bias=True)
                    (1): Linear(in_features=300, out_features=300, bias=True)
                    (2): Linear(in_features=300, out_features=300, bias=True)
                    (3): Linear(in_features=300, out_features=300, bias=True)
                  )
                  (sdpa): ScaledDotProductAttention()
                  (dropout): Dropout(p=0.1, inplace=False)
                )
                (feed_forward): FeedForward(
                  (w_1): Linear(in_features=300, out_features=300, bias=True)
                  (w_2): Linear(in_features=300, out_features=300, bias=True)
                  (relu): ReLU()
                  (dropout): Dropout(p=0.1, inplace=False)
                )
                (sublayer): ModuleList(
                  (0): SublayerConnection(
                    (norm): LayerNorm()
                    (dropout): Dropout(p=0.1, inplace=False)
                  )
                  (1): SublayerConnection(
                    (norm): LayerNorm()
                    (dropout): Dropout(p=0.1, inplace=False)
                  )
                )
              )
            )
            (norm): LayerNorm()
          )
        )
        (cri): MSELoss()
      )
      (ae): AE(
        (g): Sequential(
          (0): Linear(in_features=128, out_features=128, bias=True)
          (1): Tanh()
        )
        (h): Sequential(
          (0): Linear(in_features=128, out_features=128, bias=True)
        )
        (cri): MSELoss()
      )
    )
    (4): TransLayer(
      (enc): ENC(
        (b): Sequential(
          (0): Linear(in_features=300, out_features=128, bias=True)
          (1): Tanh()
        )
        (f): TransformerEncoder(
          (multi_headed_attention): MultiHeadAttention(
            (linears): ModuleList(
              (0): Linear(in_features=300, out_features=300, bias=True)
              (1): Linear(in_features=300, out_features=300, bias=True)
              (2): Linear(in_features=300, out_features=300, bias=True)
              (3): Linear(in_features=300, out_features=300, bias=True)
            )
            (sdpa): ScaledDotProductAttention()
            (dropout): Dropout(p=0.1, inplace=False)
          )
          (feed_forward): FeedForward(
            (w_1): Linear(in_features=300, out_features=300, bias=True)
            (w_2): Linear(in_features=300, out_features=300, bias=True)
            (relu): ReLU()
            (dropout): Dropout(p=0.1, inplace=False)
          )
          (encoder_layer): EncoderLayer(
            (self_attn): MultiHeadAttention(
              (linears): ModuleList(
                (0): Linear(in_features=300, out_features=300, bias=True)
                (1): Linear(in_features=300, out_features=300, bias=True)
                (2): Linear(in_features=300, out_features=300, bias=True)
                (3): Linear(in_features=300, out_features=300, bias=True)
              )
              (sdpa): ScaledDotProductAttention()
              (dropout): Dropout(p=0.1, inplace=False)
            )
            (feed_forward): FeedForward(
              (w_1): Linear(in_features=300, out_features=300, bias=True)
              (w_2): Linear(in_features=300, out_features=300, bias=True)
              (relu): ReLU()
              (dropout): Dropout(p=0.1, inplace=False)
            )
            (sublayer): ModuleList(
              (0): SublayerConnection(
                (norm): LayerNorm()
                (dropout): Dropout(p=0.1, inplace=False)
              )
              (1): SublayerConnection(
                (norm): LayerNorm()
                (dropout): Dropout(p=0.1, inplace=False)
              )
            )
          )
          (encoder): Encoder(
            (layers): ModuleList(
              (0): EncoderLayer(
                (self_attn): MultiHeadAttention(
                  (linears): ModuleList(
                    (0): Linear(in_features=300, out_features=300, bias=True)
                    (1): Linear(in_features=300, out_features=300, bias=True)
                    (2): Linear(in_features=300, out_features=300, bias=True)
                    (3): Linear(in_features=300, out_features=300, bias=True)
                  )
                  (sdpa): ScaledDotProductAttention()
                  (dropout): Dropout(p=0.1, inplace=False)
                )
                (feed_forward): FeedForward(
                  (w_1): Linear(in_features=300, out_features=300, bias=True)
                  (w_2): Linear(in_features=300, out_features=300, bias=True)
                  (relu): ReLU()
                  (dropout): Dropout(p=0.1, inplace=False)
                )
                (sublayer): ModuleList(
                  (0): SublayerConnection(
                    (norm): LayerNorm()
                    (dropout): Dropout(p=0.1, inplace=False)
                  )
                  (1): SublayerConnection(
                    (norm): LayerNorm()
                    (dropout): Dropout(p=0.1, inplace=False)
                  )
                )
              )
            )
            (norm): LayerNorm()
          )
        )
        (cri): MSELoss()
      )
      (ae): AE(
        (g): Sequential(
          (0): Linear(in_features=128, out_features=128, bias=True)
          (1): Tanh()
        )
        (h): Sequential(
          (0): Linear(in_features=128, out_features=128, bias=True)
        )
        (cri): MSELoss()
      )
    )
  )
)
layers.0.enc.b.0.weight 38400
layers.0.enc.b.0.bias 128
layers.0.enc.f.weight 9000000
layers.0.ae.g.0.weight 512
layers.0.ae.g.0.bias 128
layers.0.ae.h.0.weight 512
layers.0.ae.h.0.bias 4
layers.1.enc.b.0.weight 38400
layers.1.enc.b.0.bias 128
layers.1.enc.f.multi_headed_attention.linears.0.weight 90000
layers.1.enc.f.multi_headed_attention.linears.0.bias 300
layers.1.enc.f.multi_headed_attention.linears.1.weight 90000
layers.1.enc.f.multi_headed_attention.linears.1.bias 300
layers.1.enc.f.multi_headed_attention.linears.2.weight 90000
layers.1.enc.f.multi_headed_attention.linears.2.bias 300
layers.1.enc.f.multi_headed_attention.linears.3.weight 90000
layers.1.enc.f.multi_headed_attention.linears.3.bias 300
layers.1.enc.f.feed_forward.w_1.weight 90000
layers.1.enc.f.feed_forward.w_1.bias 300
layers.1.enc.f.feed_forward.w_2.weight 90000
layers.1.enc.f.feed_forward.w_2.bias 300
layers.1.enc.f.encoder_layer.sublayer.0.norm.a 300
layers.1.enc.f.encoder_layer.sublayer.0.norm.b 300
layers.1.enc.f.encoder_layer.sublayer.1.norm.a 300
layers.1.enc.f.encoder_layer.sublayer.1.norm.b 300
layers.1.enc.f.encoder.layers.0.self_attn.linears.0.weight 90000
layers.1.enc.f.encoder.layers.0.self_attn.linears.0.bias 300
layers.1.enc.f.encoder.layers.0.self_attn.linears.1.weight 90000
layers.1.enc.f.encoder.layers.0.self_attn.linears.1.bias 300
layers.1.enc.f.encoder.layers.0.self_attn.linears.2.weight 90000
layers.1.enc.f.encoder.layers.0.self_attn.linears.2.bias 300
layers.1.enc.f.encoder.layers.0.self_attn.linears.3.weight 90000
layers.1.enc.f.encoder.layers.0.self_attn.linears.3.bias 300
layers.1.enc.f.encoder.layers.0.feed_forward.w_1.weight 90000
layers.1.enc.f.encoder.layers.0.feed_forward.w_1.bias 300
layers.1.enc.f.encoder.layers.0.feed_forward.w_2.weight 90000
layers.1.enc.f.encoder.layers.0.feed_forward.w_2.bias 300
layers.1.enc.f.encoder.layers.0.sublayer.0.norm.a 300
layers.1.enc.f.encoder.layers.0.sublayer.0.norm.b 300
layers.1.enc.f.encoder.layers.0.sublayer.1.norm.a 300
layers.1.enc.f.encoder.layers.0.sublayer.1.norm.b 300
layers.1.enc.f.encoder.norm.a 300
layers.1.enc.f.encoder.norm.b 300
layers.1.ae.g.0.weight 16384
layers.1.ae.g.0.bias 128
layers.1.ae.h.0.weight 16384
layers.1.ae.h.0.bias 128
layers.2.enc.b.0.weight 38400
layers.2.enc.b.0.bias 128
layers.2.enc.f.multi_headed_attention.linears.0.weight 90000
layers.2.enc.f.multi_headed_attention.linears.0.bias 300
layers.2.enc.f.multi_headed_attention.linears.1.weight 90000
layers.2.enc.f.multi_headed_attention.linears.1.bias 300
layers.2.enc.f.multi_headed_attention.linears.2.weight 90000
layers.2.enc.f.multi_headed_attention.linears.2.bias 300
layers.2.enc.f.multi_headed_attention.linears.3.weight 90000
layers.2.enc.f.multi_headed_attention.linears.3.bias 300
layers.2.enc.f.feed_forward.w_1.weight 90000
layers.2.enc.f.feed_forward.w_1.bias 300
layers.2.enc.f.feed_forward.w_2.weight 90000
layers.2.enc.f.feed_forward.w_2.bias 300
layers.2.enc.f.encoder_layer.sublayer.0.norm.a 300
layers.2.enc.f.encoder_layer.sublayer.0.norm.b 300
layers.2.enc.f.encoder_layer.sublayer.1.norm.a 300
layers.2.enc.f.encoder_layer.sublayer.1.norm.b 300
layers.2.enc.f.encoder.layers.0.self_attn.linears.0.weight 90000
layers.2.enc.f.encoder.layers.0.self_attn.linears.0.bias 300
layers.2.enc.f.encoder.layers.0.self_attn.linears.1.weight 90000
layers.2.enc.f.encoder.layers.0.self_attn.linears.1.bias 300
layers.2.enc.f.encoder.layers.0.self_attn.linears.2.weight 90000
layers.2.enc.f.encoder.layers.0.self_attn.linears.2.bias 300
layers.2.enc.f.encoder.layers.0.self_attn.linears.3.weight 90000
layers.2.enc.f.encoder.layers.0.self_attn.linears.3.bias 300
layers.2.enc.f.encoder.layers.0.feed_forward.w_1.weight 90000
layers.2.enc.f.encoder.layers.0.feed_forward.w_1.bias 300
layers.2.enc.f.encoder.layers.0.feed_forward.w_2.weight 90000
layers.2.enc.f.encoder.layers.0.feed_forward.w_2.bias 300
layers.2.enc.f.encoder.layers.0.sublayer.0.norm.a 300
layers.2.enc.f.encoder.layers.0.sublayer.0.norm.b 300
layers.2.enc.f.encoder.layers.0.sublayer.1.norm.a 300
layers.2.enc.f.encoder.layers.0.sublayer.1.norm.b 300
layers.2.enc.f.encoder.norm.a 300
layers.2.enc.f.encoder.norm.b 300
layers.2.ae.g.0.weight 16384
layers.2.ae.g.0.bias 128
layers.2.ae.h.0.weight 16384
layers.2.ae.h.0.bias 128
layers.3.enc.b.0.weight 38400
layers.3.enc.b.0.bias 128
layers.3.enc.f.multi_headed_attention.linears.0.weight 90000
layers.3.enc.f.multi_headed_attention.linears.0.bias 300
layers.3.enc.f.multi_headed_attention.linears.1.weight 90000
layers.3.enc.f.multi_headed_attention.linears.1.bias 300
layers.3.enc.f.multi_headed_attention.linears.2.weight 90000
layers.3.enc.f.multi_headed_attention.linears.2.bias 300
layers.3.enc.f.multi_headed_attention.linears.3.weight 90000
layers.3.enc.f.multi_headed_attention.linears.3.bias 300
layers.3.enc.f.feed_forward.w_1.weight 90000
layers.3.enc.f.feed_forward.w_1.bias 300
layers.3.enc.f.feed_forward.w_2.weight 90000
layers.3.enc.f.feed_forward.w_2.bias 300
layers.3.enc.f.encoder_layer.sublayer.0.norm.a 300
layers.3.enc.f.encoder_layer.sublayer.0.norm.b 300
layers.3.enc.f.encoder_layer.sublayer.1.norm.a 300
layers.3.enc.f.encoder_layer.sublayer.1.norm.b 300
layers.3.enc.f.encoder.layers.0.self_attn.linears.0.weight 90000
layers.3.enc.f.encoder.layers.0.self_attn.linears.0.bias 300
layers.3.enc.f.encoder.layers.0.self_attn.linears.1.weight 90000
layers.3.enc.f.encoder.layers.0.self_attn.linears.1.bias 300
layers.3.enc.f.encoder.layers.0.self_attn.linears.2.weight 90000
layers.3.enc.f.encoder.layers.0.self_attn.linears.2.bias 300
layers.3.enc.f.encoder.layers.0.self_attn.linears.3.weight 90000
layers.3.enc.f.encoder.layers.0.self_attn.linears.3.bias 300
layers.3.enc.f.encoder.layers.0.feed_forward.w_1.weight 90000
layers.3.enc.f.encoder.layers.0.feed_forward.w_1.bias 300
layers.3.enc.f.encoder.layers.0.feed_forward.w_2.weight 90000
layers.3.enc.f.encoder.layers.0.feed_forward.w_2.bias 300
layers.3.enc.f.encoder.layers.0.sublayer.0.norm.a 300
layers.3.enc.f.encoder.layers.0.sublayer.0.norm.b 300
layers.3.enc.f.encoder.layers.0.sublayer.1.norm.a 300
layers.3.enc.f.encoder.layers.0.sublayer.1.norm.b 300
layers.3.enc.f.encoder.norm.a 300
layers.3.enc.f.encoder.norm.b 300
layers.3.ae.g.0.weight 16384
layers.3.ae.g.0.bias 128
layers.3.ae.h.0.weight 16384
layers.3.ae.h.0.bias 128
layers.4.enc.b.0.weight 38400
layers.4.enc.b.0.bias 128
layers.4.enc.f.multi_headed_attention.linears.0.weight 90000
layers.4.enc.f.multi_headed_attention.linears.0.bias 300
layers.4.enc.f.multi_headed_attention.linears.1.weight 90000
layers.4.enc.f.multi_headed_attention.linears.1.bias 300
layers.4.enc.f.multi_headed_attention.linears.2.weight 90000
layers.4.enc.f.multi_headed_attention.linears.2.bias 300
layers.4.enc.f.multi_headed_attention.linears.3.weight 90000
layers.4.enc.f.multi_headed_attention.linears.3.bias 300
layers.4.enc.f.feed_forward.w_1.weight 90000
layers.4.enc.f.feed_forward.w_1.bias 300
layers.4.enc.f.feed_forward.w_2.weight 90000
layers.4.enc.f.feed_forward.w_2.bias 300
layers.4.enc.f.encoder_layer.sublayer.0.norm.a 300
layers.4.enc.f.encoder_layer.sublayer.0.norm.b 300
layers.4.enc.f.encoder_layer.sublayer.1.norm.a 300
layers.4.enc.f.encoder_layer.sublayer.1.norm.b 300
layers.4.enc.f.encoder.layers.0.self_attn.linears.0.weight 90000
layers.4.enc.f.encoder.layers.0.self_attn.linears.0.bias 300
layers.4.enc.f.encoder.layers.0.self_attn.linears.1.weight 90000
layers.4.enc.f.encoder.layers.0.self_attn.linears.1.bias 300
layers.4.enc.f.encoder.layers.0.self_attn.linears.2.weight 90000
layers.4.enc.f.encoder.layers.0.self_attn.linears.2.bias 300
layers.4.enc.f.encoder.layers.0.self_attn.linears.3.weight 90000
layers.4.enc.f.encoder.layers.0.self_attn.linears.3.bias 300
layers.4.enc.f.encoder.layers.0.feed_forward.w_1.weight 90000
layers.4.enc.f.encoder.layers.0.feed_forward.w_1.bias 300
layers.4.enc.f.encoder.layers.0.feed_forward.w_2.weight 90000
layers.4.enc.f.encoder.layers.0.feed_forward.w_2.bias 300
layers.4.enc.f.encoder.layers.0.sublayer.0.norm.a 300
layers.4.enc.f.encoder.layers.0.sublayer.0.norm.b 300
layers.4.enc.f.encoder.layers.0.sublayer.1.norm.a 300
layers.4.enc.f.encoder.layers.0.sublayer.1.norm.b 300
layers.4.enc.f.encoder.norm.a 300
layers.4.enc.f.encoder.norm.b 300
layers.4.ae.g.0.weight 16384
layers.4.ae.g.0.bias 128
layers.4.ae.h.0.weight 16384
layers.4.ae.h.0.bias 128
Total Trainable Params: 13672292
init_time 19.388447284698486
Start Training
train_mask {0, 1, 2, 3, 4}
gc 9
Train Epoch0 Acc 0.9217083333333334 (110605/120000), AUC 0.9856125116348267
ep0_train_time 80.17063164710999
Test Epoch0 threshold 0.2 Acc 0.9094736842105263, AUC 0.9761753082275391, avg_entr 0.01285473257303238
ep0_t0.2_test_time 0.20091009140014648
Save ckpt to ckpt/ag_news_transformeral_l5adf_pad175_t0.2_m5//ag_news_transformeral_l5_prefix.pt  ,ep 0
gc 0
Train Epoch1 Acc 0.9637583333333334 (115651/120000), AUC 0.9941357970237732
ep1_train_time 79.97917294502258
Test Epoch1 threshold 0.2 Acc 0.908157894736842, AUC 0.9765167236328125, avg_entr 0.012633292935788631
ep1_t0.2_test_time 0.2005479335784912
Save ckpt to ckpt/ag_news_transformeral_l5adf_pad175_t0.2_m5//ag_news_transformeral_l5_prefix.pt  ,ep 1
gc 0
Train Epoch2 Acc 0.966075 (115929/120000), AUC 0.9946092367172241
ep2_train_time 80.03007173538208
Test Epoch2 threshold 0.2 Acc 0.9102631578947369, AUC 0.9762728214263916, avg_entr 0.013170365244150162
ep2_t0.2_test_time 0.2007770538330078
gc 0
Train Epoch3 Acc 0.9678416666666667 (116141/120000), AUC 0.9947929978370667
ep3_train_time 80.00271725654602
Test Epoch3 threshold 0.2 Acc 0.9092105263157895, AUC 0.9748092889785767, avg_entr 0.01256079226732254
ep3_t0.2_test_time 0.20021820068359375
gc 0
Train Epoch4 Acc 0.9693416666666667 (116321/120000), AUC 0.995245099067688
ep4_train_time 80.01590895652771
Test Epoch4 threshold 0.2 Acc 0.9094736842105263, AUC 0.9754428863525391, avg_entr 0.01319364458322525
ep4_t0.2_test_time 0.19904541969299316
gc 0
Train Epoch5 Acc 0.9708083333333334 (116497/120000), AUC 0.9952324032783508
ep5_train_time 79.98604774475098
Test Epoch5 threshold 0.2 Acc 0.9073684210526316, AUC 0.9755302667617798, avg_entr 0.012935513630509377
ep5_t0.2_test_time 0.1976468563079834
gc 0
Train Epoch6 Acc 0.9733083333333333 (116797/120000), AUC 0.9960178136825562
ep6_train_time 79.98418831825256
Test Epoch6 threshold 0.2 Acc 0.905, AUC 0.9746354818344116, avg_entr 0.01352766901254654
ep6_t0.2_test_time 0.20309686660766602
gc 0
Train Epoch7 Acc 0.9743083333333333 (116917/120000), AUC 0.9959920644760132
ep7_train_time 79.99730515480042
Test Epoch7 threshold 0.2 Acc 0.9076315789473685, AUC 0.9751635789871216, avg_entr 0.013292578049004078
ep7_t0.2_test_time 0.1955118179321289
gc 0
Train Epoch8 Acc 0.9754 (117048/120000), AUC 0.9961927533149719
ep8_train_time 79.93627142906189
Test Epoch8 threshold 0.2 Acc 0.9071052631578947, AUC 0.9738645553588867, avg_entr 0.012747984379529953
ep8_t0.2_test_time 0.19761252403259277
gc 0
Train Epoch9 Acc 0.9761916666666667 (117143/120000), AUC 0.9962788820266724
ep9_train_time 79.92245602607727
Test Epoch9 threshold 0.2 Acc 0.9052631578947369, AUC 0.9743961095809937, avg_entr 0.013589603826403618
ep9_t0.2_test_time 0.1976146697998047
Best AUC 0.9765167236328125
train_loss (2, 5, 10)
valid_acc (10, 1)
valid_AUC (10, 1)
train_acc (10,)
Figure(640x480)
Figure(640x480)
Figure(640x480)
Figure(640x480)
Figure(640x480)
total_train/valid_time 802.8650312423706
Start Testing
Load ckpt at ckpt/ag_news_transformeral_l5adf_pad175_t0.2_m5//ag_news_transformeral_l5_prefix.pt
Test threshold 0.2 Acc 0.9223684210526316, AUC 0.9824685454368591, avg_entr 0.012673365883529186
t0.2_test_time 0.1934359073638916
