total count words 887881
vocab size 30000
found 28354 words in glove
Load ckpt from ckpt/dbpedia_14_lstmal_l5adf_pad20_t0.1_m4//dbpedia_14_lstmal_l5.pt
model: LSTMModelML(
  (layers): ModuleList(
    (0): EMBLayer(
      (enc): ENC(
        (b): Sequential(
          (0): Linear(in_features=300, out_features=128, bias=True)
          (1): Tanh()
        )
        (f): Embedding(30000, 300)
        (cri): MSELoss()
      )
      (ae): AE(
        (g): Sequential(
          (0): Linear(in_features=14, out_features=128, bias=True)
          (1): Tanh()
        )
        (h): Sequential(
          (0): Linear(in_features=128, out_features=14, bias=True)
          (1): Sigmoid()
        )
        (cri): CrossEntropyLoss()
      )
    )
    (1): LSTMLayer(
      (enc): ENC(
        (b): Sequential(
          (0): Linear(in_features=300, out_features=128, bias=True)
          (1): Tanh()
        )
        (f): LSTM(300, 300, batch_first=True, bidirectional=True)
        (cri): MSELoss()
      )
      (ae): AE(
        (g): Sequential(
          (0): Linear(in_features=128, out_features=128, bias=True)
          (1): Tanh()
        )
        (h): Sequential(
          (0): Linear(in_features=128, out_features=128, bias=True)
        )
        (cri): MSELoss()
      )
    )
    (2): LSTMLayer(
      (enc): ENC(
        (b): Sequential(
          (0): Linear(in_features=300, out_features=128, bias=True)
          (1): Tanh()
        )
        (f): LSTM(600, 300, batch_first=True, bidirectional=True)
        (cri): MSELoss()
      )
      (ae): AE(
        (g): Sequential(
          (0): Linear(in_features=128, out_features=128, bias=True)
          (1): Tanh()
        )
        (h): Sequential(
          (0): Linear(in_features=128, out_features=128, bias=True)
        )
        (cri): MSELoss()
      )
    )
    (3): LSTMLayer(
      (enc): ENC(
        (b): Sequential(
          (0): Linear(in_features=300, out_features=128, bias=True)
          (1): Tanh()
        )
        (f): LSTM(600, 300, batch_first=True, bidirectional=True)
        (cri): MSELoss()
      )
      (ae): AE(
        (g): Sequential(
          (0): Linear(in_features=128, out_features=128, bias=True)
          (1): Tanh()
        )
        (h): Sequential(
          (0): Linear(in_features=128, out_features=128, bias=True)
        )
        (cri): MSELoss()
      )
    )
    (4): LSTMLayer(
      (enc): ENC(
        (b): Sequential(
          (0): Linear(in_features=300, out_features=128, bias=True)
          (1): Tanh()
        )
        (f): LSTM(600, 300, batch_first=True, bidirectional=True)
        (cri): MSELoss()
      )
      (ae): AE(
        (g): Sequential(
          (0): Linear(in_features=128, out_features=128, bias=True)
          (1): Tanh()
        )
        (h): Sequential(
          (0): Linear(in_features=128, out_features=128, bias=True)
        )
        (cri): MSELoss()
      )
    )
  )
)
layers.0.enc.b.0.weight 38400
layers.0.enc.b.0.bias 128
layers.0.enc.f.weight 9000000
layers.0.ae.g.0.weight 1792
layers.0.ae.g.0.bias 128
layers.0.ae.h.0.weight 1792
layers.0.ae.h.0.bias 14
layers.1.enc.b.0.weight 38400
layers.1.enc.b.0.bias 128
layers.1.enc.f.weight_ih_l0 360000
layers.1.enc.f.weight_hh_l0 360000
layers.1.enc.f.bias_ih_l0 1200
layers.1.enc.f.bias_hh_l0 1200
layers.1.enc.f.weight_ih_l0_reverse 360000
layers.1.enc.f.weight_hh_l0_reverse 360000
layers.1.enc.f.bias_ih_l0_reverse 1200
layers.1.enc.f.bias_hh_l0_reverse 1200
layers.1.ae.g.0.weight 16384
layers.1.ae.g.0.bias 128
layers.1.ae.h.0.weight 16384
layers.1.ae.h.0.bias 128
layers.2.enc.b.0.weight 38400
layers.2.enc.b.0.bias 128
layers.2.enc.f.weight_ih_l0 720000
layers.2.enc.f.weight_hh_l0 360000
layers.2.enc.f.bias_ih_l0 1200
layers.2.enc.f.bias_hh_l0 1200
layers.2.enc.f.weight_ih_l0_reverse 720000
layers.2.enc.f.weight_hh_l0_reverse 360000
layers.2.enc.f.bias_ih_l0_reverse 1200
layers.2.enc.f.bias_hh_l0_reverse 1200
layers.2.ae.g.0.weight 16384
layers.2.ae.g.0.bias 128
layers.2.ae.h.0.weight 16384
layers.2.ae.h.0.bias 128
layers.3.enc.b.0.weight 38400
layers.3.enc.b.0.bias 128
layers.3.enc.f.weight_ih_l0 720000
layers.3.enc.f.weight_hh_l0 360000
layers.3.enc.f.bias_ih_l0 1200
layers.3.enc.f.bias_hh_l0 1200
layers.3.enc.f.weight_ih_l0_reverse 720000
layers.3.enc.f.weight_hh_l0_reverse 360000
layers.3.enc.f.bias_ih_l0_reverse 1200
layers.3.enc.f.bias_hh_l0_reverse 1200
layers.3.ae.g.0.weight 16384
layers.3.ae.g.0.bias 128
layers.3.ae.h.0.weight 16384
layers.3.ae.h.0.bias 128
layers.4.enc.b.0.weight 38400
layers.4.enc.b.0.bias 128
layers.4.enc.f.weight_ih_l0 720000
layers.4.enc.f.weight_hh_l0 360000
layers.4.enc.f.bias_ih_l0 1200
layers.4.enc.f.bias_hh_l0 1200
layers.4.enc.f.weight_ih_l0_reverse 720000
layers.4.enc.f.weight_hh_l0_reverse 360000
layers.4.enc.f.bias_ih_l0_reverse 1200
layers.4.enc.f.bias_hh_l0_reverse 1200
layers.4.ae.g.0.weight 16384
layers.4.ae.g.0.bias 128
layers.4.ae.h.0.weight 16384
layers.4.ae.h.0.bias 128
Total Trainable Params: 17267662
init_time 60.07656264305115
Start Training
train_mask {4} False
gc 9
Train Epoch0 Acc 0.9664964285714286 (541238/560000), AUC 0.9976863265037537
ep0_train_time 50.50254583358765
Test Epoch0 threshold 0.1 Acc 0.9683428571428572, AUC 0.4987168610095978, avg_entr 0.003678545355796814
ep0_t0.1_test_time 0.599109411239624
Save ckpt to ckpt/dbpedia_14_lstmal_l5adf_pad20_t0.1_m5//dbpedia_14_lstmal_l5.pt  ,ep 0
gc 0
Train Epoch1 Acc 0.9891089285714286 (553901/560000), AUC 0.998749852180481
ep1_train_time 48.383578062057495
Test Epoch1 threshold 0.1 Acc 0.9683142857142857, AUC 0.49871692061424255, avg_entr 0.0036917515099048615
ep1_t0.1_test_time 0.6162967681884766
Save ckpt to ckpt/dbpedia_14_lstmal_l5adf_pad20_t0.1_m5//dbpedia_14_lstmal_l5.pt  ,ep 1
gc 0
Train Epoch2 Acc 0.9891446428571429 (553921/560000), AUC 0.998776912689209
ep2_train_time 48.84475898742676
Test Epoch2 threshold 0.1 Acc 0.9682857142857143, AUC 0.49871689081192017, avg_entr 0.0036899580154567957
ep2_t0.1_test_time 0.6001222133636475
gc 0
Train Epoch3 Acc 0.9891642857142857 (553932/560000), AUC 0.9987698793411255
ep3_train_time 48.355610370635986
Test Epoch3 threshold 0.1 Acc 0.9683142857142857, AUC 0.49871698021888733, avg_entr 0.003691008547320962
ep3_t0.1_test_time 0.5916414260864258
Save ckpt to ckpt/dbpedia_14_lstmal_l5adf_pad20_t0.1_m5//dbpedia_14_lstmal_l5.pt  ,ep 3
gc 0
Train Epoch4 Acc 0.9892160714285714 (553961/560000), AUC 0.9987695813179016
ep4_train_time 48.49844193458557
Test Epoch4 threshold 0.1 Acc 0.9682857142857143, AUC 0.49871692061424255, avg_entr 0.0036938157863914967
ep4_t0.1_test_time 0.6020166873931885
gc 0
Train Epoch5 Acc 0.9892035714285714 (553954/560000), AUC 0.998725950717926
ep5_train_time 48.56708741188049
Test Epoch5 threshold 0.1 Acc 0.9682857142857143, AUC 0.49871689081192017, avg_entr 0.003689064644277096
ep5_t0.1_test_time 0.5978488922119141
gc 0
Train Epoch6 Acc 0.9892464285714285 (553978/560000), AUC 0.998717188835144
ep6_train_time 48.56087875366211
Test Epoch6 threshold 0.1 Acc 0.9682857142857143, AUC 0.49871689081192017, avg_entr 0.0036953752860426903
ep6_t0.1_test_time 0.6080243587493896
gc 0
Train Epoch7 Acc 0.9892607142857143 (553986/560000), AUC 0.9987128973007202
ep7_train_time 48.665759563446045
Test Epoch7 threshold 0.1 Acc 0.9682857142857143, AUC 0.49871689081192017, avg_entr 0.0036933706142008305
ep7_t0.1_test_time 0.6052603721618652
gc 0
Train Epoch8 Acc 0.9892428571428571 (553976/560000), AUC 0.9987100958824158
ep8_train_time 48.630085468292236
Test Epoch8 threshold 0.1 Acc 0.9682857142857143, AUC 0.49871689081192017, avg_entr 0.0036940760910511017
ep8_t0.1_test_time 0.6035408973693848
gc 0
Train Epoch9 Acc 0.9892482142857143 (553979/560000), AUC 0.9986778497695923
ep9_train_time 48.95245862007141
Test Epoch9 threshold 0.1 Acc 0.9682857142857143, AUC 0.49871692061424255, avg_entr 0.0036952842492610216
ep9_t0.1_test_time 0.5956480503082275
Best AUC 0.49871698021888733
train_loss (2, 5, 10)
valid_acc (10, 1)
valid_AUC (10, 1)
train_acc (10,)
Figure(640x480)
Figure(640x480)
Figure(640x480)
Figure(640x480)
Figure(640x480)
total_train/valid_time 494.95970487594604
Start Testing
Load ckpt at ckpt/dbpedia_14_lstmal_l5adf_pad20_t0.1_m5//dbpedia_14_lstmal_l5.pt
Test threshold 0.1 Acc 0.9865714285714285, AUC 0.4996304214000702, avg_entr 0.0024367396254092455
t0.1_test_time 0.5692727565765381
