total count words 102019
vocab size 30000
found 26754 words in glove
Load ckpt from ckpt/ag_news_transformeral_l5adp_pad175_t0.1_m4//ag_news_transformeral_l5_prefix.pt
model: TransformerModelML(
  (layers): ModuleList(
    (0): EMBLayer(
      (enc): ENC(
        (b): Sequential(
          (0): Linear(in_features=300, out_features=128, bias=True)
          (1): Tanh()
        )
        (f): Embedding(30000, 300)
        (cri): MSELoss()
      )
      (ae): AE(
        (g): Sequential(
          (0): Linear(in_features=4, out_features=128, bias=True)
          (1): Tanh()
        )
        (h): Sequential(
          (0): Linear(in_features=128, out_features=4, bias=True)
          (1): Sigmoid()
        )
        (cri): CrossEntropyLoss()
      )
    )
    (1): TransLayer(
      (enc): ENC(
        (b): Sequential(
          (0): Linear(in_features=300, out_features=128, bias=True)
          (1): Tanh()
        )
        (f): TransformerEncoder(
          (multi_headed_attention): MultiHeadAttention(
            (linears): ModuleList(
              (0): Linear(in_features=300, out_features=300, bias=True)
              (1): Linear(in_features=300, out_features=300, bias=True)
              (2): Linear(in_features=300, out_features=300, bias=True)
              (3): Linear(in_features=300, out_features=300, bias=True)
            )
            (sdpa): ScaledDotProductAttention()
            (dropout): Dropout(p=0.1, inplace=False)
          )
          (feed_forward): FeedForward(
            (w_1): Linear(in_features=300, out_features=300, bias=True)
            (w_2): Linear(in_features=300, out_features=300, bias=True)
            (relu): ReLU()
            (dropout): Dropout(p=0.1, inplace=False)
          )
          (encoder_layer): EncoderLayer(
            (self_attn): MultiHeadAttention(
              (linears): ModuleList(
                (0): Linear(in_features=300, out_features=300, bias=True)
                (1): Linear(in_features=300, out_features=300, bias=True)
                (2): Linear(in_features=300, out_features=300, bias=True)
                (3): Linear(in_features=300, out_features=300, bias=True)
              )
              (sdpa): ScaledDotProductAttention()
              (dropout): Dropout(p=0.1, inplace=False)
            )
            (feed_forward): FeedForward(
              (w_1): Linear(in_features=300, out_features=300, bias=True)
              (w_2): Linear(in_features=300, out_features=300, bias=True)
              (relu): ReLU()
              (dropout): Dropout(p=0.1, inplace=False)
            )
            (sublayer): ModuleList(
              (0): SublayerConnection(
                (norm): LayerNorm()
                (dropout): Dropout(p=0.1, inplace=False)
              )
              (1): SublayerConnection(
                (norm): LayerNorm()
                (dropout): Dropout(p=0.1, inplace=False)
              )
            )
          )
          (encoder): Encoder(
            (layers): ModuleList(
              (0): EncoderLayer(
                (self_attn): MultiHeadAttention(
                  (linears): ModuleList(
                    (0): Linear(in_features=300, out_features=300, bias=True)
                    (1): Linear(in_features=300, out_features=300, bias=True)
                    (2): Linear(in_features=300, out_features=300, bias=True)
                    (3): Linear(in_features=300, out_features=300, bias=True)
                  )
                  (sdpa): ScaledDotProductAttention()
                  (dropout): Dropout(p=0.1, inplace=False)
                )
                (feed_forward): FeedForward(
                  (w_1): Linear(in_features=300, out_features=300, bias=True)
                  (w_2): Linear(in_features=300, out_features=300, bias=True)
                  (relu): ReLU()
                  (dropout): Dropout(p=0.1, inplace=False)
                )
                (sublayer): ModuleList(
                  (0): SublayerConnection(
                    (norm): LayerNorm()
                    (dropout): Dropout(p=0.1, inplace=False)
                  )
                  (1): SublayerConnection(
                    (norm): LayerNorm()
                    (dropout): Dropout(p=0.1, inplace=False)
                  )
                )
              )
            )
            (norm): LayerNorm()
          )
        )
        (cri): MSELoss()
      )
      (ae): AE(
        (g): Sequential(
          (0): Linear(in_features=128, out_features=128, bias=True)
          (1): Tanh()
        )
        (h): Sequential(
          (0): Linear(in_features=128, out_features=128, bias=True)
        )
        (cri): MSELoss()
      )
    )
    (2): TransLayer(
      (enc): ENC(
        (b): Sequential(
          (0): Linear(in_features=300, out_features=128, bias=True)
          (1): Tanh()
        )
        (f): TransformerEncoder(
          (multi_headed_attention): MultiHeadAttention(
            (linears): ModuleList(
              (0): Linear(in_features=300, out_features=300, bias=True)
              (1): Linear(in_features=300, out_features=300, bias=True)
              (2): Linear(in_features=300, out_features=300, bias=True)
              (3): Linear(in_features=300, out_features=300, bias=True)
            )
            (sdpa): ScaledDotProductAttention()
            (dropout): Dropout(p=0.1, inplace=False)
          )
          (feed_forward): FeedForward(
            (w_1): Linear(in_features=300, out_features=300, bias=True)
            (w_2): Linear(in_features=300, out_features=300, bias=True)
            (relu): ReLU()
            (dropout): Dropout(p=0.1, inplace=False)
          )
          (encoder_layer): EncoderLayer(
            (self_attn): MultiHeadAttention(
              (linears): ModuleList(
                (0): Linear(in_features=300, out_features=300, bias=True)
                (1): Linear(in_features=300, out_features=300, bias=True)
                (2): Linear(in_features=300, out_features=300, bias=True)
                (3): Linear(in_features=300, out_features=300, bias=True)
              )
              (sdpa): ScaledDotProductAttention()
              (dropout): Dropout(p=0.1, inplace=False)
            )
            (feed_forward): FeedForward(
              (w_1): Linear(in_features=300, out_features=300, bias=True)
              (w_2): Linear(in_features=300, out_features=300, bias=True)
              (relu): ReLU()
              (dropout): Dropout(p=0.1, inplace=False)
            )
            (sublayer): ModuleList(
              (0): SublayerConnection(
                (norm): LayerNorm()
                (dropout): Dropout(p=0.1, inplace=False)
              )
              (1): SublayerConnection(
                (norm): LayerNorm()
                (dropout): Dropout(p=0.1, inplace=False)
              )
            )
          )
          (encoder): Encoder(
            (layers): ModuleList(
              (0): EncoderLayer(
                (self_attn): MultiHeadAttention(
                  (linears): ModuleList(
                    (0): Linear(in_features=300, out_features=300, bias=True)
                    (1): Linear(in_features=300, out_features=300, bias=True)
                    (2): Linear(in_features=300, out_features=300, bias=True)
                    (3): Linear(in_features=300, out_features=300, bias=True)
                  )
                  (sdpa): ScaledDotProductAttention()
                  (dropout): Dropout(p=0.1, inplace=False)
                )
                (feed_forward): FeedForward(
                  (w_1): Linear(in_features=300, out_features=300, bias=True)
                  (w_2): Linear(in_features=300, out_features=300, bias=True)
                  (relu): ReLU()
                  (dropout): Dropout(p=0.1, inplace=False)
                )
                (sublayer): ModuleList(
                  (0): SublayerConnection(
                    (norm): LayerNorm()
                    (dropout): Dropout(p=0.1, inplace=False)
                  )
                  (1): SublayerConnection(
                    (norm): LayerNorm()
                    (dropout): Dropout(p=0.1, inplace=False)
                  )
                )
              )
            )
            (norm): LayerNorm()
          )
        )
        (cri): MSELoss()
      )
      (ae): AE(
        (g): Sequential(
          (0): Linear(in_features=128, out_features=128, bias=True)
          (1): Tanh()
        )
        (h): Sequential(
          (0): Linear(in_features=128, out_features=128, bias=True)
        )
        (cri): MSELoss()
      )
    )
    (3): TransLayer(
      (enc): ENC(
        (b): Sequential(
          (0): Linear(in_features=300, out_features=128, bias=True)
          (1): Tanh()
        )
        (f): TransformerEncoder(
          (multi_headed_attention): MultiHeadAttention(
            (linears): ModuleList(
              (0): Linear(in_features=300, out_features=300, bias=True)
              (1): Linear(in_features=300, out_features=300, bias=True)
              (2): Linear(in_features=300, out_features=300, bias=True)
              (3): Linear(in_features=300, out_features=300, bias=True)
            )
            (sdpa): ScaledDotProductAttention()
            (dropout): Dropout(p=0.1, inplace=False)
          )
          (feed_forward): FeedForward(
            (w_1): Linear(in_features=300, out_features=300, bias=True)
            (w_2): Linear(in_features=300, out_features=300, bias=True)
            (relu): ReLU()
            (dropout): Dropout(p=0.1, inplace=False)
          )
          (encoder_layer): EncoderLayer(
            (self_attn): MultiHeadAttention(
              (linears): ModuleList(
                (0): Linear(in_features=300, out_features=300, bias=True)
                (1): Linear(in_features=300, out_features=300, bias=True)
                (2): Linear(in_features=300, out_features=300, bias=True)
                (3): Linear(in_features=300, out_features=300, bias=True)
              )
              (sdpa): ScaledDotProductAttention()
              (dropout): Dropout(p=0.1, inplace=False)
            )
            (feed_forward): FeedForward(
              (w_1): Linear(in_features=300, out_features=300, bias=True)
              (w_2): Linear(in_features=300, out_features=300, bias=True)
              (relu): ReLU()
              (dropout): Dropout(p=0.1, inplace=False)
            )
            (sublayer): ModuleList(
              (0): SublayerConnection(
                (norm): LayerNorm()
                (dropout): Dropout(p=0.1, inplace=False)
              )
              (1): SublayerConnection(
                (norm): LayerNorm()
                (dropout): Dropout(p=0.1, inplace=False)
              )
            )
          )
          (encoder): Encoder(
            (layers): ModuleList(
              (0): EncoderLayer(
                (self_attn): MultiHeadAttention(
                  (linears): ModuleList(
                    (0): Linear(in_features=300, out_features=300, bias=True)
                    (1): Linear(in_features=300, out_features=300, bias=True)
                    (2): Linear(in_features=300, out_features=300, bias=True)
                    (3): Linear(in_features=300, out_features=300, bias=True)
                  )
                  (sdpa): ScaledDotProductAttention()
                  (dropout): Dropout(p=0.1, inplace=False)
                )
                (feed_forward): FeedForward(
                  (w_1): Linear(in_features=300, out_features=300, bias=True)
                  (w_2): Linear(in_features=300, out_features=300, bias=True)
                  (relu): ReLU()
                  (dropout): Dropout(p=0.1, inplace=False)
                )
                (sublayer): ModuleList(
                  (0): SublayerConnection(
                    (norm): LayerNorm()
                    (dropout): Dropout(p=0.1, inplace=False)
                  )
                  (1): SublayerConnection(
                    (norm): LayerNorm()
                    (dropout): Dropout(p=0.1, inplace=False)
                  )
                )
              )
            )
            (norm): LayerNorm()
          )
        )
        (cri): MSELoss()
      )
      (ae): AE(
        (g): Sequential(
          (0): Linear(in_features=128, out_features=128, bias=True)
          (1): Tanh()
        )
        (h): Sequential(
          (0): Linear(in_features=128, out_features=128, bias=True)
        )
        (cri): MSELoss()
      )
    )
    (4): TransLayer(
      (enc): ENC(
        (b): Sequential(
          (0): Linear(in_features=300, out_features=128, bias=True)
          (1): Tanh()
        )
        (f): TransformerEncoder(
          (multi_headed_attention): MultiHeadAttention(
            (linears): ModuleList(
              (0): Linear(in_features=300, out_features=300, bias=True)
              (1): Linear(in_features=300, out_features=300, bias=True)
              (2): Linear(in_features=300, out_features=300, bias=True)
              (3): Linear(in_features=300, out_features=300, bias=True)
            )
            (sdpa): ScaledDotProductAttention()
            (dropout): Dropout(p=0.1, inplace=False)
          )
          (feed_forward): FeedForward(
            (w_1): Linear(in_features=300, out_features=300, bias=True)
            (w_2): Linear(in_features=300, out_features=300, bias=True)
            (relu): ReLU()
            (dropout): Dropout(p=0.1, inplace=False)
          )
          (encoder_layer): EncoderLayer(
            (self_attn): MultiHeadAttention(
              (linears): ModuleList(
                (0): Linear(in_features=300, out_features=300, bias=True)
                (1): Linear(in_features=300, out_features=300, bias=True)
                (2): Linear(in_features=300, out_features=300, bias=True)
                (3): Linear(in_features=300, out_features=300, bias=True)
              )
              (sdpa): ScaledDotProductAttention()
              (dropout): Dropout(p=0.1, inplace=False)
            )
            (feed_forward): FeedForward(
              (w_1): Linear(in_features=300, out_features=300, bias=True)
              (w_2): Linear(in_features=300, out_features=300, bias=True)
              (relu): ReLU()
              (dropout): Dropout(p=0.1, inplace=False)
            )
            (sublayer): ModuleList(
              (0): SublayerConnection(
                (norm): LayerNorm()
                (dropout): Dropout(p=0.1, inplace=False)
              )
              (1): SublayerConnection(
                (norm): LayerNorm()
                (dropout): Dropout(p=0.1, inplace=False)
              )
            )
          )
          (encoder): Encoder(
            (layers): ModuleList(
              (0): EncoderLayer(
                (self_attn): MultiHeadAttention(
                  (linears): ModuleList(
                    (0): Linear(in_features=300, out_features=300, bias=True)
                    (1): Linear(in_features=300, out_features=300, bias=True)
                    (2): Linear(in_features=300, out_features=300, bias=True)
                    (3): Linear(in_features=300, out_features=300, bias=True)
                  )
                  (sdpa): ScaledDotProductAttention()
                  (dropout): Dropout(p=0.1, inplace=False)
                )
                (feed_forward): FeedForward(
                  (w_1): Linear(in_features=300, out_features=300, bias=True)
                  (w_2): Linear(in_features=300, out_features=300, bias=True)
                  (relu): ReLU()
                  (dropout): Dropout(p=0.1, inplace=False)
                )
                (sublayer): ModuleList(
                  (0): SublayerConnection(
                    (norm): LayerNorm()
                    (dropout): Dropout(p=0.1, inplace=False)
                  )
                  (1): SublayerConnection(
                    (norm): LayerNorm()
                    (dropout): Dropout(p=0.1, inplace=False)
                  )
                )
              )
            )
            (norm): LayerNorm()
          )
        )
        (cri): MSELoss()
      )
      (ae): AE(
        (g): Sequential(
          (0): Linear(in_features=128, out_features=128, bias=True)
          (1): Tanh()
        )
        (h): Sequential(
          (0): Linear(in_features=128, out_features=128, bias=True)
        )
        (cri): MSELoss()
      )
    )
  )
)
layers.0.enc.b.0.weight 38400
layers.0.enc.b.0.bias 128
layers.0.enc.f.weight 9000000
layers.0.ae.g.0.weight 512
layers.0.ae.g.0.bias 128
layers.0.ae.h.0.weight 512
layers.0.ae.h.0.bias 4
layers.1.enc.b.0.weight 38400
layers.1.enc.b.0.bias 128
layers.1.enc.f.multi_headed_attention.linears.0.weight 90000
layers.1.enc.f.multi_headed_attention.linears.0.bias 300
layers.1.enc.f.multi_headed_attention.linears.1.weight 90000
layers.1.enc.f.multi_headed_attention.linears.1.bias 300
layers.1.enc.f.multi_headed_attention.linears.2.weight 90000
layers.1.enc.f.multi_headed_attention.linears.2.bias 300
layers.1.enc.f.multi_headed_attention.linears.3.weight 90000
layers.1.enc.f.multi_headed_attention.linears.3.bias 300
layers.1.enc.f.feed_forward.w_1.weight 90000
layers.1.enc.f.feed_forward.w_1.bias 300
layers.1.enc.f.feed_forward.w_2.weight 90000
layers.1.enc.f.feed_forward.w_2.bias 300
layers.1.enc.f.encoder_layer.sublayer.0.norm.a 300
layers.1.enc.f.encoder_layer.sublayer.0.norm.b 300
layers.1.enc.f.encoder_layer.sublayer.1.norm.a 300
layers.1.enc.f.encoder_layer.sublayer.1.norm.b 300
layers.1.enc.f.encoder.layers.0.self_attn.linears.0.weight 90000
layers.1.enc.f.encoder.layers.0.self_attn.linears.0.bias 300
layers.1.enc.f.encoder.layers.0.self_attn.linears.1.weight 90000
layers.1.enc.f.encoder.layers.0.self_attn.linears.1.bias 300
layers.1.enc.f.encoder.layers.0.self_attn.linears.2.weight 90000
layers.1.enc.f.encoder.layers.0.self_attn.linears.2.bias 300
layers.1.enc.f.encoder.layers.0.self_attn.linears.3.weight 90000
layers.1.enc.f.encoder.layers.0.self_attn.linears.3.bias 300
layers.1.enc.f.encoder.layers.0.feed_forward.w_1.weight 90000
layers.1.enc.f.encoder.layers.0.feed_forward.w_1.bias 300
layers.1.enc.f.encoder.layers.0.feed_forward.w_2.weight 90000
layers.1.enc.f.encoder.layers.0.feed_forward.w_2.bias 300
layers.1.enc.f.encoder.layers.0.sublayer.0.norm.a 300
layers.1.enc.f.encoder.layers.0.sublayer.0.norm.b 300
layers.1.enc.f.encoder.layers.0.sublayer.1.norm.a 300
layers.1.enc.f.encoder.layers.0.sublayer.1.norm.b 300
layers.1.enc.f.encoder.norm.a 300
layers.1.enc.f.encoder.norm.b 300
layers.1.ae.g.0.weight 16384
layers.1.ae.g.0.bias 128
layers.1.ae.h.0.weight 16384
layers.1.ae.h.0.bias 128
layers.2.enc.b.0.weight 38400
layers.2.enc.b.0.bias 128
layers.2.enc.f.multi_headed_attention.linears.0.weight 90000
layers.2.enc.f.multi_headed_attention.linears.0.bias 300
layers.2.enc.f.multi_headed_attention.linears.1.weight 90000
layers.2.enc.f.multi_headed_attention.linears.1.bias 300
layers.2.enc.f.multi_headed_attention.linears.2.weight 90000
layers.2.enc.f.multi_headed_attention.linears.2.bias 300
layers.2.enc.f.multi_headed_attention.linears.3.weight 90000
layers.2.enc.f.multi_headed_attention.linears.3.bias 300
layers.2.enc.f.feed_forward.w_1.weight 90000
layers.2.enc.f.feed_forward.w_1.bias 300
layers.2.enc.f.feed_forward.w_2.weight 90000
layers.2.enc.f.feed_forward.w_2.bias 300
layers.2.enc.f.encoder_layer.sublayer.0.norm.a 300
layers.2.enc.f.encoder_layer.sublayer.0.norm.b 300
layers.2.enc.f.encoder_layer.sublayer.1.norm.a 300
layers.2.enc.f.encoder_layer.sublayer.1.norm.b 300
layers.2.enc.f.encoder.layers.0.self_attn.linears.0.weight 90000
layers.2.enc.f.encoder.layers.0.self_attn.linears.0.bias 300
layers.2.enc.f.encoder.layers.0.self_attn.linears.1.weight 90000
layers.2.enc.f.encoder.layers.0.self_attn.linears.1.bias 300
layers.2.enc.f.encoder.layers.0.self_attn.linears.2.weight 90000
layers.2.enc.f.encoder.layers.0.self_attn.linears.2.bias 300
layers.2.enc.f.encoder.layers.0.self_attn.linears.3.weight 90000
layers.2.enc.f.encoder.layers.0.self_attn.linears.3.bias 300
layers.2.enc.f.encoder.layers.0.feed_forward.w_1.weight 90000
layers.2.enc.f.encoder.layers.0.feed_forward.w_1.bias 300
layers.2.enc.f.encoder.layers.0.feed_forward.w_2.weight 90000
layers.2.enc.f.encoder.layers.0.feed_forward.w_2.bias 300
layers.2.enc.f.encoder.layers.0.sublayer.0.norm.a 300
layers.2.enc.f.encoder.layers.0.sublayer.0.norm.b 300
layers.2.enc.f.encoder.layers.0.sublayer.1.norm.a 300
layers.2.enc.f.encoder.layers.0.sublayer.1.norm.b 300
layers.2.enc.f.encoder.norm.a 300
layers.2.enc.f.encoder.norm.b 300
layers.2.ae.g.0.weight 16384
layers.2.ae.g.0.bias 128
layers.2.ae.h.0.weight 16384
layers.2.ae.h.0.bias 128
layers.3.enc.b.0.weight 38400
layers.3.enc.b.0.bias 128
layers.3.enc.f.multi_headed_attention.linears.0.weight 90000
layers.3.enc.f.multi_headed_attention.linears.0.bias 300
layers.3.enc.f.multi_headed_attention.linears.1.weight 90000
layers.3.enc.f.multi_headed_attention.linears.1.bias 300
layers.3.enc.f.multi_headed_attention.linears.2.weight 90000
layers.3.enc.f.multi_headed_attention.linears.2.bias 300
layers.3.enc.f.multi_headed_attention.linears.3.weight 90000
layers.3.enc.f.multi_headed_attention.linears.3.bias 300
layers.3.enc.f.feed_forward.w_1.weight 90000
layers.3.enc.f.feed_forward.w_1.bias 300
layers.3.enc.f.feed_forward.w_2.weight 90000
layers.3.enc.f.feed_forward.w_2.bias 300
layers.3.enc.f.encoder_layer.sublayer.0.norm.a 300
layers.3.enc.f.encoder_layer.sublayer.0.norm.b 300
layers.3.enc.f.encoder_layer.sublayer.1.norm.a 300
layers.3.enc.f.encoder_layer.sublayer.1.norm.b 300
layers.3.enc.f.encoder.layers.0.self_attn.linears.0.weight 90000
layers.3.enc.f.encoder.layers.0.self_attn.linears.0.bias 300
layers.3.enc.f.encoder.layers.0.self_attn.linears.1.weight 90000
layers.3.enc.f.encoder.layers.0.self_attn.linears.1.bias 300
layers.3.enc.f.encoder.layers.0.self_attn.linears.2.weight 90000
layers.3.enc.f.encoder.layers.0.self_attn.linears.2.bias 300
layers.3.enc.f.encoder.layers.0.self_attn.linears.3.weight 90000
layers.3.enc.f.encoder.layers.0.self_attn.linears.3.bias 300
layers.3.enc.f.encoder.layers.0.feed_forward.w_1.weight 90000
layers.3.enc.f.encoder.layers.0.feed_forward.w_1.bias 300
layers.3.enc.f.encoder.layers.0.feed_forward.w_2.weight 90000
layers.3.enc.f.encoder.layers.0.feed_forward.w_2.bias 300
layers.3.enc.f.encoder.layers.0.sublayer.0.norm.a 300
layers.3.enc.f.encoder.layers.0.sublayer.0.norm.b 300
layers.3.enc.f.encoder.layers.0.sublayer.1.norm.a 300
layers.3.enc.f.encoder.layers.0.sublayer.1.norm.b 300
layers.3.enc.f.encoder.norm.a 300
layers.3.enc.f.encoder.norm.b 300
layers.3.ae.g.0.weight 16384
layers.3.ae.g.0.bias 128
layers.3.ae.h.0.weight 16384
layers.3.ae.h.0.bias 128
layers.4.enc.b.0.weight 38400
layers.4.enc.b.0.bias 128
layers.4.enc.f.multi_headed_attention.linears.0.weight 90000
layers.4.enc.f.multi_headed_attention.linears.0.bias 300
layers.4.enc.f.multi_headed_attention.linears.1.weight 90000
layers.4.enc.f.multi_headed_attention.linears.1.bias 300
layers.4.enc.f.multi_headed_attention.linears.2.weight 90000
layers.4.enc.f.multi_headed_attention.linears.2.bias 300
layers.4.enc.f.multi_headed_attention.linears.3.weight 90000
layers.4.enc.f.multi_headed_attention.linears.3.bias 300
layers.4.enc.f.feed_forward.w_1.weight 90000
layers.4.enc.f.feed_forward.w_1.bias 300
layers.4.enc.f.feed_forward.w_2.weight 90000
layers.4.enc.f.feed_forward.w_2.bias 300
layers.4.enc.f.encoder_layer.sublayer.0.norm.a 300
layers.4.enc.f.encoder_layer.sublayer.0.norm.b 300
layers.4.enc.f.encoder_layer.sublayer.1.norm.a 300
layers.4.enc.f.encoder_layer.sublayer.1.norm.b 300
layers.4.enc.f.encoder.layers.0.self_attn.linears.0.weight 90000
layers.4.enc.f.encoder.layers.0.self_attn.linears.0.bias 300
layers.4.enc.f.encoder.layers.0.self_attn.linears.1.weight 90000
layers.4.enc.f.encoder.layers.0.self_attn.linears.1.bias 300
layers.4.enc.f.encoder.layers.0.self_attn.linears.2.weight 90000
layers.4.enc.f.encoder.layers.0.self_attn.linears.2.bias 300
layers.4.enc.f.encoder.layers.0.self_attn.linears.3.weight 90000
layers.4.enc.f.encoder.layers.0.self_attn.linears.3.bias 300
layers.4.enc.f.encoder.layers.0.feed_forward.w_1.weight 90000
layers.4.enc.f.encoder.layers.0.feed_forward.w_1.bias 300
layers.4.enc.f.encoder.layers.0.feed_forward.w_2.weight 90000
layers.4.enc.f.encoder.layers.0.feed_forward.w_2.bias 300
layers.4.enc.f.encoder.layers.0.sublayer.0.norm.a 300
layers.4.enc.f.encoder.layers.0.sublayer.0.norm.b 300
layers.4.enc.f.encoder.layers.0.sublayer.1.norm.a 300
layers.4.enc.f.encoder.layers.0.sublayer.1.norm.b 300
layers.4.enc.f.encoder.norm.a 300
layers.4.enc.f.encoder.norm.b 300
layers.4.ae.g.0.weight 16384
layers.4.ae.g.0.bias 128
layers.4.ae.h.0.weight 16384
layers.4.ae.h.0.bias 128
Total Trainable Params: 13672292
Start Training
train_mask {0, 1, 2, 3, 4}
gc 9
Train Epoch0 Acc 0.9206 (110472/120000), AUC 0.9863920211791992
ep0_train_time 80.35707783699036
Test Epoch0 threshold 0.1 Acc 0.9148026315789474, AUC 0.9756188988685608, avg_entr 0.007233011070638895
ep0_t0.1_test_time 0.3488800525665283
Save ckpt to ckpt/ag_news_transformeral_l5adp_pad175_t0.1_m5//ag_news_transformeral_l5_prefix.pt  ,ep 0
gc 0
Train Epoch1 Acc 0.9626083333333333 (115513/120000), AUC 0.9938442707061768
ep1_train_time 80.09154343605042
Test Epoch1 threshold 0.1 Acc 0.9133223684210526, AUC 0.9753609895706177, avg_entr 0.007729692384600639
ep1_t0.1_test_time 0.34887099266052246
gc 0
Train Epoch2 Acc 0.9655 (115860/120000), AUC 0.9944998621940613
ep2_train_time 80.05274772644043
Test Epoch2 threshold 0.1 Acc 0.9110197368421052, AUC 0.9762560725212097, avg_entr 0.0073812115006148815
ep2_t0.1_test_time 0.3490028381347656
Save ckpt to ckpt/ag_news_transformeral_l5adp_pad175_t0.1_m5//ag_news_transformeral_l5_prefix.pt  ,ep 2
gc 0
Train Epoch3 Acc 0.9668166666666667 (116018/120000), AUC 0.9946877956390381
ep3_train_time 80.08677434921265
Test Epoch3 threshold 0.1 Acc 0.9088815789473684, AUC 0.9758956432342529, avg_entr 0.0069855074398219585
ep3_t0.1_test_time 0.350355863571167
gc 0
Train Epoch4 Acc 0.968375 (116205/120000), AUC 0.9949222803115845
ep4_train_time 80.18526816368103
Test Epoch4 threshold 0.1 Acc 0.9101973684210526, AUC 0.9743820428848267, avg_entr 0.007018761709332466
ep4_t0.1_test_time 0.34649014472961426
gc 0
Train Epoch5 Acc 0.9701416666666667 (116417/120000), AUC 0.9953234791755676
ep5_train_time 80.09789061546326
Test Epoch5 threshold 0.1 Acc 0.9074013157894737, AUC 0.9758076667785645, avg_entr 0.007592600304633379
ep5_t0.1_test_time 0.3517582416534424
gc 0
Train Epoch6 Acc 0.9718083333333334 (116617/120000), AUC 0.9951419830322266
ep6_train_time 80.13526678085327
Test Epoch6 threshold 0.1 Acc 0.909375, AUC 0.9737470746040344, avg_entr 0.006485266610980034
ep6_t0.1_test_time 0.3436164855957031
gc 0
Train Epoch7 Acc 0.974525 (116943/120000), AUC 0.9961625933647156
ep7_train_time 80.15795159339905
Test Epoch7 threshold 0.1 Acc 0.9085526315789474, AUC 0.974374532699585, avg_entr 0.006506988778710365
ep7_t0.1_test_time 0.3441150188446045
gc 0
Train Epoch8 Acc 0.975525 (117063/120000), AUC 0.9961392879486084
ep8_train_time 80.07296848297119
Test Epoch8 threshold 0.1 Acc 0.9078947368421053, AUC 0.9736799001693726, avg_entr 0.006450503598898649
ep8_t0.1_test_time 0.3419795036315918
gc 0
Train Epoch9 Acc 0.9759916666666667 (117119/120000), AUC 0.9963046312332153
ep9_train_time 80.11207318305969
Test Epoch9 threshold 0.1 Acc 0.9075657894736842, AUC 0.9730614423751831, avg_entr 0.006206875201314688
ep9_t0.1_test_time 0.34105730056762695
Best AUC 0.9762560725212097
train_loss (2, 5, 10)
valid_acc (10, 1)
valid_AUC (10, 1)
train_acc (10,)
Figure(640x480)
Figure(640x480)
Figure(640x480)
Figure(640x480)
Figure(640x480)
Start Testing
Load ckpt at ckpt/ag_news_transformeral_l5adp_pad175_t0.1_m5//ag_news_transformeral_l5_prefix.pt
[[1370   52   77   33]
 [  10 1481   10    6]
 [  30   14 1342  114]
 [  36   18  120 1367]]
Figure(640x480)
tensor([7.1722e-04, 4.7271e-08, 1.9609e-04,  ..., 1.0081e-08, 1.0512e-05,
        5.9684e-05])
[[1385   47   57   43]
 [  29 1455   12   11]
 [  49   12 1328  111]
 [  51   13  121 1356]]
Figure(640x480)
tensor([1.0776e-04, 3.0788e-08, 3.9716e-08,  ..., 2.5012e-08, 1.8117e-07,
        1.6835e-08])
[[1383   46   59   44]
 [  29 1456   11   11]
 [  48   13 1328  111]
 [  51   13  127 1350]]
Figure(640x480)
tensor([5.1199e-06, 5.9218e-08, 5.7711e-08,  ..., 3.7197e-08, 2.6390e-07,
        2.7491e-08])
[[1385   47   56   44]
 [  29 1457   10   11]
 [  49   14 1326  111]
 [  51   14  125 1351]]
Figure(640x480)
tensor([1.9186e-06, 4.2789e-08, 4.0748e-08,  ..., 2.2409e-08, 2.1051e-07,
        4.3103e-08])
[[1382   49   57   44]
 [  28 1459    9   11]
 [  48   14 1325  113]
 [  51   14  126 1350]]
Figure(640x480)
tensor([1.3040e-06, 4.8390e-08, 4.4939e-08,  ..., 2.2048e-08, 2.1020e-07,
        3.0158e-08])
