total count words 102019
vocab size 30000
found 26754 words in glove
Load ckpt from ckpt/ag_news_lstmal_l5adf_pad50_t0.1_m4//ag_news_lstmal_l5_prefix.pt
model: LSTMModelML(
  (layers): ModuleList(
    (0): EMBLayer(
      (enc): ENC(
        (b): Sequential(
          (0): Linear(in_features=300, out_features=128, bias=True)
          (1): Tanh()
        )
        (f): Embedding(30000, 300)
        (cri): MSELoss()
      )
      (ae): AE(
        (g): Sequential(
          (0): Linear(in_features=4, out_features=128, bias=True)
          (1): Tanh()
        )
        (h): Sequential(
          (0): Linear(in_features=128, out_features=4, bias=True)
          (1): Sigmoid()
        )
        (cri): CrossEntropyLoss()
      )
    )
    (1): LSTMLayer(
      (enc): ENC(
        (b): Sequential(
          (0): Linear(in_features=300, out_features=128, bias=True)
          (1): Tanh()
        )
        (f): LSTM(300, 300, batch_first=True, bidirectional=True)
        (cri): MSELoss()
      )
      (ae): AE(
        (g): Sequential(
          (0): Linear(in_features=128, out_features=128, bias=True)
          (1): Tanh()
        )
        (h): Sequential(
          (0): Linear(in_features=128, out_features=128, bias=True)
        )
        (cri): MSELoss()
      )
    )
    (2): LSTMLayer(
      (enc): ENC(
        (b): Sequential(
          (0): Linear(in_features=300, out_features=128, bias=True)
          (1): Tanh()
        )
        (f): LSTM(600, 300, batch_first=True, bidirectional=True)
        (cri): MSELoss()
      )
      (ae): AE(
        (g): Sequential(
          (0): Linear(in_features=128, out_features=128, bias=True)
          (1): Tanh()
        )
        (h): Sequential(
          (0): Linear(in_features=128, out_features=128, bias=True)
        )
        (cri): MSELoss()
      )
    )
    (3): LSTMLayer(
      (enc): ENC(
        (b): Sequential(
          (0): Linear(in_features=300, out_features=128, bias=True)
          (1): Tanh()
        )
        (f): LSTM(600, 300, batch_first=True, bidirectional=True)
        (cri): MSELoss()
      )
      (ae): AE(
        (g): Sequential(
          (0): Linear(in_features=128, out_features=128, bias=True)
          (1): Tanh()
        )
        (h): Sequential(
          (0): Linear(in_features=128, out_features=128, bias=True)
        )
        (cri): MSELoss()
      )
    )
    (4): LSTMLayer(
      (enc): ENC(
        (b): Sequential(
          (0): Linear(in_features=300, out_features=128, bias=True)
          (1): Tanh()
        )
        (f): LSTM(600, 300, batch_first=True, bidirectional=True)
        (cri): MSELoss()
      )
      (ae): AE(
        (g): Sequential(
          (0): Linear(in_features=128, out_features=128, bias=True)
          (1): Tanh()
        )
        (h): Sequential(
          (0): Linear(in_features=128, out_features=128, bias=True)
        )
        (cri): MSELoss()
      )
    )
  )
)
layers.0.enc.b.0.weight 38400
layers.0.enc.b.0.bias 128
layers.0.enc.f.weight 9000000
layers.0.ae.g.0.weight 512
layers.0.ae.g.0.bias 128
layers.0.ae.h.0.weight 512
layers.0.ae.h.0.bias 4
layers.1.enc.b.0.weight 38400
layers.1.enc.b.0.bias 128
layers.1.enc.f.weight_ih_l0 360000
layers.1.enc.f.weight_hh_l0 360000
layers.1.enc.f.bias_ih_l0 1200
layers.1.enc.f.bias_hh_l0 1200
layers.1.enc.f.weight_ih_l0_reverse 360000
layers.1.enc.f.weight_hh_l0_reverse 360000
layers.1.enc.f.bias_ih_l0_reverse 1200
layers.1.enc.f.bias_hh_l0_reverse 1200
layers.1.ae.g.0.weight 16384
layers.1.ae.g.0.bias 128
layers.1.ae.h.0.weight 16384
layers.1.ae.h.0.bias 128
layers.2.enc.b.0.weight 38400
layers.2.enc.b.0.bias 128
layers.2.enc.f.weight_ih_l0 720000
layers.2.enc.f.weight_hh_l0 360000
layers.2.enc.f.bias_ih_l0 1200
layers.2.enc.f.bias_hh_l0 1200
layers.2.enc.f.weight_ih_l0_reverse 720000
layers.2.enc.f.weight_hh_l0_reverse 360000
layers.2.enc.f.bias_ih_l0_reverse 1200
layers.2.enc.f.bias_hh_l0_reverse 1200
layers.2.ae.g.0.weight 16384
layers.2.ae.g.0.bias 128
layers.2.ae.h.0.weight 16384
layers.2.ae.h.0.bias 128
layers.3.enc.b.0.weight 38400
layers.3.enc.b.0.bias 128
layers.3.enc.f.weight_ih_l0 720000
layers.3.enc.f.weight_hh_l0 360000
layers.3.enc.f.bias_ih_l0 1200
layers.3.enc.f.bias_hh_l0 1200
layers.3.enc.f.weight_ih_l0_reverse 720000
layers.3.enc.f.weight_hh_l0_reverse 360000
layers.3.enc.f.bias_ih_l0_reverse 1200
layers.3.enc.f.bias_hh_l0_reverse 1200
layers.3.ae.g.0.weight 16384
layers.3.ae.g.0.bias 128
layers.3.ae.h.0.weight 16384
layers.3.ae.h.0.bias 128
layers.4.enc.b.0.weight 38400
layers.4.enc.b.0.bias 128
layers.4.enc.f.weight_ih_l0 720000
layers.4.enc.f.weight_hh_l0 360000
layers.4.enc.f.bias_ih_l0 1200
layers.4.enc.f.bias_hh_l0 1200
layers.4.enc.f.weight_ih_l0_reverse 720000
layers.4.enc.f.weight_hh_l0_reverse 360000
layers.4.enc.f.bias_ih_l0_reverse 1200
layers.4.enc.f.bias_hh_l0_reverse 1200
layers.4.ae.g.0.weight 16384
layers.4.ae.g.0.bias 128
layers.4.ae.h.0.weight 16384
layers.4.ae.h.0.bias 128
Total Trainable Params: 17265092
Start Training
train_mask {0, 1, 2, 3, 4}
gc 9
Train Epoch0 Acc 0.915125 (109815/120000), AUC 0.9856435060501099
ep0_train_time 31.008211851119995
Test Epoch0 threshold 0.1 Acc 0.9106907894736842, AUC 0.9778256416320801, avg_entr 0.007361930795013905
ep0_t0.1_test_time 0.24785876274108887
Save ckpt to ckpt/ag_news_lstmal_l5adf_pad50_t0.1_m5//ag_news_lstmal_l5_prefix.pt  ,ep 0
gc 0
Train Epoch1 Acc 0.9598 (115176/120000), AUC 0.9942357540130615
ep1_train_time 30.803691148757935
Test Epoch1 threshold 0.1 Acc 0.9074013157894737, AUC 0.977378249168396, avg_entr 0.007562805898487568
ep1_t0.1_test_time 0.2600715160369873
gc 0
Train Epoch2 Acc 0.9628916666666667 (115547/120000), AUC 0.9947023391723633
ep2_train_time 31.398937225341797
Test Epoch2 threshold 0.1 Acc 0.9088815789473684, AUC 0.9763166904449463, avg_entr 0.007129141595214605
ep2_t0.1_test_time 0.24184632301330566
gc 0
Train Epoch3 Acc 0.964675 (115761/120000), AUC 0.9949145317077637
ep3_train_time 30.921833992004395
Test Epoch3 threshold 0.1 Acc 0.90625, AUC 0.9761168956756592, avg_entr 0.007450104225426912
ep3_t0.1_test_time 0.23395061492919922
gc 0
Train Epoch4 Acc 0.9664583333333333 (115975/120000), AUC 0.9952940940856934
ep4_train_time 30.99779200553894
Test Epoch4 threshold 0.1 Acc 0.9034539473684211, AUC 0.9759337902069092, avg_entr 0.0072370111010968685
ep4_t0.1_test_time 0.2572307586669922
gc 0
Train Epoch5 Acc 0.9701666666666666 (116420/120000), AUC 0.9960470199584961
ep5_train_time 30.553890228271484
Test Epoch5 threshold 0.1 Acc 0.9052631578947369, AUC 0.975612998008728, avg_entr 0.007194675039499998
ep5_t0.1_test_time 0.2500021457672119
gc 0
Train Epoch6 Acc 0.9718166666666667 (116618/120000), AUC 0.9961358308792114
ep6_train_time 30.884297609329224
Test Epoch6 threshold 0.1 Acc 0.9044407894736842, AUC 0.9746906757354736, avg_entr 0.006864567752927542
ep6_t0.1_test_time 0.25225377082824707
gc 0
Train Epoch7 Acc 0.9730583333333334 (116767/120000), AUC 0.9961702823638916
ep7_train_time 30.585342407226562
Test Epoch7 threshold 0.1 Acc 0.9036184210526316, AUC 0.9746931791305542, avg_entr 0.007119862828403711
ep7_t0.1_test_time 0.2443993091583252
gc 0
Train Epoch8 Acc 0.97355 (116826/120000), AUC 0.9962230324745178
ep8_train_time 31.610310792922974
Test Epoch8 threshold 0.1 Acc 0.9049342105263158, AUC 0.9746262431144714, avg_entr 0.006754494737833738
ep8_t0.1_test_time 0.246140718460083
gc 0
Train Epoch9 Acc 0.9759166666666667 (117110/120000), AUC 0.9966166615486145
ep9_train_time 30.861878395080566
Test Epoch9 threshold 0.1 Acc 0.9013157894736842, AUC 0.9738186597824097, avg_entr 0.0064170886762440205
ep9_t0.1_test_time 0.22677350044250488
Best AUC 0.9778256416320801
train_loss (2, 5, 10)
valid_acc (10, 1)
valid_AUC (10, 1)
train_acc (10,)
Figure(640x480)
Figure(640x480)
Figure(640x480)
Figure(640x480)
Figure(640x480)
Start Testing
Load ckpt at ckpt/ag_news_lstmal_l5adf_pad50_t0.1_m5//ag_news_lstmal_l5_prefix.pt
Test threshold 0.1 Acc 0.9217105263157894, AUC 0.9832531809806824, avg_entr 0.0077492049895226955
t0.1_test_time 0.06360578536987305
