total count words 222751
vocab size 30000
train size 40000, valid size 5000, test size 5000
found 27937 words in glove
model: LSTMModelML(
  (layers): ModuleList(
    (0): EMBLayer(
      (enc): ENC(
        (b): Sequential(
          (0): Linear(in_features=300, out_features=128, bias=True)
          (1): Tanh()
        )
        (f): Embedding(30000, 300)
        (cri): MSELoss()
      )
      (ae): AE(
        (g): Sequential(
          (0): Linear(in_features=2, out_features=128, bias=True)
          (1): Tanh()
        )
        (h): Sequential(
          (0): Linear(in_features=128, out_features=2, bias=True)
          (1): Sigmoid()
        )
        (cri): CrossEntropyLoss()
      )
    )
    (1): LSTMLayer(
      (enc): ENC(
        (b): Sequential(
          (0): Linear(in_features=300, out_features=128, bias=True)
          (1): Tanh()
        )
        (f): LSTM(300, 300, batch_first=True, bidirectional=True)
        (cri): MSELoss()
      )
      (ae): AE(
        (g): Sequential(
          (0): Linear(in_features=128, out_features=128, bias=True)
          (1): Tanh()
        )
        (h): Sequential(
          (0): Linear(in_features=128, out_features=128, bias=True)
        )
        (cri): MSELoss()
      )
    )
    (2): LSTMLayer(
      (enc): ENC(
        (b): Sequential(
          (0): Linear(in_features=300, out_features=128, bias=True)
          (1): Tanh()
        )
        (f): LSTM(600, 300, batch_first=True, bidirectional=True)
        (cri): MSELoss()
      )
      (ae): AE(
        (g): Sequential(
          (0): Linear(in_features=128, out_features=128, bias=True)
          (1): Tanh()
        )
        (h): Sequential(
          (0): Linear(in_features=128, out_features=128, bias=True)
        )
        (cri): MSELoss()
      )
    )
    (3): LSTMLayer(
      (enc): ENC(
        (b): Sequential(
          (0): Linear(in_features=300, out_features=128, bias=True)
          (1): Tanh()
        )
        (f): LSTM(600, 300, batch_first=True, bidirectional=True)
        (cri): MSELoss()
      )
      (ae): AE(
        (g): Sequential(
          (0): Linear(in_features=128, out_features=128, bias=True)
          (1): Tanh()
        )
        (h): Sequential(
          (0): Linear(in_features=128, out_features=128, bias=True)
        )
        (cri): MSELoss()
      )
    )
    (4): LSTMLayer(
      (enc): ENC(
        (b): Sequential(
          (0): Linear(in_features=300, out_features=128, bias=True)
          (1): Tanh()
        )
        (f): LSTM(600, 300, batch_first=True, bidirectional=True)
        (cri): MSELoss()
      )
      (ae): AE(
        (g): Sequential(
          (0): Linear(in_features=128, out_features=128, bias=True)
          (1): Tanh()
        )
        (h): Sequential(
          (0): Linear(in_features=128, out_features=128, bias=True)
        )
        (cri): MSELoss()
      )
    )
  )
)
layers.0.enc.b.0.weight 38400
layers.0.enc.b.0.bias 128
layers.0.enc.f.weight 9000000
layers.0.ae.g.0.weight 256
layers.0.ae.g.0.bias 128
layers.0.ae.h.0.weight 256
layers.0.ae.h.0.bias 2
layers.1.enc.b.0.weight 38400
layers.1.enc.b.0.bias 128
layers.1.enc.f.weight_ih_l0 360000
layers.1.enc.f.weight_hh_l0 360000
layers.1.enc.f.bias_ih_l0 1200
layers.1.enc.f.bias_hh_l0 1200
layers.1.enc.f.weight_ih_l0_reverse 360000
layers.1.enc.f.weight_hh_l0_reverse 360000
layers.1.enc.f.bias_ih_l0_reverse 1200
layers.1.enc.f.bias_hh_l0_reverse 1200
layers.1.ae.g.0.weight 16384
layers.1.ae.g.0.bias 128
layers.1.ae.h.0.weight 16384
layers.1.ae.h.0.bias 128
layers.2.enc.b.0.weight 38400
layers.2.enc.b.0.bias 128
layers.2.enc.f.weight_ih_l0 720000
layers.2.enc.f.weight_hh_l0 360000
layers.2.enc.f.bias_ih_l0 1200
layers.2.enc.f.bias_hh_l0 1200
layers.2.enc.f.weight_ih_l0_reverse 720000
layers.2.enc.f.weight_hh_l0_reverse 360000
layers.2.enc.f.bias_ih_l0_reverse 1200
layers.2.enc.f.bias_hh_l0_reverse 1200
layers.2.ae.g.0.weight 16384
layers.2.ae.g.0.bias 128
layers.2.ae.h.0.weight 16384
layers.2.ae.h.0.bias 128
layers.3.enc.b.0.weight 38400
layers.3.enc.b.0.bias 128
layers.3.enc.f.weight_ih_l0 720000
layers.3.enc.f.weight_hh_l0 360000
layers.3.enc.f.bias_ih_l0 1200
layers.3.enc.f.bias_hh_l0 1200
layers.3.enc.f.weight_ih_l0_reverse 720000
layers.3.enc.f.weight_hh_l0_reverse 360000
layers.3.enc.f.bias_ih_l0_reverse 1200
layers.3.enc.f.bias_hh_l0_reverse 1200
layers.3.ae.g.0.weight 16384
layers.3.ae.g.0.bias 128
layers.3.ae.h.0.weight 16384
layers.3.ae.h.0.bias 128
layers.4.enc.b.0.weight 38400
layers.4.enc.b.0.bias 128
layers.4.enc.f.weight_ih_l0 720000
layers.4.enc.f.weight_hh_l0 360000
layers.4.enc.f.bias_ih_l0 1200
layers.4.enc.f.bias_hh_l0 1200
layers.4.enc.f.weight_ih_l0_reverse 720000
layers.4.enc.f.weight_hh_l0_reverse 360000
layers.4.enc.f.bias_ih_l0_reverse 1200
layers.4.enc.f.bias_hh_l0_reverse 1200
layers.4.ae.g.0.weight 16384
layers.4.ae.g.0.bias 128
layers.4.ae.h.0.weight 16384
layers.4.ae.h.0.bias 128
Total Trainable Params: 17264578
init_time 27.026493904000002
Start Training
gc 0
Train Epoch0 Acc 0.49115 (19646/40000), AUC 0.4945642352104187
ep0_train_time 155.828225143
Test Epoch0 layer4 Acc 0.5, AUC 0.5127882957458496, avg_entr 0.6913858652114868, f1 0.5
ep0_l4_test_time 5.306097926000007
Save ckpt to ckpt/imdb_lstmal_l5base512_pad500//imdb_lstmal_l5.pt  ,ep 0
gc 0
Train Epoch1 Acc 0.49875 (19950/40000), AUC 0.5047533512115479
ep1_train_time 154.33954753400002
Test Epoch1 layer4 Acc 0.5006, AUC 0.5083740949630737, avg_entr 0.6942060589790344, f1 0.5005999803543091
ep1_l4_test_time 5.341577765000011
Save ckpt to ckpt/imdb_lstmal_l5base512_pad500//imdb_lstmal_l5.pt  ,ep 1
gc 0
Train Epoch2 Acc 0.512125 (20485/40000), AUC 0.5148621797561646
ep2_train_time 153.33634492799996
Test Epoch2 layer4 Acc 0.5112, AUC 0.5627796649932861, avg_entr 0.7016218304634094, f1 0.5112000107765198
ep2_l4_test_time 5.440202496999973
Save ckpt to ckpt/imdb_lstmal_l5base512_pad500//imdb_lstmal_l5.pt  ,ep 2
gc 0
Train Epoch3 Acc 0.622975 (24919/40000), AUC 0.7042365670204163
ep3_train_time 154.04405018699993
Test Epoch3 layer4 Acc 0.809, AUC 0.8699491024017334, avg_entr 0.45347413420677185, f1 0.8090000748634338
ep3_l4_test_time 5.440102713999977
Save ckpt to ckpt/imdb_lstmal_l5base512_pad500//imdb_lstmal_l5.pt  ,ep 3
gc 0
Train Epoch4 Acc 0.821475 (32859/40000), AUC 0.8697398900985718
ep4_train_time 154.5596692700001
Test Epoch4 layer4 Acc 0.7974, AUC 0.8855071663856506, avg_entr 0.2544867992401123, f1 0.7973999977111816
ep4_l4_test_time 5.426908707999928
gc 0
Train Epoch5 Acc 0.779975 (31199/40000), AUC 0.8637917041778564
ep5_train_time 154.49368612199999
Test Epoch5 layer4 Acc 0.85, AUC 0.9109054803848267, avg_entr 0.11928510665893555, f1 0.8500000238418579
ep5_l4_test_time 5.250241568999968
Save ckpt to ckpt/imdb_lstmal_l5base512_pad500//imdb_lstmal_l5.pt  ,ep 5
gc 0
Train Epoch6 Acc 0.88015 (35206/40000), AUC 0.9316970705986023
ep6_train_time 155.91964506699992
Test Epoch6 layer4 Acc 0.8132, AUC 0.8980394005775452, avg_entr 0.136713445186615, f1 0.8131999969482422
ep6_l4_test_time 5.262284902000147
gc 0
Train Epoch7 Acc 0.8952 (35808/40000), AUC 0.93752121925354
ep7_train_time 195.6339715680001
Test Epoch7 layer4 Acc 0.8742, AUC 0.9325867295265198, avg_entr 0.07939352840185165, f1 0.8741999864578247
ep7_l4_test_time 6.879115800999898
Save ckpt to ckpt/imdb_lstmal_l5base512_pad500//imdb_lstmal_l5.pt  ,ep 7
gc 0
Train Epoch8 Acc 0.907675 (36307/40000), AUC 0.9523266553878784
ep8_train_time 183.47733547400003
Test Epoch8 layer4 Acc 0.8774, AUC 0.9344276189804077, avg_entr 0.06336923688650131, f1 0.8773999810218811
ep8_l4_test_time 5.167936963000102
Save ckpt to ckpt/imdb_lstmal_l5base512_pad500//imdb_lstmal_l5.pt  ,ep 8
gc 0
Train Epoch9 Acc 0.9146 (36584/40000), AUC 0.9561667442321777
ep9_train_time 175.58946881200018
Test Epoch9 layer4 Acc 0.8832, AUC 0.9387243986129761, avg_entr 0.05889177694916725, f1 0.8831999897956848
ep9_l4_test_time 6.050181737999992
Save ckpt to ckpt/imdb_lstmal_l5base512_pad500//imdb_lstmal_l5.pt  ,ep 9
gc 0
Train Epoch10 Acc 0.92235 (36894/40000), AUC 0.9646581411361694
ep10_train_time 152.8685650120001
Test Epoch10 layer4 Acc 0.8732, AUC 0.9396093487739563, avg_entr 0.05602088198065758, f1 0.873199999332428
ep10_l4_test_time 5.252195044000018
gc 0
Train Epoch11 Acc 0.929225 (37169/40000), AUC 0.97115159034729
ep11_train_time 153.40218065599993
Test Epoch11 layer4 Acc 0.8856, AUC 0.9438452124595642, avg_entr 0.055354755371809006, f1 0.8855999708175659
ep11_l4_test_time 5.33297147899998
Save ckpt to ckpt/imdb_lstmal_l5base512_pad500//imdb_lstmal_l5.pt  ,ep 11
gc 0
Train Epoch12 Acc 0.9339 (37356/40000), AUC 0.9739013910293579
ep12_train_time 152.3955793519999
Test Epoch12 layer4 Acc 0.886, AUC 0.9448052644729614, avg_entr 0.05831938609480858, f1 0.8859999775886536
ep12_l4_test_time 5.4467083469999125
Save ckpt to ckpt/imdb_lstmal_l5base512_pad500//imdb_lstmal_l5.pt  ,ep 12
gc 0
Train Epoch13 Acc 0.93335 (37334/40000), AUC 0.974636971950531
ep13_train_time 151.55625318500006
Test Epoch13 layer4 Acc 0.8788, AUC 0.941697359085083, avg_entr 0.05723267048597336, f1 0.8787999749183655
ep13_l4_test_time 5.437928131999797
gc 0
Train Epoch14 Acc 0.939075 (37563/40000), AUC 0.978347897529602
ep14_train_time 154.49793272900024
Test Epoch14 layer4 Acc 0.8824, AUC 0.943628191947937, avg_entr 0.050695739686489105, f1 0.8823999762535095
ep14_l4_test_time 4.967537497999729
gc 0
Train Epoch15 Acc 0.9466 (37864/40000), AUC 0.983693540096283
ep15_train_time 154.5922726179997
Test Epoch15 layer4 Acc 0.887, AUC 0.9414047002792358, avg_entr 0.04053504765033722, f1 0.8870000243186951
ep15_l4_test_time 5.160378089999995
Save ckpt to ckpt/imdb_lstmal_l5base512_pad500//imdb_lstmal_l5.pt  ,ep 15
gc 0
Train Epoch16 Acc 0.949625 (37985/40000), AUC 0.9863749146461487
ep16_train_time 154.0464729109999
Test Epoch16 layer4 Acc 0.8842, AUC 0.9454324245452881, avg_entr 0.04414789006114006, f1 0.8842000365257263
ep16_l4_test_time 5.104859107000266
gc 0
Train Epoch17 Acc 0.950125 (38005/40000), AUC 0.9845212697982788
ep17_train_time 154.16325248800013
Test Epoch17 layer4 Acc 0.8852, AUC 0.9431889057159424, avg_entr 0.044069353491067886, f1 0.8852000832557678
ep17_l4_test_time 5.156951631000084
gc 0
Train Epoch18 Acc 0.9545 (38180/40000), AUC 0.9883815050125122
ep18_train_time 153.65449374799982
Test Epoch18 layer4 Acc 0.8752, AUC 0.9399233460426331, avg_entr 0.03820731118321419, f1 0.8751999735832214
ep18_l4_test_time 5.16138421200003
gc 0
Train Epoch19 Acc 0.955125 (38205/40000), AUC 0.9885770082473755
ep19_train_time 153.43283502099985
Test Epoch19 layer4 Acc 0.8786, AUC 0.9414830803871155, avg_entr 0.04433762654662132, f1 0.878600001335144
ep19_l4_test_time 5.248861552999642
Best AUC tensor(0.8870) 15
train_loss (2, 5, 20)
valid_acc (1, 20)
valid_AUC (1, 20)
train_acc (20,)
total_train+valid_time 3281.579057922
Start Testing
Load ckpt at ckpt/imdb_lstmal_l5base512_pad500//imdb_lstmal_l5.pt
gc 10
Test layer0 Acc 0.8856, AUC 0.9538595080375671, avg_entr 0.1811772882938385, f1 0.8855999708175659
l0_test_time 0.6904797880001752
gc 0
Test layer1 Acc 0.8778, AUC 0.9386663436889648, avg_entr 0.053755249828100204, f1 0.8778000473976135
l1_test_time 1.6001051279999956
gc 0
Test layer2 Acc 0.878, AUC 0.9389487504959106, avg_entr 0.0429377518594265, f1 0.878000020980835
l2_test_time 2.8078419100002066
gc 0
Test layer3 Acc 0.8794, AUC 0.9385586977005005, avg_entr 0.03998466208577156, f1 0.8794000148773193
l3_test_time 4.013325820999853
gc 0
Test layer4 Acc 0.8784, AUC 0.9388576745986938, avg_entr 0.04324429854750633, f1 0.8784000277519226
l4_test_time 5.18701099000009
gc 0
Test threshold 0.1 Acc 0.8804, AUC 0.9265418648719788, avg_entr 0.06831640750169754, f1 0.8804000020027161
t0.1_test_time 2.421708720999959
gc 0
Test threshold 0.2 Acc 0.8818, AUC 0.9219428300857544, avg_entr 0.08111027628183365, f1 0.8818000555038452
t0.2_test_time 2.356360125000265
gc 0
Test threshold 0.3 Acc 0.8828, AUC 0.9208652973175049, avg_entr 0.09607584774494171, f1 0.8827999830245972
t0.3_test_time 2.2336867080002776
gc 0
Test threshold 0.4 Acc 0.8836, AUC 0.9218664169311523, avg_entr 0.1141907200217247, f1 0.8835999965667725
t0.4_test_time 2.1662680440003896
gc 0
Test threshold 0.5 Acc 0.8846, AUC 0.9245305061340332, avg_entr 0.13211706280708313, f1 0.8845999836921692
t0.5_test_time 2.05086135800002
gc 0
Test threshold 0.6 Acc 0.885, AUC 0.9274278879165649, avg_entr 0.14757493138313293, f1 0.8849999904632568
t0.6_test_time 1.9628413460000047
gc 0
Test threshold 0.7 Acc 0.8864, AUC 0.9303010106086731, avg_entr 0.16672249138355255, f1 0.8863999843597412
t0.7_test_time 1.9685488019999866
gc 0
Test threshold 0.8 Acc 0.887, AUC 0.9361186623573303, avg_entr 0.19138623774051666, f1 0.8870000243186951
t0.8_test_time 1.9457821240002886
gc 0
Test threshold 0.9 Acc 0.8888, AUC 0.9423515796661377, avg_entr 0.21567915380001068, f1 0.8888000249862671
t0.9_test_time 1.8154253860002427
