total count words 102019
vocab size 30000
train size 120000, valid size 3800, test size 3800
found 26754 words in glove
model: LSTMModelML(
  (layers): ModuleList(
    (0): EMBLayer(
      (enc): ENC(
        (b): Sequential(
          (0): Linear(in_features=300, out_features=128, bias=True)
          (1): Tanh()
        )
        (f): Embedding(30000, 300)
        (cri): MSELoss()
      )
      (ae): AE(
        (g): Sequential(
          (0): Linear(in_features=4, out_features=128, bias=True)
          (1): Tanh()
        )
        (h): Sequential(
          (0): Linear(in_features=128, out_features=4, bias=True)
          (1): Sigmoid()
        )
        (cri): CrossEntropyLoss()
      )
    )
    (1): LSTMLayer(
      (enc): ENC(
        (b): Sequential(
          (0): Linear(in_features=300, out_features=128, bias=True)
          (1): Tanh()
        )
        (f): LSTM(300, 300, batch_first=True, bidirectional=True)
        (cri): MSELoss()
      )
      (ae): AE(
        (g): Sequential(
          (0): Linear(in_features=128, out_features=128, bias=True)
          (1): Tanh()
        )
        (h): Sequential(
          (0): Linear(in_features=128, out_features=128, bias=True)
        )
        (cri): MSELoss()
      )
    )
    (2): LSTMLayer(
      (enc): ENC(
        (b): Sequential(
          (0): Linear(in_features=300, out_features=128, bias=True)
          (1): Tanh()
        )
        (f): LSTM(600, 300, batch_first=True, bidirectional=True)
        (cri): MSELoss()
      )
      (ae): AE(
        (g): Sequential(
          (0): Linear(in_features=128, out_features=128, bias=True)
          (1): Tanh()
        )
        (h): Sequential(
          (0): Linear(in_features=128, out_features=128, bias=True)
        )
        (cri): MSELoss()
      )
    )
    (3): LSTMLayer(
      (enc): ENC(
        (b): Sequential(
          (0): Linear(in_features=300, out_features=128, bias=True)
          (1): Tanh()
        )
        (f): LSTM(600, 300, batch_first=True, bidirectional=True)
        (cri): MSELoss()
      )
      (ae): AE(
        (g): Sequential(
          (0): Linear(in_features=128, out_features=128, bias=True)
          (1): Tanh()
        )
        (h): Sequential(
          (0): Linear(in_features=128, out_features=128, bias=True)
        )
        (cri): MSELoss()
      )
    )
    (4): LSTMLayer(
      (enc): ENC(
        (b): Sequential(
          (0): Linear(in_features=300, out_features=128, bias=True)
          (1): Tanh()
        )
        (f): LSTM(600, 300, batch_first=True, bidirectional=True)
        (cri): MSELoss()
      )
      (ae): AE(
        (g): Sequential(
          (0): Linear(in_features=128, out_features=128, bias=True)
          (1): Tanh()
        )
        (h): Sequential(
          (0): Linear(in_features=128, out_features=128, bias=True)
        )
        (cri): MSELoss()
      )
    )
  )
)
layers.0.enc.b.0.weight 38400
layers.0.enc.b.0.bias 128
layers.0.enc.f.weight 9000000
layers.0.ae.g.0.weight 512
layers.0.ae.g.0.bias 128
layers.0.ae.h.0.weight 512
layers.0.ae.h.0.bias 4
layers.1.enc.b.0.weight 38400
layers.1.enc.b.0.bias 128
layers.1.enc.f.weight_ih_l0 360000
layers.1.enc.f.weight_hh_l0 360000
layers.1.enc.f.bias_ih_l0 1200
layers.1.enc.f.bias_hh_l0 1200
layers.1.enc.f.weight_ih_l0_reverse 360000
layers.1.enc.f.weight_hh_l0_reverse 360000
layers.1.enc.f.bias_ih_l0_reverse 1200
layers.1.enc.f.bias_hh_l0_reverse 1200
layers.1.ae.g.0.weight 16384
layers.1.ae.g.0.bias 128
layers.1.ae.h.0.weight 16384
layers.1.ae.h.0.bias 128
layers.2.enc.b.0.weight 38400
layers.2.enc.b.0.bias 128
layers.2.enc.f.weight_ih_l0 720000
layers.2.enc.f.weight_hh_l0 360000
layers.2.enc.f.bias_ih_l0 1200
layers.2.enc.f.bias_hh_l0 1200
layers.2.enc.f.weight_ih_l0_reverse 720000
layers.2.enc.f.weight_hh_l0_reverse 360000
layers.2.enc.f.bias_ih_l0_reverse 1200
layers.2.enc.f.bias_hh_l0_reverse 1200
layers.2.ae.g.0.weight 16384
layers.2.ae.g.0.bias 128
layers.2.ae.h.0.weight 16384
layers.2.ae.h.0.bias 128
layers.3.enc.b.0.weight 38400
layers.3.enc.b.0.bias 128
layers.3.enc.f.weight_ih_l0 720000
layers.3.enc.f.weight_hh_l0 360000
layers.3.enc.f.bias_ih_l0 1200
layers.3.enc.f.bias_hh_l0 1200
layers.3.enc.f.weight_ih_l0_reverse 720000
layers.3.enc.f.weight_hh_l0_reverse 360000
layers.3.enc.f.bias_ih_l0_reverse 1200
layers.3.enc.f.bias_hh_l0_reverse 1200
layers.3.ae.g.0.weight 16384
layers.3.ae.g.0.bias 128
layers.3.ae.h.0.weight 16384
layers.3.ae.h.0.bias 128
layers.4.enc.b.0.weight 38400
layers.4.enc.b.0.bias 128
layers.4.enc.f.weight_ih_l0 720000
layers.4.enc.f.weight_hh_l0 360000
layers.4.enc.f.bias_ih_l0 1200
layers.4.enc.f.bias_hh_l0 1200
layers.4.enc.f.weight_ih_l0_reverse 720000
layers.4.enc.f.weight_hh_l0_reverse 360000
layers.4.enc.f.bias_ih_l0_reverse 1200
layers.4.enc.f.bias_hh_l0_reverse 1200
layers.4.ae.g.0.weight 16384
layers.4.ae.g.0.bias 128
layers.4.ae.h.0.weight 16384
layers.4.ae.h.0.bias 128
Total Trainable Params: 17265092
init_time 22.00069546699524
Start Training
train_mask {0, 1, 2, 3, 4} False
gc 0
Train Epoch0 Acc 0.726625 (87195/120000), AUC 0.9155994653701782
ep0_train_time 184.4173080921173
Test Epoch0 threshold 0.1 Acc 0.9047368421052632, AUC 0.9779942631721497, avg_entr 0.08560296893119812, f1 0.9047367572784424
ep0_t0.1_test_time 2.593987464904785
Save ckpt to ckpt/ag_news_lstmal_l5ad_pad177//ag_news_lstmal_l5.pt  ,ep 0
Test Epoch0 threshold 0.2 Acc 0.905, AUC 0.9756122827529907, avg_entr 0.10289711505174637, f1 0.9049999117851257
ep0_t0.2_test_time 2.5311279296875
Save ckpt to ckpt/ag_news_lstmal_l5ad_pad177//ag_news_lstmal_l5.pt  ,ep 0
Test Epoch0 threshold 0.3 Acc 0.905, AUC 0.9747668504714966, avg_entr 0.11987856775522232, f1 0.9049999117851257
ep0_t0.3_test_time 2.569880962371826
Save ckpt to ckpt/ag_news_lstmal_l5ad_pad177//ag_news_lstmal_l5.pt  ,ep 0
Test Epoch0 threshold 0.4 Acc 0.905, AUC 0.9754884839057922, avg_entr 0.13696372509002686, f1 0.9049999117851257
ep0_t0.4_test_time 2.526243209838867
Save ckpt to ckpt/ag_news_lstmal_l5ad_pad177//ag_news_lstmal_l5.pt  ,ep 0
Test Epoch0 threshold 0.5 Acc 0.9055263157894737, AUC 0.9765262603759766, avg_entr 0.16400274634361267, f1 0.905526340007782
ep0_t0.5_test_time 1.621368408203125
Save ckpt to ckpt/ag_news_lstmal_l5ad_pad177//ag_news_lstmal_l5.pt  ,ep 0
Test Epoch0 threshold 0.6 Acc 0.9028947368421053, AUC 0.977053701877594, avg_entr 0.17811092734336853, f1 0.9028947353363037
ep0_t0.6_test_time 0.89674973487854
Test Epoch0 threshold 0.7 Acc 0.9023684210526316, AUC 0.9770055413246155, avg_entr 0.17914274334907532, f1 0.902368426322937
ep0_t0.7_test_time 0.6833109855651855
Test Epoch0 threshold 0.8 Acc 0.9023684210526316, AUC 0.9770326614379883, avg_entr 0.1792266070842743, f1 0.902368426322937
ep0_t0.8_test_time 0.675025224685669
Test Epoch0 threshold 0.9 Acc 0.9023684210526316, AUC 0.9770326614379883, avg_entr 0.1792266070842743, f1 0.902368426322937
ep0_t0.9_test_time 0.7113454341888428
gc 0
Train Epoch1 Acc 0.9163083333333333 (109957/120000), AUC 0.9816911220550537
ep1_train_time 196.14484429359436
Test Epoch1 threshold 0.1 Acc 0.9110526315789473, AUC 0.97715163230896, avg_entr 0.06623554974794388, f1 0.9110526442527771
ep1_t0.1_test_time 4.469015836715698
Save ckpt to ckpt/ag_news_lstmal_l5ad_pad177//ag_news_lstmal_l5.pt  ,ep 1
Test Epoch1 threshold 0.2 Acc 0.9110526315789473, AUC 0.9757167100906372, avg_entr 0.08093049377202988, f1 0.9110526442527771
ep1_t0.2_test_time 4.4744181632995605
Save ckpt to ckpt/ag_news_lstmal_l5ad_pad177//ag_news_lstmal_l5.pt  ,ep 1
Test Epoch1 threshold 0.3 Acc 0.9097368421052632, AUC 0.9760684967041016, avg_entr 0.09567119926214218, f1 0.9097368717193604
ep1_t0.3_test_time 4.456475257873535
Test Epoch1 threshold 0.4 Acc 0.9094736842105263, AUC 0.9767931699752808, avg_entr 0.11315897852182388, f1 0.9094736576080322
ep1_t0.4_test_time 4.253194570541382
Test Epoch1 threshold 0.5 Acc 0.9123684210526316, AUC 0.977676510810852, avg_entr 0.13472464680671692, f1 0.9123684167861938
ep1_t0.5_test_time 2.315502405166626
Save ckpt to ckpt/ag_news_lstmal_l5ad_pad177//ag_news_lstmal_l5.pt  ,ep 1
Test Epoch1 threshold 0.6 Acc 0.91, AUC 0.9783635139465332, avg_entr 0.14296334981918335, f1 0.9100000262260437
ep1_t0.6_test_time 1.3911595344543457
Test Epoch1 threshold 0.7 Acc 0.9094736842105263, AUC 0.9783524870872498, avg_entr 0.14356330037117004, f1 0.9094736576080322
ep1_t0.7_test_time 1.2601227760314941
Test Epoch1 threshold 0.8 Acc 0.9094736842105263, AUC 0.9783524870872498, avg_entr 0.14356330037117004, f1 0.9094736576080322
ep1_t0.8_test_time 1.2062296867370605
Test Epoch1 threshold 0.9 Acc 0.9094736842105263, AUC 0.9783524870872498, avg_entr 0.14356330037117004, f1 0.9094736576080322
ep1_t0.9_test_time 1.2127883434295654
gc 0
Train Epoch2 Acc 0.920175 (110421/120000), AUC 0.9835631847381592
ep2_train_time 269.9715268611908
Test Epoch2 threshold 0.1 Acc 0.9123684210526316, AUC 0.9770824313163757, avg_entr 0.058144137263298035, f1 0.9123684167861938
ep2_t0.1_test_time 4.436191082000732
Save ckpt to ckpt/ag_news_lstmal_l5ad_pad177//ag_news_lstmal_l5.pt  ,ep 2
Test Epoch2 threshold 0.2 Acc 0.9131578947368421, AUC 0.9763889312744141, avg_entr 0.07118833065032959, f1 0.9131578803062439
ep2_t0.2_test_time 4.4018638134002686
Save ckpt to ckpt/ag_news_lstmal_l5ad_pad177//ag_news_lstmal_l5.pt  ,ep 2
Test Epoch2 threshold 0.3 Acc 0.9118421052631579, AUC 0.9770829081535339, avg_entr 0.08578652143478394, f1 0.9118421077728271
ep2_t0.3_test_time 4.332910537719727
Test Epoch2 threshold 0.4 Acc 0.9107894736842105, AUC 0.9779233932495117, avg_entr 0.10378888249397278, f1 0.9107894897460938
ep2_t0.4_test_time 4.0204243659973145
Test Epoch2 threshold 0.5 Acc 0.9113157894736842, AUC 0.9786691069602966, avg_entr 0.12176302820444107, f1 0.9113157987594604
ep2_t0.5_test_time 2.0900719165802
Test Epoch2 threshold 0.6 Acc 0.9086842105263158, AUC 0.978817880153656, avg_entr 0.12796147167682648, f1 0.9086841940879822
ep2_t0.6_test_time 1.3735651969909668
Test Epoch2 threshold 0.7 Acc 0.908157894736842, AUC 0.9788403511047363, avg_entr 0.12842927873134613, f1 0.9081578850746155
ep2_t0.7_test_time 1.2329373359680176
Test Epoch2 threshold 0.8 Acc 0.908157894736842, AUC 0.9788403511047363, avg_entr 0.12842927873134613, f1 0.9081578850746155
ep2_t0.8_test_time 1.2304048538208008
Test Epoch2 threshold 0.9 Acc 0.908157894736842, AUC 0.9788403511047363, avg_entr 0.12842927873134613, f1 0.9081578850746155
ep2_t0.9_test_time 1.2540283203125
gc 0
Train Epoch3 Acc 0.92245 (110694/120000), AUC 0.9843512177467346
ep3_train_time 248.09245419502258
Test Epoch3 threshold 0.1 Acc 0.911578947368421, AUC 0.976997435092926, avg_entr 0.05410746857523918, f1 0.9115789532661438
ep3_t0.1_test_time 2.5474274158477783
Test Epoch3 threshold 0.2 Acc 0.9121052631578948, AUC 0.976348876953125, avg_entr 0.06664861738681793, f1 0.9121052622795105
ep3_t0.2_test_time 2.51723575592041
Test Epoch3 threshold 0.3 Acc 0.9107894736842105, AUC 0.9772703647613525, avg_entr 0.0803234651684761, f1 0.9107894897460938
ep3_t0.3_test_time 2.4371654987335205
Test Epoch3 threshold 0.4 Acc 0.9113157894736842, AUC 0.9783006906509399, avg_entr 0.09812586009502411, f1 0.9113157987594604
ep3_t0.4_test_time 2.222212791442871
Test Epoch3 threshold 0.5 Acc 0.9139473684210526, AUC 0.9788626432418823, avg_entr 0.1144399344921112, f1 0.913947343826294
ep3_t0.5_test_time 1.1978707313537598
Save ckpt to ckpt/ag_news_lstmal_l5ad_pad177//ag_news_lstmal_l5.pt  ,ep 3
Test Epoch3 threshold 0.6 Acc 0.9110526315789473, AUC 0.979017972946167, avg_entr 0.11969047784805298, f1 0.9110526442527771
ep3_t0.6_test_time 0.7539050579071045
Test Epoch3 threshold 0.7 Acc 0.9107894736842105, AUC 0.9790259003639221, avg_entr 0.12004643678665161, f1 0.9107894897460938
ep3_t0.7_test_time 0.7115943431854248
Test Epoch3 threshold 0.8 Acc 0.9107894736842105, AUC 0.9790259003639221, avg_entr 0.12004643678665161, f1 0.9107894897460938
ep3_t0.8_test_time 0.717989444732666
Test Epoch3 threshold 0.9 Acc 0.9107894736842105, AUC 0.9790259003639221, avg_entr 0.12004643678665161, f1 0.9107894897460938
ep3_t0.9_test_time 0.731691837310791
gc 0
Train Epoch4 Acc 0.92345 (110814/120000), AUC 0.9847385287284851
ep4_train_time 184.09610247612
Test Epoch4 threshold 0.1 Acc 0.9123684210526316, AUC 0.9768694639205933, avg_entr 0.052793778479099274, f1 0.9123684167861938
ep4_t0.1_test_time 2.5617008209228516
Test Epoch4 threshold 0.2 Acc 0.9128947368421053, AUC 0.9765143990516663, avg_entr 0.06529136002063751, f1 0.9128947257995605
ep4_t0.2_test_time 2.5698485374450684
Test Epoch4 threshold 0.3 Acc 0.9123684210526316, AUC 0.9774507284164429, avg_entr 0.07912454009056091, f1 0.9123684167861938
ep4_t0.3_test_time 2.5097975730895996
Test Epoch4 threshold 0.4 Acc 0.9131578947368421, AUC 0.9783675074577332, avg_entr 0.09700467437505722, f1 0.9131578803062439
ep4_t0.4_test_time 2.253998279571533
Test Epoch4 threshold 0.5 Acc 0.9136842105263158, AUC 0.9788817167282104, avg_entr 0.11224257946014404, f1 0.9136841893196106
ep4_t0.5_test_time 1.1655430793762207
Test Epoch4 threshold 0.6 Acc 0.9110526315789473, AUC 0.9790689945220947, avg_entr 0.11703060567378998, f1 0.9110526442527771
ep4_t0.6_test_time 0.7368636131286621
Test Epoch4 threshold 0.7 Acc 0.9105263157894737, AUC 0.979094922542572, avg_entr 0.11745793372392654, f1 0.9105263352394104
ep4_t0.7_test_time 0.6976335048675537
Test Epoch4 threshold 0.8 Acc 0.9105263157894737, AUC 0.979094922542572, avg_entr 0.11745793372392654, f1 0.9105263352394104
ep4_t0.8_test_time 0.6954538822174072
Test Epoch4 threshold 0.9 Acc 0.9105263157894737, AUC 0.979094922542572, avg_entr 0.11745793372392654, f1 0.9105263352394104
ep4_t0.9_test_time 0.7220373153686523
gc 0
Train Epoch5 Acc 0.9237666666666666 (110852/120000), AUC 0.9848237633705139
ep5_train_time 184.05886268615723
Test Epoch5 threshold 0.1 Acc 0.9121052631578948, AUC 0.9767986536026001, avg_entr 0.05254370719194412, f1 0.9121052622795105
ep5_t0.1_test_time 2.601255178451538
Test Epoch5 threshold 0.2 Acc 0.9128947368421053, AUC 0.9766734838485718, avg_entr 0.06496631354093552, f1 0.9128947257995605
ep5_t0.2_test_time 2.581246852874756
Test Epoch5 threshold 0.3 Acc 0.911578947368421, AUC 0.9774562120437622, avg_entr 0.07860586047172546, f1 0.9115789532661438
ep5_t0.3_test_time 2.5306766033172607
Test Epoch5 threshold 0.4 Acc 0.9131578947368421, AUC 0.9783763885498047, avg_entr 0.09662691503763199, f1 0.9131578803062439
ep5_t0.4_test_time 2.2572901248931885
Test Epoch5 threshold 0.5 Acc 0.9139473684210526, AUC 0.9789172410964966, avg_entr 0.11197176575660706, f1 0.913947343826294
ep5_t0.5_test_time 1.1627140045166016
Save ckpt to ckpt/ag_news_lstmal_l5ad_pad177//ag_news_lstmal_l5.pt  ,ep 5
Test Epoch5 threshold 0.6 Acc 0.911578947368421, AUC 0.9790850281715393, avg_entr 0.11665183305740356, f1 0.9115789532661438
ep5_t0.6_test_time 0.7404704093933105
Test Epoch5 threshold 0.7 Acc 0.9110526315789473, AUC 0.9790964126586914, avg_entr 0.116996169090271, f1 0.9110526442527771
ep5_t0.7_test_time 0.7170493602752686
Test Epoch5 threshold 0.8 Acc 0.9110526315789473, AUC 0.9790964126586914, avg_entr 0.116996169090271, f1 0.9110526442527771
ep5_t0.8_test_time 0.6764423847198486
Test Epoch5 threshold 0.9 Acc 0.9110526315789473, AUC 0.9790964126586914, avg_entr 0.116996169090271, f1 0.9110526442527771
ep5_t0.9_test_time 0.7129812240600586
gc 0
Train Epoch6 Acc 0.9237583333333333 (110851/120000), AUC 0.9848241806030273
ep6_train_time 183.9843521118164
Test Epoch6 threshold 0.1 Acc 0.9118421052631579, AUC 0.9767931699752808, avg_entr 0.052461229264736176, f1 0.9118421077728271
ep6_t0.1_test_time 2.5270988941192627
Test Epoch6 threshold 0.2 Acc 0.9126315789473685, AUC 0.9766919612884521, avg_entr 0.06478255242109299, f1 0.9126315712928772
ep6_t0.2_test_time 2.540137767791748
Test Epoch6 threshold 0.3 Acc 0.9110526315789473, AUC 0.9774524569511414, avg_entr 0.07852158695459366, f1 0.9110526442527771
ep6_t0.3_test_time 2.4925692081451416
Test Epoch6 threshold 0.4 Acc 0.9134210526315789, AUC 0.9783904552459717, avg_entr 0.0964655876159668, f1 0.9134210348129272
ep6_t0.4_test_time 2.231651782989502
Test Epoch6 threshold 0.5 Acc 0.9139473684210526, AUC 0.9789499044418335, avg_entr 0.11191587150096893, f1 0.913947343826294
ep6_t0.5_test_time 1.1726045608520508
Save ckpt to ckpt/ag_news_lstmal_l5ad_pad177//ag_news_lstmal_l5.pt  ,ep 6
Test Epoch6 threshold 0.6 Acc 0.911578947368421, AUC 0.9790860414505005, avg_entr 0.11649969220161438, f1 0.9115789532661438
ep6_t0.6_test_time 0.741750955581665
Test Epoch6 threshold 0.7 Acc 0.9110526315789473, AUC 0.9790972471237183, avg_entr 0.1168438121676445, f1 0.9110526442527771
ep6_t0.7_test_time 0.7111785411834717
Test Epoch6 threshold 0.8 Acc 0.9110526315789473, AUC 0.9790972471237183, avg_entr 0.1168438121676445, f1 0.9110526442527771
ep6_t0.8_test_time 0.6941382884979248
Test Epoch6 threshold 0.9 Acc 0.9110526315789473, AUC 0.9790972471237183, avg_entr 0.1168438121676445, f1 0.9110526442527771
ep6_t0.9_test_time 0.6994876861572266
gc 0
Train Epoch7 Acc 0.923775 (110853/120000), AUC 0.9848242998123169
ep7_train_time 184.03368186950684
Test Epoch7 threshold 0.1 Acc 0.9118421052631579, AUC 0.9767862558364868, avg_entr 0.052450183779001236, f1 0.9118421077728271
ep7_t0.1_test_time 2.51777720451355
Test Epoch7 threshold 0.2 Acc 0.9126315789473685, AUC 0.9766817688941956, avg_entr 0.06478933244943619, f1 0.9126315712928772
ep7_t0.2_test_time 2.517725706100464
Test Epoch7 threshold 0.3 Acc 0.9110526315789473, AUC 0.9774527549743652, avg_entr 0.07848212122917175, f1 0.9110526442527771
ep7_t0.3_test_time 2.48224139213562
Test Epoch7 threshold 0.4 Acc 0.9134210526315789, AUC 0.9783903360366821, avg_entr 0.09642300009727478, f1 0.9134210348129272
ep7_t0.4_test_time 2.238229990005493
Test Epoch7 threshold 0.5 Acc 0.9139473684210526, AUC 0.9789508581161499, avg_entr 0.11187172681093216, f1 0.913947343826294
ep7_t0.5_test_time 1.1527986526489258
Save ckpt to ckpt/ag_news_lstmal_l5ad_pad177//ag_news_lstmal_l5.pt  ,ep 7
Test Epoch7 threshold 0.6 Acc 0.9118421052631579, AUC 0.9790868759155273, avg_entr 0.11645568162202835, f1 0.9118421077728271
ep7_t0.6_test_time 0.7434806823730469
Test Epoch7 threshold 0.7 Acc 0.9113157894736842, AUC 0.9790979623794556, avg_entr 0.11679980158805847, f1 0.9113157987594604
ep7_t0.7_test_time 0.7112178802490234
Test Epoch7 threshold 0.8 Acc 0.9113157894736842, AUC 0.9790979623794556, avg_entr 0.11679980158805847, f1 0.9113157987594604
ep7_t0.8_test_time 0.7122271060943604
Test Epoch7 threshold 0.9 Acc 0.9113157894736842, AUC 0.9790979623794556, avg_entr 0.11679980158805847, f1 0.9113157987594604
ep7_t0.9_test_time 0.6852309703826904
gc 0
Train Epoch8 Acc 0.923775 (110853/120000), AUC 0.9848265051841736
ep8_train_time 183.91585898399353
Test Epoch8 threshold 0.1 Acc 0.9118421052631579, AUC 0.9768190979957581, avg_entr 0.052451446652412415, f1 0.9118421077728271
ep8_t0.1_test_time 2.591740369796753
Test Epoch8 threshold 0.2 Acc 0.9126315789473685, AUC 0.976682722568512, avg_entr 0.06474193185567856, f1 0.9126315712928772
ep8_t0.2_test_time 2.555332899093628
Test Epoch8 threshold 0.3 Acc 0.9110526315789473, AUC 0.977452278137207, avg_entr 0.07846718281507492, f1 0.9110526442527771
ep8_t0.3_test_time 2.455096960067749
Test Epoch8 threshold 0.4 Acc 0.9134210526315789, AUC 0.9783901572227478, avg_entr 0.09640777111053467, f1 0.9134210348129272
ep8_t0.4_test_time 2.236537456512451
Test Epoch8 threshold 0.5 Acc 0.9139473684210526, AUC 0.978951096534729, avg_entr 0.11185681819915771, f1 0.913947343826294
ep8_t0.5_test_time 1.157999038696289
Save ckpt to ckpt/ag_news_lstmal_l5ad_pad177//ag_news_lstmal_l5.pt  ,ep 8
Test Epoch8 threshold 0.6 Acc 0.9118421052631579, AUC 0.9790867567062378, avg_entr 0.11644130200147629, f1 0.9118421077728271
ep8_t0.6_test_time 0.7602474689483643
Test Epoch8 threshold 0.7 Acc 0.9113157894736842, AUC 0.979097843170166, avg_entr 0.1167854443192482, f1 0.9113157987594604
ep8_t0.7_test_time 0.7207400798797607
Test Epoch8 threshold 0.8 Acc 0.9113157894736842, AUC 0.979097843170166, avg_entr 0.1167854443192482, f1 0.9113157987594604
ep8_t0.8_test_time 0.7052295207977295
Test Epoch8 threshold 0.9 Acc 0.9113157894736842, AUC 0.979097843170166, avg_entr 0.1167854443192482, f1 0.9113157987594604
ep8_t0.9_test_time 0.7060542106628418
gc 0
Train Epoch9 Acc 0.923775 (110853/120000), AUC 0.9848290085792542
ep9_train_time 184.2009482383728
Test Epoch9 threshold 0.1 Acc 0.9118421052631579, AUC 0.9768186807632446, avg_entr 0.05244447663426399, f1 0.9118421077728271
ep9_t0.1_test_time 2.5681426525115967
Test Epoch9 threshold 0.2 Acc 0.9126315789473685, AUC 0.9766830205917358, avg_entr 0.06473574042320251, f1 0.9126315712928772
ep9_t0.2_test_time 2.558257818222046
Test Epoch9 threshold 0.3 Acc 0.9110526315789473, AUC 0.977452278137207, avg_entr 0.07846195995807648, f1 0.9110526442527771
ep9_t0.3_test_time 2.4639346599578857
Test Epoch9 threshold 0.4 Acc 0.9134210526315789, AUC 0.9783905744552612, avg_entr 0.09640386700630188, f1 0.9134210348129272
ep9_t0.4_test_time 2.265995502471924
Test Epoch9 threshold 0.5 Acc 0.9139473684210526, AUC 0.9789509773254395, avg_entr 0.11185383796691895, f1 0.913947343826294
ep9_t0.5_test_time 1.19417142868042
Save ckpt to ckpt/ag_news_lstmal_l5ad_pad177//ag_news_lstmal_l5.pt  ,ep 9
Test Epoch9 threshold 0.6 Acc 0.9118421052631579, AUC 0.9790866374969482, avg_entr 0.11643911153078079, f1 0.9118421077728271
ep9_t0.6_test_time 0.7624807357788086
Test Epoch9 threshold 0.7 Acc 0.9113157894736842, AUC 0.9790977835655212, avg_entr 0.1167832612991333, f1 0.9113157987594604
ep9_t0.7_test_time 0.6819946765899658
Test Epoch9 threshold 0.8 Acc 0.9113157894736842, AUC 0.9790977835655212, avg_entr 0.1167832612991333, f1 0.9113157987594604
ep9_t0.8_test_time 0.7155890464782715
Test Epoch9 threshold 0.9 Acc 0.9113157894736842, AUC 0.9790977835655212, avg_entr 0.1167832612991333, f1 0.9113157987594604
ep9_t0.9_test_time 0.7082581520080566
gc 0
Train Epoch10 Acc 0.9237833333333333 (110854/120000), AUC 0.9848303198814392
ep10_train_time 183.93558979034424
Test Epoch10 threshold 0.1 Acc 0.9118421052631579, AUC 0.9768186807632446, avg_entr 0.05243664234876633, f1 0.9118421077728271
ep10_t0.1_test_time 2.586503267288208
Test Epoch10 threshold 0.2 Acc 0.9126315789473685, AUC 0.976692795753479, avg_entr 0.0646829828619957, f1 0.9126315712928772
ep10_t0.2_test_time 2.567552089691162
Test Epoch10 threshold 0.3 Acc 0.9110526315789473, AUC 0.9774512052536011, avg_entr 0.07845593243837357, f1 0.9110526442527771
ep10_t0.3_test_time 2.537044048309326
Test Epoch10 threshold 0.4 Acc 0.9134210526315789, AUC 0.9783904552459717, avg_entr 0.09639916568994522, f1 0.9134210348129272
ep10_t0.4_test_time 2.1687374114990234
Test Epoch10 threshold 0.5 Acc 0.9139473684210526, AUC 0.9789509773254395, avg_entr 0.11185033619403839, f1 0.913947343826294
ep10_t0.5_test_time 1.1600251197814941
Save ckpt to ckpt/ag_news_lstmal_l5ad_pad177//ag_news_lstmal_l5.pt  ,ep 10
Test Epoch10 threshold 0.6 Acc 0.9118421052631579, AUC 0.9790867567062378, avg_entr 0.11643609404563904, f1 0.9118421077728271
ep10_t0.6_test_time 0.7379095554351807
Test Epoch10 threshold 0.7 Acc 0.9113157894736842, AUC 0.9790980219841003, avg_entr 0.11678026616573334, f1 0.9113157987594604
ep10_t0.7_test_time 0.7092883586883545
Test Epoch10 threshold 0.8 Acc 0.9113157894736842, AUC 0.9790980219841003, avg_entr 0.11678026616573334, f1 0.9113157987594604
ep10_t0.8_test_time 0.6974782943725586
Test Epoch10 threshold 0.9 Acc 0.9113157894736842, AUC 0.9790980219841003, avg_entr 0.11678026616573334, f1 0.9113157987594604
ep10_t0.9_test_time 0.6724750995635986
gc 0
Train Epoch11 Acc 0.9238083333333333 (110857/120000), AUC 0.9848325848579407
ep11_train_time 183.91225218772888
Test Epoch11 threshold 0.1 Acc 0.9121052631578948, AUC 0.9768174886703491, avg_entr 0.05242845416069031, f1 0.9121052622795105
ep11_t0.1_test_time 2.5533125400543213
Test Epoch11 threshold 0.2 Acc 0.9128947368421053, AUC 0.9766924381256104, avg_entr 0.06467468291521072, f1 0.9128947257995605
ep11_t0.2_test_time 2.519287586212158
Test Epoch11 threshold 0.3 Acc 0.9113157894736842, AUC 0.9774512052536011, avg_entr 0.07844866067171097, f1 0.9113157987594604
ep11_t0.3_test_time 2.4938430786132812
Test Epoch11 threshold 0.4 Acc 0.9134210526315789, AUC 0.9783906936645508, avg_entr 0.09639276564121246, f1 0.9134210348129272
ep11_t0.4_test_time 2.232991933822632
Test Epoch11 threshold 0.5 Acc 0.9139473684210526, AUC 0.9789507389068604, avg_entr 0.11184466630220413, f1 0.913947343826294
ep11_t0.5_test_time 1.1586368083953857
Save ckpt to ckpt/ag_news_lstmal_l5ad_pad177//ag_news_lstmal_l5.pt  ,ep 11
Test Epoch11 threshold 0.6 Acc 0.9118421052631579, AUC 0.9790866374969482, avg_entr 0.11643102020025253, f1 0.9118421077728271
ep11_t0.6_test_time 0.7234127521514893
Test Epoch11 threshold 0.7 Acc 0.9113157894736842, AUC 0.9790979027748108, avg_entr 0.11677519232034683, f1 0.9113157987594604
ep11_t0.7_test_time 0.7180080413818359
Test Epoch11 threshold 0.8 Acc 0.9113157894736842, AUC 0.9790979027748108, avg_entr 0.11677519232034683, f1 0.9113157987594604
ep11_t0.8_test_time 0.7011346817016602
Test Epoch11 threshold 0.9 Acc 0.9113157894736842, AUC 0.9790979027748108, avg_entr 0.11677519232034683, f1 0.9113157987594604
ep11_t0.9_test_time 0.7114169597625732
gc 0
Train Epoch12 Acc 0.9238 (110856/120000), AUC 0.9848352074623108
ep12_train_time 184.1299066543579
Test Epoch12 threshold 0.1 Acc 0.9121052631578948, AUC 0.976811408996582, avg_entr 0.05244096368551254, f1 0.9121052622795105
ep12_t0.1_test_time 2.577897071838379
Test Epoch12 threshold 0.2 Acc 0.9128947368421053, AUC 0.9766916036605835, avg_entr 0.0646645724773407, f1 0.9128947257995605
ep12_t0.2_test_time 2.5344440937042236
Test Epoch12 threshold 0.3 Acc 0.9113157894736842, AUC 0.9774520397186279, avg_entr 0.07843630015850067, f1 0.9113157987594604
ep12_t0.3_test_time 2.479008674621582
Test Epoch12 threshold 0.4 Acc 0.9134210526315789, AUC 0.9783903360366821, avg_entr 0.09638335555791855, f1 0.9134210348129272
ep12_t0.4_test_time 2.272803544998169
Test Epoch12 threshold 0.5 Acc 0.9142105263157895, AUC 0.9789656400680542, avg_entr 0.11175154894590378, f1 0.9142104983329773
ep12_t0.5_test_time 1.178441047668457
Save ckpt to ckpt/ag_news_lstmal_l5ad_pad177//ag_news_lstmal_l5.pt  ,ep 12
Test Epoch12 threshold 0.6 Acc 0.9118421052631579, AUC 0.9790868163108826, avg_entr 0.11642307043075562, f1 0.9118421077728271
ep12_t0.6_test_time 0.7239148616790771
Test Epoch12 threshold 0.7 Acc 0.9113157894736842, AUC 0.9790979623794556, avg_entr 0.11676725000143051, f1 0.9113157987594604
ep12_t0.7_test_time 0.6908257007598877
Test Epoch12 threshold 0.8 Acc 0.9113157894736842, AUC 0.9790979623794556, avg_entr 0.11676725000143051, f1 0.9113157987594604
ep12_t0.8_test_time 0.7214994430541992
Test Epoch12 threshold 0.9 Acc 0.9113157894736842, AUC 0.9790979623794556, avg_entr 0.11676725000143051, f1 0.9113157987594604
ep12_t0.9_test_time 0.7208623886108398
gc 0
Train Epoch13 Acc 0.9238083333333333 (110857/120000), AUC 0.984836757183075
ep13_train_time 184.00123381614685
Test Epoch13 threshold 0.1 Acc 0.9121052631578948, AUC 0.9768098592758179, avg_entr 0.05243033170700073, f1 0.9121052622795105
ep13_t0.1_test_time 2.5085387229919434
Test Epoch13 threshold 0.2 Acc 0.9128947368421053, AUC 0.9766904711723328, avg_entr 0.06465307623147964, f1 0.9128947257995605
ep13_t0.2_test_time 2.57562518119812
Test Epoch13 threshold 0.3 Acc 0.9113157894736842, AUC 0.977450966835022, avg_entr 0.07842493802309036, f1 0.9113157987594604
ep13_t0.3_test_time 2.4770901203155518
Test Epoch13 threshold 0.4 Acc 0.9134210526315789, AUC 0.9783898591995239, avg_entr 0.09637230634689331, f1 0.9134210348129272
ep13_t0.4_test_time 2.2380547523498535
Test Epoch13 threshold 0.5 Acc 0.9142105263157895, AUC 0.978965699672699, avg_entr 0.11174064874649048, f1 0.9142104983329773
ep13_t0.5_test_time 1.1105742454528809
Save ckpt to ckpt/ag_news_lstmal_l5ad_pad177//ag_news_lstmal_l5.pt  ,ep 13
Test Epoch13 threshold 0.6 Acc 0.9118421052631579, AUC 0.9790867567062378, avg_entr 0.11641254276037216, f1 0.9118421077728271
ep13_t0.6_test_time 0.7538502216339111
Test Epoch13 threshold 0.7 Acc 0.9113157894736842, AUC 0.9790979623794556, avg_entr 0.11675674468278885, f1 0.9113157987594604
ep13_t0.7_test_time 0.7141439914703369
Test Epoch13 threshold 0.8 Acc 0.9113157894736842, AUC 0.9790979623794556, avg_entr 0.11675674468278885, f1 0.9113157987594604
ep13_t0.8_test_time 0.6984937191009521
Test Epoch13 threshold 0.9 Acc 0.9113157894736842, AUC 0.9790979623794556, avg_entr 0.11675674468278885, f1 0.9113157987594604
ep13_t0.9_test_time 0.7209970951080322
gc 0
Train Epoch14 Acc 0.9238083333333333 (110857/120000), AUC 0.9848384857177734
ep14_train_time 184.01369667053223
Test Epoch14 threshold 0.1 Acc 0.9121052631578948, AUC 0.9768097400665283, avg_entr 0.05241915583610535, f1 0.9121052622795105
ep14_t0.1_test_time 2.59869384765625
Test Epoch14 threshold 0.2 Acc 0.9128947368421053, AUC 0.9766900539398193, avg_entr 0.06464120000600815, f1 0.9128947257995605
ep14_t0.2_test_time 2.540201187133789
Test Epoch14 threshold 0.3 Acc 0.9113157894736842, AUC 0.9774508476257324, avg_entr 0.07841309159994125, f1 0.9113157987594604
ep14_t0.3_test_time 2.4990413188934326
Test Epoch14 threshold 0.4 Acc 0.9134210526315789, AUC 0.9783899784088135, avg_entr 0.09636060148477554, f1 0.9134210348129272
ep14_t0.4_test_time 2.2601680755615234
Test Epoch14 threshold 0.5 Acc 0.9142105263157895, AUC 0.9789657592773438, avg_entr 0.11172906309366226, f1 0.9142104983329773
ep14_t0.5_test_time 1.1691136360168457
Save ckpt to ckpt/ag_news_lstmal_l5ad_pad177//ag_news_lstmal_l5.pt  ,ep 14
Test Epoch14 threshold 0.6 Acc 0.9118421052631579, AUC 0.9790867567062378, avg_entr 0.11640122532844543, f1 0.9118421077728271
ep14_t0.6_test_time 0.7594523429870605
Test Epoch14 threshold 0.7 Acc 0.9113157894736842, AUC 0.9790979623794556, avg_entr 0.11674541980028152, f1 0.9113157987594604
ep14_t0.7_test_time 0.7094862461090088
Test Epoch14 threshold 0.8 Acc 0.9113157894736842, AUC 0.9790979623794556, avg_entr 0.11674541980028152, f1 0.9113157987594604
ep14_t0.8_test_time 0.7102806568145752
Test Epoch14 threshold 0.9 Acc 0.9113157894736842, AUC 0.9790979623794556, avg_entr 0.11674541980028152, f1 0.9113157987594604
ep14_t0.9_test_time 0.6903369426727295
gc 0
Train Epoch15 Acc 0.9238166666666666 (110858/120000), AUC 0.9848399758338928
ep15_train_time 184.0675072669983
Test Epoch15 threshold 0.1 Acc 0.9121052631578948, AUC 0.9768097996711731, avg_entr 0.05240799859166145, f1 0.9121052622795105
ep15_t0.1_test_time 2.5602798461914062
Test Epoch15 threshold 0.2 Acc 0.9128947368421053, AUC 0.9766896367073059, avg_entr 0.06462894380092621, f1 0.9128947257995605
ep15_t0.2_test_time 2.5564708709716797
Test Epoch15 threshold 0.3 Acc 0.9113157894736842, AUC 0.9774502515792847, avg_entr 0.07840066403150558, f1 0.9113157987594604
ep15_t0.3_test_time 2.5078256130218506
Test Epoch15 threshold 0.4 Acc 0.9134210526315789, AUC 0.9783895611763, avg_entr 0.09634813666343689, f1 0.9134210348129272
ep15_t0.4_test_time 2.204303503036499
Test Epoch15 threshold 0.5 Acc 0.9142105263157895, AUC 0.9789658784866333, avg_entr 0.11171688139438629, f1 0.9142104983329773
ep15_t0.5_test_time 1.160679817199707
Save ckpt to ckpt/ag_news_lstmal_l5ad_pad177//ag_news_lstmal_l5.pt  ,ep 15
Test Epoch15 threshold 0.6 Acc 0.9118421052631579, AUC 0.9790870547294617, avg_entr 0.11638950556516647, f1 0.9118421077728271
ep15_t0.6_test_time 0.7240791320800781
Test Epoch15 threshold 0.7 Acc 0.9113157894736842, AUC 0.9790982007980347, avg_entr 0.11673372238874435, f1 0.9113157987594604
ep15_t0.7_test_time 0.7031550407409668
Test Epoch15 threshold 0.8 Acc 0.9113157894736842, AUC 0.9790982007980347, avg_entr 0.11673372238874435, f1 0.9113157987594604
ep15_t0.8_test_time 0.7027685642242432
Test Epoch15 threshold 0.9 Acc 0.9113157894736842, AUC 0.9790982007980347, avg_entr 0.11673372238874435, f1 0.9113157987594604
ep15_t0.9_test_time 0.6818552017211914
gc 0
Train Epoch16 Acc 0.9238166666666666 (110858/120000), AUC 0.9848405122756958
ep16_train_time 183.9169819355011
Test Epoch16 threshold 0.1 Acc 0.9121052631578948, AUC 0.9768096208572388, avg_entr 0.05239725112915039, f1 0.9121052622795105
ep16_t0.1_test_time 2.570660352706909
Test Epoch16 threshold 0.2 Acc 0.9128947368421053, AUC 0.9766898155212402, avg_entr 0.06461702287197113, f1 0.9128947257995605
ep16_t0.2_test_time 2.5446360111236572
Test Epoch16 threshold 0.3 Acc 0.9113157894736842, AUC 0.9774502515792847, avg_entr 0.07838860899209976, f1 0.9113157987594604
ep16_t0.3_test_time 2.4978525638580322
Test Epoch16 threshold 0.4 Acc 0.9134210526315789, AUC 0.9783897995948792, avg_entr 0.09633596241474152, f1 0.9134210348129272
ep16_t0.4_test_time 2.226130485534668
Test Epoch16 threshold 0.5 Acc 0.9142105263157895, AUC 0.9789664149284363, avg_entr 0.11170484125614166, f1 0.9142104983329773
ep16_t0.5_test_time 1.151160478591919
Save ckpt to ckpt/ag_news_lstmal_l5ad_pad177//ag_news_lstmal_l5.pt  ,ep 16
Test Epoch16 threshold 0.6 Acc 0.9118421052631579, AUC 0.9790871143341064, avg_entr 0.11637776345014572, f1 0.9118421077728271
ep16_t0.6_test_time 0.7353823184967041
Test Epoch16 threshold 0.7 Acc 0.9113157894736842, AUC 0.9790982604026794, avg_entr 0.116721972823143, f1 0.9113157987594604
ep16_t0.7_test_time 0.6980364322662354
Test Epoch16 threshold 0.8 Acc 0.9113157894736842, AUC 0.9790982604026794, avg_entr 0.116721972823143, f1 0.9113157987594604
ep16_t0.8_test_time 0.7156236171722412
Test Epoch16 threshold 0.9 Acc 0.9113157894736842, AUC 0.9790982604026794, avg_entr 0.116721972823143, f1 0.9113157987594604
ep16_t0.9_test_time 0.7067990303039551
gc 0
Train Epoch17 Acc 0.9238083333333333 (110857/120000), AUC 0.9848412275314331
ep17_train_time 184.18940806388855
Test Epoch17 threshold 0.1 Acc 0.9121052631578948, AUC 0.9768003821372986, avg_entr 0.052408065646886826, f1 0.9121052622795105
ep17_t0.1_test_time 2.568357229232788
Test Epoch17 threshold 0.2 Acc 0.9128947368421053, AUC 0.976688802242279, avg_entr 0.06460481882095337, f1 0.9128947257995605
ep17_t0.2_test_time 2.514314889907837
Test Epoch17 threshold 0.3 Acc 0.9113157894736842, AUC 0.9774495363235474, avg_entr 0.07837610691785812, f1 0.9113157987594604
ep17_t0.3_test_time 2.491870403289795
Test Epoch17 threshold 0.4 Acc 0.9134210526315789, AUC 0.9783889055252075, avg_entr 0.09632348269224167, f1 0.9134210348129272
ep17_t0.4_test_time 2.2041165828704834
Test Epoch17 threshold 0.5 Acc 0.9142105263157895, AUC 0.9789663553237915, avg_entr 0.1116926297545433, f1 0.9142104983329773
ep17_t0.5_test_time 1.1976032257080078
Save ckpt to ckpt/ag_news_lstmal_l5ad_pad177//ag_news_lstmal_l5.pt  ,ep 17
Test Epoch17 threshold 0.6 Acc 0.9118421052631579, AUC 0.9790868759155273, avg_entr 0.1163661777973175, f1 0.9118421077728271
ep17_t0.6_test_time 0.7260572910308838
Test Epoch17 threshold 0.7 Acc 0.9113157894736842, AUC 0.9790980219841003, avg_entr 0.11671041697263718, f1 0.9113157987594604
ep17_t0.7_test_time 0.7022438049316406
Test Epoch17 threshold 0.8 Acc 0.9113157894736842, AUC 0.9790980219841003, avg_entr 0.11671041697263718, f1 0.9113157987594604
ep17_t0.8_test_time 0.685265302658081
Test Epoch17 threshold 0.9 Acc 0.9113157894736842, AUC 0.9790980219841003, avg_entr 0.11671041697263718, f1 0.9113157987594604
ep17_t0.9_test_time 0.7007474899291992
gc 0
Train Epoch18 Acc 0.9238166666666666 (110858/120000), AUC 0.9848425388336182
ep18_train_time 184.10973954200745
Test Epoch18 threshold 0.1 Acc 0.9121052631578948, AUC 0.9767999649047852, avg_entr 0.05239696055650711, f1 0.9121052622795105
ep18_t0.1_test_time 2.577437400817871
Test Epoch18 threshold 0.2 Acc 0.9128947368421053, AUC 0.9766885042190552, avg_entr 0.06459257751703262, f1 0.9128947257995605
ep18_t0.2_test_time 2.5617754459381104
Test Epoch18 threshold 0.3 Acc 0.9113157894736842, AUC 0.9774495363235474, avg_entr 0.07836375385522842, f1 0.9113157987594604
ep18_t0.3_test_time 2.5049290657043457
Test Epoch18 threshold 0.4 Acc 0.9134210526315789, AUC 0.9783889651298523, avg_entr 0.09631115198135376, f1 0.9134210348129272
ep18_t0.4_test_time 2.236530303955078
Test Epoch18 threshold 0.5 Acc 0.9142105263157895, AUC 0.978966236114502, avg_entr 0.11168020963668823, f1 0.9142104983329773
ep18_t0.5_test_time 1.1441540718078613
Save ckpt to ckpt/ag_news_lstmal_l5ad_pad177//ag_news_lstmal_l5.pt  ,ep 18
Test Epoch18 threshold 0.6 Acc 0.9118421052631579, AUC 0.979086697101593, avg_entr 0.11635413020849228, f1 0.9118421077728271
ep18_t0.6_test_time 0.7364623546600342
Test Epoch18 threshold 0.7 Acc 0.9113157894736842, AUC 0.9790979027748108, avg_entr 0.11669838428497314, f1 0.9113157987594604
ep18_t0.7_test_time 0.678076982498169
Test Epoch18 threshold 0.8 Acc 0.9113157894736842, AUC 0.9790979027748108, avg_entr 0.11669838428497314, f1 0.9113157987594604
ep18_t0.8_test_time 0.7306227684020996
Test Epoch18 threshold 0.9 Acc 0.9113157894736842, AUC 0.9790979027748108, avg_entr 0.11669838428497314, f1 0.9113157987594604
ep18_t0.9_test_time 0.6961977481842041
gc 0
Train Epoch19 Acc 0.923825 (110859/120000), AUC 0.9848434925079346
ep19_train_time 183.93855118751526
Test Epoch19 threshold 0.1 Acc 0.9121052631578948, AUC 0.9767993688583374, avg_entr 0.05238603055477142, f1 0.9121052622795105
ep19_t0.1_test_time 2.5813369750976562
Test Epoch19 threshold 0.2 Acc 0.9128947368421053, AUC 0.9766879677772522, avg_entr 0.06458041816949844, f1 0.9128947257995605
ep19_t0.2_test_time 2.5749268531799316
Test Epoch19 threshold 0.3 Acc 0.9113157894736842, AUC 0.9774494767189026, avg_entr 0.07835131138563156, f1 0.9113157987594604
ep19_t0.3_test_time 2.5116539001464844
Test Epoch19 threshold 0.4 Acc 0.9134210526315789, AUC 0.9783887267112732, avg_entr 0.09629858285188675, f1 0.9134210348129272
ep19_t0.4_test_time 2.2318789958953857
Test Epoch19 threshold 0.5 Acc 0.9142105263157895, AUC 0.978966236114502, avg_entr 0.11166775971651077, f1 0.9142104983329773
ep19_t0.5_test_time 1.1436967849731445
Save ckpt to ckpt/ag_news_lstmal_l5ad_pad177//ag_news_lstmal_l5.pt  ,ep 19
Test Epoch19 threshold 0.6 Acc 0.9118421052631579, AUC 0.9790867567062378, avg_entr 0.11634209752082825, f1 0.9118421077728271
ep19_t0.6_test_time 0.7538964748382568
Test Epoch19 threshold 0.7 Acc 0.9113157894736842, AUC 0.9790979623794556, avg_entr 0.1166863664984703, f1 0.9113157987594604
ep19_t0.7_test_time 0.7208776473999023
Test Epoch19 threshold 0.8 Acc 0.9113157894736842, AUC 0.9790979623794556, avg_entr 0.1166863664984703, f1 0.9113157987594604
ep19_t0.8_test_time 0.7159485816955566
Test Epoch19 threshold 0.9 Acc 0.9113157894736842, AUC 0.9790979623794556, avg_entr 0.1166863664984703, f1 0.9113157987594604
ep19_t0.9_test_time 0.6988711357116699
gc 0
Train Epoch20 Acc 0.9238166666666666 (110858/120000), AUC 0.9848446846008301
ep20_train_time 184.08982968330383
Test Epoch20 threshold 0.1 Acc 0.9121052631578948, AUC 0.9767992496490479, avg_entr 0.05237564444541931, f1 0.9121052622795105
ep20_t0.1_test_time 2.58941388130188
Test Epoch20 threshold 0.2 Acc 0.9128947368421053, AUC 0.9766873121261597, avg_entr 0.06456871330738068, f1 0.9128947257995605
ep20_t0.2_test_time 2.559852123260498
Test Epoch20 threshold 0.3 Acc 0.9113157894736842, AUC 0.9774489402770996, avg_entr 0.0783393457531929, f1 0.9113157987594604
ep20_t0.3_test_time 2.4941890239715576
Test Epoch20 threshold 0.4 Acc 0.9134210526315789, AUC 0.9783885478973389, avg_entr 0.09628630429506302, f1 0.9134210348129272
ep20_t0.4_test_time 2.262714147567749
Test Epoch20 threshold 0.5 Acc 0.9142105263157895, AUC 0.9789659976959229, avg_entr 0.11165571957826614, f1 0.9142104983329773
ep20_t0.5_test_time 1.1923129558563232
Save ckpt to ckpt/ag_news_lstmal_l5ad_pad177//ag_news_lstmal_l5.pt  ,ep 20
Test Epoch20 threshold 0.6 Acc 0.9118421052631579, AUC 0.9790866374969482, avg_entr 0.11633030325174332, f1 0.9118421077728271
ep20_t0.6_test_time 0.7325789928436279
Test Epoch20 threshold 0.7 Acc 0.9113157894736842, AUC 0.9790979623794556, avg_entr 0.11667457967996597, f1 0.9113157987594604
ep20_t0.7_test_time 0.7001681327819824
Test Epoch20 threshold 0.8 Acc 0.9113157894736842, AUC 0.9790979623794556, avg_entr 0.11667457967996597, f1 0.9113157987594604
ep20_t0.8_test_time 0.70296311378479
Test Epoch20 threshold 0.9 Acc 0.9113157894736842, AUC 0.9790979623794556, avg_entr 0.11667457967996597, f1 0.9113157987594604
ep20_t0.9_test_time 0.6907689571380615
gc 0
Train Epoch21 Acc 0.9238166666666666 (110858/120000), AUC 0.9848451018333435
ep21_train_time 184.0855712890625
Test Epoch21 threshold 0.1 Acc 0.9121052631578948, AUC 0.9767987728118896, avg_entr 0.052363988012075424, f1 0.9121052622795105
ep21_t0.1_test_time 2.5533087253570557
Test Epoch21 threshold 0.2 Acc 0.9128947368421053, AUC 0.9766873717308044, avg_entr 0.06455583870410919, f1 0.9128947257995605
ep21_t0.2_test_time 2.565068244934082
Test Epoch21 threshold 0.3 Acc 0.9113157894736842, AUC 0.9774488806724548, avg_entr 0.0783265009522438, f1 0.9113157987594604
ep21_t0.3_test_time 2.4998867511749268
Test Epoch21 threshold 0.4 Acc 0.9134210526315789, AUC 0.9783754348754883, avg_entr 0.09637168794870377, f1 0.9134210348129272
ep21_t0.4_test_time 2.2665696144104004
Test Epoch21 threshold 0.5 Acc 0.9142105263157895, AUC 0.9789658784866333, avg_entr 0.11164350062608719, f1 0.9142104983329773
ep21_t0.5_test_time 1.1520822048187256
Save ckpt to ckpt/ag_news_lstmal_l5ad_pad177//ag_news_lstmal_l5.pt  ,ep 21
Test Epoch21 threshold 0.6 Acc 0.9118421052631579, AUC 0.9790866374969482, avg_entr 0.11631851643323898, f1 0.9118421077728271
ep21_t0.6_test_time 0.7481861114501953
Test Epoch21 threshold 0.7 Acc 0.9113157894736842, AUC 0.979097843170166, avg_entr 0.11666282266378403, f1 0.9113157987594604
ep21_t0.7_test_time 0.6957197189331055
Test Epoch21 threshold 0.8 Acc 0.9113157894736842, AUC 0.979097843170166, avg_entr 0.11666282266378403, f1 0.9113157987594604
ep21_t0.8_test_time 0.7133164405822754
Test Epoch21 threshold 0.9 Acc 0.9113157894736842, AUC 0.979097843170166, avg_entr 0.11666282266378403, f1 0.9113157987594604
ep21_t0.9_test_time 0.7162353992462158
gc 0
Train Epoch22 Acc 0.9238083333333333 (110857/120000), AUC 0.9848483800888062
ep22_train_time 184.045339345932
Test Epoch22 threshold 0.1 Acc 0.9121052631578948, AUC 0.9767987728118896, avg_entr 0.05235375836491585, f1 0.9121052622795105
ep22_t0.1_test_time 2.5696098804473877
Test Epoch22 threshold 0.2 Acc 0.9128947368421053, AUC 0.9766867160797119, avg_entr 0.06454424560070038, f1 0.9128947257995605
ep22_t0.2_test_time 2.548586845397949
Test Epoch22 threshold 0.3 Acc 0.9113157894736842, AUC 0.9774488210678101, avg_entr 0.0783146396279335, f1 0.9113157987594604
ep22_t0.3_test_time 2.502744197845459
Test Epoch22 threshold 0.4 Acc 0.9134210526315789, AUC 0.9783756136894226, avg_entr 0.09635977447032928, f1 0.9134210348129272
ep22_t0.4_test_time 2.2391021251678467
Test Epoch22 threshold 0.5 Acc 0.9142105263157895, AUC 0.9789661765098572, avg_entr 0.11163140833377838, f1 0.9142104983329773
ep22_t0.5_test_time 1.1701602935791016
Save ckpt to ckpt/ag_news_lstmal_l5ad_pad177//ag_news_lstmal_l5.pt  ,ep 22
Test Epoch22 threshold 0.6 Acc 0.9118421052631579, AUC 0.9790865778923035, avg_entr 0.11630667746067047, f1 0.9118421077728271
ep22_t0.6_test_time 0.7231535911560059
Test Epoch22 threshold 0.7 Acc 0.9113157894736842, AUC 0.9790979623794556, avg_entr 0.11665097624063492, f1 0.9113157987594604
ep22_t0.7_test_time 0.7049586772918701
Test Epoch22 threshold 0.8 Acc 0.9113157894736842, AUC 0.9790979623794556, avg_entr 0.11665097624063492, f1 0.9113157987594604
ep22_t0.8_test_time 0.7154808044433594
Test Epoch22 threshold 0.9 Acc 0.9113157894736842, AUC 0.9790979623794556, avg_entr 0.11665097624063492, f1 0.9113157987594604
ep22_t0.9_test_time 0.7170367240905762
gc 0
Train Epoch23 Acc 0.9238083333333333 (110857/120000), AUC 0.9848490953445435
ep23_train_time 184.08228158950806
Test Epoch23 threshold 0.1 Acc 0.9121052631578948, AUC 0.9767982959747314, avg_entr 0.052342984825372696, f1 0.9121052622795105
ep23_t0.1_test_time 2.5502185821533203
Test Epoch23 threshold 0.2 Acc 0.9128947368421053, AUC 0.9766867160797119, avg_entr 0.06453248113393784, f1 0.9128947257995605
ep23_t0.2_test_time 2.535386800765991
Test Epoch23 threshold 0.3 Acc 0.9113157894736842, AUC 0.9774494171142578, avg_entr 0.07830248028039932, f1 0.9113157987594604
ep23_t0.3_test_time 2.4725873470306396
Test Epoch23 threshold 0.4 Acc 0.9134210526315789, AUC 0.9783641695976257, avg_entr 0.09643552452325821, f1 0.9134210348129272
ep23_t0.4_test_time 2.221421957015991
Test Epoch23 threshold 0.5 Acc 0.9142105263157895, AUC 0.9789661169052124, avg_entr 0.11161931604146957, f1 0.9142104983329773
ep23_t0.5_test_time 1.1674635410308838
Save ckpt to ckpt/ag_news_lstmal_l5ad_pad177//ag_news_lstmal_l5.pt  ,ep 23
Test Epoch23 threshold 0.6 Acc 0.9118421052631579, AUC 0.9790864586830139, avg_entr 0.1162949874997139, f1 0.9118421077728271
ep23_t0.6_test_time 0.7578127384185791
Test Epoch23 threshold 0.7 Acc 0.9113157894736842, AUC 0.9790977835655212, avg_entr 0.11663933098316193, f1 0.9113157987594604
ep23_t0.7_test_time 0.6848745346069336
Test Epoch23 threshold 0.8 Acc 0.9113157894736842, AUC 0.9790977835655212, avg_entr 0.11663933098316193, f1 0.9113157987594604
ep23_t0.8_test_time 0.6909022331237793
Test Epoch23 threshold 0.9 Acc 0.9113157894736842, AUC 0.9790977835655212, avg_entr 0.11663933098316193, f1 0.9113157987594604
ep23_t0.9_test_time 0.6865503787994385
gc 0
Train Epoch24 Acc 0.9238083333333333 (110857/120000), AUC 0.984849214553833
ep24_train_time 184.08163952827454
Test Epoch24 threshold 0.1 Acc 0.9121052631578948, AUC 0.9767982959747314, avg_entr 0.05233106017112732, f1 0.9121052622795105
ep24_t0.1_test_time 2.585801124572754
Test Epoch24 threshold 0.2 Acc 0.9128947368421053, AUC 0.976686418056488, avg_entr 0.06451945751905441, f1 0.9128947257995605
ep24_t0.2_test_time 2.5652365684509277
Test Epoch24 threshold 0.3 Acc 0.9113157894736842, AUC 0.9774494767189026, avg_entr 0.07828952372074127, f1 0.9113157987594604
ep24_t0.3_test_time 2.4829494953155518
Test Epoch24 threshold 0.4 Acc 0.9134210526315789, AUC 0.9783640503883362, avg_entr 0.09642256051301956, f1 0.9134210348129272
ep24_t0.4_test_time 2.2777392864227295
Test Epoch24 threshold 0.5 Acc 0.9142105263157895, AUC 0.978966236114502, avg_entr 0.1116066724061966, f1 0.9142104983329773
ep24_t0.5_test_time 1.1591696739196777
Save ckpt to ckpt/ag_news_lstmal_l5ad_pad177//ag_news_lstmal_l5.pt  ,ep 24
Test Epoch24 threshold 0.6 Acc 0.9118421052631579, AUC 0.9790866374969482, avg_entr 0.1162828579545021, f1 0.9118421077728271
ep24_t0.6_test_time 0.7350068092346191
Test Epoch24 threshold 0.7 Acc 0.9113157894736842, AUC 0.9790980815887451, avg_entr 0.11662718653678894, f1 0.9113157987594604
ep24_t0.7_test_time 0.6974000930786133
Test Epoch24 threshold 0.8 Acc 0.9113157894736842, AUC 0.9790980815887451, avg_entr 0.11662718653678894, f1 0.9113157987594604
ep24_t0.8_test_time 0.7239041328430176
Test Epoch24 threshold 0.9 Acc 0.9113157894736842, AUC 0.9790980815887451, avg_entr 0.11662718653678894, f1 0.9113157987594604
ep24_t0.9_test_time 0.7150654792785645
gc 0
Train Epoch25 Acc 0.9238166666666666 (110858/120000), AUC 0.984849750995636
ep25_train_time 139.92172861099243
Test Epoch25 threshold 0.1 Acc 0.9121052631578948, AUC 0.9767976403236389, avg_entr 0.05232096090912819, f1 0.9121052622795105
ep25_t0.1_test_time 0.5111773014068604
Test Epoch25 threshold 0.2 Acc 0.9128947368421053, AUC 0.9766858816146851, avg_entr 0.06450829654932022, f1 0.9128947257995605
ep25_t0.2_test_time 0.4971926212310791
Test Epoch25 threshold 0.3 Acc 0.9113157894736842, AUC 0.9774495959281921, avg_entr 0.07827789336442947, f1 0.9113157987594604
ep25_t0.3_test_time 0.4811828136444092
Test Epoch25 threshold 0.4 Acc 0.9134210526315789, AUC 0.9783638119697571, avg_entr 0.09641066938638687, f1 0.9134210348129272
ep25_t0.4_test_time 0.4295620918273926
Test Epoch25 threshold 0.5 Acc 0.9142105263157895, AUC 0.9789661169052124, avg_entr 0.11159472912549973, f1 0.9142104983329773
ep25_t0.5_test_time 0.2414400577545166
Save ckpt to ckpt/ag_news_lstmal_l5ad_pad177//ag_news_lstmal_l5.pt  ,ep 25
Test Epoch25 threshold 0.6 Acc 0.9118421052631579, AUC 0.9790865778923035, avg_entr 0.11627117544412613, f1 0.9118421077728271
ep25_t0.6_test_time 0.17163801193237305
Test Epoch25 threshold 0.7 Acc 0.9113157894736842, AUC 0.9790979623794556, avg_entr 0.11661552637815475, f1 0.9113157987594604
ep25_t0.7_test_time 0.16147208213806152
Test Epoch25 threshold 0.8 Acc 0.9113157894736842, AUC 0.9790979623794556, avg_entr 0.11661552637815475, f1 0.9113157987594604
ep25_t0.8_test_time 0.1610584259033203
Test Epoch25 threshold 0.9 Acc 0.9113157894736842, AUC 0.9790979623794556, avg_entr 0.11661552637815475, f1 0.9113157987594604
ep25_t0.9_test_time 0.16071057319641113
gc 0
Train Epoch26 Acc 0.9238166666666666 (110858/120000), AUC 0.9848479628562927
ep26_train_time 89.3098976612091
Test Epoch26 threshold 0.1 Acc 0.9121052631578948, AUC 0.9767978191375732, avg_entr 0.05231012403964996, f1 0.9121052622795105
ep26_t0.1_test_time 0.48723316192626953
Test Epoch26 threshold 0.2 Acc 0.9128947368421053, AUC 0.9766862988471985, avg_entr 0.06449626386165619, f1 0.9128947257995605
ep26_t0.2_test_time 0.4720337390899658
Test Epoch26 threshold 0.3 Acc 0.9113157894736842, AUC 0.9774492383003235, avg_entr 0.07826552540063858, f1 0.9113157987594604
ep26_t0.3_test_time 0.45905041694641113
Test Epoch26 threshold 0.4 Acc 0.9134210526315789, AUC 0.9783633947372437, avg_entr 0.09639819711446762, f1 0.9134210348129272
ep26_t0.4_test_time 0.41113996505737305
Test Epoch26 threshold 0.5 Acc 0.9142105263157895, AUC 0.9789658188819885, avg_entr 0.11158251762390137, f1 0.9142104983329773
ep26_t0.5_test_time 0.23671889305114746
Save ckpt to ckpt/ag_news_lstmal_l5ad_pad177//ag_news_lstmal_l5.pt  ,ep 26
Test Epoch26 threshold 0.6 Acc 0.9118421052631579, AUC 0.9790865182876587, avg_entr 0.11625944077968597, f1 0.9118421077728271
ep26_t0.6_test_time 0.17031502723693848
Test Epoch26 threshold 0.7 Acc 0.9113157894736842, AUC 0.979097843170166, avg_entr 0.11660381406545639, f1 0.9113157987594604
ep26_t0.7_test_time 0.16119718551635742
Test Epoch26 threshold 0.8 Acc 0.9113157894736842, AUC 0.979097843170166, avg_entr 0.11660381406545639, f1 0.9113157987594604
ep26_t0.8_test_time 0.16207027435302734
Test Epoch26 threshold 0.9 Acc 0.9113157894736842, AUC 0.979097843170166, avg_entr 0.11660381406545639, f1 0.9113157987594604
ep26_t0.9_test_time 0.16045808792114258
gc 0
Train Epoch27 Acc 0.923825 (110859/120000), AUC 0.9848504066467285
ep27_train_time 89.3028736114502
Test Epoch27 threshold 0.1 Acc 0.9121052631578948, AUC 0.9767978191375732, avg_entr 0.05229984223842621, f1 0.9121052622795105
ep27_t0.1_test_time 0.4872395992279053
Test Epoch27 threshold 0.2 Acc 0.9128947368421053, AUC 0.9766860008239746, avg_entr 0.064484603703022, f1 0.9128947257995605
ep27_t0.2_test_time 0.47338223457336426
Test Epoch27 threshold 0.3 Acc 0.9113157894736842, AUC 0.9774450063705444, avg_entr 0.07823678851127625, f1 0.9113157987594604
ep27_t0.3_test_time 0.45890283584594727
Test Epoch27 threshold 0.4 Acc 0.9134210526315789, AUC 0.978349506855011, avg_entr 0.09648662805557251, f1 0.9134210348129272
ep27_t0.4_test_time 0.4114844799041748
Test Epoch27 threshold 0.5 Acc 0.9142105263157895, AUC 0.9789658188819885, avg_entr 0.11157044023275375, f1 0.9142104983329773
ep27_t0.5_test_time 0.23671197891235352
Save ckpt to ckpt/ag_news_lstmal_l5ad_pad177//ag_news_lstmal_l5.pt  ,ep 27
Test Epoch27 threshold 0.6 Acc 0.9118421052631579, AUC 0.9790864586830139, avg_entr 0.11624761670827866, f1 0.9118421077728271
ep27_t0.6_test_time 0.1695394515991211
Test Epoch27 threshold 0.7 Acc 0.9113157894736842, AUC 0.9790977239608765, avg_entr 0.11659199744462967, f1 0.9113157987594604
ep27_t0.7_test_time 0.16140127182006836
Test Epoch27 threshold 0.8 Acc 0.9113157894736842, AUC 0.9790977239608765, avg_entr 0.11659199744462967, f1 0.9113157987594604
ep27_t0.8_test_time 0.16082167625427246
Test Epoch27 threshold 0.9 Acc 0.9113157894736842, AUC 0.9790977239608765, avg_entr 0.11659199744462967, f1 0.9113157987594604
ep27_t0.9_test_time 0.16267752647399902
gc 0
Train Epoch28 Acc 0.9238416666666667 (110861/120000), AUC 0.9848536252975464
ep28_train_time 89.30059432983398
Test Epoch28 threshold 0.1 Acc 0.9121052631578948, AUC 0.9767975807189941, avg_entr 0.05228893831372261, f1 0.9121052622795105
ep28_t0.1_test_time 0.487654447555542
Test Epoch28 threshold 0.2 Acc 0.9128947368421053, AUC 0.9766857624053955, avg_entr 0.06447266787290573, f1 0.9128947257995605
ep28_t0.2_test_time 0.47304224967956543
Test Epoch28 threshold 0.3 Acc 0.9113157894736842, AUC 0.9774447679519653, avg_entr 0.0782245472073555, f1 0.9113157987594604
ep28_t0.3_test_time 0.4596710205078125
Test Epoch28 threshold 0.4 Acc 0.9134210526315789, AUC 0.9783487319946289, avg_entr 0.09647421538829803, f1 0.9134210348129272
ep28_t0.4_test_time 0.4098806381225586
Test Epoch28 threshold 0.5 Acc 0.9142105263157895, AUC 0.9789655804634094, avg_entr 0.11155813187360764, f1 0.9142104983329773
ep28_t0.5_test_time 0.23834633827209473
Save ckpt to ckpt/ag_news_lstmal_l5ad_pad177//ag_news_lstmal_l5.pt  ,ep 28
Test Epoch28 threshold 0.6 Acc 0.9118421052631579, AUC 0.9790863394737244, avg_entr 0.11623577773571014, f1 0.9118421077728271
ep28_t0.6_test_time 0.1707625389099121
Test Epoch28 threshold 0.7 Acc 0.9113157894736842, AUC 0.9790976643562317, avg_entr 0.11658018082380295, f1 0.9113157987594604
ep28_t0.7_test_time 0.16069316864013672
Test Epoch28 threshold 0.8 Acc 0.9113157894736842, AUC 0.9790976643562317, avg_entr 0.11658018082380295, f1 0.9113157987594604
ep28_t0.8_test_time 0.16080379486083984
Test Epoch28 threshold 0.9 Acc 0.9113157894736842, AUC 0.9790976643562317, avg_entr 0.11658018082380295, f1 0.9113157987594604
ep28_t0.9_test_time 0.16116547584533691
gc 0
Train Epoch29 Acc 0.923825 (110859/120000), AUC 0.9848536252975464
ep29_train_time 89.27849698066711
Test Epoch29 threshold 0.1 Acc 0.9121052631578948, AUC 0.9767974019050598, avg_entr 0.05227815359830856, f1 0.9121052622795105
ep29_t0.1_test_time 0.4888746738433838
Test Epoch29 threshold 0.2 Acc 0.9128947368421053, AUC 0.9766753911972046, avg_entr 0.06450442224740982, f1 0.9128947257995605
ep29_t0.2_test_time 0.4736001491546631
Test Epoch29 threshold 0.3 Acc 0.9113157894736842, AUC 0.9774439334869385, avg_entr 0.07822583615779877, f1 0.9113157987594604
ep29_t0.3_test_time 0.460695743560791
Test Epoch29 threshold 0.4 Acc 0.9134210526315789, AUC 0.9783484935760498, avg_entr 0.09646166115999222, f1 0.9134210348129272
ep29_t0.4_test_time 0.41181159019470215
Test Epoch29 threshold 0.5 Acc 0.9142105263157895, AUC 0.9789658188819885, avg_entr 0.11154576390981674, f1 0.9142104983329773
ep29_t0.5_test_time 0.23678016662597656
Save ckpt to ckpt/ag_news_lstmal_l5ad_pad177//ag_news_lstmal_l5.pt  ,ep 29
Test Epoch29 threshold 0.6 Acc 0.9118421052631579, AUC 0.9790863990783691, avg_entr 0.11622389405965805, f1 0.9118421077728271
ep29_t0.6_test_time 0.1707136631011963
Test Epoch29 threshold 0.7 Acc 0.9113157894736842, AUC 0.9790976643562317, avg_entr 0.11656828969717026, f1 0.9113157987594604
ep29_t0.7_test_time 0.1616668701171875
Test Epoch29 threshold 0.8 Acc 0.9113157894736842, AUC 0.9790976643562317, avg_entr 0.11656828969717026, f1 0.9113157987594604
ep29_t0.8_test_time 0.16186022758483887
Test Epoch29 threshold 0.9 Acc 0.9113157894736842, AUC 0.9790976643562317, avg_entr 0.11656828969717026, f1 0.9113157987594604
ep29_t0.9_test_time 0.16191816329956055
Best AUC tensor(0.9142) 29 0.5
train_loss (2, 5, 30)
valid_acc (30, 9)
valid_AUC (30, 9)
train_acc (30,)
total_train/valid_time 5649.048591852188
Start Testing
Load ckpt at ckpt/ag_news_lstmal_l5ad_pad177//ag_news_lstmal_l5.pt
Test threshold 0.1 Acc 0.9071052631578947, AUC 0.9746012687683105, avg_entr 0.0553717315196991, f1 0.9071052670478821
t0.1_test_time 0.4864206314086914
Test threshold 0.2 Acc 0.9068421052631579, AUC 0.975284993648529, avg_entr 0.0686374381184578, f1 0.9068421125411987
t0.2_test_time 0.4723482131958008
Test threshold 0.3 Acc 0.9073684210526316, AUC 0.9747465252876282, avg_entr 0.08152370154857635, f1 0.9073684215545654
t0.3_test_time 0.46108317375183105
Test threshold 0.4 Acc 0.9086842105263158, AUC 0.9752806425094604, avg_entr 0.10063500702381134, f1 0.9086841940879822
t0.4_test_time 0.40464210510253906
Test threshold 0.5 Acc 0.9057894736842105, AUC 0.9754722118377686, avg_entr 0.11533728241920471, f1 0.9057894945144653
t0.5_test_time 0.24346208572387695
Test threshold 0.6 Acc 0.9055263157894737, AUC 0.9758703708648682, avg_entr 0.11976103484630585, f1 0.905526340007782
t0.6_test_time 0.16812729835510254
Test threshold 0.7 Acc 0.9052631578947369, AUC 0.9758065342903137, avg_entr 0.12011934816837311, f1 0.9052631855010986
t0.7_test_time 0.16262507438659668
Test threshold 0.8 Acc 0.9052631578947369, AUC 0.9758065342903137, avg_entr 0.12011934816837311, f1 0.9052631855010986
t0.8_test_time 0.16112732887268066
Test threshold 0.9 Acc 0.9052631578947369, AUC 0.9758065342903137, avg_entr 0.12011934816837311, f1 0.9052631855010986
t0.9_test_time 0.16165614128112793
