total count words 102019
vocab size 30000
train size 120000, test size 7600
found 26754 words in glove
L0f Total Trainable Params: 9000000
L0b Total Trainable Params: 38528
L0ae Total Trainable Params: 1156
L1f Total Trainable Params: 90300
L1b Total Trainable Params: 38528
L1ae Total Trainable Params: 33024
L2f Total Trainable Params: 90300
L2b Total Trainable Params: 38528
L2ae Total Trainable Params: 33024
L3f Total Trainable Params: 90300
L3b Total Trainable Params: 38528
L3ae Total Trainable Params: 33024
L4f Total Trainable Params: 90300
L4b Total Trainable Params: 38528
L4ae Total Trainable Params: 33024
init_time 15.867880263000002
Start Training
gc 0
Train Epoch0 Acc 0.25033333333333335 (30040/120000)
ep0_train_time 7.151920732999997
Test Epoch0 layer0 Acc 0.8847368421052632
ep0_l0_test_time 0.3035031239999988
Save ckpt to ckpt/ag_news_linearal_l5_pad177_fix//ag_news_linearal_l5_m0.pt  ,ep 0
Test Epoch0 layer1 Acc 0.25
ep0_l1_test_time 0.30647867900000136
Test Epoch0 layer2 Acc 0.25
ep0_l2_test_time 0.30638898600000175
Test Epoch0 layer3 Acc 0.2506578947368421
ep0_l3_test_time 0.30429769399999884
Test Epoch0 layer4 Acc 0.24986842105263157
ep0_l4_test_time 0.3060440050000004
gc 0
Test threshold 0.1 Acc 0.8847368421052632
t0.1_test_time 0.3059829910000005
data_distribution  [7600, 0, 0, 0, 0]
gc 0
Test threshold 0.2 Acc 0.8847368421052632
t0.2_test_time 0.3044760410000009
data_distribution  [7600, 0, 0, 0, 0]
gc 0
Test threshold 0.3 Acc 0.8847368421052632
t0.3_test_time 0.3048227069999996
data_distribution  [7600, 0, 0, 0, 0]
gc 0
Test threshold 0.4 Acc 0.8847368421052632
t0.4_test_time 0.30491729099999887
data_distribution  [7600, 0, 0, 0, 0]
gc 0
Test threshold 0.5 Acc 0.8847368421052632
t0.5_test_time 0.30450420500000064
data_distribution  [7600, 0, 0, 0, 0]
gc 0
Test threshold 0.6 Acc 0.8847368421052632
t0.6_test_time 0.3048466179999991
data_distribution  [7600, 0, 0, 0, 0]
gc 0
Test threshold 0.7 Acc 0.8847368421052632
t0.7_test_time 0.3038036479999988
data_distribution  [7600, 0, 0, 0, 0]
gc 0
Test threshold 0.8 Acc 0.8847368421052632
t0.8_test_time 0.30493443399999975
data_distribution  [7600, 0, 0, 0, 0]
gc 0
Test threshold 0.9 Acc 0.8847368421052632
t0.9_test_time 0.3060152190000025
data_distribution  [7600, 0, 0, 0, 0]
gc 0
Train Epoch1 Acc 0.25006666666666666 (30008/120000)
ep1_train_time 6.774235462
Test Epoch1 layer0 Acc 0.9072368421052631
ep1_l0_test_time 0.30352025599999877
Save ckpt to ckpt/ag_news_linearal_l5_pad177_fix//ag_news_linearal_l5_m0.pt  ,ep 1
Test Epoch1 layer1 Acc 0.25
ep1_l1_test_time 0.308287098000001
Test Epoch1 layer2 Acc 0.25
ep1_l2_test_time 0.306350780999999
Test Epoch1 layer3 Acc 0.2513157894736842
ep1_l3_test_time 0.30798611899999884
Test Epoch1 layer4 Acc 0.24986842105263157
ep1_l4_test_time 0.3122501229999983
gc 0
Test threshold 0.1 Acc 0.9072368421052631
t0.1_test_time 0.30344845599999815
data_distribution  [7600, 0, 0, 0, 0]
gc 0
Test threshold 0.2 Acc 0.9072368421052631
t0.2_test_time 0.30694310100000166
data_distribution  [7600, 0, 0, 0, 0]
gc 0
Test threshold 0.3 Acc 0.9072368421052631
t0.3_test_time 0.30896293300000366
data_distribution  [7600, 0, 0, 0, 0]
gc 0
Test threshold 0.4 Acc 0.9072368421052631
t0.4_test_time 0.30994985100000605
data_distribution  [7600, 0, 0, 0, 0]
gc 0
Test threshold 0.5 Acc 0.9072368421052631
t0.5_test_time 0.30807787399999853
data_distribution  [7600, 0, 0, 0, 0]
gc 0
Test threshold 0.6 Acc 0.9072368421052631
t0.6_test_time 0.3043414999999996
data_distribution  [7600, 0, 0, 0, 0]
gc 0
Test threshold 0.7 Acc 0.9072368421052631
t0.7_test_time 0.3034355679999976
data_distribution  [7600, 0, 0, 0, 0]
gc 0
Test threshold 0.8 Acc 0.9072368421052631
t0.8_test_time 0.30351014800000087
data_distribution  [7600, 0, 0, 0, 0]
gc 0
Test threshold 0.9 Acc 0.9072368421052631
t0.9_test_time 0.30493917500000123
data_distribution  [7600, 0, 0, 0, 0]
gc 0
Train Epoch2 Acc 0.2500583333333333 (30007/120000)
ep2_train_time 6.650314176000002
Test Epoch2 layer0 Acc 0.9130263157894737
ep2_l0_test_time 0.3029941249999979
Save ckpt to ckpt/ag_news_linearal_l5_pad177_fix//ag_news_linearal_l5_m0.pt  ,ep 2
Test Epoch2 layer1 Acc 0.25
ep2_l1_test_time 0.30638666300000494
Test Epoch2 layer2 Acc 0.25
ep2_l2_test_time 0.30036808799999903
Test Epoch2 layer3 Acc 0.25144736842105264
ep2_l3_test_time 0.3009657149999967
Test Epoch2 layer4 Acc 0.24986842105263157
ep2_l4_test_time 0.30320976699999846
gc 0
Test threshold 0.1 Acc 0.9130263157894737
t0.1_test_time 0.3150110749999939
data_distribution  [7600, 0, 0, 0, 0]
gc 0
Test threshold 0.2 Acc 0.9130263157894737
t0.2_test_time 0.30490705599999757
data_distribution  [7600, 0, 0, 0, 0]
gc 0
Test threshold 0.3 Acc 0.9130263157894737
t0.3_test_time 0.3049138599999992
data_distribution  [7600, 0, 0, 0, 0]
gc 0
Test threshold 0.4 Acc 0.9130263157894737
t0.4_test_time 0.3050821969999973
data_distribution  [7600, 0, 0, 0, 0]
gc 0
Test threshold 0.5 Acc 0.9130263157894737
t0.5_test_time 0.31507674199999514
data_distribution  [7600, 0, 0, 0, 0]
gc 0
Test threshold 0.6 Acc 0.9130263157894737
t0.6_test_time 0.3083023200000028
data_distribution  [7600, 0, 0, 0, 0]
gc 0
Test threshold 0.7 Acc 0.9130263157894737
t0.7_test_time 0.3094833219999984
data_distribution  [7600, 0, 0, 0, 0]
gc 0
Test threshold 0.8 Acc 0.9130263157894737
t0.8_test_time 0.31037998299999714
data_distribution  [7600, 0, 0, 0, 0]
gc 0
Test threshold 0.9 Acc 0.9130263157894737
t0.9_test_time 0.30983125099999853
data_distribution  [7600, 0, 0, 0, 0]
gc 0
Train Epoch3 Acc 0.25004166666666666 (30005/120000)
ep3_train_time 6.689138497999998
Test Epoch3 layer0 Acc 0.9156578947368421
ep3_l0_test_time 0.30269019600000036
Save ckpt to ckpt/ag_news_linearal_l5_pad177_fix//ag_news_linearal_l5_m0.pt  ,ep 3
Test Epoch3 layer1 Acc 0.25
ep3_l1_test_time 0.30229235500000584
Test Epoch3 layer2 Acc 0.25
ep3_l2_test_time 0.30000725299999687
Test Epoch3 layer3 Acc 0.2511842105263158
ep3_l3_test_time 0.29972851600000183
Test Epoch3 layer4 Acc 0.24986842105263157
ep3_l4_test_time 0.3014324330000022
gc 0
Test threshold 0.1 Acc 0.9156578947368421
t0.1_test_time 0.3050435859999965
data_distribution  [7600, 0, 0, 0, 0]
gc 0
Test threshold 0.2 Acc 0.9156578947368421
t0.2_test_time 0.30363452800000346
data_distribution  [7600, 0, 0, 0, 0]
gc 0
Test threshold 0.3 Acc 0.9156578947368421
t0.3_test_time 0.30485062199999646
data_distribution  [7600, 0, 0, 0, 0]
gc 0
Test threshold 0.4 Acc 0.9156578947368421
t0.4_test_time 0.30403768100000406
data_distribution  [7600, 0, 0, 0, 0]
gc 0
Test threshold 0.5 Acc 0.9156578947368421
t0.5_test_time 0.3041048019999977
data_distribution  [7600, 0, 0, 0, 0]
gc 0
Test threshold 0.6 Acc 0.9156578947368421
t0.6_test_time 0.3043540620000016
data_distribution  [7600, 0, 0, 0, 0]
gc 0
Test threshold 0.7 Acc 0.9156578947368421
t0.7_test_time 0.30375896000000324
data_distribution  [7600, 0, 0, 0, 0]
gc 0
Test threshold 0.8 Acc 0.9156578947368421
t0.8_test_time 0.3041656860000046
data_distribution  [7600, 0, 0, 0, 0]
gc 0
Test threshold 0.9 Acc 0.9156578947368421
t0.9_test_time 0.30409691500000235
data_distribution  [7600, 0, 0, 0, 0]
gc 0
Train Epoch4 Acc 0.25003333333333333 (30004/120000)
ep4_train_time 6.67187732
Test Epoch4 layer0 Acc 0.9161842105263158
ep4_l0_test_time 0.301810322999998
Save ckpt to ckpt/ag_news_linearal_l5_pad177_fix//ag_news_linearal_l5_m0.pt  ,ep 4
Test Epoch4 layer1 Acc 0.25
ep4_l1_test_time 0.3018829369999878
Test Epoch4 layer2 Acc 0.25
ep4_l2_test_time 0.30478068300000416
Test Epoch4 layer3 Acc 0.2517105263157895
ep4_l3_test_time 0.30157150099999797
Test Epoch4 layer4 Acc 0.24986842105263157
ep4_l4_test_time 0.3012994369999973
gc 0
Test threshold 0.1 Acc 0.9161842105263158
t0.1_test_time 0.3054329140000078
data_distribution  [7600, 0, 0, 0, 0]
gc 0
Test threshold 0.2 Acc 0.9161842105263158
t0.2_test_time 0.3071248960000048
data_distribution  [7600, 0, 0, 0, 0]
gc 0
Test threshold 0.3 Acc 0.9161842105263158
t0.3_test_time 0.31168669900000623
data_distribution  [7600, 0, 0, 0, 0]
gc 0
Test threshold 0.4 Acc 0.9161842105263158
t0.4_test_time 0.30495637100000295
data_distribution  [7600, 0, 0, 0, 0]
gc 0
Test threshold 0.5 Acc 0.9161842105263158
t0.5_test_time 0.31399697900000945
data_distribution  [7600, 0, 0, 0, 0]
gc 0
Test threshold 0.6 Acc 0.9161842105263158
t0.6_test_time 0.30525933799999905
data_distribution  [7600, 0, 0, 0, 0]
gc 0
Test threshold 0.7 Acc 0.9161842105263158
t0.7_test_time 0.30597655199998997
data_distribution  [7600, 0, 0, 0, 0]
gc 0
Test threshold 0.8 Acc 0.9161842105263158
t0.8_test_time 0.30546280100000445
data_distribution  [7600, 0, 0, 0, 0]
gc 0
Test threshold 0.9 Acc 0.9161842105263158
t0.9_test_time 0.31082511099999977
data_distribution  [7600, 0, 0, 0, 0]
gc 0
Train Epoch5 Acc 0.25003333333333333 (30004/120000)
ep5_train_time 6.667799251000005
Test Epoch5 layer0 Acc 0.9163157894736842
ep5_l0_test_time 0.30518516699999054
Save ckpt to ckpt/ag_news_linearal_l5_pad177_fix//ag_news_linearal_l5_m0.pt  ,ep 5
Test Epoch5 layer1 Acc 0.25
ep5_l1_test_time 0.3233601139999962
Test Epoch5 layer2 Acc 0.25
ep5_l2_test_time 0.31592147300000306
Test Epoch5 layer3 Acc 0.2523684210526316
ep5_l3_test_time 0.305695048000004
Test Epoch5 layer4 Acc 0.24986842105263157
ep5_l4_test_time 0.305364694000005
gc 0
Test threshold 0.1 Acc 0.9163157894736842
t0.1_test_time 0.3087163220000093
data_distribution  [7600, 0, 0, 0, 0]
gc 0
Test threshold 0.2 Acc 0.9163157894736842
t0.2_test_time 0.30885368299999527
data_distribution  [7600, 0, 0, 0, 0]
gc 0
Test threshold 0.3 Acc 0.9163157894736842
t0.3_test_time 0.3120873729999971
data_distribution  [7600, 0, 0, 0, 0]
gc 0
Test threshold 0.4 Acc 0.9163157894736842
t0.4_test_time 0.3089965480000103
data_distribution  [7600, 0, 0, 0, 0]
gc 0
Test threshold 0.5 Acc 0.9163157894736842
t0.5_test_time 0.30908523800000864
data_distribution  [7600, 0, 0, 0, 0]
gc 0
Test threshold 0.6 Acc 0.9163157894736842
t0.6_test_time 0.314033185999989
data_distribution  [7600, 0, 0, 0, 0]
gc 0
Test threshold 0.7 Acc 0.9163157894736842
t0.7_test_time 0.3161894509999996
data_distribution  [7600, 0, 0, 0, 0]
gc 0
Test threshold 0.8 Acc 0.9163157894736842
t0.8_test_time 0.3078692719999907
data_distribution  [7600, 0, 0, 0, 0]
gc 0
Test threshold 0.9 Acc 0.9163157894736842
t0.9_test_time 0.30380606399999976
data_distribution  [7600, 0, 0, 0, 0]
gc 0
Train Epoch6 Acc 0.25004166666666666 (30005/120000)
ep6_train_time 6.738676721999994
Test Epoch6 layer0 Acc 0.9185526315789474
ep6_l0_test_time 0.3021866499999959
Save ckpt to ckpt/ag_news_linearal_l5_pad177_fix//ag_news_linearal_l5_m0.pt  ,ep 6
Test Epoch6 layer1 Acc 0.25
ep6_l1_test_time 0.301641998000008
Test Epoch6 layer2 Acc 0.25
ep6_l2_test_time 0.3036012010000064
Test Epoch6 layer3 Acc 0.25276315789473686
ep6_l3_test_time 0.30171205100000975
Test Epoch6 layer4 Acc 0.24986842105263157
ep6_l4_test_time 0.30346188499999016
gc 0
Test threshold 0.1 Acc 0.9185526315789474
t0.1_test_time 0.30756952000000126
data_distribution  [7600, 0, 0, 0, 0]
gc 0
Test threshold 0.2 Acc 0.9185526315789474
t0.2_test_time 0.31334517599999856
data_distribution  [7600, 0, 0, 0, 0]
gc 0
Test threshold 0.3 Acc 0.9185526315789474
t0.3_test_time 0.3095627229999991
data_distribution  [7600, 0, 0, 0, 0]
gc 0
Test threshold 0.4 Acc 0.9185526315789474
t0.4_test_time 0.30591437900000074
data_distribution  [7600, 0, 0, 0, 0]
gc 0
Test threshold 0.5 Acc 0.9185526315789474
t0.5_test_time 0.3051935559999919
data_distribution  [7600, 0, 0, 0, 0]
gc 0
Test threshold 0.6 Acc 0.9185526315789474
t0.6_test_time 0.3073737980000004
data_distribution  [7600, 0, 0, 0, 0]
gc 0
Test threshold 0.7 Acc 0.9185526315789474
t0.7_test_time 0.30659904099999835
data_distribution  [7600, 0, 0, 0, 0]
gc 0
Test threshold 0.8 Acc 0.9185526315789474
t0.8_test_time 0.3044931160000033
data_distribution  [7600, 0, 0, 0, 0]
gc 0
Test threshold 0.9 Acc 0.9185526315789474
t0.9_test_time 0.3043933830000043
data_distribution  [7600, 0, 0, 0, 0]
gc 0
Train Epoch7 Acc 0.25005 (30006/120000)
ep7_train_time 6.657625780000004
Test Epoch7 layer0 Acc 0.9168421052631579
ep7_l0_test_time 0.3029275890000065
Test Epoch7 layer1 Acc 0.25
ep7_l1_test_time 0.3010161609999926
Test Epoch7 layer2 Acc 0.25
ep7_l2_test_time 0.3013982650000031
Test Epoch7 layer3 Acc 0.25276315789473686
ep7_l3_test_time 0.30319244599999706
Test Epoch7 layer4 Acc 0.24986842105263157
ep7_l4_test_time 0.3077305390000049
gc 0
Test threshold 0.1 Acc 0.9168421052631579
t0.1_test_time 0.3104488120000042
data_distribution  [7600, 0, 0, 0, 0]
gc 0
Test threshold 0.2 Acc 0.9168421052631579
t0.2_test_time 0.30718547499999715
data_distribution  [7600, 0, 0, 0, 0]
gc 0
Test threshold 0.3 Acc 0.9168421052631579
t0.3_test_time 0.30871248199999
data_distribution  [7600, 0, 0, 0, 0]
gc 0
Test threshold 0.4 Acc 0.9168421052631579
t0.4_test_time 0.3098545479999899
data_distribution  [7600, 0, 0, 0, 0]
gc 0
Test threshold 0.5 Acc 0.9168421052631579
t0.5_test_time 0.3100151360000041
data_distribution  [7600, 0, 0, 0, 0]
gc 0
Test threshold 0.6 Acc 0.9168421052631579
t0.6_test_time 0.3103095169999932
data_distribution  [7600, 0, 0, 0, 0]
gc 0
Test threshold 0.7 Acc 0.9168421052631579
t0.7_test_time 0.30923236499999973
data_distribution  [7600, 0, 0, 0, 0]
gc 0
Test threshold 0.8 Acc 0.9168421052631579
t0.8_test_time 0.31011055400000487
data_distribution  [7600, 0, 0, 0, 0]
gc 0
Test threshold 0.9 Acc 0.9168421052631579
t0.9_test_time 0.3096706110000014
data_distribution  [7600, 0, 0, 0, 0]
gc 0
Train Epoch8 Acc 0.25009166666666666 (30011/120000)
ep8_train_time 6.698875347000012
Test Epoch8 layer0 Acc 0.9182894736842105
ep8_l0_test_time 0.30216616299999544
Test Epoch8 layer1 Acc 0.25
ep8_l1_test_time 0.3004935010000054
Test Epoch8 layer2 Acc 0.25
ep8_l2_test_time 0.30093076500000393
Test Epoch8 layer3 Acc 0.25276315789473686
ep8_l3_test_time 0.30098424999999907
Test Epoch8 layer4 Acc 0.25
ep8_l4_test_time 0.30111101099998905
gc 0
Test threshold 0.1 Acc 0.9182894736842105
t0.1_test_time 0.30494076099999745
data_distribution  [7600, 0, 0, 0, 0]
gc 0
Test threshold 0.2 Acc 0.9182894736842105
t0.2_test_time 0.3046371860000079
data_distribution  [7600, 0, 0, 0, 0]
gc 0
Test threshold 0.3 Acc 0.9182894736842105
t0.3_test_time 0.30435283999999285
data_distribution  [7600, 0, 0, 0, 0]
gc 0
Test threshold 0.4 Acc 0.9182894736842105
t0.4_test_time 0.30517553600000724
data_distribution  [7600, 0, 0, 0, 0]
gc 0
Test threshold 0.5 Acc 0.9182894736842105
t0.5_test_time 0.30523795899999584
data_distribution  [7600, 0, 0, 0, 0]
gc 0
Test threshold 0.6 Acc 0.9182894736842105
t0.6_test_time 0.30756743900001027
data_distribution  [7600, 0, 0, 0, 0]
gc 0
Test threshold 0.7 Acc 0.9182894736842105
t0.7_test_time 0.3091213659999994
data_distribution  [7600, 0, 0, 0, 0]
gc 0
Test threshold 0.8 Acc 0.9182894736842105
t0.8_test_time 0.30538429099999576
data_distribution  [7600, 0, 0, 0, 0]
gc 0
Test threshold 0.9 Acc 0.9182894736842105
t0.9_test_time 0.3045897960000019
data_distribution  [7600, 0, 0, 0, 0]
gc 0
Train Epoch9 Acc 0.250125 (30015/120000)
ep9_train_time 6.696774658999999
Test Epoch9 layer0 Acc 0.9178947368421052
ep9_l0_test_time 0.3026033240000032
Test Epoch9 layer1 Acc 0.25
ep9_l1_test_time 0.3005537369999871
Test Epoch9 layer2 Acc 0.25
ep9_l2_test_time 0.30815101199999617
Test Epoch9 layer3 Acc 0.2531578947368421
ep9_l3_test_time 0.30079513300000826
Test Epoch9 layer4 Acc 0.25
ep9_l4_test_time 0.3013646579999829
gc 0
Test threshold 0.1 Acc 0.9178947368421052
t0.1_test_time 0.304540626000005
data_distribution  [7600, 0, 0, 0, 0]
gc 0
Test threshold 0.2 Acc 0.9178947368421052
t0.2_test_time 0.3047768349999842
data_distribution  [7600, 0, 0, 0, 0]
gc 0
Test threshold 0.3 Acc 0.9178947368421052
t0.3_test_time 0.307032501000009
data_distribution  [7600, 0, 0, 0, 0]
gc 0
Test threshold 0.4 Acc 0.9178947368421052
t0.4_test_time 0.3081800119999798
data_distribution  [7600, 0, 0, 0, 0]
gc 0
Test threshold 0.5 Acc 0.9178947368421052
t0.5_test_time 0.30888237499999605
data_distribution  [7600, 0, 0, 0, 0]
gc 0
Test threshold 0.6 Acc 0.9178947368421052
t0.6_test_time 0.3098719790000075
data_distribution  [7600, 0, 0, 0, 0]
gc 0
Test threshold 0.7 Acc 0.9178947368421052
t0.7_test_time 0.3100382260000174
data_distribution  [7600, 0, 0, 0, 0]
gc 0
Test threshold 0.8 Acc 0.9178947368421052
t0.8_test_time 0.3099905539999952
data_distribution  [7600, 0, 0, 0, 0]
gc 0
Test threshold 0.9 Acc 0.9178947368421052
t0.9_test_time 0.31201744499998085
data_distribution  [7600, 0, 0, 0, 0]
Best Acc 0.9185526315789474 6 0
gc 10
Train Epoch0 Acc 0.26800833333333335 (32161/120000)
ep0_train_time 6.086600725000011
Test Epoch0 layer0 Acc 0.9185526315789474
ep0_l0_test_time 0.30394395199999735
Test Epoch0 layer1 Acc 0.9163157894736842
ep0_l1_test_time 0.30418258299999934
Save ckpt to ckpt/ag_news_linearal_l5_pad177_fix//ag_news_linearal_l5_m1.pt  ,ep 0
Test Epoch0 layer2 Acc 0.18236842105263157
ep0_l2_test_time 0.30262475000000677
Test Epoch0 layer3 Acc 0.25
ep0_l3_test_time 0.30306984399999237
Test Epoch0 layer4 Acc 0.25092105263157893
ep0_l4_test_time 0.31174318200001494
gc 0
Test threshold 0.1 Acc 0.9178947368421052
t0.1_test_time 0.3112599439999997
data_distribution  [7538, 62, 0, 0, 0]
gc 0
Test threshold 0.2 Acc 0.9180263157894737
t0.2_test_time 0.3101650690000213
data_distribution  [7430, 170, 0, 0, 0]
gc 0
Test threshold 0.3 Acc 0.9178947368421052
t0.3_test_time 0.31106363499998224
data_distribution  [7345, 255, 0, 0, 0]
gc 0
Test threshold 0.4 Acc 0.9182894736842105
t0.4_test_time 0.30798301600000855
data_distribution  [7254, 346, 0, 0, 0]
gc 0
Test threshold 0.5 Acc 0.9180263157894737
t0.5_test_time 0.3083915299999944
data_distribution  [7171, 429, 0, 0, 0]
gc 0
Test threshold 0.6 Acc 0.9175
t0.6_test_time 0.3153993970000215
data_distribution  [7060, 540, 0, 0, 0]
gc 0
Test threshold 0.7 Acc 0.9175
t0.7_test_time 0.30862333199999625
data_distribution  [6927, 673, 0, 0, 0]
gc 0
Test threshold 0.8 Acc 0.9167105263157894
t0.8_test_time 0.3078108509999993
data_distribution  [6751, 849, 0, 0, 0]
gc 0
Test threshold 0.9 Acc 0.916578947368421
t0.9_test_time 0.3077870839999832
data_distribution  [6430, 1170, 0, 0, 0]
gc 0
Train Epoch1 Acc 0.25001666666666666 (30002/120000)
ep1_train_time 6.025516087999989
Test Epoch1 layer0 Acc 0.9185526315789474
ep1_l0_test_time 0.3033353019999936
Test Epoch1 layer1 Acc 0.9188157894736843
ep1_l1_test_time 0.3030299119999995
Save ckpt to ckpt/ag_news_linearal_l5_pad177_fix//ag_news_linearal_l5_m1.pt  ,ep 1
Test Epoch1 layer2 Acc 0.10328947368421053
ep1_l2_test_time 0.30413009199997987
Test Epoch1 layer3 Acc 0.25
ep1_l3_test_time 0.30197986499999274
Test Epoch1 layer4 Acc 0.25
ep1_l4_test_time 0.3032880890000058
gc 0
Test threshold 0.1 Acc 0.9186842105263158
t0.1_test_time 0.30883829900000137
data_distribution  [7538, 62, 0, 0, 0]
gc 0
Test threshold 0.2 Acc 0.9186842105263158
t0.2_test_time 0.30968021900000053
data_distribution  [7430, 170, 0, 0, 0]
gc 0
Test threshold 0.3 Acc 0.9185526315789474
t0.3_test_time 0.3205239750000146
data_distribution  [7345, 255, 0, 0, 0]
gc 0
Test threshold 0.4 Acc 0.9188157894736843
t0.4_test_time 0.31017248099999506
data_distribution  [7254, 346, 0, 0, 0]
gc 0
Test threshold 0.5 Acc 0.9188157894736843
t0.5_test_time 0.3153173739999886
data_distribution  [7171, 429, 0, 0, 0]
gc 0
Test threshold 0.6 Acc 0.9186842105263158
t0.6_test_time 0.30883861699999215
data_distribution  [7060, 540, 0, 0, 0]
gc 0
Test threshold 0.7 Acc 0.9192105263157895
t0.7_test_time 0.3107156650000036
data_distribution  [6927, 673, 0, 0, 0]
gc 0
Test threshold 0.8 Acc 0.9190789473684211
t0.8_test_time 0.3156411219999882
data_distribution  [6751, 849, 0, 0, 0]
gc 0
Test threshold 0.9 Acc 0.9186842105263158
t0.9_test_time 0.30866852200000494
data_distribution  [6430, 1170, 0, 0, 0]
gc 0
Train Epoch2 Acc 0.24999166666666667 (29999/120000)
ep2_train_time 6.047864962999995
Test Epoch2 layer0 Acc 0.9185526315789474
ep2_l0_test_time 0.30425883800000975
Test Epoch2 layer1 Acc 0.9197368421052632
ep2_l1_test_time 0.3008330849999936
Save ckpt to ckpt/ag_news_linearal_l5_pad177_fix//ag_news_linearal_l5_m1.pt  ,ep 2
Test Epoch2 layer2 Acc 0.17394736842105263
ep2_l2_test_time 0.30587406700001907
Test Epoch2 layer3 Acc 0.25
ep2_l3_test_time 0.3077393039999947
Test Epoch2 layer4 Acc 0.25
ep2_l4_test_time 0.30558963200002154
gc 0
Test threshold 0.1 Acc 0.9182894736842105
t0.1_test_time 0.313364010000015
data_distribution  [7538, 62, 0, 0, 0]
gc 0
Test threshold 0.2 Acc 0.9189473684210526
t0.2_test_time 0.3092768999999862
data_distribution  [7430, 170, 0, 0, 0]
gc 0
Test threshold 0.3 Acc 0.9190789473684211
t0.3_test_time 0.3078633629999956
data_distribution  [7345, 255, 0, 0, 0]
gc 0
Test threshold 0.4 Acc 0.9194736842105263
t0.4_test_time 0.3081757729999879
data_distribution  [7254, 346, 0, 0, 0]
gc 0
Test threshold 0.5 Acc 0.9193421052631578
t0.5_test_time 0.30808992000001467
data_distribution  [7171, 429, 0, 0, 0]
gc 0
Test threshold 0.6 Acc 0.9190789473684211
t0.6_test_time 0.30839343700000654
data_distribution  [7060, 540, 0, 0, 0]
gc 0
Test threshold 0.7 Acc 0.9196052631578947
t0.7_test_time 0.3099061919999997
data_distribution  [6927, 673, 0, 0, 0]
gc 0
Test threshold 0.8 Acc 0.9196052631578947
t0.8_test_time 0.30871711600002527
data_distribution  [6751, 849, 0, 0, 0]
gc 0
Test threshold 0.9 Acc 0.9194736842105263
t0.9_test_time 0.3082731479999836
data_distribution  [6430, 1170, 0, 0, 0]
gc 0
Train Epoch3 Acc 0.25001666666666666 (30002/120000)
ep3_train_time 5.969999530999985
Test Epoch3 layer0 Acc 0.9185526315789474
ep3_l0_test_time 0.3021489909999957
Test Epoch3 layer1 Acc 0.9171052631578948
ep3_l1_test_time 0.302000664000019
Test Epoch3 layer2 Acc 0.17934210526315789
ep3_l2_test_time 0.3004795650000176
Test Epoch3 layer3 Acc 0.25
ep3_l3_test_time 0.30146575699998834
Test Epoch3 layer4 Acc 0.2501315789473684
ep3_l4_test_time 0.3019695570000067
gc 0
Test threshold 0.1 Acc 0.9185526315789474
t0.1_test_time 0.31319570499999827
data_distribution  [7538, 62, 0, 0, 0]
gc 0
Test threshold 0.2 Acc 0.9185526315789474
t0.2_test_time 0.30814777000000504
data_distribution  [7430, 170, 0, 0, 0]
gc 0
Test threshold 0.3 Acc 0.9185526315789474
t0.3_test_time 0.308515921999998
data_distribution  [7345, 255, 0, 0, 0]
gc 0
Test threshold 0.4 Acc 0.9188157894736843
t0.4_test_time 0.308196329000026
data_distribution  [7254, 346, 0, 0, 0]
gc 0
Test threshold 0.5 Acc 0.9184210526315789
t0.5_test_time 0.30816268600000285
data_distribution  [7171, 429, 0, 0, 0]
gc 0
Test threshold 0.6 Acc 0.9177631578947368
t0.6_test_time 0.3109197139999935
data_distribution  [7060, 540, 0, 0, 0]
gc 0
Test threshold 0.7 Acc 0.9181578947368421
t0.7_test_time 0.30942771900001276
data_distribution  [6927, 673, 0, 0, 0]
gc 0
Test threshold 0.8 Acc 0.9181578947368421
t0.8_test_time 0.3106057749999991
data_distribution  [6751, 849, 0, 0, 0]
gc 0
Test threshold 0.9 Acc 0.9173684210526316
t0.9_test_time 0.31110500099998717
data_distribution  [6430, 1170, 0, 0, 0]
gc 0
Train Epoch4 Acc 0.250075 (30009/120000)
ep4_train_time 5.999589792999984
Test Epoch4 layer0 Acc 0.9185526315789474
ep4_l0_test_time 0.30274880599998255
Test Epoch4 layer1 Acc 0.9181578947368421
ep4_l1_test_time 0.3000589629999979
Test Epoch4 layer2 Acc 0.14342105263157895
ep4_l2_test_time 0.3007562599999858
Test Epoch4 layer3 Acc 0.25
ep4_l3_test_time 0.3036890319999941
Test Epoch4 layer4 Acc 0.2501315789473684
ep4_l4_test_time 0.30137890099999254
gc 0
Test threshold 0.1 Acc 0.9184210526315789
t0.1_test_time 0.3080417749999924
data_distribution  [7538, 62, 0, 0, 0]
gc 0
Test threshold 0.2 Acc 0.9184210526315789
t0.2_test_time 0.30760839399999895
data_distribution  [7430, 170, 0, 0, 0]
gc 0
Test threshold 0.3 Acc 0.9185526315789474
t0.3_test_time 0.3078810599999997
data_distribution  [7345, 255, 0, 0, 0]
gc 0
Test threshold 0.4 Acc 0.9186842105263158
t0.4_test_time 0.32475553300000115
data_distribution  [7254, 346, 0, 0, 0]
gc 0
Test threshold 0.5 Acc 0.9186842105263158
t0.5_test_time 0.3112403800000152
data_distribution  [7171, 429, 0, 0, 0]
gc 0
Test threshold 0.6 Acc 0.9181578947368421
t0.6_test_time 0.30956446300001517
data_distribution  [7060, 540, 0, 0, 0]
gc 0
Test threshold 0.7 Acc 0.9185526315789474
t0.7_test_time 0.3087061950000134
data_distribution  [6927, 673, 0, 0, 0]
gc 0
Test threshold 0.8 Acc 0.9184210526315789
t0.8_test_time 0.3139427650000073
data_distribution  [6751, 849, 0, 0, 0]
gc 0
Test threshold 0.9 Acc 0.9181578947368421
t0.9_test_time 0.3121170560000053
data_distribution  [6430, 1170, 0, 0, 0]
gc 0
Train Epoch5 Acc 0.250175 (30021/120000)
ep5_train_time 6.077449137000002
Test Epoch5 layer0 Acc 0.9185526315789474
ep5_l0_test_time 0.30132823299999245
Test Epoch5 layer1 Acc 0.9168421052631579
ep5_l1_test_time 0.30209641999999803
Test Epoch5 layer2 Acc 0.1163157894736842
ep5_l2_test_time 0.3022450329999913
Test Epoch5 layer3 Acc 0.25
ep5_l3_test_time 0.30075430599998754
Test Epoch5 layer4 Acc 0.2506578947368421
ep5_l4_test_time 0.3039912619999825
gc 0
Test threshold 0.1 Acc 0.9182894736842105
t0.1_test_time 0.31611337999999023
data_distribution  [7538, 62, 0, 0, 0]
gc 0
Test threshold 0.2 Acc 0.9180263157894737
t0.2_test_time 0.31252859299999614
data_distribution  [7430, 170, 0, 0, 0]
gc 0
Test threshold 0.3 Acc 0.9177631578947368
t0.3_test_time 0.31249279499999716
data_distribution  [7345, 255, 0, 0, 0]
gc 0
Test threshold 0.4 Acc 0.9180263157894737
t0.4_test_time 0.3128272060000086
data_distribution  [7254, 346, 0, 0, 0]
gc 0
Test threshold 0.5 Acc 0.9176315789473685
t0.5_test_time 0.3074615929999993
data_distribution  [7171, 429, 0, 0, 0]
gc 0
Test threshold 0.6 Acc 0.9169736842105263
t0.6_test_time 0.3081439709999927
data_distribution  [7060, 540, 0, 0, 0]
gc 0
Test threshold 0.7 Acc 0.9172368421052631
t0.7_test_time 0.30877507900001433
data_distribution  [6927, 673, 0, 0, 0]
gc 0
Test threshold 0.8 Acc 0.9172368421052631
t0.8_test_time 0.30775392099999976
data_distribution  [6751, 849, 0, 0, 0]
gc 0
Test threshold 0.9 Acc 0.9167105263157894
t0.9_test_time 0.30856306999999106
data_distribution  [6430, 1170, 0, 0, 0]
gc 0
Train Epoch6 Acc 0.25040833333333334 (30049/120000)
ep6_train_time 5.998534583999998
Test Epoch6 layer0 Acc 0.9185526315789474
ep6_l0_test_time 0.30470604699999626
Test Epoch6 layer1 Acc 0.9173684210526316
ep6_l1_test_time 0.3001919300000111
Test Epoch6 layer2 Acc 0.1075
ep6_l2_test_time 0.300068097999997
Test Epoch6 layer3 Acc 0.25
ep6_l3_test_time 0.30081121100002406
Test Epoch6 layer4 Acc 0.25105263157894736
ep6_l4_test_time 0.30601932700000134
gc 0
Test threshold 0.1 Acc 0.9182894736842105
t0.1_test_time 0.3093415509999886
data_distribution  [7538, 62, 0, 0, 0]
gc 0
Test threshold 0.2 Acc 0.9182894736842105
t0.2_test_time 0.31018211700001075
data_distribution  [7430, 170, 0, 0, 0]
gc 0
Test threshold 0.3 Acc 0.9182894736842105
t0.3_test_time 0.30936040299999945
data_distribution  [7345, 255, 0, 0, 0]
gc 0
Test threshold 0.4 Acc 0.9185526315789474
t0.4_test_time 0.3084936060000132
data_distribution  [7254, 346, 0, 0, 0]
gc 0
Test threshold 0.5 Acc 0.9181578947368421
t0.5_test_time 0.30864108099999044
data_distribution  [7171, 429, 0, 0, 0]
gc 0
Test threshold 0.6 Acc 0.9175
t0.6_test_time 0.30803607199999306
data_distribution  [7060, 540, 0, 0, 0]
gc 0
Test threshold 0.7 Acc 0.9177631578947368
t0.7_test_time 0.30748654699999634
data_distribution  [6927, 673, 0, 0, 0]
gc 0
Test threshold 0.8 Acc 0.9177631578947368
t0.8_test_time 0.3078560879999941
data_distribution  [6751, 849, 0, 0, 0]
gc 0
Test threshold 0.9 Acc 0.9172368421052631
t0.9_test_time 0.3078184620000002
data_distribution  [6430, 1170, 0, 0, 0]
gc 0
Train Epoch7 Acc 0.25078333333333336 (30094/120000)
ep7_train_time 5.99245980500001
Test Epoch7 layer0 Acc 0.9185526315789474
ep7_l0_test_time 0.302492151999985
Test Epoch7 layer1 Acc 0.9180263157894737
ep7_l1_test_time 0.30149729900000466
Test Epoch7 layer2 Acc 0.09407894736842105
ep7_l2_test_time 0.301646820000002
Test Epoch7 layer3 Acc 0.25
ep7_l3_test_time 0.30310400199999776
Test Epoch7 layer4 Acc 0.2519736842105263
ep7_l4_test_time 0.3037583589999997
gc 0
Test threshold 0.1 Acc 0.9184210526315789
t0.1_test_time 0.3089753040000005
data_distribution  [7538, 62, 0, 0, 0]
gc 0
Test threshold 0.2 Acc 0.9181578947368421
t0.2_test_time 0.3098499120000042
data_distribution  [7430, 170, 0, 0, 0]
gc 0
Test threshold 0.3 Acc 0.9182894736842105
t0.3_test_time 0.3078738190000081
data_distribution  [7345, 255, 0, 0, 0]
gc 0
Test threshold 0.4 Acc 0.9184210526315789
t0.4_test_time 0.3093450730000029
data_distribution  [7254, 346, 0, 0, 0]
gc 0
Test threshold 0.5 Acc 0.9181578947368421
t0.5_test_time 0.3084667109999941
data_distribution  [7171, 429, 0, 0, 0]
gc 0
Test threshold 0.6 Acc 0.9178947368421052
t0.6_test_time 0.3096074799999826
data_distribution  [7060, 540, 0, 0, 0]
gc 0
Test threshold 0.7 Acc 0.9180263157894737
t0.7_test_time 0.31424499300001685
data_distribution  [6927, 673, 0, 0, 0]
gc 0
Test threshold 0.8 Acc 0.9182894736842105
t0.8_test_time 0.3140752319999933
data_distribution  [6751, 849, 0, 0, 0]
gc 0
Test threshold 0.9 Acc 0.9178947368421052
t0.9_test_time 0.3165246410000009
data_distribution  [6430, 1170, 0, 0, 0]
gc 0
Train Epoch8 Acc 0.25174166666666664 (30209/120000)
ep8_train_time 6.078082579000011
Test Epoch8 layer0 Acc 0.9185526315789474
ep8_l0_test_time 0.3028870050000023
Test Epoch8 layer1 Acc 0.9163157894736842
ep8_l1_test_time 0.3005975589999821
Test Epoch8 layer2 Acc 0.10328947368421053
ep8_l2_test_time 0.30061321700000576
Test Epoch8 layer3 Acc 0.25
ep8_l3_test_time 0.30117751599999565
Test Epoch8 layer4 Acc 0.2532894736842105
ep8_l4_test_time 0.30206732999999986
gc 0
Test threshold 0.1 Acc 0.9180263157894737
t0.1_test_time 0.30912058699999534
data_distribution  [7538, 62, 0, 0, 0]
gc 0
Test threshold 0.2 Acc 0.9178947368421052
t0.2_test_time 0.3102536429999816
data_distribution  [7430, 170, 0, 0, 0]
gc 0
Test threshold 0.3 Acc 0.9177631578947368
t0.3_test_time 0.31196753500000796
data_distribution  [7345, 255, 0, 0, 0]
gc 0
Test threshold 0.4 Acc 0.9180263157894737
t0.4_test_time 0.31453384300002085
data_distribution  [7254, 346, 0, 0, 0]
gc 0
Test threshold 0.5 Acc 0.9175
t0.5_test_time 0.30736673900000255
data_distribution  [7171, 429, 0, 0, 0]
gc 0
Test threshold 0.6 Acc 0.9168421052631579
t0.6_test_time 0.3074114110000039
data_distribution  [7060, 540, 0, 0, 0]
gc 0
Test threshold 0.7 Acc 0.9169736842105263
t0.7_test_time 0.3087215110000159
data_distribution  [6927, 673, 0, 0, 0]
gc 0
Test threshold 0.8 Acc 0.9168421052631579
t0.8_test_time 0.31128624600000876
data_distribution  [6751, 849, 0, 0, 0]
gc 0
Test threshold 0.9 Acc 0.9164473684210527
t0.9_test_time 0.3209802810000042
data_distribution  [6430, 1170, 0, 0, 0]
gc 0
Train Epoch9 Acc 0.253125 (30375/120000)
ep9_train_time 6.018402471999991
Test Epoch9 layer0 Acc 0.9185526315789474
ep9_l0_test_time 0.3024621110000112
Test Epoch9 layer1 Acc 0.916578947368421
ep9_l1_test_time 0.3013159260000009
Test Epoch9 layer2 Acc 0.10210526315789474
ep9_l2_test_time 0.30073115299998676
Test Epoch9 layer3 Acc 0.25
ep9_l3_test_time 0.30085223900002234
Test Epoch9 layer4 Acc 0.25526315789473686
ep9_l4_test_time 0.3040508450000061
gc 0
Test threshold 0.1 Acc 0.9180263157894737
t0.1_test_time 0.3095440040000028
data_distribution  [7538, 62, 0, 0, 0]
gc 0
Test threshold 0.2 Acc 0.9178947368421052
t0.2_test_time 0.3084588629999985
data_distribution  [7430, 170, 0, 0, 0]
gc 0
Test threshold 0.3 Acc 0.9178947368421052
t0.3_test_time 0.3080209860000025
data_distribution  [7345, 255, 0, 0, 0]
gc 0
Test threshold 0.4 Acc 0.9180263157894737
t0.4_test_time 0.30816808800000217
data_distribution  [7254, 346, 0, 0, 0]
gc 0
Test threshold 0.5 Acc 0.9175
t0.5_test_time 0.30896275199998513
data_distribution  [7171, 429, 0, 0, 0]
gc 0
Test threshold 0.6 Acc 0.9168421052631579
t0.6_test_time 0.3088151160000052
data_distribution  [7060, 540, 0, 0, 0]
gc 0
Test threshold 0.7 Acc 0.9169736842105263
t0.7_test_time 0.3076508939999769
data_distribution  [6927, 673, 0, 0, 0]
gc 0
Test threshold 0.8 Acc 0.9169736842105263
t0.8_test_time 0.30790167200001406
data_distribution  [6751, 849, 0, 0, 0]
gc 0
Test threshold 0.9 Acc 0.916578947368421
t0.9_test_time 0.3080086200000096
data_distribution  [6430, 1170, 0, 0, 0]
Best Acc 0.9197368421052632 2 1
gc 10
Train Epoch0 Acc 0.241575 (28989/120000)
ep0_train_time 6.086543866999989
Test Epoch0 layer0 Acc 0.9185526315789474
ep0_l0_test_time 0.31028041500002246
Test Epoch0 layer1 Acc 0.9197368421052632
ep0_l1_test_time 0.3020196770000041
Test Epoch0 layer2 Acc 0.9173684210526316
ep0_l2_test_time 0.3018805130000146
Save ckpt to ckpt/ag_news_linearal_l5_pad177_fix//ag_news_linearal_l5_m2.pt  ,ep 0
Test Epoch0 layer3 Acc 0.2590789473684211
ep0_l3_test_time 0.3034561329999974
Test Epoch0 layer4 Acc 0.23934210526315788
ep0_l4_test_time 0.30166714499998193
gc 0
Test threshold 0.1 Acc 0.9184210526315789
t0.1_test_time 0.3142025740000065
data_distribution  [7538, 18, 44, 0, 0]
gc 0
Test threshold 0.2 Acc 0.9188157894736843
t0.2_test_time 0.31050687000001176
data_distribution  [7430, 43, 127, 0, 0]
gc 0
Test threshold 0.3 Acc 0.9186842105263158
t0.3_test_time 0.31160866999999826
data_distribution  [7345, 44, 211, 0, 0]
gc 0
Test threshold 0.4 Acc 0.9188157894736843
t0.4_test_time 0.31210657999997693
data_distribution  [7254, 52, 294, 0, 0]
gc 0
Test threshold 0.5 Acc 0.9184210526315789
t0.5_test_time 0.31085109800000055
data_distribution  [7171, 63, 366, 0, 0]
gc 0
Test threshold 0.6 Acc 0.9180263157894737
t0.6_test_time 0.31268342900000334
data_distribution  [7060, 67, 473, 0, 0]
gc 0
Test threshold 0.7 Acc 0.9182894736842105
t0.7_test_time 0.3133733349999943
data_distribution  [6927, 81, 592, 0, 0]
gc 0
Test threshold 0.8 Acc 0.9178947368421052
t0.8_test_time 0.3114491989999806
data_distribution  [6751, 86, 763, 0, 0]
gc 0
Test threshold 0.9 Acc 0.9176315789473685
t0.9_test_time 0.3266937049999967
data_distribution  [6430, 133, 1037, 0, 0]
gc 0
Train Epoch1 Acc 0.24376666666666666 (29252/120000)
ep1_train_time 6.149378409000008
Test Epoch1 layer0 Acc 0.9185526315789474
ep1_l0_test_time 0.3024646850000181
Test Epoch1 layer1 Acc 0.9197368421052632
ep1_l1_test_time 0.3012351489999787
Test Epoch1 layer2 Acc 0.9178947368421052
ep1_l2_test_time 0.3005655949999664
Save ckpt to ckpt/ag_news_linearal_l5_pad177_fix//ag_news_linearal_l5_m2.pt  ,ep 1
Test Epoch1 layer3 Acc 0.25605263157894737
ep1_l3_test_time 0.30351964999999836
Test Epoch1 layer4 Acc 0.2493421052631579
ep1_l4_test_time 0.30177658299999166
gc 0
Test threshold 0.1 Acc 0.9185526315789474
t0.1_test_time 0.31220216399998435
data_distribution  [7538, 18, 44, 0, 0]
gc 0
Test threshold 0.2 Acc 0.9188157894736843
t0.2_test_time 0.31102883300002304
data_distribution  [7430, 43, 127, 0, 0]
gc 0
Test threshold 0.3 Acc 0.9188157894736843
t0.3_test_time 0.3109511960000191
data_distribution  [7345, 44, 211, 0, 0]
gc 0
Test threshold 0.4 Acc 0.9190789473684211
t0.4_test_time 0.31097608499999296
data_distribution  [7254, 52, 294, 0, 0]
gc 0
Test threshold 0.5 Acc 0.9188157894736843
t0.5_test_time 0.31221501099997795
data_distribution  [7171, 63, 366, 0, 0]
gc 0
Test threshold 0.6 Acc 0.9184210526315789
t0.6_test_time 0.3151370720000273
data_distribution  [7060, 67, 473, 0, 0]
gc 0
Test threshold 0.7 Acc 0.9188157894736843
t0.7_test_time 0.31130412699997123
data_distribution  [6927, 81, 592, 0, 0]
gc 0
Test threshold 0.8 Acc 0.9184210526315789
t0.8_test_time 0.31132063900003004
data_distribution  [6751, 86, 763, 0, 0]
gc 0
Test threshold 0.9 Acc 0.9180263157894737
t0.9_test_time 0.31147755799997867
data_distribution  [6430, 133, 1037, 0, 0]
gc 0
Train Epoch2 Acc 0.24939166666666668 (29927/120000)
ep2_train_time 6.134399776000009
Test Epoch2 layer0 Acc 0.9185526315789474
ep2_l0_test_time 0.3026301659999717
Test Epoch2 layer1 Acc 0.9197368421052632
ep2_l1_test_time 0.3005666070000075
Test Epoch2 layer2 Acc 0.9173684210526316
ep2_l2_test_time 0.3012792210000157
Test Epoch2 layer3 Acc 0.25276315789473686
ep2_l3_test_time 0.30073370200000227
Test Epoch2 layer4 Acc 0.2525
ep2_l4_test_time 0.30174122199997555
gc 0
Test threshold 0.1 Acc 0.9186842105263158
t0.1_test_time 0.3115727160000006
data_distribution  [7538, 18, 44, 0, 0]
gc 0
Test threshold 0.2 Acc 0.9190789473684211
t0.2_test_time 0.3105393559999925
data_distribution  [7430, 43, 127, 0, 0]
gc 0
Test threshold 0.3 Acc 0.9186842105263158
t0.3_test_time 0.31121068200002355
data_distribution  [7345, 44, 211, 0, 0]
gc 0
Test threshold 0.4 Acc 0.9189473684210526
t0.4_test_time 0.31121491499999365
data_distribution  [7254, 52, 294, 0, 0]
gc 0
Test threshold 0.5 Acc 0.9185526315789474
t0.5_test_time 0.31205110499996636
data_distribution  [7171, 63, 366, 0, 0]
gc 0
Test threshold 0.6 Acc 0.9181578947368421
t0.6_test_time 0.3124235120000094
data_distribution  [7060, 67, 473, 0, 0]
gc 0
Test threshold 0.7 Acc 0.9185526315789474
t0.7_test_time 0.3114285649999715
data_distribution  [6927, 81, 592, 0, 0]
gc 0
Test threshold 0.8 Acc 0.9181578947368421
t0.8_test_time 0.3114918130000319
data_distribution  [6751, 86, 763, 0, 0]
gc 0
Test threshold 0.9 Acc 0.9176315789473685
t0.9_test_time 0.31137871600003564
data_distribution  [6430, 133, 1037, 0, 0]
gc 0
Train Epoch3 Acc 0.251525 (30183/120000)
ep3_train_time 6.127825330000007
Test Epoch3 layer0 Acc 0.9185526315789474
ep3_l0_test_time 0.3033969570000181
Test Epoch3 layer1 Acc 0.9197368421052632
ep3_l1_test_time 0.3004119369999785
Test Epoch3 layer2 Acc 0.9185526315789474
ep3_l2_test_time 0.29989031200000227
Save ckpt to ckpt/ag_news_linearal_l5_pad177_fix//ag_news_linearal_l5_m2.pt  ,ep 3
Test Epoch3 layer3 Acc 0.25526315789473686
ep3_l3_test_time 0.30546257499997864
Test Epoch3 layer4 Acc 0.255
ep3_l4_test_time 0.3055812039999637
gc 0
Test threshold 0.1 Acc 0.9184210526315789
t0.1_test_time 0.3117847390000179
data_distribution  [7538, 18, 44, 0, 0]
gc 0
Test threshold 0.2 Acc 0.9189473684210526
t0.2_test_time 0.3111832379999555
data_distribution  [7430, 43, 127, 0, 0]
gc 0
Test threshold 0.3 Acc 0.9190789473684211
t0.3_test_time 0.3122935470000243
data_distribution  [7345, 44, 211, 0, 0]
gc 0
Test threshold 0.4 Acc 0.9190789473684211
t0.4_test_time 0.31159386900003483
data_distribution  [7254, 52, 294, 0, 0]
gc 0
Test threshold 0.5 Acc 0.9186842105263158
t0.5_test_time 0.3141225300000201
data_distribution  [7171, 63, 366, 0, 0]
gc 0
Test threshold 0.6 Acc 0.9184210526315789
t0.6_test_time 0.3117633269999942
data_distribution  [7060, 67, 473, 0, 0]
gc 0
Test threshold 0.7 Acc 0.9190789473684211
t0.7_test_time 0.31140424500000563
data_distribution  [6927, 81, 592, 0, 0]
gc 0
Test threshold 0.8 Acc 0.9189473684210526
t0.8_test_time 0.3120077300000048
data_distribution  [6751, 86, 763, 0, 0]
gc 0
Test threshold 0.9 Acc 0.9188157894736843
t0.9_test_time 0.31289316800001643
data_distribution  [6430, 133, 1037, 0, 0]
gc 0
Train Epoch4 Acc 0.24994166666666667 (29993/120000)
ep4_train_time 6.071115057999975
Test Epoch4 layer0 Acc 0.9185526315789474
ep4_l0_test_time 0.3065034719999744
Test Epoch4 layer1 Acc 0.9197368421052632
ep4_l1_test_time 0.30288113900002145
Test Epoch4 layer2 Acc 0.9185526315789474
ep4_l2_test_time 0.3005018789999667
Save ckpt to ckpt/ag_news_linearal_l5_pad177_fix//ag_news_linearal_l5_m2.pt  ,ep 4
Test Epoch4 layer3 Acc 0.26394736842105265
ep4_l3_test_time 0.3031707639999581
Test Epoch4 layer4 Acc 0.24355263157894738
ep4_l4_test_time 0.3017506049999952
gc 0
Test threshold 0.1 Acc 0.9185526315789474
t0.1_test_time 0.31210973899999317
data_distribution  [7538, 18, 44, 0, 0]
gc 0
Test threshold 0.2 Acc 0.9189473684210526
t0.2_test_time 0.31133597199999485
data_distribution  [7430, 43, 127, 0, 0]
gc 0
Test threshold 0.3 Acc 0.9189473684210526
t0.3_test_time 0.3118508279999901
data_distribution  [7345, 44, 211, 0, 0]
gc 0
Test threshold 0.4 Acc 0.9190789473684211
t0.4_test_time 0.31140769199998886
data_distribution  [7254, 52, 294, 0, 0]
gc 0
Test threshold 0.5 Acc 0.9188157894736843
t0.5_test_time 0.3114152819999845
data_distribution  [7171, 63, 366, 0, 0]
gc 0
Test threshold 0.6 Acc 0.9184210526315789
t0.6_test_time 0.31204634200003056
data_distribution  [7060, 67, 473, 0, 0]
gc 0
Test threshold 0.7 Acc 0.9189473684210526
t0.7_test_time 0.3114863499999956
data_distribution  [6927, 81, 592, 0, 0]
gc 0
Test threshold 0.8 Acc 0.9186842105263158
t0.8_test_time 0.31164746400003196
data_distribution  [6751, 86, 763, 0, 0]
gc 0
Test threshold 0.9 Acc 0.9186842105263158
t0.9_test_time 0.31133057900001404
data_distribution  [6430, 133, 1037, 0, 0]
gc 0
Train Epoch5 Acc 0.22134166666666666 (26561/120000)
ep5_train_time 6.122103024000012
Test Epoch5 layer0 Acc 0.9185526315789474
ep5_l0_test_time 0.30499771199998804
Test Epoch5 layer1 Acc 0.9197368421052632
ep5_l1_test_time 0.30113640199999736
Test Epoch5 layer2 Acc 0.9189473684210526
ep5_l2_test_time 0.3033114469999987
Save ckpt to ckpt/ag_news_linearal_l5_pad177_fix//ag_news_linearal_l5_m2.pt  ,ep 5
Test Epoch5 layer3 Acc 0.29473684210526313
ep5_l3_test_time 0.30372017100000903
Test Epoch5 layer4 Acc 0.1843421052631579
ep5_l4_test_time 0.30147292600003084
gc 0
Test threshold 0.1 Acc 0.9185526315789474
t0.1_test_time 0.3123249880000003
data_distribution  [7538, 18, 44, 0, 0]
gc 0
Test threshold 0.2 Acc 0.9189473684210526
t0.2_test_time 0.3111207830000353
data_distribution  [7430, 43, 127, 0, 0]
gc 0
Test threshold 0.3 Acc 0.9186842105263158
t0.3_test_time 0.3122577059999685
data_distribution  [7345, 44, 211, 0, 0]
gc 0
Test threshold 0.4 Acc 0.9188157894736843
t0.4_test_time 0.31227750900001183
data_distribution  [7254, 52, 294, 0, 0]
gc 0
Test threshold 0.5 Acc 0.9186842105263158
t0.5_test_time 0.31157468400004973
data_distribution  [7171, 63, 366, 0, 0]
gc 0
Test threshold 0.6 Acc 0.9184210526315789
t0.6_test_time 0.31199393299999656
data_distribution  [7060, 67, 473, 0, 0]
gc 0
Test threshold 0.7 Acc 0.9189473684210526
t0.7_test_time 0.3117034370000056
data_distribution  [6927, 81, 592, 0, 0]
gc 0
Test threshold 0.8 Acc 0.9189473684210526
t0.8_test_time 0.31210793999997577
data_distribution  [6751, 86, 763, 0, 0]
gc 0
Test threshold 0.9 Acc 0.9188157894736843
t0.9_test_time 0.31132878099998607
data_distribution  [6430, 133, 1037, 0, 0]
gc 0
Train Epoch6 Acc 0.143975 (17277/120000)
ep6_train_time 6.075369625999997
Test Epoch6 layer0 Acc 0.9185526315789474
ep6_l0_test_time 0.3034984479999707
Test Epoch6 layer1 Acc 0.9197368421052632
ep6_l1_test_time 0.30042903500003604
Test Epoch6 layer2 Acc 0.9176315789473685
ep6_l2_test_time 0.3006005120000168
Test Epoch6 layer3 Acc 0.37526315789473685
ep6_l3_test_time 0.3008818609999935
Test Epoch6 layer4 Acc 0.11052631578947368
ep6_l4_test_time 0.3019818430000214
gc 0
Test threshold 0.1 Acc 0.9184210526315789
t0.1_test_time 0.31234122099999695
data_distribution  [7538, 18, 44, 0, 0]
gc 0
Test threshold 0.2 Acc 0.9185526315789474
t0.2_test_time 0.3114074029999756
data_distribution  [7430, 43, 127, 0, 0]
gc 0
Test threshold 0.3 Acc 0.9185526315789474
t0.3_test_time 0.31149433500002033
data_distribution  [7345, 44, 211, 0, 0]
gc 0
Test threshold 0.4 Acc 0.9186842105263158
t0.4_test_time 0.31117661999996926
data_distribution  [7254, 52, 294, 0, 0]
gc 0
Test threshold 0.5 Acc 0.9181578947368421
t0.5_test_time 0.31151861800003644
data_distribution  [7171, 63, 366, 0, 0]
gc 0
Test threshold 0.6 Acc 0.9177631578947368
t0.6_test_time 0.3114452180000171
data_distribution  [7060, 67, 473, 0, 0]
gc 0
Test threshold 0.7 Acc 0.9182894736842105
t0.7_test_time 0.3119362930000307
data_distribution  [6927, 81, 592, 0, 0]
gc 0
Test threshold 0.8 Acc 0.9178947368421052
t0.8_test_time 0.3116457159999868
data_distribution  [6751, 86, 763, 0, 0]
gc 0
Test threshold 0.9 Acc 0.9177631578947368
t0.9_test_time 0.31200917399996797
data_distribution  [6430, 133, 1037, 0, 0]
gc 0
Train Epoch7 Acc 0.07450833333333333 (8941/120000)
ep7_train_time 6.044699189000028
Test Epoch7 layer0 Acc 0.9185526315789474
ep7_l0_test_time 0.3022266749999858
Test Epoch7 layer1 Acc 0.9197368421052632
ep7_l1_test_time 0.29993816400002515
Test Epoch7 layer2 Acc 0.9186842105263158
ep7_l2_test_time 0.30104567099999713
Test Epoch7 layer3 Acc 0.4896052631578947
ep7_l3_test_time 0.3009961679999833
Test Epoch7 layer4 Acc 0.07368421052631578
ep7_l4_test_time 0.3009302009999715
gc 0
Test threshold 0.1 Acc 0.9184210526315789
t0.1_test_time 0.31222577200003343
data_distribution  [7538, 18, 44, 0, 0]
gc 0
Test threshold 0.2 Acc 0.9186842105263158
t0.2_test_time 0.31066848400001845
data_distribution  [7430, 43, 127, 0, 0]
gc 0
Test threshold 0.3 Acc 0.9188157894736843
t0.3_test_time 0.3107366610000213
data_distribution  [7345, 44, 211, 0, 0]
gc 0
Test threshold 0.4 Acc 0.9188157894736843
t0.4_test_time 0.3107923829999777
data_distribution  [7254, 52, 294, 0, 0]
gc 0
Test threshold 0.5 Acc 0.9185526315789474
t0.5_test_time 0.31071411299996043
data_distribution  [7171, 63, 366, 0, 0]
gc 0
Test threshold 0.6 Acc 0.9182894736842105
t0.6_test_time 0.31206688299999996
data_distribution  [7060, 67, 473, 0, 0]
gc 0
Test threshold 0.7 Acc 0.9188157894736843
t0.7_test_time 0.31080725000003895
data_distribution  [6927, 81, 592, 0, 0]
gc 0
Test threshold 0.8 Acc 0.9188157894736843
t0.8_test_time 0.31109753900000214
data_distribution  [6751, 86, 763, 0, 0]
gc 0
Test threshold 0.9 Acc 0.9185526315789474
t0.9_test_time 0.3114038460000188
data_distribution  [6430, 133, 1037, 0, 0]
gc 0
Train Epoch8 Acc 0.04505 (5406/120000)
ep8_train_time 6.107712795999987
Test Epoch8 layer0 Acc 0.9185526315789474
ep8_l0_test_time 0.3030835170000046
Test Epoch8 layer1 Acc 0.9197368421052632
ep8_l1_test_time 0.301622430000009
Test Epoch8 layer2 Acc 0.9175
ep8_l2_test_time 0.3007202649999954
Test Epoch8 layer3 Acc 0.5273684210526316
ep8_l3_test_time 0.3010815410000305
Test Epoch8 layer4 Acc 0.05236842105263158
ep8_l4_test_time 0.30250665500000196
gc 0
Test threshold 0.1 Acc 0.9180263157894737
t0.1_test_time 0.31825963799997226
data_distribution  [7538, 18, 44, 0, 0]
gc 0
Test threshold 0.2 Acc 0.9182894736842105
t0.2_test_time 0.31296515499997213
data_distribution  [7430, 43, 127, 0, 0]
gc 0
Test threshold 0.3 Acc 0.9180263157894737
t0.3_test_time 0.31127324900000986
data_distribution  [7345, 44, 211, 0, 0]
gc 0
Test threshold 0.4 Acc 0.9182894736842105
t0.4_test_time 0.31171301799997764
data_distribution  [7254, 52, 294, 0, 0]
gc 0
Test threshold 0.5 Acc 0.9177631578947368
t0.5_test_time 0.31164126000004444
data_distribution  [7171, 63, 366, 0, 0]
gc 0
Test threshold 0.6 Acc 0.9173684210526316
t0.6_test_time 0.31232871600002454
data_distribution  [7060, 67, 473, 0, 0]
gc 0
Test threshold 0.7 Acc 0.9180263157894737
t0.7_test_time 0.3113055210000084
data_distribution  [6927, 81, 592, 0, 0]
gc 0
Test threshold 0.8 Acc 0.9181578947368421
t0.8_test_time 0.3130795949999765
data_distribution  [6751, 86, 763, 0, 0]
gc 0
Test threshold 0.9 Acc 0.9178947368421052
t0.9_test_time 0.311812175
data_distribution  [6430, 133, 1037, 0, 0]
gc 0
Train Epoch9 Acc 0.03344166666666667 (4013/120000)
ep9_train_time 6.086318551999966
Test Epoch9 layer0 Acc 0.9185526315789474
ep9_l0_test_time 0.302706110000031
Test Epoch9 layer1 Acc 0.9197368421052632
ep9_l1_test_time 0.3011988380000048
Test Epoch9 layer2 Acc 0.9175
ep9_l2_test_time 0.30191802000001644
Test Epoch9 layer3 Acc 0.5515789473684211
ep9_l3_test_time 0.3010187680000058
Test Epoch9 layer4 Acc 0.04302631578947368
ep9_l4_test_time 0.3013616300000308
gc 0
Test threshold 0.1 Acc 0.9180263157894737
t0.1_test_time 0.3113573020000331
data_distribution  [7538, 18, 44, 0, 0]
gc 0
Test threshold 0.2 Acc 0.9181578947368421
t0.2_test_time 0.31221753200003377
data_distribution  [7430, 43, 127, 0, 0]
gc 0
Test threshold 0.3 Acc 0.9178947368421052
t0.3_test_time 0.3137645130000237
data_distribution  [7345, 44, 211, 0, 0]
gc 0
Test threshold 0.4 Acc 0.9180263157894737
t0.4_test_time 0.31270813700001554
data_distribution  [7254, 52, 294, 0, 0]
gc 0
Test threshold 0.5 Acc 0.9175
t0.5_test_time 0.3121941519999609
data_distribution  [7171, 63, 366, 0, 0]
gc 0
Test threshold 0.6 Acc 0.9171052631578948
t0.6_test_time 0.3139049860000114
data_distribution  [7060, 67, 473, 0, 0]
gc 0
Test threshold 0.7 Acc 0.9177631578947368
t0.7_test_time 0.312604250999982
data_distribution  [6927, 81, 592, 0, 0]
gc 0
Test threshold 0.8 Acc 0.9178947368421052
t0.8_test_time 0.3124042320000058
data_distribution  [6751, 86, 763, 0, 0]
gc 0
Test threshold 0.9 Acc 0.9176315789473685
t0.9_test_time 0.3129943060000073
data_distribution  [6430, 133, 1037, 0, 0]
Best Acc 0.9189473684210526 5 2
gc 10
Train Epoch0 Acc 0.024025 (2883/120000)
ep0_train_time 6.107490095999992
Test Epoch0 layer0 Acc 0.9185526315789474
ep0_l0_test_time 0.3018941850000374
Test Epoch0 layer1 Acc 0.9197368421052632
ep0_l1_test_time 0.3007100909999849
Test Epoch0 layer2 Acc 0.9189473684210526
ep0_l2_test_time 0.30046277799999643
Test Epoch0 layer3 Acc 0.9193421052631578
ep0_l3_test_time 0.30080775099997936
Save ckpt to ckpt/ag_news_linearal_l5_pad177_fix//ag_news_linearal_l5_m3.pt  ,ep 0
Test Epoch0 layer4 Acc 0.017631578947368422
ep0_l4_test_time 0.3042544129999669
gc 0
Test threshold 0.1 Acc 0.9186842105263158
t0.1_test_time 0.3149750179999842
data_distribution  [7538, 18, 14, 30, 0]
gc 0
Test threshold 0.2 Acc 0.9192105263157895
t0.2_test_time 0.3164919210000221
data_distribution  [7430, 43, 26, 101, 0]
gc 0
Test threshold 0.3 Acc 0.9188157894736843
t0.3_test_time 0.31539025199998605
data_distribution  [7345, 44, 37, 174, 0]
gc 0
Test threshold 0.4 Acc 0.9189473684210526
t0.4_test_time 0.32073159200001555
data_distribution  [7254, 52, 38, 256, 0]
gc 0
Test threshold 0.5 Acc 0.9188157894736843
t0.5_test_time 0.320937162000007
data_distribution  [7171, 63, 51, 315, 0]
gc 0
Test threshold 0.6 Acc 0.9186842105263158
t0.6_test_time 0.31897257599996465
data_distribution  [7060, 67, 71, 402, 0]
gc 0
Test threshold 0.7 Acc 0.9193421052631578
t0.7_test_time 0.31830240799996545
data_distribution  [6927, 81, 84, 508, 0]
gc 0
Test threshold 0.8 Acc 0.9192105263157895
t0.8_test_time 0.3157234899999821
data_distribution  [6751, 86, 102, 661, 0]
gc 0
Test threshold 0.9 Acc 0.9192105263157895
t0.9_test_time 0.31510637499997074
data_distribution  [6430, 133, 122, 915, 0]
gc 0
Train Epoch1 Acc 0.014258333333333333 (1711/120000)
ep1_train_time 6.139423468999951
Test Epoch1 layer0 Acc 0.9185526315789474
ep1_l0_test_time 0.3020175139999992
Test Epoch1 layer1 Acc 0.9197368421052632
ep1_l1_test_time 0.30023387500000354
Test Epoch1 layer2 Acc 0.9189473684210526
ep1_l2_test_time 0.29980270900000505
Test Epoch1 layer3 Acc 0.9192105263157895
ep1_l3_test_time 0.3000321850000205
Test Epoch1 layer4 Acc 0.017105263157894738
ep1_l4_test_time 0.3009352209999747
gc 0
Test threshold 0.1 Acc 0.9181578947368421
t0.1_test_time 0.31665031199997884
data_distribution  [7538, 18, 14, 30, 0]
gc 0
Test threshold 0.2 Acc 0.9185526315789474
t0.2_test_time 0.31949017499999854
data_distribution  [7430, 43, 26, 101, 0]
gc 0
Test threshold 0.3 Acc 0.9186842105263158
t0.3_test_time 0.31506360100001984
data_distribution  [7345, 44, 37, 174, 0]
gc 0
Test threshold 0.4 Acc 0.9188157894736843
t0.4_test_time 0.31503565699995306
data_distribution  [7254, 52, 38, 256, 0]
gc 0
Test threshold 0.5 Acc 0.9185526315789474
t0.5_test_time 0.31493841299999303
data_distribution  [7171, 63, 51, 315, 0]
gc 0
Test threshold 0.6 Acc 0.9184210526315789
t0.6_test_time 0.31540316099994925
data_distribution  [7060, 67, 71, 402, 0]
gc 0
Test threshold 0.7 Acc 0.9189473684210526
t0.7_test_time 0.3142763100000252
data_distribution  [6927, 81, 84, 508, 0]
gc 0
Test threshold 0.8 Acc 0.9189473684210526
t0.8_test_time 0.314716863000001
data_distribution  [6751, 86, 102, 661, 0]
gc 0
Test threshold 0.9 Acc 0.9189473684210526
t0.9_test_time 0.3167551969999636
data_distribution  [6430, 133, 122, 915, 0]
gc 0
Train Epoch2 Acc 0.013575 (1629/120000)
ep2_train_time 6.175680133000014
Test Epoch2 layer0 Acc 0.9185526315789474
ep2_l0_test_time 0.3007884140000101
Test Epoch2 layer1 Acc 0.9197368421052632
ep2_l1_test_time 0.29978779500004293
Test Epoch2 layer2 Acc 0.9189473684210526
ep2_l2_test_time 0.2997800620000248
Test Epoch2 layer3 Acc 0.9184210526315789
ep2_l3_test_time 0.3009409029999688
Test Epoch2 layer4 Acc 0.0175
ep2_l4_test_time 0.30103096099998083
gc 0
Test threshold 0.1 Acc 0.9182894736842105
t0.1_test_time 0.3133929910000006
data_distribution  [7538, 18, 14, 30, 0]
gc 0
Test threshold 0.2 Acc 0.9184210526315789
t0.2_test_time 0.31889694799997415
data_distribution  [7430, 43, 26, 101, 0]
gc 0
Test threshold 0.3 Acc 0.9182894736842105
t0.3_test_time 0.31540975199999366
data_distribution  [7345, 44, 37, 174, 0]
gc 0
Test threshold 0.4 Acc 0.9184210526315789
t0.4_test_time 0.31952112300001545
data_distribution  [7254, 52, 38, 256, 0]
gc 0
Test threshold 0.5 Acc 0.9180263157894737
t0.5_test_time 0.32048093999998173
data_distribution  [7171, 63, 51, 315, 0]
gc 0
Test threshold 0.6 Acc 0.9176315789473685
t0.6_test_time 0.31858418500002017
data_distribution  [7060, 67, 71, 402, 0]
gc 0
Test threshold 0.7 Acc 0.9181578947368421
t0.7_test_time 0.3368598470000279
data_distribution  [6927, 81, 84, 508, 0]
gc 0
Test threshold 0.8 Acc 0.9181578947368421
t0.8_test_time 0.3207495730000005
data_distribution  [6751, 86, 102, 661, 0]
gc 0
Test threshold 0.9 Acc 0.9181578947368421
t0.9_test_time 0.31901794000003747
data_distribution  [6430, 133, 122, 915, 0]
gc 0
Train Epoch3 Acc 0.0137 (1644/120000)
ep3_train_time 6.023736120000024
Test Epoch3 layer0 Acc 0.9185526315789474
ep3_l0_test_time 0.3030102120000038
Test Epoch3 layer1 Acc 0.9197368421052632
ep3_l1_test_time 0.30408705100001043
Test Epoch3 layer2 Acc 0.9189473684210526
ep3_l2_test_time 0.30044098000001895
Test Epoch3 layer3 Acc 0.9188157894736843
ep3_l3_test_time 0.30122232700000495
Test Epoch3 layer4 Acc 0.018421052631578946
ep3_l4_test_time 0.3018034139999486
gc 0
Test threshold 0.1 Acc 0.9182894736842105
t0.1_test_time 0.3139160730000299
data_distribution  [7538, 18, 14, 30, 0]
gc 0
Test threshold 0.2 Acc 0.9186842105263158
t0.2_test_time 0.31472274899999775
data_distribution  [7430, 43, 26, 101, 0]
gc 0
Test threshold 0.3 Acc 0.9186842105263158
t0.3_test_time 0.3147422800000186
data_distribution  [7345, 44, 37, 174, 0]
gc 0
Test threshold 0.4 Acc 0.9188157894736843
t0.4_test_time 0.3148920079999584
data_distribution  [7254, 52, 38, 256, 0]
gc 0
Test threshold 0.5 Acc 0.9184210526315789
t0.5_test_time 0.3142471219999834
data_distribution  [7171, 63, 51, 315, 0]
gc 0
Test threshold 0.6 Acc 0.9180263157894737
t0.6_test_time 0.31600477299997465
data_distribution  [7060, 67, 71, 402, 0]
gc 0
Test threshold 0.7 Acc 0.9186842105263158
t0.7_test_time 0.314687245000016
data_distribution  [6927, 81, 84, 508, 0]
gc 0
Test threshold 0.8 Acc 0.9185526315789474
t0.8_test_time 0.3186749770000006
data_distribution  [6751, 86, 102, 661, 0]
gc 0
Test threshold 0.9 Acc 0.9185526315789474
t0.9_test_time 0.3200563080000052
data_distribution  [6430, 133, 122, 915, 0]
gc 0
Train Epoch4 Acc 0.017508333333333334 (2101/120000)
ep4_train_time 6.135062471000026
Test Epoch4 layer0 Acc 0.9185526315789474
ep4_l0_test_time 0.30203086099999155
Test Epoch4 layer1 Acc 0.9197368421052632
ep4_l1_test_time 0.30045991900004765
Test Epoch4 layer2 Acc 0.9189473684210526
ep4_l2_test_time 0.30020314899996947
Test Epoch4 layer3 Acc 0.9188157894736843
ep4_l3_test_time 0.30074162599999
Test Epoch4 layer4 Acc 0.025526315789473685
ep4_l4_test_time 0.3006924169999934
gc 0
Test threshold 0.1 Acc 0.9180263157894737
t0.1_test_time 0.31291652700002714
data_distribution  [7538, 18, 14, 30, 0]
gc 0
Test threshold 0.2 Acc 0.9184210526315789
t0.2_test_time 0.3140446239999619
data_distribution  [7430, 43, 26, 101, 0]
gc 0
Test threshold 0.3 Acc 0.9184210526315789
t0.3_test_time 0.3153829810000275
data_distribution  [7345, 44, 37, 174, 0]
gc 0
Test threshold 0.4 Acc 0.9186842105263158
t0.4_test_time 0.3137271930000338
data_distribution  [7254, 52, 38, 256, 0]
gc 0
Test threshold 0.5 Acc 0.9182894736842105
t0.5_test_time 0.31386363199999323
data_distribution  [7171, 63, 51, 315, 0]
gc 0
Test threshold 0.6 Acc 0.9180263157894737
t0.6_test_time 0.31660634299998947
data_distribution  [7060, 67, 71, 402, 0]
gc 0
Test threshold 0.7 Acc 0.9185526315789474
t0.7_test_time 0.3152011309999807
data_distribution  [6927, 81, 84, 508, 0]
gc 0
Test threshold 0.8 Acc 0.9185526315789474
t0.8_test_time 0.31426119700000754
data_distribution  [6751, 86, 102, 661, 0]
gc 0
Test threshold 0.9 Acc 0.9185526315789474
t0.9_test_time 0.3144213479999962
data_distribution  [6430, 133, 122, 915, 0]
gc 0
Train Epoch5 Acc 0.030591666666666666 (3671/120000)
ep5_train_time 6.1009075509999775
Test Epoch5 layer0 Acc 0.9185526315789474
ep5_l0_test_time 0.3023043439999924
Test Epoch5 layer1 Acc 0.9197368421052632
ep5_l1_test_time 0.3003592559999788
Test Epoch5 layer2 Acc 0.9189473684210526
ep5_l2_test_time 0.2998144310000157
Test Epoch5 layer3 Acc 0.9192105263157895
ep5_l3_test_time 0.30057529700002306
Test Epoch5 layer4 Acc 0.04447368421052632
ep5_l4_test_time 0.30125300899999274
gc 0
Test threshold 0.1 Acc 0.9181578947368421
t0.1_test_time 0.31346169700003657
data_distribution  [7538, 18, 14, 30, 0]
gc 0
Test threshold 0.2 Acc 0.9186842105263158
t0.2_test_time 0.317386560999978
data_distribution  [7430, 43, 26, 101, 0]
gc 0
Test threshold 0.3 Acc 0.9184210526315789
t0.3_test_time 0.3148289770000474
data_distribution  [7345, 44, 37, 174, 0]
gc 0
Test threshold 0.4 Acc 0.9186842105263158
t0.4_test_time 0.3152623119999589
data_distribution  [7254, 52, 38, 256, 0]
gc 0
Test threshold 0.5 Acc 0.9185526315789474
t0.5_test_time 0.31466900800000985
data_distribution  [7171, 63, 51, 315, 0]
gc 0
Test threshold 0.6 Acc 0.9182894736842105
t0.6_test_time 0.31843324700002995
data_distribution  [7060, 67, 71, 402, 0]
gc 0
Test threshold 0.7 Acc 0.9188157894736843
t0.7_test_time 0.31521708799999715
data_distribution  [6927, 81, 84, 508, 0]
gc 0
Test threshold 0.8 Acc 0.9188157894736843
t0.8_test_time 0.31484631899996884
data_distribution  [6751, 86, 102, 661, 0]
gc 0
Test threshold 0.9 Acc 0.9189473684210526
t0.9_test_time 0.3152216820000149
data_distribution  [6430, 133, 122, 915, 0]
gc 0
Train Epoch6 Acc 0.054275 (6513/120000)
ep6_train_time 5.997001377000004
Test Epoch6 layer0 Acc 0.9185526315789474
ep6_l0_test_time 0.30530604000000494
Test Epoch6 layer1 Acc 0.9197368421052632
ep6_l1_test_time 0.30469377200000736
Test Epoch6 layer2 Acc 0.9189473684210526
ep6_l2_test_time 0.30402553000004673
Test Epoch6 layer3 Acc 0.9193421052631578
ep6_l3_test_time 0.30153878400000167
Save ckpt to ckpt/ag_news_linearal_l5_pad177_fix//ag_news_linearal_l5_m3.pt  ,ep 6
Test Epoch6 layer4 Acc 0.07276315789473685
ep6_l4_test_time 0.3043168469999955
gc 0
Test threshold 0.1 Acc 0.9181578947368421
t0.1_test_time 0.313792755999998
data_distribution  [7538, 18, 14, 30, 0]
gc 0
Test threshold 0.2 Acc 0.9184210526315789
t0.2_test_time 0.3140231670000162
data_distribution  [7430, 43, 26, 101, 0]
gc 0
Test threshold 0.3 Acc 0.9182894736842105
t0.3_test_time 0.3144222839999884
data_distribution  [7345, 44, 37, 174, 0]
gc 0
Test threshold 0.4 Acc 0.9186842105263158
t0.4_test_time 0.3141502749999745
data_distribution  [7254, 52, 38, 256, 0]
gc 0
Test threshold 0.5 Acc 0.9185526315789474
t0.5_test_time 0.3141062809999653
data_distribution  [7171, 63, 51, 315, 0]
gc 0
Test threshold 0.6 Acc 0.9185526315789474
t0.6_test_time 0.3156385670000077
data_distribution  [7060, 67, 71, 402, 0]
gc 0
Test threshold 0.7 Acc 0.9192105263157895
t0.7_test_time 0.31578070199998365
data_distribution  [6927, 81, 84, 508, 0]
gc 0
Test threshold 0.8 Acc 0.9192105263157895
t0.8_test_time 0.31490216700001383
data_distribution  [6751, 86, 102, 661, 0]
gc 0
Test threshold 0.9 Acc 0.9190789473684211
t0.9_test_time 0.3149168409999561
data_distribution  [6430, 133, 122, 915, 0]
gc 0
Train Epoch7 Acc 0.07530833333333334 (9037/120000)
ep7_train_time 6.060768365000001
Test Epoch7 layer0 Acc 0.9185526315789474
ep7_l0_test_time 0.3092410589999872
Test Epoch7 layer1 Acc 0.9197368421052632
ep7_l1_test_time 0.3024922920000108
Test Epoch7 layer2 Acc 0.9189473684210526
ep7_l2_test_time 0.3007823759999724
Test Epoch7 layer3 Acc 0.9188157894736843
ep7_l3_test_time 0.30002449699998124
Test Epoch7 layer4 Acc 0.09131578947368421
ep7_l4_test_time 0.3008969489999913
gc 0
Test threshold 0.1 Acc 0.9181578947368421
t0.1_test_time 0.3138040579999597
data_distribution  [7538, 18, 14, 30, 0]
gc 0
Test threshold 0.2 Acc 0.9184210526315789
t0.2_test_time 0.31405197100002624
data_distribution  [7430, 43, 26, 101, 0]
gc 0
Test threshold 0.3 Acc 0.9181578947368421
t0.3_test_time 0.31411328699999785
data_distribution  [7345, 44, 37, 174, 0]
gc 0
Test threshold 0.4 Acc 0.9184210526315789
t0.4_test_time 0.3147871900000041
data_distribution  [7254, 52, 38, 256, 0]
gc 0
Test threshold 0.5 Acc 0.9181578947368421
t0.5_test_time 0.3143589400000337
data_distribution  [7171, 63, 51, 315, 0]
gc 0
Test threshold 0.6 Acc 0.9180263157894737
t0.6_test_time 0.3149870579999856
data_distribution  [7060, 67, 71, 402, 0]
gc 0
Test threshold 0.7 Acc 0.9185526315789474
t0.7_test_time 0.314891541999998
data_distribution  [6927, 81, 84, 508, 0]
gc 0
Test threshold 0.8 Acc 0.9186842105263158
t0.8_test_time 0.314750427999968
data_distribution  [6751, 86, 102, 661, 0]
gc 0
Test threshold 0.9 Acc 0.9186842105263158
t0.9_test_time 0.31457180800003925
data_distribution  [6430, 133, 122, 915, 0]
gc 0
Train Epoch8 Acc 0.08904166666666667 (10685/120000)
ep8_train_time 6.068342775000019
Test Epoch8 layer0 Acc 0.9185526315789474
ep8_l0_test_time 0.30143136200001663
Test Epoch8 layer1 Acc 0.9197368421052632
ep8_l1_test_time 0.2998997070000087
Test Epoch8 layer2 Acc 0.9189473684210526
ep8_l2_test_time 0.3009645219999584
Test Epoch8 layer3 Acc 0.9197368421052632
ep8_l3_test_time 0.3002654829999756
Save ckpt to ckpt/ag_news_linearal_l5_pad177_fix//ag_news_linearal_l5_m3.pt  ,ep 8
Test Epoch8 layer4 Acc 0.10407894736842105
ep8_l4_test_time 0.3103450349999548
gc 0
Test threshold 0.1 Acc 0.9180263157894737
t0.1_test_time 0.3136302399999522
data_distribution  [7538, 18, 14, 30, 0]
gc 0
Test threshold 0.2 Acc 0.9184210526315789
t0.2_test_time 0.31583931199998005
data_distribution  [7430, 43, 26, 101, 0]
gc 0
Test threshold 0.3 Acc 0.9182894736842105
t0.3_test_time 0.32214175799998657
data_distribution  [7345, 44, 37, 174, 0]
gc 0
Test threshold 0.4 Acc 0.9188157894736843
t0.4_test_time 0.3149125709999794
data_distribution  [7254, 52, 38, 256, 0]
gc 0
Test threshold 0.5 Acc 0.9185526315789474
t0.5_test_time 0.3153700309999863
data_distribution  [7171, 63, 51, 315, 0]
gc 0
Test threshold 0.6 Acc 0.9184210526315789
t0.6_test_time 0.3148591739999915
data_distribution  [7060, 67, 71, 402, 0]
gc 0
Test threshold 0.7 Acc 0.9192105263157895
t0.7_test_time 0.31443627600003765
data_distribution  [6927, 81, 84, 508, 0]
gc 0
Test threshold 0.8 Acc 0.9193421052631578
t0.8_test_time 0.31511695099999315
data_distribution  [6751, 86, 102, 661, 0]
gc 0
Test threshold 0.9 Acc 0.9193421052631578
t0.9_test_time 0.3158006369999953
data_distribution  [6430, 133, 122, 915, 0]
gc 0
Train Epoch9 Acc 0.09735 (11682/120000)
ep9_train_time 6.031152464000002
Test Epoch9 layer0 Acc 0.9185526315789474
ep9_l0_test_time 0.31058300500001224
Test Epoch9 layer1 Acc 0.9197368421052632
ep9_l1_test_time 0.3084149740000157
Test Epoch9 layer2 Acc 0.9189473684210526
ep9_l2_test_time 0.3190253690000304
Test Epoch9 layer3 Acc 0.9193421052631578
ep9_l3_test_time 0.3140134020000005
Test Epoch9 layer4 Acc 0.10947368421052632
ep9_l4_test_time 0.3059907530000032
gc 0
Test threshold 0.1 Acc 0.9181578947368421
t0.1_test_time 0.32411135500001365
data_distribution  [7538, 18, 14, 30, 0]
gc 0
Test threshold 0.2 Acc 0.9185526315789474
t0.2_test_time 0.31804780799996024
data_distribution  [7430, 43, 26, 101, 0]
gc 0
Test threshold 0.3 Acc 0.9184210526315789
t0.3_test_time 0.31589895299998716
data_distribution  [7345, 44, 37, 174, 0]
gc 0
Test threshold 0.4 Acc 0.9188157894736843
t0.4_test_time 0.3150107060000096
data_distribution  [7254, 52, 38, 256, 0]
gc 0
Test threshold 0.5 Acc 0.9182894736842105
t0.5_test_time 0.31622602499999175
data_distribution  [7171, 63, 51, 315, 0]
gc 0
Test threshold 0.6 Acc 0.9181578947368421
t0.6_test_time 0.3152624090000131
data_distribution  [7060, 67, 71, 402, 0]
gc 0
Test threshold 0.7 Acc 0.9189473684210526
t0.7_test_time 0.32170165799999495
data_distribution  [6927, 81, 84, 508, 0]
gc 0
Test threshold 0.8 Acc 0.9190789473684211
t0.8_test_time 0.3162963940000054
data_distribution  [6751, 86, 102, 661, 0]
gc 0
Test threshold 0.9 Acc 0.9189473684210526
t0.9_test_time 0.3162535999999818
data_distribution  [6430, 133, 122, 915, 0]
Best Acc 0.9197368421052632 8 3
gc 10
Train Epoch0 Acc 0.843525 (101223/120000)
ep0_train_time 6.029818737000028
Test Epoch0 layer0 Acc 0.9185526315789474
ep0_l0_test_time 0.30276430800000753
Test Epoch0 layer1 Acc 0.9197368421052632
ep0_l1_test_time 0.30053651800000125
Test Epoch0 layer2 Acc 0.9189473684210526
ep0_l2_test_time 0.3011547050000445
Test Epoch0 layer3 Acc 0.9197368421052632
ep0_l3_test_time 0.30099694599999793
Test Epoch0 layer4 Acc 0.9192105263157895
ep0_l4_test_time 0.3012115349999931
Save ckpt to ckpt/ag_news_linearal_l5_pad177_fix//ag_news_linearal_l5_m4.pt  ,ep 0
gc 0
Test threshold 0.1 Acc 0.9180263157894737
t0.1_test_time 0.31664398899999924
data_distribution  [7538, 18, 14, 17, 13]
gc 0
Test threshold 0.2 Acc 0.9186842105263158
t0.2_test_time 0.31785082800001874
data_distribution  [7430, 43, 26, 47, 54]
gc 0
Test threshold 0.3 Acc 0.9185526315789474
t0.3_test_time 0.31814401899998757
data_distribution  [7345, 44, 37, 61, 113]
gc 0
Test threshold 0.4 Acc 0.9188157894736843
t0.4_test_time 0.3263555870000232
data_distribution  [7254, 52, 38, 93, 163]
gc 0
Test threshold 0.5 Acc 0.9185526315789474
t0.5_test_time 0.32191152399997236
data_distribution  [7171, 63, 51, 98, 217]
gc 0
Test threshold 0.6 Acc 0.9182894736842105
t0.6_test_time 0.32459249200002205
data_distribution  [7060, 67, 71, 131, 271]
gc 0
Test threshold 0.7 Acc 0.9188157894736843
t0.7_test_time 0.31964553199998136
data_distribution  [6927, 81, 84, 151, 357]
gc 0
Test threshold 0.8 Acc 0.9188157894736843
t0.8_test_time 0.31876028300001735
data_distribution  [6751, 86, 102, 195, 466]
gc 0
Test threshold 0.9 Acc 0.9188157894736843
t0.9_test_time 0.31898457500000177
data_distribution  [6430, 133, 122, 252, 663]
gc 0
Train Epoch1 Acc 0.9401416666666667 (112817/120000)
ep1_train_time 6.0461459389999845
Test Epoch1 layer0 Acc 0.9185526315789474
ep1_l0_test_time 0.3017227939999998
Test Epoch1 layer1 Acc 0.9197368421052632
ep1_l1_test_time 0.3005253430000039
Test Epoch1 layer2 Acc 0.9189473684210526
ep1_l2_test_time 0.30053721600000927
Test Epoch1 layer3 Acc 0.9197368421052632
ep1_l3_test_time 0.3006405529999938
Test Epoch1 layer4 Acc 0.9185526315789474
ep1_l4_test_time 0.3015936929999725
gc 0
Test threshold 0.1 Acc 0.9180263157894737
t0.1_test_time 0.319358990000012
data_distribution  [7538, 18, 14, 17, 13]
gc 0
Test threshold 0.2 Acc 0.9188157894736843
t0.2_test_time 0.3192911049999907
data_distribution  [7430, 43, 26, 47, 54]
gc 0
Test threshold 0.3 Acc 0.9186842105263158
t0.3_test_time 0.32413024600003837
data_distribution  [7345, 44, 37, 61, 113]
gc 0
Test threshold 0.4 Acc 0.9186842105263158
t0.4_test_time 0.32268856000001733
data_distribution  [7254, 52, 38, 93, 163]
gc 0
Test threshold 0.5 Acc 0.9182894736842105
t0.5_test_time 0.3225207870000304
data_distribution  [7171, 63, 51, 98, 217]
gc 0
Test threshold 0.6 Acc 0.9181578947368421
t0.6_test_time 0.3250788149999835
data_distribution  [7060, 67, 71, 131, 271]
gc 0
Test threshold 0.7 Acc 0.9186842105263158
t0.7_test_time 0.3232884820000095
data_distribution  [6927, 81, 84, 151, 357]
gc 0
Test threshold 0.8 Acc 0.9185526315789474
t0.8_test_time 0.32239727199998924
data_distribution  [6751, 86, 102, 195, 466]
gc 0
Test threshold 0.9 Acc 0.9182894736842105
t0.9_test_time 0.3260637810000162
data_distribution  [6430, 133, 122, 252, 663]
gc 0
Train Epoch2 Acc 0.9401333333333334 (112816/120000)
ep2_train_time 6.000247436000052
Test Epoch2 layer0 Acc 0.9185526315789474
ep2_l0_test_time 0.3020801400000437
Test Epoch2 layer1 Acc 0.9197368421052632
ep2_l1_test_time 0.30132476700003963
Test Epoch2 layer2 Acc 0.9189473684210526
ep2_l2_test_time 0.3001971290000256
Test Epoch2 layer3 Acc 0.9197368421052632
ep2_l3_test_time 0.30103141099999675
Test Epoch2 layer4 Acc 0.9190789473684211
ep2_l4_test_time 0.303577410999992
gc 0
Test threshold 0.1 Acc 0.9180263157894737
t0.1_test_time 0.3149063049999654
data_distribution  [7538, 18, 14, 17, 13]
gc 0
Test threshold 0.2 Acc 0.9186842105263158
t0.2_test_time 0.31703802599997744
data_distribution  [7430, 43, 26, 47, 54]
gc 0
Test threshold 0.3 Acc 0.9185526315789474
t0.3_test_time 0.31844573900002615
data_distribution  [7345, 44, 37, 61, 113]
gc 0
Test threshold 0.4 Acc 0.9188157894736843
t0.4_test_time 0.31893199900002855
data_distribution  [7254, 52, 38, 93, 163]
gc 0
Test threshold 0.5 Acc 0.9184210526315789
t0.5_test_time 0.31935269399997424
data_distribution  [7171, 63, 51, 98, 217]
gc 0
Test threshold 0.6 Acc 0.9182894736842105
t0.6_test_time 0.3188639530000046
data_distribution  [7060, 67, 71, 131, 271]
gc 0
Test threshold 0.7 Acc 0.9189473684210526
t0.7_test_time 0.3200339320000012
data_distribution  [6927, 81, 84, 151, 357]
gc 0
Test threshold 0.8 Acc 0.9190789473684211
t0.8_test_time 0.3190767539999797
data_distribution  [6751, 86, 102, 195, 466]
gc 0
Test threshold 0.9 Acc 0.9188157894736843
t0.9_test_time 0.31868949799996926
data_distribution  [6430, 133, 122, 252, 663]
gc 0
Train Epoch3 Acc 0.9400416666666667 (112805/120000)
ep3_train_time 6.084862983999983
Test Epoch3 layer0 Acc 0.9185526315789474
ep3_l0_test_time 0.3024076629999968
Test Epoch3 layer1 Acc 0.9197368421052632
ep3_l1_test_time 0.3002914769999734
Test Epoch3 layer2 Acc 0.9189473684210526
ep3_l2_test_time 0.3006655579999915
Test Epoch3 layer3 Acc 0.9197368421052632
ep3_l3_test_time 0.3006317620000232
Test Epoch3 layer4 Acc 0.9190789473684211
ep3_l4_test_time 0.3006783150000274
gc 0
Test threshold 0.1 Acc 0.9181578947368421
t0.1_test_time 0.31620240299997704
data_distribution  [7538, 18, 14, 17, 13]
gc 0
Test threshold 0.2 Acc 0.9186842105263158
t0.2_test_time 0.3217300670000327
data_distribution  [7430, 43, 26, 47, 54]
gc 0
Test threshold 0.3 Acc 0.9186842105263158
t0.3_test_time 0.3223688499999753
data_distribution  [7345, 44, 37, 61, 113]
gc 0
Test threshold 0.4 Acc 0.9189473684210526
t0.4_test_time 0.32082351200000403
data_distribution  [7254, 52, 38, 93, 163]
gc 0
Test threshold 0.5 Acc 0.9186842105263158
t0.5_test_time 0.3175733850000029
data_distribution  [7171, 63, 51, 98, 217]
gc 0
Test threshold 0.6 Acc 0.9188157894736843
t0.6_test_time 0.31806741499997315
data_distribution  [7060, 67, 71, 131, 271]
gc 0
Test threshold 0.7 Acc 0.9196052631578947
t0.7_test_time 0.3205017419999763
data_distribution  [6927, 81, 84, 151, 357]
gc 0
Test threshold 0.8 Acc 0.9196052631578947
t0.8_test_time 0.3176570730000208
data_distribution  [6751, 86, 102, 195, 466]
gc 0
Test threshold 0.9 Acc 0.9189473684210526
t0.9_test_time 0.31769773000002033
data_distribution  [6430, 133, 122, 252, 663]
gc 0
Train Epoch4 Acc 0.9402833333333334 (112834/120000)
ep4_train_time 6.033980380999992
Test Epoch4 layer0 Acc 0.9185526315789474
ep4_l0_test_time 0.3020339130000025
Test Epoch4 layer1 Acc 0.9197368421052632
ep4_l1_test_time 0.29982301499995856
Test Epoch4 layer2 Acc 0.9189473684210526
ep4_l2_test_time 0.3003658860000087
Test Epoch4 layer3 Acc 0.9197368421052632
ep4_l3_test_time 0.30166833300000917
Test Epoch4 layer4 Acc 0.9190789473684211
ep4_l4_test_time 0.30108259399997905
gc 0
Test threshold 0.1 Acc 0.9180263157894737
t0.1_test_time 0.31532142399998975
data_distribution  [7538, 18, 14, 17, 13]
gc 0
Test threshold 0.2 Acc 0.9185526315789474
t0.2_test_time 0.3175148340000078
data_distribution  [7430, 43, 26, 47, 54]
gc 0
Test threshold 0.3 Acc 0.9182894736842105
t0.3_test_time 0.3181163709999737
data_distribution  [7345, 44, 37, 61, 113]
gc 0
Test threshold 0.4 Acc 0.9186842105263158
t0.4_test_time 0.3186472610000237
data_distribution  [7254, 52, 38, 93, 163]
gc 0
Test threshold 0.5 Acc 0.9184210526315789
t0.5_test_time 0.3182153789999802
data_distribution  [7171, 63, 51, 98, 217]
gc 0
Test threshold 0.6 Acc 0.9182894736842105
t0.6_test_time 0.31906607599995596
data_distribution  [7060, 67, 71, 131, 271]
gc 0
Test threshold 0.7 Acc 0.9188157894736843
t0.7_test_time 0.31914719299999206
data_distribution  [6927, 81, 84, 151, 357]
gc 0
Test threshold 0.8 Acc 0.9190789473684211
t0.8_test_time 0.3177498450000371
data_distribution  [6751, 86, 102, 195, 466]
gc 0
Test threshold 0.9 Acc 0.9188157894736843
t0.9_test_time 0.31814598699997987
data_distribution  [6430, 133, 122, 252, 663]
gc 0
Train Epoch5 Acc 0.940225 (112827/120000)
ep5_train_time 6.02283381999996
Test Epoch5 layer0 Acc 0.9185526315789474
ep5_l0_test_time 0.3023265750000519
Test Epoch5 layer1 Acc 0.9197368421052632
ep5_l1_test_time 0.30004260299995167
Test Epoch5 layer2 Acc 0.9189473684210526
ep5_l2_test_time 0.3001280890000544
Test Epoch5 layer3 Acc 0.9197368421052632
ep5_l3_test_time 0.3010861049999676
Test Epoch5 layer4 Acc 0.9190789473684211
ep5_l4_test_time 0.3009228549999534
gc 0
Test threshold 0.1 Acc 0.9180263157894737
t0.1_test_time 0.3156524810000292
data_distribution  [7538, 18, 14, 17, 13]
gc 0
Test threshold 0.2 Acc 0.9185526315789474
t0.2_test_time 0.31751093600007607
data_distribution  [7430, 43, 26, 47, 54]
gc 0
Test threshold 0.3 Acc 0.9181578947368421
t0.3_test_time 0.31753822400003173
data_distribution  [7345, 44, 37, 61, 113]
gc 0
Test threshold 0.4 Acc 0.9186842105263158
t0.4_test_time 0.31752473500000633
data_distribution  [7254, 52, 38, 93, 163]
gc 0
Test threshold 0.5 Acc 0.9184210526315789
t0.5_test_time 0.3173651910000217
data_distribution  [7171, 63, 51, 98, 217]
gc 0
Test threshold 0.6 Acc 0.9185526315789474
t0.6_test_time 0.31756867499996133
data_distribution  [7060, 67, 71, 131, 271]
gc 0
Test threshold 0.7 Acc 0.9190789473684211
t0.7_test_time 0.3185901379999905
data_distribution  [6927, 81, 84, 151, 357]
gc 0
Test threshold 0.8 Acc 0.9192105263157895
t0.8_test_time 0.31960201100002905
data_distribution  [6751, 86, 102, 195, 466]
gc 0
Test threshold 0.9 Acc 0.9188157894736843
t0.9_test_time 0.31847441600007187
data_distribution  [6430, 133, 122, 252, 663]
gc 0
Train Epoch6 Acc 0.9401833333333334 (112822/120000)
ep6_train_time 6.065963613000008
Test Epoch6 layer0 Acc 0.9185526315789474
ep6_l0_test_time 0.30180084000005536
Test Epoch6 layer1 Acc 0.9197368421052632
ep6_l1_test_time 0.29970872800004145
Test Epoch6 layer2 Acc 0.9189473684210526
ep6_l2_test_time 0.30101763699997264
Test Epoch6 layer3 Acc 0.9197368421052632
ep6_l3_test_time 0.30096429399998215
Test Epoch6 layer4 Acc 0.9192105263157895
ep6_l4_test_time 0.3010651219999545
Save ckpt to ckpt/ag_news_linearal_l5_pad177_fix//ag_news_linearal_l5_m4.pt  ,ep 6
gc 0
Test threshold 0.1 Acc 0.9180263157894737
t0.1_test_time 0.31688044299994544
data_distribution  [7538, 18, 14, 17, 13]
gc 0
Test threshold 0.2 Acc 0.9184210526315789
t0.2_test_time 0.31805957400001716
data_distribution  [7430, 43, 26, 47, 54]
gc 0
Test threshold 0.3 Acc 0.9185526315789474
t0.3_test_time 0.3186121500000354
data_distribution  [7345, 44, 37, 61, 113]
gc 0
Test threshold 0.4 Acc 0.9188157894736843
t0.4_test_time 0.31907474199999797
data_distribution  [7254, 52, 38, 93, 163]
gc 0
Test threshold 0.5 Acc 0.9185526315789474
t0.5_test_time 0.31859089800002494
data_distribution  [7171, 63, 51, 98, 217]
gc 0
Test threshold 0.6 Acc 0.9184210526315789
t0.6_test_time 0.3180545490000668
data_distribution  [7060, 67, 71, 131, 271]
gc 0
Test threshold 0.7 Acc 0.9192105263157895
t0.7_test_time 0.3180878619999703
data_distribution  [6927, 81, 84, 151, 357]
gc 0
Test threshold 0.8 Acc 0.9193421052631578
t0.8_test_time 0.31802824999999757
data_distribution  [6751, 86, 102, 195, 466]
gc 0
Test threshold 0.9 Acc 0.9189473684210526
t0.9_test_time 0.3183374289999392
data_distribution  [6430, 133, 122, 252, 663]
gc 0
Train Epoch7 Acc 0.9402083333333333 (112825/120000)
ep7_train_time 6.016023232999942
Test Epoch7 layer0 Acc 0.9185526315789474
ep7_l0_test_time 0.30246644799990463
Test Epoch7 layer1 Acc 0.9197368421052632
ep7_l1_test_time 0.3003654239998923
Test Epoch7 layer2 Acc 0.9189473684210526
ep7_l2_test_time 0.30191352800000004
Test Epoch7 layer3 Acc 0.9197368421052632
ep7_l3_test_time 0.30660647100000915
Test Epoch7 layer4 Acc 0.9190789473684211
ep7_l4_test_time 0.30445027799999025
gc 0
Test threshold 0.1 Acc 0.9180263157894737
t0.1_test_time 0.319214742999975
data_distribution  [7538, 18, 14, 17, 13]
gc 0
Test threshold 0.2 Acc 0.9185526315789474
t0.2_test_time 0.3235586409999769
data_distribution  [7430, 43, 26, 47, 54]
gc 0
Test threshold 0.3 Acc 0.9181578947368421
t0.3_test_time 0.31871212999999443
data_distribution  [7345, 44, 37, 61, 113]
gc 0
Test threshold 0.4 Acc 0.9186842105263158
t0.4_test_time 0.31801426000004085
data_distribution  [7254, 52, 38, 93, 163]
gc 0
Test threshold 0.5 Acc 0.9185526315789474
t0.5_test_time 0.31868082400001185
data_distribution  [7171, 63, 51, 98, 217]
gc 0
Test threshold 0.6 Acc 0.9188157894736843
t0.6_test_time 0.31800877900002433
data_distribution  [7060, 67, 71, 131, 271]
gc 0
Test threshold 0.7 Acc 0.9193421052631578
t0.7_test_time 0.31922122699995725
data_distribution  [6927, 81, 84, 151, 357]
gc 0
Test threshold 0.8 Acc 0.9193421052631578
t0.8_test_time 0.3189164300000584
data_distribution  [6751, 86, 102, 195, 466]
gc 0
Test threshold 0.9 Acc 0.9186842105263158
t0.9_test_time 0.3192566259999694
data_distribution  [6430, 133, 122, 252, 663]
gc 0
Train Epoch8 Acc 0.9403 (112836/120000)
ep8_train_time 6.133507982000083
Test Epoch8 layer0 Acc 0.9185526315789474
ep8_l0_test_time 0.3048430860000053
Test Epoch8 layer1 Acc 0.9197368421052632
ep8_l1_test_time 0.3035669790000384
Test Epoch8 layer2 Acc 0.9189473684210526
ep8_l2_test_time 0.3097326920000114
Test Epoch8 layer3 Acc 0.9197368421052632
ep8_l3_test_time 0.3082633359999818
Test Epoch8 layer4 Acc 0.9188157894736843
ep8_l4_test_time 0.3069212579999885
gc 0
Test threshold 0.1 Acc 0.9180263157894737
t0.1_test_time 0.3176180340000201
data_distribution  [7538, 18, 14, 17, 13]
gc 0
Test threshold 0.2 Acc 0.9185526315789474
t0.2_test_time 0.3183830240000134
data_distribution  [7430, 43, 26, 47, 54]
gc 0
Test threshold 0.3 Acc 0.9186842105263158
t0.3_test_time 0.3181800810000368
data_distribution  [7345, 44, 37, 61, 113]
gc 0
Test threshold 0.4 Acc 0.9189473684210526
t0.4_test_time 0.31879270500007806
data_distribution  [7254, 52, 38, 93, 163]
gc 0
Test threshold 0.5 Acc 0.9185526315789474
t0.5_test_time 0.3216546370000515
data_distribution  [7171, 63, 51, 98, 217]
gc 0
Test threshold 0.6 Acc 0.9185526315789474
t0.6_test_time 0.32579150499998377
data_distribution  [7060, 67, 71, 131, 271]
gc 0
Test threshold 0.7 Acc 0.9192105263157895
t0.7_test_time 0.3188932720000821
data_distribution  [6927, 81, 84, 151, 357]
gc 0
Test threshold 0.8 Acc 0.9192105263157895
t0.8_test_time 0.31867263200001616
data_distribution  [6751, 86, 102, 195, 466]
gc 0
Test threshold 0.9 Acc 0.9185526315789474
t0.9_test_time 0.31805036200000814
data_distribution  [6430, 133, 122, 252, 663]
gc 0
Train Epoch9 Acc 0.9405 (112860/120000)
ep9_train_time 6.1974922010000455
Test Epoch9 layer0 Acc 0.9185526315789474
ep9_l0_test_time 0.30204475899995487
Test Epoch9 layer1 Acc 0.9197368421052632
ep9_l1_test_time 0.30056640200007223
Test Epoch9 layer2 Acc 0.9189473684210526
ep9_l2_test_time 0.3013056270000334
Test Epoch9 layer3 Acc 0.9197368421052632
ep9_l3_test_time 0.3016133319999881
Test Epoch9 layer4 Acc 0.9194736842105263
ep9_l4_test_time 0.3039609219999875
Save ckpt to ckpt/ag_news_linearal_l5_pad177_fix//ag_news_linearal_l5_m4.pt  ,ep 9
gc 0
Test threshold 0.1 Acc 0.9180263157894737
t0.1_test_time 0.3171001169999954
data_distribution  [7538, 18, 14, 17, 13]
gc 0
Test threshold 0.2 Acc 0.9184210526315789
t0.2_test_time 0.3179671050000934
data_distribution  [7430, 43, 26, 47, 54]
gc 0
Test threshold 0.3 Acc 0.9182894736842105
t0.3_test_time 0.31845074500006376
data_distribution  [7345, 44, 37, 61, 113]
gc 0
Test threshold 0.4 Acc 0.9185526315789474
t0.4_test_time 0.31945946999996977
data_distribution  [7254, 52, 38, 93, 163]
gc 0
Test threshold 0.5 Acc 0.9182894736842105
t0.5_test_time 0.3188575579999906
data_distribution  [7171, 63, 51, 98, 217]
gc 0
Test threshold 0.6 Acc 0.9182894736842105
t0.6_test_time 0.3190325909999956
data_distribution  [7060, 67, 71, 131, 271]
gc 0
Test threshold 0.7 Acc 0.9190789473684211
t0.7_test_time 0.31810031800000615
data_distribution  [6927, 81, 84, 151, 357]
gc 0
Test threshold 0.8 Acc 0.9193421052631578
t0.8_test_time 0.3188171929999726
data_distribution  [6751, 86, 102, 195, 466]
gc 0
Test threshold 0.9 Acc 0.9190789473684211
t0.9_test_time 0.31878085400001055
data_distribution  [6430, 133, 122, 252, 663]
Best Acc 0.9194736842105263 9 4
total_train+valid_time 549.6184753040001
