total count words 102019
vocab size 30000
found 26754 words in glove
Load ckpt from ckpt/ag_news_linearal_l5adf_pad100_t0.7_m4//ag_news_linearal_l5_prefix.pt
model: LinearModelML(
  (layers): ModuleList(
    (0): EMBLayer(
      (enc): ENC(
        (b): Sequential(
          (0): Linear(in_features=300, out_features=128, bias=True)
          (1): Tanh()
        )
        (f): Embedding(30000, 300)
        (cri): MSELoss()
      )
      (ae): AE(
        (g): Sequential(
          (0): Linear(in_features=4, out_features=128, bias=True)
          (1): Tanh()
        )
        (h): Sequential(
          (0): Linear(in_features=128, out_features=4, bias=True)
          (1): Sigmoid()
        )
        (cri): CrossEntropyLoss()
      )
    )
    (1): LinearLayer(
      (enc): ENC(
        (b): Sequential(
          (0): Linear(in_features=300, out_features=128, bias=True)
          (1): Tanh()
        )
        (f): Sequential(
          (0): Linear(in_features=300, out_features=300, bias=True)
          (1): ELU(alpha=1.0)
        )
        (cri): MSELoss()
      )
      (ae): AE(
        (g): Sequential(
          (0): Linear(in_features=128, out_features=128, bias=True)
          (1): Tanh()
        )
        (h): Sequential(
          (0): Linear(in_features=128, out_features=128, bias=True)
        )
        (cri): MSELoss()
      )
    )
    (2): LinearLayer(
      (enc): ENC(
        (b): Sequential(
          (0): Linear(in_features=300, out_features=128, bias=True)
          (1): Tanh()
        )
        (f): Sequential(
          (0): Linear(in_features=300, out_features=300, bias=True)
          (1): ELU(alpha=1.0)
        )
        (cri): MSELoss()
      )
      (ae): AE(
        (g): Sequential(
          (0): Linear(in_features=128, out_features=128, bias=True)
          (1): Tanh()
        )
        (h): Sequential(
          (0): Linear(in_features=128, out_features=128, bias=True)
        )
        (cri): MSELoss()
      )
    )
    (3): LinearLayer(
      (enc): ENC(
        (b): Sequential(
          (0): Linear(in_features=300, out_features=128, bias=True)
          (1): Tanh()
        )
        (f): Sequential(
          (0): Linear(in_features=300, out_features=300, bias=True)
          (1): ELU(alpha=1.0)
        )
        (cri): MSELoss()
      )
      (ae): AE(
        (g): Sequential(
          (0): Linear(in_features=128, out_features=128, bias=True)
          (1): Tanh()
        )
        (h): Sequential(
          (0): Linear(in_features=128, out_features=128, bias=True)
        )
        (cri): MSELoss()
      )
    )
    (4): LinearLayer(
      (enc): ENC(
        (b): Sequential(
          (0): Linear(in_features=300, out_features=128, bias=True)
          (1): Tanh()
        )
        (f): Sequential(
          (0): Linear(in_features=300, out_features=300, bias=True)
          (1): ELU(alpha=1.0)
        )
        (cri): MSELoss()
      )
      (ae): AE(
        (g): Sequential(
          (0): Linear(in_features=128, out_features=128, bias=True)
          (1): Tanh()
        )
        (h): Sequential(
          (0): Linear(in_features=128, out_features=128, bias=True)
        )
        (cri): MSELoss()
      )
    )
  )
)
layers.0.enc.b.0.weight 38400
layers.0.enc.b.0.bias 128
layers.0.enc.f.weight 9000000
layers.0.ae.g.0.weight 512
layers.0.ae.g.0.bias 128
layers.0.ae.h.0.weight 512
layers.0.ae.h.0.bias 4
layers.1.enc.b.0.weight 38400
layers.1.enc.b.0.bias 128
layers.1.enc.f.0.weight 90000
layers.1.enc.f.0.bias 300
layers.1.ae.g.0.weight 16384
layers.1.ae.g.0.bias 128
layers.1.ae.h.0.weight 16384
layers.1.ae.h.0.bias 128
layers.2.enc.b.0.weight 38400
layers.2.enc.b.0.bias 128
layers.2.enc.f.0.weight 90000
layers.2.enc.f.0.bias 300
layers.2.ae.g.0.weight 16384
layers.2.ae.g.0.bias 128
layers.2.ae.h.0.weight 16384
layers.2.ae.h.0.bias 128
layers.3.enc.b.0.weight 38400
layers.3.enc.b.0.bias 128
layers.3.enc.f.0.weight 90000
layers.3.enc.f.0.bias 300
layers.3.ae.g.0.weight 16384
layers.3.ae.g.0.bias 128
layers.3.ae.h.0.weight 16384
layers.3.ae.h.0.bias 128
layers.4.enc.b.0.weight 38400
layers.4.enc.b.0.bias 128
layers.4.enc.f.0.weight 90000
layers.4.enc.f.0.bias 300
layers.4.ae.g.0.weight 16384
layers.4.ae.g.0.bias 128
layers.4.ae.h.0.weight 16384
layers.4.ae.h.0.bias 128
Total Trainable Params: 9687092
Start Training
train_mask {0, 1, 2, 3, 4}
gc 9
Train Epoch0 Acc 0.9084583333333334 (109015/120000), AUC 0.9838149547576904
ep0_train_time 8.284801244735718
Test Epoch0 threshold 0.7 Acc 0.9136513157894737, AUC 0.9806200861930847, avg_entr 0.02592480555176735
ep0_t0.7_test_time 0.16214323043823242
Save ckpt to ckpt/ag_news_linearal_l5adf_pad100_t0.7_m5//ag_news_linearal_l5_prefix.pt  ,ep 0
gc 0
Train Epoch1 Acc 0.94825 (113790/120000), AUC 0.992742121219635
ep1_train_time 7.874690294265747
Test Epoch1 threshold 0.7 Acc 0.9161184210526315, AUC 0.9803754687309265, avg_entr 0.025772277265787125
ep1_t0.7_test_time 0.1600954532623291
gc 0
Train Epoch2 Acc 0.949975 (113997/120000), AUC 0.9930117726325989
ep2_train_time 7.925063371658325
Test Epoch2 threshold 0.7 Acc 0.9146381578947368, AUC 0.9804079532623291, avg_entr 0.025695115327835083
ep2_t0.7_test_time 0.16051435470581055
gc 0
Train Epoch3 Acc 0.9514916666666666 (114179/120000), AUC 0.9933831691741943
ep3_train_time 7.937251806259155
Test Epoch3 threshold 0.7 Acc 0.9131578947368421, AUC 0.9799385070800781, avg_entr 0.02712443843483925
ep3_t0.7_test_time 0.15967464447021484
gc 0
Train Epoch4 Acc 0.952775 (114333/120000), AUC 0.9936902523040771
ep4_train_time 7.867642641067505
Test Epoch4 threshold 0.7 Acc 0.9101973684210526, AUC 0.9797333478927612, avg_entr 0.026126129552721977
ep4_t0.7_test_time 0.1597907543182373
gc 0
Train Epoch5 Acc 0.9551333333333333 (114616/120000), AUC 0.9945018291473389
ep5_train_time 8.93089771270752
Test Epoch5 threshold 0.7 Acc 0.912828947368421, AUC 0.9796806573867798, avg_entr 0.025268513709306717
ep5_t0.7_test_time 0.17501330375671387
gc 0
Train Epoch6 Acc 0.9555833333333333 (114670/120000), AUC 0.9945862889289856
ep6_train_time 9.151139974594116
Test Epoch6 threshold 0.7 Acc 0.9098684210526315, AUC 0.9794760942459106, avg_entr 0.02692236937582493
ep6_t0.7_test_time 0.16057205200195312
gc 0
Train Epoch7 Acc 0.9561083333333333 (114733/120000), AUC 0.9948081970214844
ep7_train_time 7.9875195026397705
Test Epoch7 threshold 0.7 Acc 0.9115131578947369, AUC 0.9793879985809326, avg_entr 0.027155878022313118
ep7_t0.7_test_time 0.16131949424743652
gc 0
Train Epoch8 Acc 0.9567833333333333 (114814/120000), AUC 0.9949003458023071
ep8_train_time 7.960763454437256
Test Epoch8 threshold 0.7 Acc 0.9105263157894737, AUC 0.9793581962585449, avg_entr 0.026519084349274635
ep8_t0.7_test_time 0.15967011451721191
gc 0
Train Epoch9 Acc 0.9578166666666666 (114938/120000), AUC 0.9952887296676636
ep9_train_time 7.891830682754517
Test Epoch9 threshold 0.7 Acc 0.9111842105263158, AUC 0.9792852401733398, avg_entr 0.02606198377907276
ep9_t0.7_test_time 0.1611003875732422
Best AUC 0.9806200861930847
train_loss (2, 5, 10)
valid_acc (10, 1)
valid_AUC (10, 1)
train_acc (10,)
Figure(640x480)
Figure(640x480)
Figure(640x480)
Figure(640x480)
Figure(640x480)
Start Testing
Load ckpt at ckpt/ag_news_linearal_l5adf_pad100_t0.7_m5//ag_news_linearal_l5_prefix.pt
Test threshold 0.7 Acc 0.9243421052631579, AUC 0.9861538410186768, avg_entr 0.026321202516555786
t0.7_test_time 0.040784358978271484
