total count words 887881
vocab size 30000
train size 560000, test size 70000
found 28354 words in glove
L0f Total Trainable Params: 9000000
L0b Total Trainable Params: 38528
L0ae Total Trainable Params: 3726
L1f Total Trainable Params: 1086600
L1b Total Trainable Params: 38528
L1ae Total Trainable Params: 33024
L2f Total Trainable Params: 1086600
L2b Total Trainable Params: 38528
L2ae Total Trainable Params: 33024
L3f Total Trainable Params: 1086600
L3b Total Trainable Params: 38528
L3ae Total Trainable Params: 33024
L4f Total Trainable Params: 1086600
L4b Total Trainable Params: 38528
L4ae Total Trainable Params: 33024
init_time 55.710286322
Start Training
gc 0
Train Epoch0 Acc 0.7182410714285714 (402215/560000)
ep0_train_time 173.673826666
Test Epoch0 layer0 Acc 0.9720571428571428
ep0_l0_test_time 1.4482013599999846
Save ckpt to ckpt/dbpedia_14_transformeral_l5_pad80//dbpedia_14_transformeral_l5.pt  ,ep 0
Test Epoch0 layer1 Acc 0.9703
ep0_l1_test_time 2.480628008999986
Test Epoch0 layer2 Acc 0.9696
ep0_l2_test_time 3.3347464729999956
Test Epoch0 layer3 Acc 0.9695428571428572
ep0_l3_test_time 4.238635533000007
Test Epoch0 layer4 Acc 0.9695142857142857
ep0_l4_test_time 5.092137357000013
gc 0
Test threshold 0.1 Acc 0.9713142857142857
t0.1_test_time 1.7816267839999966
data_distribution  [68292, 1439, 95, 22, 152]
gc 0
Test threshold 0.2 Acc 0.9707142857142858
t0.2_test_time 1.9407079270000054
data_distribution  [66959, 2544, 164, 51, 282]
gc 0
Test threshold 0.3 Acc 0.9706714285714285
t0.3_test_time 1.907038362999998
data_distribution  [65787, 3472, 247, 72, 422]
gc 0
Test threshold 0.4 Acc 0.9704142857142857
t0.4_test_time 1.8775840250000044
data_distribution  [64664, 4359, 339, 88, 550]
gc 0
Test threshold 0.5 Acc 0.9704
t0.5_test_time 1.8467359589999717
data_distribution  [63528, 5239, 432, 95, 706]
gc 0
Test threshold 0.6 Acc 0.9702
t0.6_test_time 1.93389152900005
data_distribution  [62289, 6156, 570, 130, 855]
gc 0
Test threshold 0.7 Acc 0.9699857142857143
t0.7_test_time 1.9066453830000114
data_distribution  [60696, 7323, 731, 172, 1078]
gc 0
Test threshold 0.8 Acc 0.9696
t0.8_test_time 1.945681922999995
data_distribution  [58700, 8697, 971, 239, 1393]
gc 0
Test threshold 0.9 Acc 0.9693142857142857
t0.9_test_time 1.9965631559999792
data_distribution  [55357, 10930, 1368, 357, 1988]
gc 0
Train Epoch1 Acc 0.9751357142857143 (546076/560000)
ep1_train_time 172.64389081000002
Test Epoch1 layer0 Acc 0.9733571428571428
ep1_l0_test_time 1.441373196000029
Save ckpt to ckpt/dbpedia_14_transformeral_l5_pad80//dbpedia_14_transformeral_l5.pt  ,ep 1
Test Epoch1 layer1 Acc 0.9752
ep1_l1_test_time 2.372001662999992
Save ckpt to ckpt/dbpedia_14_transformeral_l5_pad80//dbpedia_14_transformeral_l5.pt  ,ep 1
Test Epoch1 layer2 Acc 0.9754142857142857
ep1_l2_test_time 3.3124164039999755
Save ckpt to ckpt/dbpedia_14_transformeral_l5_pad80//dbpedia_14_transformeral_l5.pt  ,ep 1
Test Epoch1 layer3 Acc 0.9753714285714286
ep1_l3_test_time 4.240609927999969
Test Epoch1 layer4 Acc 0.9752857142857143
ep1_l4_test_time 5.0758494279999695
gc 0
Test threshold 0.1 Acc 0.9739714285714286
t0.1_test_time 1.6356313680000198
data_distribution  [68237, 1674, 41, 11, 37]
gc 0
Test threshold 0.2 Acc 0.9741571428571428
t0.2_test_time 1.699313227999994
data_distribution  [67318, 2491, 88, 24, 79]
gc 0
Test threshold 0.3 Acc 0.9740428571428571
t0.3_test_time 1.731541538999977
data_distribution  [66474, 3256, 111, 41, 118]
gc 0
Test threshold 0.4 Acc 0.9739857142857142
t0.4_test_time 1.7617889339999806
data_distribution  [65696, 3941, 163, 44, 156]
gc 0
Test threshold 0.5 Acc 0.9741857142857143
t0.5_test_time 1.782661948999987
data_distribution  [64883, 4643, 221, 63, 190]
gc 0
Test threshold 0.6 Acc 0.9741
t0.6_test_time 1.8153092759999936
data_distribution  [64006, 5408, 263, 98, 225]
gc 0
Test threshold 0.7 Acc 0.9741571428571428
t0.7_test_time 1.832559419000006
data_distribution  [62880, 6363, 342, 110, 305]
gc 0
Test threshold 0.8 Acc 0.9743142857142857
t0.8_test_time 1.8661424669999747
data_distribution  [61490, 7507, 448, 147, 408]
gc 0
Test threshold 0.9 Acc 0.9744
t0.9_test_time 1.9018895940000107
data_distribution  [59071, 9445, 628, 219, 637]
gc 0
Train Epoch2 Acc 0.9806892857142857 (549186/560000)
ep2_train_time 172.86727162000005
Test Epoch2 layer0 Acc 0.9742857142857143
ep2_l0_test_time 1.4683244740000418
Test Epoch2 layer1 Acc 0.9785
ep2_l1_test_time 2.364107534999903
Save ckpt to ckpt/dbpedia_14_transformeral_l5_pad80//dbpedia_14_transformeral_l5.pt  ,ep 2
Test Epoch2 layer2 Acc 0.9785428571428572
ep2_l2_test_time 3.287758894000035
Save ckpt to ckpt/dbpedia_14_transformeral_l5_pad80//dbpedia_14_transformeral_l5.pt  ,ep 2
Test Epoch2 layer3 Acc 0.9783
ep2_l3_test_time 4.224618311999961
Test Epoch2 layer4 Acc 0.9782571428571428
ep2_l4_test_time 5.070760279999945
gc 0
Test threshold 0.1 Acc 0.975
t0.1_test_time 1.62098827300008
data_distribution  [68197, 1721, 45, 8, 29]
gc 0
Test threshold 0.2 Acc 0.9753571428571428
t0.2_test_time 1.6698631350000142
data_distribution  [67368, 2471, 99, 23, 39]
gc 0
Test threshold 0.3 Acc 0.9756
t0.3_test_time 1.6995039420000921
data_distribution  [66698, 3077, 132, 33, 60]
gc 0
Test threshold 0.4 Acc 0.9758714285714286
t0.4_test_time 1.7320308509999904
data_distribution  [66043, 3664, 172, 37, 84]
gc 0
Test threshold 0.5 Acc 0.9760571428571428
t0.5_test_time 1.7575184470000522
data_distribution  [65366, 4279, 203, 43, 109]
gc 0
Test threshold 0.6 Acc 0.9761285714285715
t0.6_test_time 1.808221892000006
data_distribution  [64676, 4906, 216, 71, 131]
gc 0
Test threshold 0.7 Acc 0.9762714285714286
t0.7_test_time 1.795542959000045
data_distribution  [63846, 5641, 255, 89, 169]
gc 0
Test threshold 0.8 Acc 0.9765142857142857
t0.8_test_time 1.8394675060000054
data_distribution  [62703, 6633, 325, 107, 232]
gc 0
Test threshold 0.9 Acc 0.9766857142857143
t0.9_test_time 1.9995643119999613
data_distribution  [60786, 8276, 421, 165, 352]
gc 0
Train Epoch3 Acc 0.9839214285714286 (550996/560000)
ep3_train_time 172.86394661999998
Test Epoch3 layer0 Acc 0.9741285714285715
ep3_l0_test_time 1.4435858320000534
Test Epoch3 layer1 Acc 0.9786285714285714
ep3_l1_test_time 2.3748213169999417
Save ckpt to ckpt/dbpedia_14_transformeral_l5_pad80//dbpedia_14_transformeral_l5.pt  ,ep 3
Test Epoch3 layer2 Acc 0.9789571428571429
ep3_l2_test_time 3.293846484000028
Save ckpt to ckpt/dbpedia_14_transformeral_l5_pad80//dbpedia_14_transformeral_l5.pt  ,ep 3
Test Epoch3 layer3 Acc 0.9791
ep3_l3_test_time 4.22871224000005
Save ckpt to ckpt/dbpedia_14_transformeral_l5_pad80//dbpedia_14_transformeral_l5.pt  ,ep 3
Test Epoch3 layer4 Acc 0.9790142857142857
ep3_l4_test_time 5.0823204399999895
gc 0
Test threshold 0.1 Acc 0.9752
t0.1_test_time 1.621155540000018
data_distribution  [68230, 1650, 64, 22, 34]
gc 0
Test threshold 0.2 Acc 0.9753857142857143
t0.2_test_time 1.657535275999976
data_distribution  [67534, 2300, 83, 41, 42]
gc 0
Test threshold 0.3 Acc 0.9755428571428572
t0.3_test_time 1.682287667999958
data_distribution  [66944, 2850, 105, 43, 58]
gc 0
Test threshold 0.4 Acc 0.9757714285714286
t0.4_test_time 1.7126396429999886
data_distribution  [66410, 3323, 143, 49, 75]
gc 0
Test threshold 0.5 Acc 0.9760714285714286
t0.5_test_time 1.789348041999915
data_distribution  [65878, 3798, 173, 54, 97]
gc 0
Test threshold 0.6 Acc 0.9762
t0.6_test_time 1.7896500439999272
data_distribution  [65254, 4362, 199, 78, 107]
gc 0
Test threshold 0.7 Acc 0.9762571428571428
t0.7_test_time 1.7796879130000889
data_distribution  [64531, 5007, 233, 104, 125]
gc 0
Test threshold 0.8 Acc 0.9765285714285714
t0.8_test_time 1.8072585649999837
data_distribution  [63659, 5763, 281, 133, 164]
gc 0
Test threshold 0.9 Acc 0.9769
t0.9_test_time 1.860901154999965
data_distribution  [62065, 7159, 342, 173, 261]
gc 0
Train Epoch4 Acc 0.9856428571428572 (551960/560000)
ep4_train_time 172.5752879160001
Test Epoch4 layer0 Acc 0.9745142857142857
ep4_l0_test_time 1.4772403960000702
Test Epoch4 layer1 Acc 0.9791
ep4_l1_test_time 2.3971745329999976
Save ckpt to ckpt/dbpedia_14_transformeral_l5_pad80//dbpedia_14_transformeral_l5.pt  ,ep 4
Test Epoch4 layer2 Acc 0.9793857142857143
ep4_l2_test_time 3.2904238680000617
Save ckpt to ckpt/dbpedia_14_transformeral_l5_pad80//dbpedia_14_transformeral_l5.pt  ,ep 4
Test Epoch4 layer3 Acc 0.9793857142857143
ep4_l3_test_time 4.245466711000063
Save ckpt to ckpt/dbpedia_14_transformeral_l5_pad80//dbpedia_14_transformeral_l5.pt  ,ep 4
Test Epoch4 layer4 Acc 0.9792571428571428
ep4_l4_test_time 5.086041651999949
gc 0
Test threshold 0.1 Acc 0.9757
t0.1_test_time 1.6249825840000085
data_distribution  [68105, 1773, 71, 24, 27]
gc 0
Test threshold 0.2 Acc 0.9760857142857143
t0.2_test_time 1.6870860400001675
data_distribution  [67449, 2365, 108, 36, 42]
gc 0
Test threshold 0.3 Acc 0.9763
t0.3_test_time 1.7049597840000388
data_distribution  [66930, 2841, 121, 47, 61]
gc 0
Test threshold 0.4 Acc 0.9763714285714286
t0.4_test_time 1.741413613000077
data_distribution  [66456, 3267, 145, 54, 78]
gc 0
Test threshold 0.5 Acc 0.9765428571428572
t0.5_test_time 1.7440996519999317
data_distribution  [65948, 3736, 160, 67, 89]
gc 0
Test threshold 0.6 Acc 0.9766857142857143
t0.6_test_time 1.7931562930000382
data_distribution  [65430, 4196, 187, 74, 113]
gc 0
Test threshold 0.7 Acc 0.9769428571428571
t0.7_test_time 1.769953568000119
data_distribution  [64780, 4785, 220, 80, 135]
gc 0
Test threshold 0.8 Acc 0.9770714285714286
t0.8_test_time 1.8332835390001492
data_distribution  [63942, 5544, 253, 94, 167]
gc 0
Test threshold 0.9 Acc 0.9775
t0.9_test_time 1.8610062269999617
data_distribution  [62607, 6725, 296, 142, 230]
gc 0
Train Epoch5 Acc 0.9866178571428571 (552506/560000)
ep5_train_time 172.81556422100016
Test Epoch5 layer0 Acc 0.9742571428571428
ep5_l0_test_time 1.4467437519999748
Test Epoch5 layer1 Acc 0.9789714285714286
ep5_l1_test_time 2.398845852000022
Test Epoch5 layer2 Acc 0.9793857142857143
ep5_l2_test_time 3.285108343000047
Save ckpt to ckpt/dbpedia_14_transformeral_l5_pad80//dbpedia_14_transformeral_l5.pt  ,ep 5
Test Epoch5 layer3 Acc 0.9794285714285714
ep5_l3_test_time 4.258309944000075
Save ckpt to ckpt/dbpedia_14_transformeral_l5_pad80//dbpedia_14_transformeral_l5.pt  ,ep 5
Test Epoch5 layer4 Acc 0.9793428571428572
ep5_l4_test_time 5.1973161169999
gc 0
Test threshold 0.1 Acc 0.9754
t0.1_test_time 1.6881909060000453
data_distribution  [68132, 1746, 60, 35, 27]
gc 0
Test threshold 0.2 Acc 0.9757285714285714
t0.2_test_time 1.6908286209998096
data_distribution  [67534, 2292, 93, 32, 49]
gc 0
Test threshold 0.3 Acc 0.9758571428571429
t0.3_test_time 1.7362540290000652
data_distribution  [67099, 2686, 113, 36, 66]
gc 0
Test threshold 0.4 Acc 0.9759285714285715
t0.4_test_time 1.7107302699998854
data_distribution  [66660, 3087, 135, 43, 75]
gc 0
Test threshold 0.5 Acc 0.9761285714285715
t0.5_test_time 1.7592570300000716
data_distribution  [66245, 3462, 156, 47, 90]
gc 0
Test threshold 0.6 Acc 0.9762285714285714
t0.6_test_time 1.7901015610000286
data_distribution  [65784, 3876, 176, 54, 110]
gc 0
Test threshold 0.7 Acc 0.9763428571428572
t0.7_test_time 1.7637118889999783
data_distribution  [65238, 4364, 203, 71, 124]
gc 0
Test threshold 0.8 Acc 0.9765571428571429
t0.8_test_time 1.8612722740001573
data_distribution  [64565, 4959, 237, 79, 160]
gc 0
Test threshold 0.9 Acc 0.9770285714285715
t0.9_test_time 1.823598451999942
data_distribution  [63434, 5939, 289, 114, 224]
gc 0
Train Epoch6 Acc 0.9875178571428571 (553010/560000)
ep6_train_time 172.821902057
Test Epoch6 layer0 Acc 0.9742142857142857
ep6_l0_test_time 1.4799904629999219
Test Epoch6 layer1 Acc 0.9793857142857143
ep6_l1_test_time 2.3950553909999144
Test Epoch6 layer2 Acc 0.979
ep6_l2_test_time 3.28550481100001
Test Epoch6 layer3 Acc 0.9789285714285715
ep6_l3_test_time 4.230490255999939
Test Epoch6 layer4 Acc 0.9791
ep6_l4_test_time 5.111804235999898
gc 0
Test threshold 0.1 Acc 0.9755428571428572
t0.1_test_time 1.6492699200000516
data_distribution  [67969, 1905, 79, 23, 24]
gc 0
Test threshold 0.2 Acc 0.9758857142857142
t0.2_test_time 1.659170131999872
data_distribution  [67415, 2415, 99, 27, 44]
gc 0
Test threshold 0.3 Acc 0.9760428571428571
t0.3_test_time 1.6816349749999517
data_distribution  [66959, 2837, 118, 26, 60]
gc 0
Test threshold 0.4 Acc 0.9761142857142857
t0.4_test_time 1.690296836000016
data_distribution  [66584, 3181, 134, 34, 67]
gc 0
Test threshold 0.5 Acc 0.9761857142857143
t0.5_test_time 1.7065318479999405
data_distribution  [66201, 3521, 158, 44, 76]
gc 0
Test threshold 0.6 Acc 0.9762142857142857
t0.6_test_time 1.7426865810000436
data_distribution  [65781, 3897, 180, 56, 86]
gc 0
Test threshold 0.7 Acc 0.9764285714285714
t0.7_test_time 1.768956750000143
data_distribution  [65287, 4330, 215, 64, 104]
gc 0
Test threshold 0.8 Acc 0.9765714285714285
t0.8_test_time 1.8016192060001686
data_distribution  [64647, 4897, 250, 71, 135]
gc 0
Test threshold 0.9 Acc 0.9769857142857142
t0.9_test_time 1.838958441000159
data_distribution  [63630, 5795, 292, 98, 185]
gc 0
Train Epoch7 Acc 0.9881553571428572 (553367/560000)
ep7_train_time 172.85838554299994
Test Epoch7 layer0 Acc 0.9742714285714286
ep7_l0_test_time 1.4941247369999928
Test Epoch7 layer1 Acc 0.9791142857142857
ep7_l1_test_time 2.377932464999958
Test Epoch7 layer2 Acc 0.9792571428571428
ep7_l2_test_time 3.305688863000114
Test Epoch7 layer3 Acc 0.9792142857142857
ep7_l3_test_time 4.232884052000145
Test Epoch7 layer4 Acc 0.9792
ep7_l4_test_time 5.076243369000167
gc 0
Test threshold 0.1 Acc 0.9754571428571429
t0.1_test_time 1.6385381800000687
data_distribution  [67864, 2001, 72, 24, 39]
gc 0
Test threshold 0.2 Acc 0.9757571428571429
t0.2_test_time 1.755120229999875
data_distribution  [67284, 2529, 104, 25, 58]
gc 0
Test threshold 0.3 Acc 0.9759857142857142
t0.3_test_time 1.7156980310001018
data_distribution  [66887, 2891, 126, 30, 66]
gc 0
Test threshold 0.4 Acc 0.9761714285714286
t0.4_test_time 1.7022988580001766
data_distribution  [66473, 3267, 151, 29, 80]
gc 0
Test threshold 0.5 Acc 0.9762857142857143
t0.5_test_time 1.7942760500000077
data_distribution  [66095, 3606, 174, 40, 85]
gc 0
Test threshold 0.6 Acc 0.9763714285714286
t0.6_test_time 1.7363184270000147
data_distribution  [65721, 3946, 178, 63, 92]
gc 0
Test threshold 0.7 Acc 0.9764428571428572
t0.7_test_time 1.7598424100001466
data_distribution  [65273, 4351, 191, 72, 113]
gc 0
Test threshold 0.8 Acc 0.9766571428571429
t0.8_test_time 1.777883127999985
data_distribution  [64652, 4899, 224, 77, 148]
gc 0
Test threshold 0.9 Acc 0.9769714285714286
t0.9_test_time 1.8539396399999077
data_distribution  [63692, 5743, 272, 84, 209]
gc 0
Train Epoch8 Acc 0.9887785714285714 (553716/560000)
ep8_train_time 172.93037544499998
Test Epoch8 layer0 Acc 0.9743857142857143
ep8_l0_test_time 1.46539493399996
Test Epoch8 layer1 Acc 0.9790285714285715
ep8_l1_test_time 2.3977715550001903
Test Epoch8 layer2 Acc 0.9791714285714286
ep8_l2_test_time 3.29100178900012
Test Epoch8 layer3 Acc 0.9791285714285715
ep8_l3_test_time 4.2319896750000225
Test Epoch8 layer4 Acc 0.9792285714285714
ep8_l4_test_time 5.092732942999874
gc 0
Test threshold 0.1 Acc 0.9755857142857143
t0.1_test_time 1.6549339590001182
data_distribution  [67510, 2322, 100, 26, 42]
gc 0
Test threshold 0.2 Acc 0.9757428571428571
t0.2_test_time 1.7082414110000173
data_distribution  [66963, 2808, 140, 32, 57]
gc 0
Test threshold 0.3 Acc 0.9758857142857142
t0.3_test_time 1.6978897110000162
data_distribution  [66523, 3213, 156, 44, 64]
gc 0
Test threshold 0.4 Acc 0.9760571428571428
t0.4_test_time 1.7221539660001781
data_distribution  [66094, 3597, 181, 50, 78]
gc 0
Test threshold 0.5 Acc 0.9762857142857143
t0.5_test_time 1.737949123999897
data_distribution  [65717, 3935, 204, 42, 102]
gc 0
Test threshold 0.6 Acc 0.9765428571428572
t0.6_test_time 1.7752537439998832
data_distribution  [65284, 4321, 227, 49, 119]
gc 0
Test threshold 0.7 Acc 0.9767428571428571
t0.7_test_time 1.8198274339999898
data_distribution  [64835, 4710, 249, 70, 136]
gc 0
Test threshold 0.8 Acc 0.9768857142857142
t0.8_test_time 1.8005176320000373
data_distribution  [64265, 5196, 283, 82, 174]
gc 0
Test threshold 0.9 Acc 0.9772857142857143
t0.9_test_time 1.8699612749999233
data_distribution  [63311, 6035, 328, 80, 246]
gc 0
Train Epoch9 Acc 0.9898107142857143 (554294/560000)
ep9_train_time 172.90708056699987
Test Epoch9 layer0 Acc 0.9742285714285714
ep9_l0_test_time 1.4684896339999796
Test Epoch9 layer1 Acc 0.9789285714285715
ep9_l1_test_time 2.382804445000147
Test Epoch9 layer2 Acc 0.9791571428571428
ep9_l2_test_time 3.3035119820001455
Test Epoch9 layer3 Acc 0.9790714285714286
ep9_l3_test_time 4.219160186999943
Test Epoch9 layer4 Acc 0.9790285714285715
ep9_l4_test_time 5.075944359000005
gc 0
Test threshold 0.1 Acc 0.9756285714285714
t0.1_test_time 1.669703817000027
data_distribution  [67368, 2471, 98, 19, 44]
gc 0
Test threshold 0.2 Acc 0.9758714285714286
t0.2_test_time 1.7081806390001475
data_distribution  [66789, 2991, 128, 32, 60]
gc 0
Test threshold 0.3 Acc 0.9760857142857143
t0.3_test_time 1.7419760349998796
data_distribution  [66334, 3396, 164, 31, 75]
gc 0
Test threshold 0.4 Acc 0.9761714285714286
t0.4_test_time 1.7793649770001139
data_distribution  [65916, 3771, 186, 37, 90]
gc 0
Test threshold 0.5 Acc 0.9764142857142857
t0.5_test_time 1.742629543000021
data_distribution  [65553, 4096, 207, 41, 103]
gc 0
Test threshold 0.6 Acc 0.9765714285714285
t0.6_test_time 1.7645332739998594
data_distribution  [65129, 4466, 232, 52, 121]
gc 0
Test threshold 0.7 Acc 0.9766428571428571
t0.7_test_time 2.0561005540002952
data_distribution  [64665, 4868, 254, 76, 137]
gc 0
Test threshold 0.8 Acc 0.9767857142857143
t0.8_test_time 1.8123164720000204
data_distribution  [64087, 5356, 291, 95, 171]
gc 0
Test threshold 0.9 Acc 0.9769857142857142
t0.9_test_time 1.8491441790001772
data_distribution  [63127, 6186, 328, 118, 241]
gc 0
Train Epoch10 Acc 0.9902803571428571 (554557/560000)
ep10_train_time 172.8313773140003
Test Epoch10 layer0 Acc 0.9745142857142857
ep10_l0_test_time 1.4419562660000338
Test Epoch10 layer1 Acc 0.9791571428571428
ep10_l1_test_time 2.3817670859998543
Test Epoch10 layer2 Acc 0.9792285714285714
ep10_l2_test_time 3.3028181209997456
Test Epoch10 layer3 Acc 0.9792571428571428
ep10_l3_test_time 4.223339994000071
Test Epoch10 layer4 Acc 0.9792571428571428
ep10_l4_test_time 5.075991643999714
gc 0
Test threshold 0.1 Acc 0.9759285714285715
t0.1_test_time 1.6662808830001268
data_distribution  [67231, 2562, 122, 33, 52]
gc 0
Test threshold 0.2 Acc 0.9762571428571428
t0.2_test_time 1.7112672410003142
data_distribution  [66643, 3090, 160, 31, 76]
gc 0
Test threshold 0.3 Acc 0.9764857142857143
t0.3_test_time 1.7190018689998396
data_distribution  [66176, 3523, 176, 35, 90]
gc 0
Test threshold 0.4 Acc 0.9766142857142858
t0.4_test_time 1.736331908000011
data_distribution  [65767, 3884, 201, 48, 100]
gc 0
Test threshold 0.5 Acc 0.9768285714285714
t0.5_test_time 1.7735148560000198
data_distribution  [65406, 4191, 222, 69, 112]
gc 0
Test threshold 0.6 Acc 0.9769142857142857
t0.6_test_time 1.7819323410003562
data_distribution  [64992, 4570, 229, 77, 132]
gc 0
Test threshold 0.7 Acc 0.9770571428571428
t0.7_test_time 1.7778693410000415
data_distribution  [64522, 4988, 245, 84, 161]
gc 0
Test threshold 0.8 Acc 0.9772285714285714
t0.8_test_time 1.8280736460001208
data_distribution  [63951, 5485, 272, 90, 202]
gc 0
Test threshold 0.9 Acc 0.9774571428571428
t0.9_test_time 1.831636394999805
data_distribution  [63035, 6263, 332, 96, 274]
gc 0
Train Epoch11 Acc 0.9908392857142857 (554870/560000)
ep11_train_time 172.96907028099986
Test Epoch11 layer0 Acc 0.9743857142857143
ep11_l0_test_time 1.4368286829999306
Test Epoch11 layer1 Acc 0.9792285714285714
ep11_l1_test_time 2.3817996520001543
Test Epoch11 layer2 Acc 0.9794285714285714
ep11_l2_test_time 3.3022230179999497
Save ckpt to ckpt/dbpedia_14_transformeral_l5_pad80//dbpedia_14_transformeral_l5.pt  ,ep 11
Test Epoch11 layer3 Acc 0.9793857142857143
ep11_l3_test_time 4.2220914350000385
Test Epoch11 layer4 Acc 0.9793714285714286
ep11_l4_test_time 5.076056039999912
gc 0
Test threshold 0.1 Acc 0.976
t0.1_test_time 1.690103172000363
data_distribution  [67060, 2731, 140, 25, 44]
gc 0
Test threshold 0.2 Acc 0.9762285714285714
t0.2_test_time 1.7141603029999715
data_distribution  [66441, 3277, 175, 40, 67]
gc 0
Test threshold 0.3 Acc 0.9764285714285714
t0.3_test_time 1.7372630659997412
data_distribution  [65955, 3728, 197, 34, 86]
gc 0
Test threshold 0.4 Acc 0.9766142857142858
t0.4_test_time 1.7420835569996598
data_distribution  [65542, 4101, 221, 30, 106]
gc 0
Test threshold 0.5 Acc 0.9768285714285714
t0.5_test_time 1.8228054319997682
data_distribution  [65147, 4456, 234, 43, 120]
gc 0
Test threshold 0.6 Acc 0.9770428571428571
t0.6_test_time 1.8302778679999392
data_distribution  [64739, 4809, 257, 55, 140]
gc 0
Test threshold 0.7 Acc 0.9771142857142857
t0.7_test_time 1.8831881939995583
data_distribution  [64260, 5224, 287, 66, 163]
gc 0
Test threshold 0.8 Acc 0.9772142857142857
t0.8_test_time 1.8430253590004213
data_distribution  [63688, 5727, 313, 71, 201]
gc 0
Test threshold 0.9 Acc 0.9775142857142857
t0.9_test_time 1.8382903469996563
data_distribution  [62706, 6574, 365, 81, 274]
gc 0
Train Epoch12 Acc 0.9910875 (555009/560000)
ep12_train_time 172.98680642
Test Epoch12 layer0 Acc 0.9744
ep12_l0_test_time 1.6714749760003542
Test Epoch12 layer1 Acc 0.9794571428571428
ep12_l1_test_time 2.3903351149997434
Save ckpt to ckpt/dbpedia_14_transformeral_l5_pad80//dbpedia_14_transformeral_l5.pt  ,ep 12
Test Epoch12 layer2 Acc 0.9792857142857143
ep12_l2_test_time 3.309311839000202
Test Epoch12 layer3 Acc 0.9793142857142857
ep12_l3_test_time 4.232448921000014
Test Epoch12 layer4 Acc 0.9792428571428572
ep12_l4_test_time 5.0928444709998075
gc 0
Test threshold 0.1 Acc 0.976
t0.1_test_time 1.7118014829998174
data_distribution  [66984, 2814, 123, 28, 51]
gc 0
Test threshold 0.2 Acc 0.9762285714285714
t0.2_test_time 1.7381143640000118
data_distribution  [66328, 3407, 157, 36, 72]
gc 0
Test threshold 0.3 Acc 0.9765
t0.3_test_time 1.7544687810000141
data_distribution  [65869, 3817, 177, 49, 88]
gc 0
Test threshold 0.4 Acc 0.9767285714285714
t0.4_test_time 1.87508223299983
data_distribution  [65479, 4166, 201, 49, 105]
gc 0
Test threshold 0.5 Acc 0.9768714285714286
t0.5_test_time 1.8105369750001046
data_distribution  [65060, 4528, 231, 61, 120]
gc 0
Test threshold 0.6 Acc 0.9770142857142857
t0.6_test_time 1.8320269979999466
data_distribution  [64672, 4863, 249, 71, 145]
gc 0
Test threshold 0.7 Acc 0.9770714285714286
t0.7_test_time 1.821431188999668
data_distribution  [64240, 5242, 266, 72, 180]
gc 0
Test threshold 0.8 Acc 0.9771142857142857
t0.8_test_time 1.983283852999648
data_distribution  [63676, 5714, 313, 83, 214]
gc 0
Test threshold 0.9 Acc 0.9774285714285714
t0.9_test_time 1.8442385809998996
data_distribution  [62708, 6558, 367, 104, 263]
gc 0
Train Epoch13 Acc 0.9915785714285714 (555284/560000)
ep13_train_time 172.9386486579997
Test Epoch13 layer0 Acc 0.9746
ep13_l0_test_time 1.4477626890002284
Test Epoch13 layer1 Acc 0.9789857142857142
ep13_l1_test_time 2.359775708000143
Test Epoch13 layer2 Acc 0.9792142857142857
ep13_l2_test_time 3.299822805000076
Test Epoch13 layer3 Acc 0.9792
ep13_l3_test_time 4.219863098000133
Test Epoch13 layer4 Acc 0.9791571428571428
ep13_l4_test_time 5.082525038999847
gc 0
Test threshold 0.1 Acc 0.9759
t0.1_test_time 1.6856678310000461
data_distribution  [66998, 2762, 140, 30, 70]
gc 0
Test threshold 0.2 Acc 0.9760857142857143
t0.2_test_time 1.7292175019997558
data_distribution  [66349, 3337, 182, 38, 94]
gc 0
Test threshold 0.3 Acc 0.9762571428571428
t0.3_test_time 1.7838259039999684
data_distribution  [65873, 3759, 207, 41, 120]
gc 0
Test threshold 0.4 Acc 0.9765428571428572
t0.4_test_time 1.779044591999991
data_distribution  [65469, 4117, 226, 53, 135]
gc 0
Test threshold 0.5 Acc 0.9765428571428572
t0.5_test_time 1.7842350179998903
data_distribution  [65057, 4479, 253, 58, 153]
gc 0
Test threshold 0.6 Acc 0.9767857142857143
t0.6_test_time 1.8041042270001526
data_distribution  [64697, 4785, 277, 55, 186]
gc 0
Test threshold 0.7 Acc 0.9768571428571429
t0.7_test_time 1.8140923380001368
data_distribution  [64242, 5196, 274, 82, 206]
gc 0
Test threshold 0.8 Acc 0.9769142857142857
t0.8_test_time 1.8701846300000398
data_distribution  [63669, 5686, 316, 89, 240]
gc 0
Test threshold 0.9 Acc 0.9771857142857143
t0.9_test_time 1.8342435600002318
data_distribution  [62671, 6553, 384, 87, 305]
gc 0
Train Epoch14 Acc 0.9917875 (555401/560000)
ep14_train_time 172.9769474069999
Test Epoch14 layer0 Acc 0.9744142857142857
ep14_l0_test_time 1.448182161999739
Test Epoch14 layer1 Acc 0.9791
ep14_l1_test_time 2.3768651919999684
Test Epoch14 layer2 Acc 0.9791428571428571
ep14_l2_test_time 3.293336349999663
Test Epoch14 layer3 Acc 0.9791
ep14_l3_test_time 4.230362556000273
Test Epoch14 layer4 Acc 0.9790428571428571
ep14_l4_test_time 5.072384706000321
gc 0
Test threshold 0.1 Acc 0.9759714285714286
t0.1_test_time 1.725251925000066
data_distribution  [66943, 2833, 131, 32, 61]
gc 0
Test threshold 0.2 Acc 0.9761142857142857
t0.2_test_time 1.7869221139999354
data_distribution  [66307, 3403, 161, 46, 83]
gc 0
Test threshold 0.3 Acc 0.9762285714285714
t0.3_test_time 1.936781061000147
data_distribution  [65849, 3801, 190, 56, 104]
gc 0
Test threshold 0.4 Acc 0.9764857142857143
t0.4_test_time 1.7597987999997713
data_distribution  [65469, 4129, 229, 50, 123]
gc 0
Test threshold 0.5 Acc 0.9764714285714285
t0.5_test_time 1.7750605910000559
data_distribution  [65049, 4497, 252, 52, 150]
gc 0
Test threshold 0.6 Acc 0.9765714285714285
t0.6_test_time 1.7866168719997404
data_distribution  [64643, 4840, 288, 56, 173]
gc 0
Test threshold 0.7 Acc 0.9767428571428571
t0.7_test_time 1.808305164000103
data_distribution  [64216, 5216, 318, 61, 189]
gc 0
Test threshold 0.8 Acc 0.9767857142857143
t0.8_test_time 1.8600859690000107
data_distribution  [63656, 5703, 356, 63, 222]
gc 0
Test threshold 0.9 Acc 0.9772
t0.9_test_time 1.8820484029997715
data_distribution  [62663, 6566, 394, 87, 290]
gc 0
Train Epoch15 Acc 0.9921803571428571 (555621/560000)
ep15_train_time 172.99698610099995
Test Epoch15 layer0 Acc 0.9743285714285714
ep15_l0_test_time 1.4534234769998875
Test Epoch15 layer1 Acc 0.9792714285714286
ep15_l1_test_time 2.37232168599985
Test Epoch15 layer2 Acc 0.9792428571428572
ep15_l2_test_time 3.3099567159997605
Test Epoch15 layer3 Acc 0.9792571428571428
ep15_l3_test_time 4.226856977999887
Test Epoch15 layer4 Acc 0.9792428571428572
ep15_l4_test_time 5.0878964920002545
gc 0
Test threshold 0.1 Acc 0.976
t0.1_test_time 1.6895121249999647
data_distribution  [66878, 2904, 132, 38, 48]
gc 0
Test threshold 0.2 Acc 0.9762142857142857
t0.2_test_time 1.730262455999764
data_distribution  [66236, 3476, 170, 49, 69]
gc 0
Test threshold 0.3 Acc 0.9765
t0.3_test_time 1.729033999999956
data_distribution  [65789, 3876, 194, 56, 85]
gc 0
Test threshold 0.4 Acc 0.9766285714285714
t0.4_test_time 1.7382335150000472
data_distribution  [65365, 4245, 226, 62, 102]
gc 0
Test threshold 0.5 Acc 0.9768
t0.5_test_time 1.7644971580002675
data_distribution  [64962, 4607, 246, 62, 123]
gc 0
Test threshold 0.6 Acc 0.9769
t0.6_test_time 1.7929652019997775
data_distribution  [64567, 4963, 257, 73, 140]
gc 0
Test threshold 0.7 Acc 0.9769285714285715
t0.7_test_time 1.8189544199999546
data_distribution  [64134, 5328, 289, 75, 174]
gc 0
Test threshold 0.8 Acc 0.9771
t0.8_test_time 1.8563959809998778
data_distribution  [63558, 5831, 309, 102, 200]
gc 0
Test threshold 0.9 Acc 0.9772571428571428
t0.9_test_time 1.8381089230001635
data_distribution  [62566, 6697, 365, 104, 268]
gc 0
Train Epoch16 Acc 0.9922696428571428 (555671/560000)
ep16_train_time 172.99360272700005
Test Epoch16 layer0 Acc 0.9744142857142857
ep16_l0_test_time 1.4501254890001292
Test Epoch16 layer1 Acc 0.9790428571428571
ep16_l1_test_time 2.3878294419996564
Test Epoch16 layer2 Acc 0.9792142857142857
ep16_l2_test_time 3.3122335870002644
Test Epoch16 layer3 Acc 0.9791285714285715
ep16_l3_test_time 4.239184654999917
Test Epoch16 layer4 Acc 0.9791142857142857
ep16_l4_test_time 5.091152539999712
gc 0
Test threshold 0.1 Acc 0.9759571428571429
t0.1_test_time 1.6936276579999685
data_distribution  [66870, 2906, 135, 31, 58]
gc 0
Test threshold 0.2 Acc 0.9762142857142857
t0.2_test_time 1.7200287040000148
data_distribution  [66226, 3492, 175, 34, 73]
gc 0
Test threshold 0.3 Acc 0.9764285714285714
t0.3_test_time 1.7419408179998754
data_distribution  [65763, 3916, 194, 38, 89]
gc 0
Test threshold 0.4 Acc 0.9766428571428571
t0.4_test_time 1.7767907860002197
data_distribution  [65354, 4272, 223, 48, 103]
gc 0
Test threshold 0.5 Acc 0.9767285714285714
t0.5_test_time 1.817818852000073
data_distribution  [64963, 4613, 241, 65, 118]
gc 0
Test threshold 0.6 Acc 0.9768571428571429
t0.6_test_time 1.7796905800000786
data_distribution  [64562, 4968, 257, 68, 145]
gc 0
Test threshold 0.7 Acc 0.9769571428571429
t0.7_test_time 1.82768417699981
data_distribution  [64116, 5349, 287, 80, 168]
gc 0
Test threshold 0.8 Acc 0.9771857142857143
t0.8_test_time 1.8209026319996156
data_distribution  [63542, 5844, 329, 79, 206]
gc 0
Test threshold 0.9 Acc 0.9772857142857143
t0.9_test_time 2.0465214239998204
data_distribution  [62545, 6717, 373, 104, 261]
gc 0
Train Epoch17 Acc 0.9925517857142857 (555829/560000)
ep17_train_time 173.20957838799995
Test Epoch17 layer0 Acc 0.9743571428571428
ep17_l0_test_time 1.4659286369997062
Test Epoch17 layer1 Acc 0.9792285714285714
ep17_l1_test_time 2.3872810359998766
Test Epoch17 layer2 Acc 0.9791
ep17_l2_test_time 3.296497052000177
Test Epoch17 layer3 Acc 0.9790714285714286
ep17_l3_test_time 4.227738944000066
Test Epoch17 layer4 Acc 0.9791
ep17_l4_test_time 5.102665920000163
gc 0
Test threshold 0.1 Acc 0.9759285714285715
t0.1_test_time 1.7021713580002142
data_distribution  [66843, 2926, 130, 31, 70]
gc 0
Test threshold 0.2 Acc 0.9761714285714286
t0.2_test_time 1.7687943040000391
data_distribution  [66196, 3512, 159, 38, 95]
gc 0
Test threshold 0.3 Acc 0.9763285714285714
t0.3_test_time 1.7726532940000652
data_distribution  [65728, 3937, 179, 40, 116]
gc 0
Test threshold 0.4 Acc 0.9765571428571429
t0.4_test_time 1.7734299349999674
data_distribution  [65325, 4283, 213, 50, 129]
gc 0
Test threshold 0.5 Acc 0.9767285714285714
t0.5_test_time 1.7781524170000012
data_distribution  [64909, 4653, 236, 61, 141]
gc 0
Test threshold 0.6 Acc 0.9768571428571429
t0.6_test_time 1.8118552920000184
data_distribution  [64524, 4988, 253, 68, 167]
gc 0
Test threshold 0.7 Acc 0.9769571428571429
t0.7_test_time 1.8109733000001142
data_distribution  [64093, 5370, 264, 81, 192]
gc 0
Test threshold 0.8 Acc 0.9770428571428571
t0.8_test_time 1.8153589620001185
data_distribution  [63509, 5875, 309, 84, 223]
gc 0
Test threshold 0.9 Acc 0.9772571428571428
t0.9_test_time 1.836011193000104
data_distribution  [62524, 6736, 368, 103, 269]
gc 0
Train Epoch18 Acc 0.9926642857142857 (555892/560000)
ep18_train_time 172.96669450699983
Test Epoch18 layer0 Acc 0.9743
ep18_l0_test_time 1.4339202030000706
Test Epoch18 layer1 Acc 0.9791428571428571
ep18_l1_test_time 2.37357227099983
Test Epoch18 layer2 Acc 0.9787428571428571
ep18_l2_test_time 3.3169383180002114
Test Epoch18 layer3 Acc 0.9787
ep18_l3_test_time 4.234320756000216
Test Epoch18 layer4 Acc 0.9786857142857143
ep18_l4_test_time 5.072351538000021
gc 0
Test threshold 0.1 Acc 0.9757
t0.1_test_time 1.6919879679999212
data_distribution  [66861, 2900, 138, 41, 60]
gc 0
Test threshold 0.2 Acc 0.9758285714285714
t0.2_test_time 1.7178330470001129
data_distribution  [66230, 3469, 165, 65, 71]
gc 0
Test threshold 0.3 Acc 0.9760285714285715
t0.3_test_time 1.8388281110001117
data_distribution  [65758, 3893, 192, 61, 96]
gc 0
Test threshold 0.4 Acc 0.9762
t0.4_test_time 1.7879931060001581
data_distribution  [65338, 4268, 211, 60, 123]
gc 0
Test threshold 0.5 Acc 0.9764285714285714
t0.5_test_time 1.7726325229996291
data_distribution  [64937, 4622, 238, 57, 146]
gc 0
Test threshold 0.6 Acc 0.9765
t0.6_test_time 1.7876097010002923
data_distribution  [64564, 4950, 251, 65, 170]
gc 0
Test threshold 0.7 Acc 0.9766428571428571
t0.7_test_time 1.8052784440001233
data_distribution  [64085, 5365, 272, 80, 198]
gc 0
Test threshold 0.8 Acc 0.9767571428571429
t0.8_test_time 1.814982491000137
data_distribution  [63531, 5841, 312, 80, 236]
gc 0
Test threshold 0.9 Acc 0.9768571428571429
t0.9_test_time 1.8351060730001336
data_distribution  [62573, 6682, 360, 85, 300]
gc 0
Train Epoch19 Acc 0.9928392857142857 (555990/560000)
ep19_train_time 172.95774257700032
Test Epoch19 layer0 Acc 0.9743285714285714
ep19_l0_test_time 1.44036973799939
Test Epoch19 layer1 Acc 0.9789571428571429
ep19_l1_test_time 2.3780681459993502
Test Epoch19 layer2 Acc 0.9788571428571429
ep19_l2_test_time 3.2815432249999503
Test Epoch19 layer3 Acc 0.9787714285714286
ep19_l3_test_time 4.225227986999926
Test Epoch19 layer4 Acc 0.9787857142857143
ep19_l4_test_time 5.072964050999872
gc 0
Test threshold 0.1 Acc 0.9757857142857143
t0.1_test_time 1.6936996699996598
data_distribution  [66873, 2897, 139, 30, 61]
gc 0
Test threshold 0.2 Acc 0.976
t0.2_test_time 1.7218264960001761
data_distribution  [66231, 3478, 167, 42, 82]
gc 0
Test threshold 0.3 Acc 0.9762571428571428
t0.3_test_time 1.7813422099998206
data_distribution  [65771, 3888, 194, 46, 101]
gc 0
Test threshold 0.4 Acc 0.9765
t0.4_test_time 1.770377804000418
data_distribution  [65389, 4227, 205, 60, 119]
gc 0
Test threshold 0.5 Acc 0.9765857142857143
t0.5_test_time 1.8794152219998068
data_distribution  [64955, 4615, 228, 62, 140]
gc 0
Test threshold 0.6 Acc 0.9767
t0.6_test_time 1.8471134169994912
data_distribution  [64570, 4949, 254, 69, 158]
gc 0
Test threshold 0.7 Acc 0.9768285714285714
t0.7_test_time 1.7950655959994037
data_distribution  [64143, 5327, 274, 77, 179]
gc 0
Test threshold 0.8 Acc 0.9769714285714286
t0.8_test_time 1.828217434999715
data_distribution  [63578, 5805, 300, 86, 231]
gc 0
Test threshold 0.9 Acc 0.9772428571428572
t0.9_test_time 1.8470614359994215
data_distribution  [62585, 6666, 353, 109, 287]
Best Acc 0.9794571428571428 12 1
total_train+valid_time 4120.29590171
