Start Training
[[1.39874750e+04 8.75192198e+01]
 [4.40662958e+00 5.74123072e+01]
 [2.84159736e+00 4.72169902e+01]
 [1.78144903e+00 4.12263950e+01]
 [3.54264097e+00 4.23304155e+01]
 [2.95417009e+00 3.80627776e+01]
 [3.81017013e+00 3.73888843e+01]
 [2.63982670e+00 3.23991807e+01]]
Train Epoch0 Acc 0.8822643820088255 (348685/395216)
Test Epoch0 layer0 Acc 0.9789484337837154
Test Epoch0 layer1 Acc 0.9808410505541217
Test Epoch0 layer2 Acc 0.9815393957795658
Test Epoch0 layer3 Acc 0.981579879560751
Test Epoch0 layer4 Acc 0.9815495167248621
Test Epoch0 layer5 Acc 0.9808309296088255
Test Epoch0 layer6 Acc 0.981438186326603
Test Epoch0 layer7 Acc 0.9815292748342695
[[1.36410552e+04 9.56047041e+01]
 [3.28126582e-02 5.93165474e+01]
 [2.84695815e-02 4.83339188e+01]
 [3.37767066e-02 4.01938598e+01]
 [6.91383612e-02 4.05976371e+01]
 [6.77998328e-02 3.98171514e+01]
 [8.76991747e-02 3.80248250e+01]
 [1.04012742e-01 3.22305427e+01]]
Train Epoch1 Acc 0.9839125946317963 (388858/395216)
Test Epoch1 layer0 Acc 0.9824300389656394
Test Epoch1 layer1 Acc 0.9835028591670462
Test Epoch1 layer2 Acc 0.9837356409088609
Test Epoch1 layer3 Acc 0.9837356409088609
Test Epoch1 layer4 Acc 0.9837558827994535
Test Epoch1 layer5 Acc 0.983776124690046
Test Epoch1 layer6 Acc 0.9838368503618238
Test Epoch1 layer7 Acc 0.9838570922524164
[[1.36386173e+04 1.03758741e+02]
 [1.49000994e-02 6.13730391e+01]
 [1.28928599e-02 4.69792264e+01]
 [9.24701124e-03 3.76696759e+01]
 [8.49427044e-03 3.78693562e+01]
 [8.79108219e-03 3.82123122e+01]
 [1.04208201e-02 3.71842169e+01]
 [2.23109708e-02 3.07381918e+01]]
Train Epoch2 Acc 0.9858128213432654 (389609/395216)
Test Epoch2 layer0 Acc 0.9829968119022316
Test Epoch2 layer1 Acc 0.9835231010576387
Test Epoch2 layer2 Acc 0.9847679773290825
Test Epoch2 layer3 Acc 0.9847376144931936
Test Epoch2 layer4 Acc 0.9848084611102677
Test Epoch2 layer5 Acc 0.9848691867820455
Test Epoch2 layer6 Acc 0.9849096705632306
Test Epoch2 layer7 Acc 0.9848995496179344
[[1.36385432e+04 1.07465377e+02]
 [1.28915457e-02 6.20689014e+01]
 [1.06293862e-02 4.54083339e+01]
 [8.04071912e-03 3.61202177e+01]
 [7.53187217e-03 3.60687117e+01]
 [7.99431934e-03 3.62062237e+01]
 [8.93730697e-03 3.55761115e+01]
 [9.70235071e-03 2.90021368e+01]]
Train Epoch3 Acc 0.9860709080604024 (389711/395216)
Test Epoch3 layer0 Acc 0.9841809625018977
Test Epoch3 layer1 Acc 0.9847477354384899
Test Epoch3 layer2 Acc 0.9848793077273418
Test Epoch3 layer3 Acc 0.9848691867820455
Test Epoch3 layer4 Acc 0.9849197915085269
Test Epoch3 layer5 Acc 0.9849602752897121
Test Epoch3 layer6 Acc 0.9850311219067861
Test Epoch3 layer7 Acc 0.9850108800161935
[[1.36385394e+04 1.06941598e+02]
 [1.06122816e-02 6.14488370e+01]
 [8.58511316e-03 4.43059639e+01]
 [6.71850529e-03 3.52745897e+01]
 [6.36501978e-03 3.51587386e+01]
 [6.78365319e-03 3.52333322e+01]
 [7.56129483e-03 3.45377943e+01]
 [8.25696565e-03 2.80021714e+01]]
Train Epoch4 Acc 0.9861594672280475 (389746/395216)
Test Epoch4 layer0 Acc 0.9845250746419716
Test Epoch4 layer1 Acc 0.9850108800161935
Test Epoch4 layer2 Acc 0.9851626941956378
Test Epoch4 layer3 Acc 0.9851728151409341
Test Epoch4 layer4 Acc 0.9852335408127119
Test Epoch4 layer5 Acc 0.9852740245938971
Test Epoch4 layer6 Acc 0.9853145083750823
Test Epoch4 layer7 Acc 0.985304387429786
[[1.36385392e+04 1.05657181e+02]
 [8.64134719e-03 6.08156241e+01]
 [7.28476397e-03 4.36284088e+01]
 [5.91264237e-03 3.45669430e+01]
 [5.58130283e-03 3.43820009e+01]
 [6.16279592e-03 3.44735932e+01]
 [6.71326700e-03 3.36451409e+01]
 [7.33521365e-03 2.73010623e+01]]
Train Epoch5 Acc 0.9862885105866159 (389797/395216)
Test Epoch5 layer0 Acc 0.9843732604625272
Test Epoch5 layer1 Acc 0.9849805171803047
Test Epoch5 layer2 Acc 0.98537523404686
Test Epoch5 layer3 Acc 0.9855371691716006
Test Epoch5 layer4 Acc 0.9856586205151561
Test Epoch5 layer5 Acc 0.9856687414604524
Test Epoch5 layer6 Acc 0.9856282576792672
Test Epoch5 layer7 Acc 0.9857294671322302
[[1.36385392e+04 1.04313239e+02]
 [8.11460767e-03 6.01325964e+01]
 [7.27365786e-03 4.30543809e+01]
 [6.01504569e-03 3.39685178e+01]
 [5.75497871e-03 3.37566889e+01]
 [6.27874388e-03 3.38070454e+01]
 [6.80890938e-03 3.29371268e+01]
 [7.38925598e-03 2.68293701e+01]]
Train Epoch6 Acc 0.9865162341605603 (389887/395216)
Test Epoch6 layer0 Acc 0.9846667678761196
Test Epoch6 layer1 Acc 0.985061484742675
Test Epoch6 layer2 Acc 0.9854562016092303
Test Epoch6 layer3 Acc 0.9853448712109711
Test Epoch6 layer4 Acc 0.9854157178280452
Test Epoch6 layer5 Acc 0.9855472901168969
Test Epoch6 layer6 Acc 0.9855675320074895
Test Epoch6 layer7 Acc 0.9855371691716006
[[1.36385392e+04 1.02763798e+02]
 [7.44245969e-03 5.93795163e+01]
 [6.83734423e-03 4.25267061e+01]
 [5.76310250e-03 3.34194370e+01]
 [5.51240272e-03 3.31995062e+01]
 [6.05192530e-03 3.31721357e+01]
 [6.56996128e-03 3.22329890e+01]
 [6.96763856e-03 2.63904985e+01]]
Train Epoch7 Acc 0.9866225051617343 (389929/395216)
Test Epoch7 layer0 Acc 0.9845655584231567
Test Epoch7 layer1 Acc 0.9850817266332675
Test Epoch7 layer2 Acc 0.9855371691716006
Test Epoch7 layer3 Acc 0.9856484995698598
Test Epoch7 layer4 Acc 0.9858104346946005
Test Epoch7 layer5 Acc 0.9857395880775265
Test Epoch7 layer6 Acc 0.9857395880775265
Test Epoch7 layer7 Acc 0.9857598299681191
[[1.36385392e+04 1.01755444e+02]
 [7.09964381e-03 5.88333645e+01]
 [6.59267156e-03 4.22334662e+01]
 [5.55896344e-03 3.30929520e+01]
 [5.22710443e-03 3.28587222e+01]
 [5.73470695e-03 3.26925347e+01]
 [6.19004412e-03 3.17308608e+01]
 [6.50490053e-03 2.60701495e+01]]
Train Epoch8 Acc 0.9867616695680337 (389984/395216)
Test Epoch8 layer0 Acc 0.9844441070796013
Test Epoch8 layer1 Acc 0.9851829360862304
Test Epoch8 layer2 Acc 0.9859217650928597
Test Epoch8 layer3 Acc 0.9858711603663782
Test Epoch8 layer4 Acc 0.9857598299681191
Test Epoch8 layer5 Acc 0.9857193461869339
Test Epoch8 layer6 Acc 0.9857294671322302
Test Epoch8 layer7 Acc 0.9855472901168969
[[1.36385392e+04 1.00971530e+02]
 [6.84664168e-03 5.84784386e+01]
 [6.47830565e-03 4.19246425e+01]
 [5.61079467e-03 3.27908473e+01]
 [5.34884054e-03 3.25252774e+01]
 [5.96271867e-03 3.21827591e+01]
 [6.41182084e-03 3.11821784e+01]
 [6.85414071e-03 2.56464311e+01]]
Train Epoch9 Acc 0.9867515485203028 (389980/395216)
Test Epoch9 layer0 Acc 0.9848084611102677
Test Epoch9 layer1 Acc 0.9854865644451192
Test Epoch9 layer2 Acc 0.9858104346946005
Test Epoch9 layer3 Acc 0.9858509184757857
Test Epoch9 layer4 Acc 0.9858711603663782
Test Epoch9 layer5 Acc 0.9858914022569708
Test Epoch9 layer6 Acc 0.9858812813116745
Test Epoch9 layer7 Acc 0.9858812813116745
Best acc 0.9859217650928597
train_loss (2, 8, 10)
valid_acc (8, 10)
train_acc (10,)
Figure(640x480)
Figure(640x480)
Figure(640x480)
