total count words 222751
vocab size 30000
found 27937 words in glove
Start Training
gc 0
[[ 56.95853876   5.54335563]
 [ 84.80184886 165.94810373]
 [ 58.63484442 156.95411447]
 [ 47.15144175 149.94573459]
 [ 34.63137942 167.44563806]]
Train Epoch0 Acc 0.50865 (20346/40000), AUC 0.5387508869171143
Test Epoch0 layer0 Acc 0.7998, AUC 0.8815722465515137
Save ckpt to ./ckpt/mask1//imdb/imdb_transformeral_l5_m1.pt  ,ep 0
Test Epoch0 layer1 Acc 0.5076, AUC 0.46550852060317993
Test Epoch0 layer2 Acc 0.5093, AUC 0.4865170121192932
Test Epoch0 layer3 Acc 0.4924, AUC 0.328497052192688
Test Epoch0 layer4 Acc 0.5147, AUC 0.5681299567222595
gc 0
[[ 40.43212804   4.13565782]
 [ 82.65486997 165.76957101]
 [ 56.74715689 156.42521089]
 [ 46.55329858 150.71001196]
 [ 36.53577468 166.96323335]]
Train Epoch1 Acc 0.505425 (20217/40000), AUC 0.5776429176330566
Test Epoch1 layer0 Acc 0.8305, AUC 0.9114686250686646
Save ckpt to ./ckpt/mask1//imdb/imdb_transformeral_l5_m1.pt  ,ep 1
Test Epoch1 layer1 Acc 0.5076, AUC 0.4568370282649994
Test Epoch1 layer2 Acc 0.5101, AUC 0.4918473958969116
Test Epoch1 layer3 Acc 0.4924, AUC 0.2857106328010559
Test Epoch1 layer4 Acc 0.5119, AUC 0.5716763734817505
gc 0
[[ 39.96430631   4.04486297]
 [ 82.21031231 166.14630884]
 [ 56.36794284 156.2536642 ]
 [ 46.34900025 151.07441837]
 [ 37.39623681 166.6543318 ]]
Train Epoch2 Acc 0.502425 (20097/40000), AUC 0.5788230895996094
Test Epoch2 layer0 Acc 0.8293, AUC 0.9143060445785522
Save ckpt to ./ckpt/mask1//imdb/imdb_transformeral_l5_m1.pt  ,ep 2
Test Epoch2 layer1 Acc 0.5076, AUC 0.4550464153289795
Test Epoch2 layer2 Acc 0.5103, AUC 0.4898948073387146
Test Epoch2 layer3 Acc 0.4924, AUC 0.2882533669471741
Test Epoch2 layer4 Acc 0.5109, AUC 0.5627259016036987
gc 0
[[ 39.84430259   3.96201261]
 [ 82.14423519 166.45055914]
 [ 56.27490322 156.25141424]
 [ 46.26817226 151.35280401]
 [ 37.97538664 166.4065665 ]]
Train Epoch3 Acc 0.501675 (20067/40000), AUC 0.5734942555427551
Test Epoch3 layer0 Acc 0.8263, AUC 0.9134405851364136
Test Epoch3 layer1 Acc 0.5076, AUC 0.45441511273384094
Test Epoch3 layer2 Acc 0.5091, AUC 0.486971914768219
Test Epoch3 layer3 Acc 0.4924, AUC 0.2958349585533142
Test Epoch3 layer4 Acc 0.5103, AUC 0.5535522699356079
gc 0
[[ 39.79606517   3.83757944]
 [ 82.21576518 166.69358134]
 [ 56.28796057 156.32450148]
 [ 46.25401692 151.54504201]
 [ 38.43312447 166.21139425]]
Train Epoch4 Acc 0.501425 (20057/40000), AUC 0.5683150291442871
Test Epoch4 layer0 Acc 0.8271, AUC 0.9096397757530212
Test Epoch4 layer1 Acc 0.5076, AUC 0.45314496755599976
Test Epoch4 layer2 Acc 0.5085, AUC 0.4842699468135834
Test Epoch4 layer3 Acc 0.4924, AUC 0.3031051754951477
Test Epoch4 layer4 Acc 0.5099, AUC 0.5484116077423096
gc 0
[[ 39.77199358   3.74313204]
 [ 82.34912351 166.93892145]
 [ 56.34830016 156.38934591]
 [ 46.27611051 151.7036204 ]
 [ 38.81845737 165.98216051]]
Train Epoch5 Acc 0.501075 (20043/40000), AUC 0.5642053484916687
Test Epoch5 layer0 Acc 0.8246, AUC 0.9041439294815063
Test Epoch5 layer1 Acc 0.5076, AUC 0.45309555530548096
Test Epoch5 layer2 Acc 0.5064, AUC 0.4820249378681183
Test Epoch5 layer3 Acc 0.4924, AUC 0.30993443727493286
Test Epoch5 layer4 Acc 0.51, AUC 0.5431168079376221
gc 0
[[ 39.7583241    3.63041592]
 [ 82.51577574 167.14619654]
 [ 56.4297733  156.44218165]
 [ 46.3160145  151.85274786]
 [ 39.15277819 165.7983771 ]]
Train Epoch6 Acc 0.501025 (20041/40000), AUC 0.5607174634933472
Test Epoch6 layer0 Acc 0.8199, AUC 0.8994578123092651
Test Epoch6 layer1 Acc 0.5076, AUC 0.4533880352973938
Test Epoch6 layer2 Acc 0.5047, AUC 0.4803566336631775
Test Epoch6 layer3 Acc 0.4924, AUC 0.31601643562316895
Test Epoch6 layer4 Acc 0.5098, AUC 0.5397893190383911
gc 0
[[ 39.75149564   3.32302741]
 [ 82.65254933 167.29823625]
 [ 56.50452884 156.48228475]
 [ 46.36277683 151.97501427]
 [ 39.39003392 165.71270347]]
Train Epoch7 Acc 0.501025 (20041/40000), AUC 0.5599047541618347
Test Epoch7 layer0 Acc 0.8191, AUC 0.8969771862030029
Test Epoch7 layer1 Acc 0.5076, AUC 0.4531327784061432
Test Epoch7 layer2 Acc 0.5053, AUC 0.47961926460266113
Test Epoch7 layer3 Acc 0.4924, AUC 0.3187541961669922
Test Epoch7 layer4 Acc 0.5097, AUC 0.5379655361175537
gc 0
[[ 39.74790439   3.27036337]
 [ 82.75509965 167.39081401]
 [ 56.55770949 156.50242889]
 [ 46.39524646 152.07476926]
 [ 39.54355689 165.67413652]]
Train Epoch8 Acc 0.500575 (20023/40000), AUC 0.5579817295074463
Test Epoch8 layer0 Acc 0.8131, AUC 0.8938788771629333
Test Epoch8 layer1 Acc 0.5076, AUC 0.45311886072158813
Test Epoch8 layer2 Acc 0.5046, AUC 0.47878363728523254
Test Epoch8 layer3 Acc 0.4924, AUC 0.32117873430252075
Test Epoch8 layer4 Acc 0.5096, AUC 0.5369154810905457
gc 0
[[ 39.7448155    3.23253793]
 [ 82.86792383 167.50606894]
 [ 56.61755487 156.52499801]
 [ 46.43420699 152.16922158]
 [ 39.70224367 165.62258154]]
Train Epoch9 Acc 0.500825 (20033/40000), AUC 0.5562524795532227
Test Epoch9 layer0 Acc 0.8136, AUC 0.8920294046401978
Test Epoch9 layer1 Acc 0.5076, AUC 0.45317238569259644
Test Epoch9 layer2 Acc 0.504, AUC 0.47813108563423157
Test Epoch9 layer3 Acc 0.4924, AUC 0.32302531599998474
Test Epoch9 layer4 Acc 0.5097, AUC 0.5362496376037598
Best AUC 0.9143060445785522
train_loss (2, 5, 10)
valid_acc (5, 10)
valid_AUC (5, 10)
train_acc (10,)
Figure(640x480)
Figure(640x480)
Figure(640x480)
Figure(640x480)
Start Testing
Load ckpt at ./ckpt/mask1//imdb/imdb_transformeral_l5_m1.pt
[[4321  603]
 [1104 3972]]
Figure(640x480)
[[   0 4924]
 [   0 5076]]
Figure(640x480)
[[ 204 4720]
 [ 177 4899]]
Figure(640x480)
[[4924    0]
 [5076    0]]
Figure(640x480)
[[  58 4866]
 [  25 5051]]
Figure(640x480)
