total count words 222751
vocab size 30000
train size 40000, test size 10000
found 27937 words in glove
L0f Total Trainable Params: 9000000
L0b Total Trainable Params: 38528
L0ae Total Trainable Params: 642
L1f Total Trainable Params: 1444800
L1b Total Trainable Params: 38528
L1ae Total Trainable Params: 33024
L2f Total Trainable Params: 2164800
L2b Total Trainable Params: 38528
L2ae Total Trainable Params: 33024
L3f Total Trainable Params: 2164800
L3b Total Trainable Params: 38528
L3ae Total Trainable Params: 33024
L4f Total Trainable Params: 2164800
L4b Total Trainable Params: 38528
L4ae Total Trainable Params: 33024
init_time 22.11239571
Start Training
gc 0
Train Epoch0 Acc 0.499025 (19961/40000)
ep0_train_time 70.686887242
Test Epoch0 layer0 Acc 0.648
ep0_l0_test_time 1.0874502209999974
Save ckpt to ckpt/imdb_lstmal_l5_pad500//imdb_lstmal_l5.pt  ,ep 0
Test Epoch0 layer1 Acc 0.5082
ep0_l1_test_time 1.8383178200000003
Test Epoch0 layer2 Acc 0.4908
ep0_l2_test_time 2.832354719999998
Test Epoch0 layer3 Acc 0.4948
ep0_l3_test_time 3.823913097000002
Test Epoch0 layer4 Acc 0.5049
ep0_l4_test_time 4.804084990000007
gc 0
Test threshold 0.1 Acc 0.648
t0.1_test_time 1.0828269980000016
data_distribution  [10000, 0, 0, 0, 0]
Save ckpt to ckpt/imdb_lstmal_l5_pad500//imdb_lstmal_l5.pt  ,ep 0
gc 0
Test threshold 0.2 Acc 0.648
t0.2_test_time 1.0875078510000122
data_distribution  [10000, 0, 0, 0, 0]
Save ckpt to ckpt/imdb_lstmal_l5_pad500//imdb_lstmal_l5.pt  ,ep 0
gc 0
Test threshold 0.3 Acc 0.648
t0.3_test_time 1.081982252000003
data_distribution  [10000, 0, 0, 0, 0]
Save ckpt to ckpt/imdb_lstmal_l5_pad500//imdb_lstmal_l5.pt  ,ep 0
gc 0
Test threshold 0.4 Acc 0.648
t0.4_test_time 1.0831649409999926
data_distribution  [10000, 0, 0, 0, 0]
Save ckpt to ckpt/imdb_lstmal_l5_pad500//imdb_lstmal_l5.pt  ,ep 0
gc 0
Test threshold 0.5 Acc 0.654
t0.5_test_time 1.3910126549999973
data_distribution  [9546, 377, 77, 0, 0]
Save ckpt to ckpt/imdb_lstmal_l5_pad500//imdb_lstmal_l5.pt  ,ep 0
gc 0
Test threshold 0.6 Acc 0.5153
t0.6_test_time 4.876367775000006
data_distribution  [132, 149, 12, 0, 9707]
gc 0
Test threshold 0.7 Acc 0.505
t0.7_test_time 4.953211526000004
data_distribution  [0, 3, 0, 0, 9997]
gc 0
Test threshold 0.8 Acc 0.5049
t0.8_test_time 4.951159317999995
data_distribution  [0, 0, 0, 0, 10000]
gc 0
Test threshold 0.9 Acc 0.5049
t0.9_test_time 4.954211205000007
data_distribution  [0, 0, 0, 0, 10000]
gc 0
Train Epoch1 Acc 0.5345 (21380/40000)
ep1_train_time 70.859107588
Test Epoch1 layer0 Acc 0.813
ep1_l0_test_time 1.0832447290000005
Save ckpt to ckpt/imdb_lstmal_l5_pad500//imdb_lstmal_l5.pt  ,ep 1
Test Epoch1 layer1 Acc 0.6209
ep1_l1_test_time 1.8407032749999814
Test Epoch1 layer2 Acc 0.6802
ep1_l2_test_time 2.8260997330000066
Test Epoch1 layer3 Acc 0.6929
ep1_l3_test_time 3.8196209609999983
Test Epoch1 layer4 Acc 0.6867
ep1_l4_test_time 4.809492839000001
gc 0
Test threshold 0.1 Acc 0.813
t0.1_test_time 1.0808566720000101
data_distribution  [10000, 0, 0, 0, 0]
Save ckpt to ckpt/imdb_lstmal_l5_pad500//imdb_lstmal_l5.pt  ,ep 1
gc 0
Test threshold 0.2 Acc 0.813
t0.2_test_time 1.0832998989999965
data_distribution  [10000, 0, 0, 0, 0]
Save ckpt to ckpt/imdb_lstmal_l5_pad500//imdb_lstmal_l5.pt  ,ep 1
gc 0
Test threshold 0.3 Acc 0.813
t0.3_test_time 1.0834581089999915
data_distribution  [10000, 0, 0, 0, 0]
Save ckpt to ckpt/imdb_lstmal_l5_pad500//imdb_lstmal_l5.pt  ,ep 1
gc 0
Test threshold 0.4 Acc 0.813
t0.4_test_time 1.0830636199999901
data_distribution  [10000, 0, 0, 0, 0]
Save ckpt to ckpt/imdb_lstmal_l5_pad500//imdb_lstmal_l5.pt  ,ep 1
gc 0
Test threshold 0.5 Acc 0.8129
t0.5_test_time 1.1305820850000146
data_distribution  [9992, 8, 0, 0, 0]
gc 0
Test threshold 0.6 Acc 0.7942
t0.6_test_time 1.8434741169999995
data_distribution  [7925, 1048, 628, 254, 145]
gc 0
Test threshold 0.7 Acc 0.7597
t0.7_test_time 2.3687198629999955
data_distribution  [5839, 806, 1262, 1044, 1049]
gc 0
Test threshold 0.8 Acc 0.7293
t0.8_test_time 3.1217789000000096
data_distribution  [3775, 336, 1394, 1798, 2697]
gc 0
Test threshold 0.9 Acc 0.7044
t0.9_test_time 3.8907120480000117
data_distribution  [1765, 62, 659, 2231, 5283]
gc 0
Train Epoch2 Acc 0.786575 (31463/40000)
ep2_train_time 70.94398085999998
Test Epoch2 layer0 Acc 0.8667
ep2_l0_test_time 1.0814460270000268
Save ckpt to ckpt/imdb_lstmal_l5_pad500//imdb_lstmal_l5.pt  ,ep 2
Test Epoch2 layer1 Acc 0.8395
ep2_l1_test_time 1.8139465200000018
Test Epoch2 layer2 Acc 0.8292
ep2_l2_test_time 2.799517565999963
Test Epoch2 layer3 Acc 0.8304
ep2_l3_test_time 3.783995120000043
Test Epoch2 layer4 Acc 0.8272
ep2_l4_test_time 4.769943258000012
gc 0
Test threshold 0.1 Acc 0.8667
t0.1_test_time 1.0828314679999949
data_distribution  [10000, 0, 0, 0, 0]
Save ckpt to ckpt/imdb_lstmal_l5_pad500//imdb_lstmal_l5.pt  ,ep 2
gc 0
Test threshold 0.2 Acc 0.8667
t0.2_test_time 1.0882040150000307
data_distribution  [10000, 0, 0, 0, 0]
Save ckpt to ckpt/imdb_lstmal_l5_pad500//imdb_lstmal_l5.pt  ,ep 2
gc 0
Test threshold 0.3 Acc 0.8667
t0.3_test_time 1.1027578179999864
data_distribution  [10000, 0, 0, 0, 0]
Save ckpt to ckpt/imdb_lstmal_l5_pad500//imdb_lstmal_l5.pt  ,ep 2
gc 0
Test threshold 0.4 Acc 0.8667
t0.4_test_time 1.0905961020000063
data_distribution  [10000, 0, 0, 0, 0]
Save ckpt to ckpt/imdb_lstmal_l5_pad500//imdb_lstmal_l5.pt  ,ep 2
gc 0
Test threshold 0.5 Acc 0.8674
t0.5_test_time 1.1576611180000214
data_distribution  [9985, 15, 0, 0, 0]
Save ckpt to ckpt/imdb_lstmal_l5_pad500//imdb_lstmal_l5.pt  ,ep 2
gc 0
Test threshold 0.6 Acc 0.8682
t0.6_test_time 1.3733050100000241
data_distribution  [9091, 860, 49, 0, 0]
Save ckpt to ckpt/imdb_lstmal_l5_pad500//imdb_lstmal_l5.pt  ,ep 2
gc 0
Test threshold 0.7 Acc 0.8644
t0.7_test_time 1.554174386999989
data_distribution  [8032, 1774, 185, 1, 8]
gc 0
Test threshold 0.8 Acc 0.8557
t0.8_test_time 1.7749962839999966
data_distribution  [6792, 2789, 358, 7, 54]
gc 0
Test threshold 0.9 Acc 0.8447
t0.9_test_time 2.021880959999976
data_distribution  [4984, 4045, 553, 24, 394]
gc 0
Train Epoch3 Acc 0.787275 (31491/40000)
ep3_train_time 70.910329569
Test Epoch3 layer0 Acc 0.8874
ep3_l0_test_time 1.0809024349999845
Save ckpt to ckpt/imdb_lstmal_l5_pad500//imdb_lstmal_l5.pt  ,ep 3
Test Epoch3 layer1 Acc 0.6522
ep3_l1_test_time 1.8168781670000271
Test Epoch3 layer2 Acc 0.8597
ep3_l2_test_time 2.7981492910000156
Test Epoch3 layer3 Acc 0.8585
ep3_l3_test_time 3.7708146030000194
Test Epoch3 layer4 Acc 0.8564
ep3_l4_test_time 4.743629791999979
gc 0
Test threshold 0.1 Acc 0.8874
t0.1_test_time 1.0839750929999923
data_distribution  [10000, 0, 0, 0, 0]
Save ckpt to ckpt/imdb_lstmal_l5_pad500//imdb_lstmal_l5.pt  ,ep 3
gc 0
Test threshold 0.2 Acc 0.8874
t0.2_test_time 1.0908862200000158
data_distribution  [10000, 0, 0, 0, 0]
Save ckpt to ckpt/imdb_lstmal_l5_pad500//imdb_lstmal_l5.pt  ,ep 3
gc 0
Test threshold 0.3 Acc 0.8874
t0.3_test_time 1.0948378459999617
data_distribution  [10000, 0, 0, 0, 0]
Save ckpt to ckpt/imdb_lstmal_l5_pad500//imdb_lstmal_l5.pt  ,ep 3
gc 0
Test threshold 0.4 Acc 0.8874
t0.4_test_time 1.1006101069999659
data_distribution  [10000, 0, 0, 0, 0]
Save ckpt to ckpt/imdb_lstmal_l5_pad500//imdb_lstmal_l5.pt  ,ep 3
gc 0
Test threshold 0.5 Acc 0.8877
t0.5_test_time 1.2057662170000185
data_distribution  [9971, 28, 1, 0, 0]
Save ckpt to ckpt/imdb_lstmal_l5_pad500//imdb_lstmal_l5.pt  ,ep 3
gc 0
Test threshold 0.6 Acc 0.8837
t0.6_test_time 1.5562246620000337
data_distribution  [9280, 283, 410, 19, 8]
gc 0
Test threshold 0.7 Acc 0.8797
t0.7_test_time 1.7803167939999867
data_distribution  [8534, 202, 1107, 78, 79]
gc 0
Test threshold 0.8 Acc 0.8754
t0.8_test_time 1.9294196029999853
data_distribution  [7618, 103, 1872, 163, 244]
gc 0
Test threshold 0.9 Acc 0.8694
t0.9_test_time 2.2189054650000344
data_distribution  [6164, 47, 2911, 345, 533]
gc 0
Train Epoch4 Acc 0.8962 (35848/40000)
ep4_train_time 70.944466105
Test Epoch4 layer0 Acc 0.8919
ep4_l0_test_time 1.097569845999999
Save ckpt to ckpt/imdb_lstmal_l5_pad500//imdb_lstmal_l5.pt  ,ep 4
Test Epoch4 layer1 Acc 0.6551
ep4_l1_test_time 1.8151442049999673
Test Epoch4 layer2 Acc 0.8549
ep4_l2_test_time 2.8052786559999845
Test Epoch4 layer3 Acc 0.8428
ep4_l3_test_time 3.7890960870000754
Test Epoch4 layer4 Acc 0.8466
ep4_l4_test_time 4.786689442000011
gc 0
Test threshold 0.1 Acc 0.8919
t0.1_test_time 1.115452012999981
data_distribution  [10000, 0, 0, 0, 0]
Save ckpt to ckpt/imdb_lstmal_l5_pad500//imdb_lstmal_l5.pt  ,ep 4
gc 0
Test threshold 0.2 Acc 0.8919
t0.2_test_time 1.0824969269999656
data_distribution  [10000, 0, 0, 0, 0]
Save ckpt to ckpt/imdb_lstmal_l5_pad500//imdb_lstmal_l5.pt  ,ep 4
gc 0
Test threshold 0.3 Acc 0.8919
t0.3_test_time 1.088744160000033
data_distribution  [10000, 0, 0, 0, 0]
Save ckpt to ckpt/imdb_lstmal_l5_pad500//imdb_lstmal_l5.pt  ,ep 4
gc 0
Test threshold 0.4 Acc 0.8919
t0.4_test_time 1.082303797999998
data_distribution  [10000, 0, 0, 0, 0]
Save ckpt to ckpt/imdb_lstmal_l5_pad500//imdb_lstmal_l5.pt  ,ep 4
gc 0
Test threshold 0.5 Acc 0.8914
t0.5_test_time 1.1820198100000425
data_distribution  [9983, 16, 1, 0, 0]
gc 0
Test threshold 0.6 Acc 0.8895
t0.6_test_time 1.5121884339999951
data_distribution  [9407, 390, 187, 12, 4]
gc 0
Test threshold 0.7 Acc 0.8808
t0.7_test_time 1.7223590120000836
data_distribution  [8726, 448, 665, 109, 52]
gc 0
Test threshold 0.8 Acc 0.8688
t0.8_test_time 1.8820872249999638
data_distribution  [7913, 290, 1240, 289, 268]
gc 0
Test threshold 0.9 Acc 0.8604
t0.9_test_time 2.197191775999954
data_distribution  [6658, 139, 1936, 445, 822]
gc 0
Train Epoch5 Acc 0.91085 (36434/40000)
ep5_train_time 70.923892421
Test Epoch5 layer0 Acc 0.8913
ep5_l0_test_time 1.1043759909999835
Test Epoch5 layer1 Acc 0.6471
ep5_l1_test_time 1.8621184380000386
Test Epoch5 layer2 Acc 0.8746
ep5_l2_test_time 2.833111324000015
Test Epoch5 layer3 Acc 0.8729
ep5_l3_test_time 3.833024086000023
Test Epoch5 layer4 Acc 0.8742
ep5_l4_test_time 4.824405680000041
gc 0
Test threshold 0.1 Acc 0.8913
t0.1_test_time 1.1105700310000657
data_distribution  [10000, 0, 0, 0, 0]
gc 0
Test threshold 0.2 Acc 0.8913
t0.2_test_time 1.106016537999949
data_distribution  [10000, 0, 0, 0, 0]
gc 0
Test threshold 0.3 Acc 0.8913
t0.3_test_time 1.0924308060000385
data_distribution  [10000, 0, 0, 0, 0]
gc 0
Test threshold 0.4 Acc 0.8913
t0.4_test_time 1.1099352549999821
data_distribution  [10000, 0, 0, 0, 0]
gc 0
Test threshold 0.5 Acc 0.8913
t0.5_test_time 1.1976926229999663
data_distribution  [9982, 18, 0, 0, 0]
gc 0
Test threshold 0.6 Acc 0.8887
t0.6_test_time 1.4701754980000032
data_distribution  [9442, 440, 113, 1, 4]
gc 0
Test threshold 0.7 Acc 0.8855
t0.7_test_time 1.6900308809999842
data_distribution  [8913, 628, 404, 33, 22]
gc 0
Test threshold 0.8 Acc 0.8814
t0.8_test_time 1.8770902830000296
data_distribution  [8203, 606, 829, 142, 220]
gc 0
Test threshold 0.9 Acc 0.8764
t0.9_test_time 2.1495094820000986
data_distribution  [7092, 404, 1310, 397, 797]
gc 0
Train Epoch6 Acc 0.91865 (36746/40000)
ep6_train_time 71.03171287700002
Test Epoch6 layer0 Acc 0.8962
ep6_l0_test_time 1.098260632000006
Save ckpt to ckpt/imdb_lstmal_l5_pad500//imdb_lstmal_l5.pt  ,ep 6
Test Epoch6 layer1 Acc 0.6697
ep6_l1_test_time 1.851928441000041
Test Epoch6 layer2 Acc 0.8845
ep6_l2_test_time 2.832927957000038
Test Epoch6 layer3 Acc 0.8829
ep6_l3_test_time 3.8270206949999874
Test Epoch6 layer4 Acc 0.8836
ep6_l4_test_time 4.825213686999973
gc 0
Test threshold 0.1 Acc 0.8962
t0.1_test_time 1.0836818940000512
data_distribution  [10000, 0, 0, 0, 0]
Save ckpt to ckpt/imdb_lstmal_l5_pad500//imdb_lstmal_l5.pt  ,ep 6
gc 0
Test threshold 0.2 Acc 0.8962
t0.2_test_time 1.1115595119999853
data_distribution  [10000, 0, 0, 0, 0]
Save ckpt to ckpt/imdb_lstmal_l5_pad500//imdb_lstmal_l5.pt  ,ep 6
gc 0
Test threshold 0.3 Acc 0.8962
t0.3_test_time 1.0917089089999763
data_distribution  [10000, 0, 0, 0, 0]
Save ckpt to ckpt/imdb_lstmal_l5_pad500//imdb_lstmal_l5.pt  ,ep 6
gc 0
Test threshold 0.4 Acc 0.8962
t0.4_test_time 1.0957926849999922
data_distribution  [10000, 0, 0, 0, 0]
Save ckpt to ckpt/imdb_lstmal_l5_pad500//imdb_lstmal_l5.pt  ,ep 6
gc 0
Test threshold 0.5 Acc 0.8958
t0.5_test_time 1.1555492889999641
data_distribution  [9985, 15, 0, 0, 0]
gc 0
Test threshold 0.6 Acc 0.8947
t0.6_test_time 1.500186202000009
data_distribution  [9486, 401, 104, 3, 6]
gc 0
Test threshold 0.7 Acc 0.893
t0.7_test_time 1.7167476810000153
data_distribution  [8979, 603, 355, 15, 48]
gc 0
Test threshold 0.8 Acc 0.8887
t0.8_test_time 1.8026755460000459
data_distribution  [8328, 636, 820, 51, 165]
gc 0
Test threshold 0.9 Acc 0.8827
t0.9_test_time 2.0041380249999747
data_distribution  [7276, 558, 1663, 101, 402]
gc 0
Train Epoch7 Acc 0.93205 (37282/40000)
ep7_train_time 70.89341751699999
Test Epoch7 layer0 Acc 0.8927
ep7_l0_test_time 1.0836035549999679
Test Epoch7 layer1 Acc 0.6739
ep7_l1_test_time 1.8178535229999397
Test Epoch7 layer2 Acc 0.8784
ep7_l2_test_time 2.80369096600009
Test Epoch7 layer3 Acc 0.8789
ep7_l3_test_time 3.789404007999906
Test Epoch7 layer4 Acc 0.8782
ep7_l4_test_time 4.780528952000054
gc 0
Test threshold 0.1 Acc 0.8927
t0.1_test_time 1.0963026779999154
data_distribution  [10000, 0, 0, 0, 0]
gc 0
Test threshold 0.2 Acc 0.8927
t0.2_test_time 1.102006805999963
data_distribution  [10000, 0, 0, 0, 0]
gc 0
Test threshold 0.3 Acc 0.8927
t0.3_test_time 1.1076153879999993
data_distribution  [10000, 0, 0, 0, 0]
gc 0
Test threshold 0.4 Acc 0.8927
t0.4_test_time 1.099192830999982
data_distribution  [10000, 0, 0, 0, 0]
gc 0
Test threshold 0.5 Acc 0.8928
t0.5_test_time 1.1657392990000517
data_distribution  [9983, 17, 0, 0, 0]
gc 0
Test threshold 0.6 Acc 0.8895
t0.6_test_time 1.4784890299999915
data_distribution  [9557, 375, 60, 0, 8]
gc 0
Test threshold 0.7 Acc 0.887
t0.7_test_time 1.6690045729999383
data_distribution  [9094, 609, 241, 18, 38]
gc 0
Test threshold 0.8 Acc 0.8813
t0.8_test_time 1.7352766059999567
data_distribution  [8472, 780, 595, 34, 119]
gc 0
Test threshold 0.9 Acc 0.8762
t0.9_test_time 1.9047888180000427
data_distribution  [7515, 763, 1351, 71, 300]
gc 0
Train Epoch8 Acc 0.9336 (37344/40000)
ep8_train_time 71.00478226500002
Test Epoch8 layer0 Acc 0.8974
ep8_l0_test_time 1.0986955690000286
Save ckpt to ckpt/imdb_lstmal_l5_pad500//imdb_lstmal_l5.pt  ,ep 8
Test Epoch8 layer1 Acc 0.7964
ep8_l1_test_time 1.834415034000017
Test Epoch8 layer2 Acc 0.8743
ep8_l2_test_time 2.808885958000019
Test Epoch8 layer3 Acc 0.8742
ep8_l3_test_time 3.7860465580000664
Test Epoch8 layer4 Acc 0.8735
ep8_l4_test_time 4.757784377999997
gc 0
Test threshold 0.1 Acc 0.8974
t0.1_test_time 1.1018757679998998
data_distribution  [10000, 0, 0, 0, 0]
Save ckpt to ckpt/imdb_lstmal_l5_pad500//imdb_lstmal_l5.pt  ,ep 8
gc 0
Test threshold 0.2 Acc 0.8974
t0.2_test_time 1.1039601469999525
data_distribution  [10000, 0, 0, 0, 0]
Save ckpt to ckpt/imdb_lstmal_l5_pad500//imdb_lstmal_l5.pt  ,ep 8
gc 0
Test threshold 0.3 Acc 0.8974
t0.3_test_time 1.1031465469999375
data_distribution  [10000, 0, 0, 0, 0]
Save ckpt to ckpt/imdb_lstmal_l5_pad500//imdb_lstmal_l5.pt  ,ep 8
gc 0
Test threshold 0.4 Acc 0.8974
t0.4_test_time 1.1055516110000099
data_distribution  [10000, 0, 0, 0, 0]
Save ckpt to ckpt/imdb_lstmal_l5_pad500//imdb_lstmal_l5.pt  ,ep 8
gc 0
Test threshold 0.5 Acc 0.8973
t0.5_test_time 1.1555448690000958
data_distribution  [9990, 10, 0, 0, 0]
gc 0
Test threshold 0.6 Acc 0.896
t0.6_test_time 1.3658103840000422
data_distribution  [9566, 402, 31, 1, 0]
gc 0
Test threshold 0.7 Acc 0.8916
t0.7_test_time 1.5817273779999823
data_distribution  [9104, 746, 129, 7, 14]
gc 0
Test threshold 0.8 Acc 0.8859
t0.8_test_time 1.7136599029998933
data_distribution  [8523, 1051, 345, 12, 69]
gc 0
Test threshold 0.9 Acc 0.8783
t0.9_test_time 1.832097019999992
data_distribution  [7571, 1365, 805, 43, 216]
gc 0
Train Epoch9 Acc 0.92335 (36934/40000)
ep9_train_time 70.915296775
Test Epoch9 layer0 Acc 0.8841
ep9_l0_test_time 1.098435419999987
Test Epoch9 layer1 Acc 0.8467
ep9_l1_test_time 1.8223751400000765
Test Epoch9 layer2 Acc 0.8696
ep9_l2_test_time 2.804815051000105
Test Epoch9 layer3 Acc 0.8673
ep9_l3_test_time 3.802844424
Test Epoch9 layer4 Acc 0.8669
ep9_l4_test_time 4.793011279999973
gc 0
Test threshold 0.1 Acc 0.8841
t0.1_test_time 1.0879033959998878
data_distribution  [10000, 0, 0, 0, 0]
gc 0
Test threshold 0.2 Acc 0.8841
t0.2_test_time 1.0839701410000089
data_distribution  [10000, 0, 0, 0, 0]
gc 0
Test threshold 0.3 Acc 0.8841
t0.3_test_time 1.0863030629999457
data_distribution  [10000, 0, 0, 0, 0]
gc 0
Test threshold 0.4 Acc 0.8841
t0.4_test_time 1.0918433599999844
data_distribution  [10000, 0, 0, 0, 0]
gc 0
Test threshold 0.5 Acc 0.8837
t0.5_test_time 1.167917598000031
data_distribution  [9984, 16, 0, 0, 0]
gc 0
Test threshold 0.6 Acc 0.8824
t0.6_test_time 1.3035774449999735
data_distribution  [9592, 394, 13, 1, 0]
gc 0
Test threshold 0.7 Acc 0.8796
t0.7_test_time 1.441646158000026
data_distribution  [9176, 765, 55, 1, 3]
gc 0
Test threshold 0.8 Acc 0.8755
t0.8_test_time 1.667464099999961
data_distribution  [8646, 1181, 147, 3, 23]
gc 0
Test threshold 0.9 Acc 0.8706
t0.9_test_time 1.7619443580000507
data_distribution  [7737, 1843, 299, 17, 104]
gc 0
Train Epoch10 Acc 0.9342 (37368/40000)
ep10_train_time 70.943062349
Test Epoch10 layer0 Acc 0.8866
ep10_l0_test_time 1.08635105999997
Test Epoch10 layer1 Acc 0.8566
ep10_l1_test_time 1.8394908390000637
Test Epoch10 layer2 Acc 0.877
ep10_l2_test_time 2.822486890999926
Test Epoch10 layer3 Acc 0.8778
ep10_l3_test_time 3.8285429149998436
Test Epoch10 layer4 Acc 0.8783
ep10_l4_test_time 4.815771544999961
gc 0
Test threshold 0.1 Acc 0.8866
t0.1_test_time 1.1084095910000542
data_distribution  [10000, 0, 0, 0, 0]
gc 0
Test threshold 0.2 Acc 0.8866
t0.2_test_time 1.1042224909999732
data_distribution  [10000, 0, 0, 0, 0]
gc 0
Test threshold 0.3 Acc 0.8866
t0.3_test_time 1.116589377000082
data_distribution  [10000, 0, 0, 0, 0]
gc 0
Test threshold 0.4 Acc 0.8866
t0.4_test_time 1.1352431650000199
data_distribution  [10000, 0, 0, 0, 0]
gc 0
Test threshold 0.5 Acc 0.8866
t0.5_test_time 1.14801767799986
data_distribution  [9989, 11, 0, 0, 0]
gc 0
Test threshold 0.6 Acc 0.8856
t0.6_test_time 1.3422731989999193
data_distribution  [9627, 357, 16, 0, 0]
gc 0
Test threshold 0.7 Acc 0.8844
t0.7_test_time 1.4568620879999798
data_distribution  [9213, 702, 82, 0, 3]
gc 0
Test threshold 0.8 Acc 0.882
t0.8_test_time 1.6152634390000458
data_distribution  [8707, 1096, 177, 4, 16]
gc 0
Test threshold 0.9 Acc 0.8774
t0.9_test_time 1.7849664540001413
data_distribution  [7856, 1729, 308, 17, 90]
gc 0
Train Epoch11 Acc 0.947375 (37895/40000)
ep11_train_time 70.90613278499995
Test Epoch11 layer0 Acc 0.8905
ep11_l0_test_time 1.0816378580000219
Test Epoch11 layer1 Acc 0.8578
ep11_l1_test_time 1.829277263999984
Test Epoch11 layer2 Acc 0.882
ep11_l2_test_time 2.821788326999922
Test Epoch11 layer3 Acc 0.8813
ep11_l3_test_time 3.818682097999954
Test Epoch11 layer4 Acc 0.8812
ep11_l4_test_time 4.8107291849999
gc 0
Test threshold 0.1 Acc 0.8905
t0.1_test_time 1.0859802709999258
data_distribution  [10000, 0, 0, 0, 0]
gc 0
Test threshold 0.2 Acc 0.8905
t0.2_test_time 1.0833745109998745
data_distribution  [10000, 0, 0, 0, 0]
gc 0
Test threshold 0.3 Acc 0.8905
t0.3_test_time 1.0869670240001597
data_distribution  [10000, 0, 0, 0, 0]
gc 0
Test threshold 0.4 Acc 0.8905
t0.4_test_time 1.083505576999869
data_distribution  [10000, 0, 0, 0, 0]
gc 0
Test threshold 0.5 Acc 0.8901
t0.5_test_time 1.1469494279999708
data_distribution  [9986, 14, 0, 0, 0]
gc 0
Test threshold 0.6 Acc 0.8883
t0.6_test_time 1.3201878430002125
data_distribution  [9634, 350, 16, 0, 0]
gc 0
Test threshold 0.7 Acc 0.8862
t0.7_test_time 1.5357959170000868
data_distribution  [9210, 705, 62, 11, 12]
gc 0
Test threshold 0.8 Acc 0.8822
t0.8_test_time 1.7058941840000443
data_distribution  [8690, 1114, 134, 17, 45]
gc 0
Test threshold 0.9 Acc 0.8784
t0.9_test_time 1.7802962559999287
data_distribution  [7918, 1651, 259, 33, 139]
gc 0
Train Epoch12 Acc 0.954775 (38191/40000)
ep12_train_time 70.92500265199988
Test Epoch12 layer0 Acc 0.8904
ep12_l0_test_time 1.0816133139999238
Test Epoch12 layer1 Acc 0.8581
ep12_l1_test_time 1.8127953740001885
Test Epoch12 layer2 Acc 0.8764
ep12_l2_test_time 2.8006169760001285
Test Epoch12 layer3 Acc 0.8756
ep12_l3_test_time 3.7934725280001658
Test Epoch12 layer4 Acc 0.8749
ep12_l4_test_time 4.777305678999937
gc 0
Test threshold 0.1 Acc 0.8904
t0.1_test_time 1.0858719820000715
data_distribution  [10000, 0, 0, 0, 0]
gc 0
Test threshold 0.2 Acc 0.8904
t0.2_test_time 1.082662578000054
data_distribution  [10000, 0, 0, 0, 0]
gc 0
Test threshold 0.3 Acc 0.8904
t0.3_test_time 1.0845975269999144
data_distribution  [10000, 0, 0, 0, 0]
gc 0
Test threshold 0.4 Acc 0.8904
t0.4_test_time 1.0826515950000157
data_distribution  [10000, 0, 0, 0, 0]
gc 0
Test threshold 0.5 Acc 0.8906
t0.5_test_time 1.1581728500000281
data_distribution  [9985, 15, 0, 0, 0]
gc 0
Test threshold 0.6 Acc 0.8876
t0.6_test_time 1.3379687060000833
data_distribution  [9614, 368, 18, 0, 0]
gc 0
Test threshold 0.7 Acc 0.8857
t0.7_test_time 1.5336477840000953
data_distribution  [9256, 664, 62, 8, 10]
gc 0
Test threshold 0.8 Acc 0.8799
t0.8_test_time 1.6328449220000039
data_distribution  [8727, 1068, 154, 16, 35]
gc 0
Test threshold 0.9 Acc 0.8766
t0.9_test_time 1.7366758979999304
data_distribution  [7978, 1604, 285, 33, 100]
gc 0
Train Epoch13 Acc 0.956475 (38259/40000)
ep13_train_time 70.92022592500007
Test Epoch13 layer0 Acc 0.8874
ep13_l0_test_time 1.0847763880001366
Test Epoch13 layer1 Acc 0.8576
ep13_l1_test_time 1.8116483310000149
Test Epoch13 layer2 Acc 0.872
ep13_l2_test_time 2.8031937599998855
Test Epoch13 layer3 Acc 0.87
ep13_l3_test_time 3.779410117999987
Test Epoch13 layer4 Acc 0.8686
ep13_l4_test_time 4.756593705000114
gc 0
Test threshold 0.1 Acc 0.8874
t0.1_test_time 1.1039870719998817
data_distribution  [10000, 0, 0, 0, 0]
gc 0
Test threshold 0.2 Acc 0.8874
t0.2_test_time 1.0852032880000024
data_distribution  [10000, 0, 0, 0, 0]
gc 0
Test threshold 0.3 Acc 0.8874
t0.3_test_time 1.0871705719998772
data_distribution  [10000, 0, 0, 0, 0]
gc 0
Test threshold 0.4 Acc 0.8874
t0.4_test_time 1.0820686029999251
data_distribution  [10000, 0, 0, 0, 0]
gc 0
Test threshold 0.5 Acc 0.8876
t0.5_test_time 1.175124422999943
data_distribution  [9980, 20, 0, 0, 0]
gc 0
Test threshold 0.6 Acc 0.8858
t0.6_test_time 1.31120764100001
data_distribution  [9617, 367, 16, 0, 0]
gc 0
Test threshold 0.7 Acc 0.8837
t0.7_test_time 1.4143528179999976
data_distribution  [9252, 673, 73, 1, 1]
gc 0
Test threshold 0.8 Acc 0.8798
t0.8_test_time 1.597203767999872
data_distribution  [8736, 1059, 188, 9, 8]
gc 0
Test threshold 0.9 Acc 0.8759
t0.9_test_time 1.748677343000054
data_distribution  [8018, 1517, 369, 34, 62]
gc 0
Train Epoch14 Acc 0.9576 (38304/40000)
ep14_train_time 70.9304246700001
Test Epoch14 layer0 Acc 0.8863
ep14_l0_test_time 1.081691611999986
Test Epoch14 layer1 Acc 0.8617
ep14_l1_test_time 1.807572078000021
Test Epoch14 layer2 Acc 0.879
ep14_l2_test_time 2.815771810999877
Test Epoch14 layer3 Acc 0.8791
ep14_l3_test_time 3.802425691000053
Test Epoch14 layer4 Acc 0.8788
ep14_l4_test_time 4.776375635000022
gc 0
Test threshold 0.1 Acc 0.8863
t0.1_test_time 1.0866337750001094
data_distribution  [10000, 0, 0, 0, 0]
gc 0
Test threshold 0.2 Acc 0.8863
t0.2_test_time 1.0835054649999165
data_distribution  [10000, 0, 0, 0, 0]
gc 0
Test threshold 0.3 Acc 0.8863
t0.3_test_time 1.0852827969999908
data_distribution  [10000, 0, 0, 0, 0]
gc 0
Test threshold 0.4 Acc 0.8863
t0.4_test_time 1.0838427660000889
data_distribution  [10000, 0, 0, 0, 0]
gc 0
Test threshold 0.5 Acc 0.8863
t0.5_test_time 1.1815510930000528
data_distribution  [9981, 19, 0, 0, 0]
gc 0
Test threshold 0.6 Acc 0.886
t0.6_test_time 1.3582536110000092
data_distribution  [9624, 349, 22, 5, 0]
gc 0
Test threshold 0.7 Acc 0.8835
t0.7_test_time 1.5397338199998103
data_distribution  [9249, 652, 70, 8, 21]
gc 0
Test threshold 0.8 Acc 0.8803
t0.8_test_time 1.6533124190000308
data_distribution  [8742, 1032, 155, 15, 56]
gc 0
Test threshold 0.9 Acc 0.8771
t0.9_test_time 1.7424857500000144
data_distribution  [8019, 1527, 281, 23, 150]
gc 0
Train Epoch15 Acc 0.956325 (38253/40000)
ep15_train_time 70.89882138899998
Test Epoch15 layer0 Acc 0.8813
ep15_l0_test_time 1.0832014430000072
Test Epoch15 layer1 Acc 0.8611
ep15_l1_test_time 1.837191728000107
Test Epoch15 layer2 Acc 0.8744
ep15_l2_test_time 2.8256041579998055
Test Epoch15 layer3 Acc 0.8737
ep15_l3_test_time 3.8140131919999476
Test Epoch15 layer4 Acc 0.8746
ep15_l4_test_time 4.804134700000077
gc 0
Test threshold 0.1 Acc 0.8813
t0.1_test_time 1.0916504519998398
data_distribution  [10000, 0, 0, 0, 0]
gc 0
Test threshold 0.2 Acc 0.8813
t0.2_test_time 1.1121192919999885
data_distribution  [10000, 0, 0, 0, 0]
gc 0
Test threshold 0.3 Acc 0.8813
t0.3_test_time 1.0997589309999967
data_distribution  [10000, 0, 0, 0, 0]
gc 0
Test threshold 0.4 Acc 0.8813
t0.4_test_time 1.1040065749998575
data_distribution  [10000, 0, 0, 0, 0]
gc 0
Test threshold 0.5 Acc 0.8816
t0.5_test_time 1.1458154239999203
data_distribution  [9989, 11, 0, 0, 0]
gc 0
Test threshold 0.6 Acc 0.8816
t0.6_test_time 1.3120643859999745
data_distribution  [9652, 337, 11, 0, 0]
gc 0
Test threshold 0.7 Acc 0.8801
t0.7_test_time 1.4931261430001541
data_distribution  [9264, 681, 45, 2, 8]
gc 0
Test threshold 0.8 Acc 0.8798
t0.8_test_time 1.6834460180000406
data_distribution  [8821, 1033, 96, 10, 40]
gc 0
Test threshold 0.9 Acc 0.8773
t0.9_test_time 1.7646754560000772
data_distribution  [8099, 1558, 195, 18, 130]
gc 0
Train Epoch16 Acc 0.9616 (38464/40000)
ep16_train_time 70.95685194800012
Test Epoch16 layer0 Acc 0.8836
ep16_l0_test_time 1.0987002130000292
Test Epoch16 layer1 Acc 0.8612
ep16_l1_test_time 1.8328972190001878
Test Epoch16 layer2 Acc 0.8768
ep16_l2_test_time 2.8280571580000924
Test Epoch16 layer3 Acc 0.8762
ep16_l3_test_time 3.8192503230000057
Test Epoch16 layer4 Acc 0.877
ep16_l4_test_time 4.808683662999783
gc 0
Test threshold 0.1 Acc 0.8836
t0.1_test_time 1.0887748009999996
data_distribution  [10000, 0, 0, 0, 0]
gc 0
Test threshold 0.2 Acc 0.8836
t0.2_test_time 1.0836727060000158
data_distribution  [10000, 0, 0, 0, 0]
gc 0
Test threshold 0.3 Acc 0.8836
t0.3_test_time 1.09692668699995
data_distribution  [10000, 0, 0, 0, 0]
gc 0
Test threshold 0.4 Acc 0.8836
t0.4_test_time 1.086670895999987
data_distribution  [10000, 0, 0, 0, 0]
gc 0
Test threshold 0.5 Acc 0.8834
t0.5_test_time 1.1844700489998559
data_distribution  [9979, 21, 0, 0, 0]
gc 0
Test threshold 0.6 Acc 0.8825
t0.6_test_time 1.3773605470000803
data_distribution  [9636, 338, 24, 1, 1]
gc 0
Test threshold 0.7 Acc 0.8802
t0.7_test_time 1.6289760160000242
data_distribution  [9277, 624, 72, 10, 17]
gc 0
Test threshold 0.8 Acc 0.8773
t0.8_test_time 1.7077996200000598
data_distribution  [8795, 996, 141, 15, 53]
gc 0
Test threshold 0.9 Acc 0.8753
t0.9_test_time 1.801563946999977
data_distribution  [8091, 1512, 231, 24, 142]
gc 0
Train Epoch17 Acc 0.9638 (38552/40000)
ep17_train_time 70.91185852800004
Test Epoch17 layer0 Acc 0.8841
ep17_l0_test_time 1.091508936999844
Test Epoch17 layer1 Acc 0.8611
ep17_l1_test_time 1.8188401049999356
Test Epoch17 layer2 Acc 0.8741
ep17_l2_test_time 2.8014378049999777
Test Epoch17 layer3 Acc 0.874
ep17_l3_test_time 3.7912787150000895
Test Epoch17 layer4 Acc 0.8743
ep17_l4_test_time 4.77848480900002
gc 0
Test threshold 0.1 Acc 0.8841
t0.1_test_time 1.084587380999892
data_distribution  [10000, 0, 0, 0, 0]
gc 0
Test threshold 0.2 Acc 0.8841
t0.2_test_time 1.086462456000163
data_distribution  [10000, 0, 0, 0, 0]
gc 0
Test threshold 0.3 Acc 0.8841
t0.3_test_time 1.0838016689999677
data_distribution  [10000, 0, 0, 0, 0]
gc 0
Test threshold 0.4 Acc 0.8841
t0.4_test_time 1.0862372779999987
data_distribution  [10000, 0, 0, 0, 0]
gc 0
Test threshold 0.5 Acc 0.8836
t0.5_test_time 1.1649600859998372
data_distribution  [9984, 16, 0, 0, 0]
gc 0
Test threshold 0.6 Acc 0.883
t0.6_test_time 1.3440886280000086
data_distribution  [9645, 326, 27, 1, 1]
gc 0
Test threshold 0.7 Acc 0.8795
t0.7_test_time 1.5251598869999725
data_distribution  [9267, 627, 95, 2, 9]
gc 0
Test threshold 0.8 Acc 0.8759
t0.8_test_time 1.643205093000006
data_distribution  [8785, 993, 175, 6, 41]
gc 0
Test threshold 0.9 Acc 0.8732
t0.9_test_time 1.7324541429998135
data_distribution  [8082, 1459, 325, 24, 110]
gc 0
Train Epoch18 Acc 0.96395 (38558/40000)
ep18_train_time 70.98640433700007
Test Epoch18 layer0 Acc 0.883
ep18_l0_test_time 1.083522801000072
Test Epoch18 layer1 Acc 0.8629
ep18_l1_test_time 1.8093421870000839
Test Epoch18 layer2 Acc 0.8749
ep18_l2_test_time 2.796187350999844
Test Epoch18 layer3 Acc 0.8737
ep18_l3_test_time 3.7926937760000783
Test Epoch18 layer4 Acc 0.8733
ep18_l4_test_time 4.768486608999865
gc 0
Test threshold 0.1 Acc 0.883
t0.1_test_time 1.1296859500000664
data_distribution  [10000, 0, 0, 0, 0]
gc 0
Test threshold 0.2 Acc 0.883
t0.2_test_time 1.1522069180000472
data_distribution  [10000, 0, 0, 0, 0]
gc 0
Test threshold 0.3 Acc 0.883
t0.3_test_time 1.1118625829999473
data_distribution  [10000, 0, 0, 0, 0]
gc 0
Test threshold 0.4 Acc 0.883
t0.4_test_time 1.1314751330000945
data_distribution  [10000, 0, 0, 0, 0]
gc 0
Test threshold 0.5 Acc 0.883
t0.5_test_time 1.1804271979999612
data_distribution  [9983, 17, 0, 0, 0]
gc 0
Test threshold 0.6 Acc 0.8828
t0.6_test_time 1.3291573619999326
data_distribution  [9634, 348, 17, 1, 0]
gc 0
Test threshold 0.7 Acc 0.8817
t0.7_test_time 1.5418953389998933
data_distribution  [9287, 630, 62, 7, 14]
gc 0
Test threshold 0.8 Acc 0.8769
t0.8_test_time 1.656262679999827
data_distribution  [8816, 992, 126, 15, 51]
gc 0
Test threshold 0.9 Acc 0.8742
t0.9_test_time 1.7341869790000146
data_distribution  [8107, 1500, 248, 19, 126]
gc 0
Train Epoch19 Acc 0.965925 (38637/40000)
ep19_train_time 70.9246297069999
Test Epoch19 layer0 Acc 0.8808
ep19_l0_test_time 1.0847656089999873
Test Epoch19 layer1 Acc 0.8601
ep19_l1_test_time 1.8224129699999594
Test Epoch19 layer2 Acc 0.8764
ep19_l2_test_time 2.819072720999884
Test Epoch19 layer3 Acc 0.8752
ep19_l3_test_time 3.801240302999986
Test Epoch19 layer4 Acc 0.875
ep19_l4_test_time 4.7938466339999195
gc 0
Test threshold 0.1 Acc 0.8808
t0.1_test_time 1.0820251710001685
data_distribution  [10000, 0, 0, 0, 0]
gc 0
Test threshold 0.2 Acc 0.8808
t0.2_test_time 1.0852835239998058
data_distribution  [10000, 0, 0, 0, 0]
gc 0
Test threshold 0.3 Acc 0.8808
t0.3_test_time 1.0812926539999808
data_distribution  [10000, 0, 0, 0, 0]
gc 0
Test threshold 0.4 Acc 0.8808
t0.4_test_time 1.0899709130001156
data_distribution  [10000, 0, 0, 0, 0]
gc 0
Test threshold 0.5 Acc 0.8809
t0.5_test_time 1.1525921749998815
data_distribution  [9986, 14, 0, 0, 0]
gc 0
Test threshold 0.6 Acc 0.8795
t0.6_test_time 1.3348608229998717
data_distribution  [9658, 317, 22, 3, 0]
gc 0
Test threshold 0.7 Acc 0.8768
t0.7_test_time 1.5549622510000063
data_distribution  [9294, 618, 71, 4, 13]
gc 0
Test threshold 0.8 Acc 0.8731
t0.8_test_time 1.6763382130000082
data_distribution  [8849, 944, 142, 13, 52]
gc 0
Test threshold 0.9 Acc 0.8714
t0.9_test_time 1.7274228530000073
data_distribution  [8159, 1437, 258, 22, 124]
Best Acc 0.8974 8 0
total_train+valid_time 1975.810321486
