total count words 887881
vocab size 30000
train size 560000, test size 70000
found 28354 words in glove
L0f Total Trainable Params: 9000000
L0b Total Trainable Params: 38528
L0ae Total Trainable Params: 3726
L1f Total Trainable Params: 1086600
L1b Total Trainable Params: 38528
L1ae Total Trainable Params: 33024
L2f Total Trainable Params: 1086600
L2b Total Trainable Params: 38528
L2ae Total Trainable Params: 33024
L3f Total Trainable Params: 1086600
L3b Total Trainable Params: 38528
L3ae Total Trainable Params: 33024
L4f Total Trainable Params: 1086600
L4b Total Trainable Params: 38528
L4ae Total Trainable Params: 33024
init_time 53.9104923
Start Training
gc 0
ep0_train_time 49.742265367
Test Epoch0 layer0 Acc 0.9724428571428572
ep0_l0_test_time 1.5432720550000028
Save ckpt to ckpt/dbpedia_14_transformeral_l5_pad80_fix//dbpedia_14_transformeral_l5_m0.pt  ,ep 0
Test Epoch0 layer1 Acc 0.061514285714285716
ep0_l1_test_time 2.4480416500000075
Test Epoch0 layer2 Acc 0.04371428571428571
ep0_l2_test_time 3.373290738999998
Test Epoch0 layer3 Acc 0.059885714285714285
ep0_l3_test_time 4.306191821999988
Test Epoch0 layer4 Acc 0.07888571428571428
ep0_l4_test_time 5.15119273900001
gc 0
Test threshold 0.1 Acc 0.9724428571428572
t0.1_test_time 1.6275541810000078
data_distribution  [70000, 0, 0, 0, 0]
gc 0
Test threshold 0.2 Acc 0.9724428571428572
t0.2_test_time 1.5630310170000001
data_distribution  [70000, 0, 0, 0, 0]
gc 0
Test threshold 0.3 Acc 0.9724428571428572
t0.3_test_time 1.561370256999993
data_distribution  [70000, 0, 0, 0, 0]
gc 0
Test threshold 0.4 Acc 0.9724428571428572
t0.4_test_time 1.5693189360000162
data_distribution  [70000, 0, 0, 0, 0]
gc 0
Test threshold 0.5 Acc 0.9724428571428572
t0.5_test_time 1.5652760039999976
data_distribution  [70000, 0, 0, 0, 0]
gc 0
Test threshold 0.6 Acc 0.9724428571428572
t0.6_test_time 1.5675011950000055
data_distribution  [70000, 0, 0, 0, 0]
gc 0
Test threshold 0.7 Acc 0.9724428571428572
t0.7_test_time 1.557035223000014
data_distribution  [70000, 0, 0, 0, 0]
gc 0
Test threshold 0.8 Acc 0.9724428571428572
t0.8_test_time 1.5595493309999995
data_distribution  [70000, 0, 0, 0, 0]
gc 0
Test threshold 0.9 Acc 0.9724428571428572
t0.9_test_time 1.5614903759999947
data_distribution  [70000, 0, 0, 0, 0]
gc 0
ep1_train_time 49.433206084000005
Test Epoch1 layer0 Acc 0.9737571428571429
ep1_l0_test_time 1.538891834999987
Save ckpt to ckpt/dbpedia_14_transformeral_l5_pad80_fix//dbpedia_14_transformeral_l5_m0.pt  ,ep 1
Test Epoch1 layer1 Acc 0.06444285714285715
ep1_l1_test_time 2.442303671000019
Test Epoch1 layer2 Acc 0.0453
ep1_l2_test_time 3.3702059439999914
Test Epoch1 layer3 Acc 0.05921428571428571
ep1_l3_test_time 4.296583725000005
Test Epoch1 layer4 Acc 0.08357142857142857
ep1_l4_test_time 5.164014662
gc 0
Test threshold 0.1 Acc 0.9737571428571429
t0.1_test_time 1.5397979970000222
data_distribution  [70000, 0, 0, 0, 0]
gc 0
Test threshold 0.2 Acc 0.9737571428571429
t0.2_test_time 1.5631690129999924
data_distribution  [70000, 0, 0, 0, 0]
gc 0
Test threshold 0.3 Acc 0.9737571428571429
t0.3_test_time 1.559277949999995
data_distribution  [70000, 0, 0, 0, 0]
gc 0
Test threshold 0.4 Acc 0.9737571428571429
t0.4_test_time 1.5755617909999842
data_distribution  [70000, 0, 0, 0, 0]
gc 0
Test threshold 0.5 Acc 0.9737571428571429
t0.5_test_time 1.5753823699999998
data_distribution  [70000, 0, 0, 0, 0]
gc 0
Test threshold 0.6 Acc 0.9737571428571429
t0.6_test_time 1.5528683029999968
data_distribution  [70000, 0, 0, 0, 0]
gc 0
Test threshold 0.7 Acc 0.9737571428571429
t0.7_test_time 1.6088457230000017
data_distribution  [70000, 0, 0, 0, 0]
gc 0
Test threshold 0.8 Acc 0.9737571428571429
t0.8_test_time 1.5454902120000042
data_distribution  [70000, 0, 0, 0, 0]
gc 0
Test threshold 0.9 Acc 0.9737571428571429
t0.9_test_time 1.5688911640000072
data_distribution  [70000, 0, 0, 0, 0]
gc 0
ep2_train_time 49.51458450299998
Test Epoch2 layer0 Acc 0.9740571428571428
ep2_l0_test_time 1.559660244999975
Save ckpt to ckpt/dbpedia_14_transformeral_l5_pad80_fix//dbpedia_14_transformeral_l5_m0.pt  ,ep 2
Test Epoch2 layer1 Acc 0.06627142857142858
ep2_l1_test_time 2.4557726600000365
Test Epoch2 layer2 Acc 0.0462
ep2_l2_test_time 3.3719270919999644
Test Epoch2 layer3 Acc 0.059814285714285716
ep2_l3_test_time 4.3163710599999945
Test Epoch2 layer4 Acc 0.08451428571428571
ep2_l4_test_time 5.155575975999966
gc 0
Test threshold 0.1 Acc 0.9740571428571428
t0.1_test_time 1.5452447119999988
data_distribution  [70000, 0, 0, 0, 0]
gc 0
Test threshold 0.2 Acc 0.9740571428571428
t0.2_test_time 1.5458439149999776
data_distribution  [70000, 0, 0, 0, 0]
gc 0
Test threshold 0.3 Acc 0.9740571428571428
t0.3_test_time 1.5611481560000016
data_distribution  [70000, 0, 0, 0, 0]
gc 0
Test threshold 0.4 Acc 0.9740571428571428
t0.4_test_time 1.5429384070000083
data_distribution  [70000, 0, 0, 0, 0]
gc 0
Test threshold 0.5 Acc 0.9740571428571428
t0.5_test_time 1.5474667679999925
data_distribution  [70000, 0, 0, 0, 0]
gc 0
Test threshold 0.6 Acc 0.9740571428571428
t0.6_test_time 1.5593961569999806
data_distribution  [70000, 0, 0, 0, 0]
gc 0
Test threshold 0.7 Acc 0.9740571428571428
t0.7_test_time 1.5558882800000333
data_distribution  [70000, 0, 0, 0, 0]
gc 0
Test threshold 0.8 Acc 0.9740571428571428
t0.8_test_time 1.56929544999997
data_distribution  [70000, 0, 0, 0, 0]
gc 0
Test threshold 0.9 Acc 0.9740571428571428
t0.9_test_time 1.5585211050000112
data_distribution  [70000, 0, 0, 0, 0]
gc 0
ep3_train_time 49.29679576199999
Test Epoch3 layer0 Acc 0.9742
ep3_l0_test_time 1.5430870099999652
Save ckpt to ckpt/dbpedia_14_transformeral_l5_pad80_fix//dbpedia_14_transformeral_l5_m0.pt  ,ep 3
Test Epoch3 layer1 Acc 0.06735714285714285
ep3_l1_test_time 2.4427919289999522
Test Epoch3 layer2 Acc 0.04598571428571428
ep3_l2_test_time 3.3746005049999894
Test Epoch3 layer3 Acc 0.059942857142857145
ep3_l3_test_time 4.3475904659999856
Test Epoch3 layer4 Acc 0.08628571428571429
ep3_l4_test_time 5.1537893739999845
gc 0
Test threshold 0.1 Acc 0.9742
t0.1_test_time 1.5524221289999787
data_distribution  [70000, 0, 0, 0, 0]
gc 0
Test threshold 0.2 Acc 0.9742
t0.2_test_time 1.565266862000044
data_distribution  [70000, 0, 0, 0, 0]
gc 0
Test threshold 0.3 Acc 0.9742
t0.3_test_time 1.594342797999957
data_distribution  [70000, 0, 0, 0, 0]
gc 0
Test threshold 0.4 Acc 0.9742
t0.4_test_time 1.5524430329999745
data_distribution  [70000, 0, 0, 0, 0]
gc 0
Test threshold 0.5 Acc 0.9742
t0.5_test_time 1.5478980969999725
data_distribution  [70000, 0, 0, 0, 0]
gc 0
Test threshold 0.6 Acc 0.9742
t0.6_test_time 1.5567334479999886
data_distribution  [70000, 0, 0, 0, 0]
gc 0
Test threshold 0.7 Acc 0.9742
t0.7_test_time 1.5490592859999879
data_distribution  [70000, 0, 0, 0, 0]
gc 0
Test threshold 0.8 Acc 0.9742
t0.8_test_time 1.546930691
data_distribution  [70000, 0, 0, 0, 0]
gc 0
Test threshold 0.9 Acc 0.9742
t0.9_test_time 1.577290204999997
data_distribution  [70000, 0, 0, 0, 0]
gc 0
ep4_train_time 49.41043652000002
Test Epoch4 layer0 Acc 0.9745714285714285
ep4_l0_test_time 1.5398740629999565
Save ckpt to ckpt/dbpedia_14_transformeral_l5_pad80_fix//dbpedia_14_transformeral_l5_m0.pt  ,ep 4
Test Epoch4 layer1 Acc 0.06802857142857142
ep4_l1_test_time 2.4621154240000465
Test Epoch4 layer2 Acc 0.0461
ep4_l2_test_time 3.393446598999958
Test Epoch4 layer3 Acc 0.05978571428571428
ep4_l3_test_time 4.306082185000037
Test Epoch4 layer4 Acc 0.08754285714285714
ep4_l4_test_time 5.154931299999987
gc 0
Test threshold 0.1 Acc 0.9745714285714285
t0.1_test_time 1.5776352049999787
data_distribution  [70000, 0, 0, 0, 0]
gc 0
Test threshold 0.2 Acc 0.9745714285714285
t0.2_test_time 1.598824680000007
data_distribution  [70000, 0, 0, 0, 0]
gc 0
Test threshold 0.3 Acc 0.9745714285714285
t0.3_test_time 1.5862108240000339
data_distribution  [70000, 0, 0, 0, 0]
gc 0
Test threshold 0.4 Acc 0.9745714285714285
t0.4_test_time 1.5705421039999692
data_distribution  [70000, 0, 0, 0, 0]
gc 0
Test threshold 0.5 Acc 0.9745714285714285
t0.5_test_time 1.5775988130000087
data_distribution  [70000, 0, 0, 0, 0]
gc 0
Test threshold 0.6 Acc 0.9745714285714285
t0.6_test_time 1.5943642410000507
data_distribution  [70000, 0, 0, 0, 0]
gc 0
Test threshold 0.7 Acc 0.9745714285714285
t0.7_test_time 1.5786850779999781
data_distribution  [70000, 0, 0, 0, 0]
gc 0
Test threshold 0.8 Acc 0.9745714285714285
t0.8_test_time 1.5542436300000304
data_distribution  [70000, 0, 0, 0, 0]
gc 0
Test threshold 0.9 Acc 0.9745714285714285
t0.9_test_time 1.5743286740000144
data_distribution  [70000, 0, 0, 0, 0]
gc 0
ep5_train_time 49.44540181799999
Test Epoch5 layer0 Acc 0.9744428571428572
ep5_l0_test_time 1.5517306429999849
Test Epoch5 layer1 Acc 0.0679
ep5_l1_test_time 2.436889663000045
Test Epoch5 layer2 Acc 0.045771428571428574
ep5_l2_test_time 3.3736950369999477
Test Epoch5 layer3 Acc 0.060071428571428574
ep5_l3_test_time 4.315144955999926
Test Epoch5 layer4 Acc 0.08737142857142857
ep5_l4_test_time 5.1860376340000585
gc 0
Test threshold 0.1 Acc 0.9744428571428572
t0.1_test_time 1.6418756630000644
data_distribution  [70000, 0, 0, 0, 0]
gc 0
Test threshold 0.2 Acc 0.9744428571428572
t0.2_test_time 1.5461914099998921
data_distribution  [70000, 0, 0, 0, 0]
gc 0
Test threshold 0.3 Acc 0.9744428571428572
t0.3_test_time 1.5566875450000452
data_distribution  [70000, 0, 0, 0, 0]
gc 0
Test threshold 0.4 Acc 0.9744428571428572
t0.4_test_time 1.5863890940000829
data_distribution  [70000, 0, 0, 0, 0]
gc 0
Test threshold 0.5 Acc 0.9744428571428572
t0.5_test_time 1.5751324889999978
data_distribution  [70000, 0, 0, 0, 0]
gc 0
Test threshold 0.6 Acc 0.9744428571428572
t0.6_test_time 1.5753017209999598
data_distribution  [70000, 0, 0, 0, 0]
gc 0
Test threshold 0.7 Acc 0.9744428571428572
t0.7_test_time 1.5544868089999682
data_distribution  [70000, 0, 0, 0, 0]
gc 0
Test threshold 0.8 Acc 0.9744428571428572
t0.8_test_time 1.6209066789999724
data_distribution  [70000, 0, 0, 0, 0]
gc 0
Test threshold 0.9 Acc 0.9744428571428572
t0.9_test_time 1.561198494999985
data_distribution  [70000, 0, 0, 0, 0]
gc 0
ep6_train_time 49.46285321000005
Test Epoch6 layer0 Acc 0.9745571428571429
ep6_l0_test_time 1.5440475970000307
Test Epoch6 layer1 Acc 0.06801428571428571
ep6_l1_test_time 2.447626096000022
Test Epoch6 layer2 Acc 0.04644285714285714
ep6_l2_test_time 3.3723444739999877
Test Epoch6 layer3 Acc 0.060457142857142855
ep6_l3_test_time 4.3160521289999
Test Epoch6 layer4 Acc 0.08834285714285714
ep6_l4_test_time 5.20682797500001
gc 0
Test threshold 0.1 Acc 0.9745571428571429
t0.1_test_time 1.5520433809999759
data_distribution  [70000, 0, 0, 0, 0]
gc 0
Test threshold 0.2 Acc 0.9745571428571429
t0.2_test_time 1.5582186999999976
data_distribution  [70000, 0, 0, 0, 0]
gc 0
Test threshold 0.3 Acc 0.9745571428571429
t0.3_test_time 1.568730200999994
data_distribution  [70000, 0, 0, 0, 0]
gc 0
Test threshold 0.4 Acc 0.9745571428571429
t0.4_test_time 1.563330120000046
data_distribution  [70000, 0, 0, 0, 0]
gc 0
Test threshold 0.5 Acc 0.9745571428571429
t0.5_test_time 1.558811379999952
data_distribution  [70000, 0, 0, 0, 0]
gc 0
Test threshold 0.6 Acc 0.9745571428571429
t0.6_test_time 1.5624771620000502
data_distribution  [70000, 0, 0, 0, 0]
gc 0
Test threshold 0.7 Acc 0.9745571428571429
t0.7_test_time 1.560686832999977
data_distribution  [70000, 0, 0, 0, 0]
gc 0
Test threshold 0.8 Acc 0.9745571428571429
t0.8_test_time 1.55640307200008
data_distribution  [70000, 0, 0, 0, 0]
gc 0
Test threshold 0.9 Acc 0.9745571428571429
t0.9_test_time 1.5620454410000093
data_distribution  [70000, 0, 0, 0, 0]
gc 0
ep7_train_time 49.472217265999916
Test Epoch7 layer0 Acc 0.9745857142857143
ep7_l0_test_time 1.5346151690000625
Save ckpt to ckpt/dbpedia_14_transformeral_l5_pad80_fix//dbpedia_14_transformeral_l5_m0.pt  ,ep 7
Test Epoch7 layer1 Acc 0.06774285714285715
ep7_l1_test_time 2.442318169000032
Test Epoch7 layer2 Acc 0.04705714285714286
ep7_l2_test_time 3.369306832999996
Test Epoch7 layer3 Acc 0.06034285714285714
ep7_l3_test_time 4.299297107000029
Test Epoch7 layer4 Acc 0.0883
ep7_l4_test_time 5.153120092999984
gc 0
Test threshold 0.1 Acc 0.9745857142857143
t0.1_test_time 1.5452906519999488
data_distribution  [70000, 0, 0, 0, 0]
gc 0
Test threshold 0.2 Acc 0.9745857142857143
t0.2_test_time 1.5496251609999945
data_distribution  [70000, 0, 0, 0, 0]
gc 0
Test threshold 0.3 Acc 0.9745857142857143
t0.3_test_time 1.5834119259999397
data_distribution  [70000, 0, 0, 0, 0]
gc 0
Test threshold 0.4 Acc 0.9745857142857143
t0.4_test_time 1.5474160640000036
data_distribution  [70000, 0, 0, 0, 0]
gc 0
Test threshold 0.5 Acc 0.9745857142857143
t0.5_test_time 1.5673004349999928
data_distribution  [70000, 0, 0, 0, 0]
gc 0
Test threshold 0.6 Acc 0.9745857142857143
t0.6_test_time 1.5642041080000126
data_distribution  [70000, 0, 0, 0, 0]
gc 0
Test threshold 0.7 Acc 0.9745857142857143
t0.7_test_time 1.563615002000006
data_distribution  [70000, 0, 0, 0, 0]
gc 0
Test threshold 0.8 Acc 0.9745857142857143
t0.8_test_time 1.551023703999931
data_distribution  [70000, 0, 0, 0, 0]
gc 0
Test threshold 0.9 Acc 0.9745857142857143
t0.9_test_time 1.6083695700000362
data_distribution  [70000, 0, 0, 0, 0]
gc 0
ep8_train_time 49.45719163800004
Test Epoch8 layer0 Acc 0.9747571428571429
ep8_l0_test_time 1.5504643399999622
Save ckpt to ckpt/dbpedia_14_transformeral_l5_pad80_fix//dbpedia_14_transformeral_l5_m0.pt  ,ep 8
Test Epoch8 layer1 Acc 0.06787142857142857
ep8_l1_test_time 2.451060132000066
Test Epoch8 layer2 Acc 0.04701428571428572
ep8_l2_test_time 3.3776668300000665
Test Epoch8 layer3 Acc 0.06085714285714286
ep8_l3_test_time 4.311002870999914
Test Epoch8 layer4 Acc 0.0879
ep8_l4_test_time 5.165494575000025
gc 0
Test threshold 0.1 Acc 0.9747571428571429
t0.1_test_time 1.5556839229999468
data_distribution  [70000, 0, 0, 0, 0]
gc 0
Test threshold 0.2 Acc 0.9747571428571429
t0.2_test_time 1.555519980999975
data_distribution  [70000, 0, 0, 0, 0]
gc 0
Test threshold 0.3 Acc 0.9747571428571429
t0.3_test_time 1.5802769420000686
data_distribution  [70000, 0, 0, 0, 0]
gc 0
Test threshold 0.4 Acc 0.9747571428571429
t0.4_test_time 1.5726761649999617
data_distribution  [70000, 0, 0, 0, 0]
gc 0
Test threshold 0.5 Acc 0.9747571428571429
t0.5_test_time 1.5829306159999987
data_distribution  [70000, 0, 0, 0, 0]
gc 0
Test threshold 0.6 Acc 0.9747571428571429
t0.6_test_time 1.564624876000039
data_distribution  [70000, 0, 0, 0, 0]
gc 0
Test threshold 0.7 Acc 0.9747571428571429
t0.7_test_time 1.6053868319999083
data_distribution  [70000, 0, 0, 0, 0]
gc 0
Test threshold 0.8 Acc 0.9747571428571429
t0.8_test_time 1.6099817780000194
data_distribution  [70000, 0, 0, 0, 0]
gc 0
Test threshold 0.9 Acc 0.9747571428571429
t0.9_test_time 1.5751916589999837
data_distribution  [70000, 0, 0, 0, 0]
gc 0
ep9_train_time 49.539057566
Test Epoch9 layer0 Acc 0.9744428571428572
ep9_l0_test_time 1.6091944490000287
Test Epoch9 layer1 Acc 0.06851428571428571
ep9_l1_test_time 2.48477105500001
Test Epoch9 layer2 Acc 0.047285714285714285
ep9_l2_test_time 3.3983282940000663
Test Epoch9 layer3 Acc 0.06111428571428571
ep9_l3_test_time 4.3331991910000625
Test Epoch9 layer4 Acc 0.08852857142857143
ep9_l4_test_time 5.169889902000023
gc 0
Test threshold 0.1 Acc 0.9744428571428572
t0.1_test_time 1.5547076949999337
data_distribution  [70000, 0, 0, 0, 0]
gc 0
Test threshold 0.2 Acc 0.9744428571428572
t0.2_test_time 1.7005817649999244
data_distribution  [70000, 0, 0, 0, 0]
gc 0
Test threshold 0.3 Acc 0.9744428571428572
t0.3_test_time 1.581663838000054
data_distribution  [70000, 0, 0, 0, 0]
gc 0
Test threshold 0.4 Acc 0.9744428571428572
t0.4_test_time 1.5537545490000184
data_distribution  [70000, 0, 0, 0, 0]
gc 0
Test threshold 0.5 Acc 0.9744428571428572
t0.5_test_time 1.5770384109999895
data_distribution  [70000, 0, 0, 0, 0]
gc 0
Test threshold 0.6 Acc 0.9744428571428572
t0.6_test_time 1.666845158000001
data_distribution  [70000, 0, 0, 0, 0]
gc 0
Test threshold 0.7 Acc 0.9744428571428572
t0.7_test_time 1.607379695000077
data_distribution  [70000, 0, 0, 0, 0]
gc 0
Test threshold 0.8 Acc 0.9744428571428572
t0.8_test_time 1.583189028999982
data_distribution  [70000, 0, 0, 0, 0]
gc 0
Test threshold 0.9 Acc 0.9744428571428572
t0.9_test_time 1.5865659080000114
data_distribution  [70000, 0, 0, 0, 0]
Best Acc 0.9747571428571429 8 0
gc 9
ep0_train_time 63.00319570700003
Test Epoch0 layer0 Acc 0.9747571428571429
ep0_l0_test_time 1.5368838349999123
Test Epoch0 layer1 Acc 0.9735428571428572
ep0_l1_test_time 2.4501125419999426
Save ckpt to ckpt/dbpedia_14_transformeral_l5_pad80_fix//dbpedia_14_transformeral_l5_m1.pt  ,ep 0
Test Epoch0 layer2 Acc 0.10892857142857143
ep0_l2_test_time 3.3789047540000183
Test Epoch0 layer3 Acc 0.06314285714285714
ep0_l3_test_time 4.308607931999973
Test Epoch0 layer4 Acc 0.11102857142857143
ep0_l4_test_time 5.172991720000027
gc 0
Test threshold 0.1 Acc 0.9741571428571428
t0.1_test_time 1.6474972790000493
data_distribution  [67760, 2240, 0, 0, 0]
gc 0
Test threshold 0.2 Acc 0.9743
t0.2_test_time 1.6547097499999381
data_distribution  [67176, 2824, 0, 0, 0]
gc 0
Test threshold 0.3 Acc 0.9743142857142857
t0.3_test_time 1.6683400560000337
data_distribution  [66750, 3250, 0, 0, 0]
gc 0
Test threshold 0.4 Acc 0.9743
t0.4_test_time 1.660560695000072
data_distribution  [66354, 3646, 0, 0, 0]
gc 0
Test threshold 0.5 Acc 0.9742571428571428
t0.5_test_time 1.6791115060000266
data_distribution  [65966, 4034, 0, 0, 0]
gc 0
Test threshold 0.6 Acc 0.9741714285714286
t0.6_test_time 1.7326283719999083
data_distribution  [65604, 4396, 0, 0, 0]
gc 0
Test threshold 0.7 Acc 0.9741285714285715
t0.7_test_time 1.7391374899999619
data_distribution  [65175, 4825, 0, 0, 0]
gc 0
Test threshold 0.8 Acc 0.9740714285714286
t0.8_test_time 1.6955528219999678
data_distribution  [64565, 5435, 0, 0, 0]
gc 0
Test threshold 0.9 Acc 0.9740571428571428
t0.9_test_time 1.7199813409999933
data_distribution  [63650, 6350, 0, 0, 0]
gc 0
ep1_train_time 63.010106874999906
Test Epoch1 layer0 Acc 0.9747571428571429
ep1_l0_test_time 1.540052279000065
Test Epoch1 layer1 Acc 0.9776142857142858
ep1_l1_test_time 2.4525565429999006
Save ckpt to ckpt/dbpedia_14_transformeral_l5_pad80_fix//dbpedia_14_transformeral_l5_m1.pt  ,ep 1
Test Epoch1 layer2 Acc 0.09537142857142857
ep1_l2_test_time 3.3783286580001004
Test Epoch1 layer3 Acc 0.06811428571428571
ep1_l3_test_time 4.3166378180001175
Test Epoch1 layer4 Acc 0.07397142857142858
ep1_l4_test_time 5.18343693099996
gc 0
Test threshold 0.1 Acc 0.9756142857142858
t0.1_test_time 1.6844699829998717
data_distribution  [67760, 2240, 0, 0, 0]
gc 0
Test threshold 0.2 Acc 0.9757714285714286
t0.2_test_time 1.6711735259998477
data_distribution  [67176, 2824, 0, 0, 0]
gc 0
Test threshold 0.3 Acc 0.9757428571428571
t0.3_test_time 1.6705057479998686
data_distribution  [66750, 3250, 0, 0, 0]
gc 0
Test threshold 0.4 Acc 0.9758714285714286
t0.4_test_time 1.6820630209999763
data_distribution  [66354, 3646, 0, 0, 0]
gc 0
Test threshold 0.5 Acc 0.9759714285714286
t0.5_test_time 1.7201051439999446
data_distribution  [65966, 4034, 0, 0, 0]
gc 0
Test threshold 0.6 Acc 0.9759714285714286
t0.6_test_time 1.720705181999847
data_distribution  [65604, 4396, 0, 0, 0]
gc 0
Test threshold 0.7 Acc 0.9761
t0.7_test_time 1.6949407659999451
data_distribution  [65175, 4825, 0, 0, 0]
gc 0
Test threshold 0.8 Acc 0.9761857142857143
t0.8_test_time 1.7178828989999602
data_distribution  [64565, 5435, 0, 0, 0]
gc 0
Test threshold 0.9 Acc 0.9763571428571428
t0.9_test_time 1.716540268000017
data_distribution  [63650, 6350, 0, 0, 0]
gc 0
ep2_train_time 62.99539292700001
Test Epoch2 layer0 Acc 0.9747571428571429
ep2_l0_test_time 1.552732386000116
Test Epoch2 layer1 Acc 0.9781428571428571
ep2_l1_test_time 2.4563844249998965
Save ckpt to ckpt/dbpedia_14_transformeral_l5_pad80_fix//dbpedia_14_transformeral_l5_m1.pt  ,ep 2
Test Epoch2 layer2 Acc 0.07622857142857142
ep2_l2_test_time 3.371553959000039
Test Epoch2 layer3 Acc 0.0706
ep2_l3_test_time 4.300637959000142
Test Epoch2 layer4 Acc 0.07121428571428572
ep2_l4_test_time 5.1610070109998105
gc 0
Test threshold 0.1 Acc 0.9758
t0.1_test_time 1.6572713299999577
data_distribution  [67760, 2240, 0, 0, 0]
gc 0
Test threshold 0.2 Acc 0.9759571428571429
t0.2_test_time 1.646167905000084
data_distribution  [67176, 2824, 0, 0, 0]
gc 0
Test threshold 0.3 Acc 0.9759285714285715
t0.3_test_time 1.658079508000128
data_distribution  [66750, 3250, 0, 0, 0]
gc 0
Test threshold 0.4 Acc 0.9760428571428571
t0.4_test_time 1.6526472470000044
data_distribution  [66354, 3646, 0, 0, 0]
gc 0
Test threshold 0.5 Acc 0.9761714285714286
t0.5_test_time 1.6638025489999109
data_distribution  [65966, 4034, 0, 0, 0]
gc 0
Test threshold 0.6 Acc 0.9761571428571428
t0.6_test_time 1.728798351000023
data_distribution  [65604, 4396, 0, 0, 0]
gc 0
Test threshold 0.7 Acc 0.9763428571428572
t0.7_test_time 1.666126413000029
data_distribution  [65175, 4825, 0, 0, 0]
gc 0
Test threshold 0.8 Acc 0.9764
t0.8_test_time 1.6799796320001406
data_distribution  [64565, 5435, 0, 0, 0]
gc 0
Test threshold 0.9 Acc 0.9766142857142858
t0.9_test_time 1.7051743679999163
data_distribution  [63650, 6350, 0, 0, 0]
gc 0
ep3_train_time 63.00568029299984
Test Epoch3 layer0 Acc 0.9747571428571429
ep3_l0_test_time 1.5454726499999651
Test Epoch3 layer1 Acc 0.9785
ep3_l1_test_time 2.4418323250001777
Save ckpt to ckpt/dbpedia_14_transformeral_l5_pad80_fix//dbpedia_14_transformeral_l5_m1.pt  ,ep 3
Test Epoch3 layer2 Acc 0.027114285714285716
ep3_l2_test_time 3.3664175670000986
Test Epoch3 layer3 Acc 0.0729
ep3_l3_test_time 4.307503514000018
Test Epoch3 layer4 Acc 0.07122857142857143
ep3_l4_test_time 5.178446091000069
gc 0
Test threshold 0.1 Acc 0.9758571428571429
t0.1_test_time 1.6354553840001245
data_distribution  [67760, 2240, 0, 0, 0]
gc 0
Test threshold 0.2 Acc 0.9760714285714286
t0.2_test_time 1.64699167699996
data_distribution  [67176, 2824, 0, 0, 0]
gc 0
Test threshold 0.3 Acc 0.9761285714285715
t0.3_test_time 1.6720343810000031
data_distribution  [66750, 3250, 0, 0, 0]
gc 0
Test threshold 0.4 Acc 0.9762857142857143
t0.4_test_time 1.6514902989999882
data_distribution  [66354, 3646, 0, 0, 0]
gc 0
Test threshold 0.5 Acc 0.9763714285714286
t0.5_test_time 1.6547360919998937
data_distribution  [65966, 4034, 0, 0, 0]
gc 0
Test threshold 0.6 Acc 0.9763714285714286
t0.6_test_time 1.6766241810000793
data_distribution  [65604, 4396, 0, 0, 0]
gc 0
Test threshold 0.7 Acc 0.9766428571428571
t0.7_test_time 1.6690172599999187
data_distribution  [65175, 4825, 0, 0, 0]
gc 0
Test threshold 0.8 Acc 0.9767714285714286
t0.8_test_time 1.6789655519999087
data_distribution  [64565, 5435, 0, 0, 0]
gc 0
Test threshold 0.9 Acc 0.977
t0.9_test_time 1.7111479630000304
data_distribution  [63650, 6350, 0, 0, 0]
gc 0
ep4_train_time 63.102257150000014
Test Epoch4 layer0 Acc 0.9747571428571429
ep4_l0_test_time 1.553898252999943
Test Epoch4 layer1 Acc 0.9786857142857143
ep4_l1_test_time 2.450711432999924
Save ckpt to ckpt/dbpedia_14_transformeral_l5_pad80_fix//dbpedia_14_transformeral_l5_m1.pt  ,ep 4
Test Epoch4 layer2 Acc 0.005514285714285715
ep4_l2_test_time 3.380536957000004
Test Epoch4 layer3 Acc 0.07132857142857142
ep4_l3_test_time 4.317965587999879
Test Epoch4 layer4 Acc 0.0713
ep4_l4_test_time 5.165976951999937
gc 0
Test threshold 0.1 Acc 0.9757571428571429
t0.1_test_time 1.6411212810000961
data_distribution  [67760, 2240, 0, 0, 0]
gc 0
Test threshold 0.2 Acc 0.9760285714285715
t0.2_test_time 1.6408309339999505
data_distribution  [67176, 2824, 0, 0, 0]
gc 0
Test threshold 0.3 Acc 0.9761142857142857
t0.3_test_time 1.6548982159999923
data_distribution  [66750, 3250, 0, 0, 0]
gc 0
Test threshold 0.4 Acc 0.9762714285714286
t0.4_test_time 1.650872292000031
data_distribution  [66354, 3646, 0, 0, 0]
gc 0
Test threshold 0.5 Acc 0.9764142857142857
t0.5_test_time 1.657125755999914
data_distribution  [65966, 4034, 0, 0, 0]
gc 0
Test threshold 0.6 Acc 0.9764
t0.6_test_time 1.6844781150000472
data_distribution  [65604, 4396, 0, 0, 0]
gc 0
Test threshold 0.7 Acc 0.9766714285714285
t0.7_test_time 1.675663196999949
data_distribution  [65175, 4825, 0, 0, 0]
gc 0
Test threshold 0.8 Acc 0.9767714285714286
t0.8_test_time 1.7704545850001523
data_distribution  [64565, 5435, 0, 0, 0]
gc 0
Test threshold 0.9 Acc 0.977
t0.9_test_time 1.7101279070000146
data_distribution  [63650, 6350, 0, 0, 0]
gc 0
ep5_train_time 63.003668309000204
Test Epoch5 layer0 Acc 0.9747571428571429
ep5_l0_test_time 1.5556861160000608
Test Epoch5 layer1 Acc 0.9784142857142857
ep5_l1_test_time 2.4537869099999625
Test Epoch5 layer2 Acc 0.004185714285714286
ep5_l2_test_time 3.3735548029999336
Test Epoch5 layer3 Acc 0.07111428571428571
ep5_l3_test_time 4.326863024999966
Test Epoch5 layer4 Acc 0.0715
ep5_l4_test_time 5.176488517999815
gc 0
Test threshold 0.1 Acc 0.9757714285714286
t0.1_test_time 1.6405656089998502
data_distribution  [67760, 2240, 0, 0, 0]
gc 0
Test threshold 0.2 Acc 0.9760571428571428
t0.2_test_time 1.6518012760000147
data_distribution  [67176, 2824, 0, 0, 0]
gc 0
Test threshold 0.3 Acc 0.9762
t0.3_test_time 1.658147461999988
data_distribution  [66750, 3250, 0, 0, 0]
gc 0
Test threshold 0.4 Acc 0.9763714285714286
t0.4_test_time 1.7051243310002064
data_distribution  [66354, 3646, 0, 0, 0]
gc 0
Test threshold 0.5 Acc 0.9764857142857143
t0.5_test_time 1.6574835080000412
data_distribution  [65966, 4034, 0, 0, 0]
gc 0
Test threshold 0.6 Acc 0.9764285714285714
t0.6_test_time 1.6875003170000582
data_distribution  [65604, 4396, 0, 0, 0]
gc 0
Test threshold 0.7 Acc 0.9766428571428571
t0.7_test_time 1.6960875879999548
data_distribution  [65175, 4825, 0, 0, 0]
gc 0
Test threshold 0.8 Acc 0.9767285714285714
t0.8_test_time 1.7357964089999314
data_distribution  [64565, 5435, 0, 0, 0]
gc 0
Test threshold 0.9 Acc 0.9769428571428571
t0.9_test_time 1.7596510850000868
data_distribution  [63650, 6350, 0, 0, 0]
gc 0
ep6_train_time 63.046931361000134
Test Epoch6 layer0 Acc 0.9747571428571429
ep6_l0_test_time 1.607829000000038
Test Epoch6 layer1 Acc 0.9783571428571428
ep6_l1_test_time 2.4411410010000054
Test Epoch6 layer2 Acc 0.004628571428571429
ep6_l2_test_time 3.3665240089999315
Test Epoch6 layer3 Acc 0.07698571428571428
ep6_l3_test_time 4.303533098999878
Test Epoch6 layer4 Acc 0.07152857142857143
ep6_l4_test_time 5.157852402999879
gc 0
Test threshold 0.1 Acc 0.9757428571428571
t0.1_test_time 1.6338974080001663
data_distribution  [67760, 2240, 0, 0, 0]
gc 0
Test threshold 0.2 Acc 0.9759428571428571
t0.2_test_time 1.6428049669998472
data_distribution  [67176, 2824, 0, 0, 0]
gc 0
Test threshold 0.3 Acc 0.9760714285714286
t0.3_test_time 1.6553432040000189
data_distribution  [66750, 3250, 0, 0, 0]
gc 0
Test threshold 0.4 Acc 0.9762142857142857
t0.4_test_time 1.648919314000068
data_distribution  [66354, 3646, 0, 0, 0]
gc 0
Test threshold 0.5 Acc 0.9762857142857143
t0.5_test_time 1.6525791589999699
data_distribution  [65966, 4034, 0, 0, 0]
gc 0
Test threshold 0.6 Acc 0.9762714285714286
t0.6_test_time 1.6769298369999888
data_distribution  [65604, 4396, 0, 0, 0]
gc 0
Test threshold 0.7 Acc 0.9764857142857143
t0.7_test_time 1.6722503599999072
data_distribution  [65175, 4825, 0, 0, 0]
gc 0
Test threshold 0.8 Acc 0.9765428571428572
t0.8_test_time 1.6808759319999353
data_distribution  [64565, 5435, 0, 0, 0]
gc 0
Test threshold 0.9 Acc 0.9767
t0.9_test_time 1.7097469990001173
data_distribution  [63650, 6350, 0, 0, 0]
gc 0
ep7_train_time 63.02218377300005
Test Epoch7 layer0 Acc 0.9747571428571429
ep7_l0_test_time 1.541564653000023
Test Epoch7 layer1 Acc 0.9786142857142857
ep7_l1_test_time 2.4378101929999048
Test Epoch7 layer2 Acc 0.004671428571428571
ep7_l2_test_time 3.364718069999981
Test Epoch7 layer3 Acc 0.10788571428571428
ep7_l3_test_time 4.29857013700007
Test Epoch7 layer4 Acc 0.07152857142857143
ep7_l4_test_time 5.181795763000082
gc 0
Test threshold 0.1 Acc 0.9756857142857143
t0.1_test_time 1.659985418000133
data_distribution  [67760, 2240, 0, 0, 0]
gc 0
Test threshold 0.2 Acc 0.9759
t0.2_test_time 1.6535668449998866
data_distribution  [67176, 2824, 0, 0, 0]
gc 0
Test threshold 0.3 Acc 0.9760142857142857
t0.3_test_time 1.6933617710001272
data_distribution  [66750, 3250, 0, 0, 0]
gc 0
Test threshold 0.4 Acc 0.9762
t0.4_test_time 1.6539979479998692
data_distribution  [66354, 3646, 0, 0, 0]
gc 0
Test threshold 0.5 Acc 0.9763142857142857
t0.5_test_time 1.6636263340001278
data_distribution  [65966, 4034, 0, 0, 0]
gc 0
Test threshold 0.6 Acc 0.9762571428571428
t0.6_test_time 1.671533608000118
data_distribution  [65604, 4396, 0, 0, 0]
gc 0
Test threshold 0.7 Acc 0.9765428571428572
t0.7_test_time 1.6950130029999855
data_distribution  [65175, 4825, 0, 0, 0]
gc 0
Test threshold 0.8 Acc 0.9765571428571429
t0.8_test_time 1.6873578160000307
data_distribution  [64565, 5435, 0, 0, 0]
gc 0
Test threshold 0.9 Acc 0.9768142857142857
t0.9_test_time 1.7491121420000582
data_distribution  [63650, 6350, 0, 0, 0]
gc 0
ep8_train_time 63.069849232000024
Test Epoch8 layer0 Acc 0.9747571428571429
ep8_l0_test_time 1.5442709609999383
Test Epoch8 layer1 Acc 0.9787
ep8_l1_test_time 2.446180250999987
Save ckpt to ckpt/dbpedia_14_transformeral_l5_pad80_fix//dbpedia_14_transformeral_l5_m1.pt  ,ep 8
Test Epoch8 layer2 Acc 0.004571428571428572
ep8_l2_test_time 3.377017216000013
Test Epoch8 layer3 Acc 0.10924285714285714
ep8_l3_test_time 4.309209090999957
Test Epoch8 layer4 Acc 0.0716
ep8_l4_test_time 5.169059629000003
gc 0
Test threshold 0.1 Acc 0.9756857142857143
t0.1_test_time 1.6639032470000075
data_distribution  [67760, 2240, 0, 0, 0]
gc 0
Test threshold 0.2 Acc 0.9759142857142857
t0.2_test_time 1.6786998669999775
data_distribution  [67176, 2824, 0, 0, 0]
gc 0
Test threshold 0.3 Acc 0.9760142857142857
t0.3_test_time 1.679386248000128
data_distribution  [66750, 3250, 0, 0, 0]
gc 0
Test threshold 0.4 Acc 0.9761714285714286
t0.4_test_time 1.6756816470001468
data_distribution  [66354, 3646, 0, 0, 0]
gc 0
Test threshold 0.5 Acc 0.9763
t0.5_test_time 1.6788058189999902
data_distribution  [65966, 4034, 0, 0, 0]
gc 0
Test threshold 0.6 Acc 0.9763
t0.6_test_time 1.696673158000067
data_distribution  [65604, 4396, 0, 0, 0]
gc 0
Test threshold 0.7 Acc 0.9765571428571429
t0.7_test_time 1.689735278000171
data_distribution  [65175, 4825, 0, 0, 0]
gc 0
Test threshold 0.8 Acc 0.9766428571428571
t0.8_test_time 1.7485514649999914
data_distribution  [64565, 5435, 0, 0, 0]
gc 0
Test threshold 0.9 Acc 0.9768
t0.9_test_time 1.732408906999808
data_distribution  [63650, 6350, 0, 0, 0]
gc 0
ep9_train_time 63.04373198899998
Test Epoch9 layer0 Acc 0.9747571428571429
ep9_l0_test_time 1.5516159810001682
Test Epoch9 layer1 Acc 0.9784
ep9_l1_test_time 2.4754281439998067
Test Epoch9 layer2 Acc 0.0039
ep9_l2_test_time 3.419811482999876
Test Epoch9 layer3 Acc 0.11178571428571428
ep9_l3_test_time 4.323579851999966
Test Epoch9 layer4 Acc 0.07154285714285714
ep9_l4_test_time 5.175590865000004
gc 0
Test threshold 0.1 Acc 0.9755285714285714
t0.1_test_time 1.6810256360001858
data_distribution  [67760, 2240, 0, 0, 0]
gc 0
Test threshold 0.2 Acc 0.9757
t0.2_test_time 1.6749840500001483
data_distribution  [67176, 2824, 0, 0, 0]
gc 0
Test threshold 0.3 Acc 0.9758285714285714
t0.3_test_time 1.6821405580001283
data_distribution  [66750, 3250, 0, 0, 0]
gc 0
Test threshold 0.4 Acc 0.976
t0.4_test_time 1.698108732000037
data_distribution  [66354, 3646, 0, 0, 0]
gc 0
Test threshold 0.5 Acc 0.9761428571428571
t0.5_test_time 1.7023627269998087
data_distribution  [65966, 4034, 0, 0, 0]
gc 0
Test threshold 0.6 Acc 0.9761142857142857
t0.6_test_time 1.7165511360001346
data_distribution  [65604, 4396, 0, 0, 0]
gc 0
Test threshold 0.7 Acc 0.9763857142857143
t0.7_test_time 1.7172707919999084
data_distribution  [65175, 4825, 0, 0, 0]
gc 0
Test threshold 0.8 Acc 0.9764571428571429
t0.8_test_time 1.7840431429999626
data_distribution  [64565, 5435, 0, 0, 0]
gc 0
Test threshold 0.9 Acc 0.9766714285714285
t0.9_test_time 1.7469825739999578
data_distribution  [63650, 6350, 0, 0, 0]
Best Acc 0.9787 8 1
gc 9
ep0_train_time 63.18350443500003
Test Epoch0 layer0 Acc 0.9747571428571429
ep0_l0_test_time 1.5331243509999695
Test Epoch0 layer1 Acc 0.9787
ep0_l1_test_time 2.443639935999954
Test Epoch0 layer2 Acc 0.9789142857142857
ep0_l2_test_time 3.3797710769999867
Save ckpt to ckpt/dbpedia_14_transformeral_l5_pad80_fix//dbpedia_14_transformeral_l5_m2.pt  ,ep 0
Test Epoch0 layer3 Acc 0.06828571428571428
ep0_l3_test_time 4.390460071000007
Test Epoch0 layer4 Acc 0.07144285714285714
ep0_l4_test_time 5.162148786999978
gc 0
Test threshold 0.1 Acc 0.9757714285714286
t0.1_test_time 1.718833827999788
data_distribution  [67760, 2063, 177, 0, 0]
gc 0
Test threshold 0.2 Acc 0.9760285714285715
t0.2_test_time 1.7245495720001145
data_distribution  [67176, 2616, 208, 0, 0]
gc 0
Test threshold 0.3 Acc 0.9761714285714286
t0.3_test_time 1.7389890059998834
data_distribution  [66750, 2998, 252, 0, 0]
gc 0
Test threshold 0.4 Acc 0.9763571428571428
t0.4_test_time 1.7660075419998975
data_distribution  [66354, 3357, 289, 0, 0]
gc 0
Test threshold 0.5 Acc 0.9764428571428572
t0.5_test_time 1.7596371890001592
data_distribution  [65966, 3707, 327, 0, 0]
gc 0
Test threshold 0.6 Acc 0.9764142857142857
t0.6_test_time 1.7551389129998825
data_distribution  [65604, 4019, 377, 0, 0]
gc 0
Test threshold 0.7 Acc 0.9766285714285714
t0.7_test_time 1.7646151179999379
data_distribution  [65175, 4406, 419, 0, 0]
gc 0
Test threshold 0.8 Acc 0.9766857142857143
t0.8_test_time 1.792985981999891
data_distribution  [64565, 4961, 474, 0, 0]
gc 0
Test threshold 0.9 Acc 0.9769571428571429
t0.9_test_time 1.764444279999907
data_distribution  [63650, 5753, 597, 0, 0]
gc 0
ep1_train_time 63.24854168699994
Test Epoch1 layer0 Acc 0.9747571428571429
ep1_l0_test_time 1.5272717210000337
Test Epoch1 layer1 Acc 0.9787
ep1_l1_test_time 2.438672923000013
Test Epoch1 layer2 Acc 0.9792142857142857
ep1_l2_test_time 3.3607798150001145
Save ckpt to ckpt/dbpedia_14_transformeral_l5_pad80_fix//dbpedia_14_transformeral_l5_m2.pt  ,ep 1
Test Epoch1 layer3 Acc 0.06772857142857143
ep1_l3_test_time 4.297673282999995
Test Epoch1 layer4 Acc 0.07142857142857142
ep1_l4_test_time 5.154887689999896
gc 0
Test threshold 0.1 Acc 0.9757857142857143
t0.1_test_time 1.7030855969999266
data_distribution  [67760, 2063, 177, 0, 0]
gc 0
Test threshold 0.2 Acc 0.9760428571428571
t0.2_test_time 1.7115056210000148
data_distribution  [67176, 2616, 208, 0, 0]
gc 0
Test threshold 0.3 Acc 0.9761857142857143
t0.3_test_time 1.739379925999856
data_distribution  [66750, 2998, 252, 0, 0]
gc 0
Test threshold 0.4 Acc 0.9764285714285714
t0.4_test_time 1.730485463999912
data_distribution  [66354, 3357, 289, 0, 0]
gc 0
Test threshold 0.5 Acc 0.9765428571428572
t0.5_test_time 1.7637570570000207
data_distribution  [65966, 3707, 327, 0, 0]
gc 0
Test threshold 0.6 Acc 0.9765285714285714
t0.6_test_time 1.7519656990000385
data_distribution  [65604, 4019, 377, 0, 0]
gc 0
Test threshold 0.7 Acc 0.9767571428571429
t0.7_test_time 1.7479977010000312
data_distribution  [65175, 4406, 419, 0, 0]
gc 0
Test threshold 0.8 Acc 0.9768428571428571
t0.8_test_time 1.7489224980001836
data_distribution  [64565, 4961, 474, 0, 0]
gc 0
Test threshold 0.9 Acc 0.9771714285714286
t0.9_test_time 1.7875103330000002
data_distribution  [63650, 5753, 597, 0, 0]
gc 0
ep2_train_time 63.26859010699991
Test Epoch2 layer0 Acc 0.9747571428571429
ep2_l0_test_time 1.5310572370003683
Test Epoch2 layer1 Acc 0.9787
ep2_l1_test_time 2.444660342000134
Test Epoch2 layer2 Acc 0.9789285714285715
ep2_l2_test_time 3.3754498020002757
Test Epoch2 layer3 Acc 0.006942857142857143
ep2_l3_test_time 4.303561910999633
Test Epoch2 layer4 Acc 0.11012857142857142
ep2_l4_test_time 5.162923693000266
gc 0
Test threshold 0.1 Acc 0.9757428571428571
t0.1_test_time 1.7029689309997593
data_distribution  [67760, 2063, 177, 0, 0]
gc 0
Test threshold 0.2 Acc 0.9759714285714286
t0.2_test_time 1.7289065469999514
data_distribution  [67176, 2616, 208, 0, 0]
gc 0
Test threshold 0.3 Acc 0.9761571428571428
t0.3_test_time 1.7383992670002044
data_distribution  [66750, 2998, 252, 0, 0]
gc 0
Test threshold 0.4 Acc 0.9763571428571428
t0.4_test_time 1.7150079220000407
data_distribution  [66354, 3357, 289, 0, 0]
gc 0
Test threshold 0.5 Acc 0.9764428571428572
t0.5_test_time 1.7340438109999923
data_distribution  [65966, 3707, 327, 0, 0]
gc 0
Test threshold 0.6 Acc 0.9764714285714285
t0.6_test_time 1.7491772560001664
data_distribution  [65604, 4019, 377, 0, 0]
gc 0
Test threshold 0.7 Acc 0.9767142857142858
t0.7_test_time 1.7712791720000496
data_distribution  [65175, 4406, 419, 0, 0]
gc 0
Test threshold 0.8 Acc 0.9768142857142857
t0.8_test_time 1.7694172149999758
data_distribution  [64565, 4961, 474, 0, 0]
gc 0
Test threshold 0.9 Acc 0.9770428571428571
t0.9_test_time 1.7959495579998475
data_distribution  [63650, 5753, 597, 0, 0]
gc 0
ep3_train_time 63.255827290999605
Test Epoch3 layer0 Acc 0.9747571428571429
ep3_l0_test_time 1.538881905999915
Test Epoch3 layer1 Acc 0.9787
ep3_l1_test_time 2.4314709059999586
Test Epoch3 layer2 Acc 0.9789428571428571
ep3_l2_test_time 3.4213351029998194
Test Epoch3 layer3 Acc 0.0005142857142857143
ep3_l3_test_time 4.313771963999898
Test Epoch3 layer4 Acc 0.14
ep3_l4_test_time 5.1624807000002875
gc 0
Test threshold 0.1 Acc 0.9757857142857143
t0.1_test_time 1.7274449269998513
data_distribution  [67760, 2063, 177, 0, 0]
gc 0
Test threshold 0.2 Acc 0.9760285714285715
t0.2_test_time 1.72168929999998
data_distribution  [67176, 2616, 208, 0, 0]
gc 0
Test threshold 0.3 Acc 0.9762285714285714
t0.3_test_time 1.7340980859999036
data_distribution  [66750, 2998, 252, 0, 0]
gc 0
Test threshold 0.4 Acc 0.9764571428571429
t0.4_test_time 1.7223925760004022
data_distribution  [66354, 3357, 289, 0, 0]
gc 0
Test threshold 0.5 Acc 0.9765428571428572
t0.5_test_time 1.7358361100000366
data_distribution  [65966, 3707, 327, 0, 0]
gc 0
Test threshold 0.6 Acc 0.9765285714285714
t0.6_test_time 1.749199888000021
data_distribution  [65604, 4019, 377, 0, 0]
gc 0
Test threshold 0.7 Acc 0.9767142857142858
t0.7_test_time 1.7488174079999226
data_distribution  [65175, 4406, 419, 0, 0]
gc 0
Test threshold 0.8 Acc 0.9767857142857143
t0.8_test_time 1.771191497000018
data_distribution  [64565, 4961, 474, 0, 0]
gc 0
Test threshold 0.9 Acc 0.9770714285714286
t0.9_test_time 1.7876721180000459
data_distribution  [63650, 5753, 597, 0, 0]
gc 0
ep4_train_time 63.23816385100008
Test Epoch4 layer0 Acc 0.9747571428571429
ep4_l0_test_time 1.534263251000084
Test Epoch4 layer1 Acc 0.9787
ep4_l1_test_time 2.434100232000219
Test Epoch4 layer2 Acc 0.9786714285714285
ep4_l2_test_time 3.3728394189997744
Test Epoch4 layer3 Acc 0.00042857142857142855
ep4_l3_test_time 4.297454238000228
Test Epoch4 layer4 Acc 0.12494285714285715
ep4_l4_test_time 5.160797151000224
gc 0
Test threshold 0.1 Acc 0.9757571428571429
t0.1_test_time 1.7311179600001196
data_distribution  [67760, 2063, 177, 0, 0]
gc 0
Test threshold 0.2 Acc 0.9760142857142857
t0.2_test_time 1.7027180069999304
data_distribution  [67176, 2616, 208, 0, 0]
gc 0
Test threshold 0.3 Acc 0.9761857142857143
t0.3_test_time 1.7323221120000198
data_distribution  [66750, 2998, 252, 0, 0]
gc 0
Test threshold 0.4 Acc 0.9764
t0.4_test_time 1.7547124940001595
data_distribution  [66354, 3357, 289, 0, 0]
gc 0
Test threshold 0.5 Acc 0.9765
t0.5_test_time 1.7250090769998678
data_distribution  [65966, 3707, 327, 0, 0]
gc 0
Test threshold 0.6 Acc 0.9764714285714285
t0.6_test_time 1.7485041129998535
data_distribution  [65604, 4019, 377, 0, 0]
gc 0
Test threshold 0.7 Acc 0.9766285714285714
t0.7_test_time 1.8222909680002886
data_distribution  [65175, 4406, 419, 0, 0]
gc 0
Test threshold 0.8 Acc 0.9766857142857143
t0.8_test_time 1.7577300970001488
data_distribution  [64565, 4961, 474, 0, 0]
gc 0
Test threshold 0.9 Acc 0.9769142857142857
t0.9_test_time 1.7866444109999975
data_distribution  [63650, 5753, 597, 0, 0]
gc 0
ep5_train_time 63.23410856599958
Test Epoch5 layer0 Acc 0.9747571428571429
ep5_l0_test_time 1.544591125000352
Test Epoch5 layer1 Acc 0.9787
ep5_l1_test_time 2.4589207949998126
Test Epoch5 layer2 Acc 0.9788428571428571
ep5_l2_test_time 3.3823101780003526
Test Epoch5 layer3 Acc 0.0004142857142857143
ep5_l3_test_time 4.313083432999974
Test Epoch5 layer4 Acc 0.07442857142857143
ep5_l4_test_time 5.169620622999901
gc 0
Test threshold 0.1 Acc 0.9757857142857143
t0.1_test_time 1.7235050009999213
data_distribution  [67760, 2063, 177, 0, 0]
gc 0
Test threshold 0.2 Acc 0.9760142857142857
t0.2_test_time 1.7087499509998452
data_distribution  [67176, 2616, 208, 0, 0]
gc 0
Test threshold 0.3 Acc 0.9761857142857143
t0.3_test_time 1.743863053000041
data_distribution  [66750, 2998, 252, 0, 0]
gc 0
Test threshold 0.4 Acc 0.9764
t0.4_test_time 1.7670491799999581
data_distribution  [66354, 3357, 289, 0, 0]
gc 0
Test threshold 0.5 Acc 0.9765142857142857
t0.5_test_time 1.728270980999696
data_distribution  [65966, 3707, 327, 0, 0]
gc 0
Test threshold 0.6 Acc 0.9765
t0.6_test_time 1.7597377150000284
data_distribution  [65604, 4019, 377, 0, 0]
gc 0
Test threshold 0.7 Acc 0.9766714285714285
t0.7_test_time 1.7664153330001682
data_distribution  [65175, 4406, 419, 0, 0]
gc 0
Test threshold 0.8 Acc 0.9767285714285714
t0.8_test_time 1.7620296790000793
data_distribution  [64565, 4961, 474, 0, 0]
gc 0
Test threshold 0.9 Acc 0.9769857142857142
t0.9_test_time 1.7630905460000577
data_distribution  [63650, 5753, 597, 0, 0]
gc 0
ep6_train_time 63.213970758000414
Test Epoch6 layer0 Acc 0.9747571428571429
ep6_l0_test_time 1.5671255449997261
Test Epoch6 layer1 Acc 0.9787
ep6_l1_test_time 2.4460105699999986
Test Epoch6 layer2 Acc 0.9790285714285715
ep6_l2_test_time 3.3673171640002693
Test Epoch6 layer3 Acc 0.0003857142857142857
ep6_l3_test_time 4.298327887000141
Test Epoch6 layer4 Acc 0.06507142857142857
ep6_l4_test_time 5.1650635070000135
gc 0
Test threshold 0.1 Acc 0.9757
t0.1_test_time 1.688235179000003
data_distribution  [67760, 2063, 177, 0, 0]
gc 0
Test threshold 0.2 Acc 0.9759285714285715
t0.2_test_time 1.7090465649998805
data_distribution  [67176, 2616, 208, 0, 0]
gc 0
Test threshold 0.3 Acc 0.9761142857142857
t0.3_test_time 1.7200337929998568
data_distribution  [66750, 2998, 252, 0, 0]
gc 0
Test threshold 0.4 Acc 0.9763428571428572
t0.4_test_time 1.729079210999771
data_distribution  [66354, 3357, 289, 0, 0]
gc 0
Test threshold 0.5 Acc 0.9764714285714285
t0.5_test_time 1.7339021750003667
data_distribution  [65966, 3707, 327, 0, 0]
gc 0
Test threshold 0.6 Acc 0.9764571428571429
t0.6_test_time 1.7520998670001973
data_distribution  [65604, 4019, 377, 0, 0]
gc 0
Test threshold 0.7 Acc 0.9766714285714285
t0.7_test_time 1.7369198239998695
data_distribution  [65175, 4406, 419, 0, 0]
gc 0
Test threshold 0.8 Acc 0.9767857142857143
t0.8_test_time 1.7462830279996524
data_distribution  [64565, 4961, 474, 0, 0]
gc 0
Test threshold 0.9 Acc 0.9770285714285715
t0.9_test_time 1.7888683229998605
data_distribution  [63650, 5753, 597, 0, 0]
gc 0
ep7_train_time 63.233957206000014
Test Epoch7 layer0 Acc 0.9747571428571429
ep7_l0_test_time 1.530334509000113
Test Epoch7 layer1 Acc 0.9787
ep7_l1_test_time 2.433750874999987
Test Epoch7 layer2 Acc 0.9789
ep7_l2_test_time 3.369462506999753
Test Epoch7 layer3 Acc 0.00035714285714285714
ep7_l3_test_time 4.296873758999936
Test Epoch7 layer4 Acc 0.0407
ep7_l4_test_time 5.1625212300000385
gc 0
Test threshold 0.1 Acc 0.9757714285714286
t0.1_test_time 1.6991798969997944
data_distribution  [67760, 2063, 177, 0, 0]
gc 0
Test threshold 0.2 Acc 0.976
t0.2_test_time 1.7095852550000927
data_distribution  [67176, 2616, 208, 0, 0]
gc 0
Test threshold 0.3 Acc 0.9762
t0.3_test_time 1.7327303619999839
data_distribution  [66750, 2998, 252, 0, 0]
gc 0
Test threshold 0.4 Acc 0.9763857142857143
t0.4_test_time 1.7245169930001794
data_distribution  [66354, 3357, 289, 0, 0]
gc 0
Test threshold 0.5 Acc 0.9765
t0.5_test_time 1.7356206469999051
data_distribution  [65966, 3707, 327, 0, 0]
gc 0
Test threshold 0.6 Acc 0.9765285714285714
t0.6_test_time 1.749680406999687
data_distribution  [65604, 4019, 377, 0, 0]
gc 0
Test threshold 0.7 Acc 0.9767285714285714
t0.7_test_time 1.746083735999946
data_distribution  [65175, 4406, 419, 0, 0]
gc 0
Test threshold 0.8 Acc 0.9768142857142857
t0.8_test_time 1.7500862870001583
data_distribution  [64565, 4961, 474, 0, 0]
gc 0
Test threshold 0.9 Acc 0.977
t0.9_test_time 1.7880898680000428
data_distribution  [63650, 5753, 597, 0, 0]
gc 0
ep8_train_time 63.26325037400011
Test Epoch8 layer0 Acc 0.9747571428571429
ep8_l0_test_time 1.5354575020000993
Test Epoch8 layer1 Acc 0.9787
ep8_l1_test_time 2.4363574340000014
Test Epoch8 layer2 Acc 0.9787571428571429
ep8_l2_test_time 3.380415422999704
Test Epoch8 layer3 Acc 0.00034285714285714285
ep8_l3_test_time 4.302017105000232
Test Epoch8 layer4 Acc 0.016242857142857142
ep8_l4_test_time 5.153950905000329
gc 0
Test threshold 0.1 Acc 0.9757285714285714
t0.1_test_time 1.7091932729999826
data_distribution  [67760, 2063, 177, 0, 0]
gc 0
Test threshold 0.2 Acc 0.9759571428571429
t0.2_test_time 1.732812467000258
data_distribution  [67176, 2616, 208, 0, 0]
gc 0
Test threshold 0.3 Acc 0.9761285714285715
t0.3_test_time 1.7348558570001842
data_distribution  [66750, 2998, 252, 0, 0]
gc 0
Test threshold 0.4 Acc 0.9763571428571428
t0.4_test_time 1.7311825630004023
data_distribution  [66354, 3357, 289, 0, 0]
gc 0
Test threshold 0.5 Acc 0.9764571428571429
t0.5_test_time 1.725344352999855
data_distribution  [65966, 3707, 327, 0, 0]
gc 0
Test threshold 0.6 Acc 0.9764714285714285
t0.6_test_time 1.7497826469998472
data_distribution  [65604, 4019, 377, 0, 0]
gc 0
Test threshold 0.7 Acc 0.9766142857142858
t0.7_test_time 1.7476765890000934
data_distribution  [65175, 4406, 419, 0, 0]
gc 0
Test threshold 0.8 Acc 0.9766571428571429
t0.8_test_time 1.7604045980001501
data_distribution  [64565, 4961, 474, 0, 0]
gc 0
Test threshold 0.9 Acc 0.9768714285714286
t0.9_test_time 1.7881456229997639
data_distribution  [63650, 5753, 597, 0, 0]
gc 0
ep9_train_time 63.25064215700013
Test Epoch9 layer0 Acc 0.9747571428571429
ep9_l0_test_time 1.5425252919999366
Test Epoch9 layer1 Acc 0.9787
ep9_l1_test_time 2.4306101729998772
Test Epoch9 layer2 Acc 0.9787285714285714
ep9_l2_test_time 3.380173467000077
Test Epoch9 layer3 Acc 0.0003
ep9_l3_test_time 4.301848870999947
Test Epoch9 layer4 Acc 0.03697142857142857
ep9_l4_test_time 5.166222039999866
gc 0
Test threshold 0.1 Acc 0.9757428571428571
t0.1_test_time 1.6854741279998962
data_distribution  [67760, 2063, 177, 0, 0]
gc 0
Test threshold 0.2 Acc 0.9759714285714286
t0.2_test_time 1.7095639550002488
data_distribution  [67176, 2616, 208, 0, 0]
gc 0
Test threshold 0.3 Acc 0.9761571428571428
t0.3_test_time 1.7314626670004145
data_distribution  [66750, 2998, 252, 0, 0]
gc 0
Test threshold 0.4 Acc 0.9763285714285714
t0.4_test_time 1.7226938220001102
data_distribution  [66354, 3357, 289, 0, 0]
gc 0
Test threshold 0.5 Acc 0.9764571428571429
t0.5_test_time 1.7337347709999449
data_distribution  [65966, 3707, 327, 0, 0]
gc 0
Test threshold 0.6 Acc 0.9764142857142857
t0.6_test_time 1.7463128530002905
data_distribution  [65604, 4019, 377, 0, 0]
gc 0
Test threshold 0.7 Acc 0.9765714285714285
t0.7_test_time 1.7502378099998168
data_distribution  [65175, 4406, 419, 0, 0]
gc 0
Test threshold 0.8 Acc 0.9766428571428571
t0.8_test_time 1.8132460230003744
data_distribution  [64565, 4961, 474, 0, 0]
gc 0
Test threshold 0.9 Acc 0.9769142857142857
t0.9_test_time 1.8042791420002686
data_distribution  [63650, 5753, 597, 0, 0]
Best Acc 0.9792142857142857 1 2
gc 9
ep0_train_time 63.508385909000026
Test Epoch0 layer0 Acc 0.9747571428571429
ep0_l0_test_time 1.5284410439999192
Test Epoch0 layer1 Acc 0.9787
ep0_l1_test_time 2.4912488579998353
Test Epoch0 layer2 Acc 0.9792142857142857
ep0_l2_test_time 3.3774216790002356
Test Epoch0 layer3 Acc 0.9789571428571429
ep0_l3_test_time 4.2974125870000535
Save ckpt to ckpt/dbpedia_14_transformeral_l5_pad80_fix//dbpedia_14_transformeral_l5_m3.pt  ,ep 0
Test Epoch0 layer4 Acc 0.07137142857142857
ep0_l4_test_time 5.158036437999726
gc 0
Test threshold 0.1 Acc 0.9757857142857143
t0.1_test_time 1.7286671169999863
data_distribution  [67760, 2063, 73, 104, 0]
gc 0
Test threshold 0.2 Acc 0.9760571428571428
t0.2_test_time 1.748602652000045
data_distribution  [67176, 2616, 79, 129, 0]
gc 0
Test threshold 0.3 Acc 0.9761857142857143
t0.3_test_time 1.7798980809998284
data_distribution  [66750, 2998, 97, 155, 0]
gc 0
Test threshold 0.4 Acc 0.9764285714285714
t0.4_test_time 1.8038201469998967
data_distribution  [66354, 3357, 110, 179, 0]
gc 0
Test threshold 0.5 Acc 0.9765285714285714
t0.5_test_time 1.7891982509995614
data_distribution  [65966, 3707, 131, 196, 0]
gc 0
Test threshold 0.6 Acc 0.9765
t0.6_test_time 1.9510474169996996
data_distribution  [65604, 4019, 152, 225, 0]
gc 0
Test threshold 0.7 Acc 0.9766714285714285
t0.7_test_time 1.875196760000108
data_distribution  [65175, 4406, 159, 260, 0]
gc 0
Test threshold 0.8 Acc 0.9767428571428571
t0.8_test_time 1.8494203129998823
data_distribution  [64565, 4961, 179, 295, 0]
gc 0
Test threshold 0.9 Acc 0.977
t0.9_test_time 1.8722977550000905
data_distribution  [63650, 5753, 223, 374, 0]
gc 0
ep1_train_time 63.46422486700021
Test Epoch1 layer0 Acc 0.9747571428571429
ep1_l0_test_time 1.6429492130000654
Test Epoch1 layer1 Acc 0.9787
ep1_l1_test_time 2.445927992000179
Test Epoch1 layer2 Acc 0.9792142857142857
ep1_l2_test_time 3.387241317999724
Test Epoch1 layer3 Acc 0.9788857142857142
ep1_l3_test_time 4.297549608999816
Test Epoch1 layer4 Acc 0.08111428571428571
ep1_l4_test_time 5.164857214000222
gc 0
Test threshold 0.1 Acc 0.9757857142857143
t0.1_test_time 1.7512565329998324
data_distribution  [67760, 2063, 73, 104, 0]
gc 0
Test threshold 0.2 Acc 0.9760428571428571
t0.2_test_time 1.7449131190001026
data_distribution  [67176, 2616, 79, 129, 0]
gc 0
Test threshold 0.3 Acc 0.9761571428571428
t0.3_test_time 1.7674052499996833
data_distribution  [66750, 2998, 97, 155, 0]
gc 0
Test threshold 0.4 Acc 0.9764
t0.4_test_time 1.8040256510003019
data_distribution  [66354, 3357, 110, 179, 0]
gc 0
Test threshold 0.5 Acc 0.9764857142857143
t0.5_test_time 1.874657108000065
data_distribution  [65966, 3707, 131, 196, 0]
gc 0
Test threshold 0.6 Acc 0.9764428571428572
t0.6_test_time 1.818524719999914
data_distribution  [65604, 4019, 152, 225, 0]
gc 0
Test threshold 0.7 Acc 0.9766285714285714
t0.7_test_time 1.834244007000052
data_distribution  [65175, 4406, 159, 260, 0]
gc 0
Test threshold 0.8 Acc 0.9767
t0.8_test_time 1.8279513249999582
data_distribution  [64565, 4961, 179, 295, 0]
gc 0
Test threshold 0.9 Acc 0.9769714285714286
t0.9_test_time 1.8373819419998654
data_distribution  [63650, 5753, 223, 374, 0]
gc 0
ep2_train_time 63.498486870000306
Test Epoch2 layer0 Acc 0.9747571428571429
ep2_l0_test_time 1.5420084550000865
Test Epoch2 layer1 Acc 0.9787
ep2_l1_test_time 2.445955038000193
Test Epoch2 layer2 Acc 0.9792142857142857
ep2_l2_test_time 3.3874460370002453
Test Epoch2 layer3 Acc 0.9789
ep2_l3_test_time 4.340044685000066
Test Epoch2 layer4 Acc 0.07178571428571429
ep2_l4_test_time 5.223194946000149
gc 0
Test threshold 0.1 Acc 0.9757714285714286
t0.1_test_time 1.7959606509998594
data_distribution  [67760, 2063, 73, 104, 0]
gc 0
Test threshold 0.2 Acc 0.9760142857142857
t0.2_test_time 1.7928508700001657
data_distribution  [67176, 2616, 79, 129, 0]
gc 0
Test threshold 0.3 Acc 0.9761571428571428
t0.3_test_time 1.7986951660000159
data_distribution  [66750, 2998, 97, 155, 0]
gc 0
Test threshold 0.4 Acc 0.9764142857142857
t0.4_test_time 1.849253249999947
data_distribution  [66354, 3357, 110, 179, 0]
gc 0
Test threshold 0.5 Acc 0.9765142857142857
t0.5_test_time 1.8303949920000377
data_distribution  [65966, 3707, 131, 196, 0]
gc 0
Test threshold 0.6 Acc 0.9764571428571429
t0.6_test_time 1.7977818570002455
data_distribution  [65604, 4019, 152, 225, 0]
gc 0
Test threshold 0.7 Acc 0.9766857142857143
t0.7_test_time 1.8448161259998415
data_distribution  [65175, 4406, 159, 260, 0]
gc 0
Test threshold 0.8 Acc 0.9767714285714286
t0.8_test_time 1.8302248919999329
data_distribution  [64565, 4961, 179, 295, 0]
gc 0
Test threshold 0.9 Acc 0.977
t0.9_test_time 1.8904808890001732
data_distribution  [63650, 5753, 223, 374, 0]
gc 0
ep3_train_time 63.47432954199985
Test Epoch3 layer0 Acc 0.9747571428571429
ep3_l0_test_time 1.5322833130003346
Test Epoch3 layer1 Acc 0.9787
ep3_l1_test_time 2.4366422380003314
Test Epoch3 layer2 Acc 0.9792142857142857
ep3_l2_test_time 3.387091310999949
Test Epoch3 layer3 Acc 0.9790142857142857
ep3_l3_test_time 4.301991457999975
Save ckpt to ckpt/dbpedia_14_transformeral_l5_pad80_fix//dbpedia_14_transformeral_l5_m3.pt  ,ep 3
Test Epoch3 layer4 Acc 0.07178571428571429
ep3_l4_test_time 5.169323895999696
gc 0
Test threshold 0.1 Acc 0.9757857142857143
t0.1_test_time 1.7536536109996632
data_distribution  [67760, 2063, 73, 104, 0]
gc 0
Test threshold 0.2 Acc 0.9760285714285715
t0.2_test_time 1.7773540939997474
data_distribution  [67176, 2616, 79, 129, 0]
gc 0
Test threshold 0.3 Acc 0.9761714285714286
t0.3_test_time 1.7990586569999323
data_distribution  [66750, 2998, 97, 155, 0]
gc 0
Test threshold 0.4 Acc 0.9764428571428572
t0.4_test_time 1.7978390490002312
data_distribution  [66354, 3357, 110, 179, 0]
gc 0
Test threshold 0.5 Acc 0.9765428571428572
t0.5_test_time 1.7878053370000089
data_distribution  [65966, 3707, 131, 196, 0]
gc 0
Test threshold 0.6 Acc 0.9765
t0.6_test_time 1.8120610610003496
data_distribution  [65604, 4019, 152, 225, 0]
gc 0
Test threshold 0.7 Acc 0.9767285714285714
t0.7_test_time 1.8113708199998655
data_distribution  [65175, 4406, 159, 260, 0]
gc 0
Test threshold 0.8 Acc 0.9768142857142857
t0.8_test_time 1.8337728779997633
data_distribution  [64565, 4961, 179, 295, 0]
gc 0
Test threshold 0.9 Acc 0.9770857142857143
t0.9_test_time 1.8485429269999258
data_distribution  [63650, 5753, 223, 374, 0]
gc 0
ep4_train_time 63.521917879000284
Test Epoch4 layer0 Acc 0.9747571428571429
ep4_l0_test_time 1.5452066849998118
Test Epoch4 layer1 Acc 0.9787
ep4_l1_test_time 2.445759898000233
Test Epoch4 layer2 Acc 0.9792142857142857
ep4_l2_test_time 3.3824338389999866
Test Epoch4 layer3 Acc 0.9789
ep4_l3_test_time 4.305412203000287
Test Epoch4 layer4 Acc 0.07185714285714286
ep4_l4_test_time 5.15707748199975
gc 0
Test threshold 0.1 Acc 0.9757571428571429
t0.1_test_time 1.753202814999895
data_distribution  [67760, 2063, 73, 104, 0]
gc 0
Test threshold 0.2 Acc 0.976
t0.2_test_time 1.7494192579997616
data_distribution  [67176, 2616, 79, 129, 0]
gc 0
Test threshold 0.3 Acc 0.9761142857142857
t0.3_test_time 1.7774388279999584
data_distribution  [66750, 2998, 97, 155, 0]
gc 0
Test threshold 0.4 Acc 0.9763571428571428
t0.4_test_time 1.7759513359997072
data_distribution  [66354, 3357, 110, 179, 0]
gc 0
Test threshold 0.5 Acc 0.9764428571428572
t0.5_test_time 1.806379028000265
data_distribution  [65966, 3707, 131, 196, 0]
gc 0
Test threshold 0.6 Acc 0.9764
t0.6_test_time 1.8273424349999914
data_distribution  [65604, 4019, 152, 225, 0]
gc 0
Test threshold 0.7 Acc 0.9765714285714285
t0.7_test_time 1.829961922000166
data_distribution  [65175, 4406, 159, 260, 0]
gc 0
Test threshold 0.8 Acc 0.9766428571428571
t0.8_test_time 1.8605818709997948
data_distribution  [64565, 4961, 179, 295, 0]
gc 0
Test threshold 0.9 Acc 0.9769142857142857
t0.9_test_time 1.8500503059999573
data_distribution  [63650, 5753, 223, 374, 0]
gc 0
ep5_train_time 63.51248200200007
Test Epoch5 layer0 Acc 0.9747571428571429
ep5_l0_test_time 1.5370236959997783
Test Epoch5 layer1 Acc 0.9787
ep5_l1_test_time 2.436635168000066
Test Epoch5 layer2 Acc 0.9792142857142857
ep5_l2_test_time 3.381184921000113
Test Epoch5 layer3 Acc 0.9790142857142857
ep5_l3_test_time 4.31840712300027
Save ckpt to ckpt/dbpedia_14_transformeral_l5_pad80_fix//dbpedia_14_transformeral_l5_m3.pt  ,ep 5
Test Epoch5 layer4 Acc 0.07185714285714286
ep5_l4_test_time 5.180942033000065
gc 0
Test threshold 0.1 Acc 0.9758142857142857
t0.1_test_time 1.7485863540000537
data_distribution  [67760, 2063, 73, 104, 0]
gc 0
Test threshold 0.2 Acc 0.9760571428571428
t0.2_test_time 1.7697280339998542
data_distribution  [67176, 2616, 79, 129, 0]
gc 0
Test threshold 0.3 Acc 0.9761857142857143
t0.3_test_time 1.8156617780000488
data_distribution  [66750, 2998, 97, 155, 0]
gc 0
Test threshold 0.4 Acc 0.9764285714285714
t0.4_test_time 1.7898442189998605
data_distribution  [66354, 3357, 110, 179, 0]
gc 0
Test threshold 0.5 Acc 0.9765285714285714
t0.5_test_time 1.805484498000169
data_distribution  [65966, 3707, 131, 196, 0]
gc 0
Test threshold 0.6 Acc 0.9764857142857143
t0.6_test_time 1.8245009000002028
data_distribution  [65604, 4019, 152, 225, 0]
gc 0
Test threshold 0.7 Acc 0.9767
t0.7_test_time 1.8205361620002805
data_distribution  [65175, 4406, 159, 260, 0]
gc 0
Test threshold 0.8 Acc 0.9768142857142857
t0.8_test_time 1.8677828599998065
data_distribution  [64565, 4961, 179, 295, 0]
gc 0
Test threshold 0.9 Acc 0.9770714285714286
t0.9_test_time 1.8756482829999186
data_distribution  [63650, 5753, 223, 374, 0]
gc 0
ep6_train_time 63.525537128999986
Test Epoch6 layer0 Acc 0.9747571428571429
ep6_l0_test_time 1.533533375999923
Test Epoch6 layer1 Acc 0.9787
ep6_l1_test_time 2.4385266610001963
Test Epoch6 layer2 Acc 0.9792142857142857
ep6_l2_test_time 3.384202128999732
Test Epoch6 layer3 Acc 0.9789428571428571
ep6_l3_test_time 4.331424111999695
Test Epoch6 layer4 Acc 0.07181428571428572
ep6_l4_test_time 5.160620000999643
gc 0
Test threshold 0.1 Acc 0.9757285714285714
t0.1_test_time 1.7602356960001089
data_distribution  [67760, 2063, 73, 104, 0]
gc 0
Test threshold 0.2 Acc 0.9759428571428571
t0.2_test_time 1.7567741920001936
data_distribution  [67176, 2616, 79, 129, 0]
gc 0
Test threshold 0.3 Acc 0.9760714285714286
t0.3_test_time 1.8041961290000472
data_distribution  [66750, 2998, 97, 155, 0]
gc 0
Test threshold 0.4 Acc 0.9763285714285714
t0.4_test_time 1.8175306769999224
data_distribution  [66354, 3357, 110, 179, 0]
gc 0
Test threshold 0.5 Acc 0.9764285714285714
t0.5_test_time 1.8145977049998692
data_distribution  [65966, 3707, 131, 196, 0]
gc 0
Test threshold 0.6 Acc 0.9764
t0.6_test_time 1.838236340000094
data_distribution  [65604, 4019, 152, 225, 0]
gc 0
Test threshold 0.7 Acc 0.9766285714285714
t0.7_test_time 1.811946928999987
data_distribution  [65175, 4406, 159, 260, 0]
gc 0
Test threshold 0.8 Acc 0.9767142857142858
t0.8_test_time 1.915335333999792
data_distribution  [64565, 4961, 179, 295, 0]
gc 0
Test threshold 0.9 Acc 0.9769428571428571
t0.9_test_time 1.8591445819997716
data_distribution  [63650, 5753, 223, 374, 0]
gc 0
ep7_train_time 63.39661914399994
Test Epoch7 layer0 Acc 0.9747571428571429
ep7_l0_test_time 1.5427736359997652
Test Epoch7 layer1 Acc 0.9787
ep7_l1_test_time 2.4400195690000146
Test Epoch7 layer2 Acc 0.9792142857142857
ep7_l2_test_time 3.3812955660000625
Test Epoch7 layer3 Acc 0.9789857142857142
ep7_l3_test_time 4.310141084999941
Test Epoch7 layer4 Acc 0.07182857142857142
ep7_l4_test_time 5.178648198999781
gc 0
Test threshold 0.1 Acc 0.9757571428571429
t0.1_test_time 1.7713898480001262
data_distribution  [67760, 2063, 73, 104, 0]
gc 0
Test threshold 0.2 Acc 0.976
t0.2_test_time 1.7818772630002968
data_distribution  [67176, 2616, 79, 129, 0]
gc 0
Test threshold 0.3 Acc 0.9761142857142857
t0.3_test_time 1.7857379829997626
data_distribution  [66750, 2998, 97, 155, 0]
gc 0
Test threshold 0.4 Acc 0.9763857142857143
t0.4_test_time 1.7762577070002408
data_distribution  [66354, 3357, 110, 179, 0]
gc 0
Test threshold 0.5 Acc 0.9764714285714285
t0.5_test_time 1.7841387429998576
data_distribution  [65966, 3707, 131, 196, 0]
gc 0
Test threshold 0.6 Acc 0.9764571428571429
t0.6_test_time 1.8163504250001097
data_distribution  [65604, 4019, 152, 225, 0]
gc 0
Test threshold 0.7 Acc 0.9766714285714285
t0.7_test_time 1.8198073779999504
data_distribution  [65175, 4406, 159, 260, 0]
gc 0
Test threshold 0.8 Acc 0.9767571428571429
t0.8_test_time 1.8435221310000998
data_distribution  [64565, 4961, 179, 295, 0]
gc 0
Test threshold 0.9 Acc 0.9770285714285715
t0.9_test_time 1.8553304369997932
data_distribution  [63650, 5753, 223, 374, 0]
gc 0
ep8_train_time 63.51710063399969
Test Epoch8 layer0 Acc 0.9747571428571429
ep8_l0_test_time 1.5327389389999553
Test Epoch8 layer1 Acc 0.9787
ep8_l1_test_time 2.43921064199958
Test Epoch8 layer2 Acc 0.9792142857142857
ep8_l2_test_time 3.3787819310000486
Test Epoch8 layer3 Acc 0.9789571428571429
ep8_l3_test_time 4.304571395000039
Test Epoch8 layer4 Acc 0.07175714285714285
ep8_l4_test_time 5.173412320999887
gc 0
Test threshold 0.1 Acc 0.9757285714285714
t0.1_test_time 1.7771492879996913
data_distribution  [67760, 2063, 73, 104, 0]
gc 0
Test threshold 0.2 Acc 0.9759714285714286
t0.2_test_time 1.768096169999808
data_distribution  [67176, 2616, 79, 129, 0]
gc 0
Test threshold 0.3 Acc 0.9760857142857143
t0.3_test_time 1.792653952999899
data_distribution  [66750, 2998, 97, 155, 0]
gc 0
Test threshold 0.4 Acc 0.9763428571428572
t0.4_test_time 1.7906126279999626
data_distribution  [66354, 3357, 110, 179, 0]
gc 0
Test threshold 0.5 Acc 0.9764285714285714
t0.5_test_time 1.796421621999798
data_distribution  [65966, 3707, 131, 196, 0]
gc 0
Test threshold 0.6 Acc 0.9764
t0.6_test_time 1.8204839499999252
data_distribution  [65604, 4019, 152, 225, 0]
gc 0
Test threshold 0.7 Acc 0.9766285714285714
t0.7_test_time 1.8354212540002663
data_distribution  [65175, 4406, 159, 260, 0]
gc 0
Test threshold 0.8 Acc 0.9767
t0.8_test_time 1.8485170160001871
data_distribution  [64565, 4961, 179, 295, 0]
gc 0
Test threshold 0.9 Acc 0.9769857142857142
t0.9_test_time 1.8423471940000127
data_distribution  [63650, 5753, 223, 374, 0]
gc 0
ep9_train_time 63.53659923600026
Test Epoch9 layer0 Acc 0.9747571428571429
ep9_l0_test_time 1.5336852290001843
Test Epoch9 layer1 Acc 0.9787
ep9_l1_test_time 2.4416882870000336
Test Epoch9 layer2 Acc 0.9792142857142857
ep9_l2_test_time 3.390220408999994
Test Epoch9 layer3 Acc 0.9788714285714286
ep9_l3_test_time 4.30030884100006
Test Epoch9 layer4 Acc 0.07174285714285714
ep9_l4_test_time 5.191696591999971
gc 0
Test threshold 0.1 Acc 0.9757714285714286
t0.1_test_time 1.7782118239997544
data_distribution  [67760, 2063, 73, 104, 0]
gc 0
Test threshold 0.2 Acc 0.9760285714285715
t0.2_test_time 1.7642385479998666
data_distribution  [67176, 2616, 79, 129, 0]
gc 0
Test threshold 0.3 Acc 0.9761714285714286
t0.3_test_time 1.8080151680001109
data_distribution  [66750, 2998, 97, 155, 0]
gc 0
Test threshold 0.4 Acc 0.9764428571428572
t0.4_test_time 1.7830897409999125
data_distribution  [66354, 3357, 110, 179, 0]
gc 0
Test threshold 0.5 Acc 0.9765428571428572
t0.5_test_time 1.8114168689999133
data_distribution  [65966, 3707, 131, 196, 0]
gc 0
Test threshold 0.6 Acc 0.9765142857142857
t0.6_test_time 1.9733240010000372
data_distribution  [65604, 4019, 152, 225, 0]
gc 0
Test threshold 0.7 Acc 0.9767285714285714
t0.7_test_time 1.8490455870000915
data_distribution  [65175, 4406, 159, 260, 0]
gc 0
Test threshold 0.8 Acc 0.9767714285714286
t0.8_test_time 1.8498855789998743
data_distribution  [64565, 4961, 179, 295, 0]
gc 0
Test threshold 0.9 Acc 0.9770571428571428
t0.9_test_time 1.8737519350002003
data_distribution  [63650, 5753, 223, 374, 0]
Best Acc 0.9790142857142857 5 3
gc 9
ep0_train_time 63.567127190000065
Test Epoch0 layer0 Acc 0.9747571428571429
ep0_l0_test_time 1.6180759089997991
Test Epoch0 layer1 Acc 0.9787
ep0_l1_test_time 2.4878537430004144
Test Epoch0 layer2 Acc 0.9792142857142857
ep0_l2_test_time 3.379896884000118
Test Epoch0 layer3 Acc 0.9790142857142857
ep0_l3_test_time 4.344052921999719
Test Epoch0 layer4 Acc 0.9787857142857143
ep0_l4_test_time 5.176146742000128
Save ckpt to ckpt/dbpedia_14_transformeral_l5_pad80_fix//dbpedia_14_transformeral_l5_m4.pt  ,ep 0
gc 0
Test threshold 0.1 Acc 0.9757285714285714
t0.1_test_time 1.8708602530000462
data_distribution  [67760, 2063, 73, 18, 86]
gc 0
Test threshold 0.2 Acc 0.9759714285714286
t0.2_test_time 1.821216714000002
data_distribution  [67176, 2616, 79, 18, 111]
gc 0
Test threshold 0.3 Acc 0.9760857142857143
t0.3_test_time 1.8443978029999926
data_distribution  [66750, 2998, 97, 22, 133]
gc 0
Test threshold 0.4 Acc 0.9763285714285714
t0.4_test_time 1.816596225000012
data_distribution  [66354, 3357, 110, 27, 152]
gc 0
Test threshold 0.5 Acc 0.9764285714285714
t0.5_test_time 1.858790456999941
data_distribution  [65966, 3707, 131, 31, 165]
gc 0
Test threshold 0.6 Acc 0.9763857142857143
t0.6_test_time 1.8998800049998863
data_distribution  [65604, 4019, 152, 37, 188]
gc 0
Test threshold 0.7 Acc 0.9765857142857143
t0.7_test_time 1.8710080830001061
data_distribution  [65175, 4406, 159, 35, 225]
gc 0
Test threshold 0.8 Acc 0.9766428571428571
t0.8_test_time 1.8931393859998025
data_distribution  [64565, 4961, 179, 33, 262]
gc 0
Test threshold 0.9 Acc 0.9768857142857142
t0.9_test_time 1.9247413359998973
data_distribution  [63650, 5753, 223, 46, 328]
gc 0
ep1_train_time 63.556994871999905
Test Epoch1 layer0 Acc 0.9747571428571429
ep1_l0_test_time 1.5581244280001556
Test Epoch1 layer1 Acc 0.9787
ep1_l1_test_time 2.460616423999909
Test Epoch1 layer2 Acc 0.9792142857142857
ep1_l2_test_time 3.4054244359999757
Test Epoch1 layer3 Acc 0.9790142857142857
ep1_l3_test_time 4.322869912999977
Test Epoch1 layer4 Acc 0.9788142857142857
ep1_l4_test_time 5.180137685999853
Save ckpt to ckpt/dbpedia_14_transformeral_l5_pad80_fix//dbpedia_14_transformeral_l5_m4.pt  ,ep 1
gc 0
Test threshold 0.1 Acc 0.9757428571428571
t0.1_test_time 1.7820866990000468
data_distribution  [67760, 2063, 73, 18, 86]
gc 0
Test threshold 0.2 Acc 0.9759571428571429
t0.2_test_time 1.7945270649997838
data_distribution  [67176, 2616, 79, 18, 111]
gc 0
Test threshold 0.3 Acc 0.9760714285714286
t0.3_test_time 1.834712836000108
data_distribution  [66750, 2998, 97, 22, 133]
gc 0
Test threshold 0.4 Acc 0.9763
t0.4_test_time 1.8606853769997542
data_distribution  [66354, 3357, 110, 27, 152]
gc 0
Test threshold 0.5 Acc 0.9764
t0.5_test_time 1.944219582000187
data_distribution  [65966, 3707, 131, 31, 165]
gc 0
Test threshold 0.6 Acc 0.9763571428571428
t0.6_test_time 1.920226348000142
data_distribution  [65604, 4019, 152, 37, 188]
gc 0
Test threshold 0.7 Acc 0.9765857142857143
t0.7_test_time 1.8793214990000706
data_distribution  [65175, 4406, 159, 35, 225]
gc 0
Test threshold 0.8 Acc 0.9766571428571429
t0.8_test_time 1.8977314160001697
data_distribution  [64565, 4961, 179, 33, 262]
gc 0
Test threshold 0.9 Acc 0.9768857142857142
t0.9_test_time 1.9615713580001284
data_distribution  [63650, 5753, 223, 46, 328]
gc 0
ep2_train_time 63.59457875499993
Test Epoch2 layer0 Acc 0.9747571428571429
ep2_l0_test_time 1.541032620000351
Test Epoch2 layer1 Acc 0.9787
ep2_l1_test_time 2.450944085000174
Test Epoch2 layer2 Acc 0.9792142857142857
ep2_l2_test_time 3.373437092000131
Test Epoch2 layer3 Acc 0.9790142857142857
ep2_l3_test_time 4.32469073700031
Test Epoch2 layer4 Acc 0.9789428571428571
ep2_l4_test_time 5.169624078999732
Save ckpt to ckpt/dbpedia_14_transformeral_l5_pad80_fix//dbpedia_14_transformeral_l5_m4.pt  ,ep 2
gc 0
Test threshold 0.1 Acc 0.9757428571428571
t0.1_test_time 1.79115054399972
data_distribution  [67760, 2063, 73, 18, 86]
gc 0
Test threshold 0.2 Acc 0.976
t0.2_test_time 1.7961265919998368
data_distribution  [67176, 2616, 79, 18, 111]
gc 0
Test threshold 0.3 Acc 0.9761428571428571
t0.3_test_time 1.8229803240001274
data_distribution  [66750, 2998, 97, 22, 133]
gc 0
Test threshold 0.4 Acc 0.9763857142857143
t0.4_test_time 1.8456998430001477
data_distribution  [66354, 3357, 110, 27, 152]
gc 0
Test threshold 0.5 Acc 0.9764857142857143
t0.5_test_time 1.8451227240002481
data_distribution  [65966, 3707, 131, 31, 165]
gc 0
Test threshold 0.6 Acc 0.9764428571428572
t0.6_test_time 1.8505607990000499
data_distribution  [65604, 4019, 152, 37, 188]
gc 0
Test threshold 0.7 Acc 0.9766571428571429
t0.7_test_time 1.8726366710002367
data_distribution  [65175, 4406, 159, 35, 225]
gc 0
Test threshold 0.8 Acc 0.9767285714285714
t0.8_test_time 1.9199060640003154
data_distribution  [64565, 4961, 179, 33, 262]
gc 0
Test threshold 0.9 Acc 0.9769428571428571
t0.9_test_time 1.915613029999804
data_distribution  [63650, 5753, 223, 46, 328]
gc 0
ep3_train_time 63.56830821599988
Test Epoch3 layer0 Acc 0.9747571428571429
ep3_l0_test_time 1.5706941090002147
Test Epoch3 layer1 Acc 0.9787
ep3_l1_test_time 2.446051009000257
Test Epoch3 layer2 Acc 0.9792142857142857
ep3_l2_test_time 3.3704397450001125
Test Epoch3 layer3 Acc 0.9790142857142857
ep3_l3_test_time 4.2969841310004995
Test Epoch3 layer4 Acc 0.9789857142857142
ep3_l4_test_time 5.162442671999997
Save ckpt to ckpt/dbpedia_14_transformeral_l5_pad80_fix//dbpedia_14_transformeral_l5_m4.pt  ,ep 3
gc 0
Test threshold 0.1 Acc 0.9758142857142857
t0.1_test_time 1.84288744100013
data_distribution  [67760, 2063, 73, 18, 86]
gc 0
Test threshold 0.2 Acc 0.9760714285714286
t0.2_test_time 1.8226988799997343
data_distribution  [67176, 2616, 79, 18, 111]
gc 0
Test threshold 0.3 Acc 0.9762142857142857
t0.3_test_time 1.8352259599996614
data_distribution  [66750, 2998, 97, 22, 133]
gc 0
Test threshold 0.4 Acc 0.9764714285714285
t0.4_test_time 1.84479602600004
data_distribution  [66354, 3357, 110, 27, 152]
gc 0
Test threshold 0.5 Acc 0.9765714285714285
t0.5_test_time 1.8551950229993963
data_distribution  [65966, 3707, 131, 31, 165]
gc 0
Test threshold 0.6 Acc 0.9765285714285714
t0.6_test_time 1.8699441059998207
data_distribution  [65604, 4019, 152, 37, 188]
gc 0
Test threshold 0.7 Acc 0.9767142857142858
t0.7_test_time 1.8877810860003592
data_distribution  [65175, 4406, 159, 35, 225]
gc 0
Test threshold 0.8 Acc 0.9767857142857143
t0.8_test_time 1.9065235719999691
data_distribution  [64565, 4961, 179, 33, 262]
gc 0
Test threshold 0.9 Acc 0.9770571428571428
t0.9_test_time 1.9256711369998811
data_distribution  [63650, 5753, 223, 46, 328]
gc 0
ep4_train_time 63.60633545099972
Test Epoch4 layer0 Acc 0.9747571428571429
ep4_l0_test_time 1.5525627650004026
Test Epoch4 layer1 Acc 0.9787
ep4_l1_test_time 2.462015672999769
Test Epoch4 layer2 Acc 0.9792142857142857
ep4_l2_test_time 3.3792715489998955
Test Epoch4 layer3 Acc 0.9790142857142857
ep4_l3_test_time 4.315745560000323
Test Epoch4 layer4 Acc 0.9788428571428571
ep4_l4_test_time 5.1787038960001155
gc 0
Test threshold 0.1 Acc 0.9757714285714286
t0.1_test_time 1.8187986790007926
data_distribution  [67760, 2063, 73, 18, 86]
gc 0
Test threshold 0.2 Acc 0.9760285714285715
t0.2_test_time 1.7959811260006973
data_distribution  [67176, 2616, 79, 18, 111]
gc 0
Test threshold 0.3 Acc 0.9761428571428571
t0.3_test_time 1.8325458929994056
data_distribution  [66750, 2998, 97, 22, 133]
gc 0
Test threshold 0.4 Acc 0.9763857142857143
t0.4_test_time 1.8406605549998858
data_distribution  [66354, 3357, 110, 27, 152]
gc 0
Test threshold 0.5 Acc 0.9764857142857143
t0.5_test_time 1.8577270760006286
data_distribution  [65966, 3707, 131, 31, 165]
gc 0
Test threshold 0.6 Acc 0.9764428571428572
t0.6_test_time 1.863482114999897
data_distribution  [65604, 4019, 152, 37, 188]
gc 0
Test threshold 0.7 Acc 0.9766285714285714
t0.7_test_time 1.8729978680003114
data_distribution  [65175, 4406, 159, 35, 225]
gc 0
Test threshold 0.8 Acc 0.9766857142857143
t0.8_test_time 1.8922588400000677
data_distribution  [64565, 4961, 179, 33, 262]
gc 0
Test threshold 0.9 Acc 0.9769428571428571
t0.9_test_time 1.9104603310006496
data_distribution  [63650, 5753, 223, 46, 328]
gc 0
ep5_train_time 63.470549994000066
Test Epoch5 layer0 Acc 0.9747571428571429
ep5_l0_test_time 1.5361149919999662
Test Epoch5 layer1 Acc 0.9787
ep5_l1_test_time 2.441503629000181
Test Epoch5 layer2 Acc 0.9792142857142857
ep5_l2_test_time 3.378290453999398
Test Epoch5 layer3 Acc 0.9790142857142857
ep5_l3_test_time 4.306932808000056
Test Epoch5 layer4 Acc 0.9789142857142857
ep5_l4_test_time 5.169567578000169
gc 0
Test threshold 0.1 Acc 0.9757857142857143
t0.1_test_time 1.7950913999993645
data_distribution  [67760, 2063, 73, 18, 86]
gc 0
Test threshold 0.2 Acc 0.9760428571428571
t0.2_test_time 1.7914815439999074
data_distribution  [67176, 2616, 79, 18, 111]
gc 0
Test threshold 0.3 Acc 0.9761571428571428
t0.3_test_time 1.8424252949998845
data_distribution  [66750, 2998, 97, 22, 133]
gc 0
Test threshold 0.4 Acc 0.9764142857142857
t0.4_test_time 1.8441541510001116
data_distribution  [66354, 3357, 110, 27, 152]
gc 0
Test threshold 0.5 Acc 0.9765142857142857
t0.5_test_time 1.8376590009993379
data_distribution  [65966, 3707, 131, 31, 165]
gc 0
Test threshold 0.6 Acc 0.9764714285714285
t0.6_test_time 1.8753735800000868
data_distribution  [65604, 4019, 152, 37, 188]
gc 0
Test threshold 0.7 Acc 0.9766714285714285
t0.7_test_time 1.8739308899994285
data_distribution  [65175, 4406, 159, 35, 225]
gc 0
Test threshold 0.8 Acc 0.9767285714285714
t0.8_test_time 1.9056690119996347
data_distribution  [64565, 4961, 179, 33, 262]
gc 0
Test threshold 0.9 Acc 0.9769714285714286
t0.9_test_time 1.9164020119997076
data_distribution  [63650, 5753, 223, 46, 328]
gc 0
ep6_train_time 63.604166303000056
Test Epoch6 layer0 Acc 0.9747571428571429
ep6_l0_test_time 1.544713481999679
Test Epoch6 layer1 Acc 0.9787
ep6_l1_test_time 2.449784274999729
Test Epoch6 layer2 Acc 0.9792142857142857
ep6_l2_test_time 3.4024323979992914
Test Epoch6 layer3 Acc 0.9790142857142857
ep6_l3_test_time 4.307886521
Test Epoch6 layer4 Acc 0.9788857142857142
ep6_l4_test_time 5.161953573000574
gc 0
Test threshold 0.1 Acc 0.9757571428571429
t0.1_test_time 1.7764770650001083
data_distribution  [67760, 2063, 73, 18, 86]
gc 0
Test threshold 0.2 Acc 0.9760142857142857
t0.2_test_time 1.806151695999688
data_distribution  [67176, 2616, 79, 18, 111]
gc 0
Test threshold 0.3 Acc 0.9761428571428571
t0.3_test_time 1.8438585140002033
data_distribution  [66750, 2998, 97, 22, 133]
gc 0
Test threshold 0.4 Acc 0.9763857142857143
t0.4_test_time 1.8484343500003888
data_distribution  [66354, 3357, 110, 27, 152]
gc 0
Test threshold 0.5 Acc 0.9764714285714285
t0.5_test_time 1.8575098440005604
data_distribution  [65966, 3707, 131, 31, 165]
gc 0
Test threshold 0.6 Acc 0.9764285714285714
t0.6_test_time 1.864042801999858
data_distribution  [65604, 4019, 152, 37, 188]
gc 0
Test threshold 0.7 Acc 0.9766285714285714
t0.7_test_time 1.8898986679996597
data_distribution  [65175, 4406, 159, 35, 225]
gc 0
Test threshold 0.8 Acc 0.9766857142857143
t0.8_test_time 1.9078166320005039
data_distribution  [64565, 4961, 179, 33, 262]
gc 0
Test threshold 0.9 Acc 0.9769571428571429
t0.9_test_time 1.9198823420001645
data_distribution  [63650, 5753, 223, 46, 328]
gc 0
ep7_train_time 63.611672762000126
Test Epoch7 layer0 Acc 0.9747571428571429
ep7_l0_test_time 1.5469693700006246
Test Epoch7 layer1 Acc 0.9787
ep7_l1_test_time 2.478584891000537
Test Epoch7 layer2 Acc 0.9792142857142857
ep7_l2_test_time 3.390239009999277
Test Epoch7 layer3 Acc 0.9790142857142857
ep7_l3_test_time 4.314160833000642
Test Epoch7 layer4 Acc 0.9789857142857142
ep7_l4_test_time 5.173684313000194
Save ckpt to ckpt/dbpedia_14_transformeral_l5_pad80_fix//dbpedia_14_transformeral_l5_m4.pt  ,ep 7
gc 0
Test threshold 0.1 Acc 0.9758
t0.1_test_time 1.7740601230007087
data_distribution  [67760, 2063, 73, 18, 86]
gc 0
Test threshold 0.2 Acc 0.9760571428571428
t0.2_test_time 1.7882354690000284
data_distribution  [67176, 2616, 79, 18, 111]
gc 0
Test threshold 0.3 Acc 0.9762
t0.3_test_time 1.932072108000284
data_distribution  [66750, 2998, 97, 22, 133]
gc 0
Test threshold 0.4 Acc 0.9764571428571429
t0.4_test_time 1.8508640139998533
data_distribution  [66354, 3357, 110, 27, 152]
gc 0
Test threshold 0.5 Acc 0.9765571428571429
t0.5_test_time 1.8961448170002768
data_distribution  [65966, 3707, 131, 31, 165]
gc 0
Test threshold 0.6 Acc 0.9765142857142857
t0.6_test_time 1.8942771879992506
data_distribution  [65604, 4019, 152, 37, 188]
gc 0
Test threshold 0.7 Acc 0.9767142857142858
t0.7_test_time 1.864519924999513
data_distribution  [65175, 4406, 159, 35, 225]
gc 0
Test threshold 0.8 Acc 0.9768
t0.8_test_time 1.906768214999829
data_distribution  [64565, 4961, 179, 33, 262]
gc 0
Test threshold 0.9 Acc 0.9770571428571428
t0.9_test_time 1.9130217199999606
data_distribution  [63650, 5753, 223, 46, 328]
gc 0
ep8_train_time 63.45779237200077
Test Epoch8 layer0 Acc 0.9747571428571429
ep8_l0_test_time 1.5259434409999812
Test Epoch8 layer1 Acc 0.9787
ep8_l1_test_time 2.4544107490000897
Test Epoch8 layer2 Acc 0.9792142857142857
ep8_l2_test_time 3.3983879600000364
Test Epoch8 layer3 Acc 0.9790142857142857
ep8_l3_test_time 4.3148714360004305
Test Epoch8 layer4 Acc 0.9789857142857142
ep8_l4_test_time 5.162856681000449
Save ckpt to ckpt/dbpedia_14_transformeral_l5_pad80_fix//dbpedia_14_transformeral_l5_m4.pt  ,ep 8
gc 0
Test threshold 0.1 Acc 0.9758142857142857
t0.1_test_time 1.8187897790003262
data_distribution  [67760, 2063, 73, 18, 86]
gc 0
Test threshold 0.2 Acc 0.9760571428571428
t0.2_test_time 1.9821751509998649
data_distribution  [67176, 2616, 79, 18, 111]
gc 0
Test threshold 0.3 Acc 0.9761857142857143
t0.3_test_time 1.8395639350001147
data_distribution  [66750, 2998, 97, 22, 133]
gc 0
Test threshold 0.4 Acc 0.9764142857142857
t0.4_test_time 1.835938141999577
data_distribution  [66354, 3357, 110, 27, 152]
gc 0
Test threshold 0.5 Acc 0.9765
t0.5_test_time 1.8635936850005237
data_distribution  [65966, 3707, 131, 31, 165]
gc 0
Test threshold 0.6 Acc 0.9764714285714285
t0.6_test_time 1.8752047349998975
data_distribution  [65604, 4019, 152, 37, 188]
gc 0
Test threshold 0.7 Acc 0.9766571428571429
t0.7_test_time 1.8708355180006038
data_distribution  [65175, 4406, 159, 35, 225]
gc 0
Test threshold 0.8 Acc 0.9767285714285714
t0.8_test_time 1.9118929799997204
data_distribution  [64565, 4961, 179, 33, 262]
gc 0
Test threshold 0.9 Acc 0.9769857142857142
t0.9_test_time 1.9193996290005089
data_distribution  [63650, 5753, 223, 46, 328]
gc 0
ep9_train_time 63.63254509699982
Test Epoch9 layer0 Acc 0.9747571428571429
ep9_l0_test_time 1.5422400450006535
Test Epoch9 layer1 Acc 0.9787
ep9_l1_test_time 2.444246268000825
Test Epoch9 layer2 Acc 0.9792142857142857
ep9_l2_test_time 3.3859965579995333
Test Epoch9 layer3 Acc 0.9790142857142857
ep9_l3_test_time 4.3106042549998165
Test Epoch9 layer4 Acc 0.9789428571428571
ep9_l4_test_time 5.169174593999742
gc 0
Test threshold 0.1 Acc 0.9758
t0.1_test_time 1.7880889689995456
data_distribution  [67760, 2063, 73, 18, 86]
gc 0
Test threshold 0.2 Acc 0.9760571428571428
t0.2_test_time 1.8044823850004832
data_distribution  [67176, 2616, 79, 18, 111]
gc 0
Test threshold 0.3 Acc 0.9761857142857143
t0.3_test_time 1.834306695000123
data_distribution  [66750, 2998, 97, 22, 133]
gc 0
Test threshold 0.4 Acc 0.9764428571428572
t0.4_test_time 1.859022399999958
data_distribution  [66354, 3357, 110, 27, 152]
gc 0
Test threshold 0.5 Acc 0.9765285714285714
t0.5_test_time 1.835428007999326
data_distribution  [65966, 3707, 131, 31, 165]
gc 0
Test threshold 0.6 Acc 0.9764857142857143
t0.6_test_time 1.861358666000342
data_distribution  [65604, 4019, 152, 37, 188]
gc 0
Test threshold 0.7 Acc 0.9766571428571429
t0.7_test_time 1.895648185999562
data_distribution  [65175, 4406, 159, 35, 225]
gc 0
Test threshold 0.8 Acc 0.9767142857142858
t0.8_test_time 1.9346936379997715
data_distribution  [64565, 4961, 179, 33, 262]
gc 0
Test threshold 0.9 Acc 0.9769857142857142
t0.9_test_time 1.948044566000135
data_distribution  [63650, 5753, 223, 46, 328]
Best Acc 0.9789857142857142 8 4
total_train+valid_time 4678.475412879
