total count words 102019
vocab size 30000
found 26754 words in glove
Load ckpt from ckpt/ag_news_lstmal_l5adf_pad25_t0.6_m1//ag_news_lstmal_l5_prefix.pt
model: LSTMModelML(
  (layers): ModuleList(
    (0): EMBLayer(
      (enc): ENC(
        (b): Sequential(
          (0): Linear(in_features=300, out_features=128, bias=True)
          (1): Tanh()
        )
        (f): Embedding(30000, 300)
        (cri): MSELoss()
      )
      (ae): AE(
        (g): Sequential(
          (0): Linear(in_features=4, out_features=128, bias=True)
          (1): Tanh()
        )
        (h): Sequential(
          (0): Linear(in_features=128, out_features=4, bias=True)
          (1): Sigmoid()
        )
        (cri): CrossEntropyLoss()
      )
    )
    (1): LSTMLayer(
      (enc): ENC(
        (b): Sequential(
          (0): Linear(in_features=300, out_features=128, bias=True)
          (1): Tanh()
        )
        (f): LSTM(300, 300, batch_first=True, bidirectional=True)
        (cri): MSELoss()
      )
      (ae): AE(
        (g): Sequential(
          (0): Linear(in_features=128, out_features=128, bias=True)
          (1): Tanh()
        )
        (h): Sequential(
          (0): Linear(in_features=128, out_features=128, bias=True)
        )
        (cri): MSELoss()
      )
    )
    (2): LSTMLayer(
      (enc): ENC(
        (b): Sequential(
          (0): Linear(in_features=300, out_features=128, bias=True)
          (1): Tanh()
        )
        (f): LSTM(600, 300, batch_first=True, bidirectional=True)
        (cri): MSELoss()
      )
      (ae): AE(
        (g): Sequential(
          (0): Linear(in_features=128, out_features=128, bias=True)
          (1): Tanh()
        )
        (h): Sequential(
          (0): Linear(in_features=128, out_features=128, bias=True)
        )
        (cri): MSELoss()
      )
    )
    (3): LSTMLayer(
      (enc): ENC(
        (b): Sequential(
          (0): Linear(in_features=300, out_features=128, bias=True)
          (1): Tanh()
        )
        (f): LSTM(600, 300, batch_first=True, bidirectional=True)
        (cri): MSELoss()
      )
      (ae): AE(
        (g): Sequential(
          (0): Linear(in_features=128, out_features=128, bias=True)
          (1): Tanh()
        )
        (h): Sequential(
          (0): Linear(in_features=128, out_features=128, bias=True)
        )
        (cri): MSELoss()
      )
    )
    (4): LSTMLayer(
      (enc): ENC(
        (b): Sequential(
          (0): Linear(in_features=300, out_features=128, bias=True)
          (1): Tanh()
        )
        (f): LSTM(600, 300, batch_first=True, bidirectional=True)
        (cri): MSELoss()
      )
      (ae): AE(
        (g): Sequential(
          (0): Linear(in_features=128, out_features=128, bias=True)
          (1): Tanh()
        )
        (h): Sequential(
          (0): Linear(in_features=128, out_features=128, bias=True)
        )
        (cri): MSELoss()
      )
    )
  )
)
layers.0.enc.b.0.weight 38400
layers.0.enc.b.0.bias 128
layers.0.enc.f.weight 9000000
layers.0.ae.g.0.weight 512
layers.0.ae.g.0.bias 128
layers.0.ae.h.0.weight 512
layers.0.ae.h.0.bias 4
layers.1.enc.b.0.weight 38400
layers.1.enc.b.0.bias 128
layers.1.enc.f.weight_ih_l0 360000
layers.1.enc.f.weight_hh_l0 360000
layers.1.enc.f.bias_ih_l0 1200
layers.1.enc.f.bias_hh_l0 1200
layers.1.enc.f.weight_ih_l0_reverse 360000
layers.1.enc.f.weight_hh_l0_reverse 360000
layers.1.enc.f.bias_ih_l0_reverse 1200
layers.1.enc.f.bias_hh_l0_reverse 1200
layers.1.ae.g.0.weight 16384
layers.1.ae.g.0.bias 128
layers.1.ae.h.0.weight 16384
layers.1.ae.h.0.bias 128
layers.2.enc.b.0.weight 38400
layers.2.enc.b.0.bias 128
layers.2.enc.f.weight_ih_l0 720000
layers.2.enc.f.weight_hh_l0 360000
layers.2.enc.f.bias_ih_l0 1200
layers.2.enc.f.bias_hh_l0 1200
layers.2.enc.f.weight_ih_l0_reverse 720000
layers.2.enc.f.weight_hh_l0_reverse 360000
layers.2.enc.f.bias_ih_l0_reverse 1200
layers.2.enc.f.bias_hh_l0_reverse 1200
layers.2.ae.g.0.weight 16384
layers.2.ae.g.0.bias 128
layers.2.ae.h.0.weight 16384
layers.2.ae.h.0.bias 128
layers.3.enc.b.0.weight 38400
layers.3.enc.b.0.bias 128
layers.3.enc.f.weight_ih_l0 720000
layers.3.enc.f.weight_hh_l0 360000
layers.3.enc.f.bias_ih_l0 1200
layers.3.enc.f.bias_hh_l0 1200
layers.3.enc.f.weight_ih_l0_reverse 720000
layers.3.enc.f.weight_hh_l0_reverse 360000
layers.3.enc.f.bias_ih_l0_reverse 1200
layers.3.enc.f.bias_hh_l0_reverse 1200
layers.3.ae.g.0.weight 16384
layers.3.ae.g.0.bias 128
layers.3.ae.h.0.weight 16384
layers.3.ae.h.0.bias 128
layers.4.enc.b.0.weight 38400
layers.4.enc.b.0.bias 128
layers.4.enc.f.weight_ih_l0 720000
layers.4.enc.f.weight_hh_l0 360000
layers.4.enc.f.bias_ih_l0 1200
layers.4.enc.f.bias_hh_l0 1200
layers.4.enc.f.weight_ih_l0_reverse 720000
layers.4.enc.f.weight_hh_l0_reverse 360000
layers.4.enc.f.bias_ih_l0_reverse 1200
layers.4.enc.f.bias_hh_l0_reverse 1200
layers.4.ae.g.0.weight 16384
layers.4.ae.g.0.bias 128
layers.4.ae.h.0.weight 16384
layers.4.ae.h.0.bias 128
Total Trainable Params: 17265092
Start Training
train_mask {0, 1}
gc 9
Train Epoch0 Acc 0.25350833333333334 (30421/120000), AUC 0.491685688495636
ep0_train_time 12.416906833648682
Test Epoch0 threshold 0.6 Acc 0.9143092105263158, AUC 0.9810757637023926, avg_entr 0.03594069927930832
ep0_t0.6_test_time 0.07583427429199219
Save ckpt to ckpt/ag_news_lstmal_l5adf_pad25_t0.6_m2//ag_news_lstmal_l5_prefix.pt  ,ep 0
gc 0
Train Epoch1 Acc 0.2556583333333333 (30679/120000), AUC 0.5146429538726807
ep1_train_time 12.093515157699585
Test Epoch1 threshold 0.6 Acc 0.9133223684210526, AUC 0.9809747934341431, avg_entr 0.032851289957761765
ep1_t0.6_test_time 0.07169604301452637
gc 0
Train Epoch2 Acc 0.25449166666666667 (30539/120000), AUC 0.5300522446632385
ep2_train_time 11.704282522201538
Test Epoch2 threshold 0.6 Acc 0.9111842105263158, AUC 0.9809210300445557, avg_entr 0.03017379529774189
ep2_t0.6_test_time 0.07175135612487793
gc 0
Train Epoch3 Acc 0.2542 (30504/120000), AUC 0.5307762622833252
ep3_train_time 11.749723196029663
Test Epoch3 threshold 0.6 Acc 0.9108552631578948, AUC 0.9801215529441833, avg_entr 0.028478464111685753
ep3_t0.6_test_time 0.0712735652923584
gc 0
Train Epoch4 Acc 0.25375 (30450/120000), AUC 0.5296531319618225
ep4_train_time 11.938519477844238
Test Epoch4 threshold 0.6 Acc 0.9121710526315789, AUC 0.9801827073097229, avg_entr 0.02805919386446476
ep4_t0.6_test_time 0.07178783416748047
gc 0
Train Epoch5 Acc 0.2528666666666667 (30344/120000), AUC 0.5187366604804993
ep5_train_time 12.025271654129028
Test Epoch5 threshold 0.6 Acc 0.9105263157894737, AUC 0.9799078106880188, avg_entr 0.02778611145913601
ep5_t0.6_test_time 0.07349157333374023
gc 0
Train Epoch6 Acc 0.2523916666666667 (30287/120000), AUC 0.5149429440498352
ep6_train_time 12.657146215438843
Test Epoch6 threshold 0.6 Acc 0.9108552631578948, AUC 0.9794748425483704, avg_entr 0.027334660291671753
ep6_t0.6_test_time 0.07191824913024902
gc 0
Train Epoch7 Acc 0.252025 (30243/120000), AUC 0.5126960277557373
ep7_train_time 12.229058504104614
Test Epoch7 threshold 0.6 Acc 0.9115131578947369, AUC 0.9792846441268921, avg_entr 0.02692524343729019
ep7_t0.6_test_time 0.07151627540588379
gc 0
Train Epoch8 Acc 0.2514 (30168/120000), AUC 0.5058605670928955
ep8_train_time 12.04557490348816
Test Epoch8 threshold 0.6 Acc 0.9106907894736842, AUC 0.9791715145111084, avg_entr 0.02683619223535061
ep8_t0.6_test_time 0.07122111320495605
gc 0
Train Epoch9 Acc 0.2511583333333333 (30139/120000), AUC 0.5031566619873047
ep9_train_time 11.902886390686035
Test Epoch9 threshold 0.6 Acc 0.9110197368421052, AUC 0.9791038036346436, avg_entr 0.027017924934625626
ep9_t0.6_test_time 0.07111501693725586
Best AUC 0.9810757637023926
train_loss (2, 5, 10)
valid_acc (10, 1)
valid_AUC (10, 1)
train_acc (10,)
Figure(640x480)
Figure(640x480)
Figure(640x480)
Figure(640x480)
Figure(640x480)
Start Testing
Load ckpt at ckpt/ag_news_lstmal_l5adf_pad25_t0.6_m2//ag_news_lstmal_l5_prefix.pt
Test threshold 0.6 Acc 0.9190789473684211, AUC 0.9864761829376221, avg_entr 0.03799966722726822
t0.6_test_time 0.018628835678100586
