total count words 222751
vocab size 30000
train size 40000, valid size 5000, test size 5000
found 27937 words in glove
model: LinearALsideText(
  (layers): ModuleList(
    (0): LinearLayer(
      (enc): ENC(
        (b): Sequential(
          (0): Linear(in_features=300, out_features=128, bias=True)
          (1): Tanh()
        )
        (f): Sequential(
          (0): Linear(in_features=300, out_features=300, bias=True)
          (1): ELU(alpha=1.0)
        )
        (cri): MSELoss()
      )
      (ae): AE(
        (g): Sequential(
          (0): Linear(in_features=2, out_features=128, bias=True)
          (1): Tanh()
        )
        (h): Sequential(
          (0): Linear(in_features=128, out_features=2, bias=True)
          (1): Sigmoid()
        )
        (cri): CrossEntropyLoss()
      )
    )
    (1): LinearLayer(
      (enc): ENC(
        (b): Sequential(
          (0): Linear(in_features=300, out_features=128, bias=True)
          (1): Tanh()
        )
        (f): Sequential(
          (0): Linear(in_features=300, out_features=300, bias=True)
          (1): ELU(alpha=1.0)
        )
        (cri): MSELoss()
      )
      (ae): AE(
        (g): Sequential(
          (0): Linear(in_features=128, out_features=128, bias=True)
          (1): Tanh()
        )
        (h): Sequential(
          (0): Linear(in_features=128, out_features=128, bias=True)
        )
        (cri): MSELoss()
      )
    )
    (2): LinearLayer(
      (enc): ENC(
        (b): Sequential(
          (0): Linear(in_features=300, out_features=128, bias=True)
          (1): Tanh()
        )
        (f): Sequential(
          (0): Linear(in_features=300, out_features=300, bias=True)
          (1): ELU(alpha=1.0)
        )
        (cri): MSELoss()
      )
      (ae): AE(
        (g): Sequential(
          (0): Linear(in_features=128, out_features=128, bias=True)
          (1): Tanh()
        )
        (h): Sequential(
          (0): Linear(in_features=128, out_features=128, bias=True)
        )
        (cri): MSELoss()
      )
    )
    (3): LinearLayer(
      (enc): ENC(
        (b): Sequential(
          (0): Linear(in_features=300, out_features=128, bias=True)
          (1): Tanh()
        )
        (f): Sequential(
          (0): Linear(in_features=300, out_features=300, bias=True)
          (1): ELU(alpha=1.0)
        )
        (cri): MSELoss()
      )
      (ae): AE(
        (g): Sequential(
          (0): Linear(in_features=128, out_features=128, bias=True)
          (1): Tanh()
        )
        (h): Sequential(
          (0): Linear(in_features=128, out_features=128, bias=True)
        )
        (cri): MSELoss()
      )
    )
    (4): LinearLayer(
      (enc): ENC(
        (b): Sequential(
          (0): Linear(in_features=300, out_features=128, bias=True)
          (1): Tanh()
        )
        (f): Sequential(
          (0): Linear(in_features=300, out_features=300, bias=True)
          (1): ELU(alpha=1.0)
        )
        (cri): MSELoss()
      )
      (ae): AE(
        (g): Sequential(
          (0): Linear(in_features=128, out_features=128, bias=True)
          (1): Tanh()
        )
        (h): Sequential(
          (0): Linear(in_features=128, out_features=128, bias=True)
        )
        (cri): MSELoss()
      )
    )
  )
  (emb_layers): ModuleList(
    (0): Embedding(30000, 300)
    (1): Embedding(30000, 300)
    (2): Embedding(30000, 300)
    (3): Embedding(30000, 300)
    (4): Embedding(30000, 300)
  )
)
layers.0.enc.b.0.weight 38400
layers.0.enc.b.0.bias 128
layers.0.enc.f.0.weight 90000
layers.0.enc.f.0.bias 300
layers.0.ae.g.0.weight 256
layers.0.ae.g.0.bias 128
layers.0.ae.h.0.weight 256
layers.0.ae.h.0.bias 2
layers.1.enc.b.0.weight 38400
layers.1.enc.b.0.bias 128
layers.1.enc.f.0.weight 90000
layers.1.enc.f.0.bias 300
layers.1.ae.g.0.weight 16384
layers.1.ae.g.0.bias 128
layers.1.ae.h.0.weight 16384
layers.1.ae.h.0.bias 128
layers.2.enc.b.0.weight 38400
layers.2.enc.b.0.bias 128
layers.2.enc.f.0.weight 90000
layers.2.enc.f.0.bias 300
layers.2.ae.g.0.weight 16384
layers.2.ae.g.0.bias 128
layers.2.ae.h.0.weight 16384
layers.2.ae.h.0.bias 128
layers.3.enc.b.0.weight 38400
layers.3.enc.b.0.bias 128
layers.3.enc.f.0.weight 90000
layers.3.enc.f.0.bias 300
layers.3.ae.g.0.weight 16384
layers.3.ae.g.0.bias 128
layers.3.ae.h.0.weight 16384
layers.3.ae.h.0.bias 128
layers.4.enc.b.0.weight 38400
layers.4.enc.b.0.bias 128
layers.4.enc.f.0.weight 90000
layers.4.enc.f.0.bias 300
layers.4.ae.g.0.weight 16384
layers.4.ae.g.0.bias 128
layers.4.ae.h.0.weight 16384
layers.4.ae.h.0.bias 128
emb_layers.0.weight 9000000
emb_layers.1.weight 9000000
emb_layers.2.weight 9000000
emb_layers.3.weight 9000000
emb_layers.4.weight 9000000
Total Trainable Params: 45776878
init_time 20.958953744000002
Start Training
gc 0
Train Epoch0 Acc 0.498525 (19941/40000), AUC 0.4996589720249176
ep0_train_time 6.194096249999998
Test Epoch0 layer0 Acc 0.5012, AUC 0.5078762769699097, avg_entr 0.6852961182594299, f1 0.5012000203132629
ep0_l0_test_time 0.5383004790000001
Save ckpt to ckpt/imdb_linearalside_l5_256_sidead//imdb_linearalside_l5_side.pt  ,ep 0
Test Epoch0 layer1 Acc 0.5272, AUC 0.5361015200614929, avg_entr 0.6859415173530579, f1 0.5271999835968018
ep0_l1_test_time 0.5486386349999997
Save ckpt to ckpt/imdb_linearalside_l5_256_sidead//imdb_linearalside_l5_side.pt  ,ep 0
Test Epoch0 layer2 Acc 0.5104, AUC 0.5126237869262695, avg_entr 0.6908095479011536, f1 0.5103999972343445
ep0_l2_test_time 0.5587080100000001
Test Epoch0 layer3 Acc 0.5048, AUC 0.5134308338165283, avg_entr 0.6903433799743652, f1 0.504800021648407
ep0_l3_test_time 0.5604422090000014
Test Epoch0 layer4 Acc 0.495, AUC 0.5004310607910156, avg_entr 0.6913095712661743, f1 0.4950000047683716
ep0_l4_test_time 0.5693436569999974
gc 0
Train Epoch1 Acc 0.508025 (20321/40000), AUC 0.5093573331832886
ep1_train_time 5.823752364000001
Test Epoch1 layer0 Acc 0.5122, AUC 0.5493813753128052, avg_entr 0.6780978441238403, f1 0.5121999979019165
ep1_l0_test_time 0.5322941379999975
Test Epoch1 layer1 Acc 0.5334, AUC 0.5570166110992432, avg_entr 0.6861814856529236, f1 0.5333999991416931
ep1_l1_test_time 0.5415996859999979
Save ckpt to ckpt/imdb_linearalside_l5_256_sidead//imdb_linearalside_l5_side.pt  ,ep 1
Test Epoch1 layer2 Acc 0.5226, AUC 0.5380949974060059, avg_entr 0.6842392683029175, f1 0.522599995136261
ep1_l2_test_time 0.5597983190000022
Test Epoch1 layer3 Acc 0.5148, AUC 0.5381293892860413, avg_entr 0.6829845905303955, f1 0.5148000121116638
ep1_l3_test_time 0.5592076889999973
Test Epoch1 layer4 Acc 0.5144, AUC 0.5285590887069702, avg_entr 0.6802175641059875, f1 0.5144000053405762
ep1_l4_test_time 0.5706081780000005
gc 0
Train Epoch2 Acc 0.51205 (20482/40000), AUC 0.5187870860099792
ep2_train_time 5.880284665000005
Test Epoch2 layer0 Acc 0.5166, AUC 0.5887346267700195, avg_entr 0.6737455129623413, f1 0.5166000127792358
ep2_l0_test_time 0.5436668350000033
Test Epoch2 layer1 Acc 0.528, AUC 0.5758483409881592, avg_entr 0.6785673499107361, f1 0.527999997138977
ep2_l1_test_time 0.5446426939999967
Test Epoch2 layer2 Acc 0.5304, AUC 0.565818190574646, avg_entr 0.6851699352264404, f1 0.5303999781608582
ep2_l2_test_time 0.5535822510000017
Test Epoch2 layer3 Acc 0.524, AUC 0.552627444267273, avg_entr 0.6829211711883545, f1 0.5239999890327454
ep2_l3_test_time 0.5628950589999988
Test Epoch2 layer4 Acc 0.5166, AUC 0.5306341648101807, avg_entr 0.6830748915672302, f1 0.5166000127792358
ep2_l4_test_time 0.5700992789999972
gc 0
Train Epoch3 Acc 0.518175 (20727/40000), AUC 0.5230037569999695
ep3_train_time 5.809857819000001
Test Epoch3 layer0 Acc 0.5824, AUC 0.6118791103363037, avg_entr 0.6817756295204163, f1 0.5824000239372253
ep3_l0_test_time 0.5333376359999988
Save ckpt to ckpt/imdb_linearalside_l5_256_sidead//imdb_linearalside_l5_side.pt  ,ep 3
Test Epoch3 layer1 Acc 0.5566, AUC 0.593764066696167, avg_entr 0.6823008060455322, f1 0.5565999746322632
ep3_l1_test_time 0.550778661999999
Test Epoch3 layer2 Acc 0.561, AUC 0.5856063365936279, avg_entr 0.6831516027450562, f1 0.5609999895095825
ep3_l2_test_time 0.5515580960000008
Test Epoch3 layer3 Acc 0.5344, AUC 0.5670312643051147, avg_entr 0.6821095943450928, f1 0.5343999862670898
ep3_l3_test_time 0.5585508839999989
Test Epoch3 layer4 Acc 0.5322, AUC 0.5427982807159424, avg_entr 0.6870947480201721, f1 0.5321999788284302
ep3_l4_test_time 0.5677803490000031
gc 0
Train Epoch4 Acc 0.519675 (20787/40000), AUC 0.5298690795898438
ep4_train_time 5.901103178999996
Test Epoch4 layer0 Acc 0.591, AUC 0.6312254071235657, avg_entr 0.6701651215553284, f1 0.5910000205039978
ep4_l0_test_time 0.5387547230000109
Save ckpt to ckpt/imdb_linearalside_l5_256_sidead//imdb_linearalside_l5_side.pt  ,ep 4
Test Epoch4 layer1 Acc 0.5386, AUC 0.6044398546218872, avg_entr 0.6577300429344177, f1 0.5386000275611877
ep4_l1_test_time 0.548259680000001
Test Epoch4 layer2 Acc 0.5672, AUC 0.6015204191207886, avg_entr 0.6716816425323486, f1 0.5672000050544739
ep4_l2_test_time 0.5476330970000021
Test Epoch4 layer3 Acc 0.5694, AUC 0.5908795595169067, avg_entr 0.6813852190971375, f1 0.5694000124931335
ep4_l3_test_time 0.5598406320000038
Test Epoch4 layer4 Acc 0.5276, AUC 0.5598844289779663, avg_entr 0.6751805543899536, f1 0.5275999903678894
ep4_l4_test_time 0.5741126390000062
gc 0
Train Epoch5 Acc 0.524925 (20997/40000), AUC 0.5361034870147705
ep5_train_time 5.818924860999999
Test Epoch5 layer0 Acc 0.599, AUC 0.6417877674102783, avg_entr 0.6467093229293823, f1 0.5989999771118164
ep5_l0_test_time 0.534969641999993
Save ckpt to ckpt/imdb_linearalside_l5_256_sidead//imdb_linearalside_l5_side.pt  ,ep 5
Test Epoch5 layer1 Acc 0.5778, AUC 0.6202861070632935, avg_entr 0.6627458333969116, f1 0.5777999758720398
ep5_l1_test_time 0.5496736759999976
Test Epoch5 layer2 Acc 0.5616, AUC 0.5991432666778564, avg_entr 0.6526517271995544, f1 0.5616000294685364
ep5_l2_test_time 0.5520260640000032
Test Epoch5 layer3 Acc 0.5452, AUC 0.5942052602767944, avg_entr 0.6671329736709595, f1 0.545199990272522
ep5_l3_test_time 0.55797235
Test Epoch5 layer4 Acc 0.529, AUC 0.5538842678070068, avg_entr 0.6678396463394165, f1 0.5289999842643738
ep5_l4_test_time 0.567921718000008
gc 0
Train Epoch6 Acc 0.535725 (21429/40000), AUC 0.5494654178619385
ep6_train_time 5.876486787000005
Test Epoch6 layer0 Acc 0.5906, AUC 0.6493054628372192, avg_entr 0.5946713089942932, f1 0.5906000137329102
ep6_l0_test_time 0.5341634269999957
Test Epoch6 layer1 Acc 0.5912, AUC 0.6292195320129395, avg_entr 0.6317099332809448, f1 0.5911999940872192
ep6_l1_test_time 0.5396309549999927
Test Epoch6 layer2 Acc 0.569, AUC 0.6302490234375, avg_entr 0.611942708492279, f1 0.5690000057220459
ep6_l2_test_time 0.5488631230000038
Test Epoch6 layer3 Acc 0.565, AUC 0.6064877510070801, avg_entr 0.6239827871322632, f1 0.5649999976158142
ep6_l3_test_time 0.5606657800000079
Test Epoch6 layer4 Acc 0.5144, AUC 0.6015191078186035, avg_entr 0.6323003768920898, f1 0.5144000053405762
ep6_l4_test_time 0.5709313400000013
gc 0
Train Epoch7 Acc 0.5574 (22296/40000), AUC 0.5822550058364868
ep7_train_time 5.822453232000001
Test Epoch7 layer0 Acc 0.5938, AUC 0.6545050144195557, avg_entr 0.5465836524963379, f1 0.5938000082969666
ep7_l0_test_time 0.5325150140000119
Test Epoch7 layer1 Acc 0.5958, AUC 0.6364792585372925, avg_entr 0.6133874654769897, f1 0.59579998254776
ep7_l1_test_time 0.5391482889999963
Test Epoch7 layer2 Acc 0.581, AUC 0.6215718984603882, avg_entr 0.5835486054420471, f1 0.5809999704360962
ep7_l2_test_time 0.5483770519999922
Test Epoch7 layer3 Acc 0.5772, AUC 0.6050862073898315, avg_entr 0.609750509262085, f1 0.5771999955177307
ep7_l3_test_time 0.5597505269999914
Test Epoch7 layer4 Acc 0.5816, AUC 0.6083539724349976, avg_entr 0.6483079791069031, f1 0.58160001039505
ep7_l4_test_time 0.5676947289999958
gc 0
Train Epoch8 Acc 0.569025 (22761/40000), AUC 0.5975731611251831
ep8_train_time 5.782603588000001
Test Epoch8 layer0 Acc 0.567, AUC 0.6573533415794373, avg_entr 0.465621680021286, f1 0.5669999718666077
ep8_l0_test_time 0.5326856690000028
Test Epoch8 layer1 Acc 0.5846, AUC 0.6407483220100403, avg_entr 0.5500696301460266, f1 0.5845999717712402
ep8_l1_test_time 0.5440600900000021
Test Epoch8 layer2 Acc 0.6036, AUC 0.63837730884552, avg_entr 0.5675698518753052, f1 0.603600025177002
ep8_l2_test_time 0.5521545120000013
Save ckpt to ckpt/imdb_linearalside_l5_256_sidead//imdb_linearalside_l5_side.pt  ,ep 8
Test Epoch8 layer3 Acc 0.5896, AUC 0.6274712085723877, avg_entr 0.5815615653991699, f1 0.5896000266075134
ep8_l3_test_time 0.5675922880000002
Test Epoch8 layer4 Acc 0.5906, AUC 0.6231775879859924, avg_entr 0.5959195494651794, f1 0.5906000137329102
ep8_l4_test_time 0.5699972889999998
gc 0
Train Epoch9 Acc 0.577075 (23083/40000), AUC 0.6109179258346558
ep9_train_time 5.7984075349999955
Test Epoch9 layer0 Acc 0.582, AUC 0.6595476865768433, avg_entr 0.4648117125034332, f1 0.5820000171661377
ep9_l0_test_time 0.5351871079999881
Test Epoch9 layer1 Acc 0.5566, AUC 0.638869047164917, avg_entr 0.46078675985336304, f1 0.5565999746322632
ep9_l1_test_time 0.5395030179999907
Test Epoch9 layer2 Acc 0.5928, AUC 0.6479188203811646, avg_entr 0.5371567606925964, f1 0.5928000211715698
ep9_l2_test_time 0.5485222790000108
Test Epoch9 layer3 Acc 0.5776, AUC 0.6383888125419617, avg_entr 0.5140119194984436, f1 0.5776000022888184
ep9_l3_test_time 0.5585004959999935
Test Epoch9 layer4 Acc 0.559, AUC 0.6400519609451294, avg_entr 0.5126550793647766, f1 0.5590000152587891
ep9_l4_test_time 0.5705437219999965
gc 0
Train Epoch10 Acc 0.588475 (23539/40000), AUC 0.6197370290756226
ep10_train_time 5.921730287000003
Test Epoch10 layer0 Acc 0.5878, AUC 0.6610783338546753, avg_entr 0.439775288105011, f1 0.5878000259399414
ep10_l0_test_time 0.5328556730000003
Test Epoch10 layer1 Acc 0.5818, AUC 0.6426724195480347, avg_entr 0.471250981092453, f1 0.5817999839782715
ep10_l1_test_time 0.5389519499999977
Test Epoch10 layer2 Acc 0.5962, AUC 0.6437075734138489, avg_entr 0.5003107786178589, f1 0.5961999893188477
ep10_l2_test_time 0.5556260629999912
Test Epoch10 layer3 Acc 0.5876, AUC 0.6368979215621948, avg_entr 0.5261304378509521, f1 0.5875999927520752
ep10_l3_test_time 0.5699351260000043
Test Epoch10 layer4 Acc 0.6016, AUC 0.6388009786605835, avg_entr 0.5529528260231018, f1 0.6015999913215637
ep10_l4_test_time 0.5782701480000014
gc 0
Train Epoch11 Acc 0.588225 (23529/40000), AUC 0.6250040531158447
ep11_train_time 6.168967171999995
Test Epoch11 layer0 Acc 0.5668, AUC 0.6620132923126221, avg_entr 0.3700512945652008, f1 0.5667999982833862
ep11_l0_test_time 0.5472314410000081
Test Epoch11 layer1 Acc 0.5962, AUC 0.6452174186706543, avg_entr 0.47659242153167725, f1 0.5961999893188477
ep11_l1_test_time 0.5634052150000031
Test Epoch11 layer2 Acc 0.5908, AUC 0.6518886685371399, avg_entr 0.4794326722621918, f1 0.5907999873161316
ep11_l2_test_time 0.5488211339999935
Test Epoch11 layer3 Acc 0.5952, AUC 0.6299666166305542, avg_entr 0.5153346061706543, f1 0.5952000021934509
ep11_l3_test_time 0.5584566800000061
Test Epoch11 layer4 Acc 0.5886, AUC 0.6227814555168152, avg_entr 0.5227540135383606, f1 0.5885999798774719
ep11_l4_test_time 0.5716562509999932
gc 0
Train Epoch12 Acc 0.5911 (23644/40000), AUC 0.6296300888061523
ep12_train_time 5.843834225999984
Test Epoch12 layer0 Acc 0.6136, AUC 0.662962794303894, avg_entr 0.47328251600265503, f1 0.6136000156402588
ep12_l0_test_time 0.5333257340000159
Save ckpt to ckpt/imdb_linearalside_l5_256_sidead//imdb_linearalside_l5_side.pt  ,ep 12
Test Epoch12 layer1 Acc 0.6048, AUC 0.6465231776237488, avg_entr 0.4972834587097168, f1 0.6047999858856201
ep12_l1_test_time 0.5649545020000062
Test Epoch12 layer2 Acc 0.5956, AUC 0.6539676189422607, avg_entr 0.471798837184906, f1 0.5956000089645386
ep12_l2_test_time 0.5823893220000116
Test Epoch12 layer3 Acc 0.5852, AUC 0.6249548196792603, avg_entr 0.50042325258255, f1 0.5852000117301941
ep12_l3_test_time 0.5876653939999983
Test Epoch12 layer4 Acc 0.5872, AUC 0.6195814609527588, avg_entr 0.5319423079490662, f1 0.5871999859809875
ep12_l4_test_time 0.5680396150000036
gc 0
Train Epoch13 Acc 0.591225 (23649/40000), AUC 0.6289361715316772
ep13_train_time 5.94200355000001
Test Epoch13 layer0 Acc 0.6154, AUC 0.6631410121917725, avg_entr 0.46791812777519226, f1 0.6154000163078308
ep13_l0_test_time 0.5563628889999848
Save ckpt to ckpt/imdb_linearalside_l5_256_sidead//imdb_linearalside_l5_side.pt  ,ep 13
Test Epoch13 layer1 Acc 0.6014, AUC 0.6407047510147095, avg_entr 0.48492345213890076, f1 0.6014000177383423
ep13_l1_test_time 0.570387414999999
Test Epoch13 layer2 Acc 0.6062, AUC 0.6493727564811707, avg_entr 0.4869416058063507, f1 0.6061999797821045
ep13_l2_test_time 0.5535698470000057
Test Epoch13 layer3 Acc 0.604, AUC 0.6410712003707886, avg_entr 0.4963596761226654, f1 0.6039999723434448
ep13_l3_test_time 0.5668480349999925
Test Epoch13 layer4 Acc 0.6096, AUC 0.6451732516288757, avg_entr 0.5369698405265808, f1 0.6096000075340271
ep13_l4_test_time 0.5735599299999876
gc 0
Train Epoch14 Acc 0.592525 (23701/40000), AUC 0.6287427544593811
ep14_train_time 5.855841184999974
Test Epoch14 layer0 Acc 0.5998, AUC 0.6635850667953491, avg_entr 0.4108600616455078, f1 0.5997999906539917
ep14_l0_test_time 0.5337142639999968
Test Epoch14 layer1 Acc 0.5998, AUC 0.6456327438354492, avg_entr 0.4511403441429138, f1 0.5997999906539917
ep14_l1_test_time 0.5506093630000066
Test Epoch14 layer2 Acc 0.6102, AUC 0.6518465280532837, avg_entr 0.47723841667175293, f1 0.6101999878883362
ep14_l2_test_time 0.5493444150000073
Test Epoch14 layer3 Acc 0.587, AUC 0.6463300585746765, avg_entr 0.4682193398475647, f1 0.5870000123977661
ep14_l3_test_time 0.5606351950000033
Test Epoch14 layer4 Acc 0.581, AUC 0.6285234689712524, avg_entr 0.48668158054351807, f1 0.5809999704360962
ep14_l4_test_time 0.5676657389999775
gc 0
Train Epoch15 Acc 0.596975 (23879/40000), AUC 0.6345672607421875
ep15_train_time 5.773285415000004
Test Epoch15 layer0 Acc 0.5876, AUC 0.6639822721481323, avg_entr 0.4111301302909851, f1 0.5875999927520752
ep15_l0_test_time 0.5320176950000075
Test Epoch15 layer1 Acc 0.5874, AUC 0.6446927785873413, avg_entr 0.4691489636898041, f1 0.5874000191688538
ep15_l1_test_time 0.5379843690000143
Test Epoch15 layer2 Acc 0.5742, AUC 0.6473233699798584, avg_entr 0.4276590347290039, f1 0.5741999745368958
ep15_l2_test_time 0.5506573489999766
Test Epoch15 layer3 Acc 0.5874, AUC 0.6452898979187012, avg_entr 0.47514256834983826, f1 0.5874000191688538
ep15_l3_test_time 0.5580284939999842
Test Epoch15 layer4 Acc 0.5874, AUC 0.6412231922149658, avg_entr 0.5048063397407532, f1 0.5874000191688538
ep15_l4_test_time 0.5673872809999807
gc 0
Train Epoch16 Acc 0.59435 (23774/40000), AUC 0.6332065463066101
ep16_train_time 5.842147202999996
Test Epoch16 layer0 Acc 0.6142, AUC 0.6641640663146973, avg_entr 0.4301186501979828, f1 0.6141999959945679
ep16_l0_test_time 0.5335238659999959
Test Epoch16 layer1 Acc 0.5968, AUC 0.6404436230659485, avg_entr 0.46688199043273926, f1 0.5968000292778015
ep16_l1_test_time 0.5678002639999988
Test Epoch16 layer2 Acc 0.5968, AUC 0.6483075618743896, avg_entr 0.4521252512931824, f1 0.5968000292778015
ep16_l2_test_time 0.5489399770000034
Test Epoch16 layer3 Acc 0.5988, AUC 0.6407338380813599, avg_entr 0.48535874485969543, f1 0.598800003528595
ep16_l3_test_time 0.5574603109999998
Test Epoch16 layer4 Acc 0.5946, AUC 0.6386909484863281, avg_entr 0.4956537187099457, f1 0.5946000218391418
ep16_l4_test_time 0.5694067210000071
gc 0
Train Epoch17 Acc 0.6015 (24060/40000), AUC 0.6374411582946777
ep17_train_time 5.919460916999981
Test Epoch17 layer0 Acc 0.5776, AUC 0.6641948223114014, avg_entr 0.3485901951789856, f1 0.5776000022888184
ep17_l0_test_time 0.549360686
Test Epoch17 layer1 Acc 0.584, AUC 0.6414278745651245, avg_entr 0.40258023142814636, f1 0.5839999914169312
ep17_l1_test_time 0.5417632399999945
Test Epoch17 layer2 Acc 0.5784, AUC 0.6517348289489746, avg_entr 0.38931336998939514, f1 0.5784000158309937
ep17_l2_test_time 0.5486137089999943
Test Epoch17 layer3 Acc 0.5836, AUC 0.6366780996322632, avg_entr 0.4224942922592163, f1 0.5835999846458435
ep17_l3_test_time 0.5605128819999834
Test Epoch17 layer4 Acc 0.5808, AUC 0.6383006572723389, avg_entr 0.42728784680366516, f1 0.5807999968528748
ep17_l4_test_time 0.5683868519999749
gc 0
Train Epoch18 Acc 0.6012 (24048/40000), AUC 0.6430221796035767
ep18_train_time 5.896936574999984
Test Epoch18 layer0 Acc 0.6092, AUC 0.6644734144210815, avg_entr 0.41880953311920166, f1 0.6092000007629395
ep18_l0_test_time 0.5342267199999924
Test Epoch18 layer1 Acc 0.604, AUC 0.6428217887878418, avg_entr 0.461426705121994, f1 0.6039999723434448
ep18_l1_test_time 0.5491172229999961
Test Epoch18 layer2 Acc 0.615, AUC 0.6519327759742737, avg_entr 0.45642027258872986, f1 0.6150000095367432
ep18_l2_test_time 0.5549937099999909
Test Epoch18 layer3 Acc 0.6012, AUC 0.632987916469574, avg_entr 0.45791444182395935, f1 0.6011999845504761
ep18_l3_test_time 0.5592162620000067
Test Epoch18 layer4 Acc 0.5816, AUC 0.6403290033340454, avg_entr 0.4338531196117401, f1 0.58160001039505
ep18_l4_test_time 0.568542535000006
gc 0
Train Epoch19 Acc 0.607425 (24297/40000), AUC 0.6467442512512207
ep19_train_time 5.914544103999987
Test Epoch19 layer0 Acc 0.6128, AUC 0.6647155284881592, avg_entr 0.41732850670814514, f1 0.6128000020980835
ep19_l0_test_time 0.5368756619999999
Test Epoch19 layer1 Acc 0.6004, AUC 0.6427894830703735, avg_entr 0.4567699134349823, f1 0.6003999710083008
ep19_l1_test_time 0.546373764000009
Test Epoch19 layer2 Acc 0.6032, AUC 0.650499701499939, avg_entr 0.44376713037490845, f1 0.6032000184059143
ep19_l2_test_time 0.5495531220000203
Test Epoch19 layer3 Acc 0.5964, AUC 0.6467548608779907, avg_entr 0.45456719398498535, f1 0.5964000225067139
ep19_l3_test_time 0.5579600320000111
Test Epoch19 layer4 Acc 0.5956, AUC 0.6460046768188477, avg_entr 0.45229312777519226, f1 0.5956000089645386
ep19_l4_test_time 0.5692282089999878
gc 0
Train Epoch20 Acc 0.60625 (24250/40000), AUC 0.6477991342544556
ep20_train_time 5.787243383999993
Test Epoch20 layer0 Acc 0.6168, AUC 0.6647945642471313, avg_entr 0.4242120087146759, f1 0.6168000102043152
ep20_l0_test_time 0.5332191579999801
Save ckpt to ckpt/imdb_linearalside_l5_256_sidead//imdb_linearalside_l5_side.pt  ,ep 20
Test Epoch20 layer1 Acc 0.6008, AUC 0.6401795148849487, avg_entr 0.42024967074394226, f1 0.6007999777793884
ep20_l1_test_time 0.5454552000000206
Test Epoch20 layer2 Acc 0.606, AUC 0.6494991779327393, avg_entr 0.42844700813293457, f1 0.6060000061988831
ep20_l2_test_time 0.5491985619999866
Test Epoch20 layer3 Acc 0.6088, AUC 0.646327018737793, avg_entr 0.4516080915927887, f1 0.6087999939918518
ep20_l3_test_time 0.5600414189999867
Test Epoch20 layer4 Acc 0.6032, AUC 0.6462698578834534, avg_entr 0.4489898979663849, f1 0.6032000184059143
ep20_l4_test_time 0.5680623990000129
gc 0
Train Epoch21 Acc 0.60115 (24046/40000), AUC 0.6413261890411377
ep21_train_time 5.901651727000001
Test Epoch21 layer0 Acc 0.6022, AUC 0.6649374961853027, avg_entr 0.3696224093437195, f1 0.6021999716758728
ep21_l0_test_time 0.5332452670000123
Test Epoch21 layer1 Acc 0.5968, AUC 0.6397501230239868, avg_entr 0.4373975098133087, f1 0.5968000292778015
ep21_l1_test_time 0.5415141759999926
Test Epoch21 layer2 Acc 0.604, AUC 0.650029182434082, avg_entr 0.4276687502861023, f1 0.6039999723434448
ep21_l2_test_time 0.5499353429999871
Test Epoch21 layer3 Acc 0.6056, AUC 0.6430162787437439, avg_entr 0.4435337781906128, f1 0.6055999994277954
ep21_l3_test_time 0.5587074169999937
Test Epoch21 layer4 Acc 0.6044, AUC 0.6392325162887573, avg_entr 0.45824134349823, f1 0.6043999791145325
ep21_l4_test_time 0.5689374690000193
gc 0
Train Epoch22 Acc 0.6062 (24248/40000), AUC 0.6475000381469727
ep22_train_time 5.818872036999977
Test Epoch22 layer0 Acc 0.6158, AUC 0.6650667786598206, avg_entr 0.38403376936912537, f1 0.6158000230789185
ep22_l0_test_time 0.5344994369999938
Test Epoch22 layer1 Acc 0.5952, AUC 0.6410329341888428, avg_entr 0.43332335352897644, f1 0.5952000021934509
ep22_l1_test_time 0.5410516659999871
Test Epoch22 layer2 Acc 0.6022, AUC 0.6492109298706055, avg_entr 0.41303983330726624, f1 0.6021999716758728
ep22_l2_test_time 0.5534198200000162
Test Epoch22 layer3 Acc 0.6042, AUC 0.6450132131576538, avg_entr 0.4232255816459656, f1 0.604200005531311
ep22_l3_test_time 0.557993367000023
Test Epoch22 layer4 Acc 0.6088, AUC 0.6466454267501831, avg_entr 0.4335934519767761, f1 0.6087999939918518
ep22_l4_test_time 0.5705929990000129
gc 0
Train Epoch23 Acc 0.605075 (24203/40000), AUC 0.6446307897567749
ep23_train_time 5.8909618360000024
Test Epoch23 layer0 Acc 0.574, AUC 0.6651476621627808, avg_entr 0.33083367347717285, f1 0.5740000009536743
ep23_l0_test_time 0.532069966000023
Test Epoch23 layer1 Acc 0.585, AUC 0.6422138214111328, avg_entr 0.411454975605011, f1 0.5849999785423279
ep23_l1_test_time 0.5402854410000089
Test Epoch23 layer2 Acc 0.596, AUC 0.6510822176933289, avg_entr 0.4077228009700775, f1 0.5960000157356262
ep23_l2_test_time 0.5485658489999992
Test Epoch23 layer3 Acc 0.574, AUC 0.63514244556427, avg_entr 0.3785150647163391, f1 0.5740000009536743
ep23_l3_test_time 0.5598360039999761
Test Epoch23 layer4 Acc 0.5912, AUC 0.6466134786605835, avg_entr 0.423052579164505, f1 0.5911999940872192
ep23_l4_test_time 0.5672028950000083
gc 0
Train Epoch24 Acc 0.605425 (24217/40000), AUC 0.648633599281311
ep24_train_time 5.891856313999995
Test Epoch24 layer0 Acc 0.6022, AUC 0.6653010845184326, avg_entr 0.35153448581695557, f1 0.6021999716758728
ep24_l0_test_time 0.5333923649999974
Test Epoch24 layer1 Acc 0.5972, AUC 0.6413881778717041, avg_entr 0.4263216257095337, f1 0.5971999764442444
ep24_l1_test_time 0.5469030380000106
Test Epoch24 layer2 Acc 0.5992, AUC 0.6519832611083984, avg_entr 0.4120277464389801, f1 0.5992000102996826
ep24_l2_test_time 0.5505819109999948
Test Epoch24 layer3 Acc 0.5944, AUC 0.6469871401786804, avg_entr 0.4091750979423523, f1 0.5943999886512756
ep24_l3_test_time 0.5606410940000046
Test Epoch24 layer4 Acc 0.5886, AUC 0.6466854810714722, avg_entr 0.3997653126716614, f1 0.5885999798774719
ep24_l4_test_time 0.5679006750000042
gc 0
Train Epoch25 Acc 0.6061 (24244/40000), AUC 0.6488218307495117
ep25_train_time 5.810442838
Test Epoch25 layer0 Acc 0.5868, AUC 0.6653600931167603, avg_entr 0.3149872422218323, f1 0.5867999792098999
ep25_l0_test_time 0.5341909130000033
Test Epoch25 layer1 Acc 0.5954, AUC 0.6403325796127319, avg_entr 0.417204886674881, f1 0.5953999757766724
ep25_l1_test_time 0.5382979560000081
Test Epoch25 layer2 Acc 0.6124, AUC 0.6506643295288086, avg_entr 0.4112676680088043, f1 0.6123999953269958
ep25_l2_test_time 0.5477090530000055
Test Epoch25 layer3 Acc 0.6066, AUC 0.6401462554931641, avg_entr 0.411053866147995, f1 0.6065999865531921
ep25_l3_test_time 0.5594723480000141
Test Epoch25 layer4 Acc 0.6046, AUC 0.6345351338386536, avg_entr 0.4082220196723938, f1 0.6046000123023987
ep25_l4_test_time 0.5707143190000181
gc 0
Train Epoch26 Acc 0.60805 (24322/40000), AUC 0.6499407887458801
ep26_train_time 5.8995820760000015
Test Epoch26 layer0 Acc 0.6042, AUC 0.6653735041618347, avg_entr 0.35364294052124023, f1 0.604200005531311
ep26_l0_test_time 0.532927825999991
Test Epoch26 layer1 Acc 0.6004, AUC 0.643360435962677, avg_entr 0.42180079221725464, f1 0.6003999710083008
ep26_l1_test_time 0.5393863229999738
Test Epoch26 layer2 Acc 0.6136, AUC 0.6533272862434387, avg_entr 0.41562721133232117, f1 0.6136000156402588
ep26_l2_test_time 0.5504365150000012
Test Epoch26 layer3 Acc 0.6128, AUC 0.6494189500808716, avg_entr 0.41865283250808716, f1 0.6128000020980835
ep26_l3_test_time 0.5613442179999879
Test Epoch26 layer4 Acc 0.6124, AUC 0.6498243808746338, avg_entr 0.4282107353210449, f1 0.6123999953269958
ep26_l4_test_time 0.5689412730000072
gc 0
Train Epoch27 Acc 0.61125 (24450/40000), AUC 0.6531720161437988
ep27_train_time 5.870741097000007
Test Epoch27 layer0 Acc 0.6054, AUC 0.6654642820358276, avg_entr 0.3615982234477997, f1 0.605400025844574
ep27_l0_test_time 0.532948771000008
Test Epoch27 layer1 Acc 0.6022, AUC 0.6426659226417542, avg_entr 0.42002373933792114, f1 0.6021999716758728
ep27_l1_test_time 0.5425576210000145
Test Epoch27 layer2 Acc 0.6134, AUC 0.6527827978134155, avg_entr 0.41351309418678284, f1 0.6133999824523926
ep27_l2_test_time 0.5500754369999754
Test Epoch27 layer3 Acc 0.607, AUC 0.6472520232200623, avg_entr 0.4180777966976166, f1 0.6069999933242798
ep27_l3_test_time 0.5602265020000345
Test Epoch27 layer4 Acc 0.6092, AUC 0.6461014747619629, avg_entr 0.4206772446632385, f1 0.6092000007629395
ep27_l4_test_time 0.5790228579999734
gc 0
Train Epoch28 Acc 0.609525 (24381/40000), AUC 0.6517717838287354
ep28_train_time 5.858255673999963
Test Epoch28 layer0 Acc 0.6164, AUC 0.6655186414718628, avg_entr 0.38805443048477173, f1 0.6164000034332275
ep28_l0_test_time 0.5342977639999731
Test Epoch28 layer1 Acc 0.6004, AUC 0.6429926156997681, avg_entr 0.41488510370254517, f1 0.6003999710083008
ep28_l1_test_time 0.5394255989999692
Test Epoch28 layer2 Acc 0.611, AUC 0.6533494591712952, avg_entr 0.40925657749176025, f1 0.6110000014305115
ep28_l2_test_time 0.5523767029999931
Test Epoch28 layer3 Acc 0.613, AUC 0.6482081413269043, avg_entr 0.41129931807518005, f1 0.6129999756813049
ep28_l3_test_time 0.5658944570000131
Test Epoch28 layer4 Acc 0.5958, AUC 0.6401645541191101, avg_entr 0.40133732557296753, f1 0.59579998254776
ep28_l4_test_time 0.5711535920000301
gc 0
Train Epoch29 Acc 0.606725 (24269/40000), AUC 0.6482908725738525
ep29_train_time 5.890629607999983
Test Epoch29 layer0 Acc 0.5936, AUC 0.6654912233352661, avg_entr 0.34777894616127014, f1 0.5935999751091003
ep29_l0_test_time 0.5341681119999748
Test Epoch29 layer1 Acc 0.6048, AUC 0.6421300172805786, avg_entr 0.411451131105423, f1 0.6047999858856201
ep29_l1_test_time 0.539615098000013
Test Epoch29 layer2 Acc 0.6126, AUC 0.6526649594306946, avg_entr 0.4044315814971924, f1 0.6126000285148621
ep29_l2_test_time 0.5499780519999717
Test Epoch29 layer3 Acc 0.607, AUC 0.6443464756011963, avg_entr 0.4093254506587982, f1 0.6069999933242798
ep29_l3_test_time 0.5629180770000062
Test Epoch29 layer4 Acc 0.6044, AUC 0.6445512771606445, avg_entr 0.4202106297016144, f1 0.6043999791145325
ep29_l4_test_time 0.5694631239999808
gc 0
Train Epoch30 Acc 0.60815 (24326/40000), AUC 0.6512879133224487
ep30_train_time 5.8868935539999825
Test Epoch30 layer0 Acc 0.6014, AUC 0.6656864881515503, avg_entr 0.3287261724472046, f1 0.6014000177383423
ep30_l0_test_time 0.54136104600002
Test Epoch30 layer1 Acc 0.6008, AUC 0.6425363421440125, avg_entr 0.40848326683044434, f1 0.6007999777793884
ep30_l1_test_time 0.5495143069999813
Test Epoch30 layer2 Acc 0.6132, AUC 0.6531467437744141, avg_entr 0.40197136998176575, f1 0.6132000088691711
ep30_l2_test_time 0.5587231579999639
Test Epoch30 layer3 Acc 0.6058, AUC 0.641931414604187, avg_entr 0.4011201560497284, f1 0.6057999730110168
ep30_l3_test_time 0.5591091860000006
Test Epoch30 layer4 Acc 0.6058, AUC 0.6371996998786926, avg_entr 0.4131726920604706, f1 0.6057999730110168
ep30_l4_test_time 0.5706212829999799
gc 0
Train Epoch31 Acc 0.613875 (24555/40000), AUC 0.6561617851257324
ep31_train_time 5.895071420000022
Test Epoch31 layer0 Acc 0.6044, AUC 0.6659619212150574, avg_entr 0.32561102509498596, f1 0.6043999791145325
ep31_l0_test_time 0.5394621279999683
Test Epoch31 layer1 Acc 0.6086, AUC 0.6431055068969727, avg_entr 0.40095049142837524, f1 0.6086000204086304
ep31_l1_test_time 0.5477876049999963
Test Epoch31 layer2 Acc 0.614, AUC 0.651921272277832, avg_entr 0.38925987482070923, f1 0.6140000224113464
ep31_l2_test_time 0.5550786599999924
Test Epoch31 layer3 Acc 0.6086, AUC 0.6493517756462097, avg_entr 0.39323198795318604, f1 0.6086000204086304
ep31_l3_test_time 0.563110479000045
Test Epoch31 layer4 Acc 0.6112, AUC 0.6495412588119507, avg_entr 0.4013809263706207, f1 0.6111999750137329
ep31_l4_test_time 0.5765872900000204
gc 0
Train Epoch32 Acc 0.6134 (24536/40000), AUC 0.6564207077026367
ep32_train_time 5.922284796000042
Test Epoch32 layer0 Acc 0.614, AUC 0.665972113609314, avg_entr 0.35087546706199646, f1 0.6140000224113464
ep32_l0_test_time 0.5462123600000268
Test Epoch32 layer1 Acc 0.603, AUC 0.6423739790916443, avg_entr 0.399310827255249, f1 0.6029999852180481
ep32_l1_test_time 0.5400870029999965
Test Epoch32 layer2 Acc 0.613, AUC 0.6527011394500732, avg_entr 0.3921802341938019, f1 0.6129999756813049
ep32_l2_test_time 0.5499924079999801
Test Epoch32 layer3 Acc 0.6132, AUC 0.6482642292976379, avg_entr 0.3911954164505005, f1 0.6132000088691711
ep32_l3_test_time 0.5584151520000091
Test Epoch32 layer4 Acc 0.604, AUC 0.638640820980072, avg_entr 0.3859615623950958, f1 0.6039999723434448
ep32_l4_test_time 0.5675370870000052
gc 0
Train Epoch33 Acc 0.612075 (24483/40000), AUC 0.6553700566291809
ep33_train_time 5.899179362000041
Test Epoch33 layer0 Acc 0.6104, AUC 0.6660057306289673, avg_entr 0.346949964761734, f1 0.6104000210762024
ep33_l0_test_time 0.5345444390000011
Test Epoch33 layer1 Acc 0.6002, AUC 0.6436463594436646, avg_entr 0.400357723236084, f1 0.6001999974250793
ep33_l1_test_time 0.543390133999992
Test Epoch33 layer2 Acc 0.611, AUC 0.6538357734680176, avg_entr 0.3927355706691742, f1 0.6110000014305115
ep33_l2_test_time 0.548684102999971
Test Epoch33 layer3 Acc 0.612, AUC 0.6495399475097656, avg_entr 0.389830619096756, f1 0.6119999885559082
ep33_l3_test_time 0.5683655600000179
Test Epoch33 layer4 Acc 0.6132, AUC 0.6501162052154541, avg_entr 0.38526099920272827, f1 0.6132000088691711
ep33_l4_test_time 0.5682890100000009
gc 0
Train Epoch34 Acc 0.613875 (24555/40000), AUC 0.6569186449050903
ep34_train_time 6.034315842000012
Test Epoch34 layer0 Acc 0.6212, AUC 0.666037917137146, avg_entr 0.3630957305431366, f1 0.6212000250816345
ep34_l0_test_time 0.5329596009999591
Save ckpt to ckpt/imdb_linearalside_l5_256_sidead//imdb_linearalside_l5_side.pt  ,ep 34
Test Epoch34 layer1 Acc 0.6018, AUC 0.6433454155921936, avg_entr 0.39873409271240234, f1 0.6018000245094299
ep34_l1_test_time 0.5481087869999897
Test Epoch34 layer2 Acc 0.6146, AUC 0.6538219451904297, avg_entr 0.3912428915500641, f1 0.6146000027656555
ep34_l2_test_time 0.5488060989999894
Test Epoch34 layer3 Acc 0.6104, AUC 0.6497654914855957, avg_entr 0.3846419155597687, f1 0.6104000210762024
ep34_l3_test_time 0.5642486180000219
Test Epoch34 layer4 Acc 0.6154, AUC 0.6510995626449585, avg_entr 0.3824416399002075, f1 0.6154000163078308
ep34_l4_test_time 0.5668168960000344
gc 0
Train Epoch35 Acc 0.613975 (24559/40000), AUC 0.6568514704704285
ep35_train_time 5.945454033999965
Test Epoch35 layer0 Acc 0.5484, AUC 0.6659278869628906, avg_entr 0.22022880613803864, f1 0.5483999848365784
ep35_l0_test_time 0.5320056319999935
Test Epoch35 layer1 Acc 0.6022, AUC 0.6411445140838623, avg_entr 0.39627641439437866, f1 0.6021999716758728
ep35_l1_test_time 0.5442791369999895
Test Epoch35 layer2 Acc 0.6078, AUC 0.6509751677513123, avg_entr 0.3901061713695526, f1 0.6078000068664551
ep35_l2_test_time 0.5597499570000082
Test Epoch35 layer3 Acc 0.6048, AUC 0.6430522799491882, avg_entr 0.38585364818573, f1 0.6047999858856201
ep35_l3_test_time 0.5689547100000141
Test Epoch35 layer4 Acc 0.5976, AUC 0.6316658854484558, avg_entr 0.37509769201278687, f1 0.597599983215332
ep35_l4_test_time 0.5811797829999819
gc 0
Train Epoch36 Acc 0.615025 (24601/40000), AUC 0.6575238704681396
ep36_train_time 5.81247040400001
Test Epoch36 layer0 Acc 0.6128, AUC 0.6658779382705688, avg_entr 0.34187498688697815, f1 0.6128000020980835
ep36_l0_test_time 0.5350239160000001
Test Epoch36 layer1 Acc 0.6022, AUC 0.6427658796310425, avg_entr 0.3924829363822937, f1 0.6021999716758728
ep36_l1_test_time 0.5405250560000354
Test Epoch36 layer2 Acc 0.6158, AUC 0.6527010202407837, avg_entr 0.38493579626083374, f1 0.6158000230789185
ep36_l2_test_time 0.5495086689999766
Test Epoch36 layer3 Acc 0.6112, AUC 0.6476842164993286, avg_entr 0.37954962253570557, f1 0.6111999750137329
ep36_l3_test_time 0.5592281659999685
Test Epoch36 layer4 Acc 0.6088, AUC 0.6499946117401123, avg_entr 0.3686387836933136, f1 0.6087999939918518
ep36_l4_test_time 0.5710225680000462
gc 0
Train Epoch37 Acc 0.6123 (24492/40000), AUC 0.657685399055481
ep37_train_time 5.824325885999997
Test Epoch37 layer0 Acc 0.603, AUC 0.6659878492355347, avg_entr 0.3235149383544922, f1 0.6029999852180481
ep37_l0_test_time 0.5326198580000323
Test Epoch37 layer1 Acc 0.6008, AUC 0.6413286924362183, avg_entr 0.3863655626773834, f1 0.6007999777793884
ep37_l1_test_time 0.5392892449999636
Test Epoch37 layer2 Acc 0.613, AUC 0.6516304016113281, avg_entr 0.3790220320224762, f1 0.6129999756813049
ep37_l2_test_time 0.5490712349999853
Test Epoch37 layer3 Acc 0.6116, AUC 0.6482956409454346, avg_entr 0.374034583568573, f1 0.6115999817848206
ep37_l3_test_time 0.5607944180000004
Test Epoch37 layer4 Acc 0.6162, AUC 0.6497460007667542, avg_entr 0.3677668571472168, f1 0.6161999702453613
ep37_l4_test_time 0.5687755690000245
gc 0
Train Epoch38 Acc 0.615925 (24637/40000), AUC 0.6593751907348633
ep38_train_time 5.837962088999973
Test Epoch38 layer0 Acc 0.6186, AUC 0.6659135818481445, avg_entr 0.3392643332481384, f1 0.6186000108718872
ep38_l0_test_time 0.5323098390000496
Test Epoch38 layer1 Acc 0.6014, AUC 0.6434677839279175, avg_entr 0.39109641313552856, f1 0.6014000177383423
ep38_l1_test_time 0.5417502579999791
Test Epoch38 layer2 Acc 0.6144, AUC 0.6539729237556458, avg_entr 0.383611261844635, f1 0.6144000291824341
ep38_l2_test_time 0.5517067769999926
Test Epoch38 layer3 Acc 0.612, AUC 0.6482431292533875, avg_entr 0.37596580386161804, f1 0.6119999885559082
ep38_l3_test_time 0.5597253020000039
Test Epoch38 layer4 Acc 0.6072, AUC 0.6488866806030273, avg_entr 0.36536306142807007, f1 0.607200026512146
ep38_l4_test_time 0.5696138280000014
gc 0
Train Epoch39 Acc 0.6151 (24604/40000), AUC 0.6593645811080933
ep39_train_time 5.796645822000016
Test Epoch39 layer0 Acc 0.612, AUC 0.6660102009773254, avg_entr 0.34083548188209534, f1 0.6119999885559082
ep39_l0_test_time 0.5351416130000075
Test Epoch39 layer1 Acc 0.5966, AUC 0.6436776518821716, avg_entr 0.38662490248680115, f1 0.5965999960899353
ep39_l1_test_time 0.5403238549999969
Test Epoch39 layer2 Acc 0.6096, AUC 0.653701663017273, avg_entr 0.378884494304657, f1 0.6096000075340271
ep39_l2_test_time 0.5494238329999916
Test Epoch39 layer3 Acc 0.6084, AUC 0.6495937705039978, avg_entr 0.37031474709510803, f1 0.6083999872207642
ep39_l3_test_time 0.5585181959999659
Test Epoch39 layer4 Acc 0.6088, AUC 0.6488943696022034, avg_entr 0.367523193359375, f1 0.6087999939918518
ep39_l4_test_time 0.6103836920000276
gc 0
Train Epoch40 Acc 0.615 (24600/40000), AUC 0.6601743698120117
ep40_train_time 5.834904964999964
Test Epoch40 layer0 Acc 0.6188, AUC 0.66600501537323, avg_entr 0.336078941822052, f1 0.6187999844551086
ep40_l0_test_time 0.5489175919999525
Test Epoch40 layer1 Acc 0.6016, AUC 0.6434646844863892, avg_entr 0.3861679136753082, f1 0.6015999913215637
ep40_l1_test_time 0.5587052249999829
Test Epoch40 layer2 Acc 0.6126, AUC 0.6540477275848389, avg_entr 0.3776826560497284, f1 0.6126000285148621
ep40_l2_test_time 0.5553869819999591
Test Epoch40 layer3 Acc 0.613, AUC 0.6501445174217224, avg_entr 0.3687480688095093, f1 0.6129999756813049
ep40_l3_test_time 0.563085430000001
Test Epoch40 layer4 Acc 0.612, AUC 0.6510869264602661, avg_entr 0.36484241485595703, f1 0.6119999885559082
ep40_l4_test_time 0.5715496429999689
gc 0
Train Epoch41 Acc 0.61555 (24622/40000), AUC 0.6603813171386719
ep41_train_time 5.941028760999984
Test Epoch41 layer0 Acc 0.62, AUC 0.6660434007644653, avg_entr 0.34247198700904846, f1 0.6200000047683716
ep41_l0_test_time 0.5323392239999976
Test Epoch41 layer1 Acc 0.6018, AUC 0.6435272693634033, avg_entr 0.385736882686615, f1 0.6018000245094299
ep41_l1_test_time 0.5412941879999948
Test Epoch41 layer2 Acc 0.6124, AUC 0.6539022922515869, avg_entr 0.3767690658569336, f1 0.6123999953269958
ep41_l2_test_time 0.5542200269999853
Test Epoch41 layer3 Acc 0.6114, AUC 0.6502253413200378, avg_entr 0.3698826730251312, f1 0.6114000082015991
ep41_l3_test_time 0.5673250219999773
Test Epoch41 layer4 Acc 0.6134, AUC 0.6504373550415039, avg_entr 0.3684098422527313, f1 0.6133999824523926
ep41_l4_test_time 0.5697090920000392
gc 0
Train Epoch42 Acc 0.617075 (24683/40000), AUC 0.6607999801635742
ep42_train_time 5.869348482000021
Test Epoch42 layer0 Acc 0.6096, AUC 0.6659526824951172, avg_entr 0.3265160024166107, f1 0.6096000075340271
ep42_l0_test_time 0.5350955190000377
Test Epoch42 layer1 Acc 0.6008, AUC 0.6435867547988892, avg_entr 0.38590988516807556, f1 0.6007999777793884
ep42_l1_test_time 0.5406626010000082
Test Epoch42 layer2 Acc 0.6112, AUC 0.6537909507751465, avg_entr 0.37730172276496887, f1 0.6111999750137329
ep42_l2_test_time 0.550653226999998
Test Epoch42 layer3 Acc 0.611, AUC 0.6494594812393188, avg_entr 0.3701440691947937, f1 0.6110000014305115
ep42_l3_test_time 0.5678107749999981
Test Epoch42 layer4 Acc 0.6134, AUC 0.6505174040794373, avg_entr 0.3648338317871094, f1 0.6133999824523926
ep42_l4_test_time 0.5701739819999716
gc 0
Train Epoch43 Acc 0.61455 (24582/40000), AUC 0.6605793237686157
ep43_train_time 5.825559568000017
Test Epoch43 layer0 Acc 0.616, AUC 0.666007399559021, avg_entr 0.33991044759750366, f1 0.6159999966621399
ep43_l0_test_time 0.5320854089999898
Test Epoch43 layer1 Acc 0.602, AUC 0.6436460018157959, avg_entr 0.3841824233531952, f1 0.6019999980926514
ep43_l1_test_time 0.5391426549999778
Test Epoch43 layer2 Acc 0.6134, AUC 0.6540844440460205, avg_entr 0.37513333559036255, f1 0.6133999824523926
ep43_l2_test_time 0.547495132999984
Test Epoch43 layer3 Acc 0.611, AUC 0.6494415998458862, avg_entr 0.3678716719150543, f1 0.6110000014305115
ep43_l3_test_time 0.5785692489999974
Test Epoch43 layer4 Acc 0.6158, AUC 0.650437593460083, avg_entr 0.36236265301704407, f1 0.6158000230789185
ep43_l4_test_time 0.5768942310000398
gc 0
Train Epoch44 Acc 0.617175 (24687/40000), AUC 0.6610884666442871
ep44_train_time 5.85592748900001
Test Epoch44 layer0 Acc 0.6168, AUC 0.666030764579773, avg_entr 0.3353256583213806, f1 0.6168000102043152
ep44_l0_test_time 0.5395508429999722
Test Epoch44 layer1 Acc 0.6016, AUC 0.6436077356338501, avg_entr 0.38420718908309937, f1 0.6015999913215637
ep44_l1_test_time 0.5497682920000102
Test Epoch44 layer2 Acc 0.616, AUC 0.6539230942726135, avg_entr 0.374897301197052, f1 0.6159999966621399
ep44_l2_test_time 0.5589099680000231
Test Epoch44 layer3 Acc 0.6094, AUC 0.6495810747146606, avg_entr 0.3617900311946869, f1 0.6093999743461609
ep44_l3_test_time 0.5598341749999918
Test Epoch44 layer4 Acc 0.6134, AUC 0.6515843868255615, avg_entr 0.3599325120449066, f1 0.6133999824523926
ep44_l4_test_time 0.5675329780000311
gc 0
Train Epoch45 Acc 0.61665 (24666/40000), AUC 0.6608743667602539
ep45_train_time 5.832946126000024
Test Epoch45 layer0 Acc 0.6212, AUC 0.6659975647926331, avg_entr 0.3336911201477051, f1 0.6212000250816345
ep45_l0_test_time 0.5376878350000425
Save ckpt to ckpt/imdb_linearalside_l5_256_sidead//imdb_linearalside_l5_side.pt  ,ep 45
Test Epoch45 layer1 Acc 0.6022, AUC 0.6435116529464722, avg_entr 0.3821048140525818, f1 0.6021999716758728
ep45_l1_test_time 0.5484051139999906
Test Epoch45 layer2 Acc 0.6146, AUC 0.6539761424064636, avg_entr 0.37303996086120605, f1 0.6146000027656555
ep45_l2_test_time 0.5505695609999748
Test Epoch45 layer3 Acc 0.6128, AUC 0.6487749218940735, avg_entr 0.3627014756202698, f1 0.6128000020980835
ep45_l3_test_time 0.5608053170000176
Test Epoch45 layer4 Acc 0.6108, AUC 0.6470769643783569, avg_entr 0.3574751019477844, f1 0.61080002784729
ep45_l4_test_time 0.5696525989999941
gc 0
Train Epoch46 Acc 0.616725 (24669/40000), AUC 0.6615608334541321
ep46_train_time 5.908630338000023
Test Epoch46 layer0 Acc 0.6188, AUC 0.6660544872283936, avg_entr 0.32841724157333374, f1 0.6187999844551086
ep46_l0_test_time 0.5549860170000329
Test Epoch46 layer1 Acc 0.6026, AUC 0.6436002254486084, avg_entr 0.38091662526130676, f1 0.6025999784469604
ep46_l1_test_time 0.5794334010000171
Test Epoch46 layer2 Acc 0.6164, AUC 0.6541133522987366, avg_entr 0.3718559443950653, f1 0.6164000034332275
ep46_l2_test_time 0.5817638789999933
Test Epoch46 layer3 Acc 0.6136, AUC 0.6502436399459839, avg_entr 0.36319705843925476, f1 0.6136000156402588
ep46_l3_test_time 0.5621534800000063
Test Epoch46 layer4 Acc 0.617, AUC 0.6514374017715454, avg_entr 0.3595799207687378, f1 0.6169999837875366
ep46_l4_test_time 0.5749149800000168
gc 0
Train Epoch47 Acc 0.6173 (24692/40000), AUC 0.6611829996109009
ep47_train_time 5.953703996999991
Test Epoch47 layer0 Acc 0.6162, AUC 0.6660441756248474, avg_entr 0.33309417963027954, f1 0.6161999702453613
ep47_l0_test_time 0.5450683229999527
Test Epoch47 layer1 Acc 0.6024, AUC 0.6437119245529175, avg_entr 0.3815794289112091, f1 0.602400004863739
ep47_l1_test_time 0.5499729910000042
Test Epoch47 layer2 Acc 0.6172, AUC 0.6541903018951416, avg_entr 0.3720945715904236, f1 0.6172000169754028
ep47_l2_test_time 0.5509997279999652
Test Epoch47 layer3 Acc 0.6118, AUC 0.6500754356384277, avg_entr 0.3629951775074005, f1 0.6118000149726868
ep47_l3_test_time 0.559303376999992
Test Epoch47 layer4 Acc 0.6126, AUC 0.6511992812156677, avg_entr 0.3588992655277252, f1 0.6126000285148621
ep47_l4_test_time 0.5712616749999597
gc 0
Train Epoch48 Acc 0.61735 (24694/40000), AUC 0.661704957485199
ep48_train_time 5.944670481000003
Test Epoch48 layer0 Acc 0.6172, AUC 0.6660447120666504, avg_entr 0.33055630326271057, f1 0.6172000169754028
ep48_l0_test_time 0.5329044360000239
Test Epoch48 layer1 Acc 0.6018, AUC 0.6437804102897644, avg_entr 0.3813685178756714, f1 0.6018000245094299
ep48_l1_test_time 0.539721644999986
Test Epoch48 layer2 Acc 0.6116, AUC 0.6541121602058411, avg_entr 0.3714907467365265, f1 0.6115999817848206
ep48_l2_test_time 0.5490951870000345
Test Epoch48 layer3 Acc 0.6122, AUC 0.6500860452651978, avg_entr 0.36277493834495544, f1 0.6122000217437744
ep48_l3_test_time 0.5619294299999638
Test Epoch48 layer4 Acc 0.6112, AUC 0.6502933502197266, avg_entr 0.3609232008457184, f1 0.6111999750137329
ep48_l4_test_time 0.5688039600000252
gc 0
Train Epoch49 Acc 0.61655 (24662/40000), AUC 0.6616594791412354
ep49_train_time 5.868628854999997
Test Epoch49 layer0 Acc 0.6194, AUC 0.666096568107605, avg_entr 0.32656264305114746, f1 0.6194000244140625
ep49_l0_test_time 0.5392034479999666
Test Epoch49 layer1 Acc 0.6018, AUC 0.6435480117797852, avg_entr 0.3794468641281128, f1 0.6018000245094299
ep49_l1_test_time 0.5481248239999559
Test Epoch49 layer2 Acc 0.6132, AUC 0.6541147232055664, avg_entr 0.3696417808532715, f1 0.6132000088691711
ep49_l2_test_time 0.5593241349999971
Test Epoch49 layer3 Acc 0.6122, AUC 0.6499813795089722, avg_entr 0.3601192235946655, f1 0.6122000217437744
ep49_l3_test_time 0.5674783359999651
Test Epoch49 layer4 Acc 0.6138, AUC 0.6506882905960083, avg_entr 0.356599897146225, f1 0.6137999892234802
ep49_l4_test_time 0.5780050900000333
Best AUC tensor(0.6212) 45 0
train_as_loss [[8.98695574e+01 6.04515626e+01 5.24530665e+01 5.06062950e+01
  4.99649178e+01 4.96731102e+01 4.95168047e+01 4.94235830e+01
  4.93636232e+01 4.93228341e+01 4.92938651e+01 4.92725768e+01
  4.92564990e+01 4.92440717e+01 4.92342861e+01 4.92264513e+01
  4.92200911e+01 4.92148668e+01 4.92105301e+01 4.92068966e+01
  4.92038267e+01 4.92012134e+01 4.91989768e+01 4.91970516e+01
  4.91953849e+01 4.91939343e+01 4.91926666e+01 4.91915551e+01
  4.91905764e+01 4.91897127e+01 4.91889483e+01 4.91882696e+01
  4.91876653e+01 4.91871272e+01 4.91866443e+01 4.91862136e+01
  4.91858286e+01 4.91854797e+01 4.91851664e+01 4.91849518e+01
  4.91848135e+01 4.91846768e+01 4.91845434e+01 4.91844435e+01
  4.91843799e+01 4.91843088e+01 4.91842374e+01 4.91841968e+01
  4.91841477e+01 4.91840995e+01]
 [2.62940510e+00 5.25930354e-04 2.26838004e-05 5.11485247e-06
  1.98433064e-06 8.96643746e-07 4.77237243e-07 2.85983504e-07
  1.74384653e-07 1.13199538e-07 7.86136473e-08 5.17754123e-08
  3.73350347e-08 2.87828091e-08 1.98364360e-08 1.57806867e-08
  1.24645671e-08 3.85716390e-08 2.63333313e-08 2.04141046e-08
  1.60295329e-08 5.29813932e-08 3.83743358e-08 3.20947967e-08
  2.47328598e-08 8.24971543e-08 6.29052707e-08 5.08036923e-08
  4.19689244e-08 1.44181194e-07 1.12921328e-07 9.20618333e-08
  7.51365284e-08 2.53658489e-07 2.05176545e-07 1.71839483e-07
  1.42821414e-07 4.72638908e-07 3.91334425e-07 8.97940844e-08
  7.83414973e-08 2.71587140e-07 2.55444033e-07 6.55324504e-08
  5.62346741e-08 1.94525216e-07 1.99892050e-07 5.70363060e-08
  4.58351166e-08 1.53445008e-07]
 [1.79549787e+00 2.06638943e-04 1.12359237e-05 2.69361287e-06
  1.17232553e-06 5.04751572e-07 2.78960941e-07 1.72136455e-07
  1.08777095e-07 6.89465706e-08 7.42780603e-08 1.00412878e-07
  9.35925435e-08 1.72896006e-07 1.67003259e-07 1.29571775e-07
  1.64670536e-07 2.90566565e-08 1.65496241e-08 1.26882630e-08
  9.97353231e-09 3.44133242e-08 2.25398095e-08 2.00157894e-08
  1.49182375e-08 4.84070315e-08 3.60568610e-08 2.84298007e-08
  2.45327381e-08 8.32949326e-08 6.48150876e-08 5.21519530e-08
  4.20034100e-08 1.42319865e-07 1.13118913e-07 9.52436828e-08
  7.91590577e-08 2.61266293e-07 2.13324645e-07 5.19784121e-08
  4.26952494e-08 3.85190608e-08 3.48061353e-08 9.19656305e-09
  7.74153753e-09 2.85798764e-08 2.68728258e-08 7.40592658e-09
  6.23074413e-09 6.10626139e-09]
 [2.28077558e+00 1.28446264e-03 2.32503886e-05 6.38661805e-06
  2.88993260e-06 1.26276859e-06 7.06266924e-07 4.47215319e-07
  2.75562633e-07 1.84171922e-07 1.41150408e-07 9.23135240e-08
  6.40204397e-08 6.35874552e-08 4.37214288e-08 3.80292969e-08
  4.36976706e-08 3.76842943e-08 1.63136508e-07 3.67199935e-08
  2.74906821e-08 3.51473008e-08 1.89195388e-08 1.99673933e-08
  4.07371493e-08 3.64324483e-08 2.74889848e-08 2.02017980e-08
  1.92753543e-08 2.06986654e-08 1.61250575e-08 3.85376486e-08
  2.80710366e-08 2.72526589e-08 2.05462435e-08 1.88710170e-08
  1.45562944e-08 1.33782296e-08 9.76730891e-09 1.11677624e-08
  7.04601099e-09 6.51923651e-09 5.66302373e-09 2.33523474e-09
  1.23458555e-09 1.39784887e-09 4.34291787e-09 1.41930278e-09
  9.78914663e-10 1.01198247e-09]
 [2.38522877e+00 2.34492112e-03 2.38710899e-05 6.44954435e-06
  3.25608867e-06 1.22836830e-06 7.34147118e-07 5.07196871e-07
  3.16192735e-07 2.24743275e-07 2.07596233e-07 1.36298723e-07
  8.98940908e-08 1.20684220e-07 8.73507472e-08 7.39494412e-08
  9.47243461e-08 1.21514719e-07 7.24007495e-08 4.75405199e-08
  3.76934245e-08 8.27252612e-08 3.08172181e-08 4.28051455e-08
  2.96744456e-08 3.39408938e-08 2.19117139e-08 1.41809394e-08
  1.47064694e-08 1.74592545e-08 1.27849373e-08 2.03872390e-08
  1.16020566e-08 1.49413157e-08 9.92650028e-09 1.18700138e-08
  8.15325518e-09 7.32073552e-09 3.77451398e-09 6.27696995e-09
  2.63376816e-09 2.99721363e-09 1.93979167e-09 3.73428831e-09
  1.16414069e-09 1.50055648e-09 1.23773799e-09 7.18681302e-10
  2.97337807e-10 9.97137220e-10]]
train_ae_loss [[ 5.21573361  4.03121096  5.23559594  6.1003598   6.74663142  7.24614459
   7.58724022  7.85368382  8.17634529  8.3981191   8.62553786  8.86518295
   9.11473446  9.31518909  9.45593758  9.76507176  9.88534819 10.14841357
  10.27033718 10.32487021 10.61887603 10.63350889 10.85706738 10.9658472
  11.27404965 11.39374008 11.37661535 11.59178623 11.75213534 11.78644608
  11.91708809 11.98739672 12.12316926 12.31789075 12.35253093 12.46562751
  12.66729905 12.87635928 12.90057786 12.87219044 12.91204108 12.96956769
  13.0685009  13.05300722 13.07416218 13.12198028 13.12966022 13.14782587
  13.16934422 13.18932256]
 [ 4.83040758  3.729862    4.90891056  5.73454016  6.35730422  6.85151313
   7.17668669  7.44825002  7.77633315  7.95268263  8.14703483  8.39207479
   8.55411151  8.78751912  8.91433368  9.13003672  9.29025985  9.37372162
   9.53139634  9.74004792  9.8216153   9.9838734  10.09446791 10.20110439
  10.35137642 10.44428661 10.55940831 10.66721445 10.79792219 10.90615663
  11.02245518 11.1122015  11.21508492 11.32935777 11.42977508 11.52841118
  11.63715153 11.73892184 11.83480766 11.90990425 11.95308854 11.99984884
  12.05548581 12.10678774 12.13016806 12.1617785  12.19053753 12.21749636
  12.23080276 12.25316446]
 [ 4.3574086   3.66931022  4.94967099  5.80457819  6.44029858  6.89590805
   7.23726683  7.50241625  7.77716261  7.97830687  8.16282253  8.39408087
   8.51628565  8.71686917  8.8670953   9.03336162  9.20352899  9.25762503
   9.38885884  9.51493608  9.64445245  9.73319406  9.8537458   9.94651891
  10.06578838 10.15763323 10.24738181 10.34438484 10.44607018 10.53353849
  10.6323723  10.7131134  10.80483816 10.8917539  10.97711699 11.05995677
  11.15254605 11.23063636 11.31379475 11.37527033 11.41203108 11.45510767
  11.50089315 11.53877214 11.5605163  11.58711587 11.60697416 11.62469895
  11.63801061 11.66122257]
 [ 3.29056387  3.05349546  4.20026205  4.95644438  5.5167001   5.93530188
   6.24924197  6.47531665  6.68427908  6.84275231  7.00237798  7.15422556
   7.28028687  7.44582094  7.59879785  7.68189813  7.81011125  7.92506017
   8.01611774  8.06161764  8.14587235  8.28944886  8.35905909  8.45384334
   8.48893541  8.56725567  8.64504195  8.70622689  8.79067285  8.87429126
   8.95641253  8.99181285  9.05844526  9.13185535  9.1959647   9.26941676
   9.32444936  9.39506877  9.45201674  9.4960993   9.51781567  9.54904614
   9.58499838  9.62109682  9.63035392  9.65414575  9.66043869  9.68073052
   9.68810556  9.70569191]
 [ 2.67162087  3.00887266  4.25510097  5.06840919  5.65016805  6.08977389
   6.43357872  6.65084621  6.84783683  7.00385702  7.153257    7.29122666
   7.41859479  7.57816652  7.71034653  7.77771403  7.9135536   7.99402381
   8.03971935  8.10768578  8.18796745  8.32570731  8.37130042  8.48013909
   8.51392463  8.58567903  8.65705601  8.69726866  8.78410976  8.88071917
   8.92650513  8.93466251  8.99211076  9.06292615  9.1119847   9.17473298
   9.22121935  9.28276186  9.31865733  9.35757016  9.37285845  9.40098831
   9.42826814  9.4520647   9.46107548  9.48010367  9.48899294  9.50611833
   9.51320692  9.52700326]]
valid_acc (5, 50)
valid_AUC (5, 50)
train_acc (50,)
total_train+valid_time 437.41363160000003
Start Testing
Load ckpt at ckpt/imdb_linearalside_l5_256_sidead//imdb_linearalside_l5_side.pt
gc 10
Test layer0 Acc 0.6182, AUC 0.6624807119369507, avg_entr 0.33859193325042725, f1 0.6182000041007996
l0_test_time 0.5376629560000197
gc 0
Test layer1 Acc 0.6056, AUC 0.648729681968689, avg_entr 0.3806042969226837, f1 0.6055999994277954
l1_test_time 0.5430600830000003
gc 0
Test layer2 Acc 0.6076, AUC 0.6491109132766724, avg_entr 0.3745918571949005, f1 0.6075999736785889
l2_test_time 0.5614298500000245
gc 0
Test layer3 Acc 0.6098, AUC 0.6495324969291687, avg_entr 0.36050355434417725, f1 0.6097999811172485
l3_test_time 0.5736353799999847
gc 0
Test layer4 Acc 0.6066, AUC 0.6457540988922119, avg_entr 0.3557330369949341, f1 0.6065999865531921
l4_test_time 0.5816576199999872
gc 0
Test threshold 0.1 Acc 0.6308, AUC 0.6767123937606812, avg_entr 0.41240566968917847, f1 0.6308000087738037
t0.1_test_time 0.6522675090000121
gc 0
Test threshold 0.2 Acc 0.6386, AUC 0.6844251155853271, avg_entr 0.3613399565219879, f1 0.6385999917984009
t0.2_test_time 0.6354780969999752
gc 0
Test threshold 0.3 Acc 0.643, AUC 0.6850981712341309, avg_entr 0.3335966169834137, f1 0.6430000066757202
t0.3_test_time 0.624922880999975
gc 0
Test threshold 0.4 Acc 0.6438, AUC 0.6840651035308838, avg_entr 0.32257553935050964, f1 0.6438000202178955
t0.4_test_time 0.6196347720000404
gc 0
Test threshold 0.5 Acc 0.6412, AUC 0.6804284453392029, avg_entr 0.32248207926750183, f1 0.6412000060081482
t0.5_test_time 0.6117929760000038
gc 0
Test threshold 0.6 Acc 0.642, AUC 0.6815714836120605, avg_entr 0.3330758512020111, f1 0.6420000195503235
t0.6_test_time 0.6030872649999992
gc 0
Test threshold 0.7 Acc 0.64, AUC 0.6768653988838196, avg_entr 0.3495062291622162, f1 0.6399999856948853
t0.7_test_time 0.5967071960000112
gc 0
Test threshold 0.8 Acc 0.6336, AUC 0.6724350452423096, avg_entr 0.37226954102516174, f1 0.6335999965667725
t0.8_test_time 0.5931876089999832
gc 0
Test threshold 0.9 Acc 0.6312, AUC 0.6714422106742859, avg_entr 0.40609434247016907, f1 0.6312000155448914
t0.9_test_time 0.5889144099999726
