total count words 887880
vocab size 30000
found 28354 words in glove
Load ckpt from ./ckpt/mask3//dbpedia_14/dbpedia_14_transformeral_l5_m3_prefix.pt
Start Training
gc 9
[[4.44061607e+03 8.52936377e+01]
 [8.20714621e-03            nan]
 [1.65262441e-02            nan]
 [5.68816322e+00            nan]
 [9.79200078e+02            nan]]
Train Epoch0 Acc 0.07142857142857142 (40000/560000), AUC 0.5000000596046448
Test Epoch0 layer0 Acc 0.9739428571428571, AUC 0.9982823133468628
Save ckpt to ./ckpt/mask4//dbpedia_14/dbpedia_14_transformeral_l5_m4_prefix.pt  ,ep 0
Test Epoch0 layer1 Acc 0.07142857142857142, AUC 0.5
Test Epoch0 layer2 Acc 0.07142857142857142, AUC 0.5
Test Epoch0 layer3 Acc 0.07142857142857142, AUC 0.5
Test Epoch0 layer4 Acc 0.07142857142857142, AUC 0.5
gc 0
[[4.44061607e+03 8.52453981e+01]
 [5.79966295e-03            nan]
 [1.08292304e-02            nan]
 [1.87482685e-02            nan]
 [9.40801069e+02            nan]]
Train Epoch1 Acc 0.07142857142857142 (40000/560000), AUC 0.5000000596046448
Test Epoch1 layer0 Acc 0.9742, AUC 0.9982660412788391
Test Epoch1 layer1 Acc 0.07142857142857142, AUC 0.5
Test Epoch1 layer2 Acc 0.07142857142857142, AUC 0.5
Test Epoch1 layer3 Acc 0.07142857142857142, AUC 0.5
Test Epoch1 layer4 Acc 0.07142857142857142, AUC 0.5
gc 0
[[4.44061607e+03 8.52006794e+01]
 [6.29299843e-03            nan]
 [1.17865927e-02            nan]
 [2.34888547e-02            nan]
 [8.70189007e+02            nan]]
Train Epoch2 Acc 0.07142857142857142 (40000/560000), AUC 0.5
Test Epoch2 layer0 Acc 0.9738142857142857, AUC 0.9983115196228027
Save ckpt to ./ckpt/mask4//dbpedia_14/dbpedia_14_transformeral_l5_m4_prefix.pt  ,ep 2
Test Epoch2 layer1 Acc 0.07142857142857142, AUC 0.5
Test Epoch2 layer2 Acc 0.07142857142857142, AUC 0.5
Test Epoch2 layer3 Acc 0.07142857142857142, AUC 0.5
Test Epoch2 layer4 Acc 0.07142857142857142, AUC 0.5
gc 0
[[4.44061607e+03 8.51092535e+01]
 [6.22123315e-03            nan]
 [1.12364229e-02            nan]
 [2.08874441e-02            nan]
 [8.02327116e+02            nan]]
Train Epoch3 Acc 0.07142857142857142 (40000/560000), AUC 0.5
Test Epoch3 layer0 Acc 0.9735714285714285, AUC 0.9982830286026001
Test Epoch3 layer1 Acc 0.07142857142857142, AUC 0.5
Test Epoch3 layer2 Acc 0.07142857142857142, AUC 0.5
Test Epoch3 layer3 Acc 0.07142857142857142, AUC 0.5
Test Epoch3 layer4 Acc 0.07142857142857142, AUC 0.5
gc 0
[[4.44061607e+03 8.51121682e+01]
 [6.32375665e-03            nan]
 [1.12581095e-02            nan]
 [1.96655713e-02            nan]
 [7.40053623e+02            nan]]
Train Epoch4 Acc 0.07142857142857142 (40000/560000), AUC 0.5
Test Epoch4 layer0 Acc 0.9737142857142858, AUC 0.9982943534851074
Test Epoch4 layer1 Acc 0.07142857142857142, AUC 0.5
Test Epoch4 layer2 Acc 0.07142857142857142, AUC 0.5
Test Epoch4 layer3 Acc 0.07142857142857142, AUC 0.5
Test Epoch4 layer4 Acc 0.07142857142857142, AUC 0.5
gc 0
[[4.44061607e+03 8.37374400e+01]
 [1.09409329e-03            nan]
 [1.81286952e-03            nan]
 [3.14686078e-03            nan]
 [7.06559418e+02            nan]]
Train Epoch5 Acc 0.07142857142857142 (40000/560000), AUC 0.5
Test Epoch5 layer0 Acc 0.9739857142857142, AUC 0.9982884526252747
Test Epoch5 layer1 Acc 0.07142857142857142, AUC 0.5
Test Epoch5 layer2 Acc 0.07142857142857142, AUC 0.5
Test Epoch5 layer3 Acc 0.07142857142857142, AUC 0.5
Test Epoch5 layer4 Acc 0.07142857142857142, AUC 0.5
gc 0
[[4.44061607e+03 8.36453681e+01]
 [1.55774454e-03            nan]
 [2.77803459e-03            nan]
 [4.73225294e-03            nan]
 [6.93912980e+02            nan]]
Train Epoch6 Acc 0.07142857142857142 (40000/560000), AUC 0.4999999701976776
Test Epoch6 layer0 Acc 0.9739571428571429, AUC 0.9982856512069702
Test Epoch6 layer1 Acc 0.07142857142857142, AUC 0.5
Test Epoch6 layer2 Acc 0.07142857142857142, AUC 0.5
Test Epoch6 layer3 Acc 0.07142857142857142, AUC 0.5
Test Epoch6 layer4 Acc 0.07142857142857142, AUC 0.5
gc 0
[[4.44061607e+03 8.35444433e+01]
 [1.34980400e-03            nan]
 [2.37155256e-03            nan]
 [3.86274846e-03            nan]
 [6.81276305e+02            nan]]
Train Epoch7 Acc 0.07142857142857142 (40000/560000), AUC 0.5000000596046448
Test Epoch7 layer0 Acc 0.9739, AUC 0.9982848763465881
Test Epoch7 layer1 Acc 0.07142857142857142, AUC 0.5
Test Epoch7 layer2 Acc 0.07142857142857142, AUC 0.5
Test Epoch7 layer3 Acc 0.07142857142857142, AUC 0.5
Test Epoch7 layer4 Acc 0.07142857142857142, AUC 0.5
gc 0
[[4.44061607e+03 8.35663450e+01]
 [1.51112386e-03            nan]
 [2.62154555e-03            nan]
 [4.27429949e-03            nan]
 [6.69187373e+02            nan]]
Train Epoch8 Acc 0.07142857142857142 (40000/560000), AUC 0.4999999403953552
Test Epoch8 layer0 Acc 0.9737285714285714, AUC 0.9983126521110535
Save ckpt to ./ckpt/mask4//dbpedia_14/dbpedia_14_transformeral_l5_m4_prefix.pt  ,ep 8
Test Epoch8 layer1 Acc 0.07142857142857142, AUC 0.5
Test Epoch8 layer2 Acc 0.07142857142857142, AUC 0.5
Test Epoch8 layer3 Acc 0.07142857142857142, AUC 0.5
Test Epoch8 layer4 Acc 0.07142857142857142, AUC 0.5
gc 0
[[4.44061607e+03 8.28457369e+01]
 [2.51921001e-04            nan]
 [4.25699296e-04            nan]
 [6.77817246e-04            nan]
 [6.62329519e+02            nan]]
Train Epoch9 Acc 0.07142857142857142 (40000/560000), AUC 0.5
Test Epoch9 layer0 Acc 0.9737142857142858, AUC 0.9982997179031372
Test Epoch9 layer1 Acc 0.07142857142857142, AUC 0.5
Test Epoch9 layer2 Acc 0.07142857142857142, AUC 0.5
Test Epoch9 layer3 Acc 0.07142857142857142, AUC 0.5
Test Epoch9 layer4 Acc 0.07142857142857142, AUC 0.5
Best AUC 0.9983126521110535
train_loss (2, 5, 10)
valid_acc (5, 10)
valid_AUC (5, 10)
train_acc (10,)
Figure(640x480)
Figure(640x480)
Figure(640x480)
Figure(640x480)
Start Testing
Load ckpt at ./ckpt/mask4//dbpedia_14/dbpedia_14_transformeral_l5_m4_prefix.pt
[[4706   41   23   14   11   65   37    8    4    6    5   20   18   42]
 [  37 4901    2    1    7    0   30    6    3    2    1    0    4    6]
 [  38   12 4609   18   53    1   10    5    6    0    1   85   20  142]
 [   3    2   29 4950   12    0    1    1    0    0    0    0    0    2]
 [  10   20   80   11 4849    9    5    2    2    1    0    0    2    9]
 [  41    1    3    4    1 4937    5    3    1    1    0    0    1    2]
 [  64   49    2    3   11   17 4791   40    9    5    1    1    5    2]
 [   0    1    0    0    2    0   11 4966   15    3    1    0    0    1]
 [   1    4    2    0    3    0   10   13 4967    0    0    0    0    0]
 [   1    0    1    2    1    0    0    7    0 4954   33    0    0    1]
 [  12    1    0    0    0    0    2    5    0   33 4947    0    0    0]
 [   8    0   37    2    0    0    0    0    0    1    1 4925   14   12]
 [   9    2   22    7    2    2    1    3    0    2    0   22 4884   44]
 [  36    6   84    8   14    3    4   10    1    4    4    6   45 4775]]
Figure(640x480)
[[5000    0    0    0    0    0    0    0    0    0    0    0    0    0]
 [5000    0    0    0    0    0    0    0    0    0    0    0    0    0]
 [5000    0    0    0    0    0    0    0    0    0    0    0    0    0]
 [5000    0    0    0    0    0    0    0    0    0    0    0    0    0]
 [5000    0    0    0    0    0    0    0    0    0    0    0    0    0]
 [5000    0    0    0    0    0    0    0    0    0    0    0    0    0]
 [5000    0    0    0    0    0    0    0    0    0    0    0    0    0]
 [5000    0    0    0    0    0    0    0    0    0    0    0    0    0]
 [5000    0    0    0    0    0    0    0    0    0    0    0    0    0]
 [5000    0    0    0    0    0    0    0    0    0    0    0    0    0]
 [5000    0    0    0    0    0    0    0    0    0    0    0    0    0]
 [5000    0    0    0    0    0    0    0    0    0    0    0    0    0]
 [5000    0    0    0    0    0    0    0    0    0    0    0    0    0]
 [5000    0    0    0    0    0    0    0    0    0    0    0    0    0]]
Figure(640x480)
[[5000    0    0    0    0    0    0    0    0    0    0    0    0    0]
 [5000    0    0    0    0    0    0    0    0    0    0    0    0    0]
 [5000    0    0    0    0    0    0    0    0    0    0    0    0    0]
 [5000    0    0    0    0    0    0    0    0    0    0    0    0    0]
 [5000    0    0    0    0    0    0    0    0    0    0    0    0    0]
 [5000    0    0    0    0    0    0    0    0    0    0    0    0    0]
 [5000    0    0    0    0    0    0    0    0    0    0    0    0    0]
 [5000    0    0    0    0    0    0    0    0    0    0    0    0    0]
 [5000    0    0    0    0    0    0    0    0    0    0    0    0    0]
 [5000    0    0    0    0    0    0    0    0    0    0    0    0    0]
 [5000    0    0    0    0    0    0    0    0    0    0    0    0    0]
 [5000    0    0    0    0    0    0    0    0    0    0    0    0    0]
 [5000    0    0    0    0    0    0    0    0    0    0    0    0    0]
 [5000    0    0    0    0    0    0    0    0    0    0    0    0    0]]
Figure(640x480)
[[5000    0    0    0    0    0    0    0    0    0    0    0    0    0]
 [5000    0    0    0    0    0    0    0    0    0    0    0    0    0]
 [5000    0    0    0    0    0    0    0    0    0    0    0    0    0]
 [5000    0    0    0    0    0    0    0    0    0    0    0    0    0]
 [5000    0    0    0    0    0    0    0    0    0    0    0    0    0]
 [5000    0    0    0    0    0    0    0    0    0    0    0    0    0]
 [5000    0    0    0    0    0    0    0    0    0    0    0    0    0]
 [5000    0    0    0    0    0    0    0    0    0    0    0    0    0]
 [5000    0    0    0    0    0    0    0    0    0    0    0    0    0]
 [5000    0    0    0    0    0    0    0    0    0    0    0    0    0]
 [5000    0    0    0    0    0    0    0    0    0    0    0    0    0]
 [5000    0    0    0    0    0    0    0    0    0    0    0    0    0]
 [5000    0    0    0    0    0    0    0    0    0    0    0    0    0]
 [5000    0    0    0    0    0    0    0    0    0    0    0    0    0]]
Figure(640x480)
[[5000    0    0    0    0    0    0    0    0    0    0    0    0    0]
 [5000    0    0    0    0    0    0    0    0    0    0    0    0    0]
 [5000    0    0    0    0    0    0    0    0    0    0    0    0    0]
 [5000    0    0    0    0    0    0    0    0    0    0    0    0    0]
 [5000    0    0    0    0    0    0    0    0    0    0    0    0    0]
 [5000    0    0    0    0    0    0    0    0    0    0    0    0    0]
 [5000    0    0    0    0    0    0    0    0    0    0    0    0    0]
 [5000    0    0    0    0    0    0    0    0    0    0    0    0    0]
 [5000    0    0    0    0    0    0    0    0    0    0    0    0    0]
 [5000    0    0    0    0    0    0    0    0    0    0    0    0    0]
 [5000    0    0    0    0    0    0    0    0    0    0    0    0    0]
 [5000    0    0    0    0    0    0    0    0    0    0    0    0    0]
 [5000    0    0    0    0    0    0    0    0    0    0    0    0    0]
 [5000    0    0    0    0    0    0    0    0    0    0    0    0    0]]
Figure(640x480)
