total count words 222751
vocab size 30000
train size 40000, valid size 5000, test size 5000
found 27937 words in glove
model: LSTMModelML(
  (layers): ModuleList(
    (0): EMBLayer(
      (enc): ENC(
        (b): Sequential(
          (0): Linear(in_features=300, out_features=128, bias=True)
          (1): Tanh()
        )
        (f): Embedding(30000, 300)
        (cri): MSELoss()
      )
      (ae): AE(
        (g): Sequential(
          (0): Linear(in_features=2, out_features=128, bias=True)
          (1): Tanh()
        )
        (h): Sequential(
          (0): Linear(in_features=128, out_features=2, bias=True)
          (1): Sigmoid()
        )
        (cri): CrossEntropyLoss()
      )
    )
    (1): LSTMLayer(
      (enc): ENC(
        (b): Sequential(
          (0): Linear(in_features=300, out_features=128, bias=True)
          (1): Tanh()
        )
        (f): LSTM(300, 300, batch_first=True, bidirectional=True)
        (cri): MSELoss()
      )
      (ae): AE(
        (g): Sequential(
          (0): Linear(in_features=128, out_features=128, bias=True)
          (1): Tanh()
        )
        (h): Sequential(
          (0): Linear(in_features=128, out_features=128, bias=True)
        )
        (cri): MSELoss()
      )
    )
    (2): LSTMLayer(
      (enc): ENC(
        (b): Sequential(
          (0): Linear(in_features=300, out_features=128, bias=True)
          (1): Tanh()
        )
        (f): LSTM(600, 300, batch_first=True, bidirectional=True)
        (cri): MSELoss()
      )
      (ae): AE(
        (g): Sequential(
          (0): Linear(in_features=128, out_features=128, bias=True)
          (1): Tanh()
        )
        (h): Sequential(
          (0): Linear(in_features=128, out_features=128, bias=True)
        )
        (cri): MSELoss()
      )
    )
    (3): LSTMLayer(
      (enc): ENC(
        (b): Sequential(
          (0): Linear(in_features=300, out_features=128, bias=True)
          (1): Tanh()
        )
        (f): LSTM(600, 300, batch_first=True, bidirectional=True)
        (cri): MSELoss()
      )
      (ae): AE(
        (g): Sequential(
          (0): Linear(in_features=128, out_features=128, bias=True)
          (1): Tanh()
        )
        (h): Sequential(
          (0): Linear(in_features=128, out_features=128, bias=True)
        )
        (cri): MSELoss()
      )
    )
    (4): LSTMLayer(
      (enc): ENC(
        (b): Sequential(
          (0): Linear(in_features=300, out_features=128, bias=True)
          (1): Tanh()
        )
        (f): LSTM(600, 300, batch_first=True, bidirectional=True)
        (cri): MSELoss()
      )
      (ae): AE(
        (g): Sequential(
          (0): Linear(in_features=128, out_features=128, bias=True)
          (1): Tanh()
        )
        (h): Sequential(
          (0): Linear(in_features=128, out_features=128, bias=True)
        )
        (cri): MSELoss()
      )
    )
  )
)
layers.0.enc.b.0.weight 38400
layers.0.enc.b.0.bias 128
layers.0.enc.f.weight 9000000
layers.0.ae.g.0.weight 256
layers.0.ae.g.0.bias 128
layers.0.ae.h.0.weight 256
layers.0.ae.h.0.bias 2
layers.1.enc.b.0.weight 38400
layers.1.enc.b.0.bias 128
layers.1.enc.f.weight_ih_l0 360000
layers.1.enc.f.weight_hh_l0 360000
layers.1.enc.f.bias_ih_l0 1200
layers.1.enc.f.bias_hh_l0 1200
layers.1.enc.f.weight_ih_l0_reverse 360000
layers.1.enc.f.weight_hh_l0_reverse 360000
layers.1.enc.f.bias_ih_l0_reverse 1200
layers.1.enc.f.bias_hh_l0_reverse 1200
layers.1.ae.g.0.weight 16384
layers.1.ae.g.0.bias 128
layers.1.ae.h.0.weight 16384
layers.1.ae.h.0.bias 128
layers.2.enc.b.0.weight 38400
layers.2.enc.b.0.bias 128
layers.2.enc.f.weight_ih_l0 720000
layers.2.enc.f.weight_hh_l0 360000
layers.2.enc.f.bias_ih_l0 1200
layers.2.enc.f.bias_hh_l0 1200
layers.2.enc.f.weight_ih_l0_reverse 720000
layers.2.enc.f.weight_hh_l0_reverse 360000
layers.2.enc.f.bias_ih_l0_reverse 1200
layers.2.enc.f.bias_hh_l0_reverse 1200
layers.2.ae.g.0.weight 16384
layers.2.ae.g.0.bias 128
layers.2.ae.h.0.weight 16384
layers.2.ae.h.0.bias 128
layers.3.enc.b.0.weight 38400
layers.3.enc.b.0.bias 128
layers.3.enc.f.weight_ih_l0 720000
layers.3.enc.f.weight_hh_l0 360000
layers.3.enc.f.bias_ih_l0 1200
layers.3.enc.f.bias_hh_l0 1200
layers.3.enc.f.weight_ih_l0_reverse 720000
layers.3.enc.f.weight_hh_l0_reverse 360000
layers.3.enc.f.bias_ih_l0_reverse 1200
layers.3.enc.f.bias_hh_l0_reverse 1200
layers.3.ae.g.0.weight 16384
layers.3.ae.g.0.bias 128
layers.3.ae.h.0.weight 16384
layers.3.ae.h.0.bias 128
layers.4.enc.b.0.weight 38400
layers.4.enc.b.0.bias 128
layers.4.enc.f.weight_ih_l0 720000
layers.4.enc.f.weight_hh_l0 360000
layers.4.enc.f.bias_ih_l0 1200
layers.4.enc.f.bias_hh_l0 1200
layers.4.enc.f.weight_ih_l0_reverse 720000
layers.4.enc.f.weight_hh_l0_reverse 360000
layers.4.enc.f.bias_ih_l0_reverse 1200
layers.4.enc.f.bias_hh_l0_reverse 1200
layers.4.ae.g.0.weight 16384
layers.4.ae.g.0.bias 128
layers.4.ae.h.0.weight 16384
layers.4.ae.h.0.bias 128
Total Trainable Params: 17264578
init_time 22.089359283447266
Start Training
gc 0
Train Epoch0 Acc 0.5055 (20220/40000), AUC 0.5091803073883057
ep0_train_time 48.68100953102112
Test Epoch0 layer0 Acc 0.8292, AUC 0.9106118083000183, avg_entr 0.4890619218349457
ep0_l0_test_time 0.35570216178894043
Save ckpt to ckpt/imdb_lstmal_l5_pad300//imdb_lstmal_l5.pt  ,ep 0
Test Epoch0 layer1 Acc 0.6124, AUC 0.6632285118103027, avg_entr 0.6655590534210205
ep0_l1_test_time 0.653578519821167
Test Epoch0 layer2 Acc 0.6906, AUC 0.7555577754974365, avg_entr 0.6631588935852051
ep0_l2_test_time 1.0240991115570068
Test Epoch0 layer3 Acc 0.7028, AUC 0.7696335911750793, avg_entr 0.6749079823493958
ep0_l3_test_time 1.39363431930542
Test Epoch0 layer4 Acc 0.5476, AUC 0.7578731775283813, avg_entr 0.684921383857727
ep0_l4_test_time 1.7698726654052734
gc 0
Train Epoch1 Acc 0.811825 (32473/40000), AUC 0.8739356994628906
ep1_train_time 48.81301951408386
Test Epoch1 layer0 Acc 0.8832, AUC 0.9487869143486023, avg_entr 0.2586292624473572
ep1_l0_test_time 0.3577897548675537
Save ckpt to ckpt/imdb_lstmal_l5_pad300//imdb_lstmal_l5.pt  ,ep 1
Test Epoch1 layer1 Acc 0.8486, AUC 0.9125598669052124, avg_entr 0.13223743438720703
ep1_l1_test_time 0.6587495803833008
Test Epoch1 layer2 Acc 0.848, AUC 0.914644718170166, avg_entr 0.1206427738070488
ep1_l2_test_time 1.017066478729248
Test Epoch1 layer3 Acc 0.8476, AUC 0.9150407314300537, avg_entr 0.12041547894477844
ep1_l3_test_time 1.378230094909668
Test Epoch1 layer4 Acc 0.8468, AUC 0.9140290021896362, avg_entr 0.14165367186069489
ep1_l4_test_time 1.7483634948730469
gc 0
Train Epoch2 Acc 0.888325 (35533/40000), AUC 0.9450846910476685
ep2_train_time 48.93536925315857
Test Epoch2 layer0 Acc 0.8922, AUC 0.9553813934326172, avg_entr 0.20785634219646454
ep2_l0_test_time 0.3548438549041748
Save ckpt to ckpt/imdb_lstmal_l5_pad300//imdb_lstmal_l5.pt  ,ep 2
Test Epoch2 layer1 Acc 0.6114, AUC 0.8816336989402771, avg_entr 0.15781553089618683
ep2_l1_test_time 0.6538796424865723
Test Epoch2 layer2 Acc 0.6922, AUC 0.9075456857681274, avg_entr 0.2187357395887375
ep2_l2_test_time 1.0219824314117432
Test Epoch2 layer3 Acc 0.7226, AUC 0.9074106216430664, avg_entr 0.2486659437417984
ep2_l3_test_time 1.379390001296997
Test Epoch2 layer4 Acc 0.7526, AUC 0.9054646492004395, avg_entr 0.32230716943740845
ep2_l4_test_time 1.754939079284668
gc 0
Train Epoch3 Acc 0.897375 (35895/40000), AUC 0.9548482298851013
ep3_train_time 48.959392070770264
Test Epoch3 layer0 Acc 0.881, AUC 0.9550201296806335, avg_entr 0.17724844813346863
ep3_l0_test_time 0.35976243019104004
Test Epoch3 layer1 Acc 0.8808, AUC 0.9436609745025635, avg_entr 0.0669671893119812
ep3_l1_test_time 0.6556563377380371
Test Epoch3 layer2 Acc 0.8796, AUC 0.9430612325668335, avg_entr 0.0536220408976078
ep3_l2_test_time 1.0213959217071533
Test Epoch3 layer3 Acc 0.88, AUC 0.9434702396392822, avg_entr 0.05048874393105507
ep3_l3_test_time 1.3883111476898193
Test Epoch3 layer4 Acc 0.8798, AUC 0.9433983564376831, avg_entr 0.05559416487812996
ep3_l4_test_time 1.7625527381896973
gc 0
Train Epoch4 Acc 0.93715 (37486/40000), AUC 0.977830171585083
ep4_train_time 48.9279510974884
Test Epoch4 layer0 Acc 0.8874, AUC 0.9550731182098389, avg_entr 0.1625838428735733
ep4_l0_test_time 0.36141371726989746
Test Epoch4 layer1 Acc 0.88, AUC 0.9446821212768555, avg_entr 0.05167170241475105
ep4_l1_test_time 0.6533071994781494
Test Epoch4 layer2 Acc 0.8782, AUC 0.9443126320838928, avg_entr 0.043602656573057175
ep4_l2_test_time 1.0224816799163818
Test Epoch4 layer3 Acc 0.8772, AUC 0.9444712996482849, avg_entr 0.043045103549957275
ep4_l3_test_time 1.3966264724731445
Test Epoch4 layer4 Acc 0.877, AUC 0.94424968957901, avg_entr 0.049565114080905914
ep4_l4_test_time 1.7591958045959473
gc 0
Train Epoch5 Acc 0.949175 (37967/40000), AUC 0.984045147895813
ep5_train_time 48.94666790962219
Test Epoch5 layer0 Acc 0.8896, AUC 0.9528001546859741, avg_entr 0.1533532738685608
ep5_l0_test_time 0.36064577102661133
Test Epoch5 layer1 Acc 0.8756, AUC 0.9411265850067139, avg_entr 0.05566732957959175
ep5_l1_test_time 0.6572299003601074
Test Epoch5 layer2 Acc 0.8758, AUC 0.9413390159606934, avg_entr 0.04315938800573349
ep5_l2_test_time 1.0380902290344238
Test Epoch5 layer3 Acc 0.875, AUC 0.9419317841529846, avg_entr 0.040976278483867645
ep5_l3_test_time 1.4087555408477783
Test Epoch5 layer4 Acc 0.8748, AUC 0.9414534568786621, avg_entr 0.044802531599998474
ep5_l4_test_time 1.7850167751312256
gc 0
Train Epoch6 Acc 0.954125 (38165/40000), AUC 0.9875006079673767
ep6_train_time 48.92099189758301
Test Epoch6 layer0 Acc 0.883, AUC 0.9510133266448975, avg_entr 0.1435118168592453
ep6_l0_test_time 0.3568766117095947
Test Epoch6 layer1 Acc 0.8734, AUC 0.9389197826385498, avg_entr 0.045829493552446365
ep6_l1_test_time 0.6547589302062988
Test Epoch6 layer2 Acc 0.8736, AUC 0.939044177532196, avg_entr 0.03769094869494438
ep6_l2_test_time 1.0203936100006104
Test Epoch6 layer3 Acc 0.8718, AUC 0.9396055936813354, avg_entr 0.035403959453105927
ep6_l3_test_time 1.3801043033599854
Test Epoch6 layer4 Acc 0.8706, AUC 0.9392696619033813, avg_entr 0.037485670298337936
ep6_l4_test_time 1.761017084121704
gc 0
Train Epoch7 Acc 0.961825 (38473/40000), AUC 0.9908962845802307
ep7_train_time 48.95112204551697
Test Epoch7 layer0 Acc 0.8848, AUC 0.9493646025657654, avg_entr 0.14169298112392426
ep7_l0_test_time 0.35692858695983887
Test Epoch7 layer1 Acc 0.8736, AUC 0.9351412653923035, avg_entr 0.040643177926540375
ep7_l1_test_time 0.6591928005218506
Test Epoch7 layer2 Acc 0.8728, AUC 0.9354108572006226, avg_entr 0.029956206679344177
ep7_l2_test_time 1.023427963256836
Test Epoch7 layer3 Acc 0.8722, AUC 0.9362443685531616, avg_entr 0.027342822402715683
ep7_l3_test_time 1.3905458450317383
Test Epoch7 layer4 Acc 0.872, AUC 0.9355913400650024, avg_entr 0.028762957081198692
ep7_l4_test_time 1.7647888660430908
gc 0
Train Epoch8 Acc 0.96485 (38594/40000), AUC 0.9924347400665283
ep8_train_time 48.92752146720886
Test Epoch8 layer0 Acc 0.883, AUC 0.9479790925979614, avg_entr 0.13606150448322296
ep8_l0_test_time 0.3570706844329834
Test Epoch8 layer1 Acc 0.8706, AUC 0.9375103712081909, avg_entr 0.048558712005615234
ep8_l1_test_time 0.6525413990020752
Test Epoch8 layer2 Acc 0.8724, AUC 0.9376477003097534, avg_entr 0.037980347871780396
ep8_l2_test_time 1.0153923034667969
Test Epoch8 layer3 Acc 0.8714, AUC 0.9381796717643738, avg_entr 0.035293202847242355
ep8_l3_test_time 1.3890471458435059
Test Epoch8 layer4 Acc 0.8712, AUC 0.9378056526184082, avg_entr 0.03724147751927376
ep8_l4_test_time 1.7589020729064941
gc 0
Train Epoch9 Acc 0.9686 (38744/40000), AUC 0.9941281676292419
ep9_train_time 48.930227756500244
Test Epoch9 layer0 Acc 0.8814, AUC 0.946746826171875, avg_entr 0.1343415379524231
ep9_l0_test_time 0.35480499267578125
Test Epoch9 layer1 Acc 0.8704, AUC 0.9336859583854675, avg_entr 0.04150353744626045
ep9_l1_test_time 0.6524033546447754
Test Epoch9 layer2 Acc 0.8698, AUC 0.9340072274208069, avg_entr 0.030919738113880157
ep9_l2_test_time 1.0220527648925781
Test Epoch9 layer3 Acc 0.8698, AUC 0.9346404075622559, avg_entr 0.028710830956697464
ep9_l3_test_time 1.3847157955169678
Test Epoch9 layer4 Acc 0.8702, AUC 0.9340869188308716, avg_entr 0.030693640932440758
ep9_l4_test_time 1.7558493614196777
gc 0
Train Epoch10 Acc 0.9704 (38816/40000), AUC 0.9944478273391724
ep10_train_time 48.91504192352295
Test Epoch10 layer0 Acc 0.8782, AUC 0.9452391862869263, avg_entr 0.13033658266067505
ep10_l0_test_time 0.3582131862640381
Test Epoch10 layer1 Acc 0.8664, AUC 0.9328091144561768, avg_entr 0.04076655954122543
ep10_l1_test_time 0.6514072418212891
Test Epoch10 layer2 Acc 0.8674, AUC 0.9331362247467041, avg_entr 0.029806524515151978
ep10_l2_test_time 1.0257747173309326
Test Epoch10 layer3 Acc 0.8682, AUC 0.9336175322532654, avg_entr 0.02746247872710228
ep10_l3_test_time 1.3929085731506348
Test Epoch10 layer4 Acc 0.8674, AUC 0.9332402348518372, avg_entr 0.028524551540613174
ep10_l4_test_time 1.7798526287078857
gc 0
Train Epoch11 Acc 0.9728 (38912/40000), AUC 0.9950306415557861
ep11_train_time 48.982927322387695
Test Epoch11 layer0 Acc 0.8778, AUC 0.944494366645813, avg_entr 0.12860643863677979
ep11_l0_test_time 0.3556501865386963
Test Epoch11 layer1 Acc 0.8642, AUC 0.930668830871582, avg_entr 0.0376892127096653
ep11_l1_test_time 0.6550149917602539
Test Epoch11 layer2 Acc 0.8644, AUC 0.9314192533493042, avg_entr 0.02726714126765728
ep11_l2_test_time 1.0185248851776123
Test Epoch11 layer3 Acc 0.8636, AUC 0.9320932626724243, avg_entr 0.02510097250342369
ep11_l3_test_time 1.3813676834106445
Test Epoch11 layer4 Acc 0.8628, AUC 0.9313430786132812, avg_entr 0.026780419051647186
ep11_l4_test_time 1.7559552192687988
gc 0
Train Epoch12 Acc 0.973425 (38937/40000), AUC 0.9954967498779297
ep12_train_time 48.99106550216675
Test Epoch12 layer0 Acc 0.877, AUC 0.943520188331604, avg_entr 0.1277434378862381
ep12_l0_test_time 0.35205841064453125
Test Epoch12 layer1 Acc 0.8666, AUC 0.9316579103469849, avg_entr 0.038183704018592834
ep12_l1_test_time 0.657844066619873
Test Epoch12 layer2 Acc 0.867, AUC 0.9322316646575928, avg_entr 0.027483893558382988
ep12_l2_test_time 1.0227906703948975
Test Epoch12 layer3 Acc 0.866, AUC 0.9327185153961182, avg_entr 0.02576139196753502
ep12_l3_test_time 1.378549575805664
Test Epoch12 layer4 Acc 0.8656, AUC 0.9320749044418335, avg_entr 0.028222311288118362
ep12_l4_test_time 1.7549395561218262
gc 0
Train Epoch13 Acc 0.975325 (39013/40000), AUC 0.9957790374755859
ep13_train_time 48.943259477615356
Test Epoch13 layer0 Acc 0.8772, AUC 0.9427800178527832, avg_entr 0.12432025372982025
ep13_l0_test_time 0.3582782745361328
Test Epoch13 layer1 Acc 0.8662, AUC 0.9296561479568481, avg_entr 0.036922093480825424
ep13_l1_test_time 0.6482081413269043
Test Epoch13 layer2 Acc 0.8672, AUC 0.9302290081977844, avg_entr 0.02784360945224762
ep13_l2_test_time 1.0126581192016602
Test Epoch13 layer3 Acc 0.8668, AUC 0.9308135509490967, avg_entr 0.02649375982582569
ep13_l3_test_time 1.3846335411071777
Test Epoch13 layer4 Acc 0.8656, AUC 0.9301098585128784, avg_entr 0.0286396574229002
ep13_l4_test_time 1.7633097171783447
gc 0
Train Epoch14 Acc 0.9757 (39028/40000), AUC 0.9962416887283325
ep14_train_time 48.928988456726074
Test Epoch14 layer0 Acc 0.8754, AUC 0.9417761564254761, avg_entr 0.12377677112817764
ep14_l0_test_time 0.356492280960083
Test Epoch14 layer1 Acc 0.8616, AUC 0.9297243356704712, avg_entr 0.03945412486791611
ep14_l1_test_time 0.6461844444274902
Test Epoch14 layer2 Acc 0.8624, AUC 0.9302178025245667, avg_entr 0.02848031558096409
ep14_l2_test_time 0.9970681667327881
Test Epoch14 layer3 Acc 0.8626, AUC 0.930560827255249, avg_entr 0.026599541306495667
ep14_l3_test_time 1.3655014038085938
Test Epoch14 layer4 Acc 0.8634, AUC 0.9301964044570923, avg_entr 0.02870667353272438
ep14_l4_test_time 1.73087477684021
gc 0
Train Epoch15 Acc 0.976675 (39067/40000), AUC 0.9964088201522827
ep15_train_time 48.890549421310425
Test Epoch15 layer0 Acc 0.8742, AUC 0.9417370557785034, avg_entr 0.12172433733940125
ep15_l0_test_time 0.3548696041107178
Test Epoch15 layer1 Acc 0.8632, AUC 0.9283173084259033, avg_entr 0.03535900637507439
ep15_l1_test_time 0.6420624256134033
Test Epoch15 layer2 Acc 0.8616, AUC 0.9291439056396484, avg_entr 0.025915347039699554
ep15_l2_test_time 1.0063796043395996
Test Epoch15 layer3 Acc 0.8618, AUC 0.9298804998397827, avg_entr 0.024262744933366776
ep15_l3_test_time 1.359182596206665
Test Epoch15 layer4 Acc 0.861, AUC 0.9291170835494995, avg_entr 0.026003070175647736
ep15_l4_test_time 1.7433159351348877
gc 0
Train Epoch16 Acc 0.977475 (39099/40000), AUC 0.9966554641723633
ep16_train_time 48.885223150253296
Test Epoch16 layer0 Acc 0.8722, AUC 0.9412949085235596, avg_entr 0.1205487921833992
ep16_l0_test_time 0.37511181831359863
Test Epoch16 layer1 Acc 0.861, AUC 0.9257874488830566, avg_entr 0.030745312571525574
ep16_l1_test_time 0.6509206295013428
Test Epoch16 layer2 Acc 0.8606, AUC 0.9272645711898804, avg_entr 0.02376888133585453
ep16_l2_test_time 1.0165414810180664
Test Epoch16 layer3 Acc 0.8602, AUC 0.9281439781188965, avg_entr 0.022783873602747917
ep16_l3_test_time 1.388075351715088
Test Epoch16 layer4 Acc 0.8608, AUC 0.9271349310874939, avg_entr 0.024240177124738693
ep16_l4_test_time 1.7634034156799316
gc 0
Train Epoch17 Acc 0.97825 (39130/40000), AUC 0.9967734217643738
ep17_train_time 48.98381328582764
Test Epoch17 layer0 Acc 0.8738, AUC 0.940851092338562, avg_entr 0.12066591531038284
ep17_l0_test_time 0.35909152030944824
Test Epoch17 layer1 Acc 0.8632, AUC 0.92655348777771, avg_entr 0.033808715641498566
ep17_l1_test_time 0.651172399520874
Test Epoch17 layer2 Acc 0.8634, AUC 0.9273406267166138, avg_entr 0.025701159611344337
ep17_l2_test_time 1.0145630836486816
Test Epoch17 layer3 Acc 0.8632, AUC 0.9279478788375854, avg_entr 0.024151891469955444
ep17_l3_test_time 1.3915865421295166
Test Epoch17 layer4 Acc 0.8644, AUC 0.9271644353866577, avg_entr 0.025893695652484894
ep17_l4_test_time 1.763899326324463
gc 0
Train Epoch18 Acc 0.9786 (39144/40000), AUC 0.996939480304718
ep18_train_time 48.97788405418396
Test Epoch18 layer0 Acc 0.8724, AUC 0.940599262714386, avg_entr 0.11834506690502167
ep18_l0_test_time 0.35361456871032715
Test Epoch18 layer1 Acc 0.8616, AUC 0.9261199235916138, avg_entr 0.029887009412050247
ep18_l1_test_time 0.6501507759094238
Test Epoch18 layer2 Acc 0.8608, AUC 0.9271530508995056, avg_entr 0.02184317633509636
ep18_l2_test_time 1.0223274230957031
Test Epoch18 layer3 Acc 0.8618, AUC 0.9279712438583374, avg_entr 0.020419225096702576
ep18_l3_test_time 1.3921635150909424
Test Epoch18 layer4 Acc 0.86, AUC 0.926986038684845, avg_entr 0.02155507355928421
ep18_l4_test_time 1.7651939392089844
gc 0
Train Epoch19 Acc 0.97905 (39162/40000), AUC 0.9972172975540161
ep19_train_time 48.919668436050415
Test Epoch19 layer0 Acc 0.8714, AUC 0.9403194189071655, avg_entr 0.11807937920093536
ep19_l0_test_time 0.35477733612060547
Test Epoch19 layer1 Acc 0.8618, AUC 0.9269288182258606, avg_entr 0.0328952856361866
ep19_l1_test_time 0.6424775123596191
Test Epoch19 layer2 Acc 0.8624, AUC 0.9279398918151855, avg_entr 0.024217188358306885
ep19_l2_test_time 1.0037438869476318
Test Epoch19 layer3 Acc 0.8622, AUC 0.9286031723022461, avg_entr 0.022579403594136238
ep19_l3_test_time 1.3668270111083984
Test Epoch19 layer4 Acc 0.8618, AUC 0.9277482032775879, avg_entr 0.023600071668624878
ep19_l4_test_time 1.7315237522125244
gc 0
Train Epoch20 Acc 0.979225 (39169/40000), AUC 0.9970762729644775
ep20_train_time 49.05563306808472
Test Epoch20 layer0 Acc 0.871, AUC 0.9401440620422363, avg_entr 0.117404043674469
ep20_l0_test_time 0.3672146797180176
Test Epoch20 layer1 Acc 0.8622, AUC 0.9270613193511963, avg_entr 0.03255747631192207
ep20_l1_test_time 0.6493897438049316
Test Epoch20 layer2 Acc 0.8628, AUC 0.9279623627662659, avg_entr 0.024400707334280014
ep20_l2_test_time 1.0003228187561035
Test Epoch20 layer3 Acc 0.8622, AUC 0.9285123348236084, avg_entr 0.022853046655654907
ep20_l3_test_time 1.3672845363616943
Test Epoch20 layer4 Acc 0.8622, AUC 0.9276770353317261, avg_entr 0.024070661514997482
ep20_l4_test_time 1.733128309249878
gc 0
Train Epoch21 Acc 0.97965 (39186/40000), AUC 0.9972527027130127
ep21_train_time 48.928656816482544
Test Epoch21 layer0 Acc 0.872, AUC 0.9397696852684021, avg_entr 0.11684653162956238
ep21_l0_test_time 0.35800814628601074
Test Epoch21 layer1 Acc 0.862, AUC 0.9261794090270996, avg_entr 0.03167055919766426
ep21_l1_test_time 0.6587827205657959
Test Epoch21 layer2 Acc 0.862, AUC 0.9273496270179749, avg_entr 0.02337191440165043
ep21_l2_test_time 1.0248467922210693
Test Epoch21 layer3 Acc 0.861, AUC 0.9281786680221558, avg_entr 0.02183006890118122
ep21_l3_test_time 1.3958046436309814
Test Epoch21 layer4 Acc 0.86, AUC 0.9272317886352539, avg_entr 0.023072967305779457
ep21_l4_test_time 1.7596063613891602
gc 0
Train Epoch22 Acc 0.979775 (39191/40000), AUC 0.9973065257072449
ep22_train_time 48.913710594177246
Test Epoch22 layer0 Acc 0.8722, AUC 0.9398065805435181, avg_entr 0.11550141870975494
ep22_l0_test_time 0.35362935066223145
Test Epoch22 layer1 Acc 0.861, AUC 0.9252833127975464, avg_entr 0.029638128355145454
ep22_l1_test_time 0.6501085758209229
Test Epoch22 layer2 Acc 0.8608, AUC 0.9263265132904053, avg_entr 0.021782174706459045
ep22_l2_test_time 1.019066333770752
Test Epoch22 layer3 Acc 0.8606, AUC 0.9272140264511108, avg_entr 0.020322611555457115
ep22_l3_test_time 1.394730567932129
Test Epoch22 layer4 Acc 0.8604, AUC 0.9261794090270996, avg_entr 0.02125820703804493
ep22_l4_test_time 1.7636265754699707
gc 0
Train Epoch23 Acc 0.98015 (39206/40000), AUC 0.9973487854003906
ep23_train_time 48.87349247932434
Test Epoch23 layer0 Acc 0.8718, AUC 0.9397475719451904, avg_entr 0.11515705287456512
ep23_l0_test_time 0.3529331684112549
Test Epoch23 layer1 Acc 0.8612, AUC 0.9247334003448486, avg_entr 0.028813837096095085
ep23_l1_test_time 0.6518950462341309
Test Epoch23 layer2 Acc 0.862, AUC 0.9256907105445862, avg_entr 0.0208845604211092
ep23_l2_test_time 1.0204453468322754
Test Epoch23 layer3 Acc 0.8614, AUC 0.9266510605812073, avg_entr 0.019552646204829216
ep23_l3_test_time 1.3940050601959229
Test Epoch23 layer4 Acc 0.8602, AUC 0.9256354570388794, avg_entr 0.020344499498605728
ep23_l4_test_time 1.7666430473327637
gc 0
Train Epoch24 Acc 0.97975 (39190/40000), AUC 0.9972209334373474
ep24_train_time 48.990686893463135
Test Epoch24 layer0 Acc 0.8702, AUC 0.939655065536499, avg_entr 0.1143333837389946
ep24_l0_test_time 0.3552439212799072
Test Epoch24 layer1 Acc 0.8614, AUC 0.9250093102455139, avg_entr 0.029563764110207558
ep24_l1_test_time 0.643035888671875
Test Epoch24 layer2 Acc 0.8612, AUC 0.9261123538017273, avg_entr 0.02152326889336109
ep24_l2_test_time 1.0090205669403076
Test Epoch24 layer3 Acc 0.8612, AUC 0.9270800352096558, avg_entr 0.020285863429307938
ep24_l3_test_time 1.3656542301177979
Test Epoch24 layer4 Acc 0.8604, AUC 0.9260460138320923, avg_entr 0.02174980193376541
ep24_l4_test_time 1.7294237613677979
gc 0
Train Epoch25 Acc 0.980525 (39221/40000), AUC 0.9974143505096436
ep25_train_time 48.94965934753418
Test Epoch25 layer0 Acc 0.8712, AUC 0.9395833015441895, avg_entr 0.11426391452550888
ep25_l0_test_time 0.35741138458251953
Test Epoch25 layer1 Acc 0.8614, AUC 0.9249209761619568, avg_entr 0.030826086178421974
ep25_l1_test_time 0.6443145275115967
Test Epoch25 layer2 Acc 0.8604, AUC 0.9258902072906494, avg_entr 0.02303954027593136
ep25_l2_test_time 1.0053000450134277
Test Epoch25 layer3 Acc 0.8604, AUC 0.9266930818557739, avg_entr 0.021609222516417503
ep25_l3_test_time 1.3768503665924072
Test Epoch25 layer4 Acc 0.862, AUC 0.925539493560791, avg_entr 0.02283698320388794
ep25_l4_test_time 1.7359530925750732
gc 0
Train Epoch26 Acc 0.9806 (39224/40000), AUC 0.9974182844161987
ep26_train_time 48.88454818725586
Test Epoch26 layer0 Acc 0.872, AUC 0.9394686222076416, avg_entr 0.11428291350603104
ep26_l0_test_time 0.35607481002807617
Test Epoch26 layer1 Acc 0.8608, AUC 0.9250366687774658, avg_entr 0.03078160434961319
ep26_l1_test_time 0.6539931297302246
Test Epoch26 layer2 Acc 0.8598, AUC 0.9260188341140747, avg_entr 0.023107651621103287
ep26_l2_test_time 1.016467809677124
Test Epoch26 layer3 Acc 0.8608, AUC 0.9268203973770142, avg_entr 0.02167661115527153
ep26_l3_test_time 1.392181634902954
Test Epoch26 layer4 Acc 0.861, AUC 0.9256755709648132, avg_entr 0.022660570219159126
ep26_l4_test_time 1.7579972743988037
gc 0
Train Epoch27 Acc 0.980675 (39227/40000), AUC 0.9974327683448792
ep27_train_time 48.911444902420044
Test Epoch27 layer0 Acc 0.8712, AUC 0.9394371509552002, avg_entr 0.11332140862941742
ep27_l0_test_time 0.3654613494873047
Test Epoch27 layer1 Acc 0.8616, AUC 0.9246839880943298, avg_entr 0.02819512039422989
ep27_l1_test_time 0.6546332836151123
Test Epoch27 layer2 Acc 0.8612, AUC 0.9256101846694946, avg_entr 0.02024608477950096
ep27_l2_test_time 1.021449089050293
Test Epoch27 layer3 Acc 0.8612, AUC 0.9266484975814819, avg_entr 0.018768243491649628
ep27_l3_test_time 1.3940834999084473
Test Epoch27 layer4 Acc 0.86, AUC 0.925508975982666, avg_entr 0.019631288945674896
ep27_l4_test_time 1.7614808082580566
gc 0
Train Epoch28 Acc 0.980575 (39223/40000), AUC 0.9974709749221802
ep28_train_time 49.014363050460815
Test Epoch28 layer0 Acc 0.87, AUC 0.9394069910049438, avg_entr 0.11320973932743073
ep28_l0_test_time 0.3558359146118164
Test Epoch28 layer1 Acc 0.8608, AUC 0.9248406887054443, avg_entr 0.029267217963933945
ep28_l1_test_time 0.6513400077819824
Test Epoch28 layer2 Acc 0.8612, AUC 0.9257795810699463, avg_entr 0.021796686574816704
ep28_l2_test_time 1.0208532810211182
Test Epoch28 layer3 Acc 0.861, AUC 0.9267724752426147, avg_entr 0.020390329882502556
ep28_l3_test_time 1.391911506652832
Test Epoch28 layer4 Acc 0.8616, AUC 0.9255315065383911, avg_entr 0.02099950984120369
ep28_l4_test_time 1.771172285079956
gc 0
Train Epoch29 Acc 0.980975 (39239/40000), AUC 0.9974799156188965
ep29_train_time 48.92235231399536
Test Epoch29 layer0 Acc 0.8704, AUC 0.9393781423568726, avg_entr 0.11277833580970764
ep29_l0_test_time 0.36969757080078125
Test Epoch29 layer1 Acc 0.8602, AUC 0.925143837928772, avg_entr 0.03013419173657894
ep29_l1_test_time 0.6480071544647217
Test Epoch29 layer2 Acc 0.86, AUC 0.9261615872383118, avg_entr 0.0227355919778347
ep29_l2_test_time 1.0007524490356445
Test Epoch29 layer3 Acc 0.86, AUC 0.927014946937561, avg_entr 0.021307148039340973
ep29_l3_test_time 1.366436243057251
Test Epoch29 layer4 Acc 0.8618, AUC 0.9257996678352356, avg_entr 0.02187308855354786
ep29_l4_test_time 1.7342250347137451
gc 0
Train Epoch30 Acc 0.980825 (39233/40000), AUC 0.9975093603134155
ep30_train_time 48.91350722312927
Test Epoch30 layer0 Acc 0.8718, AUC 0.9393656253814697, avg_entr 0.11207794398069382
ep30_l0_test_time 0.35692596435546875
Test Epoch30 layer1 Acc 0.8608, AUC 0.9250603914260864, avg_entr 0.028809744864702225
ep30_l1_test_time 0.6429362297058105
Test Epoch30 layer2 Acc 0.8608, AUC 0.9260897636413574, avg_entr 0.02063862420618534
ep30_l2_test_time 1.0047786235809326
Test Epoch30 layer3 Acc 0.8602, AUC 0.9272006750106812, avg_entr 0.01923171989619732
ep30_l3_test_time 1.3648877143859863
Test Epoch30 layer4 Acc 0.8596, AUC 0.9259968996047974, avg_entr 0.020309308543801308
ep30_l4_test_time 1.7324988842010498
gc 0
Train Epoch31 Acc 0.981 (39240/40000), AUC 0.9975138902664185
ep31_train_time 48.921637296676636
Test Epoch31 layer0 Acc 0.87, AUC 0.939339816570282, avg_entr 0.11205251514911652
ep31_l0_test_time 0.35600852966308594
Test Epoch31 layer1 Acc 0.8594, AUC 0.924875020980835, avg_entr 0.02951437048614025
ep31_l1_test_time 0.6512191295623779
Test Epoch31 layer2 Acc 0.86, AUC 0.9258551597595215, avg_entr 0.022089244797825813
ep31_l2_test_time 1.0204570293426514
Test Epoch31 layer3 Acc 0.8602, AUC 0.926769495010376, avg_entr 0.02070063166320324
ep31_l3_test_time 1.3856534957885742
Test Epoch31 layer4 Acc 0.8616, AUC 0.9254978895187378, avg_entr 0.021328091621398926
ep31_l4_test_time 1.7602441310882568
gc 0
Train Epoch32 Acc 0.98095 (39238/40000), AUC 0.9975247383117676
ep32_train_time 48.90587759017944
Test Epoch32 layer0 Acc 0.8704, AUC 0.9393222332000732, avg_entr 0.11197853088378906
ep32_l0_test_time 0.3763909339904785
Test Epoch32 layer1 Acc 0.8612, AUC 0.9246735572814941, avg_entr 0.02868495136499405
ep32_l1_test_time 0.6556949615478516
Test Epoch32 layer2 Acc 0.8614, AUC 0.9255325794219971, avg_entr 0.02137121371924877
ep32_l2_test_time 1.0165026187896729
Test Epoch32 layer3 Acc 0.8614, AUC 0.9265992641448975, avg_entr 0.020084140822291374
ep32_l3_test_time 1.3905506134033203
Test Epoch32 layer4 Acc 0.8616, AUC 0.9253158569335938, avg_entr 0.020756613463163376
ep32_l4_test_time 1.763683795928955
gc 0
Train Epoch33 Acc 0.98105 (39242/40000), AUC 0.9975295066833496
ep33_train_time 48.95538091659546
Test Epoch33 layer0 Acc 0.8704, AUC 0.9393037557601929, avg_entr 0.11170022189617157
ep33_l0_test_time 0.3575310707092285
Test Epoch33 layer1 Acc 0.8598, AUC 0.9247612953186035, avg_entr 0.028845300897955894
ep33_l1_test_time 0.6528680324554443
Test Epoch33 layer2 Acc 0.8612, AUC 0.9256503582000732, avg_entr 0.021544719114899635
ep33_l2_test_time 1.0202221870422363
Test Epoch33 layer3 Acc 0.8618, AUC 0.9266817569732666, avg_entr 0.020200243219733238
ep33_l3_test_time 1.387784481048584
Test Epoch33 layer4 Acc 0.8614, AUC 0.9253987073898315, avg_entr 0.02069937065243721
ep33_l4_test_time 1.7646617889404297
gc 0
Train Epoch34 Acc 0.980925 (39237/40000), AUC 0.9975475072860718
ep34_train_time 48.94526147842407
Test Epoch34 layer0 Acc 0.8714, AUC 0.9392938613891602, avg_entr 0.11120098829269409
ep34_l0_test_time 0.35643649101257324
Test Epoch34 layer1 Acc 0.8608, AUC 0.924866259098053, avg_entr 0.02873448096215725
ep34_l1_test_time 0.6458747386932373
Test Epoch34 layer2 Acc 0.8614, AUC 0.9258124828338623, avg_entr 0.02135593444108963
ep34_l2_test_time 1.006335735321045
Test Epoch34 layer3 Acc 0.862, AUC 0.9268521070480347, avg_entr 0.019989699125289917
ep34_l3_test_time 1.3677222728729248
Test Epoch34 layer4 Acc 0.861, AUC 0.9255555868148804, avg_entr 0.020590322092175484
ep34_l4_test_time 1.7382502555847168
gc 0
Train Epoch35 Acc 0.9809 (39236/40000), AUC 0.9975452423095703
ep35_train_time 48.910043716430664
Test Epoch35 layer0 Acc 0.8702, AUC 0.9392868280410767, avg_entr 0.11112569272518158
ep35_l0_test_time 0.35832738876342773
Test Epoch35 layer1 Acc 0.86, AUC 0.9247890114784241, avg_entr 0.028622815385460854
ep35_l1_test_time 0.6456198692321777
Test Epoch35 layer2 Acc 0.8612, AUC 0.9256921410560608, avg_entr 0.021349169313907623
ep35_l2_test_time 1.0129404067993164
Test Epoch35 layer3 Acc 0.8616, AUC 0.9267430305480957, avg_entr 0.02001931704580784
ep35_l3_test_time 1.3627591133117676
Test Epoch35 layer4 Acc 0.8618, AUC 0.9254245162010193, avg_entr 0.02050686627626419
ep35_l4_test_time 1.7323732376098633
gc 0
Train Epoch36 Acc 0.9809 (39236/40000), AUC 0.9975671768188477
ep36_train_time 48.904412269592285
Test Epoch36 layer0 Acc 0.8702, AUC 0.9392864108085632, avg_entr 0.11102259159088135
ep36_l0_test_time 0.3555924892425537
Test Epoch36 layer1 Acc 0.8614, AUC 0.9246187210083008, avg_entr 0.02802695333957672
ep36_l1_test_time 0.6533501148223877
Test Epoch36 layer2 Acc 0.8616, AUC 0.9254504442214966, avg_entr 0.020607423037290573
ep36_l2_test_time 1.0190582275390625
Test Epoch36 layer3 Acc 0.8606, AUC 0.926558256149292, avg_entr 0.019215574488043785
ep36_l3_test_time 1.3849413394927979
Test Epoch36 layer4 Acc 0.861, AUC 0.9252761602401733, avg_entr 0.019794084131717682
ep36_l4_test_time 1.7612428665161133
gc 0
Train Epoch37 Acc 0.981025 (39241/40000), AUC 0.9975576400756836
ep37_train_time 48.903021574020386
Test Epoch37 layer0 Acc 0.8698, AUC 0.9392871856689453, avg_entr 0.11072767525911331
ep37_l0_test_time 0.35596585273742676
Test Epoch37 layer1 Acc 0.8606, AUC 0.9246683120727539, avg_entr 0.028302807360887527
ep37_l1_test_time 0.6519277095794678
Test Epoch37 layer2 Acc 0.8614, AUC 0.9255014061927795, avg_entr 0.02106025628745556
ep37_l2_test_time 1.018082857131958
Test Epoch37 layer3 Acc 0.8614, AUC 0.9265763759613037, avg_entr 0.0197447557002306
ep37_l3_test_time 1.3933398723602295
Test Epoch37 layer4 Acc 0.8616, AUC 0.9252812266349792, avg_entr 0.020231738686561584
ep37_l4_test_time 1.7648298740386963
gc 0
Train Epoch38 Acc 0.9809 (39236/40000), AUC 0.9975647926330566
ep38_train_time 48.945152044296265
Test Epoch38 layer0 Acc 0.8704, AUC 0.939281702041626, avg_entr 0.11067889630794525
ep38_l0_test_time 0.3606436252593994
Test Epoch38 layer1 Acc 0.86, AUC 0.9247218370437622, avg_entr 0.02841033972799778
ep38_l1_test_time 0.6806559562683105
Test Epoch38 layer2 Acc 0.861, AUC 0.925560712814331, avg_entr 0.02117753028869629
ep38_l2_test_time 1.0344934463500977
Test Epoch38 layer3 Acc 0.8618, AUC 0.9266195893287659, avg_entr 0.01985902152955532
ep38_l3_test_time 1.3998057842254639
Test Epoch38 layer4 Acc 0.8616, AUC 0.9252994060516357, avg_entr 0.020309774205088615
ep38_l4_test_time 1.7660274505615234
gc 0
Train Epoch39 Acc 0.981025 (39241/40000), AUC 0.9975579977035522
ep39_train_time 48.967308044433594
Test Epoch39 layer0 Acc 0.8702, AUC 0.9392778873443604, avg_entr 0.11050667613744736
ep39_l0_test_time 0.3548893928527832
Test Epoch39 layer1 Acc 0.8598, AUC 0.9247034788131714, avg_entr 0.028247766196727753
ep39_l1_test_time 0.6427769660949707
Test Epoch39 layer2 Acc 0.8614, AUC 0.9255489110946655, avg_entr 0.02102452889084816
ep39_l2_test_time 1.0046193599700928
Test Epoch39 layer3 Acc 0.8616, AUC 0.9266290664672852, avg_entr 0.019704412668943405
ep39_l3_test_time 1.3641979694366455
Test Epoch39 layer4 Acc 0.8616, AUC 0.9253044724464417, avg_entr 0.020137343555688858
ep39_l4_test_time 1.730518102645874
gc 0
Train Epoch40 Acc 0.981025 (39241/40000), AUC 0.9975622892379761
ep40_train_time 48.90336012840271
Test Epoch40 layer0 Acc 0.87, AUC 0.9392768144607544, avg_entr 0.11033102869987488
ep40_l0_test_time 0.35999417304992676
Test Epoch40 layer1 Acc 0.8596, AUC 0.9247339963912964, avg_entr 0.028214585036039352
ep40_l1_test_time 0.6450302600860596
Test Epoch40 layer2 Acc 0.8612, AUC 0.9255697727203369, avg_entr 0.021004553884267807
ep40_l2_test_time 1.0077159404754639
Test Epoch40 layer3 Acc 0.8616, AUC 0.9266427755355835, avg_entr 0.019692137837409973
ep40_l3_test_time 1.3676352500915527
Test Epoch40 layer4 Acc 0.862, AUC 0.9253228902816772, avg_entr 0.02014726959168911
ep40_l4_test_time 1.733835220336914
gc 0
Train Epoch41 Acc 0.981075 (39243/40000), AUC 0.9975682497024536
ep41_train_time 48.93197154998779
Test Epoch41 layer0 Acc 0.87, AUC 0.9392785429954529, avg_entr 0.1101694107055664
ep41_l0_test_time 0.36030030250549316
Test Epoch41 layer1 Acc 0.8604, AUC 0.92474365234375, avg_entr 0.0280933678150177
ep41_l1_test_time 0.6536893844604492
Test Epoch41 layer2 Acc 0.8616, AUC 0.9255897998809814, avg_entr 0.020869046449661255
ep41_l2_test_time 1.0152888298034668
Test Epoch41 layer3 Acc 0.8616, AUC 0.9266700744628906, avg_entr 0.01954812929034233
ep41_l3_test_time 1.3852612972259521
Test Epoch41 layer4 Acc 0.8616, AUC 0.9253573417663574, avg_entr 0.020033905282616615
ep41_l4_test_time 1.7605133056640625
gc 0
Train Epoch42 Acc 0.98105 (39242/40000), AUC 0.9975689053535461
ep42_train_time 48.929895639419556
Test Epoch42 layer0 Acc 0.8702, AUC 0.9392745494842529, avg_entr 0.11007309705018997
ep42_l0_test_time 0.3542361259460449
Test Epoch42 layer1 Acc 0.8612, AUC 0.924723744392395, avg_entr 0.02796245366334915
ep42_l1_test_time 0.6484110355377197
Test Epoch42 layer2 Acc 0.8618, AUC 0.9255507588386536, avg_entr 0.02073519676923752
ep42_l2_test_time 1.0164291858673096
Test Epoch42 layer3 Acc 0.8616, AUC 0.9266630411148071, avg_entr 0.01941339671611786
ep42_l3_test_time 1.3874268531799316
Test Epoch42 layer4 Acc 0.862, AUC 0.925346851348877, avg_entr 0.019923727959394455
ep42_l4_test_time 1.7622315883636475
gc 0
Train Epoch43 Acc 0.9811 (39244/40000), AUC 0.9975758790969849
ep43_train_time 48.932835817337036
Test Epoch43 layer0 Acc 0.87, AUC 0.939277172088623, avg_entr 0.1099463626742363
ep43_l0_test_time 0.35768795013427734
Test Epoch43 layer1 Acc 0.8616, AUC 0.9247230291366577, avg_entr 0.027868179604411125
ep43_l1_test_time 0.6487047672271729
Test Epoch43 layer2 Acc 0.862, AUC 0.9255499839782715, avg_entr 0.020616915076971054
ep43_l2_test_time 1.0164785385131836
Test Epoch43 layer3 Acc 0.8614, AUC 0.9266781806945801, avg_entr 0.019284076988697052
ep43_l3_test_time 1.3849966526031494
Test Epoch43 layer4 Acc 0.862, AUC 0.9253389835357666, avg_entr 0.019801566377282143
ep43_l4_test_time 1.7655353546142578
gc 0
Train Epoch44 Acc 0.981 (39240/40000), AUC 0.9975636005401611
ep44_train_time 49.01314949989319
Test Epoch44 layer0 Acc 0.87, AUC 0.9392776489257812, avg_entr 0.10986180603504181
ep44_l0_test_time 0.3549675941467285
Test Epoch44 layer1 Acc 0.8618, AUC 0.9247100353240967, avg_entr 0.027757927775382996
ep44_l1_test_time 0.6460130214691162
Test Epoch44 layer2 Acc 0.8614, AUC 0.9255399703979492, avg_entr 0.02046963945031166
ep44_l2_test_time 0.9999651908874512
Test Epoch44 layer3 Acc 0.8606, AUC 0.9266719222068787, avg_entr 0.019124675542116165
ep44_l3_test_time 1.3645436763763428
Test Epoch44 layer4 Acc 0.8614, AUC 0.9253318309783936, avg_entr 0.019673394039273262
ep44_l4_test_time 1.7296912670135498
gc 0
Train Epoch45 Acc 0.9811 (39244/40000), AUC 0.9975714683532715
ep45_train_time 48.93130970001221
Test Epoch45 layer0 Acc 0.8702, AUC 0.9392759203910828, avg_entr 0.10979318618774414
ep45_l0_test_time 0.3550891876220703
Test Epoch45 layer1 Acc 0.861, AUC 0.924726128578186, avg_entr 0.027852600440382957
ep45_l1_test_time 0.6473922729492188
Test Epoch45 layer2 Acc 0.8616, AUC 0.9255395531654358, avg_entr 0.020646799355745316
ep45_l2_test_time 1.0083057880401611
Test Epoch45 layer3 Acc 0.8616, AUC 0.9266458749771118, avg_entr 0.019324883818626404
ep45_l3_test_time 1.3629183769226074
Test Epoch45 layer4 Acc 0.862, AUC 0.9253201484680176, avg_entr 0.019788198173046112
ep45_l4_test_time 1.7285282611846924
gc 0
Train Epoch46 Acc 0.981075 (39243/40000), AUC 0.9975742101669312
ep46_train_time 48.94288969039917
Test Epoch46 layer0 Acc 0.8702, AUC 0.9392757415771484, avg_entr 0.10970082134008408
ep46_l0_test_time 0.35411548614501953
Test Epoch46 layer1 Acc 0.8606, AUC 0.9247299432754517, avg_entr 0.02783680148422718
ep46_l1_test_time 0.6498064994812012
Test Epoch46 layer2 Acc 0.8614, AUC 0.9255326986312866, avg_entr 0.020647866651415825
ep46_l2_test_time 1.01585054397583
Test Epoch46 layer3 Acc 0.8618, AUC 0.9266305565834045, avg_entr 0.01932988129556179
ep46_l3_test_time 1.3822321891784668
Test Epoch46 layer4 Acc 0.8616, AUC 0.9253075122833252, avg_entr 0.01977436989545822
ep46_l4_test_time 1.7616791725158691
gc 0
Train Epoch47 Acc 0.981025 (39241/40000), AUC 0.9975754022598267
ep47_train_time 48.90612459182739
Test Epoch47 layer0 Acc 0.8702, AUC 0.939276933670044, avg_entr 0.1096474826335907
ep47_l0_test_time 0.35624217987060547
Test Epoch47 layer1 Acc 0.8604, AUC 0.9247318506240845, avg_entr 0.02783096581697464
ep47_l1_test_time 0.6547806262969971
Test Epoch47 layer2 Acc 0.8614, AUC 0.9255241751670837, avg_entr 0.020653322339057922
ep47_l2_test_time 1.0162122249603271
Test Epoch47 layer3 Acc 0.8618, AUC 0.9266172647476196, avg_entr 0.019339263439178467
ep47_l3_test_time 1.3895854949951172
Test Epoch47 layer4 Acc 0.8616, AUC 0.9252954721450806, avg_entr 0.01976757124066353
ep47_l4_test_time 1.7672836780548096
gc 0
Train Epoch48 Acc 0.98105 (39242/40000), AUC 0.9975756406784058
ep48_train_time 49.07078170776367
Test Epoch48 layer0 Acc 0.87, AUC 0.939277172088623, avg_entr 0.10958221554756165
ep48_l0_test_time 0.35468053817749023
Test Epoch48 layer1 Acc 0.861, AUC 0.9247158169746399, avg_entr 0.027747653424739838
ep48_l1_test_time 0.6482763290405273
Test Epoch48 layer2 Acc 0.8618, AUC 0.9255143404006958, avg_entr 0.02055571787059307
ep48_l2_test_time 1.0166337490081787
Test Epoch48 layer3 Acc 0.8618, AUC 0.9266270995140076, avg_entr 0.0192367285490036
ep48_l3_test_time 1.386620044708252
Test Epoch48 layer4 Acc 0.862, AUC 0.9253010749816895, avg_entr 0.019694330170750618
ep48_l4_test_time 1.76285982131958
gc 0
Train Epoch49 Acc 0.98105 (39242/40000), AUC 0.997576117515564
ep49_train_time 48.97510480880737
Test Epoch49 layer0 Acc 0.8698, AUC 0.9392759799957275, avg_entr 0.10952533036470413
ep49_l0_test_time 0.3630499839782715
Test Epoch49 layer1 Acc 0.861, AUC 0.924716591835022, avg_entr 0.027734162285923958
ep49_l1_test_time 0.6417474746704102
Test Epoch49 layer2 Acc 0.8614, AUC 0.9255158305168152, avg_entr 0.020550016313791275
ep49_l2_test_time 1.0048954486846924
Test Epoch49 layer3 Acc 0.8618, AUC 0.9266281723976135, avg_entr 0.019233472645282745
ep49_l3_test_time 1.3562133312225342
Test Epoch49 layer4 Acc 0.862, AUC 0.9253004789352417, avg_entr 0.019683077931404114
ep49_l4_test_time 1.7314815521240234
Best AUC 0.9553813934326172
train_loss (2, 5, 50)
valid_acc (5, 50)
valid_AUC (5, 50)
train_acc (50,)
Figure(640x480)
Figure(640x480)
Figure(640x480)
Figure(640x480)
Figure(640x480)
total_train+valid_time 2707.3025069236755
Start Testing
Load ckpt at ckpt/imdb_lstmal_l5_pad300//imdb_lstmal_l5.pt
Test layer0 Acc 0.893, AUC 0.9512063264846802, avg_entr 0.20978184044361115
l0_test_time 0.3553011417388916
Test layer1 Acc 0.6218, AUC 0.880840003490448, avg_entr 0.15706421434879303
l1_test_time 0.6432580947875977
Test layer2 Acc 0.7008, AUC 0.9075890779495239, avg_entr 0.2171798050403595
l2_test_time 1.000422716140747
Test layer3 Acc 0.7278, AUC 0.9075527787208557, avg_entr 0.246872678399086
l3_test_time 1.35908842086792
Test layer4 Acc 0.757, AUC 0.9064013957977295, avg_entr 0.3207474648952484
l4_test_time 1.7253375053405762
