total count words 102019
vocab size 30000
found 26754 words in glove
Load ckpt from ckpt/ag_news_linearal_l5adp_pad175_t0.6_m4//ag_news_linearal_l5_prefix.pt
model: LinearModelML(
  (layers): ModuleList(
    (0): EMBLayer(
      (enc): ENC(
        (b): Sequential(
          (0): Linear(in_features=300, out_features=128, bias=True)
          (1): Tanh()
        )
        (f): Embedding(30000, 300)
        (cri): MSELoss()
      )
      (ae): AE(
        (g): Sequential(
          (0): Linear(in_features=4, out_features=128, bias=True)
          (1): Tanh()
        )
        (h): Sequential(
          (0): Linear(in_features=128, out_features=4, bias=True)
          (1): Sigmoid()
        )
        (cri): CrossEntropyLoss()
      )
    )
    (1): LinearLayer(
      (enc): ENC(
        (b): Sequential(
          (0): Linear(in_features=300, out_features=128, bias=True)
          (1): Tanh()
        )
        (f): Sequential(
          (0): Linear(in_features=300, out_features=300, bias=True)
          (1): ELU(alpha=1.0)
        )
        (cri): MSELoss()
      )
      (ae): AE(
        (g): Sequential(
          (0): Linear(in_features=128, out_features=128, bias=True)
          (1): Tanh()
        )
        (h): Sequential(
          (0): Linear(in_features=128, out_features=128, bias=True)
        )
        (cri): MSELoss()
      )
    )
    (2): LinearLayer(
      (enc): ENC(
        (b): Sequential(
          (0): Linear(in_features=300, out_features=128, bias=True)
          (1): Tanh()
        )
        (f): Sequential(
          (0): Linear(in_features=300, out_features=300, bias=True)
          (1): ELU(alpha=1.0)
        )
        (cri): MSELoss()
      )
      (ae): AE(
        (g): Sequential(
          (0): Linear(in_features=128, out_features=128, bias=True)
          (1): Tanh()
        )
        (h): Sequential(
          (0): Linear(in_features=128, out_features=128, bias=True)
        )
        (cri): MSELoss()
      )
    )
    (3): LinearLayer(
      (enc): ENC(
        (b): Sequential(
          (0): Linear(in_features=300, out_features=128, bias=True)
          (1): Tanh()
        )
        (f): Sequential(
          (0): Linear(in_features=300, out_features=300, bias=True)
          (1): ELU(alpha=1.0)
        )
        (cri): MSELoss()
      )
      (ae): AE(
        (g): Sequential(
          (0): Linear(in_features=128, out_features=128, bias=True)
          (1): Tanh()
        )
        (h): Sequential(
          (0): Linear(in_features=128, out_features=128, bias=True)
        )
        (cri): MSELoss()
      )
    )
    (4): LinearLayer(
      (enc): ENC(
        (b): Sequential(
          (0): Linear(in_features=300, out_features=128, bias=True)
          (1): Tanh()
        )
        (f): Sequential(
          (0): Linear(in_features=300, out_features=300, bias=True)
          (1): ELU(alpha=1.0)
        )
        (cri): MSELoss()
      )
      (ae): AE(
        (g): Sequential(
          (0): Linear(in_features=128, out_features=128, bias=True)
          (1): Tanh()
        )
        (h): Sequential(
          (0): Linear(in_features=128, out_features=128, bias=True)
        )
        (cri): MSELoss()
      )
    )
  )
)
layers.0.enc.b.0.weight 38400
layers.0.enc.b.0.bias 128
layers.0.enc.f.weight 9000000
layers.0.ae.g.0.weight 512
layers.0.ae.g.0.bias 128
layers.0.ae.h.0.weight 512
layers.0.ae.h.0.bias 4
layers.1.enc.b.0.weight 38400
layers.1.enc.b.0.bias 128
layers.1.enc.f.0.weight 90000
layers.1.enc.f.0.bias 300
layers.1.ae.g.0.weight 16384
layers.1.ae.g.0.bias 128
layers.1.ae.h.0.weight 16384
layers.1.ae.h.0.bias 128
layers.2.enc.b.0.weight 38400
layers.2.enc.b.0.bias 128
layers.2.enc.f.0.weight 90000
layers.2.enc.f.0.bias 300
layers.2.ae.g.0.weight 16384
layers.2.ae.g.0.bias 128
layers.2.ae.h.0.weight 16384
layers.2.ae.h.0.bias 128
layers.3.enc.b.0.weight 38400
layers.3.enc.b.0.bias 128
layers.3.enc.f.0.weight 90000
layers.3.enc.f.0.bias 300
layers.3.ae.g.0.weight 16384
layers.3.ae.g.0.bias 128
layers.3.ae.h.0.weight 16384
layers.3.ae.h.0.bias 128
layers.4.enc.b.0.weight 38400
layers.4.enc.b.0.bias 128
layers.4.enc.f.0.weight 90000
layers.4.enc.f.0.bias 300
layers.4.ae.g.0.weight 16384
layers.4.ae.g.0.bias 128
layers.4.ae.h.0.weight 16384
layers.4.ae.h.0.bias 128
Total Trainable Params: 9687092
Start Training
train_mask {0, 1, 2, 3, 4}
gc 9
Train Epoch0 Acc 0.9122916666666666 (109475/120000), AUC 0.9854609966278076
ep0_train_time 10.374739646911621
Test Epoch0 threshold 0.6 Acc 0.9131578947368421, AUC 0.9804599285125732, avg_entr 0.02538301981985569
ep0_t0.6_test_time 0.24950599670410156
Save ckpt to ckpt/ag_news_linearal_l5adp_pad175_t0.6_m5//ag_news_linearal_l5_prefix.pt  ,ep 0
gc 0
Train Epoch1 Acc 0.951175 (114141/120000), AUC 0.9934482574462891
ep1_train_time 9.90583324432373
Test Epoch1 threshold 0.6 Acc 0.9136513157894737, AUC 0.980434775352478, avg_entr 0.025925619527697563
ep1_t0.6_test_time 0.24842548370361328
gc 0
Train Epoch2 Acc 0.95205 (114246/120000), AUC 0.9935470223426819
ep2_train_time 9.958593130111694
Test Epoch2 threshold 0.6 Acc 0.9120065789473685, AUC 0.9802590012550354, avg_entr 0.02600368671119213
ep2_t0.6_test_time 0.24965953826904297
gc 0
Train Epoch3 Acc 0.9534083333333333 (114409/120000), AUC 0.993540346622467
ep3_train_time 9.781195640563965
Test Epoch3 threshold 0.6 Acc 0.9139802631578947, AUC 0.9801219701766968, avg_entr 0.025891505181789398
ep3_t0.6_test_time 0.24904894828796387
gc 0
Train Epoch4 Acc 0.9543 (114516/120000), AUC 0.9939517974853516
ep4_train_time 9.90534520149231
Test Epoch4 threshold 0.6 Acc 0.912828947368421, AUC 0.9800118207931519, avg_entr 0.02443857118487358
ep4_t0.6_test_time 0.24795293807983398
gc 0
Train Epoch5 Acc 0.9558916666666667 (114707/120000), AUC 0.9945482611656189
ep5_train_time 9.904700756072998
Test Epoch5 threshold 0.6 Acc 0.9133223684210526, AUC 0.9797993302345276, avg_entr 0.02576984278857708
ep5_t0.6_test_time 0.24858856201171875
gc 0
Train Epoch6 Acc 0.9565833333333333 (114790/120000), AUC 0.9947171807289124
ep6_train_time 9.955671310424805
Test Epoch6 threshold 0.6 Acc 0.9118421052631579, AUC 0.9796674847602844, avg_entr 0.02541443705558777
ep6_t0.6_test_time 0.2481377124786377
gc 0
Train Epoch7 Acc 0.9571 (114852/120000), AUC 0.9948657155036926
ep7_train_time 9.994645833969116
Test Epoch7 threshold 0.6 Acc 0.912828947368421, AUC 0.9796380400657654, avg_entr 0.025139080360531807
ep7_t0.6_test_time 0.24796462059020996
gc 0
Train Epoch8 Acc 0.9572416666666667 (114869/120000), AUC 0.994946300983429
ep8_train_time 9.92902684211731
Test Epoch8 threshold 0.6 Acc 0.9115131578947369, AUC 0.9795100688934326, avg_entr 0.025623222813010216
ep8_t0.6_test_time 0.24872589111328125
gc 0
Train Epoch9 Acc 0.95805 (114966/120000), AUC 0.9952195882797241
ep9_train_time 9.814615249633789
Test Epoch9 threshold 0.6 Acc 0.9123355263157895, AUC 0.9794090986251831, avg_entr 0.02569098398089409
ep9_t0.6_test_time 0.24801874160766602
Best AUC 0.9804599285125732
train_loss (2, 5, 10)
valid_acc (10, 1)
valid_AUC (10, 1)
train_acc (10,)
Figure(640x480)
Figure(640x480)
Figure(640x480)
Figure(640x480)
Figure(640x480)
Start Testing
Load ckpt at ckpt/ag_news_linearal_l5adp_pad175_t0.6_m5//ag_news_linearal_l5_prefix.pt
[[337   4  13  14]
 [  0 389   3   1]
 [ 10   7 352  31]
 [  5   1  22 331]]
Figure(640x480)
tensor([2.3392e-05, 1.9058e-03, 1.3501e-01,  ..., 1.8410e-02, 6.0198e-08,
        1.2274e-03])
[[335   6  13  14]
 [  0 388   4   1]
 [  9   7 350  34]
 [  6   1  21 331]]
Figure(640x480)
tensor([5.0751e-05, 3.2171e-03, 1.4929e-01,  ..., 3.7946e-02, 8.6445e-08,
        3.5667e-03])
[[336   5  13  14]
 [  0 389   3   1]
 [ 12   8 346  34]
 [  8   1  20 330]]
Figure(640x480)
tensor([3.1374e-05, 1.3940e-03, 1.2396e-01,  ..., 1.4166e-02, 5.5384e-08,
        1.9528e-03])
[[337   4  13  14]
 [  0 389   3   1]
 [ 13   8 345  34]
 [  7   1  20 331]]
Figure(640x480)
tensor([2.1878e-05, 7.1383e-04, 4.2332e-02,  ..., 4.1359e-03, 2.6099e-08,
        7.7930e-04])
[[337   4  13  14]
 [  0 389   3   1]
 [ 10   8 347  35]
 [  6   1  20 332]]
Figure(640x480)
tensor([1.9864e-05, 6.9891e-04, 3.4244e-02,  ..., 3.6628e-03, 3.1646e-08,
        6.9974e-04])
