total count words 102019
vocab size 30000
found 26754 words in glove
Load ckpt from ckpt/ag_news_lstmal_l5adf_pad175_t0.8_m2//ag_news_lstmal_l5_prefix.pt
model: LSTMModelML(
  (layers): ModuleList(
    (0): EMBLayer(
      (enc): ENC(
        (b): Sequential(
          (0): Linear(in_features=300, out_features=128, bias=True)
          (1): Tanh()
        )
        (f): Embedding(30000, 300)
        (cri): MSELoss()
      )
      (ae): AE(
        (g): Sequential(
          (0): Linear(in_features=4, out_features=128, bias=True)
          (1): Tanh()
        )
        (h): Sequential(
          (0): Linear(in_features=128, out_features=4, bias=True)
          (1): Sigmoid()
        )
        (cri): CrossEntropyLoss()
      )
    )
    (1): LSTMLayer(
      (enc): ENC(
        (b): Sequential(
          (0): Linear(in_features=300, out_features=128, bias=True)
          (1): Tanh()
        )
        (f): LSTM(300, 300, batch_first=True, bidirectional=True)
        (cri): MSELoss()
      )
      (ae): AE(
        (g): Sequential(
          (0): Linear(in_features=128, out_features=128, bias=True)
          (1): Tanh()
        )
        (h): Sequential(
          (0): Linear(in_features=128, out_features=128, bias=True)
        )
        (cri): MSELoss()
      )
    )
    (2): LSTMLayer(
      (enc): ENC(
        (b): Sequential(
          (0): Linear(in_features=300, out_features=128, bias=True)
          (1): Tanh()
        )
        (f): LSTM(600, 300, batch_first=True, bidirectional=True)
        (cri): MSELoss()
      )
      (ae): AE(
        (g): Sequential(
          (0): Linear(in_features=128, out_features=128, bias=True)
          (1): Tanh()
        )
        (h): Sequential(
          (0): Linear(in_features=128, out_features=128, bias=True)
        )
        (cri): MSELoss()
      )
    )
    (3): LSTMLayer(
      (enc): ENC(
        (b): Sequential(
          (0): Linear(in_features=300, out_features=128, bias=True)
          (1): Tanh()
        )
        (f): LSTM(600, 300, batch_first=True, bidirectional=True)
        (cri): MSELoss()
      )
      (ae): AE(
        (g): Sequential(
          (0): Linear(in_features=128, out_features=128, bias=True)
          (1): Tanh()
        )
        (h): Sequential(
          (0): Linear(in_features=128, out_features=128, bias=True)
        )
        (cri): MSELoss()
      )
    )
    (4): LSTMLayer(
      (enc): ENC(
        (b): Sequential(
          (0): Linear(in_features=300, out_features=128, bias=True)
          (1): Tanh()
        )
        (f): LSTM(600, 300, batch_first=True, bidirectional=True)
        (cri): MSELoss()
      )
      (ae): AE(
        (g): Sequential(
          (0): Linear(in_features=128, out_features=128, bias=True)
          (1): Tanh()
        )
        (h): Sequential(
          (0): Linear(in_features=128, out_features=128, bias=True)
        )
        (cri): MSELoss()
      )
    )
  )
)
layers.0.enc.b.0.weight 38400
layers.0.enc.b.0.bias 128
layers.0.enc.f.weight 9000000
layers.0.ae.g.0.weight 512
layers.0.ae.g.0.bias 128
layers.0.ae.h.0.weight 512
layers.0.ae.h.0.bias 4
layers.1.enc.b.0.weight 38400
layers.1.enc.b.0.bias 128
layers.1.enc.f.weight_ih_l0 360000
layers.1.enc.f.weight_hh_l0 360000
layers.1.enc.f.bias_ih_l0 1200
layers.1.enc.f.bias_hh_l0 1200
layers.1.enc.f.weight_ih_l0_reverse 360000
layers.1.enc.f.weight_hh_l0_reverse 360000
layers.1.enc.f.bias_ih_l0_reverse 1200
layers.1.enc.f.bias_hh_l0_reverse 1200
layers.1.ae.g.0.weight 16384
layers.1.ae.g.0.bias 128
layers.1.ae.h.0.weight 16384
layers.1.ae.h.0.bias 128
layers.2.enc.b.0.weight 38400
layers.2.enc.b.0.bias 128
layers.2.enc.f.weight_ih_l0 720000
layers.2.enc.f.weight_hh_l0 360000
layers.2.enc.f.bias_ih_l0 1200
layers.2.enc.f.bias_hh_l0 1200
layers.2.enc.f.weight_ih_l0_reverse 720000
layers.2.enc.f.weight_hh_l0_reverse 360000
layers.2.enc.f.bias_ih_l0_reverse 1200
layers.2.enc.f.bias_hh_l0_reverse 1200
layers.2.ae.g.0.weight 16384
layers.2.ae.g.0.bias 128
layers.2.ae.h.0.weight 16384
layers.2.ae.h.0.bias 128
layers.3.enc.b.0.weight 38400
layers.3.enc.b.0.bias 128
layers.3.enc.f.weight_ih_l0 720000
layers.3.enc.f.weight_hh_l0 360000
layers.3.enc.f.bias_ih_l0 1200
layers.3.enc.f.bias_hh_l0 1200
layers.3.enc.f.weight_ih_l0_reverse 720000
layers.3.enc.f.weight_hh_l0_reverse 360000
layers.3.enc.f.bias_ih_l0_reverse 1200
layers.3.enc.f.bias_hh_l0_reverse 1200
layers.3.ae.g.0.weight 16384
layers.3.ae.g.0.bias 128
layers.3.ae.h.0.weight 16384
layers.3.ae.h.0.bias 128
layers.4.enc.b.0.weight 38400
layers.4.enc.b.0.bias 128
layers.4.enc.f.weight_ih_l0 720000
layers.4.enc.f.weight_hh_l0 360000
layers.4.enc.f.bias_ih_l0 1200
layers.4.enc.f.bias_hh_l0 1200
layers.4.enc.f.weight_ih_l0_reverse 720000
layers.4.enc.f.weight_hh_l0_reverse 360000
layers.4.enc.f.bias_ih_l0_reverse 1200
layers.4.enc.f.bias_hh_l0_reverse 1200
layers.4.ae.g.0.weight 16384
layers.4.ae.g.0.bias 128
layers.4.ae.h.0.weight 16384
layers.4.ae.h.0.bias 128
Total Trainable Params: 17265092
Start Training
train_mask {0, 1, 2}
gc 9
Train Epoch0 Acc 0.045108333333333334 (5413/120000), AUC 0.33439260721206665
ep0_train_time 66.75851130485535
Test Epoch0 threshold 0.8 Acc 0.9157894736842105, AUC 0.981002926826477, avg_entr 0.026244670152664185
ep0_t0.8_test_time 0.2513279914855957
Save ckpt to ckpt/ag_news_lstmal_l5adf_pad175_t0.8_m3//ag_news_lstmal_l5_prefix.pt  ,ep 0
gc 0
Train Epoch1 Acc 0.032358333333333336 (3883/120000), AUC 0.3252808451652527
ep1_train_time 66.97413969039917
Test Epoch1 threshold 0.8 Acc 0.9159539473684211, AUC 0.9807484149932861, avg_entr 0.025913074612617493
ep1_t0.8_test_time 0.24843764305114746
gc 0
Train Epoch2 Acc 0.04255 (5106/120000), AUC 0.3248709440231323
ep2_train_time 66.77991652488708
Test Epoch2 threshold 0.8 Acc 0.915625, AUC 0.980770468711853, avg_entr 0.02625845931470394
ep2_t0.8_test_time 0.24837303161621094
gc 0
Train Epoch3 Acc 0.06655 (7986/120000), AUC 0.3198153078556061
ep3_train_time 66.79775810241699
Test Epoch3 threshold 0.8 Acc 0.9167763157894737, AUC 0.980647623538971, avg_entr 0.02616068907082081
ep3_t0.8_test_time 0.24813485145568848
gc 0
Train Epoch4 Acc 0.06778333333333333 (8134/120000), AUC 0.31711477041244507
ep4_train_time 66.96617984771729
Test Epoch4 threshold 0.8 Acc 0.9129934210526316, AUC 0.9803736209869385, avg_entr 0.02617553621530533
ep4_t0.8_test_time 0.24860215187072754
gc 0
Train Epoch5 Acc 0.07830833333333333 (9397/120000), AUC 0.31636950373649597
ep5_train_time 66.81669735908508
Test Epoch5 threshold 0.8 Acc 0.915296052631579, AUC 0.9802967309951782, avg_entr 0.02592884562909603
ep5_t0.8_test_time 0.2487344741821289
gc 0
Train Epoch6 Acc 0.055025 (6603/120000), AUC 0.3158446252346039
ep6_train_time 66.7875165939331
Test Epoch6 threshold 0.8 Acc 0.9149671052631579, AUC 0.9801519513130188, avg_entr 0.025661908090114594
ep6_t0.8_test_time 0.2485036849975586
gc 0
Train Epoch7 Acc 0.05235833333333333 (6283/120000), AUC 0.3177315890789032
ep7_train_time 66.85451650619507
Test Epoch7 threshold 0.8 Acc 0.9136513157894737, AUC 0.9800503849983215, avg_entr 0.025964194908738136
ep7_t0.8_test_time 0.24847674369812012
gc 0
Train Epoch8 Acc 0.035491666666666664 (4259/120000), AUC 0.31748268008232117
ep8_train_time 66.78503489494324
Test Epoch8 threshold 0.8 Acc 0.9129934210526316, AUC 0.9799454212188721, avg_entr 0.026480184867978096
ep8_t0.8_test_time 0.24878287315368652
gc 0
Train Epoch9 Acc 0.029166666666666667 (3500/120000), AUC 0.3177405893802643
ep9_train_time 66.91062068939209
Test Epoch9 threshold 0.8 Acc 0.9134868421052632, AUC 0.9799103736877441, avg_entr 0.025697387754917145
ep9_t0.8_test_time 0.248976469039917
Best AUC 0.981002926826477
train_loss (2, 5, 10)
valid_acc (10, 1)
valid_AUC (10, 1)
train_acc (10,)
Figure(640x480)
Figure(640x480)
Figure(640x480)
Figure(640x480)
Figure(640x480)
Start Testing
Load ckpt at ckpt/ag_news_lstmal_l5adf_pad175_t0.8_m3//ag_news_lstmal_l5_prefix.pt
Test threshold 0.8 Acc 0.925, AUC 0.9862158298492432, avg_entr 0.024927325546741486
t0.8_test_time 0.06321454048156738
