total count words 102019
vocab size 30000
train size 120000, valid size 3800, test size 3800
found 26754 words in glove
model: LinearModelML(
  (layers): ModuleList(
    (0): EMBLayer(
      (enc): ENC(
        (b): Sequential(
          (0): Linear(in_features=300, out_features=128, bias=True)
          (1): Tanh()
        )
        (f): Embedding(30000, 300)
        (cri): MSELoss()
      )
      (ae): AE(
        (g): Sequential(
          (0): Linear(in_features=4, out_features=128, bias=True)
          (1): Tanh()
        )
        (h): Sequential(
          (0): Linear(in_features=128, out_features=4, bias=True)
          (1): Sigmoid()
        )
        (cri): CrossEntropyLoss()
      )
    )
    (1): LinearLayer(
      (enc): ENC(
        (b): Sequential(
          (0): Linear(in_features=300, out_features=128, bias=True)
          (1): Tanh()
        )
        (f): Sequential(
          (0): Linear(in_features=300, out_features=300, bias=True)
          (1): ELU(alpha=1.0)
        )
        (cri): MSELoss()
      )
      (ae): AE(
        (g): Sequential(
          (0): Linear(in_features=128, out_features=128, bias=True)
          (1): Tanh()
        )
        (h): Sequential(
          (0): Linear(in_features=128, out_features=128, bias=True)
        )
        (cri): MSELoss()
      )
    )
    (2): LinearLayer(
      (enc): ENC(
        (b): Sequential(
          (0): Linear(in_features=300, out_features=128, bias=True)
          (1): Tanh()
        )
        (f): Sequential(
          (0): Linear(in_features=300, out_features=300, bias=True)
          (1): ELU(alpha=1.0)
        )
        (cri): MSELoss()
      )
      (ae): AE(
        (g): Sequential(
          (0): Linear(in_features=128, out_features=128, bias=True)
          (1): Tanh()
        )
        (h): Sequential(
          (0): Linear(in_features=128, out_features=128, bias=True)
        )
        (cri): MSELoss()
      )
    )
    (3): LinearLayer(
      (enc): ENC(
        (b): Sequential(
          (0): Linear(in_features=300, out_features=128, bias=True)
          (1): Tanh()
        )
        (f): Sequential(
          (0): Linear(in_features=300, out_features=300, bias=True)
          (1): ELU(alpha=1.0)
        )
        (cri): MSELoss()
      )
      (ae): AE(
        (g): Sequential(
          (0): Linear(in_features=128, out_features=128, bias=True)
          (1): Tanh()
        )
        (h): Sequential(
          (0): Linear(in_features=128, out_features=128, bias=True)
        )
        (cri): MSELoss()
      )
    )
    (4): LinearLayer(
      (enc): ENC(
        (b): Sequential(
          (0): Linear(in_features=300, out_features=128, bias=True)
          (1): Tanh()
        )
        (f): Sequential(
          (0): Linear(in_features=300, out_features=300, bias=True)
          (1): ELU(alpha=1.0)
        )
        (cri): MSELoss()
      )
      (ae): AE(
        (g): Sequential(
          (0): Linear(in_features=128, out_features=128, bias=True)
          (1): Tanh()
        )
        (h): Sequential(
          (0): Linear(in_features=128, out_features=128, bias=True)
        )
        (cri): MSELoss()
      )
    )
  )
)
layers.0.enc.b.0.weight 38400
layers.0.enc.b.0.bias 128
layers.0.enc.f.weight 9000000
layers.0.ae.g.0.weight 512
layers.0.ae.g.0.bias 128
layers.0.ae.h.0.weight 512
layers.0.ae.h.0.bias 4
layers.1.enc.b.0.weight 38400
layers.1.enc.b.0.bias 128
layers.1.enc.f.0.weight 90000
layers.1.enc.f.0.bias 300
layers.1.ae.g.0.weight 16384
layers.1.ae.g.0.bias 128
layers.1.ae.h.0.weight 16384
layers.1.ae.h.0.bias 128
layers.2.enc.b.0.weight 38400
layers.2.enc.b.0.bias 128
layers.2.enc.f.0.weight 90000
layers.2.enc.f.0.bias 300
layers.2.ae.g.0.weight 16384
layers.2.ae.g.0.bias 128
layers.2.ae.h.0.weight 16384
layers.2.ae.h.0.bias 128
layers.3.enc.b.0.weight 38400
layers.3.enc.b.0.bias 128
layers.3.enc.f.0.weight 90000
layers.3.enc.f.0.bias 300
layers.3.ae.g.0.weight 16384
layers.3.ae.g.0.bias 128
layers.3.ae.h.0.weight 16384
layers.3.ae.h.0.bias 128
layers.4.enc.b.0.weight 38400
layers.4.enc.b.0.bias 128
layers.4.enc.f.0.weight 90000
layers.4.enc.f.0.bias 300
layers.4.ae.g.0.weight 16384
layers.4.ae.g.0.bias 128
layers.4.ae.h.0.weight 16384
layers.4.ae.h.0.bias 128
Total Trainable Params: 9687092
init_time 18.28137230873108
Start Training
train_mask {0, 1, 2, 3, 4} False
gc 0
Train Epoch0 Acc 0.61855 (74226/120000), AUC 0.8417613506317139
ep0_train_time 10.510714530944824
Test Epoch0 threshold 0.1 Acc 0.9047368421052632, AUC 0.9774383306503296, avg_entr 0.16521240770816803, f1 0.9047367572784424
ep0_t0.1_test_time 0.18299627304077148
Save ckpt to ckpt/ag_news_linearal_l5ad_pad177//ag_news_linearal_l5.pt  ,ep 0
Test Epoch0 threshold 0.2 Acc 0.9052631578947369, AUC 0.9772821664810181, avg_entr 0.1711263358592987, f1 0.9052631855010986
ep0_t0.2_test_time 0.17975521087646484
Save ckpt to ckpt/ag_news_linearal_l5ad_pad177//ag_news_linearal_l5.pt  ,ep 0
Test Epoch0 threshold 0.3 Acc 0.9052631578947369, AUC 0.9770398139953613, avg_entr 0.1758517026901245, f1 0.9052631855010986
ep0_t0.3_test_time 0.17843413352966309
Save ckpt to ckpt/ag_news_linearal_l5ad_pad177//ag_news_linearal_l5.pt  ,ep 0
Test Epoch0 threshold 0.4 Acc 0.9055263157894737, AUC 0.9771373271942139, avg_entr 0.18012437224388123, f1 0.905526340007782
ep0_t0.4_test_time 0.1797783374786377
Save ckpt to ckpt/ag_news_linearal_l5ad_pad177//ag_news_linearal_l5.pt  ,ep 0
Test Epoch0 threshold 0.5 Acc 0.9071052631578947, AUC 0.9772393703460693, avg_entr 0.18351905047893524, f1 0.9071052670478821
ep0_t0.5_test_time 0.17899465560913086
Save ckpt to ckpt/ag_news_linearal_l5ad_pad177//ag_news_linearal_l5.pt  ,ep 0
Test Epoch0 threshold 0.6 Acc 0.9060526315789473, AUC 0.9772295355796814, avg_entr 0.18468894064426422, f1 0.9060525894165039
ep0_t0.6_test_time 0.16652536392211914
Test Epoch0 threshold 0.7 Acc 0.9057894736842105, AUC 0.977217435836792, avg_entr 0.1847577542066574, f1 0.9057894945144653
ep0_t0.7_test_time 0.1579890251159668
Test Epoch0 threshold 0.8 Acc 0.9057894736842105, AUC 0.9772195219993591, avg_entr 0.1847769021987915, f1 0.9057894945144653
ep0_t0.8_test_time 0.15772533416748047
Test Epoch0 threshold 0.9 Acc 0.9057894736842105, AUC 0.9772195219993591, avg_entr 0.1847769021987915, f1 0.9057894945144653
ep0_t0.9_test_time 0.15759730339050293
gc 0
Train Epoch1 Acc 0.91205 (109446/120000), AUC 0.9802928566932678
ep1_train_time 10.045550346374512
Test Epoch1 threshold 0.1 Acc 0.9073684210526316, AUC 0.9787859916687012, avg_entr 0.13338054716587067, f1 0.9073684215545654
ep1_t0.1_test_time 0.18257427215576172
Save ckpt to ckpt/ag_news_linearal_l5ad_pad177//ag_news_linearal_l5.pt  ,ep 1
Test Epoch1 threshold 0.2 Acc 0.9073684210526316, AUC 0.9786430597305298, avg_entr 0.13824228942394257, f1 0.9073684215545654
ep1_t0.2_test_time 0.1799607276916504
Save ckpt to ckpt/ag_news_linearal_l5ad_pad177//ag_news_linearal_l5.pt  ,ep 1
Test Epoch1 threshold 0.3 Acc 0.9071052631578947, AUC 0.9786224961280823, avg_entr 0.14253351092338562, f1 0.9071052670478821
ep1_t0.3_test_time 0.1793532371520996
Test Epoch1 threshold 0.4 Acc 0.9068421052631579, AUC 0.97857666015625, avg_entr 0.1460655778646469, f1 0.9068421125411987
ep1_t0.4_test_time 0.1772911548614502
Test Epoch1 threshold 0.5 Acc 0.906578947368421, AUC 0.9785231351852417, avg_entr 0.14802852272987366, f1 0.9065789580345154
ep1_t0.5_test_time 0.17890501022338867
Test Epoch1 threshold 0.6 Acc 0.9073684210526316, AUC 0.9785671830177307, avg_entr 0.14842630922794342, f1 0.9073684215545654
ep1_t0.6_test_time 0.16165518760681152
Save ckpt to ckpt/ag_news_linearal_l5ad_pad177//ag_news_linearal_l5.pt  ,ep 1
Test Epoch1 threshold 0.7 Acc 0.9073684210526316, AUC 0.9785669445991516, avg_entr 0.14843280613422394, f1 0.9073684215545654
ep1_t0.7_test_time 0.16117572784423828
Save ckpt to ckpt/ag_news_linearal_l5ad_pad177//ag_news_linearal_l5.pt  ,ep 1
Test Epoch1 threshold 0.8 Acc 0.9073684210526316, AUC 0.9785669445991516, avg_entr 0.14843280613422394, f1 0.9073684215545654
ep1_t0.8_test_time 0.159135103225708
Save ckpt to ckpt/ag_news_linearal_l5ad_pad177//ag_news_linearal_l5.pt  ,ep 1
Test Epoch1 threshold 0.9 Acc 0.9073684210526316, AUC 0.9785669445991516, avg_entr 0.14843280613422394, f1 0.9073684215545654
ep1_t0.9_test_time 0.1589059829711914
Save ckpt to ckpt/ag_news_linearal_l5ad_pad177//ag_news_linearal_l5.pt  ,ep 1
gc 0
Train Epoch2 Acc 0.9158083333333333 (109897/120000), AUC 0.9818106889724731
ep2_train_time 10.054190874099731
Test Epoch2 threshold 0.1 Acc 0.91, AUC 0.9789917469024658, avg_entr 0.1245475709438324, f1 0.9100000262260437
ep2_t0.1_test_time 0.17940711975097656
Save ckpt to ckpt/ag_news_linearal_l5ad_pad177//ag_news_linearal_l5.pt  ,ep 2
Test Epoch2 threshold 0.2 Acc 0.9097368421052632, AUC 0.9788596630096436, avg_entr 0.12928296625614166, f1 0.9097368717193604
ep2_t0.2_test_time 0.17928838729858398
Test Epoch2 threshold 0.3 Acc 0.9097368421052632, AUC 0.9787981510162354, avg_entr 0.13325798511505127, f1 0.9097368717193604
ep2_t0.3_test_time 0.1774907112121582
Test Epoch2 threshold 0.4 Acc 0.9089473684210526, AUC 0.9787106513977051, avg_entr 0.13643832504749298, f1 0.9089473485946655
ep2_t0.4_test_time 0.17719769477844238
Test Epoch2 threshold 0.5 Acc 0.9105263157894737, AUC 0.9787907004356384, avg_entr 0.13803423941135406, f1 0.9105263352394104
ep2_t0.5_test_time 0.17648625373840332
Save ckpt to ckpt/ag_news_linearal_l5ad_pad177//ag_news_linearal_l5.pt  ,ep 2
Test Epoch2 threshold 0.6 Acc 0.9113157894736842, AUC 0.9788004755973816, avg_entr 0.13831867277622223, f1 0.9113157987594604
ep2_t0.6_test_time 0.16268444061279297
Save ckpt to ckpt/ag_news_linearal_l5ad_pad177//ag_news_linearal_l5.pt  ,ep 2
Test Epoch2 threshold 0.7 Acc 0.9110526315789473, AUC 0.9787923097610474, avg_entr 0.13831806182861328, f1 0.9110526442527771
ep2_t0.7_test_time 0.15898585319519043
Test Epoch2 threshold 0.8 Acc 0.9110526315789473, AUC 0.9787923097610474, avg_entr 0.13831806182861328, f1 0.9110526442527771
ep2_t0.8_test_time 0.15800786018371582
Test Epoch2 threshold 0.9 Acc 0.9110526315789473, AUC 0.9787923097610474, avg_entr 0.13831806182861328, f1 0.9110526442527771
ep2_t0.9_test_time 0.15768218040466309
gc 0
Train Epoch3 Acc 0.9165833333333333 (109990/120000), AUC 0.9821755290031433
ep3_train_time 10.129726886749268
Test Epoch3 threshold 0.1 Acc 0.9123684210526316, AUC 0.9790217876434326, avg_entr 0.1214183047413826, f1 0.9123684167861938
ep3_t0.1_test_time 0.18109822273254395
Save ckpt to ckpt/ag_news_linearal_l5ad_pad177//ag_news_linearal_l5.pt  ,ep 3
Test Epoch3 threshold 0.2 Acc 0.9121052631578948, AUC 0.9789092540740967, avg_entr 0.1262061893939972, f1 0.9121052622795105
ep3_t0.2_test_time 0.17902135848999023
Test Epoch3 threshold 0.3 Acc 0.911578947368421, AUC 0.9788625240325928, avg_entr 0.13009129464626312, f1 0.9115789532661438
ep3_t0.3_test_time 0.17795705795288086
Test Epoch3 threshold 0.4 Acc 0.9121052631578948, AUC 0.9788084626197815, avg_entr 0.13343124091625214, f1 0.9121052622795105
ep3_t0.4_test_time 0.17710208892822266
Test Epoch3 threshold 0.5 Acc 0.9123684210526316, AUC 0.9788554906845093, avg_entr 0.13496747612953186, f1 0.9123684167861938
ep3_t0.5_test_time 0.17687368392944336
Save ckpt to ckpt/ag_news_linearal_l5ad_pad177//ag_news_linearal_l5.pt  ,ep 3
Test Epoch3 threshold 0.6 Acc 0.9123684210526316, AUC 0.9788607954978943, avg_entr 0.1352328658103943, f1 0.9123684167861938
ep3_t0.6_test_time 0.16290283203125
Save ckpt to ckpt/ag_news_linearal_l5ad_pad177//ag_news_linearal_l5.pt  ,ep 3
Test Epoch3 threshold 0.7 Acc 0.9121052631578948, AUC 0.9788536429405212, avg_entr 0.13522721827030182, f1 0.9121052622795105
ep3_t0.7_test_time 0.15824007987976074
Test Epoch3 threshold 0.8 Acc 0.9121052631578948, AUC 0.9788536429405212, avg_entr 0.13522721827030182, f1 0.9121052622795105
ep3_t0.8_test_time 0.15912652015686035
Test Epoch3 threshold 0.9 Acc 0.9121052631578948, AUC 0.9788536429405212, avg_entr 0.13522721827030182, f1 0.9121052622795105
ep3_t0.9_test_time 0.1576547622680664
gc 0
Train Epoch4 Acc 0.917 (110040/120000), AUC 0.9822587370872498
ep4_train_time 10.074918270111084
Test Epoch4 threshold 0.1 Acc 0.9126315789473685, AUC 0.9790328145027161, avg_entr 0.12045381963253021, f1 0.9126315712928772
ep4_t0.1_test_time 0.18056249618530273
Save ckpt to ckpt/ag_news_linearal_l5ad_pad177//ag_news_linearal_l5.pt  ,ep 4
Test Epoch4 threshold 0.2 Acc 0.9123684210526316, AUC 0.9789116978645325, avg_entr 0.12523995339870453, f1 0.9123684167861938
ep4_t0.2_test_time 0.17837119102478027
Test Epoch4 threshold 0.3 Acc 0.9121052631578948, AUC 0.978874921798706, avg_entr 0.12924876809120178, f1 0.9121052622795105
ep4_t0.3_test_time 0.17769670486450195
Test Epoch4 threshold 0.4 Acc 0.9123684210526316, AUC 0.9788002371788025, avg_entr 0.1325005292892456, f1 0.9123684167861938
ep4_t0.4_test_time 0.17710494995117188
Test Epoch4 threshold 0.5 Acc 0.9118421052631579, AUC 0.9788689613342285, avg_entr 0.13402824103832245, f1 0.9118421077728271
ep4_t0.5_test_time 0.1762230396270752
Test Epoch4 threshold 0.6 Acc 0.9121052631578948, AUC 0.9788715839385986, avg_entr 0.13429103791713715, f1 0.9121052622795105
ep4_t0.6_test_time 0.16207218170166016
Test Epoch4 threshold 0.7 Acc 0.9118421052631579, AUC 0.9788646697998047, avg_entr 0.1342879831790924, f1 0.9118421077728271
ep4_t0.7_test_time 0.15792441368103027
Test Epoch4 threshold 0.8 Acc 0.9118421052631579, AUC 0.9788646697998047, avg_entr 0.1342879831790924, f1 0.9118421077728271
ep4_t0.8_test_time 0.15770196914672852
Test Epoch4 threshold 0.9 Acc 0.9118421052631579, AUC 0.9788646697998047, avg_entr 0.1342879831790924, f1 0.9118421077728271
ep4_t0.9_test_time 0.15800213813781738
gc 0
Train Epoch5 Acc 0.9170166666666667 (110042/120000), AUC 0.9822722673416138
ep5_train_time 10.070779800415039
Test Epoch5 threshold 0.1 Acc 0.9118421052631579, AUC 0.9790387153625488, avg_entr 0.12002494186162949, f1 0.9118421077728271
ep5_t0.1_test_time 0.18008923530578613
Test Epoch5 threshold 0.2 Acc 0.9118421052631579, AUC 0.9789107441902161, avg_entr 0.12480198591947556, f1 0.9118421077728271
ep5_t0.2_test_time 0.1796126365661621
Test Epoch5 threshold 0.3 Acc 0.911578947368421, AUC 0.9788801670074463, avg_entr 0.12880252301692963, f1 0.9115789532661438
ep5_t0.3_test_time 0.17689943313598633
Test Epoch5 threshold 0.4 Acc 0.911578947368421, AUC 0.9788077473640442, avg_entr 0.13209502398967743, f1 0.9115789532661438
ep5_t0.4_test_time 0.1773228645324707
Test Epoch5 threshold 0.5 Acc 0.9113157894736842, AUC 0.978867769241333, avg_entr 0.1336071491241455, f1 0.9113157987594604
ep5_t0.5_test_time 0.17621350288391113
Test Epoch5 threshold 0.6 Acc 0.9118421052631579, AUC 0.9788751602172852, avg_entr 0.13385426998138428, f1 0.9118421077728271
ep5_t0.6_test_time 0.16076016426086426
Test Epoch5 threshold 0.7 Acc 0.911578947368421, AUC 0.9788682460784912, avg_entr 0.13384978473186493, f1 0.9115789532661438
ep5_t0.7_test_time 0.15695953369140625
Test Epoch5 threshold 0.8 Acc 0.911578947368421, AUC 0.9788682460784912, avg_entr 0.13384978473186493, f1 0.9115789532661438
ep5_t0.8_test_time 0.15710735321044922
Test Epoch5 threshold 0.9 Acc 0.911578947368421, AUC 0.9788682460784912, avg_entr 0.13384978473186493, f1 0.9115789532661438
ep5_t0.9_test_time 0.15705633163452148
gc 0
Train Epoch6 Acc 0.9169333333333334 (110032/120000), AUC 0.9822772741317749
ep6_train_time 9.99635934829712
Test Epoch6 threshold 0.1 Acc 0.9118421052631579, AUC 0.979040265083313, avg_entr 0.11995448172092438, f1 0.9118421077728271
ep6_t0.1_test_time 0.1795046329498291
Test Epoch6 threshold 0.2 Acc 0.9118421052631579, AUC 0.9789089560508728, avg_entr 0.12473952770233154, f1 0.9118421077728271
ep6_t0.2_test_time 0.1784954071044922
Test Epoch6 threshold 0.3 Acc 0.911578947368421, AUC 0.9788828492164612, avg_entr 0.1287315934896469, f1 0.9115789532661438
ep6_t0.3_test_time 0.1771714687347412
Test Epoch6 threshold 0.4 Acc 0.911578947368421, AUC 0.9788088202476501, avg_entr 0.1319974958896637, f1 0.9115789532661438
ep6_t0.4_test_time 0.17766761779785156
Test Epoch6 threshold 0.5 Acc 0.9113157894736842, AUC 0.9788687229156494, avg_entr 0.13352544605731964, f1 0.9113157987594604
ep6_t0.5_test_time 0.1783890724182129
Test Epoch6 threshold 0.6 Acc 0.9118421052631579, AUC 0.9788756370544434, avg_entr 0.13376958668231964, f1 0.9118421077728271
ep6_t0.6_test_time 0.16188454627990723
Test Epoch6 threshold 0.7 Acc 0.911578947368421, AUC 0.9788686037063599, avg_entr 0.13376517593860626, f1 0.9115789532661438
ep6_t0.7_test_time 0.15803861618041992
Test Epoch6 threshold 0.8 Acc 0.911578947368421, AUC 0.9788686037063599, avg_entr 0.13376517593860626, f1 0.9115789532661438
ep6_t0.8_test_time 0.15805792808532715
Test Epoch6 threshold 0.9 Acc 0.911578947368421, AUC 0.9788686037063599, avg_entr 0.13376517593860626, f1 0.9115789532661438
ep6_t0.9_test_time 0.15792369842529297
gc 0
Train Epoch7 Acc 0.9169583333333333 (110035/120000), AUC 0.9822791218757629
ep7_train_time 10.04295539855957
Test Epoch7 threshold 0.1 Acc 0.911578947368421, AUC 0.9790410399436951, avg_entr 0.11992783099412918, f1 0.9115789532661438
ep7_t0.1_test_time 0.1824207305908203
Test Epoch7 threshold 0.2 Acc 0.911578947368421, AUC 0.978908896446228, avg_entr 0.12472160160541534, f1 0.9115789532661438
ep7_t0.2_test_time 0.17815208435058594
Test Epoch7 threshold 0.3 Acc 0.9113157894736842, AUC 0.9788826704025269, avg_entr 0.12871268391609192, f1 0.9113157987594604
ep7_t0.3_test_time 0.17722129821777344
Test Epoch7 threshold 0.4 Acc 0.9113157894736842, AUC 0.9788080453872681, avg_entr 0.1319844275712967, f1 0.9113157987594604
ep7_t0.4_test_time 0.17717647552490234
Test Epoch7 threshold 0.5 Acc 0.9110526315789473, AUC 0.9788649082183838, avg_entr 0.13350333273410797, f1 0.9110526442527771
ep7_t0.5_test_time 0.17610478401184082
Test Epoch7 threshold 0.6 Acc 0.9118421052631579, AUC 0.9788756370544434, avg_entr 0.133754163980484, f1 0.9118421077728271
ep7_t0.6_test_time 0.1611006259918213
Test Epoch7 threshold 0.7 Acc 0.911578947368421, AUC 0.9788685441017151, avg_entr 0.13374975323677063, f1 0.9115789532661438
ep7_t0.7_test_time 0.15763521194458008
Test Epoch7 threshold 0.8 Acc 0.911578947368421, AUC 0.9788685441017151, avg_entr 0.13374975323677063, f1 0.9115789532661438
ep7_t0.8_test_time 0.15756559371948242
Test Epoch7 threshold 0.9 Acc 0.911578947368421, AUC 0.9788685441017151, avg_entr 0.13374975323677063, f1 0.9115789532661438
ep7_t0.9_test_time 0.1591475009918213
gc 0
Train Epoch8 Acc 0.916925 (110031/120000), AUC 0.98227858543396
ep8_train_time 9.990029573440552
Test Epoch8 threshold 0.1 Acc 0.911578947368421, AUC 0.9790415167808533, avg_entr 0.11991284042596817, f1 0.9115789532661438
ep8_t0.1_test_time 0.17985916137695312
Test Epoch8 threshold 0.2 Acc 0.911578947368421, AUC 0.9789073467254639, avg_entr 0.12471161782741547, f1 0.9115789532661438
ep8_t0.2_test_time 0.1775972843170166
Test Epoch8 threshold 0.3 Acc 0.9113157894736842, AUC 0.9788827300071716, avg_entr 0.1287035197019577, f1 0.9113157987594604
ep8_t0.3_test_time 0.17749810218811035
Test Epoch8 threshold 0.4 Acc 0.9113157894736842, AUC 0.9788082838058472, avg_entr 0.13197766244411469, f1 0.9113157987594604
ep8_t0.4_test_time 0.17672109603881836
Test Epoch8 threshold 0.5 Acc 0.9110526315789473, AUC 0.9788654446601868, avg_entr 0.13349969685077667, f1 0.9110526442527771
ep8_t0.5_test_time 0.17728328704833984
Test Epoch8 threshold 0.6 Acc 0.9118421052631579, AUC 0.9788757562637329, avg_entr 0.1337510347366333, f1 0.9118421077728271
ep8_t0.6_test_time 0.1617884635925293
Test Epoch8 threshold 0.7 Acc 0.911578947368421, AUC 0.9788686633110046, avg_entr 0.13374662399291992, f1 0.9115789532661438
ep8_t0.7_test_time 0.15738940238952637
Test Epoch8 threshold 0.8 Acc 0.911578947368421, AUC 0.9788686633110046, avg_entr 0.13374662399291992, f1 0.9115789532661438
ep8_t0.8_test_time 0.15709209442138672
Test Epoch8 threshold 0.9 Acc 0.911578947368421, AUC 0.9788686633110046, avg_entr 0.13374662399291992, f1 0.9115789532661438
ep8_t0.9_test_time 0.15703821182250977
gc 0
Train Epoch9 Acc 0.9169583333333333 (110035/120000), AUC 0.9822787642478943
ep9_train_time 10.070733547210693
Test Epoch9 threshold 0.1 Acc 0.9118421052631579, AUC 0.9790420532226562, avg_entr 0.1198936328291893, f1 0.9118421077728271
ep9_t0.1_test_time 0.18021273612976074
Test Epoch9 threshold 0.2 Acc 0.9118421052631579, AUC 0.978906512260437, avg_entr 0.12470457702875137, f1 0.9118421077728271
ep9_t0.2_test_time 0.17764616012573242
Test Epoch9 threshold 0.3 Acc 0.911578947368421, AUC 0.9788831472396851, avg_entr 0.12869274616241455, f1 0.9115789532661438
ep9_t0.3_test_time 0.17934560775756836
Test Epoch9 threshold 0.4 Acc 0.911578947368421, AUC 0.9788092374801636, avg_entr 0.13196969032287598, f1 0.9115789532661438
ep9_t0.4_test_time 0.17797589302062988
Test Epoch9 threshold 0.5 Acc 0.9110526315789473, AUC 0.978865385055542, avg_entr 0.1334952414035797, f1 0.9110526442527771
ep9_t0.5_test_time 0.17698287963867188
Test Epoch9 threshold 0.6 Acc 0.9118421052631579, AUC 0.9788757562637329, avg_entr 0.1337471306324005, f1 0.9118421077728271
ep9_t0.6_test_time 0.16434001922607422
Test Epoch9 threshold 0.7 Acc 0.911578947368421, AUC 0.9788686633110046, avg_entr 0.13374269008636475, f1 0.9115789532661438
ep9_t0.7_test_time 0.15878772735595703
Test Epoch9 threshold 0.8 Acc 0.911578947368421, AUC 0.9788686633110046, avg_entr 0.13374269008636475, f1 0.9115789532661438
ep9_t0.8_test_time 0.15756845474243164
Test Epoch9 threshold 0.9 Acc 0.911578947368421, AUC 0.9788686633110046, avg_entr 0.13374269008636475, f1 0.9115789532661438
ep9_t0.9_test_time 0.1573019027709961
gc 0
Train Epoch10 Acc 0.91695 (110034/120000), AUC 0.9822790622711182
ep10_train_time 10.054630279541016
Test Epoch10 threshold 0.1 Acc 0.9118421052631579, AUC 0.9790416359901428, avg_entr 0.11987317353487015, f1 0.9118421077728271
ep10_t0.1_test_time 0.18022966384887695
Test Epoch10 threshold 0.2 Acc 0.9118421052631579, AUC 0.9789057970046997, avg_entr 0.12469454109668732, f1 0.9118421077728271
ep10_t0.2_test_time 0.17861557006835938
Test Epoch10 threshold 0.3 Acc 0.911578947368421, AUC 0.9788835048675537, avg_entr 0.12868016958236694, f1 0.9115789532661438
ep10_t0.3_test_time 0.177276611328125
Test Epoch10 threshold 0.4 Acc 0.911578947368421, AUC 0.9788081049919128, avg_entr 0.13197529315948486, f1 0.9115789532661438
ep10_t0.4_test_time 0.1767277717590332
Test Epoch10 threshold 0.5 Acc 0.9110526315789473, AUC 0.978864848613739, avg_entr 0.1334892064332962, f1 0.9110526442527771
ep10_t0.5_test_time 0.17641806602478027
Test Epoch10 threshold 0.6 Acc 0.9118421052631579, AUC 0.9788757562637329, avg_entr 0.13374163210391998, f1 0.9118421077728271
ep10_t0.6_test_time 0.1616220474243164
Test Epoch10 threshold 0.7 Acc 0.911578947368421, AUC 0.9788687825202942, avg_entr 0.13373717665672302, f1 0.9115789532661438
ep10_t0.7_test_time 0.15891289710998535
Test Epoch10 threshold 0.8 Acc 0.911578947368421, AUC 0.9788687825202942, avg_entr 0.13373717665672302, f1 0.9115789532661438
ep10_t0.8_test_time 0.15814995765686035
Test Epoch10 threshold 0.9 Acc 0.911578947368421, AUC 0.9788687825202942, avg_entr 0.13373717665672302, f1 0.9115789532661438
ep10_t0.9_test_time 0.15738582611083984
gc 0
Train Epoch11 Acc 0.916975 (110037/120000), AUC 0.9822789430618286
ep11_train_time 10.05546236038208
Test Epoch11 threshold 0.1 Acc 0.9118421052631579, AUC 0.9790419340133667, avg_entr 0.1198507621884346, f1 0.9118421077728271
ep11_t0.1_test_time 0.1800689697265625
Test Epoch11 threshold 0.2 Acc 0.9118421052631579, AUC 0.9789056777954102, avg_entr 0.12467550486326218, f1 0.9118421077728271
ep11_t0.2_test_time 0.17751193046569824
Test Epoch11 threshold 0.3 Acc 0.911578947368421, AUC 0.9788834452629089, avg_entr 0.12866456806659698, f1 0.9115789532661438
ep11_t0.3_test_time 0.1765449047088623
Test Epoch11 threshold 0.4 Acc 0.911578947368421, AUC 0.9788080453872681, avg_entr 0.13196319341659546, f1 0.9115789532661438
ep11_t0.4_test_time 0.17614197731018066
Test Epoch11 threshold 0.5 Acc 0.9110526315789473, AUC 0.9788650274276733, avg_entr 0.13347946107387543, f1 0.9110526442527771
ep11_t0.5_test_time 0.17532038688659668
Test Epoch11 threshold 0.6 Acc 0.9118421052631579, AUC 0.9788757562637329, avg_entr 0.1337323784828186, f1 0.9118421077728271
ep11_t0.6_test_time 0.16036391258239746
Test Epoch11 threshold 0.7 Acc 0.911578947368421, AUC 0.9788687825202942, avg_entr 0.13372796773910522, f1 0.9115789532661438
ep11_t0.7_test_time 0.1582341194152832
Test Epoch11 threshold 0.8 Acc 0.911578947368421, AUC 0.9788687825202942, avg_entr 0.13372796773910522, f1 0.9115789532661438
ep11_t0.8_test_time 0.15772151947021484
Test Epoch11 threshold 0.9 Acc 0.911578947368421, AUC 0.9788687825202942, avg_entr 0.13372796773910522, f1 0.9115789532661438
ep11_t0.9_test_time 0.15710043907165527
gc 0
Train Epoch12 Acc 0.9169666666666667 (110036/120000), AUC 0.9822790026664734
ep12_train_time 9.995418310165405
Test Epoch12 threshold 0.1 Acc 0.9118421052631579, AUC 0.9790396690368652, avg_entr 0.11983972042798996, f1 0.9118421077728271
ep12_t0.1_test_time 0.17990493774414062
Test Epoch12 threshold 0.2 Acc 0.9118421052631579, AUC 0.978905200958252, avg_entr 0.12465547025203705, f1 0.9118421077728271
ep12_t0.2_test_time 0.179823637008667
Test Epoch12 threshold 0.3 Acc 0.911578947368421, AUC 0.9788832664489746, avg_entr 0.12864737212657928, f1 0.9115789532661438
ep12_t0.3_test_time 0.17703676223754883
Test Epoch12 threshold 0.4 Acc 0.911578947368421, AUC 0.9788113236427307, avg_entr 0.13195011019706726, f1 0.9115789532661438
ep12_t0.4_test_time 0.17704200744628906
Test Epoch12 threshold 0.5 Acc 0.9110526315789473, AUC 0.9788652658462524, avg_entr 0.1334666609764099, f1 0.9110526442527771
ep12_t0.5_test_time 0.17660117149353027
Test Epoch12 threshold 0.6 Acc 0.9118421052631579, AUC 0.9788758754730225, avg_entr 0.13371993601322174, f1 0.9118421077728271
ep12_t0.6_test_time 0.16106891632080078
Test Epoch12 threshold 0.7 Acc 0.911578947368421, AUC 0.9788689017295837, avg_entr 0.13371555507183075, f1 0.9115789532661438
ep12_t0.7_test_time 0.15749359130859375
Test Epoch12 threshold 0.8 Acc 0.911578947368421, AUC 0.9788689017295837, avg_entr 0.13371555507183075, f1 0.9115789532661438
ep12_t0.8_test_time 0.15709424018859863
Test Epoch12 threshold 0.9 Acc 0.911578947368421, AUC 0.9788689017295837, avg_entr 0.13371555507183075, f1 0.9115789532661438
ep12_t0.9_test_time 0.1569521427154541
gc 0
Train Epoch13 Acc 0.9169833333333334 (110038/120000), AUC 0.9822791814804077
ep13_train_time 10.072057485580444
Test Epoch13 threshold 0.1 Acc 0.9118421052631579, AUC 0.9790395498275757, avg_entr 0.11982186883687973, f1 0.9118421077728271
ep13_t0.1_test_time 0.17994356155395508
Test Epoch13 threshold 0.2 Acc 0.9118421052631579, AUC 0.9789053797721863, avg_entr 0.12463674694299698, f1 0.9118421077728271
ep13_t0.2_test_time 0.1775496006011963
Test Epoch13 threshold 0.3 Acc 0.911578947368421, AUC 0.9788828492164612, avg_entr 0.12864156067371368, f1 0.9115789532661438
ep13_t0.3_test_time 0.17712712287902832
Test Epoch13 threshold 0.4 Acc 0.911578947368421, AUC 0.9788110852241516, avg_entr 0.13193480670452118, f1 0.9115789532661438
ep13_t0.4_test_time 0.1765124797821045
Test Epoch13 threshold 0.5 Acc 0.9110526315789473, AUC 0.9788653254508972, avg_entr 0.13345298171043396, f1 0.9110526442527771
ep13_t0.5_test_time 0.17719459533691406
Test Epoch13 threshold 0.6 Acc 0.9118421052631579, AUC 0.9788758754730225, avg_entr 0.13370659947395325, f1 0.9118421077728271
ep13_t0.6_test_time 0.16311860084533691
Test Epoch13 threshold 0.7 Acc 0.911578947368421, AUC 0.9788689613342285, avg_entr 0.13370223343372345, f1 0.9115789532661438
ep13_t0.7_test_time 0.15836596488952637
Test Epoch13 threshold 0.8 Acc 0.911578947368421, AUC 0.9788689613342285, avg_entr 0.13370223343372345, f1 0.9115789532661438
ep13_t0.8_test_time 0.1571788787841797
Test Epoch13 threshold 0.9 Acc 0.911578947368421, AUC 0.9788689613342285, avg_entr 0.13370223343372345, f1 0.9115789532661438
ep13_t0.9_test_time 0.15737271308898926
gc 0
Train Epoch14 Acc 0.916975 (110037/120000), AUC 0.9822791814804077
ep14_train_time 9.995868682861328
Test Epoch14 threshold 0.1 Acc 0.9118421052631579, AUC 0.9790391325950623, avg_entr 0.11980043351650238, f1 0.9118421077728271
ep14_t0.1_test_time 0.18095731735229492
Test Epoch14 threshold 0.2 Acc 0.9118421052631579, AUC 0.9789048433303833, avg_entr 0.12461728602647781, f1 0.9118421077728271
ep14_t0.2_test_time 0.17715024948120117
Test Epoch14 threshold 0.3 Acc 0.911578947368421, AUC 0.9788819551467896, avg_entr 0.12862426042556763, f1 0.9115789532661438
ep14_t0.3_test_time 0.17719054222106934
Test Epoch14 threshold 0.4 Acc 0.911578947368421, AUC 0.9788105487823486, avg_entr 0.13191938400268555, f1 0.9115789532661438
ep14_t0.4_test_time 0.17670798301696777
Test Epoch14 threshold 0.5 Acc 0.9110526315789473, AUC 0.9788653254508972, avg_entr 0.13343869149684906, f1 0.9110526442527771
ep14_t0.5_test_time 0.17589259147644043
Test Epoch14 threshold 0.6 Acc 0.9118421052631579, AUC 0.9788758158683777, avg_entr 0.1336926519870758, f1 0.9118421077728271
ep14_t0.6_test_time 0.16010165214538574
Test Epoch14 threshold 0.7 Acc 0.911578947368421, AUC 0.978868842124939, avg_entr 0.1336883157491684, f1 0.9115789532661438
ep14_t0.7_test_time 0.15759634971618652
Test Epoch14 threshold 0.8 Acc 0.911578947368421, AUC 0.978868842124939, avg_entr 0.1336883157491684, f1 0.9115789532661438
ep14_t0.8_test_time 0.1581859588623047
Test Epoch14 threshold 0.9 Acc 0.911578947368421, AUC 0.978868842124939, avg_entr 0.1336883157491684, f1 0.9115789532661438
ep14_t0.9_test_time 0.15808892250061035
gc 0
Train Epoch15 Acc 0.9169833333333334 (110038/120000), AUC 0.9822787642478943
ep15_train_time 10.057992458343506
Test Epoch15 threshold 0.1 Acc 0.9118421052631579, AUC 0.9790384769439697, avg_entr 0.1197798103094101, f1 0.9118421077728271
ep15_t0.1_test_time 0.18008923530578613
Test Epoch15 threshold 0.2 Acc 0.9118421052631579, AUC 0.9789046049118042, avg_entr 0.12459872663021088, f1 0.9118421077728271
ep15_t0.2_test_time 0.17737460136413574
Test Epoch15 threshold 0.3 Acc 0.911578947368421, AUC 0.9788818359375, avg_entr 0.1286075860261917, f1 0.9115789532661438
ep15_t0.3_test_time 0.17665576934814453
Test Epoch15 threshold 0.4 Acc 0.911578947368421, AUC 0.9788116812705994, avg_entr 0.13190993666648865, f1 0.9115789532661438
ep15_t0.4_test_time 0.1769111156463623
Test Epoch15 threshold 0.5 Acc 0.9110526315789473, AUC 0.9788652658462524, avg_entr 0.13342463970184326, f1 0.9110526442527771
ep15_t0.5_test_time 0.17655014991760254
Test Epoch15 threshold 0.6 Acc 0.9118421052631579, AUC 0.9788757562637329, avg_entr 0.1336788535118103, f1 0.9118421077728271
ep15_t0.6_test_time 0.16134381294250488
Test Epoch15 threshold 0.7 Acc 0.911578947368421, AUC 0.9788687229156494, avg_entr 0.1336745321750641, f1 0.9115789532661438
ep15_t0.7_test_time 0.15703082084655762
Test Epoch15 threshold 0.8 Acc 0.911578947368421, AUC 0.9788687229156494, avg_entr 0.1336745321750641, f1 0.9115789532661438
ep15_t0.8_test_time 0.15722870826721191
Test Epoch15 threshold 0.9 Acc 0.911578947368421, AUC 0.9788687229156494, avg_entr 0.1336745321750641, f1 0.9115789532661438
ep15_t0.9_test_time 0.1569662094116211
gc 0
Train Epoch16 Acc 0.917 (110040/120000), AUC 0.9822792410850525
ep16_train_time 10.038655757904053
Test Epoch16 threshold 0.1 Acc 0.9118421052631579, AUC 0.9790390133857727, avg_entr 0.11975839734077454, f1 0.9118421077728271
ep16_t0.1_test_time 0.1798534393310547
Test Epoch16 threshold 0.2 Acc 0.9118421052631579, AUC 0.9789048433303833, avg_entr 0.12457951158285141, f1 0.9118421077728271
ep16_t0.2_test_time 0.17801403999328613
Test Epoch16 threshold 0.3 Acc 0.911578947368421, AUC 0.9788821339607239, avg_entr 0.1285904347896576, f1 0.9115789532661438
ep16_t0.3_test_time 0.17852091789245605
Test Epoch16 threshold 0.4 Acc 0.911578947368421, AUC 0.9788116216659546, avg_entr 0.13189484179019928, f1 0.9115789532661438
ep16_t0.4_test_time 0.17734479904174805
Test Epoch16 threshold 0.5 Acc 0.9110526315789473, AUC 0.9788641333580017, avg_entr 0.13341668248176575, f1 0.9110526442527771
ep16_t0.5_test_time 0.1778261661529541
Test Epoch16 threshold 0.6 Acc 0.9118421052631579, AUC 0.9788757562637329, avg_entr 0.13366463780403137, f1 0.9118421077728271
ep16_t0.6_test_time 0.16115784645080566
Test Epoch16 threshold 0.7 Acc 0.911578947368421, AUC 0.9788687825202942, avg_entr 0.13366033136844635, f1 0.9115789532661438
ep16_t0.7_test_time 0.15705490112304688
Test Epoch16 threshold 0.8 Acc 0.911578947368421, AUC 0.9788687825202942, avg_entr 0.13366033136844635, f1 0.9115789532661438
ep16_t0.8_test_time 0.15719962120056152
Test Epoch16 threshold 0.9 Acc 0.911578947368421, AUC 0.9788687825202942, avg_entr 0.13366033136844635, f1 0.9115789532661438
ep16_t0.9_test_time 0.1572277545928955
gc 0
Train Epoch17 Acc 0.917 (110040/120000), AUC 0.9822794198989868
ep17_train_time 10.085035562515259
Test Epoch17 threshold 0.1 Acc 0.9118421052631579, AUC 0.9790388941764832, avg_entr 0.1197371557354927, f1 0.9118421077728271
ep17_t0.1_test_time 0.18070411682128906
Test Epoch17 threshold 0.2 Acc 0.9118421052631579, AUC 0.9789046049118042, avg_entr 0.12456046789884567, f1 0.9118421077728271
ep17_t0.2_test_time 0.17734861373901367
Test Epoch17 threshold 0.3 Acc 0.911578947368421, AUC 0.9788819551467896, avg_entr 0.12857338786125183, f1 0.9115789532661438
ep17_t0.3_test_time 0.17639374732971191
Test Epoch17 threshold 0.4 Acc 0.911578947368421, AUC 0.978812575340271, avg_entr 0.13188393414020538, f1 0.9115789532661438
ep17_t0.4_test_time 0.17638635635375977
Test Epoch17 threshold 0.5 Acc 0.9110526315789473, AUC 0.9788638353347778, avg_entr 0.13340234756469727, f1 0.9110526442527771
ep17_t0.5_test_time 0.17563652992248535
Test Epoch17 threshold 0.6 Acc 0.9118421052631579, AUC 0.9788756966590881, avg_entr 0.133650541305542, f1 0.9118421077728271
ep17_t0.6_test_time 0.16186118125915527
Test Epoch17 threshold 0.7 Acc 0.911578947368421, AUC 0.9788687229156494, avg_entr 0.13364621996879578, f1 0.9115789532661438
ep17_t0.7_test_time 0.1574230194091797
Test Epoch17 threshold 0.8 Acc 0.911578947368421, AUC 0.9788687229156494, avg_entr 0.13364621996879578, f1 0.9115789532661438
ep17_t0.8_test_time 0.15682601928710938
Test Epoch17 threshold 0.9 Acc 0.911578947368421, AUC 0.9788687229156494, avg_entr 0.13364621996879578, f1 0.9115789532661438
ep17_t0.9_test_time 0.1576395034790039
gc 0
Train Epoch18 Acc 0.9170083333333333 (110041/120000), AUC 0.9822793006896973
ep18_train_time 9.964452981948853
Test Epoch18 threshold 0.1 Acc 0.9118421052631579, AUC 0.9790389537811279, avg_entr 0.11972108483314514, f1 0.9118421077728271
ep18_t0.1_test_time 0.18044161796569824
Test Epoch18 threshold 0.2 Acc 0.9118421052631579, AUC 0.9789051413536072, avg_entr 0.12454230338335037, f1 0.9118421077728271
ep18_t0.2_test_time 0.17764520645141602
Test Epoch18 threshold 0.3 Acc 0.911578947368421, AUC 0.9788827300071716, avg_entr 0.12855680286884308, f1 0.9115789532661438
ep18_t0.3_test_time 0.17677831649780273
Test Epoch18 threshold 0.4 Acc 0.911578947368421, AUC 0.9788130521774292, avg_entr 0.1318688541650772, f1 0.9115789532661438
ep18_t0.4_test_time 0.17653155326843262
Test Epoch18 threshold 0.5 Acc 0.9110526315789473, AUC 0.9788640737533569, avg_entr 0.1333879679441452, f1 0.9110526442527771
ep18_t0.5_test_time 0.17610383033752441
Test Epoch18 threshold 0.6 Acc 0.9118421052631579, AUC 0.9788756966590881, avg_entr 0.13363632559776306, f1 0.9118421077728271
ep18_t0.6_test_time 0.1615607738494873
Test Epoch18 threshold 0.7 Acc 0.911578947368421, AUC 0.9788687229156494, avg_entr 0.13363200426101685, f1 0.9115789532661438
ep18_t0.7_test_time 0.1584317684173584
Test Epoch18 threshold 0.8 Acc 0.911578947368421, AUC 0.9788687229156494, avg_entr 0.13363200426101685, f1 0.9115789532661438
ep18_t0.8_test_time 0.15852642059326172
Test Epoch18 threshold 0.9 Acc 0.911578947368421, AUC 0.9788687229156494, avg_entr 0.13363200426101685, f1 0.9115789532661438
ep18_t0.9_test_time 0.15936923027038574
gc 0
Train Epoch19 Acc 0.9169916666666666 (110039/120000), AUC 0.9822796583175659
ep19_train_time 10.031383514404297
Test Epoch19 threshold 0.1 Acc 0.9118421052631579, AUC 0.9790389537811279, avg_entr 0.11970100551843643, f1 0.9118421077728271
ep19_t0.1_test_time 0.1807553768157959
Test Epoch19 threshold 0.2 Acc 0.9118421052631579, AUC 0.9789048433303833, avg_entr 0.12452419847249985, f1 0.9118421077728271
ep19_t0.2_test_time 0.1780543327331543
Test Epoch19 threshold 0.3 Acc 0.9113157894736842, AUC 0.9788804054260254, avg_entr 0.12854386866092682, f1 0.9113157987594604
ep19_t0.3_test_time 0.1802208423614502
Test Epoch19 threshold 0.4 Acc 0.911578947368421, AUC 0.9788107872009277, avg_entr 0.13185863196849823, f1 0.9115789532661438
ep19_t0.4_test_time 0.17701125144958496
Test Epoch19 threshold 0.5 Acc 0.9110526315789473, AUC 0.9788641929626465, avg_entr 0.13337351381778717, f1 0.9110526442527771
ep19_t0.5_test_time 0.17604279518127441
Test Epoch19 threshold 0.6 Acc 0.9118421052631579, AUC 0.9788756370544434, avg_entr 0.13362202048301697, f1 0.9118421077728271
ep19_t0.6_test_time 0.16011619567871094
Test Epoch19 threshold 0.7 Acc 0.911578947368421, AUC 0.9788686633110046, avg_entr 0.13361768424510956, f1 0.9115789532661438
ep19_t0.7_test_time 0.1571822166442871
Test Epoch19 threshold 0.8 Acc 0.911578947368421, AUC 0.9788686633110046, avg_entr 0.13361768424510956, f1 0.9115789532661438
ep19_t0.8_test_time 0.15657782554626465
Test Epoch19 threshold 0.9 Acc 0.911578947368421, AUC 0.9788686633110046, avg_entr 0.13361768424510956, f1 0.9115789532661438
ep19_t0.9_test_time 0.1569657325744629
gc 0
Train Epoch20 Acc 0.9169916666666666 (110039/120000), AUC 0.9822793006896973
ep20_train_time 10.085901737213135
Test Epoch20 threshold 0.1 Acc 0.9118421052631579, AUC 0.9790393114089966, avg_entr 0.11968022584915161, f1 0.9118421077728271
ep20_t0.1_test_time 0.17972564697265625
Test Epoch20 threshold 0.2 Acc 0.9118421052631579, AUC 0.9789050221443176, avg_entr 0.12450528144836426, f1 0.9118421077728271
ep20_t0.2_test_time 0.17733407020568848
Test Epoch20 threshold 0.3 Acc 0.9113157894736842, AUC 0.9788789749145508, avg_entr 0.1285271942615509, f1 0.9113157987594604
ep20_t0.3_test_time 0.17664837837219238
Test Epoch20 threshold 0.4 Acc 0.911578947368421, AUC 0.9788107872009277, avg_entr 0.13184316456317902, f1 0.9115789532661438
ep20_t0.4_test_time 0.17795634269714355
Test Epoch20 threshold 0.5 Acc 0.9110526315789473, AUC 0.978864312171936, avg_entr 0.13335883617401123, f1 0.9110526442527771
ep20_t0.5_test_time 0.17814946174621582
Test Epoch20 threshold 0.6 Acc 0.9118421052631579, AUC 0.9788757562637329, avg_entr 0.13360752165317535, f1 0.9118421077728271
ep20_t0.6_test_time 0.16038727760314941
Test Epoch20 threshold 0.7 Acc 0.911578947368421, AUC 0.9788687825202942, avg_entr 0.13360320031642914, f1 0.9115789532661438
ep20_t0.7_test_time 0.15696001052856445
Test Epoch20 threshold 0.8 Acc 0.911578947368421, AUC 0.9788687825202942, avg_entr 0.13360320031642914, f1 0.9115789532661438
ep20_t0.8_test_time 0.15623974800109863
Test Epoch20 threshold 0.9 Acc 0.911578947368421, AUC 0.9788687825202942, avg_entr 0.13360320031642914, f1 0.9115789532661438
ep20_t0.9_test_time 0.15711545944213867
gc 0
Train Epoch21 Acc 0.9170083333333333 (110041/120000), AUC 0.9822795391082764
ep21_train_time 9.985261678695679
Test Epoch21 threshold 0.1 Acc 0.9118421052631579, AUC 0.9790393114089966, avg_entr 0.1196594387292862, f1 0.9118421077728271
ep21_t0.1_test_time 0.1795656681060791
Test Epoch21 threshold 0.2 Acc 0.9118421052631579, AUC 0.9789052605628967, avg_entr 0.12448620796203613, f1 0.9118421077728271
ep21_t0.2_test_time 0.17816662788391113
Test Epoch21 threshold 0.3 Acc 0.9113157894736842, AUC 0.9788790941238403, avg_entr 0.12851011753082275, f1 0.9113157987594604
ep21_t0.3_test_time 0.17787814140319824
Test Epoch21 threshold 0.4 Acc 0.911578947368421, AUC 0.9788175225257874, avg_entr 0.1318540722131729, f1 0.9115789532661438
ep21_t0.4_test_time 0.17709660530090332
Test Epoch21 threshold 0.5 Acc 0.9110526315789473, AUC 0.9788643717765808, avg_entr 0.13334409892559052, f1 0.9110526442527771
ep21_t0.5_test_time 0.17630672454833984
Test Epoch21 threshold 0.6 Acc 0.9118421052631579, AUC 0.9788758754730225, avg_entr 0.13359306752681732, f1 0.9118421077728271
ep21_t0.6_test_time 0.16132259368896484
Test Epoch21 threshold 0.7 Acc 0.911578947368421, AUC 0.978868842124939, avg_entr 0.1335887908935547, f1 0.9115789532661438
ep21_t0.7_test_time 0.15706133842468262
Test Epoch21 threshold 0.8 Acc 0.911578947368421, AUC 0.978868842124939, avg_entr 0.1335887908935547, f1 0.9115789532661438
ep21_t0.8_test_time 0.15843558311462402
Test Epoch21 threshold 0.9 Acc 0.911578947368421, AUC 0.978868842124939, avg_entr 0.1335887908935547, f1 0.9115789532661438
ep21_t0.9_test_time 0.15761017799377441
gc 0
Train Epoch22 Acc 0.9169833333333334 (110038/120000), AUC 0.9822797775268555
ep22_train_time 10.056634426116943
Test Epoch22 threshold 0.1 Acc 0.9118421052631579, AUC 0.979038655757904, avg_entr 0.11964362114667892, f1 0.9118421077728271
ep22_t0.1_test_time 0.17990493774414062
Test Epoch22 threshold 0.2 Acc 0.9118421052631579, AUC 0.9789052605628967, avg_entr 0.1244668960571289, f1 0.9118421077728271
ep22_t0.2_test_time 0.1779477596282959
Test Epoch22 threshold 0.3 Acc 0.9113157894736842, AUC 0.9788789749145508, avg_entr 0.12849295139312744, f1 0.9113157987594604
ep22_t0.3_test_time 0.1766514778137207
Test Epoch22 threshold 0.4 Acc 0.911578947368421, AUC 0.9788172245025635, avg_entr 0.1318388134241104, f1 0.9115789532661438
ep22_t0.4_test_time 0.17725181579589844
Test Epoch22 threshold 0.5 Acc 0.9110526315789473, AUC 0.9788641333580017, avg_entr 0.13332948088645935, f1 0.9110526442527771
ep22_t0.5_test_time 0.17864751815795898
Test Epoch22 threshold 0.6 Acc 0.9118421052631579, AUC 0.9788758754730225, avg_entr 0.1335785984992981, f1 0.9118421077728271
ep22_t0.6_test_time 0.16150188446044922
Test Epoch22 threshold 0.7 Acc 0.911578947368421, AUC 0.9788689017295837, avg_entr 0.13357433676719666, f1 0.9115789532661438
ep22_t0.7_test_time 0.15718960762023926
Test Epoch22 threshold 0.8 Acc 0.911578947368421, AUC 0.9788689017295837, avg_entr 0.13357433676719666, f1 0.9115789532661438
ep22_t0.8_test_time 0.15716147422790527
Test Epoch22 threshold 0.9 Acc 0.911578947368421, AUC 0.9788689017295837, avg_entr 0.13357433676719666, f1 0.9115789532661438
ep22_t0.9_test_time 0.15651512145996094
gc 0
Train Epoch23 Acc 0.917 (110040/120000), AUC 0.9822798371315002
ep23_train_time 10.140019655227661
Test Epoch23 threshold 0.1 Acc 0.9118421052631579, AUC 0.9790387153625488, avg_entr 0.11962325870990753, f1 0.9118421077728271
ep23_t0.1_test_time 0.17968344688415527
Test Epoch23 threshold 0.2 Acc 0.9118421052631579, AUC 0.9789052605628967, avg_entr 0.12444838881492615, f1 0.9118421077728271
ep23_t0.2_test_time 0.17899799346923828
Test Epoch23 threshold 0.3 Acc 0.9113157894736842, AUC 0.9788788557052612, avg_entr 0.12847602367401123, f1 0.9113157987594604
ep23_t0.3_test_time 0.17794227600097656
Test Epoch23 threshold 0.4 Acc 0.911578947368421, AUC 0.9788172245025635, avg_entr 0.13182324171066284, f1 0.9115789532661438
ep23_t0.4_test_time 0.1766195297241211
Test Epoch23 threshold 0.5 Acc 0.9113157894736842, AUC 0.9788642525672913, avg_entr 0.13331468403339386, f1 0.9113157987594604
ep23_t0.5_test_time 0.17603254318237305
Test Epoch23 threshold 0.6 Acc 0.9121052631578948, AUC 0.9788758754730225, avg_entr 0.13356396555900574, f1 0.9121052622795105
ep23_t0.6_test_time 0.1609811782836914
Test Epoch23 threshold 0.7 Acc 0.9118421052631579, AUC 0.978868842124939, avg_entr 0.1335596740245819, f1 0.9118421077728271
ep23_t0.7_test_time 0.1574115753173828
Test Epoch23 threshold 0.8 Acc 0.9118421052631579, AUC 0.978868842124939, avg_entr 0.1335596740245819, f1 0.9118421077728271
ep23_t0.8_test_time 0.15662193298339844
Test Epoch23 threshold 0.9 Acc 0.9118421052631579, AUC 0.978868842124939, avg_entr 0.1335596740245819, f1 0.9118421077728271
ep23_t0.9_test_time 0.15705537796020508
gc 0
Train Epoch24 Acc 0.9170166666666667 (110042/120000), AUC 0.9822800755500793
ep24_train_time 10.09295392036438
Test Epoch24 threshold 0.1 Acc 0.9118421052631579, AUC 0.9790385365486145, avg_entr 0.11960557848215103, f1 0.9118421077728271
ep24_t0.1_test_time 0.17990541458129883
Test Epoch24 threshold 0.2 Acc 0.9118421052631579, AUC 0.9789053201675415, avg_entr 0.12443055957555771, f1 0.9118421077728271
ep24_t0.2_test_time 0.1775810718536377
Test Epoch24 threshold 0.3 Acc 0.9113157894736842, AUC 0.9788787961006165, avg_entr 0.12845943868160248, f1 0.9113157987594604
ep24_t0.3_test_time 0.17738795280456543
Test Epoch24 threshold 0.4 Acc 0.911578947368421, AUC 0.9788157939910889, avg_entr 0.13182441890239716, f1 0.9115789532661438
ep24_t0.4_test_time 0.17633986473083496
Test Epoch24 threshold 0.5 Acc 0.9113157894736842, AUC 0.9788646697998047, avg_entr 0.1333000361919403, f1 0.9113157987594604
ep24_t0.5_test_time 0.1781322956085205
Test Epoch24 threshold 0.6 Acc 0.9121052631578948, AUC 0.978875994682312, avg_entr 0.13354943692684174, f1 0.9121052622795105
ep24_t0.6_test_time 0.16182589530944824
Test Epoch24 threshold 0.7 Acc 0.9118421052631579, AUC 0.9788690209388733, avg_entr 0.13354510068893433, f1 0.9118421077728271
ep24_t0.7_test_time 0.15743112564086914
Test Epoch24 threshold 0.8 Acc 0.9118421052631579, AUC 0.9788690209388733, avg_entr 0.13354510068893433, f1 0.9118421077728271
ep24_t0.8_test_time 0.15750646591186523
Test Epoch24 threshold 0.9 Acc 0.9118421052631579, AUC 0.9788690209388733, avg_entr 0.13354510068893433, f1 0.9118421077728271
ep24_t0.9_test_time 0.1573505401611328
gc 0
Train Epoch25 Acc 0.9170333333333334 (110044/120000), AUC 0.9822800159454346
ep25_train_time 10.020678997039795
Test Epoch25 threshold 0.1 Acc 0.9118421052631579, AUC 0.9790382385253906, avg_entr 0.11958587169647217, f1 0.9118421077728271
ep25_t0.1_test_time 0.17950892448425293
Test Epoch25 threshold 0.2 Acc 0.9118421052631579, AUC 0.9789053797721863, avg_entr 0.12441255152225494, f1 0.9118421077728271
ep25_t0.2_test_time 0.1780986785888672
Test Epoch25 threshold 0.3 Acc 0.9113157894736842, AUC 0.9788784384727478, avg_entr 0.12844303250312805, f1 0.9113157987594604
ep25_t0.3_test_time 0.1775825023651123
Test Epoch25 threshold 0.4 Acc 0.911578947368421, AUC 0.9788157939910889, avg_entr 0.13180935382843018, f1 0.9115789532661438
ep25_t0.4_test_time 0.17716288566589355
Test Epoch25 threshold 0.5 Acc 0.9113157894736842, AUC 0.9788647890090942, avg_entr 0.1332857310771942, f1 0.9113157987594604
ep25_t0.5_test_time 0.17622637748718262
Test Epoch25 threshold 0.6 Acc 0.9121052631578948, AUC 0.978875994682312, avg_entr 0.13353528082370758, f1 0.9121052622795105
ep25_t0.6_test_time 0.16092252731323242
Test Epoch25 threshold 0.7 Acc 0.9118421052631579, AUC 0.9788690209388733, avg_entr 0.13353092968463898, f1 0.9118421077728271
ep25_t0.7_test_time 0.15703487396240234
Test Epoch25 threshold 0.8 Acc 0.9118421052631579, AUC 0.9788690209388733, avg_entr 0.13353092968463898, f1 0.9118421077728271
ep25_t0.8_test_time 0.15743398666381836
Test Epoch25 threshold 0.9 Acc 0.9118421052631579, AUC 0.9788690209388733, avg_entr 0.13353092968463898, f1 0.9118421077728271
ep25_t0.9_test_time 0.15891146659851074
gc 0
Train Epoch26 Acc 0.9169916666666666 (110039/120000), AUC 0.9822802543640137
ep26_train_time 10.148046016693115
Test Epoch26 threshold 0.1 Acc 0.9118421052631579, AUC 0.9790388345718384, avg_entr 0.11956702917814255, f1 0.9118421077728271
ep26_t0.1_test_time 0.18021845817565918
Test Epoch26 threshold 0.2 Acc 0.9118421052631579, AUC 0.9789055585861206, avg_entr 0.12439467757940292, f1 0.9118421077728271
ep26_t0.2_test_time 0.17742705345153809
Test Epoch26 threshold 0.3 Acc 0.9113157894736842, AUC 0.9788784980773926, avg_entr 0.12842664122581482, f1 0.9113157987594604
ep26_t0.3_test_time 0.17659378051757812
Test Epoch26 threshold 0.4 Acc 0.911578947368421, AUC 0.9788156747817993, avg_entr 0.13179439306259155, f1 0.9115789532661438
ep26_t0.4_test_time 0.1762678623199463
Test Epoch26 threshold 0.5 Acc 0.9113157894736842, AUC 0.9788646697998047, avg_entr 0.13327112793922424, f1 0.9113157987594604
ep26_t0.5_test_time 0.17557740211486816
Test Epoch26 threshold 0.6 Acc 0.9121052631578948, AUC 0.9788760542869568, avg_entr 0.13352090120315552, f1 0.9121052622795105
ep26_t0.6_test_time 0.16048836708068848
Test Epoch26 threshold 0.7 Acc 0.9118421052631579, AUC 0.9788690805435181, avg_entr 0.1335165947675705, f1 0.9118421077728271
ep26_t0.7_test_time 0.157149076461792
Test Epoch26 threshold 0.8 Acc 0.9118421052631579, AUC 0.9788690805435181, avg_entr 0.1335165947675705, f1 0.9118421077728271
ep26_t0.8_test_time 0.15655279159545898
Test Epoch26 threshold 0.9 Acc 0.9118421052631579, AUC 0.9788690805435181, avg_entr 0.1335165947675705, f1 0.9118421077728271
ep26_t0.9_test_time 0.15651869773864746
gc 0
Train Epoch27 Acc 0.917025 (110043/120000), AUC 0.9822808504104614
ep27_train_time 10.086362838745117
Test Epoch27 threshold 0.1 Acc 0.9118421052631579, AUC 0.9790388345718384, avg_entr 0.11955030262470245, f1 0.9118421077728271
ep27_t0.1_test_time 0.1797935962677002
Test Epoch27 threshold 0.2 Acc 0.9118421052631579, AUC 0.978905200958252, avg_entr 0.1243872418999672, f1 0.9118421077728271
ep27_t0.2_test_time 0.1783311367034912
Test Epoch27 threshold 0.3 Acc 0.9113157894736842, AUC 0.9788820743560791, avg_entr 0.1284172087907791, f1 0.9113157987594604
ep27_t0.3_test_time 0.17838740348815918
Test Epoch27 threshold 0.4 Acc 0.911578947368421, AUC 0.9788172245025635, avg_entr 0.13178427517414093, f1 0.9115789532661438
ep27_t0.4_test_time 0.17657113075256348
Test Epoch27 threshold 0.5 Acc 0.9113157894736842, AUC 0.9788649678230286, avg_entr 0.13325662910938263, f1 0.9113157987594604
ep27_t0.5_test_time 0.17629384994506836
Test Epoch27 threshold 0.6 Acc 0.9121052631578948, AUC 0.9788763523101807, avg_entr 0.13350656628608704, f1 0.9121052622795105
ep27_t0.6_test_time 0.16129565238952637
Test Epoch27 threshold 0.7 Acc 0.9118421052631579, AUC 0.9788693785667419, avg_entr 0.13350223004817963, f1 0.9118421077728271
ep27_t0.7_test_time 0.15765094757080078
Test Epoch27 threshold 0.8 Acc 0.9118421052631579, AUC 0.9788693785667419, avg_entr 0.13350223004817963, f1 0.9118421077728271
ep27_t0.8_test_time 0.1572868824005127
Test Epoch27 threshold 0.9 Acc 0.9118421052631579, AUC 0.9788693785667419, avg_entr 0.13350223004817963, f1 0.9118421077728271
ep27_t0.9_test_time 0.15769553184509277
gc 0
Train Epoch28 Acc 0.9170333333333334 (110044/120000), AUC 0.9822806715965271
ep28_train_time 10.092814207077026
Test Epoch28 threshold 0.1 Acc 0.9118421052631579, AUC 0.9790390133857727, avg_entr 0.11953486502170563, f1 0.9118421077728271
ep28_t0.1_test_time 0.17931127548217773
Test Epoch28 threshold 0.2 Acc 0.9118421052631579, AUC 0.9789058566093445, avg_entr 0.12436792999505997, f1 0.9118421077728271
ep28_t0.2_test_time 0.17728877067565918
Test Epoch28 threshold 0.3 Acc 0.9113157894736842, AUC 0.9788821935653687, avg_entr 0.128400057554245, f1 0.9113157987594604
ep28_t0.3_test_time 0.17620015144348145
Test Epoch28 threshold 0.4 Acc 0.911578947368421, AUC 0.9788172245025635, avg_entr 0.1317691057920456, f1 0.9115789532661438
ep28_t0.4_test_time 0.17607808113098145
Test Epoch28 threshold 0.5 Acc 0.9113157894736842, AUC 0.9788646101951599, avg_entr 0.1332419216632843, f1 0.9113157987594604
ep28_t0.5_test_time 0.17746949195861816
Test Epoch28 threshold 0.6 Acc 0.9121052631578948, AUC 0.9788761734962463, avg_entr 0.13349206745624542, f1 0.9121052622795105
ep28_t0.6_test_time 0.16180849075317383
Test Epoch28 threshold 0.7 Acc 0.9118421052631579, AUC 0.9788693189620972, avg_entr 0.1334877759218216, f1 0.9118421077728271
ep28_t0.7_test_time 0.15960693359375
Test Epoch28 threshold 0.8 Acc 0.9118421052631579, AUC 0.9788693189620972, avg_entr 0.1334877759218216, f1 0.9118421077728271
ep28_t0.8_test_time 0.15695667266845703
Test Epoch28 threshold 0.9 Acc 0.9118421052631579, AUC 0.9788693189620972, avg_entr 0.1334877759218216, f1 0.9118421077728271
ep28_t0.9_test_time 0.1568765640258789
gc 0
Train Epoch29 Acc 0.917 (110040/120000), AUC 0.9822808504104614
ep29_train_time 10.024198293685913
Test Epoch29 threshold 0.1 Acc 0.9118421052631579, AUC 0.979037880897522, avg_entr 0.11951751261949539, f1 0.9118421077728271
ep29_t0.1_test_time 0.18051719665527344
Test Epoch29 threshold 0.2 Acc 0.9118421052631579, AUC 0.9789051413536072, avg_entr 0.12435168027877808, f1 0.9118421077728271
ep29_t0.2_test_time 0.1778087615966797
Test Epoch29 threshold 0.3 Acc 0.9113157894736842, AUC 0.9788818359375, avg_entr 0.12838256359100342, f1 0.9113157987594604
ep29_t0.3_test_time 0.17769241333007812
Test Epoch29 threshold 0.4 Acc 0.911578947368421, AUC 0.97881680727005, avg_entr 0.13175620138645172, f1 0.9115789532661438
ep29_t0.4_test_time 0.17656850814819336
Test Epoch29 threshold 0.5 Acc 0.9113157894736842, AUC 0.9788646101951599, avg_entr 0.13322699069976807, f1 0.9113157987594604
ep29_t0.5_test_time 0.17639827728271484
Test Epoch29 threshold 0.6 Acc 0.9121052631578948, AUC 0.9788764119148254, avg_entr 0.13347725570201874, f1 0.9121052622795105
ep29_t0.6_test_time 0.1604623794555664
Test Epoch29 threshold 0.7 Acc 0.9118421052631579, AUC 0.9788693785667419, avg_entr 0.13347293436527252, f1 0.9118421077728271
ep29_t0.7_test_time 0.15805768966674805
Test Epoch29 threshold 0.8 Acc 0.9118421052631579, AUC 0.9788693785667419, avg_entr 0.13347293436527252, f1 0.9118421077728271
ep29_t0.8_test_time 0.1575167179107666
Test Epoch29 threshold 0.9 Acc 0.9118421052631579, AUC 0.9788693785667419, avg_entr 0.13347293436527252, f1 0.9118421077728271
ep29_t0.9_test_time 0.15880417823791504
Best AUC tensor(0.9126) 4 0.1
train_loss (2, 5, 30)
valid_acc (30, 9)
valid_AUC (30, 9)
train_acc (30,)
total_train/valid_time 350.33651304244995
Start Testing
Load ckpt at ckpt/ag_news_linearal_l5ad_pad177//ag_news_linearal_l5.pt
Test threshold 0.1 Acc 0.9063157894736842, AUC 0.9757065773010254, avg_entr 0.12446226179599762, f1 0.906315803527832
t0.1_test_time 0.1781473159790039
Test threshold 0.2 Acc 0.9063157894736842, AUC 0.9756648540496826, avg_entr 0.12943260371685028, f1 0.906315803527832
t0.2_test_time 0.17843151092529297
Test threshold 0.3 Acc 0.9063157894736842, AUC 0.9757003784179688, avg_entr 0.13356490433216095, f1 0.906315803527832
t0.3_test_time 0.17814087867736816
Test threshold 0.4 Acc 0.9063157894736842, AUC 0.9755824208259583, avg_entr 0.13664039969444275, f1 0.906315803527832
t0.4_test_time 0.1777477264404297
Test threshold 0.5 Acc 0.9047368421052632, AUC 0.9755855202674866, avg_entr 0.1381073296070099, f1 0.9047367572784424
t0.5_test_time 0.17490243911743164
Test threshold 0.6 Acc 0.9039473684210526, AUC 0.9755853414535522, avg_entr 0.1384057104587555, f1 0.9039472937583923
t0.6_test_time 0.16039609909057617
Test threshold 0.7 Acc 0.9036842105263158, AUC 0.9755783081054688, avg_entr 0.1384136974811554, f1 0.9036841988563538
t0.7_test_time 0.15787005424499512
Test threshold 0.8 Acc 0.9036842105263158, AUC 0.9755783081054688, avg_entr 0.1384136974811554, f1 0.9036841988563538
t0.8_test_time 0.15784502029418945
Test threshold 0.9 Acc 0.9036842105263158, AUC 0.9755783081054688, avg_entr 0.1384136974811554, f1 0.9036841988563538
t0.9_test_time 0.15798139572143555
