total count words 887880
vocab size 30000
found 28354 words in glove
Start Training
[[9.01438458e+03 1.63304189e+02]
 [9.72583492e-01 9.21697560e+01]
 [6.38559736e-01 5.75221223e+01]
 [6.38113449e-01 4.27044387e+01]
 [6.77446131e-01 3.50846359e+01]]
Train Epoch0 Acc 0.9576535714285714 (536286/560000)
Test Epoch0 layer0 Acc 0.9746142857142858
Test Epoch0 layer1 Acc 0.9765142857142857
Test Epoch0 layer2 Acc 0.977
Test Epoch0 layer3 Acc 0.9772714285714286
Test Epoch0 layer4 Acc 0.9773
[[8.88125497e+03 1.85922965e+02]
 [9.25359760e-02 5.59515292e+01]
 [1.28939938e-01 3.56974892e+01]
 [1.45126863e-01 2.31441946e+01]
 [1.74996032e-01 1.48626104e+01]]
Train Epoch1 Acc 0.9809178571428572 (549314/560000)
Test Epoch1 layer0 Acc 0.9746285714285714
Test Epoch1 layer1 Acc 0.9771428571428571
Test Epoch1 layer2 Acc 0.9775857142857143
Test Epoch1 layer3 Acc 0.9779
Test Epoch1 layer4 Acc 0.978
[[8.88123356e+03 2.00766651e+02]
 [8.16734275e-02 5.53904023e+01]
 [1.35223453e-01 3.51286882e+01]
 [3.02030264e-01 2.24107681e+01]
 [5.08444324e-01 1.32862588e+01]]
Train Epoch2 Acc 0.9822410714285714 (550055/560000)
Test Epoch2 layer0 Acc 0.9756
Test Epoch2 layer1 Acc 0.9780857142857143
Test Epoch2 layer2 Acc 0.9787142857142858
Test Epoch2 layer3 Acc 0.9786142857142857
Test Epoch2 layer4 Acc 0.9786714285714285
[[8.88123214e+03 1.98380275e+02]
 [6.08407698e-02 5.20708995e+01]
 [1.65392363e-01 2.97115584e+01]
 [4.67968404e-01 1.65166497e+01]
 [5.82683452e-01 9.05307648e+00]]
Train Epoch3 Acc 0.9831535714285714 (550566/560000)
Test Epoch3 layer0 Acc 0.9755428571428572
Test Epoch3 layer1 Acc 0.9787
Test Epoch3 layer2 Acc 0.9792571428571428
Test Epoch3 layer3 Acc 0.9793142857142857
Test Epoch3 layer4 Acc 0.9792571428571428
[[8.88123214e+03 1.96600038e+02]
 [5.54688877e-02 5.08639851e+01]
 [2.10307974e-01 2.63516404e+01]
 [6.05872724e-01 1.41737551e+01]
 [6.36605980e-01 7.58634631e+00]]
Train Epoch4 Acc 0.9835857142857143 (550808/560000)
Test Epoch4 layer0 Acc 0.9755714285714285
Test Epoch4 layer1 Acc 0.9788714285714286
Test Epoch4 layer2 Acc 0.9791857142857143
Test Epoch4 layer3 Acc 0.9792571428571428
Test Epoch4 layer4 Acc 0.9793
[[8.88123214e+03 1.95388608e+02]
 [4.88700981e-02 4.98113265e+01]
 [1.89194039e-01 2.51407560e+01]
 [4.63060396e-01 1.33334192e+01]
 [5.22666631e-01 7.37224038e+00]]
Train Epoch5 Acc 0.9841964285714285 (551150/560000)
Test Epoch5 layer0 Acc 0.9753428571428572
Test Epoch5 layer1 Acc 0.9792857142857143
Test Epoch5 layer2 Acc 0.9794428571428572
Test Epoch5 layer3 Acc 0.9795
Test Epoch5 layer4 Acc 0.9795285714285714
[[8.88123214e+03 1.94469669e+02]
 [4.13690737e-02 4.88415872e+01]
 [2.26558796e-01 2.50737020e+01]
 [6.04276391e-01 1.35994348e+01]
 [7.06488489e-01 7.94925557e+00]]
Train Epoch6 Acc 0.9846535714285715 (551406/560000)
Test Epoch6 layer0 Acc 0.9754
Test Epoch6 layer1 Acc 0.9794142857142857
Test Epoch6 layer2 Acc 0.9796
Test Epoch6 layer3 Acc 0.9794285714285714
Test Epoch6 layer4 Acc 0.9794285714285714
[[8.88123214e+03 1.93771991e+02]
 [3.69567159e-02 4.77402096e+01]
 [1.93230645e-01 2.41024687e+01]
 [4.82423689e-01 1.27405499e+01]
 [5.90282275e-01 7.58485139e+00]]
Train Epoch7 Acc 0.9849392857142857 (551566/560000)
Test Epoch7 layer0 Acc 0.9755857142857143
Test Epoch7 layer1 Acc 0.9795857142857143
Test Epoch7 layer2 Acc 0.9800857142857143
Test Epoch7 layer3 Acc 0.9799285714285715
Test Epoch7 layer4 Acc 0.9799714285714286
[[8.88123214e+03 1.93167395e+02]
 [2.86759715e-02 4.62569201e+01]
 [2.12197335e-01 2.26596479e+01]
 [5.95069695e-01 1.16995351e+01]
 [7.54886902e-01 7.00981991e+00]]
Train Epoch8 Acc 0.98545 (551852/560000)
Test Epoch8 layer0 Acc 0.9752428571428572
Test Epoch8 layer1 Acc 0.9794714285714285
Test Epoch8 layer2 Acc 0.9795714285714285
Test Epoch8 layer3 Acc 0.9794571428571428
Test Epoch8 layer4 Acc 0.9794428571428572
[[8.88123214e+03 1.92687024e+02]
 [2.69295681e-02 4.56817731e+01]
 [1.50238794e-01 2.22430897e+01]
 [3.55925976e-01 1.10901991e+01]
 [4.43166046e-01 6.14120549e+00]]
Train Epoch9 Acc 0.9857357142857143 (552012/560000)
Test Epoch9 layer0 Acc 0.9755
Test Epoch9 layer1 Acc 0.9798142857142857
Test Epoch9 layer2 Acc 0.9800857142857143
Test Epoch9 layer3 Acc 0.9801285714285715
Test Epoch9 layer4 Acc 0.9801142857142857
[[8.88123214e+03 1.92302101e+02]
 [2.64510944e-02 4.54850488e+01]
 [1.76345909e-01 2.17813145e+01]
 [4.45377506e-01 1.11954408e+01]
 [5.69349545e-01 6.77193960e+00]]
Train Epoch10 Acc 0.9859803571428571 (552149/560000)
Test Epoch10 layer0 Acc 0.9750571428571428
Test Epoch10 layer1 Acc 0.9796571428571429
Test Epoch10 layer2 Acc 0.9796714285714285
Test Epoch10 layer3 Acc 0.9797142857142858
Test Epoch10 layer4 Acc 0.9796571428571429
[[8.88123214e+03 1.91882537e+02]
 [2.73130006e-02 4.45525743e+01]
 [1.98689474e-01 2.13114403e+01]
 [5.17819430e-01 1.10428935e+01]
 [6.76971789e-01 6.73404030e+00]]
Train Epoch11 Acc 0.986425 (552398/560000)
Test Epoch11 layer0 Acc 0.9752857142857143
Test Epoch11 layer1 Acc 0.9795571428571429
Test Epoch11 layer2 Acc 0.9796857142857143
Test Epoch11 layer3 Acc 0.9796285714285714
Test Epoch11 layer4 Acc 0.9795428571428572
[[8.88123214e+03 1.91635785e+02]
 [1.58912484e-02 4.31147463e+01]
 [1.04941024e-01 2.01988741e+01]
 [2.30393368e-01 1.04680819e+01]
 [3.17752154e-01 6.32981908e+00]]
Train Epoch12 Acc 0.9866196428571429 (552507/560000)
Test Epoch12 layer0 Acc 0.9755
Test Epoch12 layer1 Acc 0.9796142857142857
Test Epoch12 layer2 Acc 0.9796142857142857
Test Epoch12 layer3 Acc 0.9796571428571429
Test Epoch12 layer4 Acc 0.9797142857142858
[[8.88123214e+03 1.91311168e+02]
 [2.07546348e-02 4.21649770e+01]
 [2.23374425e-01 1.94794201e+01]
 [5.88864205e-01 1.01336501e+01]
 [7.47635197e-01 6.61856234e+00]]
Train Epoch13 Acc 0.9869803571428571 (552709/560000)
Test Epoch13 layer0 Acc 0.9753285714285714
Test Epoch13 layer1 Acc 0.9797571428571429
Test Epoch13 layer2 Acc 0.9798285714285714
Test Epoch13 layer3 Acc 0.9796428571428571
Test Epoch13 layer4 Acc 0.9797142857142858
[[8.88123214e+03 1.91087027e+02]
 [1.49989812e-02 4.15194457e+01]
 [1.13366283e-01 1.85226495e+01]
 [2.61397059e-01 9.37334460e+00]
 [3.18266358e-01 5.72454286e+00]]
Train Epoch14 Acc 0.9873589285714286 (552921/560000)
Test Epoch14 layer0 Acc 0.9752714285714286
Test Epoch14 layer1 Acc 0.9794142857142857
Test Epoch14 layer2 Acc 0.9795
Test Epoch14 layer3 Acc 0.9794
Test Epoch14 layer4 Acc 0.9794857142857143
[[8.88123214e+03 1.90869894e+02]
 [1.58940373e-02 4.06970678e+01]
 [1.30670600e-01 1.84546647e+01]
 [3.18567945e-01 9.31489318e+00]
 [4.45892032e-01 5.83281037e+00]]
Train Epoch15 Acc 0.9876071428571429 (553060/560000)
Test Epoch15 layer0 Acc 0.9751142857142857
Test Epoch15 layer1 Acc 0.9790428571428571
Test Epoch15 layer2 Acc 0.9790285714285715
Test Epoch15 layer3 Acc 0.9790142857142857
Test Epoch15 layer4 Acc 0.9791714285714286
[[8.88123214e+03 1.90624140e+02]
 [1.44536704e-02 3.95595418e+01]
 [1.50840701e-01 1.80070610e+01]
 [4.04504300e-01 9.83508236e+00]
 [5.33884548e-01 6.56659604e+00]]
Train Epoch16 Acc 0.9877964285714286 (553166/560000)
Test Epoch16 layer0 Acc 0.9752142857142857
Test Epoch16 layer1 Acc 0.9792571428571428
Test Epoch16 layer2 Acc 0.9793428571428572
Test Epoch16 layer3 Acc 0.9791857142857143
Test Epoch16 layer4 Acc 0.9790571428571428
[[8.88123214e+03 1.90456557e+02]
 [1.77985069e-02 3.85541158e+01]
 [1.66427806e-01 1.73995132e+01]
 [4.37010528e-01 9.30395698e+00]
 [5.80471393e-01 6.47775942e+00]]
Train Epoch17 Acc 0.9881071428571429 (553340/560000)
Test Epoch17 layer0 Acc 0.9750571428571428
Test Epoch17 layer1 Acc 0.9792
Test Epoch17 layer2 Acc 0.9791857142857143
Test Epoch17 layer3 Acc 0.9792428571428572
Test Epoch17 layer4 Acc 0.9792428571428572
[[8.88123214e+03 1.90212224e+02]
 [1.18054557e-02 3.65116411e+01]
 [1.85863861e-01 1.59776514e+01]
 [5.90078113e-01 8.65559431e+00]
 [7.28511470e-01 6.18559173e+00]]
Train Epoch18 Acc 0.9883035714285714 (553450/560000)
Test Epoch18 layer0 Acc 0.9752142857142857
Test Epoch18 layer1 Acc 0.9792857142857143
Test Epoch18 layer2 Acc 0.9793571428571428
Test Epoch18 layer3 Acc 0.9794714285714285
Test Epoch18 layer4 Acc 0.9794571428571428
[[8.88123214e+03 1.90160359e+02]
 [1.66058493e-02 3.73026219e+01]
 [1.50263216e-01 1.70341871e+01]
 [3.62818523e-01 9.55807663e+00]
 [4.22311205e-01 6.66276723e+00]]
Train Epoch19 Acc 0.9884607142857142 (553538/560000)
Test Epoch19 layer0 Acc 0.9756285714285714
Test Epoch19 layer1 Acc 0.9792428571428572
Test Epoch19 layer2 Acc 0.9792428571428572
Test Epoch19 layer3 Acc 0.9791714285714286
Test Epoch19 layer4 Acc 0.9791285714285715
Best acc 0.9801285714285715
train_loss (2, 5, 20)
valid_acc (5, 20)
train_acc (20,)
Figure(640x480)
Figure(640x480)
Figure(640x480)
