total count words 102019
vocab size 30000
train size 120000, valid size 3800, test size 3800
found 26754 words in glove
model: TransformerModelML(
  (layers): ModuleList(
    (0): EMBLayer(
      (enc): ENC(
        (b): Sequential(
          (0): Linear(in_features=300, out_features=128, bias=True)
          (1): Tanh()
        )
        (f): Embedding(30000, 300)
        (cri): MSELoss()
      )
      (ae): AE(
        (g): Sequential(
          (0): Linear(in_features=4, out_features=128, bias=True)
          (1): Tanh()
        )
        (h): Sequential(
          (0): Linear(in_features=128, out_features=4, bias=True)
          (1): Sigmoid()
        )
        (cri): CrossEntropyLoss()
      )
    )
    (1): TransLayer(
      (enc): ENC(
        (b): Sequential(
          (0): Linear(in_features=300, out_features=128, bias=True)
          (1): Tanh()
        )
        (f): TransformerEncoder(
          (multi_headed_attention): MultiHeadAttention(
            (linears): ModuleList(
              (0): Linear(in_features=300, out_features=300, bias=True)
              (1): Linear(in_features=300, out_features=300, bias=True)
              (2): Linear(in_features=300, out_features=300, bias=True)
              (3): Linear(in_features=300, out_features=300, bias=True)
            )
            (sdpa): ScaledDotProductAttention()
            (dropout): Dropout(p=0.1, inplace=False)
          )
          (feed_forward): FeedForward(
            (w_1): Linear(in_features=300, out_features=300, bias=True)
            (w_2): Linear(in_features=300, out_features=300, bias=True)
            (relu): ReLU()
            (dropout): Dropout(p=0.1, inplace=False)
          )
          (encoder_layer): EncoderLayer(
            (self_attn): MultiHeadAttention(
              (linears): ModuleList(
                (0): Linear(in_features=300, out_features=300, bias=True)
                (1): Linear(in_features=300, out_features=300, bias=True)
                (2): Linear(in_features=300, out_features=300, bias=True)
                (3): Linear(in_features=300, out_features=300, bias=True)
              )
              (sdpa): ScaledDotProductAttention()
              (dropout): Dropout(p=0.1, inplace=False)
            )
            (feed_forward): FeedForward(
              (w_1): Linear(in_features=300, out_features=300, bias=True)
              (w_2): Linear(in_features=300, out_features=300, bias=True)
              (relu): ReLU()
              (dropout): Dropout(p=0.1, inplace=False)
            )
            (sublayer): ModuleList(
              (0): SublayerConnection(
                (norm): LayerNorm()
                (dropout): Dropout(p=0.1, inplace=False)
              )
              (1): SublayerConnection(
                (norm): LayerNorm()
                (dropout): Dropout(p=0.1, inplace=False)
              )
            )
          )
          (encoder): Encoder(
            (layers): ModuleList(
              (0): EncoderLayer(
                (self_attn): MultiHeadAttention(
                  (linears): ModuleList(
                    (0): Linear(in_features=300, out_features=300, bias=True)
                    (1): Linear(in_features=300, out_features=300, bias=True)
                    (2): Linear(in_features=300, out_features=300, bias=True)
                    (3): Linear(in_features=300, out_features=300, bias=True)
                  )
                  (sdpa): ScaledDotProductAttention()
                  (dropout): Dropout(p=0.1, inplace=False)
                )
                (feed_forward): FeedForward(
                  (w_1): Linear(in_features=300, out_features=300, bias=True)
                  (w_2): Linear(in_features=300, out_features=300, bias=True)
                  (relu): ReLU()
                  (dropout): Dropout(p=0.1, inplace=False)
                )
                (sublayer): ModuleList(
                  (0): SublayerConnection(
                    (norm): LayerNorm()
                    (dropout): Dropout(p=0.1, inplace=False)
                  )
                  (1): SublayerConnection(
                    (norm): LayerNorm()
                    (dropout): Dropout(p=0.1, inplace=False)
                  )
                )
              )
            )
            (norm): LayerNorm()
          )
        )
        (cri): MSELoss()
      )
      (ae): AE(
        (g): Sequential(
          (0): Linear(in_features=128, out_features=128, bias=True)
          (1): Tanh()
        )
        (h): Sequential(
          (0): Linear(in_features=128, out_features=128, bias=True)
        )
        (cri): MSELoss()
      )
    )
    (2): TransLayer(
      (enc): ENC(
        (b): Sequential(
          (0): Linear(in_features=300, out_features=128, bias=True)
          (1): Tanh()
        )
        (f): TransformerEncoder(
          (multi_headed_attention): MultiHeadAttention(
            (linears): ModuleList(
              (0): Linear(in_features=300, out_features=300, bias=True)
              (1): Linear(in_features=300, out_features=300, bias=True)
              (2): Linear(in_features=300, out_features=300, bias=True)
              (3): Linear(in_features=300, out_features=300, bias=True)
            )
            (sdpa): ScaledDotProductAttention()
            (dropout): Dropout(p=0.1, inplace=False)
          )
          (feed_forward): FeedForward(
            (w_1): Linear(in_features=300, out_features=300, bias=True)
            (w_2): Linear(in_features=300, out_features=300, bias=True)
            (relu): ReLU()
            (dropout): Dropout(p=0.1, inplace=False)
          )
          (encoder_layer): EncoderLayer(
            (self_attn): MultiHeadAttention(
              (linears): ModuleList(
                (0): Linear(in_features=300, out_features=300, bias=True)
                (1): Linear(in_features=300, out_features=300, bias=True)
                (2): Linear(in_features=300, out_features=300, bias=True)
                (3): Linear(in_features=300, out_features=300, bias=True)
              )
              (sdpa): ScaledDotProductAttention()
              (dropout): Dropout(p=0.1, inplace=False)
            )
            (feed_forward): FeedForward(
              (w_1): Linear(in_features=300, out_features=300, bias=True)
              (w_2): Linear(in_features=300, out_features=300, bias=True)
              (relu): ReLU()
              (dropout): Dropout(p=0.1, inplace=False)
            )
            (sublayer): ModuleList(
              (0): SublayerConnection(
                (norm): LayerNorm()
                (dropout): Dropout(p=0.1, inplace=False)
              )
              (1): SublayerConnection(
                (norm): LayerNorm()
                (dropout): Dropout(p=0.1, inplace=False)
              )
            )
          )
          (encoder): Encoder(
            (layers): ModuleList(
              (0): EncoderLayer(
                (self_attn): MultiHeadAttention(
                  (linears): ModuleList(
                    (0): Linear(in_features=300, out_features=300, bias=True)
                    (1): Linear(in_features=300, out_features=300, bias=True)
                    (2): Linear(in_features=300, out_features=300, bias=True)
                    (3): Linear(in_features=300, out_features=300, bias=True)
                  )
                  (sdpa): ScaledDotProductAttention()
                  (dropout): Dropout(p=0.1, inplace=False)
                )
                (feed_forward): FeedForward(
                  (w_1): Linear(in_features=300, out_features=300, bias=True)
                  (w_2): Linear(in_features=300, out_features=300, bias=True)
                  (relu): ReLU()
                  (dropout): Dropout(p=0.1, inplace=False)
                )
                (sublayer): ModuleList(
                  (0): SublayerConnection(
                    (norm): LayerNorm()
                    (dropout): Dropout(p=0.1, inplace=False)
                  )
                  (1): SublayerConnection(
                    (norm): LayerNorm()
                    (dropout): Dropout(p=0.1, inplace=False)
                  )
                )
              )
            )
            (norm): LayerNorm()
          )
        )
        (cri): MSELoss()
      )
      (ae): AE(
        (g): Sequential(
          (0): Linear(in_features=128, out_features=128, bias=True)
          (1): Tanh()
        )
        (h): Sequential(
          (0): Linear(in_features=128, out_features=128, bias=True)
        )
        (cri): MSELoss()
      )
    )
    (3): TransLayer(
      (enc): ENC(
        (b): Sequential(
          (0): Linear(in_features=300, out_features=128, bias=True)
          (1): Tanh()
        )
        (f): TransformerEncoder(
          (multi_headed_attention): MultiHeadAttention(
            (linears): ModuleList(
              (0): Linear(in_features=300, out_features=300, bias=True)
              (1): Linear(in_features=300, out_features=300, bias=True)
              (2): Linear(in_features=300, out_features=300, bias=True)
              (3): Linear(in_features=300, out_features=300, bias=True)
            )
            (sdpa): ScaledDotProductAttention()
            (dropout): Dropout(p=0.1, inplace=False)
          )
          (feed_forward): FeedForward(
            (w_1): Linear(in_features=300, out_features=300, bias=True)
            (w_2): Linear(in_features=300, out_features=300, bias=True)
            (relu): ReLU()
            (dropout): Dropout(p=0.1, inplace=False)
          )
          (encoder_layer): EncoderLayer(
            (self_attn): MultiHeadAttention(
              (linears): ModuleList(
                (0): Linear(in_features=300, out_features=300, bias=True)
                (1): Linear(in_features=300, out_features=300, bias=True)
                (2): Linear(in_features=300, out_features=300, bias=True)
                (3): Linear(in_features=300, out_features=300, bias=True)
              )
              (sdpa): ScaledDotProductAttention()
              (dropout): Dropout(p=0.1, inplace=False)
            )
            (feed_forward): FeedForward(
              (w_1): Linear(in_features=300, out_features=300, bias=True)
              (w_2): Linear(in_features=300, out_features=300, bias=True)
              (relu): ReLU()
              (dropout): Dropout(p=0.1, inplace=False)
            )
            (sublayer): ModuleList(
              (0): SublayerConnection(
                (norm): LayerNorm()
                (dropout): Dropout(p=0.1, inplace=False)
              )
              (1): SublayerConnection(
                (norm): LayerNorm()
                (dropout): Dropout(p=0.1, inplace=False)
              )
            )
          )
          (encoder): Encoder(
            (layers): ModuleList(
              (0): EncoderLayer(
                (self_attn): MultiHeadAttention(
                  (linears): ModuleList(
                    (0): Linear(in_features=300, out_features=300, bias=True)
                    (1): Linear(in_features=300, out_features=300, bias=True)
                    (2): Linear(in_features=300, out_features=300, bias=True)
                    (3): Linear(in_features=300, out_features=300, bias=True)
                  )
                  (sdpa): ScaledDotProductAttention()
                  (dropout): Dropout(p=0.1, inplace=False)
                )
                (feed_forward): FeedForward(
                  (w_1): Linear(in_features=300, out_features=300, bias=True)
                  (w_2): Linear(in_features=300, out_features=300, bias=True)
                  (relu): ReLU()
                  (dropout): Dropout(p=0.1, inplace=False)
                )
                (sublayer): ModuleList(
                  (0): SublayerConnection(
                    (norm): LayerNorm()
                    (dropout): Dropout(p=0.1, inplace=False)
                  )
                  (1): SublayerConnection(
                    (norm): LayerNorm()
                    (dropout): Dropout(p=0.1, inplace=False)
                  )
                )
              )
            )
            (norm): LayerNorm()
          )
        )
        (cri): MSELoss()
      )
      (ae): AE(
        (g): Sequential(
          (0): Linear(in_features=128, out_features=128, bias=True)
          (1): Tanh()
        )
        (h): Sequential(
          (0): Linear(in_features=128, out_features=128, bias=True)
        )
        (cri): MSELoss()
      )
    )
    (4): TransLayer(
      (enc): ENC(
        (b): Sequential(
          (0): Linear(in_features=300, out_features=128, bias=True)
          (1): Tanh()
        )
        (f): TransformerEncoder(
          (multi_headed_attention): MultiHeadAttention(
            (linears): ModuleList(
              (0): Linear(in_features=300, out_features=300, bias=True)
              (1): Linear(in_features=300, out_features=300, bias=True)
              (2): Linear(in_features=300, out_features=300, bias=True)
              (3): Linear(in_features=300, out_features=300, bias=True)
            )
            (sdpa): ScaledDotProductAttention()
            (dropout): Dropout(p=0.1, inplace=False)
          )
          (feed_forward): FeedForward(
            (w_1): Linear(in_features=300, out_features=300, bias=True)
            (w_2): Linear(in_features=300, out_features=300, bias=True)
            (relu): ReLU()
            (dropout): Dropout(p=0.1, inplace=False)
          )
          (encoder_layer): EncoderLayer(
            (self_attn): MultiHeadAttention(
              (linears): ModuleList(
                (0): Linear(in_features=300, out_features=300, bias=True)
                (1): Linear(in_features=300, out_features=300, bias=True)
                (2): Linear(in_features=300, out_features=300, bias=True)
                (3): Linear(in_features=300, out_features=300, bias=True)
              )
              (sdpa): ScaledDotProductAttention()
              (dropout): Dropout(p=0.1, inplace=False)
            )
            (feed_forward): FeedForward(
              (w_1): Linear(in_features=300, out_features=300, bias=True)
              (w_2): Linear(in_features=300, out_features=300, bias=True)
              (relu): ReLU()
              (dropout): Dropout(p=0.1, inplace=False)
            )
            (sublayer): ModuleList(
              (0): SublayerConnection(
                (norm): LayerNorm()
                (dropout): Dropout(p=0.1, inplace=False)
              )
              (1): SublayerConnection(
                (norm): LayerNorm()
                (dropout): Dropout(p=0.1, inplace=False)
              )
            )
          )
          (encoder): Encoder(
            (layers): ModuleList(
              (0): EncoderLayer(
                (self_attn): MultiHeadAttention(
                  (linears): ModuleList(
                    (0): Linear(in_features=300, out_features=300, bias=True)
                    (1): Linear(in_features=300, out_features=300, bias=True)
                    (2): Linear(in_features=300, out_features=300, bias=True)
                    (3): Linear(in_features=300, out_features=300, bias=True)
                  )
                  (sdpa): ScaledDotProductAttention()
                  (dropout): Dropout(p=0.1, inplace=False)
                )
                (feed_forward): FeedForward(
                  (w_1): Linear(in_features=300, out_features=300, bias=True)
                  (w_2): Linear(in_features=300, out_features=300, bias=True)
                  (relu): ReLU()
                  (dropout): Dropout(p=0.1, inplace=False)
                )
                (sublayer): ModuleList(
                  (0): SublayerConnection(
                    (norm): LayerNorm()
                    (dropout): Dropout(p=0.1, inplace=False)
                  )
                  (1): SublayerConnection(
                    (norm): LayerNorm()
                    (dropout): Dropout(p=0.1, inplace=False)
                  )
                )
              )
            )
            (norm): LayerNorm()
          )
        )
        (cri): MSELoss()
      )
      (ae): AE(
        (g): Sequential(
          (0): Linear(in_features=128, out_features=128, bias=True)
          (1): Tanh()
        )
        (h): Sequential(
          (0): Linear(in_features=128, out_features=128, bias=True)
        )
        (cri): MSELoss()
      )
    )
  )
)
layers.0.enc.b.0.weight 38400
layers.0.enc.b.0.bias 128
layers.0.enc.f.weight 9000000
layers.0.ae.g.0.weight 512
layers.0.ae.g.0.bias 128
layers.0.ae.h.0.weight 512
layers.0.ae.h.0.bias 4
layers.1.enc.b.0.weight 38400
layers.1.enc.b.0.bias 128
layers.1.enc.f.multi_headed_attention.linears.0.weight 90000
layers.1.enc.f.multi_headed_attention.linears.0.bias 300
layers.1.enc.f.multi_headed_attention.linears.1.weight 90000
layers.1.enc.f.multi_headed_attention.linears.1.bias 300
layers.1.enc.f.multi_headed_attention.linears.2.weight 90000
layers.1.enc.f.multi_headed_attention.linears.2.bias 300
layers.1.enc.f.multi_headed_attention.linears.3.weight 90000
layers.1.enc.f.multi_headed_attention.linears.3.bias 300
layers.1.enc.f.feed_forward.w_1.weight 90000
layers.1.enc.f.feed_forward.w_1.bias 300
layers.1.enc.f.feed_forward.w_2.weight 90000
layers.1.enc.f.feed_forward.w_2.bias 300
layers.1.enc.f.encoder_layer.sublayer.0.norm.a 300
layers.1.enc.f.encoder_layer.sublayer.0.norm.b 300
layers.1.enc.f.encoder_layer.sublayer.1.norm.a 300
layers.1.enc.f.encoder_layer.sublayer.1.norm.b 300
layers.1.enc.f.encoder.layers.0.self_attn.linears.0.weight 90000
layers.1.enc.f.encoder.layers.0.self_attn.linears.0.bias 300
layers.1.enc.f.encoder.layers.0.self_attn.linears.1.weight 90000
layers.1.enc.f.encoder.layers.0.self_attn.linears.1.bias 300
layers.1.enc.f.encoder.layers.0.self_attn.linears.2.weight 90000
layers.1.enc.f.encoder.layers.0.self_attn.linears.2.bias 300
layers.1.enc.f.encoder.layers.0.self_attn.linears.3.weight 90000
layers.1.enc.f.encoder.layers.0.self_attn.linears.3.bias 300
layers.1.enc.f.encoder.layers.0.feed_forward.w_1.weight 90000
layers.1.enc.f.encoder.layers.0.feed_forward.w_1.bias 300
layers.1.enc.f.encoder.layers.0.feed_forward.w_2.weight 90000
layers.1.enc.f.encoder.layers.0.feed_forward.w_2.bias 300
layers.1.enc.f.encoder.layers.0.sublayer.0.norm.a 300
layers.1.enc.f.encoder.layers.0.sublayer.0.norm.b 300
layers.1.enc.f.encoder.layers.0.sublayer.1.norm.a 300
layers.1.enc.f.encoder.layers.0.sublayer.1.norm.b 300
layers.1.enc.f.encoder.norm.a 300
layers.1.enc.f.encoder.norm.b 300
layers.1.ae.g.0.weight 16384
layers.1.ae.g.0.bias 128
layers.1.ae.h.0.weight 16384
layers.1.ae.h.0.bias 128
layers.2.enc.b.0.weight 38400
layers.2.enc.b.0.bias 128
layers.2.enc.f.multi_headed_attention.linears.0.weight 90000
layers.2.enc.f.multi_headed_attention.linears.0.bias 300
layers.2.enc.f.multi_headed_attention.linears.1.weight 90000
layers.2.enc.f.multi_headed_attention.linears.1.bias 300
layers.2.enc.f.multi_headed_attention.linears.2.weight 90000
layers.2.enc.f.multi_headed_attention.linears.2.bias 300
layers.2.enc.f.multi_headed_attention.linears.3.weight 90000
layers.2.enc.f.multi_headed_attention.linears.3.bias 300
layers.2.enc.f.feed_forward.w_1.weight 90000
layers.2.enc.f.feed_forward.w_1.bias 300
layers.2.enc.f.feed_forward.w_2.weight 90000
layers.2.enc.f.feed_forward.w_2.bias 300
layers.2.enc.f.encoder_layer.sublayer.0.norm.a 300
layers.2.enc.f.encoder_layer.sublayer.0.norm.b 300
layers.2.enc.f.encoder_layer.sublayer.1.norm.a 300
layers.2.enc.f.encoder_layer.sublayer.1.norm.b 300
layers.2.enc.f.encoder.layers.0.self_attn.linears.0.weight 90000
layers.2.enc.f.encoder.layers.0.self_attn.linears.0.bias 300
layers.2.enc.f.encoder.layers.0.self_attn.linears.1.weight 90000
layers.2.enc.f.encoder.layers.0.self_attn.linears.1.bias 300
layers.2.enc.f.encoder.layers.0.self_attn.linears.2.weight 90000
layers.2.enc.f.encoder.layers.0.self_attn.linears.2.bias 300
layers.2.enc.f.encoder.layers.0.self_attn.linears.3.weight 90000
layers.2.enc.f.encoder.layers.0.self_attn.linears.3.bias 300
layers.2.enc.f.encoder.layers.0.feed_forward.w_1.weight 90000
layers.2.enc.f.encoder.layers.0.feed_forward.w_1.bias 300
layers.2.enc.f.encoder.layers.0.feed_forward.w_2.weight 90000
layers.2.enc.f.encoder.layers.0.feed_forward.w_2.bias 300
layers.2.enc.f.encoder.layers.0.sublayer.0.norm.a 300
layers.2.enc.f.encoder.layers.0.sublayer.0.norm.b 300
layers.2.enc.f.encoder.layers.0.sublayer.1.norm.a 300
layers.2.enc.f.encoder.layers.0.sublayer.1.norm.b 300
layers.2.enc.f.encoder.norm.a 300
layers.2.enc.f.encoder.norm.b 300
layers.2.ae.g.0.weight 16384
layers.2.ae.g.0.bias 128
layers.2.ae.h.0.weight 16384
layers.2.ae.h.0.bias 128
layers.3.enc.b.0.weight 38400
layers.3.enc.b.0.bias 128
layers.3.enc.f.multi_headed_attention.linears.0.weight 90000
layers.3.enc.f.multi_headed_attention.linears.0.bias 300
layers.3.enc.f.multi_headed_attention.linears.1.weight 90000
layers.3.enc.f.multi_headed_attention.linears.1.bias 300
layers.3.enc.f.multi_headed_attention.linears.2.weight 90000
layers.3.enc.f.multi_headed_attention.linears.2.bias 300
layers.3.enc.f.multi_headed_attention.linears.3.weight 90000
layers.3.enc.f.multi_headed_attention.linears.3.bias 300
layers.3.enc.f.feed_forward.w_1.weight 90000
layers.3.enc.f.feed_forward.w_1.bias 300
layers.3.enc.f.feed_forward.w_2.weight 90000
layers.3.enc.f.feed_forward.w_2.bias 300
layers.3.enc.f.encoder_layer.sublayer.0.norm.a 300
layers.3.enc.f.encoder_layer.sublayer.0.norm.b 300
layers.3.enc.f.encoder_layer.sublayer.1.norm.a 300
layers.3.enc.f.encoder_layer.sublayer.1.norm.b 300
layers.3.enc.f.encoder.layers.0.self_attn.linears.0.weight 90000
layers.3.enc.f.encoder.layers.0.self_attn.linears.0.bias 300
layers.3.enc.f.encoder.layers.0.self_attn.linears.1.weight 90000
layers.3.enc.f.encoder.layers.0.self_attn.linears.1.bias 300
layers.3.enc.f.encoder.layers.0.self_attn.linears.2.weight 90000
layers.3.enc.f.encoder.layers.0.self_attn.linears.2.bias 300
layers.3.enc.f.encoder.layers.0.self_attn.linears.3.weight 90000
layers.3.enc.f.encoder.layers.0.self_attn.linears.3.bias 300
layers.3.enc.f.encoder.layers.0.feed_forward.w_1.weight 90000
layers.3.enc.f.encoder.layers.0.feed_forward.w_1.bias 300
layers.3.enc.f.encoder.layers.0.feed_forward.w_2.weight 90000
layers.3.enc.f.encoder.layers.0.feed_forward.w_2.bias 300
layers.3.enc.f.encoder.layers.0.sublayer.0.norm.a 300
layers.3.enc.f.encoder.layers.0.sublayer.0.norm.b 300
layers.3.enc.f.encoder.layers.0.sublayer.1.norm.a 300
layers.3.enc.f.encoder.layers.0.sublayer.1.norm.b 300
layers.3.enc.f.encoder.norm.a 300
layers.3.enc.f.encoder.norm.b 300
layers.3.ae.g.0.weight 16384
layers.3.ae.g.0.bias 128
layers.3.ae.h.0.weight 16384
layers.3.ae.h.0.bias 128
layers.4.enc.b.0.weight 38400
layers.4.enc.b.0.bias 128
layers.4.enc.f.multi_headed_attention.linears.0.weight 90000
layers.4.enc.f.multi_headed_attention.linears.0.bias 300
layers.4.enc.f.multi_headed_attention.linears.1.weight 90000
layers.4.enc.f.multi_headed_attention.linears.1.bias 300
layers.4.enc.f.multi_headed_attention.linears.2.weight 90000
layers.4.enc.f.multi_headed_attention.linears.2.bias 300
layers.4.enc.f.multi_headed_attention.linears.3.weight 90000
layers.4.enc.f.multi_headed_attention.linears.3.bias 300
layers.4.enc.f.feed_forward.w_1.weight 90000
layers.4.enc.f.feed_forward.w_1.bias 300
layers.4.enc.f.feed_forward.w_2.weight 90000
layers.4.enc.f.feed_forward.w_2.bias 300
layers.4.enc.f.encoder_layer.sublayer.0.norm.a 300
layers.4.enc.f.encoder_layer.sublayer.0.norm.b 300
layers.4.enc.f.encoder_layer.sublayer.1.norm.a 300
layers.4.enc.f.encoder_layer.sublayer.1.norm.b 300
layers.4.enc.f.encoder.layers.0.self_attn.linears.0.weight 90000
layers.4.enc.f.encoder.layers.0.self_attn.linears.0.bias 300
layers.4.enc.f.encoder.layers.0.self_attn.linears.1.weight 90000
layers.4.enc.f.encoder.layers.0.self_attn.linears.1.bias 300
layers.4.enc.f.encoder.layers.0.self_attn.linears.2.weight 90000
layers.4.enc.f.encoder.layers.0.self_attn.linears.2.bias 300
layers.4.enc.f.encoder.layers.0.self_attn.linears.3.weight 90000
layers.4.enc.f.encoder.layers.0.self_attn.linears.3.bias 300
layers.4.enc.f.encoder.layers.0.feed_forward.w_1.weight 90000
layers.4.enc.f.encoder.layers.0.feed_forward.w_1.bias 300
layers.4.enc.f.encoder.layers.0.feed_forward.w_2.weight 90000
layers.4.enc.f.encoder.layers.0.feed_forward.w_2.bias 300
layers.4.enc.f.encoder.layers.0.sublayer.0.norm.a 300
layers.4.enc.f.encoder.layers.0.sublayer.0.norm.b 300
layers.4.enc.f.encoder.layers.0.sublayer.1.norm.a 300
layers.4.enc.f.encoder.layers.0.sublayer.1.norm.b 300
layers.4.enc.f.encoder.norm.a 300
layers.4.enc.f.encoder.norm.b 300
layers.4.ae.g.0.weight 16384
layers.4.ae.g.0.bias 128
layers.4.ae.h.0.weight 16384
layers.4.ae.h.0.bias 128
Total Trainable Params: 13672292
init_time 22.003957986831665
Start Training
train_mask {0, 1, 2, 3, 4} False
gc 0
Train Epoch0 Acc 0.613625 (73635/120000), AUC 0.8489453196525574
ep0_train_time 253.73887825012207
Test Epoch0 threshold 0.1 Acc 0.9042105263157895, AUC 0.9756410717964172, avg_entr 0.12206967920064926, f1 0.9042104482650757
ep0_t0.1_test_time 3.8460605144500732
Save ckpt to ckpt/ag_news_transformeral_l5ad_pad177//ag_news_transformeral_l5.pt  ,ep 0
Test Epoch0 threshold 0.2 Acc 0.9036842105263158, AUC 0.9742573499679565, avg_entr 0.1328868865966797, f1 0.9036841988563538
ep0_t0.2_test_time 3.653998851776123
Test Epoch0 threshold 0.3 Acc 0.9044736842105263, AUC 0.9740955829620361, avg_entr 0.14637865126132965, f1 0.9044736623764038
ep0_t0.3_test_time 3.567852020263672
Save ckpt to ckpt/ag_news_transformeral_l5ad_pad177//ag_news_transformeral_l5.pt  ,ep 0
Test Epoch0 threshold 0.4 Acc 0.905, AUC 0.9752298593521118, avg_entr 0.15889620780944824, f1 0.9049999117851257
ep0_t0.4_test_time 3.5778756141662598
Save ckpt to ckpt/ag_news_transformeral_l5ad_pad177//ag_news_transformeral_l5.pt  ,ep 0
Test Epoch0 threshold 0.5 Acc 0.9057894736842105, AUC 0.9762793183326721, avg_entr 0.17628785967826843, f1 0.9057894945144653
ep0_t0.5_test_time 3.261204242706299
Save ckpt to ckpt/ag_news_transformeral_l5ad_pad177//ag_news_transformeral_l5.pt  ,ep 0
Test Epoch0 threshold 0.6 Acc 0.9044736842105263, AUC 0.9765521287918091, avg_entr 0.18457891047000885, f1 0.9044736623764038
ep0_t0.6_test_time 1.7388007640838623
Test Epoch0 threshold 0.7 Acc 0.9044736842105263, AUC 0.9765185713768005, avg_entr 0.18506990373134613, f1 0.9044736623764038
ep0_t0.7_test_time 1.4554500579833984
Test Epoch0 threshold 0.8 Acc 0.9044736842105263, AUC 0.9764993190765381, avg_entr 0.18515560030937195, f1 0.9044736623764038
ep0_t0.8_test_time 1.4138751029968262
Test Epoch0 threshold 0.9 Acc 0.9044736842105263, AUC 0.9764993190765381, avg_entr 0.18515560030937195, f1 0.9044736623764038
ep0_t0.9_test_time 1.4223475456237793
gc 0
Train Epoch1 Acc 0.9193833333333333 (110326/120000), AUC 0.9806773662567139
ep1_train_time 251.50672674179077
Test Epoch1 threshold 0.1 Acc 0.9210526315789473, AUC 0.9796324968338013, avg_entr 0.0605274960398674, f1 0.9210526347160339
ep1_t0.1_test_time 3.6275999546051025
Save ckpt to ckpt/ag_news_transformeral_l5ad_pad177//ag_news_transformeral_l5.pt  ,ep 1
Test Epoch1 threshold 0.2 Acc 0.9210526315789473, AUC 0.9796707630157471, avg_entr 0.07333165407180786, f1 0.9210526347160339
ep1_t0.2_test_time 3.5918495655059814
Save ckpt to ckpt/ag_news_transformeral_l5ad_pad177//ag_news_transformeral_l5.pt  ,ep 1
Test Epoch1 threshold 0.3 Acc 0.9205263157894736, AUC 0.9801044464111328, avg_entr 0.08302348107099533, f1 0.9205263257026672
ep1_t0.3_test_time 3.5616111755371094
Test Epoch1 threshold 0.4 Acc 0.92, AUC 0.9803379774093628, avg_entr 0.09591513127088547, f1 0.9200000166893005
ep1_t0.4_test_time 3.433295726776123
Test Epoch1 threshold 0.5 Acc 0.9178947368421052, AUC 0.9802349209785461, avg_entr 0.10327035188674927, f1 0.917894721031189
ep1_t0.5_test_time 2.350261688232422
Test Epoch1 threshold 0.6 Acc 0.9157894736842105, AUC 0.9802544116973877, avg_entr 0.10564754903316498, f1 0.9157894849777222
ep1_t0.6_test_time 1.4855756759643555
Test Epoch1 threshold 0.7 Acc 0.9155263157894736, AUC 0.9802460670471191, avg_entr 0.10571247339248657, f1 0.9155263304710388
ep1_t0.7_test_time 1.4292807579040527
Test Epoch1 threshold 0.8 Acc 0.9155263157894736, AUC 0.9802460670471191, avg_entr 0.10571247339248657, f1 0.9155263304710388
ep1_t0.8_test_time 1.4329299926757812
Test Epoch1 threshold 0.9 Acc 0.9155263157894736, AUC 0.9802460670471191, avg_entr 0.10571247339248657, f1 0.9155263304710388
ep1_t0.9_test_time 1.427480936050415
gc 0
Train Epoch2 Acc 0.9333 (111996/120000), AUC 0.986545205116272
ep2_train_time 251.4380190372467
Test Epoch2 threshold 0.1 Acc 0.9236842105263158, AUC 0.9794728755950928, avg_entr 0.04325030371546745, f1 0.9236842393875122
ep2_t0.1_test_time 3.5808238983154297
Save ckpt to ckpt/ag_news_transformeral_l5ad_pad177//ag_news_transformeral_l5.pt  ,ep 2
Test Epoch2 threshold 0.2 Acc 0.9236842105263158, AUC 0.9796741604804993, avg_entr 0.054749343544244766, f1 0.9236842393875122
ep2_t0.2_test_time 3.5472161769866943
Save ckpt to ckpt/ag_news_transformeral_l5ad_pad177//ag_news_transformeral_l5.pt  ,ep 2
Test Epoch2 threshold 0.3 Acc 0.9239473684210526, AUC 0.9803484678268433, avg_entr 0.06536872684955597, f1 0.9239473938941956
ep2_t0.3_test_time 3.432584285736084
Save ckpt to ckpt/ag_news_transformeral_l5ad_pad177//ag_news_transformeral_l5.pt  ,ep 2
Test Epoch2 threshold 0.4 Acc 0.9252631578947368, AUC 0.9807064533233643, avg_entr 0.0793156623840332, f1 0.9252631664276123
ep2_t0.4_test_time 3.0398104190826416
Save ckpt to ckpt/ag_news_transformeral_l5ad_pad177//ag_news_transformeral_l5.pt  ,ep 2
Test Epoch2 threshold 0.5 Acc 0.9223684210526316, AUC 0.9808908700942993, avg_entr 0.08651822805404663, f1 0.9223684072494507
ep2_t0.5_test_time 1.9841530323028564
Test Epoch2 threshold 0.6 Acc 0.9202631578947369, AUC 0.980908215045929, avg_entr 0.08906713128089905, f1 0.9202631711959839
ep2_t0.6_test_time 1.4416110515594482
Test Epoch2 threshold 0.7 Acc 0.9202631578947369, AUC 0.980908215045929, avg_entr 0.08906713128089905, f1 0.9202631711959839
ep2_t0.7_test_time 1.4356744289398193
Test Epoch2 threshold 0.8 Acc 0.9202631578947369, AUC 0.980908215045929, avg_entr 0.08906713128089905, f1 0.9202631711959839
ep2_t0.8_test_time 1.4376330375671387
Test Epoch2 threshold 0.9 Acc 0.9202631578947369, AUC 0.980908215045929, avg_entr 0.08906713128089905, f1 0.9202631711959839
ep2_t0.9_test_time 1.443584680557251
gc 0
Train Epoch3 Acc 0.9386416666666667 (112637/120000), AUC 0.9888200163841248
ep3_train_time 254.98411536216736
Test Epoch3 threshold 0.1 Acc 0.9239473684210526, AUC 0.979291558265686, avg_entr 0.0401485413312912, f1 0.9239473938941956
ep3_t0.1_test_time 3.597310781478882
Test Epoch3 threshold 0.2 Acc 0.9234210526315789, AUC 0.9797934293746948, avg_entr 0.050970692187547684, f1 0.9234210252761841
ep3_t0.2_test_time 3.551297664642334
Test Epoch3 threshold 0.3 Acc 0.9239473684210526, AUC 0.9803231954574585, avg_entr 0.060755278915166855, f1 0.9239473938941956
ep3_t0.3_test_time 3.4690487384796143
Test Epoch3 threshold 0.4 Acc 0.9244736842105263, AUC 0.980671763420105, avg_entr 0.07492784410715103, f1 0.9244737029075623
ep3_t0.4_test_time 2.6913652420043945
Test Epoch3 threshold 0.5 Acc 0.9218421052631579, AUC 0.9810410737991333, avg_entr 0.08186110109090805, f1 0.921842098236084
ep3_t0.5_test_time 1.8882887363433838
Test Epoch3 threshold 0.6 Acc 0.9186842105263158, AUC 0.9810652136802673, avg_entr 0.08446000516414642, f1 0.918684184551239
ep3_t0.6_test_time 1.4341156482696533
Test Epoch3 threshold 0.7 Acc 0.9186842105263158, AUC 0.9810652136802673, avg_entr 0.08446000516414642, f1 0.918684184551239
ep3_t0.7_test_time 1.4503483772277832
Test Epoch3 threshold 0.8 Acc 0.9186842105263158, AUC 0.9810652136802673, avg_entr 0.08446000516414642, f1 0.918684184551239
ep3_t0.8_test_time 1.4187440872192383
Test Epoch3 threshold 0.9 Acc 0.9186842105263158, AUC 0.9810652136802673, avg_entr 0.08446000516414642, f1 0.918684184551239
ep3_t0.9_test_time 1.4096696376800537
gc 0
Train Epoch4 Acc 0.9398166666666666 (112778/120000), AUC 0.9892158508300781
ep4_train_time 251.391672372818
Test Epoch4 threshold 0.1 Acc 0.925, AUC 0.9791288375854492, avg_entr 0.03864050656557083, f1 0.925000011920929
ep4_t0.1_test_time 3.560359239578247
Test Epoch4 threshold 0.2 Acc 0.9247368421052632, AUC 0.9800149202346802, avg_entr 0.049066971987485886, f1 0.9247368574142456
ep4_t0.2_test_time 3.567516803741455
Test Epoch4 threshold 0.3 Acc 0.925, AUC 0.980215311050415, avg_entr 0.059036776423454285, f1 0.925000011920929
ep4_t0.3_test_time 3.4461042881011963
Test Epoch4 threshold 0.4 Acc 0.925, AUC 0.9807955622673035, avg_entr 0.07354908436536789, f1 0.925000011920929
ep4_t0.4_test_time 2.803102493286133
Test Epoch4 threshold 0.5 Acc 0.9228947368421052, AUC 0.9810092449188232, avg_entr 0.08012644201517105, f1 0.9228947162628174
ep4_t0.5_test_time 1.8123159408569336
Test Epoch4 threshold 0.6 Acc 0.9205263157894736, AUC 0.9810997247695923, avg_entr 0.08253873139619827, f1 0.9205263257026672
ep4_t0.6_test_time 1.4256737232208252
Test Epoch4 threshold 0.7 Acc 0.9205263157894736, AUC 0.9810997247695923, avg_entr 0.08253873139619827, f1 0.9205263257026672
ep4_t0.7_test_time 1.435119867324829
Test Epoch4 threshold 0.8 Acc 0.9205263157894736, AUC 0.9810997247695923, avg_entr 0.08253873139619827, f1 0.9205263257026672
ep4_t0.8_test_time 1.428816318511963
Test Epoch4 threshold 0.9 Acc 0.9205263157894736, AUC 0.9810997247695923, avg_entr 0.08253873139619827, f1 0.9205263257026672
ep4_t0.9_test_time 1.4137368202209473
gc 0
Train Epoch5 Acc 0.94035 (112842/120000), AUC 0.9893275499343872
ep5_train_time 255.0529968738556
Test Epoch5 threshold 0.1 Acc 0.925, AUC 0.9790698289871216, avg_entr 0.038288481533527374, f1 0.925000011920929
ep5_t0.1_test_time 3.578317880630493
Test Epoch5 threshold 0.2 Acc 0.9247368421052632, AUC 0.9799673557281494, avg_entr 0.04885439574718475, f1 0.9247368574142456
ep5_t0.2_test_time 3.579972505569458
Test Epoch5 threshold 0.3 Acc 0.925, AUC 0.9801827669143677, avg_entr 0.05871082469820976, f1 0.925000011920929
ep5_t0.3_test_time 3.473949432373047
Test Epoch5 threshold 0.4 Acc 0.9247368421052632, AUC 0.9807853102684021, avg_entr 0.07296711951494217, f1 0.9247368574142456
ep5_t0.4_test_time 2.797455072402954
Test Epoch5 threshold 0.5 Acc 0.9231578947368421, AUC 0.9810453057289124, avg_entr 0.07973171770572662, f1 0.9231578707695007
ep5_t0.5_test_time 1.818983554840088
Test Epoch5 threshold 0.6 Acc 0.9205263157894736, AUC 0.9811042547225952, avg_entr 0.0820266529917717, f1 0.9205263257026672
ep5_t0.6_test_time 1.423499584197998
Test Epoch5 threshold 0.7 Acc 0.9205263157894736, AUC 0.9811042547225952, avg_entr 0.0820266529917717, f1 0.9205263257026672
ep5_t0.7_test_time 1.423532247543335
Test Epoch5 threshold 0.8 Acc 0.9205263157894736, AUC 0.9811042547225952, avg_entr 0.0820266529917717, f1 0.9205263257026672
ep5_t0.8_test_time 1.424663782119751
Test Epoch5 threshold 0.9 Acc 0.9205263157894736, AUC 0.9811042547225952, avg_entr 0.0820266529917717, f1 0.9205263257026672
ep5_t0.9_test_time 1.4151155948638916
gc 0
Train Epoch6 Acc 0.940225 (112827/120000), AUC 0.9894729256629944
ep6_train_time 251.75406455993652
Test Epoch6 threshold 0.1 Acc 0.9252631578947368, AUC 0.9790918827056885, avg_entr 0.03812550753355026, f1 0.9252631664276123
ep6_t0.1_test_time 3.544050931930542
Save ckpt to ckpt/ag_news_transformeral_l5ad_pad177//ag_news_transformeral_l5.pt  ,ep 6
Test Epoch6 threshold 0.2 Acc 0.925, AUC 0.9799683094024658, avg_entr 0.048668377101421356, f1 0.925000011920929
ep6_t0.2_test_time 3.5670182704925537
Test Epoch6 threshold 0.3 Acc 0.9255263157894736, AUC 0.9801726341247559, avg_entr 0.05857544392347336, f1 0.9255263209342957
ep6_t0.3_test_time 3.460848093032837
Save ckpt to ckpt/ag_news_transformeral_l5ad_pad177//ag_news_transformeral_l5.pt  ,ep 6
Test Epoch6 threshold 0.4 Acc 0.925, AUC 0.9807858467102051, avg_entr 0.07277300208806992, f1 0.925000011920929
ep6_t0.4_test_time 2.7609095573425293
Test Epoch6 threshold 0.5 Acc 0.9231578947368421, AUC 0.9810179471969604, avg_entr 0.07944120466709137, f1 0.9231578707695007
ep6_t0.5_test_time 1.8243701457977295
Test Epoch6 threshold 0.6 Acc 0.9205263157894736, AUC 0.9811054468154907, avg_entr 0.08184336870908737, f1 0.9205263257026672
ep6_t0.6_test_time 1.4286439418792725
Test Epoch6 threshold 0.7 Acc 0.9205263157894736, AUC 0.9811054468154907, avg_entr 0.08184336870908737, f1 0.9205263257026672
ep6_t0.7_test_time 1.4207141399383545
Test Epoch6 threshold 0.8 Acc 0.9205263157894736, AUC 0.9811054468154907, avg_entr 0.08184336870908737, f1 0.9205263257026672
ep6_t0.8_test_time 1.4135653972625732
Test Epoch6 threshold 0.9 Acc 0.9205263157894736, AUC 0.9811054468154907, avg_entr 0.08184336870908737, f1 0.9205263257026672
ep6_t0.9_test_time 1.4327208995819092
gc 0
Train Epoch7 Acc 0.9403833333333333 (112846/120000), AUC 0.9894877672195435
ep7_train_time 251.5631935596466
Test Epoch7 threshold 0.1 Acc 0.9247368421052632, AUC 0.9790797233581543, avg_entr 0.03808975964784622, f1 0.9247368574142456
ep7_t0.1_test_time 3.562525987625122
Test Epoch7 threshold 0.2 Acc 0.9244736842105263, AUC 0.9799790382385254, avg_entr 0.048568058758974075, f1 0.9244737029075623
ep7_t0.2_test_time 3.5592451095581055
Test Epoch7 threshold 0.3 Acc 0.925, AUC 0.9801617860794067, avg_entr 0.05858953669667244, f1 0.925000011920929
ep7_t0.3_test_time 3.459735155105591
Test Epoch7 threshold 0.4 Acc 0.9247368421052632, AUC 0.9807850122451782, avg_entr 0.07271473854780197, f1 0.9247368574142456
ep7_t0.4_test_time 2.7994840145111084
Test Epoch7 threshold 0.5 Acc 0.9231578947368421, AUC 0.9810245633125305, avg_entr 0.07939650863409042, f1 0.9231578707695007
ep7_t0.5_test_time 1.8157005310058594
Test Epoch7 threshold 0.6 Acc 0.9205263157894736, AUC 0.9811056852340698, avg_entr 0.08178955316543579, f1 0.9205263257026672
ep7_t0.6_test_time 1.3984308242797852
Test Epoch7 threshold 0.7 Acc 0.9205263157894736, AUC 0.9811056852340698, avg_entr 0.08178955316543579, f1 0.9205263257026672
ep7_t0.7_test_time 1.4340271949768066
Test Epoch7 threshold 0.8 Acc 0.9205263157894736, AUC 0.9811056852340698, avg_entr 0.08178955316543579, f1 0.9205263257026672
ep7_t0.8_test_time 1.4385476112365723
Test Epoch7 threshold 0.9 Acc 0.9205263157894736, AUC 0.9811056852340698, avg_entr 0.08178955316543579, f1 0.9205263257026672
ep7_t0.9_test_time 1.423839807510376
gc 0
Train Epoch8 Acc 0.94055 (112866/120000), AUC 0.9893388748168945
ep8_train_time 251.6019368171692
Test Epoch8 threshold 0.1 Acc 0.9247368421052632, AUC 0.979071855545044, avg_entr 0.03810426592826843, f1 0.9247368574142456
ep8_t0.1_test_time 3.591968059539795
Test Epoch8 threshold 0.2 Acc 0.9244736842105263, AUC 0.9799782037734985, avg_entr 0.048565011471509933, f1 0.9244737029075623
ep8_t0.2_test_time 3.545363664627075
Test Epoch8 threshold 0.3 Acc 0.925, AUC 0.9801599979400635, avg_entr 0.058582473546266556, f1 0.925000011920929
ep8_t0.3_test_time 3.479966640472412
Test Epoch8 threshold 0.4 Acc 0.9247368421052632, AUC 0.98078453540802, avg_entr 0.0727078765630722, f1 0.9247368574142456
ep8_t0.4_test_time 2.797743082046509
Test Epoch8 threshold 0.5 Acc 0.9231578947368421, AUC 0.9810249209403992, avg_entr 0.07938917726278305, f1 0.9231578707695007
ep8_t0.5_test_time 1.8000774383544922
Test Epoch8 threshold 0.6 Acc 0.9205263157894736, AUC 0.9811058044433594, avg_entr 0.08178263902664185, f1 0.9205263257026672
ep8_t0.6_test_time 1.4382424354553223
Test Epoch8 threshold 0.7 Acc 0.9205263157894736, AUC 0.9811058044433594, avg_entr 0.08178263902664185, f1 0.9205263257026672
ep8_t0.7_test_time 1.4441039562225342
Test Epoch8 threshold 0.8 Acc 0.9205263157894736, AUC 0.9811058044433594, avg_entr 0.08178263902664185, f1 0.9205263257026672
ep8_t0.8_test_time 1.4372823238372803
Test Epoch8 threshold 0.9 Acc 0.9205263157894736, AUC 0.9811058044433594, avg_entr 0.08178263902664185, f1 0.9205263257026672
ep8_t0.9_test_time 1.4272446632385254
gc 0
Train Epoch9 Acc 0.9406166666666667 (112874/120000), AUC 0.9893887639045715
ep9_train_time 251.80089116096497
Test Epoch9 threshold 0.1 Acc 0.9247368421052632, AUC 0.9790699481964111, avg_entr 0.038099344819784164, f1 0.9247368574142456
ep9_t0.1_test_time 3.5662178993225098
Test Epoch9 threshold 0.2 Acc 0.9244736842105263, AUC 0.9799752831459045, avg_entr 0.04855186119675636, f1 0.9244737029075623
ep9_t0.2_test_time 3.5404224395751953
Test Epoch9 threshold 0.3 Acc 0.925, AUC 0.9801595211029053, avg_entr 0.058579906821250916, f1 0.925000011920929
ep9_t0.3_test_time 3.4745242595672607
Test Epoch9 threshold 0.4 Acc 0.9247368421052632, AUC 0.9807842373847961, avg_entr 0.0727069303393364, f1 0.9247368574142456
ep9_t0.4_test_time 2.773099422454834
Test Epoch9 threshold 0.5 Acc 0.9231578947368421, AUC 0.9810248017311096, avg_entr 0.07938884198665619, f1 0.9231578707695007
ep9_t0.5_test_time 1.8150951862335205
Test Epoch9 threshold 0.6 Acc 0.9205263157894736, AUC 0.9811059236526489, avg_entr 0.08178242295980453, f1 0.9205263257026672
ep9_t0.6_test_time 1.430009126663208
Test Epoch9 threshold 0.7 Acc 0.9205263157894736, AUC 0.9811059236526489, avg_entr 0.08178242295980453, f1 0.9205263257026672
ep9_t0.7_test_time 1.4390289783477783
Test Epoch9 threshold 0.8 Acc 0.9205263157894736, AUC 0.9811059236526489, avg_entr 0.08178242295980453, f1 0.9205263257026672
ep9_t0.8_test_time 1.4291660785675049
Test Epoch9 threshold 0.9 Acc 0.9205263157894736, AUC 0.9811059236526489, avg_entr 0.08178242295980453, f1 0.9205263257026672
ep9_t0.9_test_time 1.438364028930664
gc 0
Train Epoch10 Acc 0.9403833333333333 (112846/120000), AUC 0.9895155429840088
ep10_train_time 251.49069833755493
Test Epoch10 threshold 0.1 Acc 0.9247368421052632, AUC 0.9790680408477783, avg_entr 0.03809357434511185, f1 0.9247368574142456
ep10_t0.1_test_time 3.58402156829834
Test Epoch10 threshold 0.2 Acc 0.9244736842105263, AUC 0.9799754023551941, avg_entr 0.048556145280599594, f1 0.9244737029075623
ep10_t0.2_test_time 3.56152081489563
Test Epoch10 threshold 0.3 Acc 0.925, AUC 0.9801581501960754, avg_entr 0.05857525020837784, f1 0.925000011920929
ep10_t0.3_test_time 3.464076042175293
Test Epoch10 threshold 0.4 Acc 0.9247368421052632, AUC 0.9807840585708618, avg_entr 0.07270465046167374, f1 0.9247368574142456
ep10_t0.4_test_time 2.8005096912384033
Test Epoch10 threshold 0.5 Acc 0.9231578947368421, AUC 0.981024980545044, avg_entr 0.07938773185014725, f1 0.9231578707695007
ep10_t0.5_test_time 1.8058571815490723
Test Epoch10 threshold 0.6 Acc 0.9205263157894736, AUC 0.9811058640480042, avg_entr 0.08178158104419708, f1 0.9205263257026672
ep10_t0.6_test_time 1.4240467548370361
Test Epoch10 threshold 0.7 Acc 0.9205263157894736, AUC 0.9811058640480042, avg_entr 0.08178158104419708, f1 0.9205263257026672
ep10_t0.7_test_time 1.427307367324829
Test Epoch10 threshold 0.8 Acc 0.9205263157894736, AUC 0.9811058640480042, avg_entr 0.08178158104419708, f1 0.9205263257026672
ep10_t0.8_test_time 1.425955057144165
Test Epoch10 threshold 0.9 Acc 0.9205263157894736, AUC 0.9811058640480042, avg_entr 0.08178158104419708, f1 0.9205263257026672
ep10_t0.9_test_time 1.4238367080688477
gc 0
Train Epoch11 Acc 0.9403083333333333 (112837/120000), AUC 0.9894000291824341
ep11_train_time 251.58641839027405
Test Epoch11 threshold 0.1 Acc 0.9247368421052632, AUC 0.9790655374526978, avg_entr 0.038088299334049225, f1 0.9247368574142456
ep11_t0.1_test_time 3.6075093746185303
Test Epoch11 threshold 0.2 Acc 0.9244736842105263, AUC 0.9799724817276001, avg_entr 0.04854175075888634, f1 0.9244737029075623
ep11_t0.2_test_time 3.5476744174957275
Test Epoch11 threshold 0.3 Acc 0.925, AUC 0.9801575541496277, avg_entr 0.05857153981924057, f1 0.925000011920929
ep11_t0.3_test_time 3.4590675830841064
Test Epoch11 threshold 0.4 Acc 0.9247368421052632, AUC 0.9807838797569275, avg_entr 0.0727023184299469, f1 0.9247368574142456
ep11_t0.4_test_time 2.7970707416534424
Test Epoch11 threshold 0.5 Acc 0.9231578947368421, AUC 0.981024980545044, avg_entr 0.07938621938228607, f1 0.9231578707695007
ep11_t0.5_test_time 1.8264448642730713
Test Epoch11 threshold 0.6 Acc 0.9205263157894736, AUC 0.9811060428619385, avg_entr 0.08178030699491501, f1 0.9205263257026672
ep11_t0.6_test_time 1.429539680480957
Test Epoch11 threshold 0.7 Acc 0.9205263157894736, AUC 0.9811060428619385, avg_entr 0.08178030699491501, f1 0.9205263257026672
ep11_t0.7_test_time 1.3780100345611572
Test Epoch11 threshold 0.8 Acc 0.9205263157894736, AUC 0.9811060428619385, avg_entr 0.08178030699491501, f1 0.9205263257026672
ep11_t0.8_test_time 1.4287230968475342
Test Epoch11 threshold 0.9 Acc 0.9205263157894736, AUC 0.9811060428619385, avg_entr 0.08178030699491501, f1 0.9205263257026672
ep11_t0.9_test_time 1.4265522956848145
gc 0
Train Epoch12 Acc 0.940325 (112839/120000), AUC 0.9894769191741943
ep12_train_time 255.1175878047943
Test Epoch12 threshold 0.1 Acc 0.9247368421052632, AUC 0.9790611267089844, avg_entr 0.03808019310235977, f1 0.9247368574142456
ep12_t0.1_test_time 3.5891664028167725
Test Epoch12 threshold 0.2 Acc 0.9244736842105263, AUC 0.9799736738204956, avg_entr 0.04854672774672508, f1 0.9244737029075623
ep12_t0.2_test_time 3.5495378971099854
Test Epoch12 threshold 0.3 Acc 0.925, AUC 0.9801568984985352, avg_entr 0.05856664106249809, f1 0.925000011920929
ep12_t0.3_test_time 3.4198193550109863
Test Epoch12 threshold 0.4 Acc 0.9247368421052632, AUC 0.9807838201522827, avg_entr 0.07269897311925888, f1 0.9247368574142456
ep12_t0.4_test_time 2.7896947860717773
Test Epoch12 threshold 0.5 Acc 0.9231578947368421, AUC 0.981024980545044, avg_entr 0.07938434928655624, f1 0.9231578707695007
ep12_t0.5_test_time 1.8069891929626465
Test Epoch12 threshold 0.6 Acc 0.9205263157894736, AUC 0.9811059832572937, avg_entr 0.08177873492240906, f1 0.9205263257026672
ep12_t0.6_test_time 1.403932809829712
Test Epoch12 threshold 0.7 Acc 0.9205263157894736, AUC 0.9811059832572937, avg_entr 0.08177873492240906, f1 0.9205263257026672
ep12_t0.7_test_time 1.432974100112915
Test Epoch12 threshold 0.8 Acc 0.9205263157894736, AUC 0.9811059832572937, avg_entr 0.08177873492240906, f1 0.9205263257026672
ep12_t0.8_test_time 1.4407579898834229
Test Epoch12 threshold 0.9 Acc 0.9205263157894736, AUC 0.9811059832572937, avg_entr 0.08177873492240906, f1 0.9205263257026672
ep12_t0.9_test_time 1.4199790954589844
gc 0
Train Epoch13 Acc 0.9404833333333333 (112858/120000), AUC 0.9893303513526917
ep13_train_time 255.19904494285583
Test Epoch13 threshold 0.1 Acc 0.9247368421052632, AUC 0.9790595769882202, avg_entr 0.03807496279478073, f1 0.9247368574142456
ep13_t0.1_test_time 3.5416393280029297
Test Epoch13 threshold 0.2 Acc 0.9244736842105263, AUC 0.9799728393554688, avg_entr 0.04854161664843559, f1 0.9244737029075623
ep13_t0.2_test_time 3.572950839996338
Test Epoch13 threshold 0.3 Acc 0.925, AUC 0.9801564812660217, avg_entr 0.05856269970536232, f1 0.925000011920929
ep13_t0.3_test_time 3.454624891281128
Test Epoch13 threshold 0.4 Acc 0.9247368421052632, AUC 0.9807837605476379, avg_entr 0.07269571721553802, f1 0.9247368574142456
ep13_t0.4_test_time 2.8093175888061523
Test Epoch13 threshold 0.5 Acc 0.9231578947368421, AUC 0.981024980545044, avg_entr 0.0793817788362503, f1 0.9231578707695007
ep13_t0.5_test_time 1.8113899230957031
Test Epoch13 threshold 0.6 Acc 0.9205263157894736, AUC 0.9811061024665833, avg_entr 0.08177635073661804, f1 0.9205263257026672
ep13_t0.6_test_time 1.4255468845367432
Test Epoch13 threshold 0.7 Acc 0.9205263157894736, AUC 0.9811061024665833, avg_entr 0.08177635073661804, f1 0.9205263257026672
ep13_t0.7_test_time 1.3992722034454346
Test Epoch13 threshold 0.8 Acc 0.9205263157894736, AUC 0.9811061024665833, avg_entr 0.08177635073661804, f1 0.9205263257026672
ep13_t0.8_test_time 1.418212652206421
Test Epoch13 threshold 0.9 Acc 0.9205263157894736, AUC 0.9811061024665833, avg_entr 0.08177635073661804, f1 0.9205263257026672
ep13_t0.9_test_time 1.4363799095153809
gc 0
Train Epoch14 Acc 0.9405166666666667 (112862/120000), AUC 0.9894117116928101
ep14_train_time 255.02273988723755
Test Epoch14 threshold 0.1 Acc 0.9247368421052632, AUC 0.9790581464767456, avg_entr 0.03806844726204872, f1 0.9247368574142456
ep14_t0.1_test_time 3.562187433242798
Test Epoch14 threshold 0.2 Acc 0.9244736842105263, AUC 0.9799718260765076, avg_entr 0.04853511601686478, f1 0.9244737029075623
ep14_t0.2_test_time 3.5662364959716797
Test Epoch14 threshold 0.3 Acc 0.925, AUC 0.980155885219574, avg_entr 0.058556292206048965, f1 0.925000011920929
ep14_t0.3_test_time 3.4415829181671143
Test Epoch14 threshold 0.4 Acc 0.9247368421052632, AUC 0.9807835817337036, avg_entr 0.07269082963466644, f1 0.9247368574142456
ep14_t0.4_test_time 2.773847818374634
Test Epoch14 threshold 0.5 Acc 0.9231578947368421, AUC 0.9810250997543335, avg_entr 0.07937779277563095, f1 0.9231578707695007
ep14_t0.5_test_time 1.8219075202941895
Test Epoch14 threshold 0.6 Acc 0.9205263157894736, AUC 0.981106162071228, avg_entr 0.0817725658416748, f1 0.9205263257026672
ep14_t0.6_test_time 1.428955316543579
Test Epoch14 threshold 0.7 Acc 0.9205263157894736, AUC 0.981106162071228, avg_entr 0.0817725658416748, f1 0.9205263257026672
ep14_t0.7_test_time 1.439141035079956
Test Epoch14 threshold 0.8 Acc 0.9205263157894736, AUC 0.981106162071228, avg_entr 0.0817725658416748, f1 0.9205263257026672
ep14_t0.8_test_time 1.436344861984253
Test Epoch14 threshold 0.9 Acc 0.9205263157894736, AUC 0.981106162071228, avg_entr 0.0817725658416748, f1 0.9205263257026672
ep14_t0.9_test_time 1.4273412227630615
gc 0
Train Epoch15 Acc 0.94025 (112830/120000), AUC 0.9894825220108032
ep15_train_time 255.35185146331787
Test Epoch15 threshold 0.1 Acc 0.925, AUC 0.9790566563606262, avg_entr 0.03806033357977867, f1 0.925000011920929
ep15_t0.1_test_time 3.578932762145996
Test Epoch15 threshold 0.2 Acc 0.9247368421052632, AUC 0.9799708127975464, avg_entr 0.04852738231420517, f1 0.9247368574142456
ep15_t0.2_test_time 3.5367939472198486
Test Epoch15 threshold 0.3 Acc 0.9252631578947368, AUC 0.9801543951034546, avg_entr 0.058549098670482635, f1 0.9252631664276123
ep15_t0.3_test_time 3.455159902572632
Test Epoch15 threshold 0.4 Acc 0.9247368421052632, AUC 0.9807835817337036, avg_entr 0.07268479466438293, f1 0.9247368574142456
ep15_t0.4_test_time 2.8092703819274902
Test Epoch15 threshold 0.5 Acc 0.9231578947368421, AUC 0.9810253381729126, avg_entr 0.07937218993902206, f1 0.9231578707695007
ep15_t0.5_test_time 1.798346757888794
Test Epoch15 threshold 0.6 Acc 0.9205263157894736, AUC 0.9811064004898071, avg_entr 0.08176723122596741, f1 0.9205263257026672
ep15_t0.6_test_time 1.4307217597961426
Test Epoch15 threshold 0.7 Acc 0.9205263157894736, AUC 0.9811064004898071, avg_entr 0.08176723122596741, f1 0.9205263257026672
ep15_t0.7_test_time 1.4189691543579102
Test Epoch15 threshold 0.8 Acc 0.9205263157894736, AUC 0.9811064004898071, avg_entr 0.08176723122596741, f1 0.9205263257026672
ep15_t0.8_test_time 1.4331834316253662
Test Epoch15 threshold 0.9 Acc 0.9205263157894736, AUC 0.9811064004898071, avg_entr 0.08176723122596741, f1 0.9205263257026672
ep15_t0.9_test_time 1.4229047298431396
gc 0
Train Epoch16 Acc 0.9406 (112872/120000), AUC 0.9894405007362366
ep16_train_time 251.58997654914856
Test Epoch16 threshold 0.1 Acc 0.9247368421052632, AUC 0.9790571928024292, avg_entr 0.038052987307310104, f1 0.9247368574142456
ep16_t0.1_test_time 3.565098762512207
Test Epoch16 threshold 0.2 Acc 0.9244736842105263, AUC 0.9799720644950867, avg_entr 0.04851953685283661, f1 0.9244737029075623
ep16_t0.2_test_time 3.5484495162963867
Test Epoch16 threshold 0.3 Acc 0.925, AUC 0.9801552295684814, avg_entr 0.05854221060872078, f1 0.925000011920929
ep16_t0.3_test_time 3.4833295345306396
Test Epoch16 threshold 0.4 Acc 0.9247368421052632, AUC 0.9807835221290588, avg_entr 0.07267799228429794, f1 0.9247368574142456
ep16_t0.4_test_time 2.801379442214966
Test Epoch16 threshold 0.5 Acc 0.9231578947368421, AUC 0.9810254573822021, avg_entr 0.07936625927686691, f1 0.9231578707695007
ep16_t0.5_test_time 1.8122456073760986
Test Epoch16 threshold 0.6 Acc 0.9205263157894736, AUC 0.9811064004898071, avg_entr 0.08176160603761673, f1 0.9205263257026672
ep16_t0.6_test_time 1.4197509288787842
Test Epoch16 threshold 0.7 Acc 0.9205263157894736, AUC 0.9811064004898071, avg_entr 0.08176160603761673, f1 0.9205263257026672
ep16_t0.7_test_time 1.426203966140747
Test Epoch16 threshold 0.8 Acc 0.9205263157894736, AUC 0.9811064004898071, avg_entr 0.08176160603761673, f1 0.9205263257026672
ep16_t0.8_test_time 1.4279606342315674
Test Epoch16 threshold 0.9 Acc 0.9205263157894736, AUC 0.9811064004898071, avg_entr 0.08176160603761673, f1 0.9205263257026672
ep16_t0.9_test_time 1.4235522747039795
gc 0
Train Epoch17 Acc 0.9401666666666667 (112820/120000), AUC 0.9894123673439026
ep17_train_time 251.60072255134583
Test Epoch17 threshold 0.1 Acc 0.925, AUC 0.9790550470352173, avg_entr 0.038044609129428864, f1 0.925000011920929
ep17_t0.1_test_time 3.593348979949951
Test Epoch17 threshold 0.2 Acc 0.9247368421052632, AUC 0.9799697995185852, avg_entr 0.048510465770959854, f1 0.9247368574142456
ep17_t0.2_test_time 3.5359861850738525
Test Epoch17 threshold 0.3 Acc 0.9252631578947368, AUC 0.9801536798477173, avg_entr 0.05853366106748581, f1 0.9252631664276123
ep17_t0.3_test_time 3.4616661071777344
Test Epoch17 threshold 0.4 Acc 0.9247368421052632, AUC 0.9807840585708618, avg_entr 0.07267125695943832, f1 0.9247368574142456
ep17_t0.4_test_time 2.770758867263794
Test Epoch17 threshold 0.5 Acc 0.9231578947368421, AUC 0.9810258746147156, avg_entr 0.07936040312051773, f1 0.9231578707695007
ep17_t0.5_test_time 1.802130937576294
Test Epoch17 threshold 0.6 Acc 0.9205263157894736, AUC 0.9811067581176758, avg_entr 0.08175583928823471, f1 0.9205263257026672
ep17_t0.6_test_time 1.410198450088501
Test Epoch17 threshold 0.7 Acc 0.9205263157894736, AUC 0.9811067581176758, avg_entr 0.08175583928823471, f1 0.9205263257026672
ep17_t0.7_test_time 1.4350414276123047
Test Epoch17 threshold 0.8 Acc 0.9205263157894736, AUC 0.9811067581176758, avg_entr 0.08175583928823471, f1 0.9205263257026672
ep17_t0.8_test_time 1.4197967052459717
Test Epoch17 threshold 0.9 Acc 0.9205263157894736, AUC 0.9811067581176758, avg_entr 0.08175583928823471, f1 0.9205263257026672
ep17_t0.9_test_time 1.435053825378418
gc 0
Train Epoch18 Acc 0.94045 (112854/120000), AUC 0.9893194437026978
ep18_train_time 254.80997347831726
Test Epoch18 threshold 0.1 Acc 0.925, AUC 0.9790474772453308, avg_entr 0.03805974870920181, f1 0.925000011920929
ep18_t0.1_test_time 3.5687201023101807
Test Epoch18 threshold 0.2 Acc 0.9247368421052632, AUC 0.9799705743789673, avg_entr 0.048502713441848755, f1 0.9247368574142456
ep18_t0.2_test_time 3.558906316757202
Test Epoch18 threshold 0.3 Acc 0.9252631578947368, AUC 0.9801535606384277, avg_entr 0.058526575565338135, f1 0.9252631664276123
ep18_t0.3_test_time 3.4259204864501953
Test Epoch18 threshold 0.4 Acc 0.9247368421052632, AUC 0.9807839393615723, avg_entr 0.07266450673341751, f1 0.9247368574142456
ep18_t0.4_test_time 2.8072712421417236
Test Epoch18 threshold 0.5 Acc 0.9231578947368421, AUC 0.9810258150100708, avg_entr 0.07935429364442825, f1 0.9231578707695007
ep18_t0.5_test_time 1.8117916584014893
Test Epoch18 threshold 0.6 Acc 0.9205263157894736, AUC 0.9811068773269653, avg_entr 0.08175003528594971, f1 0.9205263257026672
ep18_t0.6_test_time 1.4392576217651367
Test Epoch18 threshold 0.7 Acc 0.9205263157894736, AUC 0.9811068773269653, avg_entr 0.08175003528594971, f1 0.9205263257026672
ep18_t0.7_test_time 1.4191226959228516
Test Epoch18 threshold 0.8 Acc 0.9205263157894736, AUC 0.9811068773269653, avg_entr 0.08175003528594971, f1 0.9205263257026672
ep18_t0.8_test_time 1.4256770610809326
Test Epoch18 threshold 0.9 Acc 0.9205263157894736, AUC 0.9811068773269653, avg_entr 0.08175003528594971, f1 0.9205263257026672
ep18_t0.9_test_time 1.416247844696045
gc 0
Train Epoch19 Acc 0.940425 (112851/120000), AUC 0.9893003702163696
ep19_train_time 255.23666048049927
Test Epoch19 threshold 0.1 Acc 0.925, AUC 0.9790457487106323, avg_entr 0.0380525104701519, f1 0.925000011920929
ep19_t0.1_test_time 3.606621503829956
Test Epoch19 threshold 0.2 Acc 0.9247368421052632, AUC 0.9799686670303345, avg_entr 0.04849458485841751, f1 0.9247368574142456
ep19_t0.2_test_time 3.583036422729492
Test Epoch19 threshold 0.3 Acc 0.9252631578947368, AUC 0.9801533818244934, avg_entr 0.05851888656616211, f1 0.9252631664276123
ep19_t0.3_test_time 3.4086477756500244
Test Epoch19 threshold 0.4 Acc 0.9247368421052632, AUC 0.9807835817337036, avg_entr 0.07265742123126984, f1 0.9247368574142456
ep19_t0.4_test_time 2.798645257949829
Test Epoch19 threshold 0.5 Acc 0.9231578947368421, AUC 0.981025755405426, avg_entr 0.07934794574975967, f1 0.9231578707695007
ep19_t0.5_test_time 1.8156075477600098
Test Epoch19 threshold 0.6 Acc 0.9205263157894736, AUC 0.9811067581176758, avg_entr 0.081743985414505, f1 0.9205263257026672
ep19_t0.6_test_time 1.4128730297088623
Test Epoch19 threshold 0.7 Acc 0.9205263157894736, AUC 0.9811067581176758, avg_entr 0.081743985414505, f1 0.9205263257026672
ep19_t0.7_test_time 1.4112138748168945
Test Epoch19 threshold 0.8 Acc 0.9205263157894736, AUC 0.9811067581176758, avg_entr 0.081743985414505, f1 0.9205263257026672
ep19_t0.8_test_time 1.4263837337493896
Test Epoch19 threshold 0.9 Acc 0.9205263157894736, AUC 0.9811067581176758, avg_entr 0.081743985414505, f1 0.9205263257026672
ep19_t0.9_test_time 1.416471242904663
gc 0
Train Epoch20 Acc 0.9405 (112860/120000), AUC 0.9894599914550781
ep20_train_time 251.5753710269928
Test Epoch20 threshold 0.1 Acc 0.925, AUC 0.9790350198745728, avg_entr 0.038068920373916626, f1 0.925000011920929
ep20_t0.1_test_time 3.5397818088531494
Test Epoch20 threshold 0.2 Acc 0.9247368421052632, AUC 0.9799680113792419, avg_entr 0.04848612844944, f1 0.9247368574142456
ep20_t0.2_test_time 3.5460243225097656
Test Epoch20 threshold 0.3 Acc 0.9252631578947368, AUC 0.9801533222198486, avg_entr 0.05851086974143982, f1 0.9252631664276123
ep20_t0.3_test_time 3.459749460220337
Test Epoch20 threshold 0.4 Acc 0.9247368421052632, AUC 0.9807837009429932, avg_entr 0.0726504772901535, f1 0.9247368574142456
ep20_t0.4_test_time 2.7623291015625
Test Epoch20 threshold 0.5 Acc 0.9231578947368421, AUC 0.9810255169868469, avg_entr 0.0793418288230896, f1 0.9231578707695007
ep20_t0.5_test_time 1.797133445739746
Test Epoch20 threshold 0.6 Acc 0.9205263157894736, AUC 0.9811067581176758, avg_entr 0.08173815160989761, f1 0.9205263257026672
ep20_t0.6_test_time 1.4011082649230957
Test Epoch20 threshold 0.7 Acc 0.9205263157894736, AUC 0.9811067581176758, avg_entr 0.08173815160989761, f1 0.9205263257026672
ep20_t0.7_test_time 1.4184904098510742
Test Epoch20 threshold 0.8 Acc 0.9205263157894736, AUC 0.9811067581176758, avg_entr 0.08173815160989761, f1 0.9205263257026672
ep20_t0.8_test_time 1.4169695377349854
Test Epoch20 threshold 0.9 Acc 0.9205263157894736, AUC 0.9811067581176758, avg_entr 0.08173815160989761, f1 0.9205263257026672
ep20_t0.9_test_time 1.431194543838501
gc 0
Train Epoch21 Acc 0.940375 (112845/120000), AUC 0.98931485414505
ep21_train_time 255.50765800476074
Test Epoch21 threshold 0.1 Acc 0.925, AUC 0.9790340662002563, avg_entr 0.0380614809691906, f1 0.925000011920929
ep21_t0.1_test_time 3.5931055545806885
Test Epoch21 threshold 0.2 Acc 0.9247368421052632, AUC 0.9799680709838867, avg_entr 0.04847881197929382, f1 0.9247368574142456
ep21_t0.2_test_time 3.568838119506836
Test Epoch21 threshold 0.3 Acc 0.9252631578947368, AUC 0.98015296459198, avg_entr 0.058504004031419754, f1 0.9252631664276123
ep21_t0.3_test_time 3.4571003913879395
Test Epoch21 threshold 0.4 Acc 0.9247368421052632, AUC 0.9807834029197693, avg_entr 0.07264403998851776, f1 0.9247368574142456
ep21_t0.4_test_time 2.8048148155212402
Test Epoch21 threshold 0.5 Acc 0.9231578947368421, AUC 0.9810255765914917, avg_entr 0.07933560758829117, f1 0.9231578707695007
ep21_t0.5_test_time 1.8096108436584473
Test Epoch21 threshold 0.6 Acc 0.9205263157894736, AUC 0.9811066389083862, avg_entr 0.08173219859600067, f1 0.9205263257026672
ep21_t0.6_test_time 1.428985595703125
Test Epoch21 threshold 0.7 Acc 0.9205263157894736, AUC 0.9811066389083862, avg_entr 0.08173219859600067, f1 0.9205263257026672
ep21_t0.7_test_time 1.4222006797790527
Test Epoch21 threshold 0.8 Acc 0.9205263157894736, AUC 0.9811066389083862, avg_entr 0.08173219859600067, f1 0.9205263257026672
ep21_t0.8_test_time 1.3762123584747314
Test Epoch21 threshold 0.9 Acc 0.9205263157894736, AUC 0.9811066389083862, avg_entr 0.08173219859600067, f1 0.9205263257026672
ep21_t0.9_test_time 1.4185945987701416
gc 0
Train Epoch22 Acc 0.9404166666666667 (112850/120000), AUC 0.9894127249717712
ep22_train_time 254.97802686691284
Test Epoch22 threshold 0.1 Acc 0.925, AUC 0.9790234565734863, avg_entr 0.038077011704444885, f1 0.925000011920929
ep22_t0.1_test_time 3.6030759811401367
Test Epoch22 threshold 0.2 Acc 0.9247368421052632, AUC 0.9799663424491882, avg_entr 0.048469919711351395, f1 0.9247368574142456
ep22_t0.2_test_time 3.5865886211395264
Test Epoch22 threshold 0.3 Acc 0.9252631578947368, AUC 0.9801506996154785, avg_entr 0.05849500000476837, f1 0.9252631664276123
ep22_t0.3_test_time 3.4778389930725098
Test Epoch22 threshold 0.4 Acc 0.9247368421052632, AUC 0.9807828664779663, avg_entr 0.07263670116662979, f1 0.9247368574142456
ep22_t0.4_test_time 2.7992773056030273
Test Epoch22 threshold 0.5 Acc 0.9231578947368421, AUC 0.9810253381729126, avg_entr 0.0793294906616211, f1 0.9231578707695007
ep22_t0.5_test_time 1.813366174697876
Test Epoch22 threshold 0.6 Acc 0.9205263157894736, AUC 0.9811066389083862, avg_entr 0.08172625303268433, f1 0.9205263257026672
ep22_t0.6_test_time 1.420227289199829
Test Epoch22 threshold 0.7 Acc 0.9205263157894736, AUC 0.9811066389083862, avg_entr 0.08172625303268433, f1 0.9205263257026672
ep22_t0.7_test_time 1.3985459804534912
Test Epoch22 threshold 0.8 Acc 0.9205263157894736, AUC 0.9811066389083862, avg_entr 0.08172625303268433, f1 0.9205263257026672
ep22_t0.8_test_time 1.421485185623169
Test Epoch22 threshold 0.9 Acc 0.9205263157894736, AUC 0.9811066389083862, avg_entr 0.08172625303268433, f1 0.9205263257026672
ep22_t0.9_test_time 1.4433393478393555
gc 0
Train Epoch23 Acc 0.9404083333333333 (112849/120000), AUC 0.9894023537635803
ep23_train_time 255.2878611087799
Test Epoch23 threshold 0.1 Acc 0.925, AUC 0.9790228605270386, avg_entr 0.03806965425610542, f1 0.925000011920929
ep23_t0.1_test_time 3.5849738121032715
Test Epoch23 threshold 0.2 Acc 0.9247368421052632, AUC 0.979966402053833, avg_entr 0.048461511731147766, f1 0.9247368574142456
ep23_t0.2_test_time 3.540471076965332
Test Epoch23 threshold 0.3 Acc 0.9252631578947368, AUC 0.9801515340805054, avg_entr 0.05848705396056175, f1 0.9252631664276123
ep23_t0.3_test_time 3.4673337936401367
Test Epoch23 threshold 0.4 Acc 0.9247368421052632, AUC 0.9807830452919006, avg_entr 0.0726294070482254, f1 0.9247368574142456
ep23_t0.4_test_time 2.794086456298828
Test Epoch23 threshold 0.5 Acc 0.9231578947368421, AUC 0.9810258150100708, avg_entr 0.07932312041521072, f1 0.9231578707695007
ep23_t0.5_test_time 1.8136157989501953
Test Epoch23 threshold 0.6 Acc 0.9205263157894736, AUC 0.9811071157455444, avg_entr 0.08172018080949783, f1 0.9205263257026672
ep23_t0.6_test_time 1.415431022644043
Test Epoch23 threshold 0.7 Acc 0.9205263157894736, AUC 0.9811071157455444, avg_entr 0.08172018080949783, f1 0.9205263257026672
ep23_t0.7_test_time 1.4118638038635254
Test Epoch23 threshold 0.8 Acc 0.9205263157894736, AUC 0.9811071157455444, avg_entr 0.08172018080949783, f1 0.9205263257026672
ep23_t0.8_test_time 1.4294898509979248
Test Epoch23 threshold 0.9 Acc 0.9205263157894736, AUC 0.9811071157455444, avg_entr 0.08172018080949783, f1 0.9205263257026672
ep23_t0.9_test_time 1.4335711002349854
gc 0
Train Epoch24 Acc 0.9405083333333333 (112861/120000), AUC 0.9893898963928223
ep24_train_time 251.80778908729553
Test Epoch24 threshold 0.1 Acc 0.925, AUC 0.9790216684341431, avg_entr 0.03806158900260925, f1 0.925000011920929
ep24_t0.1_test_time 3.608004093170166
Test Epoch24 threshold 0.2 Acc 0.9247368421052632, AUC 0.9799659252166748, avg_entr 0.048452142626047134, f1 0.9247368574142456
ep24_t0.2_test_time 3.557110071182251
Test Epoch24 threshold 0.3 Acc 0.9252631578947368, AUC 0.9801512956619263, avg_entr 0.05847851559519768, f1 0.9252631664276123
ep24_t0.3_test_time 3.474146604537964
Test Epoch24 threshold 0.4 Acc 0.9247368421052632, AUC 0.9807829856872559, avg_entr 0.07262246310710907, f1 0.9247368574142456
ep24_t0.4_test_time 2.643411159515381
Test Epoch24 threshold 0.5 Acc 0.9231578947368421, AUC 0.981025755405426, avg_entr 0.0793171375989914, f1 0.9231578707695007
ep24_t0.5_test_time 1.8174617290496826
Test Epoch24 threshold 0.6 Acc 0.9205263157894736, AUC 0.9811069965362549, avg_entr 0.0817144438624382, f1 0.9205263257026672
ep24_t0.6_test_time 1.4457221031188965
Test Epoch24 threshold 0.7 Acc 0.9205263157894736, AUC 0.9811069965362549, avg_entr 0.0817144438624382, f1 0.9205263257026672
ep24_t0.7_test_time 1.4263434410095215
Test Epoch24 threshold 0.8 Acc 0.9205263157894736, AUC 0.9811069965362549, avg_entr 0.0817144438624382, f1 0.9205263257026672
ep24_t0.8_test_time 1.4203741550445557
Test Epoch24 threshold 0.9 Acc 0.9205263157894736, AUC 0.9811069965362549, avg_entr 0.0817144438624382, f1 0.9205263257026672
ep24_t0.9_test_time 1.3863754272460938
gc 0
Train Epoch25 Acc 0.9405083333333333 (112861/120000), AUC 0.9893093109130859
ep25_train_time 251.77214789390564
Test Epoch25 threshold 0.1 Acc 0.925, AUC 0.9790213704109192, avg_entr 0.038054078817367554, f1 0.925000011920929
ep25_t0.1_test_time 3.553161144256592
Test Epoch25 threshold 0.2 Acc 0.9247368421052632, AUC 0.9799667000770569, avg_entr 0.048444245010614395, f1 0.9247368574142456
ep25_t0.2_test_time 3.532365322113037
Test Epoch25 threshold 0.3 Acc 0.9252631578947368, AUC 0.9801516532897949, avg_entr 0.058471597731113434, f1 0.9252631664276123
ep25_t0.3_test_time 3.4323291778564453
Test Epoch25 threshold 0.4 Acc 0.9247368421052632, AUC 0.9807833433151245, avg_entr 0.0726153552532196, f1 0.9247368574142456
ep25_t0.4_test_time 2.773157835006714
Test Epoch25 threshold 0.5 Acc 0.9231578947368421, AUC 0.9810259938240051, avg_entr 0.07931075990200043, f1 0.9231578707695007
ep25_t0.5_test_time 1.8067984580993652
Test Epoch25 threshold 0.6 Acc 0.9205263157894736, AUC 0.9811072945594788, avg_entr 0.08170844614505768, f1 0.9205263257026672
ep25_t0.6_test_time 1.426424503326416
Test Epoch25 threshold 0.7 Acc 0.9205263157894736, AUC 0.9811072945594788, avg_entr 0.08170844614505768, f1 0.9205263257026672
ep25_t0.7_test_time 1.4261903762817383
Test Epoch25 threshold 0.8 Acc 0.9205263157894736, AUC 0.9811072945594788, avg_entr 0.08170844614505768, f1 0.9205263257026672
ep25_t0.8_test_time 1.4387991428375244
Test Epoch25 threshold 0.9 Acc 0.9205263157894736, AUC 0.9811072945594788, avg_entr 0.08170844614505768, f1 0.9205263257026672
ep25_t0.9_test_time 1.4332613945007324
gc 0
Train Epoch26 Acc 0.940375 (112845/120000), AUC 0.9893770217895508
ep26_train_time 251.744243144989
Test Epoch26 threshold 0.1 Acc 0.925, AUC 0.9790204167366028, avg_entr 0.038046397268772125, f1 0.925000011920929
ep26_t0.1_test_time 3.5495452880859375
Test Epoch26 threshold 0.2 Acc 0.9247368421052632, AUC 0.9799661040306091, avg_entr 0.04843730106949806, f1 0.9247368574142456
ep26_t0.2_test_time 3.5235955715179443
Test Epoch26 threshold 0.3 Acc 0.9252631578947368, AUC 0.9801508188247681, avg_entr 0.05846418812870979, f1 0.9252631664276123
ep26_t0.3_test_time 3.458374261856079
Test Epoch26 threshold 0.4 Acc 0.9247368421052632, AUC 0.9807834029197693, avg_entr 0.07260838896036148, f1 0.9247368574142456
ep26_t0.4_test_time 2.754625082015991
Test Epoch26 threshold 0.5 Acc 0.9231578947368421, AUC 0.9810258746147156, avg_entr 0.07930444180965424, f1 0.9231578707695007
ep26_t0.5_test_time 1.8094227313995361
Test Epoch26 threshold 0.6 Acc 0.9205263157894736, AUC 0.9811073541641235, avg_entr 0.08170250803232193, f1 0.9205263257026672
ep26_t0.6_test_time 1.4162750244140625
Test Epoch26 threshold 0.7 Acc 0.9205263157894736, AUC 0.9811073541641235, avg_entr 0.08170250803232193, f1 0.9205263257026672
ep26_t0.7_test_time 1.4234941005706787
Test Epoch26 threshold 0.8 Acc 0.9205263157894736, AUC 0.9811073541641235, avg_entr 0.08170250803232193, f1 0.9205263257026672
ep26_t0.8_test_time 1.4122531414031982
Test Epoch26 threshold 0.9 Acc 0.9205263157894736, AUC 0.9811073541641235, avg_entr 0.08170250803232193, f1 0.9205263257026672
ep26_t0.9_test_time 1.4259209632873535
gc 0
Train Epoch27 Acc 0.9403083333333333 (112837/120000), AUC 0.9894832372665405
ep27_train_time 255.13180351257324
Test Epoch27 threshold 0.1 Acc 0.925, AUC 0.9790188074111938, avg_entr 0.03803877532482147, f1 0.925000011920929
ep27_t0.1_test_time 3.606161117553711
Test Epoch27 threshold 0.2 Acc 0.9247368421052632, AUC 0.9799652099609375, avg_entr 0.04842893406748772, f1 0.9247368574142456
ep27_t0.2_test_time 3.569363594055176
Test Epoch27 threshold 0.3 Acc 0.9252631578947368, AUC 0.9801503419876099, avg_entr 0.058456212282180786, f1 0.9252631664276123
ep27_t0.3_test_time 3.459219455718994
Test Epoch27 threshold 0.4 Acc 0.9247368421052632, AUC 0.9807834029197693, avg_entr 0.07260173559188843, f1 0.9247368574142456
ep27_t0.4_test_time 2.795093059539795
Test Epoch27 threshold 0.5 Acc 0.9231578947368421, AUC 0.9810258746147156, avg_entr 0.07929836958646774, f1 0.9231578707695007
ep27_t0.5_test_time 1.8093595504760742
Test Epoch27 threshold 0.6 Acc 0.9205263157894736, AUC 0.9811073541641235, avg_entr 0.08169666677713394, f1 0.9205263257026672
ep27_t0.6_test_time 1.4078197479248047
Test Epoch27 threshold 0.7 Acc 0.9205263157894736, AUC 0.9811073541641235, avg_entr 0.08169666677713394, f1 0.9205263257026672
ep27_t0.7_test_time 1.4384677410125732
Test Epoch27 threshold 0.8 Acc 0.9205263157894736, AUC 0.9811073541641235, avg_entr 0.08169666677713394, f1 0.9205263257026672
ep27_t0.8_test_time 1.4257490634918213
Test Epoch27 threshold 0.9 Acc 0.9205263157894736, AUC 0.9811073541641235, avg_entr 0.08169666677713394, f1 0.9205263257026672
ep27_t0.9_test_time 1.4446210861206055
gc 0
Train Epoch28 Acc 0.9405416666666667 (112865/120000), AUC 0.989381730556488
ep28_train_time 251.56224989891052
Test Epoch28 threshold 0.1 Acc 0.925, AUC 0.9790177941322327, avg_entr 0.03803205490112305, f1 0.925000011920929
ep28_t0.1_test_time 3.5786843299865723
Test Epoch28 threshold 0.2 Acc 0.9247368421052632, AUC 0.9799650311470032, avg_entr 0.048421308398246765, f1 0.9247368574142456
ep28_t0.2_test_time 3.5565054416656494
Test Epoch28 threshold 0.3 Acc 0.9252631578947368, AUC 0.9801502227783203, avg_entr 0.058448996394872665, f1 0.9252631664276123
ep28_t0.3_test_time 3.423485040664673
Test Epoch28 threshold 0.4 Acc 0.9247368421052632, AUC 0.9807835221290588, avg_entr 0.07259491086006165, f1 0.9247368574142456
ep28_t0.4_test_time 2.7785913944244385
Test Epoch28 threshold 0.5 Acc 0.9231578947368421, AUC 0.9810259938240051, avg_entr 0.07929236441850662, f1 0.9231578707695007
ep28_t0.5_test_time 1.8042199611663818
Test Epoch28 threshold 0.6 Acc 0.9205263157894736, AUC 0.9811074733734131, avg_entr 0.08169084787368774, f1 0.9205263257026672
ep28_t0.6_test_time 1.4211900234222412
Test Epoch28 threshold 0.7 Acc 0.9205263157894736, AUC 0.9811074733734131, avg_entr 0.08169084787368774, f1 0.9205263257026672
ep28_t0.7_test_time 1.4317553043365479
Test Epoch28 threshold 0.8 Acc 0.9205263157894736, AUC 0.9811074733734131, avg_entr 0.08169084787368774, f1 0.9205263257026672
ep28_t0.8_test_time 1.4396119117736816
Test Epoch28 threshold 0.9 Acc 0.9205263157894736, AUC 0.9811074733734131, avg_entr 0.08169084787368774, f1 0.9205263257026672
ep28_t0.9_test_time 1.4289469718933105
gc 0
Train Epoch29 Acc 0.9402416666666666 (112829/120000), AUC 0.9894207715988159
ep29_train_time 251.917902469635
Test Epoch29 threshold 0.1 Acc 0.925, AUC 0.9790176153182983, avg_entr 0.03802401199936867, f1 0.925000011920929
ep29_t0.1_test_time 3.5633859634399414
Test Epoch29 threshold 0.2 Acc 0.9247368421052632, AUC 0.979965329170227, avg_entr 0.04841296002268791, f1 0.9247368574142456
ep29_t0.2_test_time 3.5617761611938477
Test Epoch29 threshold 0.3 Acc 0.9252631578947368, AUC 0.9801499843597412, avg_entr 0.05844123661518097, f1 0.9252631664276123
ep29_t0.3_test_time 3.464625835418701
Test Epoch29 threshold 0.4 Acc 0.9247368421052632, AUC 0.9807834029197693, avg_entr 0.07258772104978561, f1 0.9247368574142456
ep29_t0.4_test_time 2.7861127853393555
Test Epoch29 threshold 0.5 Acc 0.9231578947368421, AUC 0.981026291847229, avg_entr 0.07928601652383804, f1 0.9231578707695007
ep29_t0.5_test_time 1.7769231796264648
Test Epoch29 threshold 0.6 Acc 0.9205263157894736, AUC 0.9811077117919922, avg_entr 0.08168483525514603, f1 0.9205263257026672
ep29_t0.6_test_time 1.4215688705444336
Test Epoch29 threshold 0.7 Acc 0.9205263157894736, AUC 0.9811077117919922, avg_entr 0.08168483525514603, f1 0.9205263257026672
ep29_t0.7_test_time 1.4197907447814941
Test Epoch29 threshold 0.8 Acc 0.9205263157894736, AUC 0.9811077117919922, avg_entr 0.08168483525514603, f1 0.9205263257026672
ep29_t0.8_test_time 1.415848970413208
Test Epoch29 threshold 0.9 Acc 0.9205263157894736, AUC 0.9811077117919922, avg_entr 0.08168483525514603, f1 0.9205263257026672
ep29_t0.9_test_time 1.422105073928833
Best AUC tensor(0.9255) 6 0.3
train_loss (2, 5, 30)
valid_acc (30, 9)
valid_AUC (30, 9)
train_acc (30,)
total_train/valid_time 8227.184260845184
Start Testing
Load ckpt at ckpt/ag_news_transformeral_l5ad_pad177//ag_news_transformeral_l5.pt
Test threshold 0.1 Acc 0.9147368421052632, AUC 0.9768662452697754, avg_entr 0.04093969613313675, f1 0.9147368669509888
t0.1_test_time 3.575962543487549
Test threshold 0.2 Acc 0.9131578947368421, AUC 0.9770973920822144, avg_entr 0.05111174285411835, f1 0.9131578803062439
t0.2_test_time 3.5852832794189453
Test threshold 0.3 Acc 0.9144736842105263, AUC 0.9778811931610107, avg_entr 0.06263609975576401, f1 0.9144737124443054
t0.3_test_time 3.5142393112182617
Test threshold 0.4 Acc 0.9144736842105263, AUC 0.9789506793022156, avg_entr 0.07673339545726776, f1 0.9144737124443054
t0.4_test_time 2.5650930404663086
Test threshold 0.5 Acc 0.9118421052631579, AUC 0.9786586761474609, avg_entr 0.08347166329622269, f1 0.9118421077728271
t0.5_test_time 1.8173096179962158
Test threshold 0.6 Acc 0.911578947368421, AUC 0.9787706136703491, avg_entr 0.0852266326546669, f1 0.9115789532661438
t0.6_test_time 1.4061121940612793
Test threshold 0.7 Acc 0.911578947368421, AUC 0.9787706136703491, avg_entr 0.0852266326546669, f1 0.9115789532661438
t0.7_test_time 1.4370365142822266
Test threshold 0.8 Acc 0.911578947368421, AUC 0.9787706136703491, avg_entr 0.0852266326546669, f1 0.9115789532661438
t0.8_test_time 1.4087798595428467
Test threshold 0.9 Acc 0.911578947368421, AUC 0.9787706136703491, avg_entr 0.0852266326546669, f1 0.9115789532661438
t0.9_test_time 1.4215383529663086
