total count words 102019
vocab size 30000
train size 120000, valid size 3800, test size 3800
found 26754 words in glove
model: TransformerModelML(
  (layers): ModuleList(
    (0): EMBLayer(
      (enc): ENC(
        (b): Sequential(
          (0): Linear(in_features=300, out_features=128, bias=True)
          (1): Tanh()
        )
        (f): Embedding(30000, 300)
        (cri): MSELoss()
      )
      (ae): AE(
        (g): Sequential(
          (0): Linear(in_features=4, out_features=128, bias=True)
          (1): Tanh()
        )
        (h): Sequential(
          (0): Linear(in_features=128, out_features=4, bias=True)
          (1): Sigmoid()
        )
        (cri): CrossEntropyLoss()
      )
    )
    (1): TransLayer(
      (enc): ENC(
        (b): Sequential(
          (0): Linear(in_features=300, out_features=128, bias=True)
          (1): Tanh()
        )
        (f): TransformerEncoder(
          (multi_headed_attention): MultiHeadAttention(
            (linears): ModuleList(
              (0): Linear(in_features=300, out_features=300, bias=True)
              (1): Linear(in_features=300, out_features=300, bias=True)
              (2): Linear(in_features=300, out_features=300, bias=True)
              (3): Linear(in_features=300, out_features=300, bias=True)
            )
            (sdpa): ScaledDotProductAttention()
            (dropout): Dropout(p=0.1, inplace=False)
          )
          (feed_forward): FeedForward(
            (w_1): Linear(in_features=300, out_features=300, bias=True)
            (w_2): Linear(in_features=300, out_features=300, bias=True)
            (relu): ReLU()
            (dropout): Dropout(p=0.1, inplace=False)
          )
          (encoder_layer): EncoderLayer(
            (self_attn): MultiHeadAttention(
              (linears): ModuleList(
                (0): Linear(in_features=300, out_features=300, bias=True)
                (1): Linear(in_features=300, out_features=300, bias=True)
                (2): Linear(in_features=300, out_features=300, bias=True)
                (3): Linear(in_features=300, out_features=300, bias=True)
              )
              (sdpa): ScaledDotProductAttention()
              (dropout): Dropout(p=0.1, inplace=False)
            )
            (feed_forward): FeedForward(
              (w_1): Linear(in_features=300, out_features=300, bias=True)
              (w_2): Linear(in_features=300, out_features=300, bias=True)
              (relu): ReLU()
              (dropout): Dropout(p=0.1, inplace=False)
            )
            (sublayer): ModuleList(
              (0): SublayerConnection(
                (norm): LayerNorm()
                (dropout): Dropout(p=0.1, inplace=False)
              )
              (1): SublayerConnection(
                (norm): LayerNorm()
                (dropout): Dropout(p=0.1, inplace=False)
              )
            )
          )
          (encoder): Encoder(
            (layers): ModuleList(
              (0): EncoderLayer(
                (self_attn): MultiHeadAttention(
                  (linears): ModuleList(
                    (0): Linear(in_features=300, out_features=300, bias=True)
                    (1): Linear(in_features=300, out_features=300, bias=True)
                    (2): Linear(in_features=300, out_features=300, bias=True)
                    (3): Linear(in_features=300, out_features=300, bias=True)
                  )
                  (sdpa): ScaledDotProductAttention()
                  (dropout): Dropout(p=0.1, inplace=False)
                )
                (feed_forward): FeedForward(
                  (w_1): Linear(in_features=300, out_features=300, bias=True)
                  (w_2): Linear(in_features=300, out_features=300, bias=True)
                  (relu): ReLU()
                  (dropout): Dropout(p=0.1, inplace=False)
                )
                (sublayer): ModuleList(
                  (0): SublayerConnection(
                    (norm): LayerNorm()
                    (dropout): Dropout(p=0.1, inplace=False)
                  )
                  (1): SublayerConnection(
                    (norm): LayerNorm()
                    (dropout): Dropout(p=0.1, inplace=False)
                  )
                )
              )
            )
            (norm): LayerNorm()
          )
        )
        (cri): MSELoss()
      )
      (ae): AE(
        (g): Sequential(
          (0): Linear(in_features=128, out_features=128, bias=True)
          (1): Tanh()
        )
        (h): Sequential(
          (0): Linear(in_features=128, out_features=128, bias=True)
        )
        (cri): MSELoss()
      )
    )
    (2): TransLayer(
      (enc): ENC(
        (b): Sequential(
          (0): Linear(in_features=300, out_features=128, bias=True)
          (1): Tanh()
        )
        (f): TransformerEncoder(
          (multi_headed_attention): MultiHeadAttention(
            (linears): ModuleList(
              (0): Linear(in_features=300, out_features=300, bias=True)
              (1): Linear(in_features=300, out_features=300, bias=True)
              (2): Linear(in_features=300, out_features=300, bias=True)
              (3): Linear(in_features=300, out_features=300, bias=True)
            )
            (sdpa): ScaledDotProductAttention()
            (dropout): Dropout(p=0.1, inplace=False)
          )
          (feed_forward): FeedForward(
            (w_1): Linear(in_features=300, out_features=300, bias=True)
            (w_2): Linear(in_features=300, out_features=300, bias=True)
            (relu): ReLU()
            (dropout): Dropout(p=0.1, inplace=False)
          )
          (encoder_layer): EncoderLayer(
            (self_attn): MultiHeadAttention(
              (linears): ModuleList(
                (0): Linear(in_features=300, out_features=300, bias=True)
                (1): Linear(in_features=300, out_features=300, bias=True)
                (2): Linear(in_features=300, out_features=300, bias=True)
                (3): Linear(in_features=300, out_features=300, bias=True)
              )
              (sdpa): ScaledDotProductAttention()
              (dropout): Dropout(p=0.1, inplace=False)
            )
            (feed_forward): FeedForward(
              (w_1): Linear(in_features=300, out_features=300, bias=True)
              (w_2): Linear(in_features=300, out_features=300, bias=True)
              (relu): ReLU()
              (dropout): Dropout(p=0.1, inplace=False)
            )
            (sublayer): ModuleList(
              (0): SublayerConnection(
                (norm): LayerNorm()
                (dropout): Dropout(p=0.1, inplace=False)
              )
              (1): SublayerConnection(
                (norm): LayerNorm()
                (dropout): Dropout(p=0.1, inplace=False)
              )
            )
          )
          (encoder): Encoder(
            (layers): ModuleList(
              (0): EncoderLayer(
                (self_attn): MultiHeadAttention(
                  (linears): ModuleList(
                    (0): Linear(in_features=300, out_features=300, bias=True)
                    (1): Linear(in_features=300, out_features=300, bias=True)
                    (2): Linear(in_features=300, out_features=300, bias=True)
                    (3): Linear(in_features=300, out_features=300, bias=True)
                  )
                  (sdpa): ScaledDotProductAttention()
                  (dropout): Dropout(p=0.1, inplace=False)
                )
                (feed_forward): FeedForward(
                  (w_1): Linear(in_features=300, out_features=300, bias=True)
                  (w_2): Linear(in_features=300, out_features=300, bias=True)
                  (relu): ReLU()
                  (dropout): Dropout(p=0.1, inplace=False)
                )
                (sublayer): ModuleList(
                  (0): SublayerConnection(
                    (norm): LayerNorm()
                    (dropout): Dropout(p=0.1, inplace=False)
                  )
                  (1): SublayerConnection(
                    (norm): LayerNorm()
                    (dropout): Dropout(p=0.1, inplace=False)
                  )
                )
              )
            )
            (norm): LayerNorm()
          )
        )
        (cri): MSELoss()
      )
      (ae): AE(
        (g): Sequential(
          (0): Linear(in_features=128, out_features=128, bias=True)
          (1): Tanh()
        )
        (h): Sequential(
          (0): Linear(in_features=128, out_features=128, bias=True)
        )
        (cri): MSELoss()
      )
    )
    (3): TransLayer(
      (enc): ENC(
        (b): Sequential(
          (0): Linear(in_features=300, out_features=128, bias=True)
          (1): Tanh()
        )
        (f): TransformerEncoder(
          (multi_headed_attention): MultiHeadAttention(
            (linears): ModuleList(
              (0): Linear(in_features=300, out_features=300, bias=True)
              (1): Linear(in_features=300, out_features=300, bias=True)
              (2): Linear(in_features=300, out_features=300, bias=True)
              (3): Linear(in_features=300, out_features=300, bias=True)
            )
            (sdpa): ScaledDotProductAttention()
            (dropout): Dropout(p=0.1, inplace=False)
          )
          (feed_forward): FeedForward(
            (w_1): Linear(in_features=300, out_features=300, bias=True)
            (w_2): Linear(in_features=300, out_features=300, bias=True)
            (relu): ReLU()
            (dropout): Dropout(p=0.1, inplace=False)
          )
          (encoder_layer): EncoderLayer(
            (self_attn): MultiHeadAttention(
              (linears): ModuleList(
                (0): Linear(in_features=300, out_features=300, bias=True)
                (1): Linear(in_features=300, out_features=300, bias=True)
                (2): Linear(in_features=300, out_features=300, bias=True)
                (3): Linear(in_features=300, out_features=300, bias=True)
              )
              (sdpa): ScaledDotProductAttention()
              (dropout): Dropout(p=0.1, inplace=False)
            )
            (feed_forward): FeedForward(
              (w_1): Linear(in_features=300, out_features=300, bias=True)
              (w_2): Linear(in_features=300, out_features=300, bias=True)
              (relu): ReLU()
              (dropout): Dropout(p=0.1, inplace=False)
            )
            (sublayer): ModuleList(
              (0): SublayerConnection(
                (norm): LayerNorm()
                (dropout): Dropout(p=0.1, inplace=False)
              )
              (1): SublayerConnection(
                (norm): LayerNorm()
                (dropout): Dropout(p=0.1, inplace=False)
              )
            )
          )
          (encoder): Encoder(
            (layers): ModuleList(
              (0): EncoderLayer(
                (self_attn): MultiHeadAttention(
                  (linears): ModuleList(
                    (0): Linear(in_features=300, out_features=300, bias=True)
                    (1): Linear(in_features=300, out_features=300, bias=True)
                    (2): Linear(in_features=300, out_features=300, bias=True)
                    (3): Linear(in_features=300, out_features=300, bias=True)
                  )
                  (sdpa): ScaledDotProductAttention()
                  (dropout): Dropout(p=0.1, inplace=False)
                )
                (feed_forward): FeedForward(
                  (w_1): Linear(in_features=300, out_features=300, bias=True)
                  (w_2): Linear(in_features=300, out_features=300, bias=True)
                  (relu): ReLU()
                  (dropout): Dropout(p=0.1, inplace=False)
                )
                (sublayer): ModuleList(
                  (0): SublayerConnection(
                    (norm): LayerNorm()
                    (dropout): Dropout(p=0.1, inplace=False)
                  )
                  (1): SublayerConnection(
                    (norm): LayerNorm()
                    (dropout): Dropout(p=0.1, inplace=False)
                  )
                )
              )
            )
            (norm): LayerNorm()
          )
        )
        (cri): MSELoss()
      )
      (ae): AE(
        (g): Sequential(
          (0): Linear(in_features=128, out_features=128, bias=True)
          (1): Tanh()
        )
        (h): Sequential(
          (0): Linear(in_features=128, out_features=128, bias=True)
        )
        (cri): MSELoss()
      )
    )
    (4): TransLayer(
      (enc): ENC(
        (b): Sequential(
          (0): Linear(in_features=300, out_features=128, bias=True)
          (1): Tanh()
        )
        (f): TransformerEncoder(
          (multi_headed_attention): MultiHeadAttention(
            (linears): ModuleList(
              (0): Linear(in_features=300, out_features=300, bias=True)
              (1): Linear(in_features=300, out_features=300, bias=True)
              (2): Linear(in_features=300, out_features=300, bias=True)
              (3): Linear(in_features=300, out_features=300, bias=True)
            )
            (sdpa): ScaledDotProductAttention()
            (dropout): Dropout(p=0.1, inplace=False)
          )
          (feed_forward): FeedForward(
            (w_1): Linear(in_features=300, out_features=300, bias=True)
            (w_2): Linear(in_features=300, out_features=300, bias=True)
            (relu): ReLU()
            (dropout): Dropout(p=0.1, inplace=False)
          )
          (encoder_layer): EncoderLayer(
            (self_attn): MultiHeadAttention(
              (linears): ModuleList(
                (0): Linear(in_features=300, out_features=300, bias=True)
                (1): Linear(in_features=300, out_features=300, bias=True)
                (2): Linear(in_features=300, out_features=300, bias=True)
                (3): Linear(in_features=300, out_features=300, bias=True)
              )
              (sdpa): ScaledDotProductAttention()
              (dropout): Dropout(p=0.1, inplace=False)
            )
            (feed_forward): FeedForward(
              (w_1): Linear(in_features=300, out_features=300, bias=True)
              (w_2): Linear(in_features=300, out_features=300, bias=True)
              (relu): ReLU()
              (dropout): Dropout(p=0.1, inplace=False)
            )
            (sublayer): ModuleList(
              (0): SublayerConnection(
                (norm): LayerNorm()
                (dropout): Dropout(p=0.1, inplace=False)
              )
              (1): SublayerConnection(
                (norm): LayerNorm()
                (dropout): Dropout(p=0.1, inplace=False)
              )
            )
          )
          (encoder): Encoder(
            (layers): ModuleList(
              (0): EncoderLayer(
                (self_attn): MultiHeadAttention(
                  (linears): ModuleList(
                    (0): Linear(in_features=300, out_features=300, bias=True)
                    (1): Linear(in_features=300, out_features=300, bias=True)
                    (2): Linear(in_features=300, out_features=300, bias=True)
                    (3): Linear(in_features=300, out_features=300, bias=True)
                  )
                  (sdpa): ScaledDotProductAttention()
                  (dropout): Dropout(p=0.1, inplace=False)
                )
                (feed_forward): FeedForward(
                  (w_1): Linear(in_features=300, out_features=300, bias=True)
                  (w_2): Linear(in_features=300, out_features=300, bias=True)
                  (relu): ReLU()
                  (dropout): Dropout(p=0.1, inplace=False)
                )
                (sublayer): ModuleList(
                  (0): SublayerConnection(
                    (norm): LayerNorm()
                    (dropout): Dropout(p=0.1, inplace=False)
                  )
                  (1): SublayerConnection(
                    (norm): LayerNorm()
                    (dropout): Dropout(p=0.1, inplace=False)
                  )
                )
              )
            )
            (norm): LayerNorm()
          )
        )
        (cri): MSELoss()
      )
      (ae): AE(
        (g): Sequential(
          (0): Linear(in_features=128, out_features=128, bias=True)
          (1): Tanh()
        )
        (h): Sequential(
          (0): Linear(in_features=128, out_features=128, bias=True)
        )
        (cri): MSELoss()
      )
    )
  )
)
layers.0.enc.b.0.weight 38400
layers.0.enc.b.0.bias 128
layers.0.enc.f.weight 9000000
layers.0.ae.g.0.weight 512
layers.0.ae.g.0.bias 128
layers.0.ae.h.0.weight 512
layers.0.ae.h.0.bias 4
layers.1.enc.b.0.weight 38400
layers.1.enc.b.0.bias 128
layers.1.enc.f.multi_headed_attention.linears.0.weight 90000
layers.1.enc.f.multi_headed_attention.linears.0.bias 300
layers.1.enc.f.multi_headed_attention.linears.1.weight 90000
layers.1.enc.f.multi_headed_attention.linears.1.bias 300
layers.1.enc.f.multi_headed_attention.linears.2.weight 90000
layers.1.enc.f.multi_headed_attention.linears.2.bias 300
layers.1.enc.f.multi_headed_attention.linears.3.weight 90000
layers.1.enc.f.multi_headed_attention.linears.3.bias 300
layers.1.enc.f.feed_forward.w_1.weight 90000
layers.1.enc.f.feed_forward.w_1.bias 300
layers.1.enc.f.feed_forward.w_2.weight 90000
layers.1.enc.f.feed_forward.w_2.bias 300
layers.1.enc.f.encoder_layer.sublayer.0.norm.a 300
layers.1.enc.f.encoder_layer.sublayer.0.norm.b 300
layers.1.enc.f.encoder_layer.sublayer.1.norm.a 300
layers.1.enc.f.encoder_layer.sublayer.1.norm.b 300
layers.1.enc.f.encoder.layers.0.self_attn.linears.0.weight 90000
layers.1.enc.f.encoder.layers.0.self_attn.linears.0.bias 300
layers.1.enc.f.encoder.layers.0.self_attn.linears.1.weight 90000
layers.1.enc.f.encoder.layers.0.self_attn.linears.1.bias 300
layers.1.enc.f.encoder.layers.0.self_attn.linears.2.weight 90000
layers.1.enc.f.encoder.layers.0.self_attn.linears.2.bias 300
layers.1.enc.f.encoder.layers.0.self_attn.linears.3.weight 90000
layers.1.enc.f.encoder.layers.0.self_attn.linears.3.bias 300
layers.1.enc.f.encoder.layers.0.feed_forward.w_1.weight 90000
layers.1.enc.f.encoder.layers.0.feed_forward.w_1.bias 300
layers.1.enc.f.encoder.layers.0.feed_forward.w_2.weight 90000
layers.1.enc.f.encoder.layers.0.feed_forward.w_2.bias 300
layers.1.enc.f.encoder.layers.0.sublayer.0.norm.a 300
layers.1.enc.f.encoder.layers.0.sublayer.0.norm.b 300
layers.1.enc.f.encoder.layers.0.sublayer.1.norm.a 300
layers.1.enc.f.encoder.layers.0.sublayer.1.norm.b 300
layers.1.enc.f.encoder.norm.a 300
layers.1.enc.f.encoder.norm.b 300
layers.1.ae.g.0.weight 16384
layers.1.ae.g.0.bias 128
layers.1.ae.h.0.weight 16384
layers.1.ae.h.0.bias 128
layers.2.enc.b.0.weight 38400
layers.2.enc.b.0.bias 128
layers.2.enc.f.multi_headed_attention.linears.0.weight 90000
layers.2.enc.f.multi_headed_attention.linears.0.bias 300
layers.2.enc.f.multi_headed_attention.linears.1.weight 90000
layers.2.enc.f.multi_headed_attention.linears.1.bias 300
layers.2.enc.f.multi_headed_attention.linears.2.weight 90000
layers.2.enc.f.multi_headed_attention.linears.2.bias 300
layers.2.enc.f.multi_headed_attention.linears.3.weight 90000
layers.2.enc.f.multi_headed_attention.linears.3.bias 300
layers.2.enc.f.feed_forward.w_1.weight 90000
layers.2.enc.f.feed_forward.w_1.bias 300
layers.2.enc.f.feed_forward.w_2.weight 90000
layers.2.enc.f.feed_forward.w_2.bias 300
layers.2.enc.f.encoder_layer.sublayer.0.norm.a 300
layers.2.enc.f.encoder_layer.sublayer.0.norm.b 300
layers.2.enc.f.encoder_layer.sublayer.1.norm.a 300
layers.2.enc.f.encoder_layer.sublayer.1.norm.b 300
layers.2.enc.f.encoder.layers.0.self_attn.linears.0.weight 90000
layers.2.enc.f.encoder.layers.0.self_attn.linears.0.bias 300
layers.2.enc.f.encoder.layers.0.self_attn.linears.1.weight 90000
layers.2.enc.f.encoder.layers.0.self_attn.linears.1.bias 300
layers.2.enc.f.encoder.layers.0.self_attn.linears.2.weight 90000
layers.2.enc.f.encoder.layers.0.self_attn.linears.2.bias 300
layers.2.enc.f.encoder.layers.0.self_attn.linears.3.weight 90000
layers.2.enc.f.encoder.layers.0.self_attn.linears.3.bias 300
layers.2.enc.f.encoder.layers.0.feed_forward.w_1.weight 90000
layers.2.enc.f.encoder.layers.0.feed_forward.w_1.bias 300
layers.2.enc.f.encoder.layers.0.feed_forward.w_2.weight 90000
layers.2.enc.f.encoder.layers.0.feed_forward.w_2.bias 300
layers.2.enc.f.encoder.layers.0.sublayer.0.norm.a 300
layers.2.enc.f.encoder.layers.0.sublayer.0.norm.b 300
layers.2.enc.f.encoder.layers.0.sublayer.1.norm.a 300
layers.2.enc.f.encoder.layers.0.sublayer.1.norm.b 300
layers.2.enc.f.encoder.norm.a 300
layers.2.enc.f.encoder.norm.b 300
layers.2.ae.g.0.weight 16384
layers.2.ae.g.0.bias 128
layers.2.ae.h.0.weight 16384
layers.2.ae.h.0.bias 128
layers.3.enc.b.0.weight 38400
layers.3.enc.b.0.bias 128
layers.3.enc.f.multi_headed_attention.linears.0.weight 90000
layers.3.enc.f.multi_headed_attention.linears.0.bias 300
layers.3.enc.f.multi_headed_attention.linears.1.weight 90000
layers.3.enc.f.multi_headed_attention.linears.1.bias 300
layers.3.enc.f.multi_headed_attention.linears.2.weight 90000
layers.3.enc.f.multi_headed_attention.linears.2.bias 300
layers.3.enc.f.multi_headed_attention.linears.3.weight 90000
layers.3.enc.f.multi_headed_attention.linears.3.bias 300
layers.3.enc.f.feed_forward.w_1.weight 90000
layers.3.enc.f.feed_forward.w_1.bias 300
layers.3.enc.f.feed_forward.w_2.weight 90000
layers.3.enc.f.feed_forward.w_2.bias 300
layers.3.enc.f.encoder_layer.sublayer.0.norm.a 300
layers.3.enc.f.encoder_layer.sublayer.0.norm.b 300
layers.3.enc.f.encoder_layer.sublayer.1.norm.a 300
layers.3.enc.f.encoder_layer.sublayer.1.norm.b 300
layers.3.enc.f.encoder.layers.0.self_attn.linears.0.weight 90000
layers.3.enc.f.encoder.layers.0.self_attn.linears.0.bias 300
layers.3.enc.f.encoder.layers.0.self_attn.linears.1.weight 90000
layers.3.enc.f.encoder.layers.0.self_attn.linears.1.bias 300
layers.3.enc.f.encoder.layers.0.self_attn.linears.2.weight 90000
layers.3.enc.f.encoder.layers.0.self_attn.linears.2.bias 300
layers.3.enc.f.encoder.layers.0.self_attn.linears.3.weight 90000
layers.3.enc.f.encoder.layers.0.self_attn.linears.3.bias 300
layers.3.enc.f.encoder.layers.0.feed_forward.w_1.weight 90000
layers.3.enc.f.encoder.layers.0.feed_forward.w_1.bias 300
layers.3.enc.f.encoder.layers.0.feed_forward.w_2.weight 90000
layers.3.enc.f.encoder.layers.0.feed_forward.w_2.bias 300
layers.3.enc.f.encoder.layers.0.sublayer.0.norm.a 300
layers.3.enc.f.encoder.layers.0.sublayer.0.norm.b 300
layers.3.enc.f.encoder.layers.0.sublayer.1.norm.a 300
layers.3.enc.f.encoder.layers.0.sublayer.1.norm.b 300
layers.3.enc.f.encoder.norm.a 300
layers.3.enc.f.encoder.norm.b 300
layers.3.ae.g.0.weight 16384
layers.3.ae.g.0.bias 128
layers.3.ae.h.0.weight 16384
layers.3.ae.h.0.bias 128
layers.4.enc.b.0.weight 38400
layers.4.enc.b.0.bias 128
layers.4.enc.f.multi_headed_attention.linears.0.weight 90000
layers.4.enc.f.multi_headed_attention.linears.0.bias 300
layers.4.enc.f.multi_headed_attention.linears.1.weight 90000
layers.4.enc.f.multi_headed_attention.linears.1.bias 300
layers.4.enc.f.multi_headed_attention.linears.2.weight 90000
layers.4.enc.f.multi_headed_attention.linears.2.bias 300
layers.4.enc.f.multi_headed_attention.linears.3.weight 90000
layers.4.enc.f.multi_headed_attention.linears.3.bias 300
layers.4.enc.f.feed_forward.w_1.weight 90000
layers.4.enc.f.feed_forward.w_1.bias 300
layers.4.enc.f.feed_forward.w_2.weight 90000
layers.4.enc.f.feed_forward.w_2.bias 300
layers.4.enc.f.encoder_layer.sublayer.0.norm.a 300
layers.4.enc.f.encoder_layer.sublayer.0.norm.b 300
layers.4.enc.f.encoder_layer.sublayer.1.norm.a 300
layers.4.enc.f.encoder_layer.sublayer.1.norm.b 300
layers.4.enc.f.encoder.layers.0.self_attn.linears.0.weight 90000
layers.4.enc.f.encoder.layers.0.self_attn.linears.0.bias 300
layers.4.enc.f.encoder.layers.0.self_attn.linears.1.weight 90000
layers.4.enc.f.encoder.layers.0.self_attn.linears.1.bias 300
layers.4.enc.f.encoder.layers.0.self_attn.linears.2.weight 90000
layers.4.enc.f.encoder.layers.0.self_attn.linears.2.bias 300
layers.4.enc.f.encoder.layers.0.self_attn.linears.3.weight 90000
layers.4.enc.f.encoder.layers.0.self_attn.linears.3.bias 300
layers.4.enc.f.encoder.layers.0.feed_forward.w_1.weight 90000
layers.4.enc.f.encoder.layers.0.feed_forward.w_1.bias 300
layers.4.enc.f.encoder.layers.0.feed_forward.w_2.weight 90000
layers.4.enc.f.encoder.layers.0.feed_forward.w_2.bias 300
layers.4.enc.f.encoder.layers.0.sublayer.0.norm.a 300
layers.4.enc.f.encoder.layers.0.sublayer.0.norm.b 300
layers.4.enc.f.encoder.layers.0.sublayer.1.norm.a 300
layers.4.enc.f.encoder.layers.0.sublayer.1.norm.b 300
layers.4.enc.f.encoder.norm.a 300
layers.4.enc.f.encoder.norm.b 300
layers.4.ae.g.0.weight 16384
layers.4.ae.g.0.bias 128
layers.4.ae.h.0.weight 16384
layers.4.ae.h.0.bias 128
Total Trainable Params: 13672292
init_time 20.648898363113403
Start Training
train_mask {0, 1, 2, 3, 4} False
gc 0
Train Epoch0 Acc 0.6378916666666666 (76547/120000), AUC 0.8654377460479736
ep0_train_time 168.95200419425964
Test Epoch0 threshold 0.1 Acc 0.9031578947368422, AUC 0.9771947860717773, avg_entr 0.1135704442858696, f1 0.9031578898429871
ep0_t0.1_test_time 2.0848982334136963
Save ckpt to ckpt/ag_news_transformeral_l5ad_pad177//ag_news_transformeral_l5.pt  ,ep 0
Test Epoch0 threshold 0.2 Acc 0.9031578947368422, AUC 0.9766559600830078, avg_entr 0.12911491096019745, f1 0.9031578898429871
ep0_t0.2_test_time 1.9051141738891602
Save ckpt to ckpt/ag_news_transformeral_l5ad_pad177//ag_news_transformeral_l5.pt  ,ep 0
Test Epoch0 threshold 0.3 Acc 0.9036842105263158, AUC 0.9759416580200195, avg_entr 0.14300426840782166, f1 0.9036841988563538
ep0_t0.3_test_time 1.8696987628936768
Save ckpt to ckpt/ag_news_transformeral_l5ad_pad177//ag_news_transformeral_l5.pt  ,ep 0
Test Epoch0 threshold 0.4 Acc 0.9039473684210526, AUC 0.9761473536491394, avg_entr 0.15560808777809143, f1 0.9039472937583923
ep0_t0.4_test_time 1.7623929977416992
Save ckpt to ckpt/ag_news_transformeral_l5ad_pad177//ag_news_transformeral_l5.pt  ,ep 0
Test Epoch0 threshold 0.5 Acc 0.9034210526315789, AUC 0.9769154191017151, avg_entr 0.17283013463020325, f1 0.9034210443496704
ep0_t0.5_test_time 1.3847806453704834
Test Epoch0 threshold 0.6 Acc 0.9018421052631579, AUC 0.9769704341888428, avg_entr 0.181618332862854, f1 0.9018421173095703
ep0_t0.6_test_time 0.8720026016235352
Test Epoch0 threshold 0.7 Acc 0.9010526315789473, AUC 0.9769182205200195, avg_entr 0.1819583922624588, f1 0.9010526537895203
ep0_t0.7_test_time 0.7497739791870117
Test Epoch0 threshold 0.8 Acc 0.9010526315789473, AUC 0.9769182205200195, avg_entr 0.1819583922624588, f1 0.9010526537895203
ep0_t0.8_test_time 0.7654047012329102
Test Epoch0 threshold 0.9 Acc 0.9010526315789473, AUC 0.9769182205200195, avg_entr 0.1819583922624588, f1 0.9010526537895203
ep0_t0.9_test_time 0.7635483741760254
gc 0
Train Epoch1 Acc 0.9159166666666667 (109910/120000), AUC 0.9817113280296326
ep1_train_time 167.37819170951843
Test Epoch1 threshold 0.1 Acc 0.9089473684210526, AUC 0.9781111478805542, avg_entr 0.08858654648065567, f1 0.9089473485946655
ep1_t0.1_test_time 1.9332268238067627
Save ckpt to ckpt/ag_news_transformeral_l5ad_pad177//ag_news_transformeral_l5.pt  ,ep 1
Test Epoch1 threshold 0.2 Acc 0.9086842105263158, AUC 0.977596640586853, avg_entr 0.10382240265607834, f1 0.9086841940879822
ep1_t0.2_test_time 1.847646713256836
Test Epoch1 threshold 0.3 Acc 0.9086842105263158, AUC 0.9772239327430725, avg_entr 0.11619840562343597, f1 0.9086841940879822
ep1_t0.3_test_time 1.795621633529663
Test Epoch1 threshold 0.4 Acc 0.9071052631578947, AUC 0.9778879880905151, avg_entr 0.1284739077091217, f1 0.9071052670478821
ep1_t0.4_test_time 1.725698471069336
Test Epoch1 threshold 0.5 Acc 0.9105263157894737, AUC 0.9782598614692688, avg_entr 0.14201106131076813, f1 0.9105263352394104
ep1_t0.5_test_time 1.3707304000854492
Save ckpt to ckpt/ag_news_transformeral_l5ad_pad177//ag_news_transformeral_l5.pt  ,ep 1
Test Epoch1 threshold 0.6 Acc 0.9094736842105263, AUC 0.978230357170105, avg_entr 0.14617155492305756, f1 0.9094736576080322
ep1_t0.6_test_time 0.7940654754638672
Test Epoch1 threshold 0.7 Acc 0.9094736842105263, AUC 0.9782267808914185, avg_entr 0.14617611467838287, f1 0.9094736576080322
ep1_t0.7_test_time 0.7352614402770996
Test Epoch1 threshold 0.8 Acc 0.9094736842105263, AUC 0.9782267808914185, avg_entr 0.14617611467838287, f1 0.9094736576080322
ep1_t0.8_test_time 0.7462818622589111
Test Epoch1 threshold 0.9 Acc 0.9094736842105263, AUC 0.9782267808914185, avg_entr 0.14617611467838287, f1 0.9094736576080322
ep1_t0.9_test_time 0.7599599361419678
gc 0
Train Epoch2 Acc 0.9202333333333333 (110428/120000), AUC 0.9834335446357727
ep2_train_time 167.48244404792786
Test Epoch2 threshold 0.1 Acc 0.9118421052631579, AUC 0.9781014919281006, avg_entr 0.07859557121992111, f1 0.9118421077728271
ep2_t0.1_test_time 1.8870084285736084
Save ckpt to ckpt/ag_news_transformeral_l5ad_pad177//ag_news_transformeral_l5.pt  ,ep 2
Test Epoch2 threshold 0.2 Acc 0.911578947368421, AUC 0.9776811599731445, avg_entr 0.09296515583992004, f1 0.9115789532661438
ep2_t0.2_test_time 1.833909511566162
Test Epoch2 threshold 0.3 Acc 0.9118421052631579, AUC 0.9779118895530701, avg_entr 0.1043284460902214, f1 0.9118421077728271
ep2_t0.3_test_time 1.7838029861450195
Save ckpt to ckpt/ag_news_transformeral_l5ad_pad177//ag_news_transformeral_l5.pt  ,ep 2
Test Epoch2 threshold 0.4 Acc 0.9126315789473685, AUC 0.9786877036094666, avg_entr 0.11688398569822311, f1 0.9126315712928772
ep2_t0.4_test_time 1.671360731124878
Save ckpt to ckpt/ag_news_transformeral_l5ad_pad177//ag_news_transformeral_l5.pt  ,ep 2
Test Epoch2 threshold 0.5 Acc 0.9134210526315789, AUC 0.9787212610244751, avg_entr 0.12764756381511688, f1 0.9134210348129272
ep2_t0.5_test_time 1.3491580486297607
Save ckpt to ckpt/ag_news_transformeral_l5ad_pad177//ag_news_transformeral_l5.pt  ,ep 2
Test Epoch2 threshold 0.6 Acc 0.9107894736842105, AUC 0.9787449240684509, avg_entr 0.1314047873020172, f1 0.9107894897460938
ep2_t0.6_test_time 0.7795248031616211
Test Epoch2 threshold 0.7 Acc 0.9107894736842105, AUC 0.9787454605102539, avg_entr 0.13142722845077515, f1 0.9107894897460938
ep2_t0.7_test_time 0.7678482532501221
Test Epoch2 threshold 0.8 Acc 0.9107894736842105, AUC 0.9787454605102539, avg_entr 0.13142722845077515, f1 0.9107894897460938
ep2_t0.8_test_time 0.7453207969665527
Test Epoch2 threshold 0.9 Acc 0.9107894736842105, AUC 0.9787454605102539, avg_entr 0.13142722845077515, f1 0.9107894897460938
ep2_t0.9_test_time 0.7625792026519775
gc 0
Train Epoch3 Acc 0.9227333333333333 (110728/120000), AUC 0.9843664169311523
ep3_train_time 167.3266305923462
Test Epoch3 threshold 0.1 Acc 0.9134210526315789, AUC 0.9781444668769836, avg_entr 0.07258007675409317, f1 0.9134210348129272
ep3_t0.1_test_time 1.8807659149169922
Save ckpt to ckpt/ag_news_transformeral_l5ad_pad177//ag_news_transformeral_l5.pt  ,ep 3
Test Epoch3 threshold 0.2 Acc 0.9136842105263158, AUC 0.978237509727478, avg_entr 0.08647102862596512, f1 0.9136841893196106
ep3_t0.2_test_time 1.8475017547607422
Save ckpt to ckpt/ag_news_transformeral_l5ad_pad177//ag_news_transformeral_l5.pt  ,ep 3
Test Epoch3 threshold 0.3 Acc 0.9134210526315789, AUC 0.9782987833023071, avg_entr 0.0981224775314331, f1 0.9134210348129272
ep3_t0.3_test_time 1.6851170063018799
Test Epoch3 threshold 0.4 Acc 0.9157894736842105, AUC 0.9788700342178345, avg_entr 0.11067301034927368, f1 0.9157894849777222
ep3_t0.4_test_time 1.5186691284179688
Save ckpt to ckpt/ag_news_transformeral_l5ad_pad177//ag_news_transformeral_l5.pt  ,ep 3
Test Epoch3 threshold 0.5 Acc 0.9147368421052632, AUC 0.9789414405822754, avg_entr 0.11990717798471451, f1 0.9147368669509888
ep3_t0.5_test_time 1.1468591690063477
Test Epoch3 threshold 0.6 Acc 0.9118421052631579, AUC 0.9789667725563049, avg_entr 0.12328019738197327, f1 0.9118421077728271
ep3_t0.6_test_time 0.710120439529419
Test Epoch3 threshold 0.7 Acc 0.9118421052631579, AUC 0.9789649248123169, avg_entr 0.12330252677202225, f1 0.9118421077728271
ep3_t0.7_test_time 0.7071213722229004
Test Epoch3 threshold 0.8 Acc 0.9118421052631579, AUC 0.9789649248123169, avg_entr 0.12330252677202225, f1 0.9118421077728271
ep3_t0.8_test_time 0.72255539894104
Test Epoch3 threshold 0.9 Acc 0.9118421052631579, AUC 0.9789649248123169, avg_entr 0.12330252677202225, f1 0.9118421077728271
ep3_t0.9_test_time 0.732269287109375
gc 0
Train Epoch4 Acc 0.92375 (110850/120000), AUC 0.9847993850708008
ep4_train_time 167.25997161865234
Test Epoch4 threshold 0.1 Acc 0.9136842105263158, AUC 0.978065013885498, avg_entr 0.07007795572280884, f1 0.9136841893196106
ep4_t0.1_test_time 1.8904433250427246
Test Epoch4 threshold 0.2 Acc 0.9139473684210526, AUC 0.9781545996665955, avg_entr 0.08349845558404922, f1 0.913947343826294
ep4_t0.2_test_time 1.8079407215118408
Test Epoch4 threshold 0.3 Acc 0.9142105263157895, AUC 0.978215754032135, avg_entr 0.09520772099494934, f1 0.9142104983329773
ep4_t0.3_test_time 1.76460862159729
Test Epoch4 threshold 0.4 Acc 0.9163157894736842, AUC 0.9788728356361389, avg_entr 0.10851005464792252, f1 0.9163157939910889
ep4_t0.4_test_time 1.7285959720611572
Save ckpt to ckpt/ag_news_transformeral_l5ad_pad177//ag_news_transformeral_l5.pt  ,ep 4
Test Epoch4 threshold 0.5 Acc 0.9142105263157895, AUC 0.9790828227996826, avg_entr 0.11732611060142517, f1 0.9142104983329773
ep4_t0.5_test_time 1.2016582489013672
Test Epoch4 threshold 0.6 Acc 0.9113157894736842, AUC 0.9790067672729492, avg_entr 0.12038667500019073, f1 0.9113157987594604
ep4_t0.6_test_time 0.7707178592681885
Test Epoch4 threshold 0.7 Acc 0.9113157894736842, AUC 0.9790058732032776, avg_entr 0.12040837109088898, f1 0.9113157987594604
ep4_t0.7_test_time 0.7392537593841553
Test Epoch4 threshold 0.8 Acc 0.9113157894736842, AUC 0.9790058732032776, avg_entr 0.12040837109088898, f1 0.9113157987594604
ep4_t0.8_test_time 0.7663381099700928
Test Epoch4 threshold 0.9 Acc 0.9113157894736842, AUC 0.9790058732032776, avg_entr 0.12040837109088898, f1 0.9113157987594604
ep4_t0.9_test_time 0.7536728382110596
gc 0
Train Epoch5 Acc 0.9240916666666666 (110891/120000), AUC 0.9849528074264526
ep5_train_time 167.4094753265381
Test Epoch5 threshold 0.1 Acc 0.9131578947368421, AUC 0.9780613780021667, avg_entr 0.0695643201470375, f1 0.9131578803062439
ep5_t0.1_test_time 1.8449370861053467
Test Epoch5 threshold 0.2 Acc 0.9134210526315789, AUC 0.9781759977340698, avg_entr 0.08278323709964752, f1 0.9134210348129272
ep5_t0.2_test_time 1.8408801555633545
Test Epoch5 threshold 0.3 Acc 0.9136842105263158, AUC 0.9781978726387024, avg_entr 0.0945330336689949, f1 0.9136841893196106
ep5_t0.3_test_time 1.7442512512207031
Test Epoch5 threshold 0.4 Acc 0.9160526315789473, AUC 0.9788998961448669, avg_entr 0.10789191722869873, f1 0.9160526394844055
ep5_t0.4_test_time 1.6882264614105225
Test Epoch5 threshold 0.5 Acc 0.9142105263157895, AUC 0.9790865182876587, avg_entr 0.11639724671840668, f1 0.9142104983329773
ep5_t0.5_test_time 1.177685022354126
Test Epoch5 threshold 0.6 Acc 0.9118421052631579, AUC 0.9790183305740356, avg_entr 0.11942338198423386, f1 0.9118421077728271
ep5_t0.6_test_time 0.7578434944152832
Test Epoch5 threshold 0.7 Acc 0.9118421052631579, AUC 0.9790172576904297, avg_entr 0.11944449692964554, f1 0.9118421077728271
ep5_t0.7_test_time 0.7418344020843506
Test Epoch5 threshold 0.8 Acc 0.9118421052631579, AUC 0.9790172576904297, avg_entr 0.11944449692964554, f1 0.9118421077728271
ep5_t0.8_test_time 0.7660219669342041
Test Epoch5 threshold 0.9 Acc 0.9118421052631579, AUC 0.9790172576904297, avg_entr 0.11944449692964554, f1 0.9118421077728271
ep5_t0.9_test_time 0.7727611064910889
gc 0
Train Epoch6 Acc 0.9243333333333333 (110920/120000), AUC 0.9849981069564819
ep6_train_time 167.85171222686768
Test Epoch6 threshold 0.1 Acc 0.9131578947368421, AUC 0.9780709147453308, avg_entr 0.06925813853740692, f1 0.9131578803062439
ep6_t0.1_test_time 1.8737022876739502
Test Epoch6 threshold 0.2 Acc 0.9134210526315789, AUC 0.9781935811042786, avg_entr 0.08255336433649063, f1 0.9134210348129272
ep6_t0.2_test_time 1.817075252532959
Test Epoch6 threshold 0.3 Acc 0.9136842105263158, AUC 0.9782274961471558, avg_entr 0.09408317506313324, f1 0.9136841893196106
ep6_t0.3_test_time 1.7347331047058105
Test Epoch6 threshold 0.4 Acc 0.9163157894736842, AUC 0.9788807034492493, avg_entr 0.10742555558681488, f1 0.9163157939910889
ep6_t0.4_test_time 1.6677050590515137
Save ckpt to ckpt/ag_news_transformeral_l5ad_pad177//ag_news_transformeral_l5.pt  ,ep 6
Test Epoch6 threshold 0.5 Acc 0.9147368421052632, AUC 0.9791032671928406, avg_entr 0.11591262370347977, f1 0.9147368669509888
ep6_t0.5_test_time 1.1112060546875
Test Epoch6 threshold 0.6 Acc 0.9126315789473685, AUC 0.9790235757827759, avg_entr 0.11903157830238342, f1 0.9126315712928772
ep6_t0.6_test_time 0.7784838676452637
Test Epoch6 threshold 0.7 Acc 0.9126315789473685, AUC 0.9790225625038147, avg_entr 0.11905274540185928, f1 0.9126315712928772
ep6_t0.7_test_time 0.7523674964904785
Test Epoch6 threshold 0.8 Acc 0.9126315789473685, AUC 0.9790225625038147, avg_entr 0.11905274540185928, f1 0.9126315712928772
ep6_t0.8_test_time 0.7621145248413086
Test Epoch6 threshold 0.9 Acc 0.9126315789473685, AUC 0.9790225625038147, avg_entr 0.11905274540185928, f1 0.9126315712928772
ep6_t0.9_test_time 0.734036922454834
gc 0
Train Epoch7 Acc 0.9241166666666667 (110894/120000), AUC 0.9849187135696411
ep7_train_time 167.28408288955688
Test Epoch7 threshold 0.1 Acc 0.9134210526315789, AUC 0.9780680537223816, avg_entr 0.06920945644378662, f1 0.9134210348129272
ep7_t0.1_test_time 1.86710524559021
Test Epoch7 threshold 0.2 Acc 0.9136842105263158, AUC 0.978185772895813, avg_entr 0.08250991255044937, f1 0.9136841893196106
ep7_t0.2_test_time 1.8662290573120117
Test Epoch7 threshold 0.3 Acc 0.9139473684210526, AUC 0.9782235622406006, avg_entr 0.0940936729311943, f1 0.913947343826294
ep7_t0.3_test_time 1.7843494415283203
Test Epoch7 threshold 0.4 Acc 0.9163157894736842, AUC 0.978888988494873, avg_entr 0.10737267881631851, f1 0.9163157939910889
ep7_t0.4_test_time 1.6774888038635254
Save ckpt to ckpt/ag_news_transformeral_l5ad_pad177//ag_news_transformeral_l5.pt  ,ep 7
Test Epoch7 threshold 0.5 Acc 0.9147368421052632, AUC 0.9790736436843872, avg_entr 0.11588980257511139, f1 0.9147368669509888
ep7_t0.5_test_time 1.1112091541290283
Test Epoch7 threshold 0.6 Acc 0.9126315789473685, AUC 0.9790244698524475, avg_entr 0.1189766600728035, f1 0.9126315712928772
ep7_t0.6_test_time 0.7617299556732178
Test Epoch7 threshold 0.7 Acc 0.9126315789473685, AUC 0.9790234565734863, avg_entr 0.11899803578853607, f1 0.9126315712928772
ep7_t0.7_test_time 0.7524638175964355
Test Epoch7 threshold 0.8 Acc 0.9126315789473685, AUC 0.9790234565734863, avg_entr 0.11899803578853607, f1 0.9126315712928772
ep7_t0.8_test_time 0.754791259765625
Test Epoch7 threshold 0.9 Acc 0.9126315789473685, AUC 0.9790234565734863, avg_entr 0.11899803578853607, f1 0.9126315712928772
ep7_t0.9_test_time 0.7474875450134277
gc 0
Train Epoch8 Acc 0.9242083333333333 (110905/120000), AUC 0.9849964380264282
ep8_train_time 167.7541847229004
Test Epoch8 threshold 0.1 Acc 0.9134210526315789, AUC 0.9780672788619995, avg_entr 0.06918234378099442, f1 0.9134210348129272
ep8_t0.1_test_time 1.8668313026428223
Test Epoch8 threshold 0.2 Acc 0.9136842105263158, AUC 0.9781808257102966, avg_entr 0.08248618245124817, f1 0.9136841893196106
ep8_t0.2_test_time 1.8395276069641113
Test Epoch8 threshold 0.3 Acc 0.9139473684210526, AUC 0.9782228469848633, avg_entr 0.09406621754169464, f1 0.913947343826294
ep8_t0.3_test_time 1.7547690868377686
Test Epoch8 threshold 0.4 Acc 0.9163157894736842, AUC 0.9788886904716492, avg_entr 0.1073443740606308, f1 0.9163157939910889
ep8_t0.4_test_time 1.673731803894043
Save ckpt to ckpt/ag_news_transformeral_l5ad_pad177//ag_news_transformeral_l5.pt  ,ep 8
Test Epoch8 threshold 0.5 Acc 0.9147368421052632, AUC 0.9790725708007812, avg_entr 0.115879587829113, f1 0.9147368669509888
ep8_t0.5_test_time 1.1556642055511475
Test Epoch8 threshold 0.6 Acc 0.9126315789473685, AUC 0.9790244102478027, avg_entr 0.11895114183425903, f1 0.9126315712928772
ep8_t0.6_test_time 0.7665247917175293
Test Epoch8 threshold 0.7 Acc 0.9126315789473685, AUC 0.9790234565734863, avg_entr 0.11897251009941101, f1 0.9126315712928772
ep8_t0.7_test_time 0.7404329776763916
Test Epoch8 threshold 0.8 Acc 0.9126315789473685, AUC 0.9790234565734863, avg_entr 0.11897251009941101, f1 0.9126315712928772
ep8_t0.8_test_time 0.7508890628814697
Test Epoch8 threshold 0.9 Acc 0.9126315789473685, AUC 0.9790234565734863, avg_entr 0.11897251009941101, f1 0.9126315712928772
ep8_t0.9_test_time 0.75227952003479
gc 0
Train Epoch9 Acc 0.9242166666666667 (110906/120000), AUC 0.9849496483802795
ep9_train_time 167.77244782447815
Test Epoch9 threshold 0.1 Acc 0.9134210526315789, AUC 0.9780676364898682, avg_entr 0.06916811317205429, f1 0.9134210348129272
ep9_t0.1_test_time 1.9240503311157227
Test Epoch9 threshold 0.2 Acc 0.9136842105263158, AUC 0.9781785011291504, avg_entr 0.08247215300798416, f1 0.9136841893196106
ep9_t0.2_test_time 1.8368830680847168
Test Epoch9 threshold 0.3 Acc 0.9139473684210526, AUC 0.978221595287323, avg_entr 0.09405773878097534, f1 0.913947343826294
ep9_t0.3_test_time 1.8101539611816406
Test Epoch9 threshold 0.4 Acc 0.9163157894736842, AUC 0.9788883924484253, avg_entr 0.10733994096517563, f1 0.9163157939910889
ep9_t0.4_test_time 1.6335210800170898
Save ckpt to ckpt/ag_news_transformeral_l5ad_pad177//ag_news_transformeral_l5.pt  ,ep 9
Test Epoch9 threshold 0.5 Acc 0.9147368421052632, AUC 0.9790713787078857, avg_entr 0.11587579548358917, f1 0.9147368669509888
ep9_t0.5_test_time 1.16239333152771
Test Epoch9 threshold 0.6 Acc 0.9126315789473685, AUC 0.9790246486663818, avg_entr 0.11894877254962921, f1 0.9126315712928772
ep9_t0.6_test_time 0.7753655910491943
Test Epoch9 threshold 0.7 Acc 0.9126315789473685, AUC 0.9790235757827759, avg_entr 0.11897012591362, f1 0.9126315712928772
ep9_t0.7_test_time 0.7217240333557129
Test Epoch9 threshold 0.8 Acc 0.9126315789473685, AUC 0.9790235757827759, avg_entr 0.11897012591362, f1 0.9126315712928772
ep9_t0.8_test_time 0.7608742713928223
Test Epoch9 threshold 0.9 Acc 0.9126315789473685, AUC 0.9790235757827759, avg_entr 0.11897012591362, f1 0.9126315712928772
ep9_t0.9_test_time 0.7334489822387695
gc 0
Train Epoch10 Acc 0.9241833333333334 (110902/120000), AUC 0.9850696325302124
ep10_train_time 167.25719022750854
Test Epoch10 threshold 0.1 Acc 0.9134210526315789, AUC 0.978068470954895, avg_entr 0.06915358453989029, f1 0.9134210348129272
ep10_t0.1_test_time 1.9012959003448486
Test Epoch10 threshold 0.2 Acc 0.9136842105263158, AUC 0.9781759977340698, avg_entr 0.0824674591422081, f1 0.9136841893196106
ep10_t0.2_test_time 1.7555387020111084
Test Epoch10 threshold 0.3 Acc 0.9139473684210526, AUC 0.9782184958457947, avg_entr 0.09405161440372467, f1 0.913947343826294
ep10_t0.3_test_time 1.7677032947540283
Test Epoch10 threshold 0.4 Acc 0.9163157894736842, AUC 0.9788875579833984, avg_entr 0.10733453184366226, f1 0.9163157939910889
ep10_t0.4_test_time 1.7047436237335205
Save ckpt to ckpt/ag_news_transformeral_l5ad_pad177//ag_news_transformeral_l5.pt  ,ep 10
Test Epoch10 threshold 0.5 Acc 0.9147368421052632, AUC 0.9790711998939514, avg_entr 0.11587217450141907, f1 0.9147368669509888
ep10_t0.5_test_time 1.1803488731384277
Test Epoch10 threshold 0.6 Acc 0.9126315789473685, AUC 0.9790245294570923, avg_entr 0.11894562840461731, f1 0.9126315712928772
ep10_t0.6_test_time 0.7661867141723633
Test Epoch10 threshold 0.7 Acc 0.9126315789473685, AUC 0.9790235757827759, avg_entr 0.11896698921918869, f1 0.9126315712928772
ep10_t0.7_test_time 0.74422287940979
Test Epoch10 threshold 0.8 Acc 0.9126315789473685, AUC 0.9790235757827759, avg_entr 0.11896698921918869, f1 0.9126315712928772
ep10_t0.8_test_time 0.7579841613769531
Test Epoch10 threshold 0.9 Acc 0.9126315789473685, AUC 0.9790235757827759, avg_entr 0.11896698921918869, f1 0.9126315712928772
ep10_t0.9_test_time 0.7479701042175293
gc 0
Train Epoch11 Acc 0.9239916666666667 (110879/120000), AUC 0.9849590063095093
ep11_train_time 167.33042788505554
Test Epoch11 threshold 0.1 Acc 0.9134210526315789, AUC 0.9780672192573547, avg_entr 0.06914033740758896, f1 0.9134210348129272
ep11_t0.1_test_time 1.9054934978485107
Test Epoch11 threshold 0.2 Acc 0.9136842105263158, AUC 0.9781744480133057, avg_entr 0.0824558436870575, f1 0.9136841893196106
ep11_t0.2_test_time 1.8117225170135498
Test Epoch11 threshold 0.3 Acc 0.9139473684210526, AUC 0.9782248735427856, avg_entr 0.09406095743179321, f1 0.913947343826294
ep11_t0.3_test_time 1.7249195575714111
Test Epoch11 threshold 0.4 Acc 0.9163157894736842, AUC 0.9788875579833984, avg_entr 0.10732762515544891, f1 0.9163157939910889
ep11_t0.4_test_time 1.5475428104400635
Save ckpt to ckpt/ag_news_transformeral_l5ad_pad177//ag_news_transformeral_l5.pt  ,ep 11
Test Epoch11 threshold 0.5 Acc 0.9147368421052632, AUC 0.9790714383125305, avg_entr 0.11586708575487137, f1 0.9147368669509888
ep11_t0.5_test_time 1.1864252090454102
Test Epoch11 threshold 0.6 Acc 0.9126315789473685, AUC 0.9790244698524475, avg_entr 0.11894111335277557, f1 0.9126315712928772
ep11_t0.6_test_time 0.7461850643157959
Test Epoch11 threshold 0.7 Acc 0.9126315789473685, AUC 0.9790234565734863, avg_entr 0.11896248161792755, f1 0.9126315712928772
ep11_t0.7_test_time 0.7727768421173096
Test Epoch11 threshold 0.8 Acc 0.9126315789473685, AUC 0.9790234565734863, avg_entr 0.11896248161792755, f1 0.9126315712928772
ep11_t0.8_test_time 0.7585484981536865
Test Epoch11 threshold 0.9 Acc 0.9126315789473685, AUC 0.9790234565734863, avg_entr 0.11896248161792755, f1 0.9126315712928772
ep11_t0.9_test_time 0.7822048664093018
gc 0
Train Epoch12 Acc 0.9240833333333334 (110890/120000), AUC 0.984892725944519
ep12_train_time 167.784521818161
Test Epoch12 threshold 0.1 Acc 0.9134210526315789, AUC 0.9780654907226562, avg_entr 0.06912469863891602, f1 0.9134210348129272
ep12_t0.1_test_time 1.911083698272705
Test Epoch12 threshold 0.2 Acc 0.9136842105263158, AUC 0.9781743884086609, avg_entr 0.0824417918920517, f1 0.9136841893196106
ep12_t0.2_test_time 1.7732999324798584
Test Epoch12 threshold 0.3 Acc 0.9139473684210526, AUC 0.9782261252403259, avg_entr 0.09404971450567245, f1 0.913947343826294
ep12_t0.3_test_time 1.8310985565185547
Test Epoch12 threshold 0.4 Acc 0.9163157894736842, AUC 0.978887677192688, avg_entr 0.10731800645589828, f1 0.9163157939910889
ep12_t0.4_test_time 1.69736909866333
Save ckpt to ckpt/ag_news_transformeral_l5ad_pad177//ag_news_transformeral_l5.pt  ,ep 12
Test Epoch12 threshold 0.5 Acc 0.9147368421052632, AUC 0.9790714979171753, avg_entr 0.11585870385169983, f1 0.9147368669509888
ep12_t0.5_test_time 1.1770153045654297
Test Epoch12 threshold 0.6 Acc 0.9126315789473685, AUC 0.9790245294570923, avg_entr 0.11893326789140701, f1 0.9126315712928772
ep12_t0.6_test_time 0.7684934139251709
Test Epoch12 threshold 0.7 Acc 0.9126315789473685, AUC 0.9790235757827759, avg_entr 0.11895463615655899, f1 0.9126315712928772
ep12_t0.7_test_time 0.7401986122131348
Test Epoch12 threshold 0.8 Acc 0.9126315789473685, AUC 0.9790235757827759, avg_entr 0.11895463615655899, f1 0.9126315712928772
ep12_t0.8_test_time 0.7662928104400635
Test Epoch12 threshold 0.9 Acc 0.9126315789473685, AUC 0.9790235757827759, avg_entr 0.11895463615655899, f1 0.9126315712928772
ep12_t0.9_test_time 0.7313616275787354
gc 0
Train Epoch13 Acc 0.924425 (110931/120000), AUC 0.9850022792816162
ep13_train_time 167.87401127815247
Test Epoch13 threshold 0.1 Acc 0.9134210526315789, AUC 0.9780629277229309, avg_entr 0.0691089779138565, f1 0.9134210348129272
ep13_t0.1_test_time 1.9089159965515137
Test Epoch13 threshold 0.2 Acc 0.9136842105263158, AUC 0.9781753420829773, avg_entr 0.08242222666740417, f1 0.9136841893196106
ep13_t0.2_test_time 1.795767068862915
Test Epoch13 threshold 0.3 Acc 0.9139473684210526, AUC 0.9782190322875977, avg_entr 0.09401611238718033, f1 0.913947343826294
ep13_t0.3_test_time 1.7593128681182861
Test Epoch13 threshold 0.4 Acc 0.9163157894736842, AUC 0.9788877964019775, avg_entr 0.10730594396591187, f1 0.9163157939910889
ep13_t0.4_test_time 1.685197114944458
Save ckpt to ckpt/ag_news_transformeral_l5ad_pad177//ag_news_transformeral_l5.pt  ,ep 13
Test Epoch13 threshold 0.5 Acc 0.9147368421052632, AUC 0.979072093963623, avg_entr 0.1158486157655716, f1 0.9147368669509888
ep13_t0.5_test_time 1.1919171810150146
Test Epoch13 threshold 0.6 Acc 0.9126315789473685, AUC 0.9790245294570923, avg_entr 0.11892379075288773, f1 0.9126315712928772
ep13_t0.6_test_time 0.7752385139465332
Test Epoch13 threshold 0.7 Acc 0.9126315789473685, AUC 0.9790234565734863, avg_entr 0.1189451664686203, f1 0.9126315712928772
ep13_t0.7_test_time 0.7622108459472656
Test Epoch13 threshold 0.8 Acc 0.9126315789473685, AUC 0.9790234565734863, avg_entr 0.1189451664686203, f1 0.9126315712928772
ep13_t0.8_test_time 0.7484657764434814
Test Epoch13 threshold 0.9 Acc 0.9126315789473685, AUC 0.9790234565734863, avg_entr 0.1189451664686203, f1 0.9126315712928772
ep13_t0.9_test_time 0.7485001087188721
gc 0
Train Epoch14 Acc 0.9242666666666667 (110912/120000), AUC 0.9849011301994324
ep14_train_time 167.85374975204468
Test Epoch14 threshold 0.1 Acc 0.9134210526315789, AUC 0.9780601263046265, avg_entr 0.06909812986850739, f1 0.9134210348129272
ep14_t0.1_test_time 1.7735939025878906
Test Epoch14 threshold 0.2 Acc 0.9136842105263158, AUC 0.9781726002693176, avg_entr 0.08241190016269684, f1 0.9136841893196106
ep14_t0.2_test_time 1.8207976818084717
Test Epoch14 threshold 0.3 Acc 0.9139473684210526, AUC 0.9782182574272156, avg_entr 0.09400057047605515, f1 0.913947343826294
ep14_t0.3_test_time 1.752638816833496
Test Epoch14 threshold 0.4 Acc 0.9163157894736842, AUC 0.978888213634491, avg_entr 0.10729195922613144, f1 0.9163157939910889
ep14_t0.4_test_time 1.664595365524292
Save ckpt to ckpt/ag_news_transformeral_l5ad_pad177//ag_news_transformeral_l5.pt  ,ep 14
Test Epoch14 threshold 0.5 Acc 0.9147368421052632, AUC 0.9790726900100708, avg_entr 0.11583784222602844, f1 0.9147368669509888
ep14_t0.5_test_time 1.2079095840454102
Test Epoch14 threshold 0.6 Acc 0.9126315789473685, AUC 0.9790245294570923, avg_entr 0.11891305446624756, f1 0.9126315712928772
ep14_t0.6_test_time 0.7688093185424805
Test Epoch14 threshold 0.7 Acc 0.9126315789473685, AUC 0.9790236353874207, avg_entr 0.11893443018198013, f1 0.9126315712928772
ep14_t0.7_test_time 0.7511546611785889
Test Epoch14 threshold 0.8 Acc 0.9126315789473685, AUC 0.9790236353874207, avg_entr 0.11893443018198013, f1 0.9126315712928772
ep14_t0.8_test_time 0.738774299621582
Test Epoch14 threshold 0.9 Acc 0.9126315789473685, AUC 0.9790236353874207, avg_entr 0.11893443018198013, f1 0.9126315712928772
ep14_t0.9_test_time 0.7705674171447754
gc 0
Train Epoch15 Acc 0.9239166666666667 (110870/120000), AUC 0.9848400354385376
ep15_train_time 167.86317467689514
Test Epoch15 threshold 0.1 Acc 0.9134210526315789, AUC 0.9780592322349548, avg_entr 0.06908192485570908, f1 0.9134210348129272
ep15_t0.1_test_time 1.8530194759368896
Test Epoch15 threshold 0.2 Acc 0.9136842105263158, AUC 0.9781715869903564, avg_entr 0.08240052312612534, f1 0.9136841893196106
ep15_t0.2_test_time 1.8294868469238281
Test Epoch15 threshold 0.3 Acc 0.9139473684210526, AUC 0.9782174229621887, avg_entr 0.09398674219846725, f1 0.913947343826294
ep15_t0.3_test_time 1.751420259475708
Test Epoch15 threshold 0.4 Acc 0.9163157894736842, AUC 0.9788876175880432, avg_entr 0.10727957636117935, f1 0.9163157939910889
ep15_t0.4_test_time 1.702789545059204
Save ckpt to ckpt/ag_news_transformeral_l5ad_pad177//ag_news_transformeral_l5.pt  ,ep 15
Test Epoch15 threshold 0.5 Acc 0.9147368421052632, AUC 0.9790723323822021, avg_entr 0.11582589149475098, f1 0.9147368669509888
ep15_t0.5_test_time 1.1485769748687744
Test Epoch15 threshold 0.6 Acc 0.9126315789473685, AUC 0.9790245890617371, avg_entr 0.11890219151973724, f1 0.9126315712928772
ep15_t0.6_test_time 0.7433369159698486
Test Epoch15 threshold 0.7 Acc 0.9126315789473685, AUC 0.9790235757827759, avg_entr 0.11892358213663101, f1 0.9126315712928772
ep15_t0.7_test_time 0.7460925579071045
Test Epoch15 threshold 0.8 Acc 0.9126315789473685, AUC 0.9790235757827759, avg_entr 0.11892358213663101, f1 0.9126315712928772
ep15_t0.8_test_time 0.7469325065612793
Test Epoch15 threshold 0.9 Acc 0.9126315789473685, AUC 0.9790235757827759, avg_entr 0.11892358213663101, f1 0.9126315712928772
ep15_t0.9_test_time 0.7328112125396729
gc 0
Train Epoch16 Acc 0.9245583333333334 (110947/120000), AUC 0.9849148988723755
ep16_train_time 167.8927354812622
Test Epoch16 threshold 0.1 Acc 0.9134210526315789, AUC 0.9780594706535339, avg_entr 0.06906712800264359, f1 0.9134210348129272
ep16_t0.1_test_time 1.8598501682281494
Test Epoch16 threshold 0.2 Acc 0.9136842105263158, AUC 0.9781725406646729, avg_entr 0.08238072693347931, f1 0.9136841893196106
ep16_t0.2_test_time 1.859844446182251
Test Epoch16 threshold 0.3 Acc 0.9139473684210526, AUC 0.9782105684280396, avg_entr 0.0940166637301445, f1 0.913947343826294
ep16_t0.3_test_time 1.8194985389709473
Test Epoch16 threshold 0.4 Acc 0.9163157894736842, AUC 0.9788874387741089, avg_entr 0.10726510733366013, f1 0.9163157939910889
ep16_t0.4_test_time 1.622351884841919
Save ckpt to ckpt/ag_news_transformeral_l5ad_pad177//ag_news_transformeral_l5.pt  ,ep 16
Test Epoch16 threshold 0.5 Acc 0.9147368421052632, AUC 0.9790729284286499, avg_entr 0.11581476777791977, f1 0.9147368669509888
ep16_t0.5_test_time 1.1830697059631348
Test Epoch16 threshold 0.6 Acc 0.9126315789473685, AUC 0.9790246486663818, avg_entr 0.11889108270406723, f1 0.9126315712928772
ep16_t0.6_test_time 0.76845383644104
Test Epoch16 threshold 0.7 Acc 0.9126315789473685, AUC 0.9790237545967102, avg_entr 0.11891245096921921, f1 0.9126315712928772
ep16_t0.7_test_time 0.7530438899993896
Test Epoch16 threshold 0.8 Acc 0.9126315789473685, AUC 0.9790237545967102, avg_entr 0.11891245096921921, f1 0.9126315712928772
ep16_t0.8_test_time 0.7596755027770996
Test Epoch16 threshold 0.9 Acc 0.9126315789473685, AUC 0.9790237545967102, avg_entr 0.11891245096921921, f1 0.9126315712928772
ep16_t0.9_test_time 0.7673652172088623
gc 0
Train Epoch17 Acc 0.9240833333333334 (110890/120000), AUC 0.985041081905365
ep17_train_time 167.82026624679565
Test Epoch17 threshold 0.1 Acc 0.9134210526315789, AUC 0.9780584573745728, avg_entr 0.06904984265565872, f1 0.9134210348129272
ep17_t0.1_test_time 1.8419525623321533
Test Epoch17 threshold 0.2 Acc 0.9136842105263158, AUC 0.9781700372695923, avg_entr 0.08236899971961975, f1 0.9136841893196106
ep17_t0.2_test_time 1.8261833190917969
Test Epoch17 threshold 0.3 Acc 0.9139473684210526, AUC 0.9782094359397888, avg_entr 0.0940038412809372, f1 0.913947343826294
ep17_t0.3_test_time 1.7594525814056396
Test Epoch17 threshold 0.4 Acc 0.9163157894736842, AUC 0.9788872003555298, avg_entr 0.10725390166044235, f1 0.9163157939910889
ep17_t0.4_test_time 1.6455318927764893
Save ckpt to ckpt/ag_news_transformeral_l5ad_pad177//ag_news_transformeral_l5.pt  ,ep 17
Test Epoch17 threshold 0.5 Acc 0.9147368421052632, AUC 0.9790728092193604, avg_entr 0.11580360680818558, f1 0.9147368669509888
ep17_t0.5_test_time 1.1499147415161133
Test Epoch17 threshold 0.6 Acc 0.9126315789473685, AUC 0.9790245890617371, avg_entr 0.1188805103302002, f1 0.9126315712928772
ep17_t0.6_test_time 0.7671952247619629
Test Epoch17 threshold 0.7 Acc 0.9126315789473685, AUC 0.9790236353874207, avg_entr 0.11890190094709396, f1 0.9126315712928772
ep17_t0.7_test_time 0.7712478637695312
Test Epoch17 threshold 0.8 Acc 0.9126315789473685, AUC 0.9790236353874207, avg_entr 0.11890190094709396, f1 0.9126315712928772
ep17_t0.8_test_time 0.7569766044616699
Test Epoch17 threshold 0.9 Acc 0.9126315789473685, AUC 0.9790236353874207, avg_entr 0.11890190094709396, f1 0.9126315712928772
ep17_t0.9_test_time 0.7756378650665283
gc 0
Train Epoch18 Acc 0.9239166666666667 (110870/120000), AUC 0.9848209619522095
ep18_train_time 167.35012102127075
Test Epoch18 threshold 0.1 Acc 0.9134210526315789, AUC 0.9780458807945251, avg_entr 0.06908537447452545, f1 0.9134210348129272
ep18_t0.1_test_time 1.9139299392700195
Test Epoch18 threshold 0.2 Acc 0.9136842105263158, AUC 0.9781700968742371, avg_entr 0.08235364407300949, f1 0.9136841893196106
ep18_t0.2_test_time 1.8050258159637451
Test Epoch18 threshold 0.3 Acc 0.9139473684210526, AUC 0.9782084822654724, avg_entr 0.09398842602968216, f1 0.913947343826294
ep18_t0.3_test_time 1.8172008991241455
Test Epoch18 threshold 0.4 Acc 0.9163157894736842, AUC 0.9788867235183716, avg_entr 0.10724015533924103, f1 0.9163157939910889
ep18_t0.4_test_time 1.6680307388305664
Save ckpt to ckpt/ag_news_transformeral_l5ad_pad177//ag_news_transformeral_l5.pt  ,ep 18
Test Epoch18 threshold 0.5 Acc 0.9147368421052632, AUC 0.9790726900100708, avg_entr 0.11579206585884094, f1 0.9147368669509888
ep18_t0.5_test_time 1.131622314453125
Test Epoch18 threshold 0.6 Acc 0.9126315789473685, AUC 0.979024350643158, avg_entr 0.11886947602033615, f1 0.9126315712928772
ep18_t0.6_test_time 0.7559747695922852
Test Epoch18 threshold 0.7 Acc 0.9126315789473685, AUC 0.9790233969688416, avg_entr 0.11889085918664932, f1 0.9126315712928772
ep18_t0.7_test_time 0.741382360458374
Test Epoch18 threshold 0.8 Acc 0.9126315789473685, AUC 0.9790233969688416, avg_entr 0.11889085918664932, f1 0.9126315712928772
ep18_t0.8_test_time 0.7818145751953125
Test Epoch18 threshold 0.9 Acc 0.9126315789473685, AUC 0.9790233969688416, avg_entr 0.11889085918664932, f1 0.9126315712928772
ep18_t0.9_test_time 0.7442874908447266
gc 0
Train Epoch19 Acc 0.9242083333333333 (110905/120000), AUC 0.9849801063537598
ep19_train_time 167.69538378715515
Test Epoch19 threshold 0.1 Acc 0.9134210526315789, AUC 0.9780427813529968, avg_entr 0.0690745934844017, f1 0.9134210348129272
ep19_t0.1_test_time 1.8957722187042236
Test Epoch19 threshold 0.2 Acc 0.9136842105263158, AUC 0.9781680107116699, avg_entr 0.08233717083930969, f1 0.9136841893196106
ep19_t0.2_test_time 1.821873664855957
Test Epoch19 threshold 0.3 Acc 0.9139473684210526, AUC 0.9782147407531738, avg_entr 0.09399276226758957, f1 0.913947343826294
ep19_t0.3_test_time 1.7797484397888184
Test Epoch19 threshold 0.4 Acc 0.9163157894736842, AUC 0.9788860082626343, avg_entr 0.10722774267196655, f1 0.9163157939910889
ep19_t0.4_test_time 1.675116777420044
Save ckpt to ckpt/ag_news_transformeral_l5ad_pad177//ag_news_transformeral_l5.pt  ,ep 19
Test Epoch19 threshold 0.5 Acc 0.9147368421052632, AUC 0.9790724515914917, avg_entr 0.11578067392110825, f1 0.9147368669509888
ep19_t0.5_test_time 1.196533203125
Test Epoch19 threshold 0.6 Acc 0.9126315789473685, AUC 0.9790244102478027, avg_entr 0.11885835230350494, f1 0.9126315712928772
ep19_t0.6_test_time 0.7552857398986816
Test Epoch19 threshold 0.7 Acc 0.9126315789473685, AUC 0.9790234565734863, avg_entr 0.11887974292039871, f1 0.9126315712928772
ep19_t0.7_test_time 0.7817490100860596
Test Epoch19 threshold 0.8 Acc 0.9126315789473685, AUC 0.9790234565734863, avg_entr 0.11887974292039871, f1 0.9126315712928772
ep19_t0.8_test_time 0.7452704906463623
Test Epoch19 threshold 0.9 Acc 0.9126315789473685, AUC 0.9790234565734863, avg_entr 0.11887974292039871, f1 0.9126315712928772
ep19_t0.9_test_time 0.7091081142425537
gc 0
Train Epoch20 Acc 0.9240666666666667 (110888/120000), AUC 0.9850951433181763
ep20_train_time 167.5042507648468
Test Epoch20 threshold 0.1 Acc 0.9134210526315789, AUC 0.9780415892601013, avg_entr 0.06905923783779144, f1 0.9134210348129272
ep20_t0.1_test_time 1.8986084461212158
Test Epoch20 threshold 0.2 Acc 0.9136842105263158, AUC 0.9781670570373535, avg_entr 0.08232200145721436, f1 0.9136841893196106
ep20_t0.2_test_time 1.8336327075958252
Test Epoch20 threshold 0.3 Acc 0.9139473684210526, AUC 0.9782131910324097, avg_entr 0.09399858862161636, f1 0.913947343826294
ep20_t0.3_test_time 1.7543396949768066
Test Epoch20 threshold 0.4 Acc 0.9163157894736842, AUC 0.9788858294487, avg_entr 0.10721465945243835, f1 0.9163157939910889
ep20_t0.4_test_time 1.652862548828125
Save ckpt to ckpt/ag_news_transformeral_l5ad_pad177//ag_news_transformeral_l5.pt  ,ep 20
Test Epoch20 threshold 0.5 Acc 0.9147368421052632, AUC 0.979072630405426, avg_entr 0.11576905101537704, f1 0.9147368669509888
ep20_t0.5_test_time 1.1732754707336426
Test Epoch20 threshold 0.6 Acc 0.9126315789473685, AUC 0.9790244698524475, avg_entr 0.11884745210409164, f1 0.9126315712928772
ep20_t0.6_test_time 0.7887225151062012
Test Epoch20 threshold 0.7 Acc 0.9126315789473685, AUC 0.9790234565734863, avg_entr 0.11886884272098541, f1 0.9126315712928772
ep20_t0.7_test_time 0.7663280963897705
Test Epoch20 threshold 0.8 Acc 0.9126315789473685, AUC 0.9790234565734863, avg_entr 0.11886884272098541, f1 0.9126315712928772
ep20_t0.8_test_time 0.7370340824127197
Test Epoch20 threshold 0.9 Acc 0.9126315789473685, AUC 0.9790234565734863, avg_entr 0.11886884272098541, f1 0.9126315712928772
ep20_t0.9_test_time 0.7723982334136963
gc 0
Train Epoch21 Acc 0.92425 (110910/120000), AUC 0.9849936962127686
ep21_train_time 167.40217971801758
Test Epoch21 threshold 0.1 Acc 0.9134210526315789, AUC 0.978040874004364, avg_entr 0.06904254853725433, f1 0.9134210348129272
ep21_t0.1_test_time 1.802600622177124
Test Epoch21 threshold 0.2 Acc 0.9136842105263158, AUC 0.9781678915023804, avg_entr 0.08230536431074142, f1 0.9136841893196106
ep21_t0.2_test_time 1.8512322902679443
Test Epoch21 threshold 0.3 Acc 0.9139473684210526, AUC 0.9782145023345947, avg_entr 0.09396319091320038, f1 0.913947343826294
ep21_t0.3_test_time 1.7232978343963623
Test Epoch21 threshold 0.4 Acc 0.9163157894736842, AUC 0.9788855910301208, avg_entr 0.10720089077949524, f1 0.9163157939910889
ep21_t0.4_test_time 1.6497135162353516
Save ckpt to ckpt/ag_news_transformeral_l5ad_pad177//ag_news_transformeral_l5.pt  ,ep 21
Test Epoch21 threshold 0.5 Acc 0.9147368421052632, AUC 0.9790724515914917, avg_entr 0.11575756967067719, f1 0.9147368669509888
ep21_t0.5_test_time 1.155548095703125
Test Epoch21 threshold 0.6 Acc 0.9126315789473685, AUC 0.979024350643158, avg_entr 0.118836410343647, f1 0.9126315712928772
ep21_t0.6_test_time 0.7752642631530762
Test Epoch21 threshold 0.7 Acc 0.9126315789473685, AUC 0.9790233373641968, avg_entr 0.11885779350996017, f1 0.9126315712928772
ep21_t0.7_test_time 0.7163012027740479
Test Epoch21 threshold 0.8 Acc 0.9126315789473685, AUC 0.9790233373641968, avg_entr 0.11885779350996017, f1 0.9126315712928772
ep21_t0.8_test_time 0.7673110961914062
Test Epoch21 threshold 0.9 Acc 0.9126315789473685, AUC 0.9790233373641968, avg_entr 0.11885779350996017, f1 0.9126315712928772
ep21_t0.9_test_time 0.7621169090270996
gc 0
Train Epoch22 Acc 0.9239916666666667 (110879/120000), AUC 0.9849135279655457
ep22_train_time 167.95119071006775
Test Epoch22 threshold 0.1 Acc 0.9134210526315789, AUC 0.9780341386795044, avg_entr 0.06905286014080048, f1 0.9134210348129272
ep22_t0.1_test_time 1.9122087955474854
Test Epoch22 threshold 0.2 Acc 0.9136842105263158, AUC 0.9781681299209595, avg_entr 0.0822916328907013, f1 0.9136841893196106
ep22_t0.2_test_time 1.815270185470581
Test Epoch22 threshold 0.3 Acc 0.9139473684210526, AUC 0.9782122373580933, avg_entr 0.0939684584736824, f1 0.913947343826294
ep22_t0.3_test_time 1.7592318058013916
Test Epoch22 threshold 0.4 Acc 0.9163157894736842, AUC 0.9788851141929626, avg_entr 0.10718731582164764, f1 0.9163157939910889
ep22_t0.4_test_time 1.6747827529907227
Save ckpt to ckpt/ag_news_transformeral_l5ad_pad177//ag_news_transformeral_l5.pt  ,ep 22
Test Epoch22 threshold 0.5 Acc 0.9147368421052632, AUC 0.9790714979171753, avg_entr 0.11574507504701614, f1 0.9147368669509888
ep22_t0.5_test_time 1.089827537536621
Test Epoch22 threshold 0.6 Acc 0.9126315789473685, AUC 0.9790244698524475, avg_entr 0.11882538348436356, f1 0.9126315712928772
ep22_t0.6_test_time 0.765979528427124
Test Epoch22 threshold 0.7 Acc 0.9126315789473685, AUC 0.9790235161781311, avg_entr 0.11884675920009613, f1 0.9126315712928772
ep22_t0.7_test_time 0.7471344470977783
Test Epoch22 threshold 0.8 Acc 0.9126315789473685, AUC 0.9790235161781311, avg_entr 0.11884675920009613, f1 0.9126315712928772
ep22_t0.8_test_time 0.7380406856536865
Test Epoch22 threshold 0.9 Acc 0.9126315789473685, AUC 0.9790235161781311, avg_entr 0.11884675920009613, f1 0.9126315712928772
ep22_t0.9_test_time 0.7441878318786621
gc 0
Train Epoch23 Acc 0.924075 (110889/120000), AUC 0.9849464893341064
ep23_train_time 167.36889553070068
Test Epoch23 threshold 0.1 Acc 0.9134210526315789, AUC 0.9780327081680298, avg_entr 0.06903602927923203, f1 0.9134210348129272
ep23_t0.1_test_time 1.9071896076202393
Test Epoch23 threshold 0.2 Acc 0.9136842105263158, AUC 0.9781662225723267, avg_entr 0.08229225128889084, f1 0.9136841893196106
ep23_t0.2_test_time 1.796180009841919
Test Epoch23 threshold 0.3 Acc 0.9139473684210526, AUC 0.9782122373580933, avg_entr 0.09395504742860794, f1 0.913947343826294
ep23_t0.3_test_time 1.7870116233825684
Test Epoch23 threshold 0.4 Acc 0.9163157894736842, AUC 0.9788845777511597, avg_entr 0.10718239843845367, f1 0.9163157939910889
ep23_t0.4_test_time 1.6706101894378662
Save ckpt to ckpt/ag_news_transformeral_l5ad_pad177//ag_news_transformeral_l5.pt  ,ep 23
Test Epoch23 threshold 0.5 Acc 0.9147368421052632, AUC 0.9790716171264648, avg_entr 0.11573365330696106, f1 0.9147368669509888
ep23_t0.5_test_time 1.1433496475219727
Test Epoch23 threshold 0.6 Acc 0.9126315789473685, AUC 0.9790244698524475, avg_entr 0.1188141331076622, f1 0.9126315712928772
ep23_t0.6_test_time 0.7503938674926758
Test Epoch23 threshold 0.7 Acc 0.9126315789473685, AUC 0.9790234565734863, avg_entr 0.11883553117513657, f1 0.9126315712928772
ep23_t0.7_test_time 0.7662491798400879
Test Epoch23 threshold 0.8 Acc 0.9126315789473685, AUC 0.9790234565734863, avg_entr 0.11883553117513657, f1 0.9126315712928772
ep23_t0.8_test_time 0.7250804901123047
Test Epoch23 threshold 0.9 Acc 0.9126315789473685, AUC 0.9790234565734863, avg_entr 0.11883553117513657, f1 0.9126315712928772
ep23_t0.9_test_time 0.7625370025634766
gc 0
Train Epoch24 Acc 0.9247166666666666 (110966/120000), AUC 0.9850109815597534
ep24_train_time 167.30944418907166
Test Epoch24 threshold 0.1 Acc 0.9134210526315789, AUC 0.9780325889587402, avg_entr 0.06902158260345459, f1 0.9134210348129272
ep24_t0.1_test_time 1.9006059169769287
Test Epoch24 threshold 0.2 Acc 0.9136842105263158, AUC 0.9781637191772461, avg_entr 0.08229674398899078, f1 0.9136841893196106
ep24_t0.2_test_time 1.8215389251708984
Test Epoch24 threshold 0.3 Acc 0.9139473684210526, AUC 0.978211522102356, avg_entr 0.09394156187772751, f1 0.913947343826294
ep24_t0.3_test_time 1.7592058181762695
Test Epoch24 threshold 0.4 Acc 0.9163157894736842, AUC 0.978884756565094, avg_entr 0.1071694940328598, f1 0.9163157939910889
ep24_t0.4_test_time 1.689603567123413
Save ckpt to ckpt/ag_news_transformeral_l5ad_pad177//ag_news_transformeral_l5.pt  ,ep 24
Test Epoch24 threshold 0.5 Acc 0.9147368421052632, AUC 0.9790716171264648, avg_entr 0.11572206765413284, f1 0.9147368669509888
ep24_t0.5_test_time 1.2007160186767578
Test Epoch24 threshold 0.6 Acc 0.9126315789473685, AUC 0.9790244698524475, avg_entr 0.11880326271057129, f1 0.9126315712928772
ep24_t0.6_test_time 0.7463736534118652
Test Epoch24 threshold 0.7 Acc 0.9126315789473685, AUC 0.9790234565734863, avg_entr 0.11882464587688446, f1 0.9126315712928772
ep24_t0.7_test_time 0.7513885498046875
Test Epoch24 threshold 0.8 Acc 0.9126315789473685, AUC 0.9790234565734863, avg_entr 0.11882464587688446, f1 0.9126315712928772
ep24_t0.8_test_time 0.7638366222381592
Test Epoch24 threshold 0.9 Acc 0.9126315789473685, AUC 0.9790234565734863, avg_entr 0.11882464587688446, f1 0.9126315712928772
ep24_t0.9_test_time 0.7670276165008545
gc 0
Train Epoch25 Acc 0.9242083333333333 (110905/120000), AUC 0.9848893880844116
ep25_train_time 167.43037819862366
Test Epoch25 threshold 0.1 Acc 0.9134210526315789, AUC 0.9780313372612, avg_entr 0.06900496035814285, f1 0.9134210348129272
ep25_t0.1_test_time 1.8802719116210938
Test Epoch25 threshold 0.2 Acc 0.9136842105263158, AUC 0.9781627058982849, avg_entr 0.08227434754371643, f1 0.9136841893196106
ep25_t0.2_test_time 1.7971110343933105
Test Epoch25 threshold 0.3 Acc 0.9139473684210526, AUC 0.9782119393348694, avg_entr 0.09392804652452469, f1 0.913947343826294
ep25_t0.3_test_time 1.7038555145263672
Test Epoch25 threshold 0.4 Acc 0.9163157894736842, AUC 0.9788851141929626, avg_entr 0.10715717822313309, f1 0.9163157939910889
ep25_t0.4_test_time 1.613856315612793
Save ckpt to ckpt/ag_news_transformeral_l5ad_pad177//ag_news_transformeral_l5.pt  ,ep 25
Test Epoch25 threshold 0.5 Acc 0.9147368421052632, AUC 0.9790717363357544, avg_entr 0.11571036279201508, f1 0.9147368669509888
ep25_t0.5_test_time 1.1873769760131836
Test Epoch25 threshold 0.6 Acc 0.9126315789473685, AUC 0.9790247082710266, avg_entr 0.11879217624664307, f1 0.9126315712928772
ep25_t0.6_test_time 0.7528023719787598
Test Epoch25 threshold 0.7 Acc 0.9126315789473685, AUC 0.9790237545967102, avg_entr 0.11881355196237564, f1 0.9126315712928772
ep25_t0.7_test_time 0.7452163696289062
Test Epoch25 threshold 0.8 Acc 0.9126315789473685, AUC 0.9790237545967102, avg_entr 0.11881355196237564, f1 0.9126315712928772
ep25_t0.8_test_time 0.767582893371582
Test Epoch25 threshold 0.9 Acc 0.9126315789473685, AUC 0.9790237545967102, avg_entr 0.11881355196237564, f1 0.9126315712928772
ep25_t0.9_test_time 0.7542126178741455
gc 0
Train Epoch26 Acc 0.9242583333333333 (110911/120000), AUC 0.9849411249160767
ep26_train_time 167.29422092437744
Test Epoch26 threshold 0.1 Acc 0.9134210526315789, AUC 0.9780199527740479, avg_entr 0.06901756674051285, f1 0.9134210348129272
ep26_t0.1_test_time 1.8922655582427979
Test Epoch26 threshold 0.2 Acc 0.9136842105263158, AUC 0.9781614542007446, avg_entr 0.08226869255304337, f1 0.9136841893196106
ep26_t0.2_test_time 1.8385083675384521
Test Epoch26 threshold 0.3 Acc 0.9139473684210526, AUC 0.9782108664512634, avg_entr 0.09391465783119202, f1 0.913947343826294
ep26_t0.3_test_time 1.7934916019439697
Test Epoch26 threshold 0.4 Acc 0.9163157894736842, AUC 0.9788849353790283, avg_entr 0.107143834233284, f1 0.9163157939910889
ep26_t0.4_test_time 1.6888492107391357
Save ckpt to ckpt/ag_news_transformeral_l5ad_pad177//ag_news_transformeral_l5.pt  ,ep 26
Test Epoch26 threshold 0.5 Acc 0.9147368421052632, AUC 0.9790713787078857, avg_entr 0.11569856852293015, f1 0.9147368669509888
ep26_t0.5_test_time 1.1845052242279053
Test Epoch26 threshold 0.6 Acc 0.9126315789473685, AUC 0.9790245294570923, avg_entr 0.11878103762865067, f1 0.9126315712928772
ep26_t0.6_test_time 0.764124870300293
Test Epoch26 threshold 0.7 Acc 0.9126315789473685, AUC 0.9790235757827759, avg_entr 0.11880241334438324, f1 0.9126315712928772
ep26_t0.7_test_time 0.7497673034667969
Test Epoch26 threshold 0.8 Acc 0.9126315789473685, AUC 0.9790235757827759, avg_entr 0.11880241334438324, f1 0.9126315712928772
ep26_t0.8_test_time 0.7669165134429932
Test Epoch26 threshold 0.9 Acc 0.9126315789473685, AUC 0.9790235757827759, avg_entr 0.11880241334438324, f1 0.9126315712928772
ep26_t0.9_test_time 0.7501547336578369
gc 0
Train Epoch27 Acc 0.924275 (110913/120000), AUC 0.9849899411201477
ep27_train_time 167.32175040245056
Test Epoch27 threshold 0.1 Acc 0.9134210526315789, AUC 0.9780197143554688, avg_entr 0.06900030374526978, f1 0.9134210348129272
ep27_t0.1_test_time 1.9075508117675781
Test Epoch27 threshold 0.2 Acc 0.9136842105263158, AUC 0.9781609773635864, avg_entr 0.08225233852863312, f1 0.9136841893196106
ep27_t0.2_test_time 1.8243160247802734
Test Epoch27 threshold 0.3 Acc 0.9139473684210526, AUC 0.9782105684280396, avg_entr 0.09389946609735489, f1 0.913947343826294
ep27_t0.3_test_time 1.789294719696045
Test Epoch27 threshold 0.4 Acc 0.9163157894736842, AUC 0.9788850545883179, avg_entr 0.10713016241788864, f1 0.9163157939910889
ep27_t0.4_test_time 1.6525940895080566
Save ckpt to ckpt/ag_news_transformeral_l5ad_pad177//ag_news_transformeral_l5.pt  ,ep 27
Test Epoch27 threshold 0.5 Acc 0.9147368421052632, AUC 0.9790721535682678, avg_entr 0.11568774282932281, f1 0.9147368669509888
ep27_t0.5_test_time 1.1986393928527832
Test Epoch27 threshold 0.6 Acc 0.9126315789473685, AUC 0.9790245890617371, avg_entr 0.11876987665891647, f1 0.9126315712928772
ep27_t0.6_test_time 0.7681677341461182
Test Epoch27 threshold 0.7 Acc 0.9126315789473685, AUC 0.9790235757827759, avg_entr 0.11879124492406845, f1 0.9126315712928772
ep27_t0.7_test_time 0.7354452610015869
Test Epoch27 threshold 0.8 Acc 0.9126315789473685, AUC 0.9790235757827759, avg_entr 0.11879124492406845, f1 0.9126315712928772
ep27_t0.8_test_time 0.7762691974639893
Test Epoch27 threshold 0.9 Acc 0.9126315789473685, AUC 0.9790235757827759, avg_entr 0.11879124492406845, f1 0.9126315712928772
ep27_t0.9_test_time 0.7508823871612549
gc 0
Train Epoch28 Acc 0.9242166666666667 (110906/120000), AUC 0.9848814010620117
ep28_train_time 167.85132336616516
Test Epoch28 threshold 0.1 Acc 0.9134210526315789, AUC 0.9780169725418091, avg_entr 0.06899332255125046, f1 0.9134210348129272
ep28_t0.1_test_time 1.9013967514038086
Test Epoch28 threshold 0.2 Acc 0.9136842105263158, AUC 0.9781602621078491, avg_entr 0.08223672211170197, f1 0.9136841893196106
ep28_t0.2_test_time 1.8376884460449219
Test Epoch28 threshold 0.3 Acc 0.9139473684210526, AUC 0.9782105088233948, avg_entr 0.09388463944196701, f1 0.913947343826294
ep28_t0.3_test_time 1.7497715950012207
Test Epoch28 threshold 0.4 Acc 0.9163157894736842, AUC 0.9788850545883179, avg_entr 0.10711677372455597, f1 0.9163157939910889
ep28_t0.4_test_time 1.6992266178131104
Save ckpt to ckpt/ag_news_transformeral_l5ad_pad177//ag_news_transformeral_l5.pt  ,ep 28
Test Epoch28 threshold 0.5 Acc 0.9147368421052632, AUC 0.979071855545044, avg_entr 0.11567628383636475, f1 0.9147368669509888
ep28_t0.5_test_time 1.213578462600708
Test Epoch28 threshold 0.6 Acc 0.9126315789473685, AUC 0.9790245294570923, avg_entr 0.11875882744789124, f1 0.9126315712928772
ep28_t0.6_test_time 0.7621409893035889
Test Epoch28 threshold 0.7 Acc 0.9126315789473685, AUC 0.9790235161781311, avg_entr 0.11878020316362381, f1 0.9126315712928772
ep28_t0.7_test_time 0.7883701324462891
Test Epoch28 threshold 0.8 Acc 0.9126315789473685, AUC 0.9790235161781311, avg_entr 0.11878020316362381, f1 0.9126315712928772
ep28_t0.8_test_time 0.75628662109375
Test Epoch28 threshold 0.9 Acc 0.9126315789473685, AUC 0.9790235161781311, avg_entr 0.11878020316362381, f1 0.9126315712928772
ep28_t0.9_test_time 0.747948169708252
gc 0
Train Epoch29 Acc 0.924475 (110937/120000), AUC 0.9849010109901428
ep29_train_time 167.4207582473755
Test Epoch29 threshold 0.1 Acc 0.9134210526315789, AUC 0.9780085682868958, avg_entr 0.06900256872177124, f1 0.9134210348129272
ep29_t0.1_test_time 1.8527393341064453
Test Epoch29 threshold 0.2 Acc 0.9136842105263158, AUC 0.9781597852706909, avg_entr 0.08222156763076782, f1 0.9136841893196106
ep29_t0.2_test_time 1.8422772884368896
Test Epoch29 threshold 0.3 Acc 0.9139473684210526, AUC 0.9782097935676575, avg_entr 0.09387022256851196, f1 0.913947343826294
ep29_t0.3_test_time 1.7403068542480469
Test Epoch29 threshold 0.4 Acc 0.9163157894736842, AUC 0.9788918495178223, avg_entr 0.10710955411195755, f1 0.9163157939910889
ep29_t0.4_test_time 1.6534242630004883
Save ckpt to ckpt/ag_news_transformeral_l5ad_pad177//ag_news_transformeral_l5.pt  ,ep 29
Test Epoch29 threshold 0.5 Acc 0.9147368421052632, AUC 0.9790722131729126, avg_entr 0.11566480994224548, f1 0.9147368669509888
ep29_t0.5_test_time 1.1545898914337158
Test Epoch29 threshold 0.6 Acc 0.9126315789473685, AUC 0.9790245294570923, avg_entr 0.11874783039093018, f1 0.9126315712928772
ep29_t0.6_test_time 0.7627441883087158
Test Epoch29 threshold 0.7 Acc 0.9126315789473685, AUC 0.9790235757827759, avg_entr 0.11876922845840454, f1 0.9126315712928772
ep29_t0.7_test_time 0.759570837020874
Test Epoch29 threshold 0.8 Acc 0.9126315789473685, AUC 0.9790235757827759, avg_entr 0.11876922845840454, f1 0.9126315712928772
ep29_t0.8_test_time 0.7286138534545898
Test Epoch29 threshold 0.9 Acc 0.9126315789473685, AUC 0.9790235757827759, avg_entr 0.11876922845840454, f1 0.9126315712928772
ep29_t0.9_test_time 0.770139217376709
Best AUC tensor(0.9163) 29 0.4
train_loss (2, 5, 30)
valid_acc (30, 9)
valid_AUC (30, 9)
train_acc (30,)
total_train/valid_time 5374.212943077087
Start Testing
Load ckpt at ckpt/ag_news_transformeral_l5ad_pad177//ag_news_transformeral_l5.pt
Test threshold 0.1 Acc 0.9097368421052632, AUC 0.975419819355011, avg_entr 0.0704614669084549, f1 0.9097368717193604
t0.1_test_time 1.8684988021850586
Test threshold 0.2 Acc 0.9092105263157895, AUC 0.976186215877533, avg_entr 0.08492539823055267, f1 0.9092105031013489
t0.2_test_time 1.8616979122161865
Test threshold 0.3 Acc 0.9094736842105263, AUC 0.975560188293457, avg_entr 0.09600279480218887, f1 0.9094736576080322
t0.3_test_time 1.756521224975586
Test threshold 0.4 Acc 0.9068421052631579, AUC 0.9757057428359985, avg_entr 0.1101243644952774, f1 0.9068421125411987
t0.4_test_time 1.646608591079712
Test threshold 0.5 Acc 0.9057894736842105, AUC 0.9759728312492371, avg_entr 0.11985860019922256, f1 0.9057894945144653
t0.5_test_time 1.0085556507110596
Test threshold 0.6 Acc 0.9044736842105263, AUC 0.9759847521781921, avg_entr 0.12207642942667007, f1 0.9044736623764038
t0.6_test_time 0.7517523765563965
Test threshold 0.7 Acc 0.9044736842105263, AUC 0.9760385751724243, avg_entr 0.12210354208946228, f1 0.9044736623764038
t0.7_test_time 0.7634212970733643
Test threshold 0.8 Acc 0.9044736842105263, AUC 0.9760385751724243, avg_entr 0.12210354208946228, f1 0.9044736623764038
t0.8_test_time 0.7128832340240479
Test threshold 0.9 Acc 0.9044736842105263, AUC 0.9760385751724243, avg_entr 0.12210354208946228, f1 0.9044736623764038
t0.9_test_time 0.7617757320404053
