total count words 102019
vocab size 30000
found 26754 words in glove
Load ckpt from ckpt/ag_news_lstmal_l5adf_pad100_t0.6_m1//ag_news_lstmal_l5_prefix.pt
model: LSTMModelML(
  (layers): ModuleList(
    (0): EMBLayer(
      (enc): ENC(
        (b): Sequential(
          (0): Linear(in_features=300, out_features=128, bias=True)
          (1): Tanh()
        )
        (f): Embedding(30000, 300)
        (cri): MSELoss()
      )
      (ae): AE(
        (g): Sequential(
          (0): Linear(in_features=4, out_features=128, bias=True)
          (1): Tanh()
        )
        (h): Sequential(
          (0): Linear(in_features=128, out_features=4, bias=True)
          (1): Sigmoid()
        )
        (cri): CrossEntropyLoss()
      )
    )
    (1): LSTMLayer(
      (enc): ENC(
        (b): Sequential(
          (0): Linear(in_features=300, out_features=128, bias=True)
          (1): Tanh()
        )
        (f): LSTM(300, 300, batch_first=True, bidirectional=True)
        (cri): MSELoss()
      )
      (ae): AE(
        (g): Sequential(
          (0): Linear(in_features=128, out_features=128, bias=True)
          (1): Tanh()
        )
        (h): Sequential(
          (0): Linear(in_features=128, out_features=128, bias=True)
        )
        (cri): MSELoss()
      )
    )
    (2): LSTMLayer(
      (enc): ENC(
        (b): Sequential(
          (0): Linear(in_features=300, out_features=128, bias=True)
          (1): Tanh()
        )
        (f): LSTM(600, 300, batch_first=True, bidirectional=True)
        (cri): MSELoss()
      )
      (ae): AE(
        (g): Sequential(
          (0): Linear(in_features=128, out_features=128, bias=True)
          (1): Tanh()
        )
        (h): Sequential(
          (0): Linear(in_features=128, out_features=128, bias=True)
        )
        (cri): MSELoss()
      )
    )
    (3): LSTMLayer(
      (enc): ENC(
        (b): Sequential(
          (0): Linear(in_features=300, out_features=128, bias=True)
          (1): Tanh()
        )
        (f): LSTM(600, 300, batch_first=True, bidirectional=True)
        (cri): MSELoss()
      )
      (ae): AE(
        (g): Sequential(
          (0): Linear(in_features=128, out_features=128, bias=True)
          (1): Tanh()
        )
        (h): Sequential(
          (0): Linear(in_features=128, out_features=128, bias=True)
        )
        (cri): MSELoss()
      )
    )
    (4): LSTMLayer(
      (enc): ENC(
        (b): Sequential(
          (0): Linear(in_features=300, out_features=128, bias=True)
          (1): Tanh()
        )
        (f): LSTM(600, 300, batch_first=True, bidirectional=True)
        (cri): MSELoss()
      )
      (ae): AE(
        (g): Sequential(
          (0): Linear(in_features=128, out_features=128, bias=True)
          (1): Tanh()
        )
        (h): Sequential(
          (0): Linear(in_features=128, out_features=128, bias=True)
        )
        (cri): MSELoss()
      )
    )
  )
)
layers.0.enc.b.0.weight 38400
layers.0.enc.b.0.bias 128
layers.0.enc.f.weight 9000000
layers.0.ae.g.0.weight 512
layers.0.ae.g.0.bias 128
layers.0.ae.h.0.weight 512
layers.0.ae.h.0.bias 4
layers.1.enc.b.0.weight 38400
layers.1.enc.b.0.bias 128
layers.1.enc.f.weight_ih_l0 360000
layers.1.enc.f.weight_hh_l0 360000
layers.1.enc.f.bias_ih_l0 1200
layers.1.enc.f.bias_hh_l0 1200
layers.1.enc.f.weight_ih_l0_reverse 360000
layers.1.enc.f.weight_hh_l0_reverse 360000
layers.1.enc.f.bias_ih_l0_reverse 1200
layers.1.enc.f.bias_hh_l0_reverse 1200
layers.1.ae.g.0.weight 16384
layers.1.ae.g.0.bias 128
layers.1.ae.h.0.weight 16384
layers.1.ae.h.0.bias 128
layers.2.enc.b.0.weight 38400
layers.2.enc.b.0.bias 128
layers.2.enc.f.weight_ih_l0 720000
layers.2.enc.f.weight_hh_l0 360000
layers.2.enc.f.bias_ih_l0 1200
layers.2.enc.f.bias_hh_l0 1200
layers.2.enc.f.weight_ih_l0_reverse 720000
layers.2.enc.f.weight_hh_l0_reverse 360000
layers.2.enc.f.bias_ih_l0_reverse 1200
layers.2.enc.f.bias_hh_l0_reverse 1200
layers.2.ae.g.0.weight 16384
layers.2.ae.g.0.bias 128
layers.2.ae.h.0.weight 16384
layers.2.ae.h.0.bias 128
layers.3.enc.b.0.weight 38400
layers.3.enc.b.0.bias 128
layers.3.enc.f.weight_ih_l0 720000
layers.3.enc.f.weight_hh_l0 360000
layers.3.enc.f.bias_ih_l0 1200
layers.3.enc.f.bias_hh_l0 1200
layers.3.enc.f.weight_ih_l0_reverse 720000
layers.3.enc.f.weight_hh_l0_reverse 360000
layers.3.enc.f.bias_ih_l0_reverse 1200
layers.3.enc.f.bias_hh_l0_reverse 1200
layers.3.ae.g.0.weight 16384
layers.3.ae.g.0.bias 128
layers.3.ae.h.0.weight 16384
layers.3.ae.h.0.bias 128
layers.4.enc.b.0.weight 38400
layers.4.enc.b.0.bias 128
layers.4.enc.f.weight_ih_l0 720000
layers.4.enc.f.weight_hh_l0 360000
layers.4.enc.f.bias_ih_l0 1200
layers.4.enc.f.bias_hh_l0 1200
layers.4.enc.f.weight_ih_l0_reverse 720000
layers.4.enc.f.weight_hh_l0_reverse 360000
layers.4.enc.f.bias_ih_l0_reverse 1200
layers.4.enc.f.bias_hh_l0_reverse 1200
layers.4.ae.g.0.weight 16384
layers.4.ae.g.0.bias 128
layers.4.ae.h.0.weight 16384
layers.4.ae.h.0.bias 128
Total Trainable Params: 17265092
Start Training
train_mask {0, 1}
gc 9
Train Epoch0 Acc 0.179375 (21525/120000), AUC 0.503873348236084
ep0_train_time 34.72299671173096
Test Epoch0 threshold 0.6 Acc 0.9157894736842105, AUC 0.9807983636856079, avg_entr 0.029024440795183182
ep0_t0.6_test_time 0.16216778755187988
Save ckpt to ckpt/ag_news_lstmal_l5adf_pad100_t0.6_m2//ag_news_lstmal_l5_prefix.pt  ,ep 0
gc 0
Train Epoch1 Acc 0.138425 (16611/120000), AUC 0.5187320709228516
ep1_train_time 33.98795700073242
Test Epoch1 threshold 0.6 Acc 0.9113486842105263, AUC 0.9807605147361755, avg_entr 0.027422970160841942
ep1_t0.6_test_time 0.16060996055603027
gc 0
Train Epoch2 Acc 0.117925 (14151/120000), AUC 0.5168792605400085
ep2_train_time 34.525978326797485
Test Epoch2 threshold 0.6 Acc 0.9157894736842105, AUC 0.9805620908737183, avg_entr 0.026819288730621338
ep2_t0.6_test_time 0.16064238548278809
gc 0
Train Epoch3 Acc 0.10643333333333334 (12772/120000), AUC 0.5140218138694763
ep3_train_time 34.18522620201111
Test Epoch3 threshold 0.6 Acc 0.9131578947368421, AUC 0.9800899624824524, avg_entr 0.026649335399270058
ep3_t0.6_test_time 0.170074462890625
gc 0
Train Epoch4 Acc 0.10106666666666667 (12128/120000), AUC 0.5074769258499146
ep4_train_time 34.47464656829834
Test Epoch4 threshold 0.6 Acc 0.9125, AUC 0.9799538850784302, avg_entr 0.0260871984064579
ep4_t0.6_test_time 0.16090822219848633
gc 0
Train Epoch5 Acc 0.07695833333333334 (9235/120000), AUC 0.5046931505203247
ep5_train_time 34.566282510757446
Test Epoch5 threshold 0.6 Acc 0.9138157894736842, AUC 0.979981541633606, avg_entr 0.02595495991408825
ep5_t0.6_test_time 0.1619880199432373
gc 0
Train Epoch6 Acc 0.08318333333333333 (9982/120000), AUC 0.5037444829940796
ep6_train_time 34.08257603645325
Test Epoch6 threshold 0.6 Acc 0.9120065789473685, AUC 0.9797373414039612, avg_entr 0.027242301031947136
ep6_t0.6_test_time 0.1605224609375
gc 0
Train Epoch7 Acc 0.07831666666666667 (9398/120000), AUC 0.5039233565330505
ep7_train_time 34.59980058670044
Test Epoch7 threshold 0.6 Acc 0.9129934210526316, AUC 0.9797391891479492, avg_entr 0.025985069572925568
ep7_t0.6_test_time 0.16054415702819824
gc 0
Train Epoch8 Acc 0.069125 (8295/120000), AUC 0.5048526525497437
ep8_train_time 34.1403694152832
Test Epoch8 threshold 0.6 Acc 0.9105263157894737, AUC 0.9795372486114502, avg_entr 0.025629783049225807
ep8_t0.6_test_time 0.16085004806518555
gc 0
Train Epoch9 Acc 0.06503333333333333 (7804/120000), AUC 0.5052582025527954
ep9_train_time 34.98216247558594
Test Epoch9 threshold 0.6 Acc 0.9108552631578948, AUC 0.9794113039970398, avg_entr 0.02644708752632141
ep9_t0.6_test_time 0.16344094276428223
Best AUC 0.9807983636856079
train_loss (2, 5, 10)
valid_acc (10, 1)
valid_AUC (10, 1)
train_acc (10,)
Figure(640x480)
Figure(640x480)
Figure(640x480)
Figure(640x480)
Figure(640x480)
Start Testing
Load ckpt at ckpt/ag_news_lstmal_l5adf_pad100_t0.6_m2//ag_news_lstmal_l5_prefix.pt
Test threshold 0.6 Acc 0.9256578947368421, AUC 0.9861248731613159, avg_entr 0.028927283361554146
t0.6_test_time 0.04120659828186035
