total count words 102019
vocab size 30000
found 26754 words in glove
Load ckpt from ckpt/ag_news_lstmal_l5adf_pad175_t0.4_m4//ag_news_lstmal_l5_prefix.pt
model: LSTMModelML(
  (layers): ModuleList(
    (0): EMBLayer(
      (enc): ENC(
        (b): Sequential(
          (0): Linear(in_features=300, out_features=128, bias=True)
          (1): Tanh()
        )
        (f): Embedding(30000, 300)
        (cri): MSELoss()
      )
      (ae): AE(
        (g): Sequential(
          (0): Linear(in_features=4, out_features=128, bias=True)
          (1): Tanh()
        )
        (h): Sequential(
          (0): Linear(in_features=128, out_features=4, bias=True)
          (1): Sigmoid()
        )
        (cri): CrossEntropyLoss()
      )
    )
    (1): LSTMLayer(
      (enc): ENC(
        (b): Sequential(
          (0): Linear(in_features=300, out_features=128, bias=True)
          (1): Tanh()
        )
        (f): LSTM(300, 300, batch_first=True, bidirectional=True)
        (cri): MSELoss()
      )
      (ae): AE(
        (g): Sequential(
          (0): Linear(in_features=128, out_features=128, bias=True)
          (1): Tanh()
        )
        (h): Sequential(
          (0): Linear(in_features=128, out_features=128, bias=True)
        )
        (cri): MSELoss()
      )
    )
    (2): LSTMLayer(
      (enc): ENC(
        (b): Sequential(
          (0): Linear(in_features=300, out_features=128, bias=True)
          (1): Tanh()
        )
        (f): LSTM(600, 300, batch_first=True, bidirectional=True)
        (cri): MSELoss()
      )
      (ae): AE(
        (g): Sequential(
          (0): Linear(in_features=128, out_features=128, bias=True)
          (1): Tanh()
        )
        (h): Sequential(
          (0): Linear(in_features=128, out_features=128, bias=True)
        )
        (cri): MSELoss()
      )
    )
    (3): LSTMLayer(
      (enc): ENC(
        (b): Sequential(
          (0): Linear(in_features=300, out_features=128, bias=True)
          (1): Tanh()
        )
        (f): LSTM(600, 300, batch_first=True, bidirectional=True)
        (cri): MSELoss()
      )
      (ae): AE(
        (g): Sequential(
          (0): Linear(in_features=128, out_features=128, bias=True)
          (1): Tanh()
        )
        (h): Sequential(
          (0): Linear(in_features=128, out_features=128, bias=True)
        )
        (cri): MSELoss()
      )
    )
    (4): LSTMLayer(
      (enc): ENC(
        (b): Sequential(
          (0): Linear(in_features=300, out_features=128, bias=True)
          (1): Tanh()
        )
        (f): LSTM(600, 300, batch_first=True, bidirectional=True)
        (cri): MSELoss()
      )
      (ae): AE(
        (g): Sequential(
          (0): Linear(in_features=128, out_features=128, bias=True)
          (1): Tanh()
        )
        (h): Sequential(
          (0): Linear(in_features=128, out_features=128, bias=True)
        )
        (cri): MSELoss()
      )
    )
  )
)
layers.0.enc.b.0.weight 38400
layers.0.enc.b.0.bias 128
layers.0.enc.f.weight 9000000
layers.0.ae.g.0.weight 512
layers.0.ae.g.0.bias 128
layers.0.ae.h.0.weight 512
layers.0.ae.h.0.bias 4
layers.1.enc.b.0.weight 38400
layers.1.enc.b.0.bias 128
layers.1.enc.f.weight_ih_l0 360000
layers.1.enc.f.weight_hh_l0 360000
layers.1.enc.f.bias_ih_l0 1200
layers.1.enc.f.bias_hh_l0 1200
layers.1.enc.f.weight_ih_l0_reverse 360000
layers.1.enc.f.weight_hh_l0_reverse 360000
layers.1.enc.f.bias_ih_l0_reverse 1200
layers.1.enc.f.bias_hh_l0_reverse 1200
layers.1.ae.g.0.weight 16384
layers.1.ae.g.0.bias 128
layers.1.ae.h.0.weight 16384
layers.1.ae.h.0.bias 128
layers.2.enc.b.0.weight 38400
layers.2.enc.b.0.bias 128
layers.2.enc.f.weight_ih_l0 720000
layers.2.enc.f.weight_hh_l0 360000
layers.2.enc.f.bias_ih_l0 1200
layers.2.enc.f.bias_hh_l0 1200
layers.2.enc.f.weight_ih_l0_reverse 720000
layers.2.enc.f.weight_hh_l0_reverse 360000
layers.2.enc.f.bias_ih_l0_reverse 1200
layers.2.enc.f.bias_hh_l0_reverse 1200
layers.2.ae.g.0.weight 16384
layers.2.ae.g.0.bias 128
layers.2.ae.h.0.weight 16384
layers.2.ae.h.0.bias 128
layers.3.enc.b.0.weight 38400
layers.3.enc.b.0.bias 128
layers.3.enc.f.weight_ih_l0 720000
layers.3.enc.f.weight_hh_l0 360000
layers.3.enc.f.bias_ih_l0 1200
layers.3.enc.f.bias_hh_l0 1200
layers.3.enc.f.weight_ih_l0_reverse 720000
layers.3.enc.f.weight_hh_l0_reverse 360000
layers.3.enc.f.bias_ih_l0_reverse 1200
layers.3.enc.f.bias_hh_l0_reverse 1200
layers.3.ae.g.0.weight 16384
layers.3.ae.g.0.bias 128
layers.3.ae.h.0.weight 16384
layers.3.ae.h.0.bias 128
layers.4.enc.b.0.weight 38400
layers.4.enc.b.0.bias 128
layers.4.enc.f.weight_ih_l0 720000
layers.4.enc.f.weight_hh_l0 360000
layers.4.enc.f.bias_ih_l0 1200
layers.4.enc.f.bias_hh_l0 1200
layers.4.enc.f.weight_ih_l0_reverse 720000
layers.4.enc.f.weight_hh_l0_reverse 360000
layers.4.enc.f.bias_ih_l0_reverse 1200
layers.4.enc.f.bias_hh_l0_reverse 1200
layers.4.ae.g.0.weight 16384
layers.4.ae.g.0.bias 128
layers.4.ae.h.0.weight 16384
layers.4.ae.h.0.bias 128
Total Trainable Params: 17265092
Start Training
train_mask {0, 1, 2, 3, 4}
gc 9
Train Epoch0 Acc 0.9208 (110496/120000), AUC 0.9857230186462402
ep0_train_time 88.27371954917908
Test Epoch0 threshold 0.4 Acc 0.9157894736842105, AUC 0.9805349111557007, avg_entr 0.025888878852128983
ep0_t0.4_test_time 0.2947232723236084
Save ckpt to ckpt/ag_news_lstmal_l5adf_pad175_t0.4_m5//ag_news_lstmal_l5_prefix.pt  ,ep 0
gc 0
Train Epoch1 Acc 0.957325 (114879/120000), AUC 0.9933874607086182
ep1_train_time 88.4104573726654
Test Epoch1 threshold 0.4 Acc 0.9164473684210527, AUC 0.9803557395935059, avg_entr 0.023974990472197533
ep1_t0.4_test_time 0.28487539291381836
gc 0
Train Epoch2 Acc 0.9593583333333333 (115123/120000), AUC 0.9937655925750732
ep2_train_time 88.48610925674438
Test Epoch2 threshold 0.4 Acc 0.9141447368421053, AUC 0.9802381992340088, avg_entr 0.024956097826361656
ep2_t0.4_test_time 0.2868175506591797
gc 0
Train Epoch3 Acc 0.9620333333333333 (115444/120000), AUC 0.9942349195480347
ep3_train_time 88.27514266967773
Test Epoch3 threshold 0.4 Acc 0.9129934210526316, AUC 0.9799964427947998, avg_entr 0.024133948609232903
ep3_t0.4_test_time 0.29407811164855957
gc 0
Train Epoch4 Acc 0.9642166666666667 (115706/120000), AUC 0.9944255352020264
ep4_train_time 88.4688367843628
Test Epoch4 threshold 0.4 Acc 0.9133223684210526, AUC 0.9798833131790161, avg_entr 0.023749662563204765
ep4_t0.4_test_time 0.29740476608276367
gc 0
Train Epoch5 Acc 0.9672583333333333 (116071/120000), AUC 0.995159387588501
ep5_train_time 88.36873984336853
Test Epoch5 threshold 0.4 Acc 0.9133223684210526, AUC 0.9799536466598511, avg_entr 0.025057142600417137
ep5_t0.4_test_time 0.2803316116333008
gc 0
Train Epoch6 Acc 0.968325 (116199/120000), AUC 0.9952995777130127
ep6_train_time 88.4262146949768
Test Epoch6 threshold 0.4 Acc 0.9123355263157895, AUC 0.9798358678817749, avg_entr 0.02508021891117096
ep6_t0.4_test_time 0.286790132522583
gc 0
Train Epoch7 Acc 0.9696083333333333 (116353/120000), AUC 0.9954026937484741
ep7_train_time 88.32925343513489
Test Epoch7 threshold 0.4 Acc 0.9131578947368421, AUC 0.9795646667480469, avg_entr 0.024133767932653427
ep7_t0.4_test_time 0.28704071044921875
gc 0
Train Epoch8 Acc 0.9705333333333334 (116464/120000), AUC 0.9954631924629211
ep8_train_time 88.34836840629578
Test Epoch8 threshold 0.4 Acc 0.9120065789473685, AUC 0.9794822931289673, avg_entr 0.02583538368344307
ep8_t0.4_test_time 0.2765347957611084
gc 0
Train Epoch9 Acc 0.972425 (116691/120000), AUC 0.9957090020179749
ep9_train_time 88.4088191986084
Test Epoch9 threshold 0.4 Acc 0.9125, AUC 0.9794515371322632, avg_entr 0.025100864470005035
ep9_t0.4_test_time 0.29157447814941406
Best AUC 0.9805349111557007
train_loss (2, 5, 10)
valid_acc (10, 1)
valid_AUC (10, 1)
train_acc (10,)
Figure(640x480)
Figure(640x480)
Figure(640x480)
Figure(640x480)
Figure(640x480)
Start Testing
Load ckpt at ckpt/ag_news_lstmal_l5adf_pad175_t0.4_m5//ag_news_lstmal_l5_prefix.pt
Test threshold 0.4 Acc 0.9263157894736842, AUC 0.9860007762908936, avg_entr 0.02266494370996952
t0.4_test_time 0.07797551155090332
