total count words 102019
vocab size 30000
found 26754 words in glove
Load ckpt from ckpt/ag_news_linearal_l5adp_pad175_t0.1_m2//ag_news_linearal_l5_prefix.pt
model: LinearModelML(
  (layers): ModuleList(
    (0): EMBLayer(
      (enc): ENC(
        (b): Sequential(
          (0): Linear(in_features=300, out_features=128, bias=True)
          (1): Tanh()
        )
        (f): Embedding(30000, 300)
        (cri): MSELoss()
      )
      (ae): AE(
        (g): Sequential(
          (0): Linear(in_features=4, out_features=128, bias=True)
          (1): Tanh()
        )
        (h): Sequential(
          (0): Linear(in_features=128, out_features=4, bias=True)
          (1): Sigmoid()
        )
        (cri): CrossEntropyLoss()
      )
    )
    (1): LinearLayer(
      (enc): ENC(
        (b): Sequential(
          (0): Linear(in_features=300, out_features=128, bias=True)
          (1): Tanh()
        )
        (f): Sequential(
          (0): Linear(in_features=300, out_features=300, bias=True)
          (1): ELU(alpha=1.0)
        )
        (cri): MSELoss()
      )
      (ae): AE(
        (g): Sequential(
          (0): Linear(in_features=128, out_features=128, bias=True)
          (1): Tanh()
        )
        (h): Sequential(
          (0): Linear(in_features=128, out_features=128, bias=True)
        )
        (cri): MSELoss()
      )
    )
    (2): LinearLayer(
      (enc): ENC(
        (b): Sequential(
          (0): Linear(in_features=300, out_features=128, bias=True)
          (1): Tanh()
        )
        (f): Sequential(
          (0): Linear(in_features=300, out_features=300, bias=True)
          (1): ELU(alpha=1.0)
        )
        (cri): MSELoss()
      )
      (ae): AE(
        (g): Sequential(
          (0): Linear(in_features=128, out_features=128, bias=True)
          (1): Tanh()
        )
        (h): Sequential(
          (0): Linear(in_features=128, out_features=128, bias=True)
        )
        (cri): MSELoss()
      )
    )
    (3): LinearLayer(
      (enc): ENC(
        (b): Sequential(
          (0): Linear(in_features=300, out_features=128, bias=True)
          (1): Tanh()
        )
        (f): Sequential(
          (0): Linear(in_features=300, out_features=300, bias=True)
          (1): ELU(alpha=1.0)
        )
        (cri): MSELoss()
      )
      (ae): AE(
        (g): Sequential(
          (0): Linear(in_features=128, out_features=128, bias=True)
          (1): Tanh()
        )
        (h): Sequential(
          (0): Linear(in_features=128, out_features=128, bias=True)
        )
        (cri): MSELoss()
      )
    )
    (4): LinearLayer(
      (enc): ENC(
        (b): Sequential(
          (0): Linear(in_features=300, out_features=128, bias=True)
          (1): Tanh()
        )
        (f): Sequential(
          (0): Linear(in_features=300, out_features=300, bias=True)
          (1): ELU(alpha=1.0)
        )
        (cri): MSELoss()
      )
      (ae): AE(
        (g): Sequential(
          (0): Linear(in_features=128, out_features=128, bias=True)
          (1): Tanh()
        )
        (h): Sequential(
          (0): Linear(in_features=128, out_features=128, bias=True)
        )
        (cri): MSELoss()
      )
    )
  )
)
layers.0.enc.b.0.weight 38400
layers.0.enc.b.0.bias 128
layers.0.enc.f.weight 9000000
layers.0.ae.g.0.weight 512
layers.0.ae.g.0.bias 128
layers.0.ae.h.0.weight 512
layers.0.ae.h.0.bias 4
layers.1.enc.b.0.weight 38400
layers.1.enc.b.0.bias 128
layers.1.enc.f.0.weight 90000
layers.1.enc.f.0.bias 300
layers.1.ae.g.0.weight 16384
layers.1.ae.g.0.bias 128
layers.1.ae.h.0.weight 16384
layers.1.ae.h.0.bias 128
layers.2.enc.b.0.weight 38400
layers.2.enc.b.0.bias 128
layers.2.enc.f.0.weight 90000
layers.2.enc.f.0.bias 300
layers.2.ae.g.0.weight 16384
layers.2.ae.g.0.bias 128
layers.2.ae.h.0.weight 16384
layers.2.ae.h.0.bias 128
layers.3.enc.b.0.weight 38400
layers.3.enc.b.0.bias 128
layers.3.enc.f.0.weight 90000
layers.3.enc.f.0.bias 300
layers.3.ae.g.0.weight 16384
layers.3.ae.g.0.bias 128
layers.3.ae.h.0.weight 16384
layers.3.ae.h.0.bias 128
layers.4.enc.b.0.weight 38400
layers.4.enc.b.0.bias 128
layers.4.enc.f.0.weight 90000
layers.4.enc.f.0.bias 300
layers.4.ae.g.0.weight 16384
layers.4.ae.g.0.bias 128
layers.4.ae.h.0.weight 16384
layers.4.ae.h.0.bias 128
Total Trainable Params: 9687092
Start Training
train_mask {0, 1, 2}
gc 9
Train Epoch0 Acc 0.22898333333333334 (27478/120000), AUC 0.6319071054458618
ep0_train_time 9.36459231376648
Test Epoch0 threshold 0.1 Acc 0.9144736842105263, AUC 0.9807470440864563, avg_entr 0.02615073323249817
ep0_t0.1_test_time 0.264981746673584
Save ckpt to ckpt/ag_news_linearal_l5adp_pad175_t0.1_m3//ag_news_linearal_l5_prefix.pt  ,ep 0
gc 0
Train Epoch1 Acc 0.21636666666666668 (25964/120000), AUC 0.563373863697052
ep1_train_time 8.954802751541138
Test Epoch1 threshold 0.1 Acc 0.9138157894736842, AUC 0.9808178544044495, avg_entr 0.024328000843524933
ep1_t0.1_test_time 0.2650582790374756
Save ckpt to ckpt/ag_news_linearal_l5adp_pad175_t0.1_m3//ag_news_linearal_l5_prefix.pt  ,ep 1
gc 0
Train Epoch2 Acc 0.23759166666666667 (28511/120000), AUC 0.46267563104629517
ep2_train_time 9.046000957489014
Test Epoch2 threshold 0.1 Acc 0.9157894736842105, AUC 0.9806407690048218, avg_entr 0.0251055546104908
ep2_t0.1_test_time 0.26452064514160156
gc 0
Train Epoch3 Acc 0.25355 (30426/120000), AUC 0.3906005024909973
ep3_train_time 9.028737306594849
Test Epoch3 threshold 0.1 Acc 0.9161184210526315, AUC 0.9805260300636292, avg_entr 0.024923022836446762
ep3_t0.1_test_time 0.2652242183685303
gc 0
Train Epoch4 Acc 0.286475 (34377/120000), AUC 0.44628965854644775
ep4_train_time 9.062312841415405
Test Epoch4 threshold 0.1 Acc 0.9148026315789474, AUC 0.9804506301879883, avg_entr 0.02360185794532299
ep4_t0.1_test_time 0.2665247917175293
gc 0
Train Epoch5 Acc 0.291475 (34977/120000), AUC 0.4626787602901459
ep5_train_time 8.994375944137573
Test Epoch5 threshold 0.1 Acc 0.915296052631579, AUC 0.980237603187561, avg_entr 0.022251078858971596
ep5_t0.1_test_time 0.26520657539367676
gc 0
Train Epoch6 Acc 0.205275 (24633/120000), AUC 0.4441518187522888
ep6_train_time 9.005185604095459
Test Epoch6 threshold 0.1 Acc 0.9125, AUC 0.9801369905471802, avg_entr 0.02353721112012863
ep6_t0.1_test_time 0.2662010192871094
gc 0
Train Epoch7 Acc 0.11019166666666666 (13223/120000), AUC 0.4198269844055176
ep7_train_time 8.988663673400879
Test Epoch7 threshold 0.1 Acc 0.9143092105263158, AUC 0.9801381826400757, avg_entr 0.02183380164206028
ep7_t0.1_test_time 0.26586008071899414
gc 0
Train Epoch8 Acc 0.06375833333333333 (7651/120000), AUC 0.40161335468292236
ep8_train_time 8.896814823150635
Test Epoch8 threshold 0.1 Acc 0.9129934210526316, AUC 0.9799376130104065, avg_entr 0.021428730338811874
ep8_t0.1_test_time 0.2659456729888916
gc 0
Train Epoch9 Acc 0.04488333333333333 (5386/120000), AUC 0.3932569921016693
ep9_train_time 8.974259853363037
Test Epoch9 threshold 0.1 Acc 0.9141447368421053, AUC 0.9799726009368896, avg_entr 0.020275399088859558
ep9_t0.1_test_time 0.2652745246887207
Best AUC 0.9808178544044495
train_loss (2, 5, 10)
valid_acc (10, 1)
valid_AUC (10, 1)
train_acc (10,)
Figure(640x480)
Figure(640x480)
Figure(640x480)
Figure(640x480)
Figure(640x480)
Start Testing
Load ckpt at ckpt/ag_news_linearal_l5adp_pad175_t0.1_m3//ag_news_linearal_l5_prefix.pt
Test threshold 0.1 Acc 0.9236842105263158, AUC 0.9861671924591064, avg_entr 0.02360183373093605
t0.1_test_time 0.06719708442687988
