total count words 102019
vocab size 30000
found 26754 words in glove
Load ckpt from ckpt/ag_news_lstmal_l5adp_pad175_t0.7_m3//ag_news_lstmal_l5_prefix.pt
model: LSTMModelML(
  (layers): ModuleList(
    (0): EMBLayer(
      (enc): ENC(
        (b): Sequential(
          (0): Linear(in_features=300, out_features=128, bias=True)
          (1): Tanh()
        )
        (f): Embedding(30000, 300)
        (cri): MSELoss()
      )
      (ae): AE(
        (g): Sequential(
          (0): Linear(in_features=4, out_features=128, bias=True)
          (1): Tanh()
        )
        (h): Sequential(
          (0): Linear(in_features=128, out_features=4, bias=True)
          (1): Sigmoid()
        )
        (cri): CrossEntropyLoss()
      )
    )
    (1): LSTMLayer(
      (enc): ENC(
        (b): Sequential(
          (0): Linear(in_features=300, out_features=128, bias=True)
          (1): Tanh()
        )
        (f): LSTM(300, 300, batch_first=True, bidirectional=True)
        (cri): MSELoss()
      )
      (ae): AE(
        (g): Sequential(
          (0): Linear(in_features=128, out_features=128, bias=True)
          (1): Tanh()
        )
        (h): Sequential(
          (0): Linear(in_features=128, out_features=128, bias=True)
        )
        (cri): MSELoss()
      )
    )
    (2): LSTMLayer(
      (enc): ENC(
        (b): Sequential(
          (0): Linear(in_features=300, out_features=128, bias=True)
          (1): Tanh()
        )
        (f): LSTM(600, 300, batch_first=True, bidirectional=True)
        (cri): MSELoss()
      )
      (ae): AE(
        (g): Sequential(
          (0): Linear(in_features=128, out_features=128, bias=True)
          (1): Tanh()
        )
        (h): Sequential(
          (0): Linear(in_features=128, out_features=128, bias=True)
        )
        (cri): MSELoss()
      )
    )
    (3): LSTMLayer(
      (enc): ENC(
        (b): Sequential(
          (0): Linear(in_features=300, out_features=128, bias=True)
          (1): Tanh()
        )
        (f): LSTM(600, 300, batch_first=True, bidirectional=True)
        (cri): MSELoss()
      )
      (ae): AE(
        (g): Sequential(
          (0): Linear(in_features=128, out_features=128, bias=True)
          (1): Tanh()
        )
        (h): Sequential(
          (0): Linear(in_features=128, out_features=128, bias=True)
        )
        (cri): MSELoss()
      )
    )
    (4): LSTMLayer(
      (enc): ENC(
        (b): Sequential(
          (0): Linear(in_features=300, out_features=128, bias=True)
          (1): Tanh()
        )
        (f): LSTM(600, 300, batch_first=True, bidirectional=True)
        (cri): MSELoss()
      )
      (ae): AE(
        (g): Sequential(
          (0): Linear(in_features=128, out_features=128, bias=True)
          (1): Tanh()
        )
        (h): Sequential(
          (0): Linear(in_features=128, out_features=128, bias=True)
        )
        (cri): MSELoss()
      )
    )
  )
)
layers.0.enc.b.0.weight 38400
layers.0.enc.b.0.bias 128
layers.0.enc.f.weight 9000000
layers.0.ae.g.0.weight 512
layers.0.ae.g.0.bias 128
layers.0.ae.h.0.weight 512
layers.0.ae.h.0.bias 4
layers.1.enc.b.0.weight 38400
layers.1.enc.b.0.bias 128
layers.1.enc.f.weight_ih_l0 360000
layers.1.enc.f.weight_hh_l0 360000
layers.1.enc.f.bias_ih_l0 1200
layers.1.enc.f.bias_hh_l0 1200
layers.1.enc.f.weight_ih_l0_reverse 360000
layers.1.enc.f.weight_hh_l0_reverse 360000
layers.1.enc.f.bias_ih_l0_reverse 1200
layers.1.enc.f.bias_hh_l0_reverse 1200
layers.1.ae.g.0.weight 16384
layers.1.ae.g.0.bias 128
layers.1.ae.h.0.weight 16384
layers.1.ae.h.0.bias 128
layers.2.enc.b.0.weight 38400
layers.2.enc.b.0.bias 128
layers.2.enc.f.weight_ih_l0 720000
layers.2.enc.f.weight_hh_l0 360000
layers.2.enc.f.bias_ih_l0 1200
layers.2.enc.f.bias_hh_l0 1200
layers.2.enc.f.weight_ih_l0_reverse 720000
layers.2.enc.f.weight_hh_l0_reverse 360000
layers.2.enc.f.bias_ih_l0_reverse 1200
layers.2.enc.f.bias_hh_l0_reverse 1200
layers.2.ae.g.0.weight 16384
layers.2.ae.g.0.bias 128
layers.2.ae.h.0.weight 16384
layers.2.ae.h.0.bias 128
layers.3.enc.b.0.weight 38400
layers.3.enc.b.0.bias 128
layers.3.enc.f.weight_ih_l0 720000
layers.3.enc.f.weight_hh_l0 360000
layers.3.enc.f.bias_ih_l0 1200
layers.3.enc.f.bias_hh_l0 1200
layers.3.enc.f.weight_ih_l0_reverse 720000
layers.3.enc.f.weight_hh_l0_reverse 360000
layers.3.enc.f.bias_ih_l0_reverse 1200
layers.3.enc.f.bias_hh_l0_reverse 1200
layers.3.ae.g.0.weight 16384
layers.3.ae.g.0.bias 128
layers.3.ae.h.0.weight 16384
layers.3.ae.h.0.bias 128
layers.4.enc.b.0.weight 38400
layers.4.enc.b.0.bias 128
layers.4.enc.f.weight_ih_l0 720000
layers.4.enc.f.weight_hh_l0 360000
layers.4.enc.f.bias_ih_l0 1200
layers.4.enc.f.bias_hh_l0 1200
layers.4.enc.f.weight_ih_l0_reverse 720000
layers.4.enc.f.weight_hh_l0_reverse 360000
layers.4.enc.f.bias_ih_l0_reverse 1200
layers.4.enc.f.bias_hh_l0_reverse 1200
layers.4.ae.g.0.weight 16384
layers.4.ae.g.0.bias 128
layers.4.ae.h.0.weight 16384
layers.4.ae.h.0.bias 128
Total Trainable Params: 17265092
Start Training
train_mask {0, 1, 2, 3}
gc 9
Train Epoch0 Acc 0.47526666666666667 (57032/120000), AUC 0.6735772490501404
ep0_train_time 77.37888646125793
Test Epoch0 threshold 0.7 Acc 0.9157894736842105, AUC 0.980744481086731, avg_entr 0.026234524324536324
ep0_t0.7_test_time 0.25415730476379395
Save ckpt to ckpt/ag_news_lstmal_l5adp_pad175_t0.7_m4//ag_news_lstmal_l5_prefix.pt  ,ep 0
gc 0
Train Epoch1 Acc 0.475775 (57093/120000), AUC 0.6751238107681274
ep1_train_time 77.5881724357605
Test Epoch1 threshold 0.7 Acc 0.9167763157894737, AUC 0.9805423617362976, avg_entr 0.025440678000450134
ep1_t0.7_test_time 0.2526285648345947
gc 0
Train Epoch2 Acc 0.4748 (56976/120000), AUC 0.6568619012832642
ep2_train_time 77.55730175971985
Test Epoch2 threshold 0.7 Acc 0.912828947368421, AUC 0.9804545640945435, avg_entr 0.02634187415242195
ep2_t0.7_test_time 0.2526223659515381
gc 0
Train Epoch3 Acc 0.4749583333333333 (56995/120000), AUC 0.6574808359146118
ep3_train_time 77.53994464874268
Test Epoch3 threshold 0.7 Acc 0.9123355263157895, AUC 0.9802626371383667, avg_entr 0.02539173886179924
ep3_t0.7_test_time 0.2529945373535156
gc 0
Train Epoch4 Acc 0.47455 (56946/120000), AUC 0.6581345796585083
ep4_train_time 77.52003884315491
Test Epoch4 threshold 0.7 Acc 0.9148026315789474, AUC 0.9801889657974243, avg_entr 0.025794742628932
ep4_t0.7_test_time 0.25333285331726074
gc 0
Train Epoch5 Acc 0.475675 (57081/120000), AUC 0.659099817276001
ep5_train_time 77.63343906402588
Test Epoch5 threshold 0.7 Acc 0.9151315789473684, AUC 0.9800444841384888, avg_entr 0.026426520198583603
ep5_t0.7_test_time 0.25281572341918945
gc 0
Train Epoch6 Acc 0.4762 (57144/120000), AUC 0.6593698263168335
ep6_train_time 77.54131889343262
Test Epoch6 threshold 0.7 Acc 0.9120065789473685, AUC 0.9798538684844971, avg_entr 0.02412029542028904
ep6_t0.7_test_time 0.2531003952026367
gc 0
Train Epoch7 Acc 0.47601666666666664 (57122/120000), AUC 0.6594226956367493
ep7_train_time 77.50492000579834
Test Epoch7 threshold 0.7 Acc 0.9133223684210526, AUC 0.9797373414039612, avg_entr 0.025713246315717697
ep7_t0.7_test_time 0.25379204750061035
gc 0
Train Epoch8 Acc 0.476775 (57213/120000), AUC 0.65964674949646
ep8_train_time 77.6419448852539
Test Epoch8 threshold 0.7 Acc 0.9126644736842106, AUC 0.9796534776687622, avg_entr 0.025434110313653946
ep8_t0.7_test_time 0.25356554985046387
gc 0
Train Epoch9 Acc 0.4775 (57300/120000), AUC 0.6595512628555298
ep9_train_time 77.56331944465637
Test Epoch9 threshold 0.7 Acc 0.9133223684210526, AUC 0.9796241521835327, avg_entr 0.02646787464618683
ep9_t0.7_test_time 0.25323009490966797
Best AUC 0.980744481086731
train_loss (2, 5, 10)
valid_acc (10, 1)
valid_AUC (10, 1)
train_acc (10,)
Figure(640x480)
Figure(640x480)
Figure(640x480)
Figure(640x480)
Figure(640x480)
Start Testing
Load ckpt at ckpt/ag_news_lstmal_l5adp_pad175_t0.7_m4//ag_news_lstmal_l5_prefix.pt
Test threshold 0.7 Acc 0.9217105263157894, AUC 0.9860089421272278, avg_entr 0.026041680946946144
t0.7_test_time 0.06346583366394043
