total count words 222751
vocab size 30000
found 27937 words in glove
Start Training
gc 0
Train Epoch0 Acc 0.502675 (20107/40000), AUC 0.508795976638794
Test Epoch0 layer0 Acc 0.8084, AUC 0.8906927704811096
Save ckpt to ./ckpt/mask1//imdb/imdb_lstmal_l10_m1.pt  ,ep 0
Test Epoch0 layer1 Acc 0.4978, AUC 0.4815853238105774
Test Epoch0 layer2 Acc 0.4983, AUC 0.501624345779419
Test Epoch0 layer3 Acc 0.5017, AUC 0.49863359332084656
Test Epoch0 layer4 Acc 0.4977, AUC 0.4930424988269806
Test Epoch0 layer5 Acc 0.4977, AUC 0.4815506339073181
Test Epoch0 layer6 Acc 0.4977, AUC 0.5175548791885376
Test Epoch0 layer7 Acc 0.4977, AUC 0.49213075637817383
Test Epoch0 layer8 Acc 0.4977, AUC 0.5297638177871704
Test Epoch0 layer9 Acc 0.4977, AUC 0.5869669914245605
gc 0
Train Epoch1 Acc 0.500575 (20023/40000), AUC 0.5464401245117188
Test Epoch1 layer0 Acc 0.8385, AUC 0.9193339347839355
Save ckpt to ./ckpt/mask1//imdb/imdb_lstmal_l10_m1.pt  ,ep 1
Test Epoch1 layer1 Acc 0.4978, AUC 0.4810253977775574
Test Epoch1 layer2 Acc 0.4982, AUC 0.5101908445358276
Test Epoch1 layer3 Acc 0.5017, AUC 0.4983329176902771
Test Epoch1 layer4 Acc 0.4977, AUC 0.4958283305168152
Test Epoch1 layer5 Acc 0.4977, AUC 0.4768981635570526
Test Epoch1 layer6 Acc 0.4977, AUC 0.5084627270698547
Test Epoch1 layer7 Acc 0.4977, AUC 0.49073326587677
Test Epoch1 layer8 Acc 0.4977, AUC 0.5516787171363831
Test Epoch1 layer9 Acc 0.4977, AUC 0.6129783391952515
gc 0
Train Epoch2 Acc 0.500575 (20023/40000), AUC 0.5840975046157837
Test Epoch2 layer0 Acc 0.8449, AUC 0.9230701923370361
Save ckpt to ./ckpt/mask1//imdb/imdb_lstmal_l10_m1.pt  ,ep 2
Test Epoch2 layer1 Acc 0.4978, AUC 0.4840383529663086
Test Epoch2 layer2 Acc 0.4983, AUC 0.5121676921844482
Test Epoch2 layer3 Acc 0.5038, AUC 0.4997709393501282
Test Epoch2 layer4 Acc 0.4977, AUC 0.4996894598007202
Test Epoch2 layer5 Acc 0.4977, AUC 0.47923052310943604
Test Epoch2 layer6 Acc 0.4977, AUC 0.5075068473815918
Test Epoch2 layer7 Acc 0.4977, AUC 0.48914045095443726
Test Epoch2 layer8 Acc 0.4977, AUC 0.549403965473175
Test Epoch2 layer9 Acc 0.4977, AUC 0.6087245941162109
gc 0
Train Epoch3 Acc 0.500575 (20023/40000), AUC 0.5991095304489136
Test Epoch3 layer0 Acc 0.8445, AUC 0.9216970205307007
Test Epoch3 layer1 Acc 0.4978, AUC 0.4860716760158539
Test Epoch3 layer2 Acc 0.4981, AUC 0.5121433138847351
Test Epoch3 layer3 Acc 0.5021, AUC 0.5013036131858826
Test Epoch3 layer4 Acc 0.4977, AUC 0.501605749130249
Test Epoch3 layer5 Acc 0.4977, AUC 0.4817273020744324
Test Epoch3 layer6 Acc 0.4977, AUC 0.5087379813194275
Test Epoch3 layer7 Acc 0.4977, AUC 0.488829106092453
Test Epoch3 layer8 Acc 0.4977, AUC 0.5468058586120605
Test Epoch3 layer9 Acc 0.4977, AUC 0.602377712726593
gc 0
Train Epoch4 Acc 0.500575 (20023/40000), AUC 0.5991134643554688
Test Epoch4 layer0 Acc 0.842, AUC 0.9183387160301208
Test Epoch4 layer1 Acc 0.4978, AUC 0.48813363909721375
Test Epoch4 layer2 Acc 0.4982, AUC 0.5108845233917236
Test Epoch4 layer3 Acc 0.5035, AUC 0.5029152035713196
Test Epoch4 layer4 Acc 0.4977, AUC 0.5028781890869141
Test Epoch4 layer5 Acc 0.4977, AUC 0.4841712415218353
Test Epoch4 layer6 Acc 0.4977, AUC 0.5118311643600464
Test Epoch4 layer7 Acc 0.4977, AUC 0.4889708161354065
Test Epoch4 layer8 Acc 0.4977, AUC 0.5431380271911621
Test Epoch4 layer9 Acc 0.4977, AUC 0.5935369729995728
gc 0
Train Epoch5 Acc 0.500575 (20023/40000), AUC 0.5965131521224976
Test Epoch5 layer0 Acc 0.835, AUC 0.9135122299194336
Test Epoch5 layer1 Acc 0.4978, AUC 0.48933881521224976
Test Epoch5 layer2 Acc 0.4981, AUC 0.5103507041931152
Test Epoch5 layer3 Acc 0.5049, AUC 0.5040880441665649
Test Epoch5 layer4 Acc 0.4977, AUC 0.5043309926986694
Test Epoch5 layer5 Acc 0.4977, AUC 0.48535674810409546
Test Epoch5 layer6 Acc 0.4977, AUC 0.5147444009780884
Test Epoch5 layer7 Acc 0.4977, AUC 0.488443523645401
Test Epoch5 layer8 Acc 0.4977, AUC 0.5399243235588074
Test Epoch5 layer9 Acc 0.4977, AUC 0.5869940519332886
gc 0
Train Epoch6 Acc 0.500575 (20023/40000), AUC 0.5949033498764038
Test Epoch6 layer0 Acc 0.8321, AUC 0.908234715461731
Test Epoch6 layer1 Acc 0.4978, AUC 0.49080294370651245
Test Epoch6 layer2 Acc 0.4982, AUC 0.5089555978775024
Test Epoch6 layer3 Acc 0.5059, AUC 0.5052310228347778
Test Epoch6 layer4 Acc 0.4977, AUC 0.5048644542694092
Test Epoch6 layer5 Acc 0.4977, AUC 0.48665982484817505
Test Epoch6 layer6 Acc 0.4977, AUC 0.5176530480384827
Test Epoch6 layer7 Acc 0.4977, AUC 0.48922914266586304
Test Epoch6 layer8 Acc 0.4977, AUC 0.5377311110496521
Test Epoch6 layer9 Acc 0.4977, AUC 0.5796312093734741
gc 0
Train Epoch7 Acc 0.500575 (20023/40000), AUC 0.5936260223388672
Test Epoch7 layer0 Acc 0.829, AUC 0.9060033559799194
Test Epoch7 layer1 Acc 0.4978, AUC 0.4913232922554016
Test Epoch7 layer2 Acc 0.4983, AUC 0.508211612701416
Test Epoch7 layer3 Acc 0.5067, AUC 0.5056969523429871
Test Epoch7 layer4 Acc 0.4977, AUC 0.5051870346069336
Test Epoch7 layer5 Acc 0.4977, AUC 0.4873356819152832
Test Epoch7 layer6 Acc 0.4977, AUC 0.518696665763855
Test Epoch7 layer7 Acc 0.4977, AUC 0.48929524421691895
Test Epoch7 layer8 Acc 0.4977, AUC 0.5366243124008179
Test Epoch7 layer9 Acc 0.4977, AUC 0.5772132873535156
gc 0
Train Epoch8 Acc 0.500575 (20023/40000), AUC 0.5908607244491577
Test Epoch8 layer0 Acc 0.8269, AUC 0.9031928777694702
Test Epoch8 layer1 Acc 0.4978, AUC 0.4917079210281372
Test Epoch8 layer2 Acc 0.498, AUC 0.507820725440979
Test Epoch8 layer3 Acc 0.5068, AUC 0.5060793161392212
Test Epoch8 layer4 Acc 0.4977, AUC 0.5055979490280151
Test Epoch8 layer5 Acc 0.4977, AUC 0.48775118589401245
Test Epoch8 layer6 Acc 0.4977, AUC 0.5196583867073059
Test Epoch8 layer7 Acc 0.4977, AUC 0.4892319142818451
Test Epoch8 layer8 Acc 0.4977, AUC 0.5356802940368652
Test Epoch8 layer9 Acc 0.4977, AUC 0.574764609336853
gc 0
Train Epoch9 Acc 0.500575 (20023/40000), AUC 0.5883921980857849
Test Epoch9 layer0 Acc 0.8235, AUC 0.9007033109664917
Test Epoch9 layer1 Acc 0.4978, AUC 0.4921787977218628
Test Epoch9 layer2 Acc 0.498, AUC 0.5070330500602722
Test Epoch9 layer3 Acc 0.5081, AUC 0.5065776109695435
Test Epoch9 layer4 Acc 0.4977, AUC 0.5058524012565613
Test Epoch9 layer5 Acc 0.4977, AUC 0.4884381890296936
Test Epoch9 layer6 Acc 0.4977, AUC 0.5208971500396729
Test Epoch9 layer7 Acc 0.4977, AUC 0.48951780796051025
Test Epoch9 layer8 Acc 0.4977, AUC 0.5350388884544373
Test Epoch9 layer9 Acc 0.4977, AUC 0.572331964969635
Best AUC 0.9230701923370361
train_loss (2, 10, 10)
valid_acc (10, 10)
valid_AUC (10, 10)
train_acc (10,)
Figure(640x480)
Figure(640x480)
Figure(640x480)
Figure(640x480)
Start Testing
Load ckpt at ./ckpt/mask1//imdb/imdb_lstmal_l10_m1.pt
[[4426  597]
 [ 954 4023]]
Figure(640x480)
[[   2 5021]
 [   1 4976]]
Figure(640x480)
[[  25 4998]
 [  19 4958]]
Figure(640x480)
[[4912  111]
 [4851  126]]
Figure(640x480)
[[   0 5023]
 [   0 4977]]
Figure(640x480)
[[   0 5023]
 [   0 4977]]
Figure(640x480)
[[   0 5023]
 [   0 4977]]
Figure(640x480)
[[   0 5023]
 [   0 4977]]
Figure(640x480)
[[   0 5023]
 [   0 4977]]
Figure(640x480)
[[   0 5023]
 [   0 4977]]
Figure(640x480)
