total count words 102019
vocab size 30000
found 26754 words in glove
Start Training
gc 0
Train Epoch0 Acc 0.25055 (30066/120000), AUC 0.5012834668159485
Test Epoch0 layer0 Acc 0.5118421052631579, AUC 0.7481650114059448
Save ckpt to ckpt/ag_news_lstmalside_l5_side100//ag_news_lstmalside_l5_side.pt  ,ep 0
Test Epoch0 layer1 Acc 0.37276315789473685, AUC 0.633687436580658
Test Epoch0 layer2 Acc 0.28407894736842104, AUC 0.54929518699646
Test Epoch0 layer3 Acc 0.2831578947368421, AUC 0.5260271430015564
Test Epoch0 layer4 Acc 0.24986842105263157, AUC 0.5105262398719788
gc 0
Train Epoch1 Acc 0.2638666666666667 (31664/120000), AUC 0.5153763294219971
Test Epoch1 layer0 Acc 0.7051315789473684, AUC 0.8901985883712769
Save ckpt to ckpt/ag_news_lstmalside_l5_side100//ag_news_lstmalside_l5_side.pt  ,ep 1
Test Epoch1 layer1 Acc 0.6944736842105264, AUC 0.896353006362915
Save ckpt to ckpt/ag_news_lstmalside_l5_side100//ag_news_lstmalside_l5_side.pt  ,ep 1
Test Epoch1 layer2 Acc 0.6123684210526316, AUC 0.8766195178031921
Test Epoch1 layer3 Acc 0.6292105263157894, AUC 0.848413348197937
Test Epoch1 layer4 Acc 0.4131578947368421, AUC 0.6553046107292175
gc 0
Train Epoch2 Acc 0.4645416666666667 (55745/120000), AUC 0.7131354808807373
Test Epoch2 layer0 Acc 0.7618421052631579, AUC 0.9208592772483826
Save ckpt to ckpt/ag_news_lstmalside_l5_side100//ag_news_lstmalside_l5_side.pt  ,ep 2
Test Epoch2 layer1 Acc 0.7613157894736842, AUC 0.9304765462875366
Save ckpt to ckpt/ag_news_lstmalside_l5_side100//ag_news_lstmalside_l5_side.pt  ,ep 2
Test Epoch2 layer2 Acc 0.7476315789473684, AUC 0.9310988783836365
Save ckpt to ckpt/ag_news_lstmalside_l5_side100//ag_news_lstmalside_l5_side.pt  ,ep 2
Test Epoch2 layer3 Acc 0.720657894736842, AUC 0.9304674863815308
Test Epoch2 layer4 Acc 0.6663157894736842, AUC 0.9158533811569214
gc 0
Train Epoch3 Acc 0.6864333333333333 (82372/120000), AUC 0.8696862459182739
Test Epoch3 layer0 Acc 0.7868421052631579, AUC 0.9333813190460205
Save ckpt to ckpt/ag_news_lstmalside_l5_side100//ag_news_lstmalside_l5_side.pt  ,ep 3
Test Epoch3 layer1 Acc 0.7718421052631579, AUC 0.940771758556366
Save ckpt to ckpt/ag_news_lstmalside_l5_side100//ag_news_lstmalside_l5_side.pt  ,ep 3
Test Epoch3 layer2 Acc 0.7436842105263158, AUC 0.9418420195579529
Save ckpt to ckpt/ag_news_lstmalside_l5_side100//ag_news_lstmalside_l5_side.pt  ,ep 3
Test Epoch3 layer3 Acc 0.7064473684210526, AUC 0.9411561489105225
Test Epoch3 layer4 Acc 0.6798684210526316, AUC 0.9413917064666748
gc 0
Train Epoch4 Acc 0.7455083333333333 (89461/120000), AUC 0.903879702091217
Test Epoch4 layer0 Acc 0.8064473684210526, AUC 0.9403824210166931
Test Epoch4 layer1 Acc 0.8122368421052631, AUC 0.9465196132659912
Save ckpt to ckpt/ag_news_lstmalside_l5_side100//ag_news_lstmalside_l5_side.pt  ,ep 4
Test Epoch4 layer2 Acc 0.8086842105263158, AUC 0.9472505450248718
Save ckpt to ckpt/ag_news_lstmalside_l5_side100//ag_news_lstmalside_l5_side.pt  ,ep 4
Test Epoch4 layer3 Acc 0.8044736842105263, AUC 0.9469170570373535
Test Epoch4 layer4 Acc 0.7884210526315789, AUC 0.9476349353790283
Save ckpt to ckpt/ag_news_lstmalside_l5_side100//ag_news_lstmalside_l5_side.pt  ,ep 4
gc 0
Train Epoch5 Acc 0.7966 (95592/120000), AUC 0.9330407381057739
Test Epoch5 layer0 Acc 0.8176315789473684, AUC 0.9449859857559204
Test Epoch5 layer1 Acc 0.8268421052631579, AUC 0.9506571888923645
Save ckpt to ckpt/ag_news_lstmalside_l5_side100//ag_news_lstmalside_l5_side.pt  ,ep 5
Test Epoch5 layer2 Acc 0.8288157894736842, AUC 0.9523493647575378
Save ckpt to ckpt/ag_news_lstmalside_l5_side100//ag_news_lstmalside_l5_side.pt  ,ep 5
Test Epoch5 layer3 Acc 0.8252631578947368, AUC 0.9532884359359741
Save ckpt to ckpt/ag_news_lstmalside_l5_side100//ag_news_lstmalside_l5_side.pt  ,ep 5
Test Epoch5 layer4 Acc 0.8236842105263158, AUC 0.9530293941497803
gc 0
Train Epoch6 Acc 0.8286416666666667 (99437/120000), AUC 0.9466522932052612
Test Epoch6 layer0 Acc 0.8230263157894737, AUC 0.9489833116531372
Test Epoch6 layer1 Acc 0.8286842105263158, AUC 0.9541736841201782
Save ckpt to ckpt/ag_news_lstmalside_l5_side100//ag_news_lstmalside_l5_side.pt  ,ep 6
Test Epoch6 layer2 Acc 0.8315789473684211, AUC 0.9555048942565918
Save ckpt to ckpt/ag_news_lstmalside_l5_side100//ag_news_lstmalside_l5_side.pt  ,ep 6
Test Epoch6 layer3 Acc 0.8297368421052631, AUC 0.9541999101638794
Test Epoch6 layer4 Acc 0.8314473684210526, AUC 0.953812837600708
gc 0
Train Epoch7 Acc 0.8452916666666667 (101435/120000), AUC 0.9528347849845886
Test Epoch7 layer0 Acc 0.8357894736842105, AUC 0.9514750838279724
Test Epoch7 layer1 Acc 0.8413157894736842, AUC 0.9571028351783752
Save ckpt to ckpt/ag_news_lstmalside_l5_side100//ag_news_lstmalside_l5_side.pt  ,ep 7
Test Epoch7 layer2 Acc 0.8419736842105263, AUC 0.9562486410140991
Test Epoch7 layer3 Acc 0.84, AUC 0.9540526866912842
Test Epoch7 layer4 Acc 0.8389473684210527, AUC 0.9558737277984619
gc 0
Train Epoch8 Acc 0.8568166666666667 (102818/120000), AUC 0.9580530524253845
Test Epoch8 layer0 Acc 0.8381578947368421, AUC 0.9536106586456299
Test Epoch8 layer1 Acc 0.8460526315789474, AUC 0.959173858165741
Save ckpt to ckpt/ag_news_lstmalside_l5_side100//ag_news_lstmalside_l5_side.pt  ,ep 8
Test Epoch8 layer2 Acc 0.8492105263157895, AUC 0.9580001831054688
Test Epoch8 layer3 Acc 0.848421052631579, AUC 0.9560413360595703
Test Epoch8 layer4 Acc 0.8472368421052632, AUC 0.9610580205917358
Save ckpt to ckpt/ag_news_lstmalside_l5_side100//ag_news_lstmalside_l5_side.pt  ,ep 8
gc 0
Train Epoch9 Acc 0.8647833333333333 (103774/120000), AUC 0.9618112444877625
Test Epoch9 layer0 Acc 0.8397368421052631, AUC 0.9552875757217407
Test Epoch9 layer1 Acc 0.849078947368421, AUC 0.9600448608398438
Test Epoch9 layer2 Acc 0.8505263157894737, AUC 0.9586954116821289
Test Epoch9 layer3 Acc 0.85, AUC 0.9595508575439453
Test Epoch9 layer4 Acc 0.8464473684210526, AUC 0.9586063027381897
gc 0
Train Epoch10 Acc 0.8722166666666666 (104666/120000), AUC 0.9652894139289856
Test Epoch10 layer0 Acc 0.8406578947368422, AUC 0.9571624398231506
Test Epoch10 layer1 Acc 0.8511842105263158, AUC 0.9620895981788635
Save ckpt to ckpt/ag_news_lstmalside_l5_side100//ag_news_lstmalside_l5_side.pt  ,ep 10
Test Epoch10 layer2 Acc 0.8525, AUC 0.9606295824050903
Test Epoch10 layer3 Acc 0.8496052631578948, AUC 0.9599512815475464
Test Epoch10 layer4 Acc 0.8442105263157895, AUC 0.9578891396522522
gc 0
Train Epoch11 Acc 0.8767083333333333 (105205/120000), AUC 0.9675107598304749
Test Epoch11 layer0 Acc 0.849078947368421, AUC 0.958597719669342
Test Epoch11 layer1 Acc 0.8598684210526316, AUC 0.9636894464492798
Save ckpt to ckpt/ag_news_lstmalside_l5_side100//ag_news_lstmalside_l5_side.pt  ,ep 11
Test Epoch11 layer2 Acc 0.8623684210526316, AUC 0.9628351926803589
Test Epoch11 layer3 Acc 0.8610526315789474, AUC 0.9637073278427124
Save ckpt to ckpt/ag_news_lstmalside_l5_side100//ag_news_lstmalside_l5_side.pt  ,ep 11
Test Epoch11 layer4 Acc 0.8605263157894737, AUC 0.9628057479858398
gc 0
Train Epoch12 Acc 0.8821333333333333 (105856/120000), AUC 0.9700239896774292
Test Epoch12 layer0 Acc 0.8519736842105263, AUC 0.9603242874145508
Test Epoch12 layer1 Acc 0.8618421052631579, AUC 0.9640737771987915
Save ckpt to ckpt/ag_news_lstmalside_l5_side100//ag_news_lstmalside_l5_side.pt  ,ep 12
Test Epoch12 layer2 Acc 0.8632894736842105, AUC 0.9633728265762329
Test Epoch12 layer3 Acc 0.8626315789473684, AUC 0.9650917053222656
Save ckpt to ckpt/ag_news_lstmalside_l5_side100//ag_news_lstmalside_l5_side.pt  ,ep 12
Test Epoch12 layer4 Acc 0.8603947368421052, AUC 0.961167573928833
gc 0
Train Epoch13 Acc 0.8874083333333334 (106489/120000), AUC 0.9720135927200317
Test Epoch13 layer0 Acc 0.8546052631578948, AUC 0.9608469605445862
Test Epoch13 layer1 Acc 0.8652631578947368, AUC 0.9650616645812988
Test Epoch13 layer2 Acc 0.8653947368421052, AUC 0.9635411500930786
Test Epoch13 layer3 Acc 0.8653947368421052, AUC 0.9656966328620911
Save ckpt to ckpt/ag_news_lstmalside_l5_side100//ag_news_lstmalside_l5_side.pt  ,ep 13
Test Epoch13 layer4 Acc 0.8668421052631579, AUC 0.9637930989265442
gc 0
Train Epoch14 Acc 0.89275 (107130/120000), AUC 0.9742172360420227
Test Epoch14 layer0 Acc 0.8575, AUC 0.9620062708854675
Test Epoch14 layer1 Acc 0.8655263157894737, AUC 0.9655174016952515
Test Epoch14 layer2 Acc 0.8661842105263158, AUC 0.9648141860961914
Test Epoch14 layer3 Acc 0.8660526315789474, AUC 0.9650993347167969
Test Epoch14 layer4 Acc 0.8652631578947368, AUC 0.9651276469230652
gc 0
Train Epoch15 Acc 0.8972833333333333 (107674/120000), AUC 0.9748280048370361
Test Epoch15 layer0 Acc 0.8602631578947368, AUC 0.9629196524620056
Test Epoch15 layer1 Acc 0.8669736842105263, AUC 0.9663100242614746
Save ckpt to ckpt/ag_news_lstmalside_l5_side100//ag_news_lstmalside_l5_side.pt  ,ep 15
Test Epoch15 layer2 Acc 0.8673684210526316, AUC 0.9656537771224976
Test Epoch15 layer3 Acc 0.8678947368421053, AUC 0.9663926362991333
Save ckpt to ckpt/ag_news_lstmalside_l5_side100//ag_news_lstmalside_l5_side.pt  ,ep 15
Test Epoch15 layer4 Acc 0.8663157894736843, AUC 0.966181755065918
gc 0
Train Epoch16 Acc 0.9015083333333334 (108181/120000), AUC 0.976240336894989
Test Epoch16 layer0 Acc 0.8628947368421053, AUC 0.9637733697891235
Test Epoch16 layer1 Acc 0.8680263157894736, AUC 0.9675458669662476
Save ckpt to ckpt/ag_news_lstmalside_l5_side100//ag_news_lstmalside_l5_side.pt  ,ep 16
Test Epoch16 layer2 Acc 0.8657894736842106, AUC 0.9665238857269287
Test Epoch16 layer3 Acc 0.8642105263157894, AUC 0.9673787355422974
Test Epoch16 layer4 Acc 0.863421052631579, AUC 0.9648891687393188
gc 0
Train Epoch17 Acc 0.9070666666666667 (108848/120000), AUC 0.9781571626663208
Test Epoch17 layer0 Acc 0.8626315789473684, AUC 0.9638423919677734
Test Epoch17 layer1 Acc 0.8717105263157895, AUC 0.9679614901542664
Save ckpt to ckpt/ag_news_lstmalside_l5_side100//ag_news_lstmalside_l5_side.pt  ,ep 17
Test Epoch17 layer2 Acc 0.8706578947368421, AUC 0.9685177803039551
Save ckpt to ckpt/ag_news_lstmalside_l5_side100//ag_news_lstmalside_l5_side.pt  ,ep 17
Test Epoch17 layer3 Acc 0.8701315789473684, AUC 0.9683244228363037
Test Epoch17 layer4 Acc 0.8703947368421052, AUC 0.9665135145187378
gc 0
Train Epoch18 Acc 0.9097 (109164/120000), AUC 0.9794229865074158
Test Epoch18 layer0 Acc 0.8640789473684211, AUC 0.9642417430877686
Test Epoch18 layer1 Acc 0.8747368421052631, AUC 0.9668025970458984
Test Epoch18 layer2 Acc 0.8728947368421053, AUC 0.9660534262657166
Test Epoch18 layer3 Acc 0.8728947368421053, AUC 0.9672501087188721
Test Epoch18 layer4 Acc 0.8726315789473684, AUC 0.9665189385414124
gc 0
Train Epoch19 Acc 0.9144166666666667 (109730/120000), AUC 0.9807792901992798
Test Epoch19 layer0 Acc 0.8675, AUC 0.9649556279182434
Test Epoch19 layer1 Acc 0.8769736842105263, AUC 0.9686826467514038
Save ckpt to ckpt/ag_news_lstmalside_l5_side100//ag_news_lstmalside_l5_side.pt  ,ep 19
Test Epoch19 layer2 Acc 0.8777631578947368, AUC 0.9681724309921265
Test Epoch19 layer3 Acc 0.8786842105263157, AUC 0.9694023132324219
Save ckpt to ckpt/ag_news_lstmalside_l5_side100//ag_news_lstmalside_l5_side.pt  ,ep 19
Test Epoch19 layer4 Acc 0.8786842105263157, AUC 0.9684129357337952
gc 0
Train Epoch20 Acc 0.9175916666666667 (110111/120000), AUC 0.981769859790802
Test Epoch20 layer0 Acc 0.8653947368421052, AUC 0.9653284549713135
Test Epoch20 layer1 Acc 0.8735526315789474, AUC 0.9677061438560486
Test Epoch20 layer2 Acc 0.8748684210526316, AUC 0.9675887823104858
Test Epoch20 layer3 Acc 0.8746052631578948, AUC 0.9688646793365479
Test Epoch20 layer4 Acc 0.8746052631578948, AUC 0.9680092930793762
gc 0
Train Epoch21 Acc 0.9212166666666667 (110546/120000), AUC 0.9827427864074707
Test Epoch21 layer0 Acc 0.8663157894736843, AUC 0.9651603102684021
Test Epoch21 layer1 Acc 0.875, AUC 0.9687447547912598
Test Epoch21 layer2 Acc 0.8719736842105263, AUC 0.9679356217384338
Test Epoch21 layer3 Acc 0.8728947368421053, AUC 0.9678410291671753
Test Epoch21 layer4 Acc 0.873421052631579, AUC 0.9676316380500793
gc 0
Train Epoch22 Acc 0.9248333333333333 (110980/120000), AUC 0.9839135408401489
Test Epoch22 layer0 Acc 0.8685526315789474, AUC 0.9658504128456116
Test Epoch22 layer1 Acc 0.8781578947368421, AUC 0.9679336547851562
Test Epoch22 layer2 Acc 0.8769736842105263, AUC 0.9676467180252075
Test Epoch22 layer3 Acc 0.8771052631578947, AUC 0.9691033959388733
Test Epoch22 layer4 Acc 0.8777631578947368, AUC 0.9685271978378296
gc 0
Train Epoch23 Acc 0.9282 (111384/120000), AUC 0.9846882820129395
Test Epoch23 layer0 Acc 0.8678947368421053, AUC 0.9658661484718323
Test Epoch23 layer1 Acc 0.8755263157894737, AUC 0.9661517143249512
Test Epoch23 layer2 Acc 0.8757894736842106, AUC 0.9673575758934021
Test Epoch23 layer3 Acc 0.8757894736842106, AUC 0.9668397903442383
Test Epoch23 layer4 Acc 0.8756578947368421, AUC 0.9602575302124023
gc 0
Train Epoch24 Acc 0.9312166666666667 (111746/120000), AUC 0.9862850308418274
Test Epoch24 layer0 Acc 0.8717105263157895, AUC 0.9662913680076599
Test Epoch24 layer1 Acc 0.8793421052631579, AUC 0.9690348505973816
Test Epoch24 layer2 Acc 0.8785526315789474, AUC 0.9682502150535583
Test Epoch24 layer3 Acc 0.8797368421052632, AUC 0.9701389074325562
Save ckpt to ckpt/ag_news_lstmalside_l5_side100//ag_news_lstmalside_l5_side.pt  ,ep 24
Test Epoch24 layer4 Acc 0.8797368421052632, AUC 0.966568648815155
gc 0
Train Epoch25 Acc 0.9347583333333334 (112171/120000), AUC 0.9870394468307495
Test Epoch25 layer0 Acc 0.8706578947368421, AUC 0.9664721488952637
Test Epoch25 layer1 Acc 0.878421052631579, AUC 0.9676230549812317
Test Epoch25 layer2 Acc 0.8786842105263157, AUC 0.9685071706771851
Test Epoch25 layer3 Acc 0.8776315789473684, AUC 0.9685077667236328
Test Epoch25 layer4 Acc 0.8769736842105263, AUC 0.9640836715698242
gc 0
Train Epoch26 Acc 0.9364083333333333 (112369/120000), AUC 0.9877699017524719
Test Epoch26 layer0 Acc 0.8669736842105263, AUC 0.966410756111145
Test Epoch26 layer1 Acc 0.8739473684210526, AUC 0.9673309326171875
Test Epoch26 layer2 Acc 0.873421052631579, AUC 0.9663130640983582
Test Epoch26 layer3 Acc 0.8732894736842105, AUC 0.9668323993682861
Test Epoch26 layer4 Acc 0.8732894736842105, AUC 0.9645251631736755
gc 0
Train Epoch27 Acc 0.9394 (112728/120000), AUC 0.9891088008880615
Test Epoch27 layer0 Acc 0.8690789473684211, AUC 0.9664210081100464
Test Epoch27 layer1 Acc 0.8773684210526316, AUC 0.9676399230957031
Test Epoch27 layer2 Acc 0.876578947368421, AUC 0.9656184315681458
Test Epoch27 layer3 Acc 0.8764473684210526, AUC 0.9682530164718628
Test Epoch27 layer4 Acc 0.8771052631578947, AUC 0.9664687514305115
gc 0
Train Epoch28 Acc 0.940875 (112905/120000), AUC 0.9896033406257629
Test Epoch28 layer0 Acc 0.8696052631578948, AUC 0.9668015241622925
Test Epoch28 layer1 Acc 0.8778947368421053, AUC 0.9672338962554932
Test Epoch28 layer2 Acc 0.8781578947368421, AUC 0.9652857184410095
Test Epoch28 layer3 Acc 0.8780263157894737, AUC 0.9683665037155151
Test Epoch28 layer4 Acc 0.8775, AUC 0.9668301939964294
gc 0
Train Epoch29 Acc 0.9438333333333333 (113260/120000), AUC 0.9904913902282715
Test Epoch29 layer0 Acc 0.8702631578947368, AUC 0.9670224785804749
Test Epoch29 layer1 Acc 0.8786842105263157, AUC 0.9659754037857056
Test Epoch29 layer2 Acc 0.876578947368421, AUC 0.9639999270439148
Test Epoch29 layer3 Acc 0.8767105263157895, AUC 0.9655920267105103
Test Epoch29 layer4 Acc 0.8771052631578947, AUC 0.9616058468818665
gc 0
Train Epoch30 Acc 0.9453166666666667 (113438/120000), AUC 0.9907389879226685
Test Epoch30 layer0 Acc 0.8698684210526316, AUC 0.9672824144363403
Test Epoch30 layer1 Acc 0.8782894736842105, AUC 0.9665818214416504
Test Epoch30 layer2 Acc 0.8793421052631579, AUC 0.965864896774292
Test Epoch30 layer3 Acc 0.8797368421052632, AUC 0.9670102596282959
Test Epoch30 layer4 Acc 0.8788157894736842, AUC 0.9657139778137207
gc 0
Train Epoch31 Acc 0.946925 (113631/120000), AUC 0.991554856300354
Test Epoch31 layer0 Acc 0.8711842105263158, AUC 0.9674986600875854
Test Epoch31 layer1 Acc 0.8775, AUC 0.9673188924789429
Test Epoch31 layer2 Acc 0.8790789473684211, AUC 0.9665902853012085
Test Epoch31 layer3 Acc 0.8789473684210526, AUC 0.9680245518684387
Test Epoch31 layer4 Acc 0.8785526315789474, AUC 0.9642700552940369
gc 0
Train Epoch32 Acc 0.9485166666666667 (113822/120000), AUC 0.9918414354324341
Test Epoch32 layer0 Acc 0.8713157894736843, AUC 0.9675723314285278
Test Epoch32 layer1 Acc 0.8794736842105263, AUC 0.9662452936172485
Test Epoch32 layer2 Acc 0.8785526315789474, AUC 0.9671481251716614
Test Epoch32 layer3 Acc 0.8782894736842105, AUC 0.966590940952301
Test Epoch32 layer4 Acc 0.8781578947368421, AUC 0.9623222351074219
gc 0
Train Epoch33 Acc 0.9504 (114048/120000), AUC 0.9922894239425659
Test Epoch33 layer0 Acc 0.873421052631579, AUC 0.967440128326416
Test Epoch33 layer1 Acc 0.8771052631578947, AUC 0.9653849601745605
Test Epoch33 layer2 Acc 0.8773684210526316, AUC 0.9665952920913696
Test Epoch33 layer3 Acc 0.8769736842105263, AUC 0.9667119383811951
Test Epoch33 layer4 Acc 0.8763157894736842, AUC 0.9619686007499695
gc 0
Train Epoch34 Acc 0.9517916666666667 (114215/120000), AUC 0.9926483631134033
Test Epoch34 layer0 Acc 0.8714473684210526, AUC 0.9673209190368652
Test Epoch34 layer1 Acc 0.8782894736842105, AUC 0.9650421142578125
Test Epoch34 layer2 Acc 0.878421052631579, AUC 0.9657192230224609
Test Epoch34 layer3 Acc 0.878421052631579, AUC 0.964282214641571
Test Epoch34 layer4 Acc 0.8782894736842105, AUC 0.9576244950294495
gc 0
Train Epoch35 Acc 0.953275 (114393/120000), AUC 0.9930559396743774
Test Epoch35 layer0 Acc 0.8710526315789474, AUC 0.9669855833053589
Test Epoch35 layer1 Acc 0.8755263157894737, AUC 0.9645828008651733
Test Epoch35 layer2 Acc 0.8753947368421052, AUC 0.9655749201774597
Test Epoch35 layer3 Acc 0.8755263157894737, AUC 0.9657851457595825
Test Epoch35 layer4 Acc 0.8759210526315789, AUC 0.9588946104049683
gc 0
Train Epoch36 Acc 0.9555 (114660/120000), AUC 0.9936791658401489
Test Epoch36 layer0 Acc 0.8717105263157895, AUC 0.9675296545028687
Test Epoch36 layer1 Acc 0.8769736842105263, AUC 0.964518666267395
Test Epoch36 layer2 Acc 0.8790789473684211, AUC 0.9651688933372498
Test Epoch36 layer3 Acc 0.8782894736842105, AUC 0.9644060134887695
Test Epoch36 layer4 Acc 0.8781578947368421, AUC 0.9585140943527222
gc 0
Train Epoch37 Acc 0.9572416666666667 (114869/120000), AUC 0.9938415288925171
Test Epoch37 layer0 Acc 0.8726315789473684, AUC 0.9671717882156372
Test Epoch37 layer1 Acc 0.8751315789473684, AUC 0.9635089635848999
Test Epoch37 layer2 Acc 0.8768421052631579, AUC 0.9624427556991577
Test Epoch37 layer3 Acc 0.8761842105263158, AUC 0.962205171585083
Test Epoch37 layer4 Acc 0.8764473684210526, AUC 0.9563937783241272
gc 0
Train Epoch38 Acc 0.957675 (114921/120000), AUC 0.994027853012085
Test Epoch38 layer0 Acc 0.8725, AUC 0.9671893119812012
Test Epoch38 layer1 Acc 0.8785526315789474, AUC 0.9641509652137756
Test Epoch38 layer2 Acc 0.8793421052631579, AUC 0.9642431735992432
Test Epoch38 layer3 Acc 0.8794736842105263, AUC 0.9648787975311279
Test Epoch38 layer4 Acc 0.8797368421052632, AUC 0.9592104554176331
gc 0
Train Epoch39 Acc 0.9580416666666667 (114965/120000), AUC 0.9940540790557861
Test Epoch39 layer0 Acc 0.8732894736842105, AUC 0.9672574996948242
Test Epoch39 layer1 Acc 0.8773684210526316, AUC 0.9631158113479614
Test Epoch39 layer2 Acc 0.8776315789473684, AUC 0.9642475843429565
Test Epoch39 layer3 Acc 0.8776315789473684, AUC 0.964086651802063
Test Epoch39 layer4 Acc 0.8778947368421053, AUC 0.9590821266174316
gc 0
Train Epoch40 Acc 0.9598333333333333 (115180/120000), AUC 0.9943562746047974
Test Epoch40 layer0 Acc 0.8740789473684211, AUC 0.9672248363494873
Test Epoch40 layer1 Acc 0.878421052631579, AUC 0.9628878831863403
Test Epoch40 layer2 Acc 0.8788157894736842, AUC 0.9642183780670166
Test Epoch40 layer3 Acc 0.8793421052631579, AUC 0.9650337100028992
Test Epoch40 layer4 Acc 0.8796052631578948, AUC 0.959488570690155
gc 0
Train Epoch41 Acc 0.9597583333333334 (115171/120000), AUC 0.9945693016052246
Test Epoch41 layer0 Acc 0.8730263157894737, AUC 0.9673317670822144
Test Epoch41 layer1 Acc 0.8771052631578947, AUC 0.962997317314148
Test Epoch41 layer2 Acc 0.8776315789473684, AUC 0.964310884475708
Test Epoch41 layer3 Acc 0.8776315789473684, AUC 0.9653350114822388
Test Epoch41 layer4 Acc 0.8777631578947368, AUC 0.9591125845909119
gc 0
Train Epoch42 Acc 0.960825 (115299/120000), AUC 0.9946266412734985
Test Epoch42 layer0 Acc 0.8727631578947368, AUC 0.9672378897666931
Test Epoch42 layer1 Acc 0.8773684210526316, AUC 0.9628386497497559
Test Epoch42 layer2 Acc 0.8794736842105263, AUC 0.964052677154541
Test Epoch42 layer3 Acc 0.8792105263157894, AUC 0.9638273119926453
Test Epoch42 layer4 Acc 0.8789473684210526, AUC 0.9571701884269714
gc 0
Train Epoch43 Acc 0.9605416666666666 (115265/120000), AUC 0.9947726130485535
Test Epoch43 layer0 Acc 0.8742105263157894, AUC 0.9673482775688171
Test Epoch43 layer1 Acc 0.8785526315789474, AUC 0.9627671241760254
Test Epoch43 layer2 Acc 0.8789473684210526, AUC 0.9637068510055542
Test Epoch43 layer3 Acc 0.8785526315789474, AUC 0.9644763469696045
Test Epoch43 layer4 Acc 0.8789473684210526, AUC 0.9575681686401367
gc 0
Train Epoch44 Acc 0.9619666666666666 (115436/120000), AUC 0.994815468788147
Test Epoch44 layer0 Acc 0.8746052631578948, AUC 0.9672554731369019
Test Epoch44 layer1 Acc 0.8778947368421053, AUC 0.9626094102859497
Test Epoch44 layer2 Acc 0.8786842105263157, AUC 0.9636265635490417
Test Epoch44 layer3 Acc 0.8789473684210526, AUC 0.9637871384620667
Test Epoch44 layer4 Acc 0.8792105263157894, AUC 0.9576815962791443
gc 0
Train Epoch45 Acc 0.9613666666666667 (115364/120000), AUC 0.994821310043335
Test Epoch45 layer0 Acc 0.8744736842105263, AUC 0.9671190977096558
Test Epoch45 layer1 Acc 0.8781578947368421, AUC 0.9626169204711914
Test Epoch45 layer2 Acc 0.8790789473684211, AUC 0.9630268812179565
Test Epoch45 layer3 Acc 0.8789473684210526, AUC 0.9628483057022095
Test Epoch45 layer4 Acc 0.8785526315789474, AUC 0.9569947719573975
gc 0
Train Epoch46 Acc 0.9621 (115452/120000), AUC 0.9949618577957153
Test Epoch46 layer0 Acc 0.8730263157894737, AUC 0.9672131538391113
Test Epoch46 layer1 Acc 0.8778947368421053, AUC 0.9625929594039917
Test Epoch46 layer2 Acc 0.8792105263157894, AUC 0.9634896516799927
Test Epoch46 layer3 Acc 0.8793421052631579, AUC 0.9638202786445618
Test Epoch46 layer4 Acc 0.8789473684210526, AUC 0.957668662071228
gc 0
Train Epoch47 Acc 0.962025 (115443/120000), AUC 0.9949030876159668
Test Epoch47 layer0 Acc 0.8744736842105263, AUC 0.9669710397720337
Test Epoch47 layer1 Acc 0.8777631578947368, AUC 0.9622593522071838
Test Epoch47 layer2 Acc 0.878421052631579, AUC 0.9634672999382019
Test Epoch47 layer3 Acc 0.8788157894736842, AUC 0.9641313552856445
Test Epoch47 layer4 Acc 0.8789473684210526, AUC 0.9576129913330078
gc 0
Train Epoch48 Acc 0.96205 (115446/120000), AUC 0.9950000047683716
Test Epoch48 layer0 Acc 0.8740789473684211, AUC 0.9672454595565796
Test Epoch48 layer1 Acc 0.8772368421052632, AUC 0.9624122381210327
Test Epoch48 layer2 Acc 0.8785526315789474, AUC 0.9635000228881836
Test Epoch48 layer3 Acc 0.8780263157894737, AUC 0.9646485447883606
Test Epoch48 layer4 Acc 0.8776315789473684, AUC 0.9580193758010864
gc 0
Train Epoch49 Acc 0.9622166666666667 (115466/120000), AUC 0.9949346780776978
Test Epoch49 layer0 Acc 0.8742105263157894, AUC 0.9672239422798157
Test Epoch49 layer1 Acc 0.8785526315789474, AUC 0.9626213908195496
Test Epoch49 layer2 Acc 0.8790789473684211, AUC 0.9634543657302856
Test Epoch49 layer3 Acc 0.8792105263157894, AUC 0.9644781351089478
Test Epoch49 layer4 Acc 0.8792105263157894, AUC 0.9582318067550659
gc 0
Train Epoch50 Acc 0.9627666666666667 (115532/120000), AUC 0.9950409531593323
Test Epoch50 layer0 Acc 0.8742105263157894, AUC 0.9672957062721252
Test Epoch50 layer1 Acc 0.8768421052631579, AUC 0.962455153465271
Test Epoch50 layer2 Acc 0.8788157894736842, AUC 0.9632463455200195
Test Epoch50 layer3 Acc 0.8782894736842105, AUC 0.9638419151306152
Test Epoch50 layer4 Acc 0.878421052631579, AUC 0.9575584530830383
gc 0
Train Epoch51 Acc 0.9624416666666666 (115493/120000), AUC 0.9949885606765747
Test Epoch51 layer0 Acc 0.8743421052631579, AUC 0.9670614004135132
Test Epoch51 layer1 Acc 0.8778947368421053, AUC 0.9622358679771423
Test Epoch51 layer2 Acc 0.8780263157894737, AUC 0.9631942510604858
Test Epoch51 layer3 Acc 0.8788157894736842, AUC 0.963558554649353
Test Epoch51 layer4 Acc 0.8778947368421053, AUC 0.9573315382003784
gc 0
Train Epoch52 Acc 0.962825 (115539/120000), AUC 0.9952316880226135
Test Epoch52 layer0 Acc 0.8746052631578948, AUC 0.9671812653541565
Test Epoch52 layer1 Acc 0.8767105263157895, AUC 0.962370753288269
Test Epoch52 layer2 Acc 0.8785526315789474, AUC 0.963046133518219
Test Epoch52 layer3 Acc 0.8788157894736842, AUC 0.9636395573616028
Test Epoch52 layer4 Acc 0.8782894736842105, AUC 0.9571887850761414
gc 0
Train Epoch53 Acc 0.9629666666666666 (115556/120000), AUC 0.9952672719955444
Test Epoch53 layer0 Acc 0.8747368421052631, AUC 0.9672244787216187
Test Epoch53 layer1 Acc 0.8776315789473684, AUC 0.962378740310669
Test Epoch53 layer2 Acc 0.8792105263157894, AUC 0.9631830453872681
Test Epoch53 layer3 Acc 0.8790789473684211, AUC 0.9637370109558105
Test Epoch53 layer4 Acc 0.8790789473684211, AUC 0.9574900269508362
gc 0
Train Epoch54 Acc 0.9625916666666666 (115511/120000), AUC 0.9950758814811707
Test Epoch54 layer0 Acc 0.8746052631578948, AUC 0.9670994877815247
Test Epoch54 layer1 Acc 0.878421052631579, AUC 0.9621689319610596
Test Epoch54 layer2 Acc 0.8793421052631579, AUC 0.9631893038749695
Test Epoch54 layer3 Acc 0.8794736842105263, AUC 0.9637710452079773
Test Epoch54 layer4 Acc 0.8789473684210526, AUC 0.9576287269592285
gc 0
Train Epoch55 Acc 0.9632833333333334 (115594/120000), AUC 0.9952021837234497
Test Epoch55 layer0 Acc 0.8740789473684211, AUC 0.967225193977356
Test Epoch55 layer1 Acc 0.8776315789473684, AUC 0.9622465968132019
Test Epoch55 layer2 Acc 0.8786842105263157, AUC 0.9633159041404724
Test Epoch55 layer3 Acc 0.8788157894736842, AUC 0.9640967845916748
Test Epoch55 layer4 Acc 0.8788157894736842, AUC 0.9577283263206482
gc 0
Train Epoch56 Acc 0.9633083333333333 (115597/120000), AUC 0.9952235221862793
Test Epoch56 layer0 Acc 0.8742105263157894, AUC 0.9671627283096313
Test Epoch56 layer1 Acc 0.8777631578947368, AUC 0.9623655676841736
Test Epoch56 layer2 Acc 0.8788157894736842, AUC 0.9633390307426453
Test Epoch56 layer3 Acc 0.8792105263157894, AUC 0.9637733697891235
Test Epoch56 layer4 Acc 0.8786842105263157, AUC 0.9574605226516724
gc 0
Train Epoch57 Acc 0.9632916666666667 (115595/120000), AUC 0.9952126145362854
Test Epoch57 layer0 Acc 0.8738157894736842, AUC 0.9672044515609741
Test Epoch57 layer1 Acc 0.8773684210526316, AUC 0.9624242782592773
Test Epoch57 layer2 Acc 0.8788157894736842, AUC 0.9633554220199585
Test Epoch57 layer3 Acc 0.8789473684210526, AUC 0.9639600515365601
Test Epoch57 layer4 Acc 0.8780263157894737, AUC 0.9578781723976135
gc 0
Train Epoch58 Acc 0.9629916666666667 (115559/120000), AUC 0.995113730430603
Test Epoch58 layer0 Acc 0.8744736842105263, AUC 0.9671987295150757
Test Epoch58 layer1 Acc 0.8773684210526316, AUC 0.9623932838439941
Test Epoch58 layer2 Acc 0.8788157894736842, AUC 0.9632938504219055
Test Epoch58 layer3 Acc 0.8793421052631579, AUC 0.9639550447463989
Test Epoch58 layer4 Acc 0.8789473684210526, AUC 0.9578345417976379
gc 0
Train Epoch59 Acc 0.963825 (115659/120000), AUC 0.9953146576881409
Test Epoch59 layer0 Acc 0.8746052631578948, AUC 0.9671947956085205
Test Epoch59 layer1 Acc 0.8773684210526316, AUC 0.9624121189117432
Test Epoch59 layer2 Acc 0.8796052631578948, AUC 0.9632925987243652
Test Epoch59 layer3 Acc 0.8790789473684211, AUC 0.9638486504554749
Test Epoch59 layer4 Acc 0.8788157894736842, AUC 0.9577853679656982
gc 0
Train Epoch60 Acc 0.9633166666666667 (115598/120000), AUC 0.995201826095581
Test Epoch60 layer0 Acc 0.8752631578947369, AUC 0.9671627283096313
Test Epoch60 layer1 Acc 0.8777631578947368, AUC 0.962309718132019
Test Epoch60 layer2 Acc 0.8794736842105263, AUC 0.9632672071456909
Test Epoch60 layer3 Acc 0.8793421052631579, AUC 0.9637724161148071
Test Epoch60 layer4 Acc 0.8786842105263157, AUC 0.9576410055160522
gc 0
Train Epoch61 Acc 0.962775 (115533/120000), AUC 0.9952694773674011
Test Epoch61 layer0 Acc 0.875, AUC 0.9671902656555176
Test Epoch61 layer1 Acc 0.8776315789473684, AUC 0.9623835682868958
Test Epoch61 layer2 Acc 0.8796052631578948, AUC 0.963266134262085
Test Epoch61 layer3 Acc 0.8792105263157894, AUC 0.9637912511825562
Test Epoch61 layer4 Acc 0.8786842105263157, AUC 0.9576960206031799
gc 0
Train Epoch62 Acc 0.9634583333333333 (115615/120000), AUC 0.9951428174972534
Test Epoch62 layer0 Acc 0.8751315789473684, AUC 0.9671565294265747
Test Epoch62 layer1 Acc 0.8776315789473684, AUC 0.9623162746429443
Test Epoch62 layer2 Acc 0.8790789473684211, AUC 0.9633110165596008
Test Epoch62 layer3 Acc 0.8790789473684211, AUC 0.9638891816139221
Test Epoch62 layer4 Acc 0.8785526315789474, AUC 0.9577751755714417
gc 0
Train Epoch63 Acc 0.9636833333333333 (115642/120000), AUC 0.995282769203186
Test Epoch63 layer0 Acc 0.8740789473684211, AUC 0.9671931862831116
Test Epoch63 layer1 Acc 0.8776315789473684, AUC 0.9623327255249023
Test Epoch63 layer2 Acc 0.8797368421052632, AUC 0.9632814526557922
Test Epoch63 layer3 Acc 0.8790789473684211, AUC 0.9638487696647644
Test Epoch63 layer4 Acc 0.8789473684210526, AUC 0.957728922367096
gc 0
Train Epoch64 Acc 0.9633666666666667 (115604/120000), AUC 0.9951754212379456
Test Epoch64 layer0 Acc 0.8748684210526316, AUC 0.9671664237976074
Test Epoch64 layer1 Acc 0.8769736842105263, AUC 0.9622942209243774
Test Epoch64 layer2 Acc 0.8796052631578948, AUC 0.9633026719093323
Test Epoch64 layer3 Acc 0.8794736842105263, AUC 0.9639862179756165
Test Epoch64 layer4 Acc 0.8786842105263157, AUC 0.9578303694725037
gc 0
Train Epoch65 Acc 0.9639 (115668/120000), AUC 0.9952623844146729
Test Epoch65 layer0 Acc 0.8748684210526316, AUC 0.9671586155891418
Test Epoch65 layer1 Acc 0.8775, AUC 0.9622725248336792
Test Epoch65 layer2 Acc 0.8796052631578948, AUC 0.963232159614563
Test Epoch65 layer3 Acc 0.8796052631578948, AUC 0.9638187885284424
Test Epoch65 layer4 Acc 0.8793421052631579, AUC 0.9576376676559448
gc 0
Train Epoch66 Acc 0.9637416666666667 (115649/120000), AUC 0.9951855540275574
Test Epoch66 layer0 Acc 0.8744736842105263, AUC 0.9671644568443298
Test Epoch66 layer1 Acc 0.8776315789473684, AUC 0.9623144865036011
Test Epoch66 layer2 Acc 0.8798684210526316, AUC 0.9632220268249512
Test Epoch66 layer3 Acc 0.8793421052631579, AUC 0.9637556076049805
Test Epoch66 layer4 Acc 0.8792105263157894, AUC 0.9575457572937012
gc 0
Train Epoch67 Acc 0.96345 (115614/120000), AUC 0.9953212141990662
Test Epoch67 layer0 Acc 0.875, AUC 0.9671427011489868
Test Epoch67 layer1 Acc 0.8778947368421053, AUC 0.9622941017150879
Test Epoch67 layer2 Acc 0.8796052631578948, AUC 0.9632360935211182
Test Epoch67 layer3 Acc 0.8794736842105263, AUC 0.9637396335601807
Test Epoch67 layer4 Acc 0.8788157894736842, AUC 0.9575762748718262
gc 0
Train Epoch68 Acc 0.9634333333333334 (115612/120000), AUC 0.9952466487884521
Test Epoch68 layer0 Acc 0.8748684210526316, AUC 0.9671444892883301
Test Epoch68 layer1 Acc 0.8776315789473684, AUC 0.9622923731803894
Test Epoch68 layer2 Acc 0.8797368421052632, AUC 0.9632209539413452
Test Epoch68 layer3 Acc 0.8796052631578948, AUC 0.9637387990951538
Test Epoch68 layer4 Acc 0.8789473684210526, AUC 0.9575603008270264
gc 0
Train Epoch69 Acc 0.9635 (115620/120000), AUC 0.9952055215835571
Test Epoch69 layer0 Acc 0.8752631578947369, AUC 0.9671483635902405
Test Epoch69 layer1 Acc 0.8777631578947368, AUC 0.9622749090194702
Test Epoch69 layer2 Acc 0.8794736842105263, AUC 0.9632226824760437
Test Epoch69 layer3 Acc 0.8794736842105263, AUC 0.9637409448623657
Test Epoch69 layer4 Acc 0.8790789473684211, AUC 0.9575599431991577
gc 0
Train Epoch70 Acc 0.9635083333333333 (115621/120000), AUC 0.9953060746192932
Test Epoch70 layer0 Acc 0.8752631578947369, AUC 0.9671551585197449
Test Epoch70 layer1 Acc 0.8773684210526316, AUC 0.9622765183448792
Test Epoch70 layer2 Acc 0.8796052631578948, AUC 0.9632291793823242
Test Epoch70 layer3 Acc 0.8793421052631579, AUC 0.9637438058853149
Test Epoch70 layer4 Acc 0.8789473684210526, AUC 0.9576097130775452
gc 0
Train Epoch71 Acc 0.9632666666666667 (115592/120000), AUC 0.9950684905052185
Test Epoch71 layer0 Acc 0.8747368421052631, AUC 0.9671555161476135
Test Epoch71 layer1 Acc 0.8773684210526316, AUC 0.9622752070426941
Test Epoch71 layer2 Acc 0.8797368421052632, AUC 0.9632159471511841
Test Epoch71 layer3 Acc 0.8796052631578948, AUC 0.963763952255249
Test Epoch71 layer4 Acc 0.8789473684210526, AUC 0.957623302936554
gc 0
Train Epoch72 Acc 0.9629333333333333 (115552/120000), AUC 0.9951668381690979
Test Epoch72 layer0 Acc 0.8747368421052631, AUC 0.9671512842178345
Test Epoch72 layer1 Acc 0.8775, AUC 0.962264358997345
Test Epoch72 layer2 Acc 0.8794736842105263, AUC 0.9632018804550171
Test Epoch72 layer3 Acc 0.8794736842105263, AUC 0.9637653827667236
Test Epoch72 layer4 Acc 0.8789473684210526, AUC 0.957619309425354
gc 0
Train Epoch73 Acc 0.9632916666666667 (115595/120000), AUC 0.9952950477600098
Test Epoch73 layer0 Acc 0.8748684210526316, AUC 0.9671546220779419
Test Epoch73 layer1 Acc 0.8776315789473684, AUC 0.9622684121131897
Test Epoch73 layer2 Acc 0.8796052631578948, AUC 0.9631935954093933
Test Epoch73 layer3 Acc 0.8794736842105263, AUC 0.9637609720230103
Test Epoch73 layer4 Acc 0.8789473684210526, AUC 0.9575997591018677
gc 0
Train Epoch74 Acc 0.9638416666666667 (115661/120000), AUC 0.9952659606933594
Test Epoch74 layer0 Acc 0.8747368421052631, AUC 0.967154860496521
Test Epoch74 layer1 Acc 0.8775, AUC 0.9622753858566284
Test Epoch74 layer2 Acc 0.8796052631578948, AUC 0.9631993174552917
Test Epoch74 layer3 Acc 0.8794736842105263, AUC 0.9637532830238342
Test Epoch74 layer4 Acc 0.8790789473684211, AUC 0.9576094150543213
gc 0
Train Epoch75 Acc 0.963325 (115599/120000), AUC 0.9950629472732544
Test Epoch75 layer0 Acc 0.875, AUC 0.9671560525894165
Test Epoch75 layer1 Acc 0.8772368421052632, AUC 0.96226966381073
Test Epoch75 layer2 Acc 0.8797368421052632, AUC 0.9632031917572021
Test Epoch75 layer3 Acc 0.8793421052631579, AUC 0.9637743830680847
Test Epoch75 layer4 Acc 0.8788157894736842, AUC 0.9576398134231567
gc 0
Train Epoch76 Acc 0.963675 (115641/120000), AUC 0.995400071144104
Test Epoch76 layer0 Acc 0.875, AUC 0.9671544432640076
Test Epoch76 layer1 Acc 0.8775, AUC 0.9622704386711121
Test Epoch76 layer2 Acc 0.8797368421052632, AUC 0.9631910920143127
Test Epoch76 layer3 Acc 0.8794736842105263, AUC 0.9637511968612671
Test Epoch76 layer4 Acc 0.8790789473684211, AUC 0.9576195478439331
gc 0
Train Epoch77 Acc 0.9637666666666667 (115652/120000), AUC 0.9953367710113525
Test Epoch77 layer0 Acc 0.8748684210526316, AUC 0.9671510457992554
Test Epoch77 layer1 Acc 0.8775, AUC 0.9622637629508972
Test Epoch77 layer2 Acc 0.8796052631578948, AUC 0.9631835222244263
Test Epoch77 layer3 Acc 0.8796052631578948, AUC 0.9637572765350342
Test Epoch77 layer4 Acc 0.8790789473684211, AUC 0.9576030373573303
gc 0
Train Epoch78 Acc 0.9633333333333334 (115600/120000), AUC 0.9951599836349487
Test Epoch78 layer0 Acc 0.8747368421052631, AUC 0.967150092124939
Test Epoch78 layer1 Acc 0.8775, AUC 0.9622621536254883
Test Epoch78 layer2 Acc 0.8796052631578948, AUC 0.9631882309913635
Test Epoch78 layer3 Acc 0.8796052631578948, AUC 0.9637595415115356
Test Epoch78 layer4 Acc 0.8789473684210526, AUC 0.9576050043106079
gc 0
Train Epoch79 Acc 0.9635 (115620/120000), AUC 0.9953157901763916
Test Epoch79 layer0 Acc 0.8748684210526316, AUC 0.967150092124939
Test Epoch79 layer1 Acc 0.8775, AUC 0.9622617959976196
Test Epoch79 layer2 Acc 0.8796052631578948, AUC 0.9631941318511963
Test Epoch79 layer3 Acc 0.8794736842105263, AUC 0.9637616276741028
Test Epoch79 layer4 Acc 0.8790789473684211, AUC 0.9576177597045898
gc 0
Train Epoch80 Acc 0.9631166666666666 (115574/120000), AUC 0.995006799697876
Test Epoch80 layer0 Acc 0.8748684210526316, AUC 0.9671491384506226
Test Epoch80 layer1 Acc 0.8775, AUC 0.9622626304626465
Test Epoch80 layer2 Acc 0.8797368421052632, AUC 0.963191568851471
Test Epoch80 layer3 Acc 0.8794736842105263, AUC 0.9637706279754639
Test Epoch80 layer4 Acc 0.8790789473684211, AUC 0.9576136469841003
gc 0
Train Epoch81 Acc 0.963725 (115647/120000), AUC 0.9952390193939209
Test Epoch81 layer0 Acc 0.8747368421052631, AUC 0.9671478867530823
Test Epoch81 layer1 Acc 0.8775, AUC 0.962265133857727
Test Epoch81 layer2 Acc 0.8797368421052632, AUC 0.9631969332695007
Test Epoch81 layer3 Acc 0.8794736842105263, AUC 0.9637750387191772
Test Epoch81 layer4 Acc 0.8788157894736842, AUC 0.957612156867981
gc 0
Train Epoch82 Acc 0.96305 (115566/120000), AUC 0.995244026184082
Test Epoch82 layer0 Acc 0.8747368421052631, AUC 0.967147707939148
Test Epoch82 layer1 Acc 0.8775, AUC 0.9622622728347778
Test Epoch82 layer2 Acc 0.8796052631578948, AUC 0.9631942510604858
Test Epoch82 layer3 Acc 0.8794736842105263, AUC 0.9637675881385803
Test Epoch82 layer4 Acc 0.8788157894736842, AUC 0.9576081037521362
gc 0
Train Epoch83 Acc 0.9631583333333333 (115579/120000), AUC 0.9951543211936951
Test Epoch83 layer0 Acc 0.8748684210526316, AUC 0.9671483039855957
Test Epoch83 layer1 Acc 0.8775, AUC 0.9622671604156494
Test Epoch83 layer2 Acc 0.8796052631578948, AUC 0.9631974697113037
Test Epoch83 layer3 Acc 0.8794736842105263, AUC 0.9637876749038696
Test Epoch83 layer4 Acc 0.8790789473684211, AUC 0.9576258063316345
gc 0
Train Epoch84 Acc 0.9634 (115608/120000), AUC 0.9951840043067932
Test Epoch84 layer0 Acc 0.8748684210526316, AUC 0.9671480655670166
Test Epoch84 layer1 Acc 0.8775, AUC 0.9622691869735718
Test Epoch84 layer2 Acc 0.8796052631578948, AUC 0.9631943106651306
Test Epoch84 layer3 Acc 0.8794736842105263, AUC 0.9637972712516785
Test Epoch84 layer4 Acc 0.8790789473684211, AUC 0.957625150680542
gc 0
Train Epoch85 Acc 0.9634333333333334 (115612/120000), AUC 0.9952298402786255
Test Epoch85 layer0 Acc 0.8748684210526316, AUC 0.9671480059623718
Test Epoch85 layer1 Acc 0.8775, AUC 0.9622679948806763
Test Epoch85 layer2 Acc 0.8796052631578948, AUC 0.9631929397583008
Test Epoch85 layer3 Acc 0.8794736842105263, AUC 0.963796079158783
Test Epoch85 layer4 Acc 0.8790789473684211, AUC 0.9576314091682434
gc 0
Train Epoch86 Acc 0.9634333333333334 (115612/120000), AUC 0.9953690767288208
Test Epoch86 layer0 Acc 0.8748684210526316, AUC 0.9671481251716614
Test Epoch86 layer1 Acc 0.8775, AUC 0.9622645974159241
Test Epoch86 layer2 Acc 0.8796052631578948, AUC 0.9631876349449158
Test Epoch86 layer3 Acc 0.8794736842105263, AUC 0.9637849926948547
Test Epoch86 layer4 Acc 0.8789473684210526, AUC 0.9576220512390137
gc 0
Train Epoch87 Acc 0.9635333333333334 (115624/120000), AUC 0.9952950477600098
Test Epoch87 layer0 Acc 0.8748684210526316, AUC 0.9671475291252136
Test Epoch87 layer1 Acc 0.8775, AUC 0.9622622728347778
Test Epoch87 layer2 Acc 0.8796052631578948, AUC 0.9631794095039368
Test Epoch87 layer3 Acc 0.8794736842105263, AUC 0.9637811779975891
Test Epoch87 layer4 Acc 0.8790789473684211, AUC 0.9576143622398376
gc 0
Train Epoch88 Acc 0.9637416666666667 (115649/120000), AUC 0.9953287839889526
Test Epoch88 layer0 Acc 0.8747368421052631, AUC 0.9671478271484375
Test Epoch88 layer1 Acc 0.8775, AUC 0.9622604250907898
Test Epoch88 layer2 Acc 0.8796052631578948, AUC 0.9631802439689636
Test Epoch88 layer3 Acc 0.8796052631578948, AUC 0.9637885689735413
Test Epoch88 layer4 Acc 0.8790789473684211, AUC 0.9576187133789062
gc 0
Train Epoch89 Acc 0.9635333333333334 (115624/120000), AUC 0.9952781796455383
Test Epoch89 layer0 Acc 0.8748684210526316, AUC 0.9671483039855957
Test Epoch89 layer1 Acc 0.8775, AUC 0.9622604846954346
Test Epoch89 layer2 Acc 0.8794736842105263, AUC 0.9631760716438293
Test Epoch89 layer3 Acc 0.8794736842105263, AUC 0.9637899398803711
Test Epoch89 layer4 Acc 0.8789473684210526, AUC 0.9576137065887451
gc 0
Train Epoch90 Acc 0.964125 (115695/120000), AUC 0.9951407313346863
Test Epoch90 layer0 Acc 0.8748684210526316, AUC 0.9671482443809509
Test Epoch90 layer1 Acc 0.8775, AUC 0.96225905418396
Test Epoch90 layer2 Acc 0.8796052631578948, AUC 0.9631709456443787
Test Epoch90 layer3 Acc 0.8796052631578948, AUC 0.9637693762779236
Test Epoch90 layer4 Acc 0.8790789473684211, AUC 0.9576095342636108
gc 0
Train Epoch91 Acc 0.9637083333333333 (115645/120000), AUC 0.9952627420425415
Test Epoch91 layer0 Acc 0.8748684210526316, AUC 0.9671486020088196
Test Epoch91 layer1 Acc 0.8775, AUC 0.9622589945793152
Test Epoch91 layer2 Acc 0.8796052631578948, AUC 0.9631722569465637
Test Epoch91 layer3 Acc 0.8794736842105263, AUC 0.9637686014175415
Test Epoch91 layer4 Acc 0.8790789473684211, AUC 0.9576196670532227
gc 0
Train Epoch92 Acc 0.9634 (115608/120000), AUC 0.9952925443649292
Test Epoch92 layer0 Acc 0.8748684210526316, AUC 0.9671489000320435
Test Epoch92 layer1 Acc 0.8775, AUC 0.9622614979743958
Test Epoch92 layer2 Acc 0.8794736842105263, AUC 0.9631743431091309
Test Epoch92 layer3 Acc 0.8796052631578948, AUC 0.9637643694877625
Test Epoch92 layer4 Acc 0.8789473684210526, AUC 0.9576241970062256
gc 0
Train Epoch93 Acc 0.96355 (115626/120000), AUC 0.9953393936157227
Test Epoch93 layer0 Acc 0.8747368421052631, AUC 0.9671491384506226
Test Epoch93 layer1 Acc 0.8775, AUC 0.9622611999511719
Test Epoch93 layer2 Acc 0.8796052631578948, AUC 0.9631725549697876
Test Epoch93 layer3 Acc 0.8796052631578948, AUC 0.9637588262557983
Test Epoch93 layer4 Acc 0.8789473684210526, AUC 0.9576238989830017
gc 0
Train Epoch94 Acc 0.9634583333333333 (115615/120000), AUC 0.9953252077102661
Test Epoch94 layer0 Acc 0.8747368421052631, AUC 0.9671493768692017
Test Epoch94 layer1 Acc 0.8775, AUC 0.9622613191604614
Test Epoch94 layer2 Acc 0.8796052631578948, AUC 0.9631803035736084
Test Epoch94 layer3 Acc 0.8796052631578948, AUC 0.9637666940689087
Test Epoch94 layer4 Acc 0.8790789473684211, AUC 0.9576300382614136
gc 0
Train Epoch95 Acc 0.9631666666666666 (115580/120000), AUC 0.9951267242431641
Test Epoch95 layer0 Acc 0.8748684210526316, AUC 0.9671478867530823
Test Epoch95 layer1 Acc 0.8776315789473684, AUC 0.962258517742157
Test Epoch95 layer2 Acc 0.8796052631578948, AUC 0.963184118270874
Test Epoch95 layer3 Acc 0.8796052631578948, AUC 0.9637664556503296
Test Epoch95 layer4 Acc 0.8788157894736842, AUC 0.9576213359832764
gc 0
Train Epoch96 Acc 0.963825 (115659/120000), AUC 0.9952703714370728
Test Epoch96 layer0 Acc 0.8747368421052631, AUC 0.9671491384506226
Test Epoch96 layer1 Acc 0.8775, AUC 0.9622578620910645
Test Epoch96 layer2 Acc 0.8794736842105263, AUC 0.9631855487823486
Test Epoch96 layer3 Acc 0.8796052631578948, AUC 0.9637743234634399
Test Epoch96 layer4 Acc 0.8789473684210526, AUC 0.9576271176338196
gc 0
Train Epoch97 Acc 0.9632083333333333 (115585/120000), AUC 0.9952716827392578
Test Epoch97 layer0 Acc 0.8747368421052631, AUC 0.9671494960784912
Test Epoch97 layer1 Acc 0.8775, AUC 0.9622571468353271
Test Epoch97 layer2 Acc 0.8794736842105263, AUC 0.963191568851471
Test Epoch97 layer3 Acc 0.8796052631578948, AUC 0.9637930989265442
Test Epoch97 layer4 Acc 0.8789473684210526, AUC 0.9576317071914673
gc 0
Train Epoch98 Acc 0.9634583333333333 (115615/120000), AUC 0.995286226272583
Test Epoch98 layer0 Acc 0.8747368421052631, AUC 0.9671498537063599
Test Epoch98 layer1 Acc 0.8775, AUC 0.9622609615325928
Test Epoch98 layer2 Acc 0.8794736842105263, AUC 0.963198184967041
Test Epoch98 layer3 Acc 0.8796052631578948, AUC 0.9637913703918457
Test Epoch98 layer4 Acc 0.8789473684210526, AUC 0.9576383829116821
gc 0
Train Epoch99 Acc 0.9634333333333334 (115612/120000), AUC 0.9953330755233765
Test Epoch99 layer0 Acc 0.8747368421052631, AUC 0.9671507477760315
Test Epoch99 layer1 Acc 0.8775, AUC 0.9622616171836853
Test Epoch99 layer2 Acc 0.8794736842105263, AUC 0.9631931781768799
Test Epoch99 layer3 Acc 0.8796052631578948, AUC 0.9637969732284546
Test Epoch99 layer4 Acc 0.8790789473684211, AUC 0.9576382040977478
Best AUC 0.9701389074325562
train_loss (2, 5, 100)
valid_acc (5, 100)
valid_AUC (5, 100)
train_acc (100,)
Figure(640x480)
Figure(640x480)
Figure(640x480)
Figure(640x480)
Start Testing
Load ckpt at ckpt/ag_news_lstmalside_l5_side100//ag_news_lstmalside_l5_side.pt
[[1634   84  108   74]
 [  30 1797   29   44]
 [  66   42 1584  208]
 [  72   55  163 1610]]
Figure(640x480)
[[1664   74   95   67]
 [  35 1799   29   37]
 [  71   39 1597  193]
 [  76   39  162 1623]]
Figure(640x480)
[[1665   72   86   77]
 [  32 1797   28   43]
 [  70   36 1591  203]
 [  75   38  163 1624]]
Figure(640x480)
[[1665   73   87   75]
 [  33 1801   29   37]
 [  71   36 1596  197]
 [  76   38  162 1624]]
Figure(640x480)
[[1664   74   87   75]
 [  33 1802   29   36]
 [  70   41 1597  192]
 [  75   39  163 1623]]
Figure(640x480)
