total count words 102019
vocab size 30000
found 26754 words in glove
model: TransformerModelML(
  (layers): ModuleList(
    (0): EMBLayer(
      (enc): ENC(
        (b): Sequential(
          (0): Linear(in_features=300, out_features=128, bias=True)
          (1): Tanh()
        )
        (f): Embedding(30000, 300)
        (cri): MSELoss()
      )
      (ae): AE(
        (g): Sequential(
          (0): Linear(in_features=4, out_features=128, bias=True)
          (1): Tanh()
        )
        (h): Sequential(
          (0): Linear(in_features=128, out_features=4, bias=True)
          (1): Sigmoid()
        )
        (cri): CrossEntropyLoss()
      )
    )
    (1): TransLayer(
      (enc): ENC(
        (b): Sequential(
          (0): Linear(in_features=300, out_features=128, bias=True)
          (1): Tanh()
        )
        (f): TransformerEncoder(
          (multi_headed_attention): MultiHeadAttention(
            (linears): ModuleList(
              (0): Linear(in_features=300, out_features=300, bias=True)
              (1): Linear(in_features=300, out_features=300, bias=True)
              (2): Linear(in_features=300, out_features=300, bias=True)
              (3): Linear(in_features=300, out_features=300, bias=True)
            )
            (sdpa): ScaledDotProductAttention()
            (dropout): Dropout(p=0.1, inplace=False)
          )
          (feed_forward): FeedForward(
            (w_1): Linear(in_features=300, out_features=300, bias=True)
            (w_2): Linear(in_features=300, out_features=300, bias=True)
            (relu): ReLU()
            (dropout): Dropout(p=0.1, inplace=False)
          )
          (encoder_layer): EncoderLayer(
            (self_attn): MultiHeadAttention(
              (linears): ModuleList(
                (0): Linear(in_features=300, out_features=300, bias=True)
                (1): Linear(in_features=300, out_features=300, bias=True)
                (2): Linear(in_features=300, out_features=300, bias=True)
                (3): Linear(in_features=300, out_features=300, bias=True)
              )
              (sdpa): ScaledDotProductAttention()
              (dropout): Dropout(p=0.1, inplace=False)
            )
            (feed_forward): FeedForward(
              (w_1): Linear(in_features=300, out_features=300, bias=True)
              (w_2): Linear(in_features=300, out_features=300, bias=True)
              (relu): ReLU()
              (dropout): Dropout(p=0.1, inplace=False)
            )
            (sublayer): ModuleList(
              (0): SublayerConnection(
                (norm): LayerNorm()
                (dropout): Dropout(p=0.1, inplace=False)
              )
              (1): SublayerConnection(
                (norm): LayerNorm()
                (dropout): Dropout(p=0.1, inplace=False)
              )
            )
          )
          (encoder): Encoder(
            (layers): ModuleList(
              (0): EncoderLayer(
                (self_attn): MultiHeadAttention(
                  (linears): ModuleList(
                    (0): Linear(in_features=300, out_features=300, bias=True)
                    (1): Linear(in_features=300, out_features=300, bias=True)
                    (2): Linear(in_features=300, out_features=300, bias=True)
                    (3): Linear(in_features=300, out_features=300, bias=True)
                  )
                  (sdpa): ScaledDotProductAttention()
                  (dropout): Dropout(p=0.1, inplace=False)
                )
                (feed_forward): FeedForward(
                  (w_1): Linear(in_features=300, out_features=300, bias=True)
                  (w_2): Linear(in_features=300, out_features=300, bias=True)
                  (relu): ReLU()
                  (dropout): Dropout(p=0.1, inplace=False)
                )
                (sublayer): ModuleList(
                  (0): SublayerConnection(
                    (norm): LayerNorm()
                    (dropout): Dropout(p=0.1, inplace=False)
                  )
                  (1): SublayerConnection(
                    (norm): LayerNorm()
                    (dropout): Dropout(p=0.1, inplace=False)
                  )
                )
              )
            )
            (norm): LayerNorm()
          )
        )
        (cri): MSELoss()
      )
      (ae): AE(
        (g): Sequential(
          (0): Linear(in_features=128, out_features=128, bias=True)
          (1): Tanh()
        )
        (h): Sequential(
          (0): Linear(in_features=128, out_features=128, bias=True)
        )
        (cri): MSELoss()
      )
    )
    (2): TransLayer(
      (enc): ENC(
        (b): Sequential(
          (0): Linear(in_features=300, out_features=128, bias=True)
          (1): Tanh()
        )
        (f): TransformerEncoder(
          (multi_headed_attention): MultiHeadAttention(
            (linears): ModuleList(
              (0): Linear(in_features=300, out_features=300, bias=True)
              (1): Linear(in_features=300, out_features=300, bias=True)
              (2): Linear(in_features=300, out_features=300, bias=True)
              (3): Linear(in_features=300, out_features=300, bias=True)
            )
            (sdpa): ScaledDotProductAttention()
            (dropout): Dropout(p=0.1, inplace=False)
          )
          (feed_forward): FeedForward(
            (w_1): Linear(in_features=300, out_features=300, bias=True)
            (w_2): Linear(in_features=300, out_features=300, bias=True)
            (relu): ReLU()
            (dropout): Dropout(p=0.1, inplace=False)
          )
          (encoder_layer): EncoderLayer(
            (self_attn): MultiHeadAttention(
              (linears): ModuleList(
                (0): Linear(in_features=300, out_features=300, bias=True)
                (1): Linear(in_features=300, out_features=300, bias=True)
                (2): Linear(in_features=300, out_features=300, bias=True)
                (3): Linear(in_features=300, out_features=300, bias=True)
              )
              (sdpa): ScaledDotProductAttention()
              (dropout): Dropout(p=0.1, inplace=False)
            )
            (feed_forward): FeedForward(
              (w_1): Linear(in_features=300, out_features=300, bias=True)
              (w_2): Linear(in_features=300, out_features=300, bias=True)
              (relu): ReLU()
              (dropout): Dropout(p=0.1, inplace=False)
            )
            (sublayer): ModuleList(
              (0): SublayerConnection(
                (norm): LayerNorm()
                (dropout): Dropout(p=0.1, inplace=False)
              )
              (1): SublayerConnection(
                (norm): LayerNorm()
                (dropout): Dropout(p=0.1, inplace=False)
              )
            )
          )
          (encoder): Encoder(
            (layers): ModuleList(
              (0): EncoderLayer(
                (self_attn): MultiHeadAttention(
                  (linears): ModuleList(
                    (0): Linear(in_features=300, out_features=300, bias=True)
                    (1): Linear(in_features=300, out_features=300, bias=True)
                    (2): Linear(in_features=300, out_features=300, bias=True)
                    (3): Linear(in_features=300, out_features=300, bias=True)
                  )
                  (sdpa): ScaledDotProductAttention()
                  (dropout): Dropout(p=0.1, inplace=False)
                )
                (feed_forward): FeedForward(
                  (w_1): Linear(in_features=300, out_features=300, bias=True)
                  (w_2): Linear(in_features=300, out_features=300, bias=True)
                  (relu): ReLU()
                  (dropout): Dropout(p=0.1, inplace=False)
                )
                (sublayer): ModuleList(
                  (0): SublayerConnection(
                    (norm): LayerNorm()
                    (dropout): Dropout(p=0.1, inplace=False)
                  )
                  (1): SublayerConnection(
                    (norm): LayerNorm()
                    (dropout): Dropout(p=0.1, inplace=False)
                  )
                )
              )
            )
            (norm): LayerNorm()
          )
        )
        (cri): MSELoss()
      )
      (ae): AE(
        (g): Sequential(
          (0): Linear(in_features=128, out_features=128, bias=True)
          (1): Tanh()
        )
        (h): Sequential(
          (0): Linear(in_features=128, out_features=128, bias=True)
        )
        (cri): MSELoss()
      )
    )
    (3): TransLayer(
      (enc): ENC(
        (b): Sequential(
          (0): Linear(in_features=300, out_features=128, bias=True)
          (1): Tanh()
        )
        (f): TransformerEncoder(
          (multi_headed_attention): MultiHeadAttention(
            (linears): ModuleList(
              (0): Linear(in_features=300, out_features=300, bias=True)
              (1): Linear(in_features=300, out_features=300, bias=True)
              (2): Linear(in_features=300, out_features=300, bias=True)
              (3): Linear(in_features=300, out_features=300, bias=True)
            )
            (sdpa): ScaledDotProductAttention()
            (dropout): Dropout(p=0.1, inplace=False)
          )
          (feed_forward): FeedForward(
            (w_1): Linear(in_features=300, out_features=300, bias=True)
            (w_2): Linear(in_features=300, out_features=300, bias=True)
            (relu): ReLU()
            (dropout): Dropout(p=0.1, inplace=False)
          )
          (encoder_layer): EncoderLayer(
            (self_attn): MultiHeadAttention(
              (linears): ModuleList(
                (0): Linear(in_features=300, out_features=300, bias=True)
                (1): Linear(in_features=300, out_features=300, bias=True)
                (2): Linear(in_features=300, out_features=300, bias=True)
                (3): Linear(in_features=300, out_features=300, bias=True)
              )
              (sdpa): ScaledDotProductAttention()
              (dropout): Dropout(p=0.1, inplace=False)
            )
            (feed_forward): FeedForward(
              (w_1): Linear(in_features=300, out_features=300, bias=True)
              (w_2): Linear(in_features=300, out_features=300, bias=True)
              (relu): ReLU()
              (dropout): Dropout(p=0.1, inplace=False)
            )
            (sublayer): ModuleList(
              (0): SublayerConnection(
                (norm): LayerNorm()
                (dropout): Dropout(p=0.1, inplace=False)
              )
              (1): SublayerConnection(
                (norm): LayerNorm()
                (dropout): Dropout(p=0.1, inplace=False)
              )
            )
          )
          (encoder): Encoder(
            (layers): ModuleList(
              (0): EncoderLayer(
                (self_attn): MultiHeadAttention(
                  (linears): ModuleList(
                    (0): Linear(in_features=300, out_features=300, bias=True)
                    (1): Linear(in_features=300, out_features=300, bias=True)
                    (2): Linear(in_features=300, out_features=300, bias=True)
                    (3): Linear(in_features=300, out_features=300, bias=True)
                  )
                  (sdpa): ScaledDotProductAttention()
                  (dropout): Dropout(p=0.1, inplace=False)
                )
                (feed_forward): FeedForward(
                  (w_1): Linear(in_features=300, out_features=300, bias=True)
                  (w_2): Linear(in_features=300, out_features=300, bias=True)
                  (relu): ReLU()
                  (dropout): Dropout(p=0.1, inplace=False)
                )
                (sublayer): ModuleList(
                  (0): SublayerConnection(
                    (norm): LayerNorm()
                    (dropout): Dropout(p=0.1, inplace=False)
                  )
                  (1): SublayerConnection(
                    (norm): LayerNorm()
                    (dropout): Dropout(p=0.1, inplace=False)
                  )
                )
              )
            )
            (norm): LayerNorm()
          )
        )
        (cri): MSELoss()
      )
      (ae): AE(
        (g): Sequential(
          (0): Linear(in_features=128, out_features=128, bias=True)
          (1): Tanh()
        )
        (h): Sequential(
          (0): Linear(in_features=128, out_features=128, bias=True)
        )
        (cri): MSELoss()
      )
    )
    (4): TransLayer(
      (enc): ENC(
        (b): Sequential(
          (0): Linear(in_features=300, out_features=128, bias=True)
          (1): Tanh()
        )
        (f): TransformerEncoder(
          (multi_headed_attention): MultiHeadAttention(
            (linears): ModuleList(
              (0): Linear(in_features=300, out_features=300, bias=True)
              (1): Linear(in_features=300, out_features=300, bias=True)
              (2): Linear(in_features=300, out_features=300, bias=True)
              (3): Linear(in_features=300, out_features=300, bias=True)
            )
            (sdpa): ScaledDotProductAttention()
            (dropout): Dropout(p=0.1, inplace=False)
          )
          (feed_forward): FeedForward(
            (w_1): Linear(in_features=300, out_features=300, bias=True)
            (w_2): Linear(in_features=300, out_features=300, bias=True)
            (relu): ReLU()
            (dropout): Dropout(p=0.1, inplace=False)
          )
          (encoder_layer): EncoderLayer(
            (self_attn): MultiHeadAttention(
              (linears): ModuleList(
                (0): Linear(in_features=300, out_features=300, bias=True)
                (1): Linear(in_features=300, out_features=300, bias=True)
                (2): Linear(in_features=300, out_features=300, bias=True)
                (3): Linear(in_features=300, out_features=300, bias=True)
              )
              (sdpa): ScaledDotProductAttention()
              (dropout): Dropout(p=0.1, inplace=False)
            )
            (feed_forward): FeedForward(
              (w_1): Linear(in_features=300, out_features=300, bias=True)
              (w_2): Linear(in_features=300, out_features=300, bias=True)
              (relu): ReLU()
              (dropout): Dropout(p=0.1, inplace=False)
            )
            (sublayer): ModuleList(
              (0): SublayerConnection(
                (norm): LayerNorm()
                (dropout): Dropout(p=0.1, inplace=False)
              )
              (1): SublayerConnection(
                (norm): LayerNorm()
                (dropout): Dropout(p=0.1, inplace=False)
              )
            )
          )
          (encoder): Encoder(
            (layers): ModuleList(
              (0): EncoderLayer(
                (self_attn): MultiHeadAttention(
                  (linears): ModuleList(
                    (0): Linear(in_features=300, out_features=300, bias=True)
                    (1): Linear(in_features=300, out_features=300, bias=True)
                    (2): Linear(in_features=300, out_features=300, bias=True)
                    (3): Linear(in_features=300, out_features=300, bias=True)
                  )
                  (sdpa): ScaledDotProductAttention()
                  (dropout): Dropout(p=0.1, inplace=False)
                )
                (feed_forward): FeedForward(
                  (w_1): Linear(in_features=300, out_features=300, bias=True)
                  (w_2): Linear(in_features=300, out_features=300, bias=True)
                  (relu): ReLU()
                  (dropout): Dropout(p=0.1, inplace=False)
                )
                (sublayer): ModuleList(
                  (0): SublayerConnection(
                    (norm): LayerNorm()
                    (dropout): Dropout(p=0.1, inplace=False)
                  )
                  (1): SublayerConnection(
                    (norm): LayerNorm()
                    (dropout): Dropout(p=0.1, inplace=False)
                  )
                )
              )
            )
            (norm): LayerNorm()
          )
        )
        (cri): MSELoss()
      )
      (ae): AE(
        (g): Sequential(
          (0): Linear(in_features=128, out_features=128, bias=True)
          (1): Tanh()
        )
        (h): Sequential(
          (0): Linear(in_features=128, out_features=128, bias=True)
        )
        (cri): MSELoss()
      )
    )
  )
)
layers.0.enc.b.0.weight 38400
layers.0.enc.b.0.bias 128
layers.0.enc.f.weight 9000000
layers.0.ae.g.0.weight 512
layers.0.ae.g.0.bias 128
layers.0.ae.h.0.weight 512
layers.0.ae.h.0.bias 4
layers.1.enc.b.0.weight 38400
layers.1.enc.b.0.bias 128
layers.1.enc.f.multi_headed_attention.linears.0.weight 90000
layers.1.enc.f.multi_headed_attention.linears.0.bias 300
layers.1.enc.f.multi_headed_attention.linears.1.weight 90000
layers.1.enc.f.multi_headed_attention.linears.1.bias 300
layers.1.enc.f.multi_headed_attention.linears.2.weight 90000
layers.1.enc.f.multi_headed_attention.linears.2.bias 300
layers.1.enc.f.multi_headed_attention.linears.3.weight 90000
layers.1.enc.f.multi_headed_attention.linears.3.bias 300
layers.1.enc.f.feed_forward.w_1.weight 90000
layers.1.enc.f.feed_forward.w_1.bias 300
layers.1.enc.f.feed_forward.w_2.weight 90000
layers.1.enc.f.feed_forward.w_2.bias 300
layers.1.enc.f.encoder_layer.sublayer.0.norm.a 300
layers.1.enc.f.encoder_layer.sublayer.0.norm.b 300
layers.1.enc.f.encoder_layer.sublayer.1.norm.a 300
layers.1.enc.f.encoder_layer.sublayer.1.norm.b 300
layers.1.enc.f.encoder.layers.0.self_attn.linears.0.weight 90000
layers.1.enc.f.encoder.layers.0.self_attn.linears.0.bias 300
layers.1.enc.f.encoder.layers.0.self_attn.linears.1.weight 90000
layers.1.enc.f.encoder.layers.0.self_attn.linears.1.bias 300
layers.1.enc.f.encoder.layers.0.self_attn.linears.2.weight 90000
layers.1.enc.f.encoder.layers.0.self_attn.linears.2.bias 300
layers.1.enc.f.encoder.layers.0.self_attn.linears.3.weight 90000
layers.1.enc.f.encoder.layers.0.self_attn.linears.3.bias 300
layers.1.enc.f.encoder.layers.0.feed_forward.w_1.weight 90000
layers.1.enc.f.encoder.layers.0.feed_forward.w_1.bias 300
layers.1.enc.f.encoder.layers.0.feed_forward.w_2.weight 90000
layers.1.enc.f.encoder.layers.0.feed_forward.w_2.bias 300
layers.1.enc.f.encoder.layers.0.sublayer.0.norm.a 300
layers.1.enc.f.encoder.layers.0.sublayer.0.norm.b 300
layers.1.enc.f.encoder.layers.0.sublayer.1.norm.a 300
layers.1.enc.f.encoder.layers.0.sublayer.1.norm.b 300
layers.1.enc.f.encoder.norm.a 300
layers.1.enc.f.encoder.norm.b 300
layers.1.ae.g.0.weight 16384
layers.1.ae.g.0.bias 128
layers.1.ae.h.0.weight 16384
layers.1.ae.h.0.bias 128
layers.2.enc.b.0.weight 38400
layers.2.enc.b.0.bias 128
layers.2.enc.f.multi_headed_attention.linears.0.weight 90000
layers.2.enc.f.multi_headed_attention.linears.0.bias 300
layers.2.enc.f.multi_headed_attention.linears.1.weight 90000
layers.2.enc.f.multi_headed_attention.linears.1.bias 300
layers.2.enc.f.multi_headed_attention.linears.2.weight 90000
layers.2.enc.f.multi_headed_attention.linears.2.bias 300
layers.2.enc.f.multi_headed_attention.linears.3.weight 90000
layers.2.enc.f.multi_headed_attention.linears.3.bias 300
layers.2.enc.f.feed_forward.w_1.weight 90000
layers.2.enc.f.feed_forward.w_1.bias 300
layers.2.enc.f.feed_forward.w_2.weight 90000
layers.2.enc.f.feed_forward.w_2.bias 300
layers.2.enc.f.encoder_layer.sublayer.0.norm.a 300
layers.2.enc.f.encoder_layer.sublayer.0.norm.b 300
layers.2.enc.f.encoder_layer.sublayer.1.norm.a 300
layers.2.enc.f.encoder_layer.sublayer.1.norm.b 300
layers.2.enc.f.encoder.layers.0.self_attn.linears.0.weight 90000
layers.2.enc.f.encoder.layers.0.self_attn.linears.0.bias 300
layers.2.enc.f.encoder.layers.0.self_attn.linears.1.weight 90000
layers.2.enc.f.encoder.layers.0.self_attn.linears.1.bias 300
layers.2.enc.f.encoder.layers.0.self_attn.linears.2.weight 90000
layers.2.enc.f.encoder.layers.0.self_attn.linears.2.bias 300
layers.2.enc.f.encoder.layers.0.self_attn.linears.3.weight 90000
layers.2.enc.f.encoder.layers.0.self_attn.linears.3.bias 300
layers.2.enc.f.encoder.layers.0.feed_forward.w_1.weight 90000
layers.2.enc.f.encoder.layers.0.feed_forward.w_1.bias 300
layers.2.enc.f.encoder.layers.0.feed_forward.w_2.weight 90000
layers.2.enc.f.encoder.layers.0.feed_forward.w_2.bias 300
layers.2.enc.f.encoder.layers.0.sublayer.0.norm.a 300
layers.2.enc.f.encoder.layers.0.sublayer.0.norm.b 300
layers.2.enc.f.encoder.layers.0.sublayer.1.norm.a 300
layers.2.enc.f.encoder.layers.0.sublayer.1.norm.b 300
layers.2.enc.f.encoder.norm.a 300
layers.2.enc.f.encoder.norm.b 300
layers.2.ae.g.0.weight 16384
layers.2.ae.g.0.bias 128
layers.2.ae.h.0.weight 16384
layers.2.ae.h.0.bias 128
layers.3.enc.b.0.weight 38400
layers.3.enc.b.0.bias 128
layers.3.enc.f.multi_headed_attention.linears.0.weight 90000
layers.3.enc.f.multi_headed_attention.linears.0.bias 300
layers.3.enc.f.multi_headed_attention.linears.1.weight 90000
layers.3.enc.f.multi_headed_attention.linears.1.bias 300
layers.3.enc.f.multi_headed_attention.linears.2.weight 90000
layers.3.enc.f.multi_headed_attention.linears.2.bias 300
layers.3.enc.f.multi_headed_attention.linears.3.weight 90000
layers.3.enc.f.multi_headed_attention.linears.3.bias 300
layers.3.enc.f.feed_forward.w_1.weight 90000
layers.3.enc.f.feed_forward.w_1.bias 300
layers.3.enc.f.feed_forward.w_2.weight 90000
layers.3.enc.f.feed_forward.w_2.bias 300
layers.3.enc.f.encoder_layer.sublayer.0.norm.a 300
layers.3.enc.f.encoder_layer.sublayer.0.norm.b 300
layers.3.enc.f.encoder_layer.sublayer.1.norm.a 300
layers.3.enc.f.encoder_layer.sublayer.1.norm.b 300
layers.3.enc.f.encoder.layers.0.self_attn.linears.0.weight 90000
layers.3.enc.f.encoder.layers.0.self_attn.linears.0.bias 300
layers.3.enc.f.encoder.layers.0.self_attn.linears.1.weight 90000
layers.3.enc.f.encoder.layers.0.self_attn.linears.1.bias 300
layers.3.enc.f.encoder.layers.0.self_attn.linears.2.weight 90000
layers.3.enc.f.encoder.layers.0.self_attn.linears.2.bias 300
layers.3.enc.f.encoder.layers.0.self_attn.linears.3.weight 90000
layers.3.enc.f.encoder.layers.0.self_attn.linears.3.bias 300
layers.3.enc.f.encoder.layers.0.feed_forward.w_1.weight 90000
layers.3.enc.f.encoder.layers.0.feed_forward.w_1.bias 300
layers.3.enc.f.encoder.layers.0.feed_forward.w_2.weight 90000
layers.3.enc.f.encoder.layers.0.feed_forward.w_2.bias 300
layers.3.enc.f.encoder.layers.0.sublayer.0.norm.a 300
layers.3.enc.f.encoder.layers.0.sublayer.0.norm.b 300
layers.3.enc.f.encoder.layers.0.sublayer.1.norm.a 300
layers.3.enc.f.encoder.layers.0.sublayer.1.norm.b 300
layers.3.enc.f.encoder.norm.a 300
layers.3.enc.f.encoder.norm.b 300
layers.3.ae.g.0.weight 16384
layers.3.ae.g.0.bias 128
layers.3.ae.h.0.weight 16384
layers.3.ae.h.0.bias 128
layers.4.enc.b.0.weight 38400
layers.4.enc.b.0.bias 128
layers.4.enc.f.multi_headed_attention.linears.0.weight 90000
layers.4.enc.f.multi_headed_attention.linears.0.bias 300
layers.4.enc.f.multi_headed_attention.linears.1.weight 90000
layers.4.enc.f.multi_headed_attention.linears.1.bias 300
layers.4.enc.f.multi_headed_attention.linears.2.weight 90000
layers.4.enc.f.multi_headed_attention.linears.2.bias 300
layers.4.enc.f.multi_headed_attention.linears.3.weight 90000
layers.4.enc.f.multi_headed_attention.linears.3.bias 300
layers.4.enc.f.feed_forward.w_1.weight 90000
layers.4.enc.f.feed_forward.w_1.bias 300
layers.4.enc.f.feed_forward.w_2.weight 90000
layers.4.enc.f.feed_forward.w_2.bias 300
layers.4.enc.f.encoder_layer.sublayer.0.norm.a 300
layers.4.enc.f.encoder_layer.sublayer.0.norm.b 300
layers.4.enc.f.encoder_layer.sublayer.1.norm.a 300
layers.4.enc.f.encoder_layer.sublayer.1.norm.b 300
layers.4.enc.f.encoder.layers.0.self_attn.linears.0.weight 90000
layers.4.enc.f.encoder.layers.0.self_attn.linears.0.bias 300
layers.4.enc.f.encoder.layers.0.self_attn.linears.1.weight 90000
layers.4.enc.f.encoder.layers.0.self_attn.linears.1.bias 300
layers.4.enc.f.encoder.layers.0.self_attn.linears.2.weight 90000
layers.4.enc.f.encoder.layers.0.self_attn.linears.2.bias 300
layers.4.enc.f.encoder.layers.0.self_attn.linears.3.weight 90000
layers.4.enc.f.encoder.layers.0.self_attn.linears.3.bias 300
layers.4.enc.f.encoder.layers.0.feed_forward.w_1.weight 90000
layers.4.enc.f.encoder.layers.0.feed_forward.w_1.bias 300
layers.4.enc.f.encoder.layers.0.feed_forward.w_2.weight 90000
layers.4.enc.f.encoder.layers.0.feed_forward.w_2.bias 300
layers.4.enc.f.encoder.layers.0.sublayer.0.norm.a 300
layers.4.enc.f.encoder.layers.0.sublayer.0.norm.b 300
layers.4.enc.f.encoder.layers.0.sublayer.1.norm.a 300
layers.4.enc.f.encoder.layers.0.sublayer.1.norm.b 300
layers.4.enc.f.encoder.norm.a 300
layers.4.enc.f.encoder.norm.b 300
layers.4.ae.g.0.weight 16384
layers.4.ae.g.0.bias 128
layers.4.ae.h.0.weight 16384
layers.4.ae.h.0.bias 128
Total Trainable Params: 13672292
Start Training
train_mask {0, 1, 2, 3, 4}
gc 0
Train Epoch0 Acc 0.6413083333333334 (76957/120000), AUC 0.8634837865829468
ep0_train_time 57.14085555076599
Test Epoch0 threshold 0.1 Acc 0.9049342105263158, AUC 0.9739448428153992, avg_entr 0.11252978444099426
ep0_t0.1_test_time 0.4428255558013916
Save ckpt to ckpt/ag_news_transformeral_l5ad_pad125//ag_news_transformeral_l5.pt  ,ep 0
Test Epoch0 threshold 0.2 Acc 0.9047697368421053, AUC 0.9730108380317688, avg_entr 0.12756137549877167
ep0_t0.2_test_time 0.36060214042663574
Test Epoch0 threshold 0.3 Acc 0.9047697368421053, AUC 0.973814845085144, avg_entr 0.1389729082584381
ep0_t0.3_test_time 0.31973886489868164
Test Epoch0 threshold 0.4 Acc 0.9047697368421053, AUC 0.9738038182258606, avg_entr 0.15019682049751282
ep0_t0.4_test_time 0.2965679168701172
Test Epoch0 threshold 0.5 Acc 0.9064144736842106, AUC 0.9746806621551514, avg_entr 0.16464462876319885
ep0_t0.5_test_time 0.27071118354797363
Save ckpt to ckpt/ag_news_transformeral_l5ad_pad125//ag_news_transformeral_l5.pt  ,ep 0
Test Epoch0 threshold 0.6 Acc 0.9052631578947369, AUC 0.9750155210494995, avg_entr 0.1713167279958725
ep0_t0.6_test_time 0.19908785820007324
Save ckpt to ckpt/ag_news_transformeral_l5ad_pad125//ag_news_transformeral_l5.pt  ,ep 0
Test Epoch0 threshold 0.7 Acc 0.9052631578947369, AUC 0.975031852722168, avg_entr 0.17156264185905457
ep0_t0.7_test_time 0.19187426567077637
Save ckpt to ckpt/ag_news_transformeral_l5ad_pad125//ag_news_transformeral_l5.pt  ,ep 0
Test Epoch0 threshold 0.8 Acc 0.9052631578947369, AUC 0.975031852722168, avg_entr 0.17156264185905457
ep0_t0.8_test_time 0.19144129753112793
Save ckpt to ckpt/ag_news_transformeral_l5ad_pad125//ag_news_transformeral_l5.pt  ,ep 0
Test Epoch0 threshold 0.9 Acc 0.9052631578947369, AUC 0.975031852722168, avg_entr 0.17156264185905457
ep0_t0.9_test_time 0.19163894653320312
Save ckpt to ckpt/ag_news_transformeral_l5ad_pad125//ag_news_transformeral_l5.pt  ,ep 0
gc 0
Train Epoch1 Acc 0.9231333333333334 (110776/120000), AUC 0.981947660446167
ep1_train_time 56.84707999229431
Test Epoch1 threshold 0.1 Acc 0.9177631578947368, AUC 0.9770925045013428, avg_entr 0.05597430095076561
ep1_t0.1_test_time 0.3386251926422119
Save ckpt to ckpt/ag_news_transformeral_l5ad_pad125//ag_news_transformeral_l5.pt  ,ep 1
Test Epoch1 threshold 0.2 Acc 0.9167763157894737, AUC 0.9777855277061462, avg_entr 0.0686870887875557
ep1_t0.2_test_time 0.31168198585510254
Save ckpt to ckpt/ag_news_transformeral_l5ad_pad125//ag_news_transformeral_l5.pt  ,ep 1
Test Epoch1 threshold 0.3 Acc 0.9174342105263158, AUC 0.9775422215461731, avg_entr 0.07940656691789627
ep1_t0.3_test_time 0.2924208641052246
Test Epoch1 threshold 0.4 Acc 0.9175986842105263, AUC 0.9783912301063538, avg_entr 0.09169997274875641
ep1_t0.4_test_time 0.27189064025878906
Save ckpt to ckpt/ag_news_transformeral_l5ad_pad125//ag_news_transformeral_l5.pt  ,ep 1
Test Epoch1 threshold 0.5 Acc 0.9146381578947368, AUC 0.9785875082015991, avg_entr 0.0997198298573494
ep1_t0.5_test_time 0.2256619930267334
Save ckpt to ckpt/ag_news_transformeral_l5ad_pad125//ag_news_transformeral_l5.pt  ,ep 1
Test Epoch1 threshold 0.6 Acc 0.9139802631578947, AUC 0.9786347150802612, avg_entr 0.10175421088933945
ep1_t0.6_test_time 0.19104909896850586
Save ckpt to ckpt/ag_news_transformeral_l5ad_pad125//ag_news_transformeral_l5.pt  ,ep 1
Test Epoch1 threshold 0.7 Acc 0.9139802631578947, AUC 0.9786347150802612, avg_entr 0.10175421088933945
ep1_t0.7_test_time 0.19184207916259766
Save ckpt to ckpt/ag_news_transformeral_l5ad_pad125//ag_news_transformeral_l5.pt  ,ep 1
Test Epoch1 threshold 0.8 Acc 0.9139802631578947, AUC 0.9786347150802612, avg_entr 0.10175421088933945
ep1_t0.8_test_time 0.19260120391845703
Save ckpt to ckpt/ag_news_transformeral_l5ad_pad125//ag_news_transformeral_l5.pt  ,ep 1
Test Epoch1 threshold 0.9 Acc 0.9139802631578947, AUC 0.9786347150802612, avg_entr 0.10175421088933945
ep1_t0.9_test_time 0.19179677963256836
Save ckpt to ckpt/ag_news_transformeral_l5ad_pad125//ag_news_transformeral_l5.pt  ,ep 1
gc 0
Train Epoch2 Acc 0.936825 (112419/120000), AUC 0.987797737121582
ep2_train_time 56.83325934410095
Test Epoch2 threshold 0.1 Acc 0.9190789473684211, AUC 0.9775148630142212, avg_entr 0.04295175522565842
ep2_t0.1_test_time 0.3210749626159668
Test Epoch2 threshold 0.2 Acc 0.9189144736842105, AUC 0.9776339530944824, avg_entr 0.05355914682149887
ep2_t0.2_test_time 0.29991650581359863
Test Epoch2 threshold 0.3 Acc 0.91875, AUC 0.9785364866256714, avg_entr 0.06474119424819946
ep2_t0.3_test_time 0.2891683578491211
Test Epoch2 threshold 0.4 Acc 0.9177631578947368, AUC 0.9793053865432739, avg_entr 0.07729986310005188
ep2_t0.4_test_time 0.2602806091308594
Save ckpt to ckpt/ag_news_transformeral_l5ad_pad125//ag_news_transformeral_l5.pt  ,ep 2
Test Epoch2 threshold 0.5 Acc 0.9154605263157894, AUC 0.9794269800186157, avg_entr 0.083954356610775
ep2_t0.5_test_time 0.20929551124572754
Save ckpt to ckpt/ag_news_transformeral_l5ad_pad125//ag_news_transformeral_l5.pt  ,ep 2
Test Epoch2 threshold 0.6 Acc 0.9161184210526315, AUC 0.9794512987136841, avg_entr 0.08567911386489868
ep2_t0.6_test_time 0.19163131713867188
Save ckpt to ckpt/ag_news_transformeral_l5ad_pad125//ag_news_transformeral_l5.pt  ,ep 2
Test Epoch2 threshold 0.7 Acc 0.9161184210526315, AUC 0.9794512987136841, avg_entr 0.08567911386489868
ep2_t0.7_test_time 0.19101881980895996
Save ckpt to ckpt/ag_news_transformeral_l5ad_pad125//ag_news_transformeral_l5.pt  ,ep 2
Test Epoch2 threshold 0.8 Acc 0.9161184210526315, AUC 0.9794512987136841, avg_entr 0.08567911386489868
ep2_t0.8_test_time 0.19372773170471191
Save ckpt to ckpt/ag_news_transformeral_l5ad_pad125//ag_news_transformeral_l5.pt  ,ep 2
Test Epoch2 threshold 0.9 Acc 0.9161184210526315, AUC 0.9794512987136841, avg_entr 0.08567911386489868
ep2_t0.9_test_time 0.19069552421569824
Save ckpt to ckpt/ag_news_transformeral_l5ad_pad125//ag_news_transformeral_l5.pt  ,ep 2
gc 0
Train Epoch3 Acc 0.9423083333333333 (113077/120000), AUC 0.989812970161438
ep3_train_time 56.925451040267944
Test Epoch3 threshold 0.1 Acc 0.9151315789473684, AUC 0.9764189124107361, avg_entr 0.03715112805366516
ep3_t0.1_test_time 0.3163890838623047
Test Epoch3 threshold 0.2 Acc 0.915296052631579, AUC 0.9772146344184875, avg_entr 0.04738544672727585
ep3_t0.2_test_time 0.29743218421936035
Test Epoch3 threshold 0.3 Acc 0.915625, AUC 0.9780253171920776, avg_entr 0.05802525579929352
ep3_t0.3_test_time 0.2817847728729248
Test Epoch3 threshold 0.4 Acc 0.9174342105263158, AUC 0.9794695377349854, avg_entr 0.07152079045772552
ep3_t0.4_test_time 0.2414689064025879
Save ckpt to ckpt/ag_news_transformeral_l5ad_pad125//ag_news_transformeral_l5.pt  ,ep 3
Test Epoch3 threshold 0.5 Acc 0.9154605263157894, AUC 0.9795937538146973, avg_entr 0.0777892991900444
ep3_t0.5_test_time 0.20880532264709473
Save ckpt to ckpt/ag_news_transformeral_l5ad_pad125//ag_news_transformeral_l5.pt  ,ep 3
Test Epoch3 threshold 0.6 Acc 0.915625, AUC 0.979743242263794, avg_entr 0.0799390971660614
ep3_t0.6_test_time 0.19151711463928223
Save ckpt to ckpt/ag_news_transformeral_l5ad_pad125//ag_news_transformeral_l5.pt  ,ep 3
Test Epoch3 threshold 0.7 Acc 0.915625, AUC 0.979743242263794, avg_entr 0.0799390971660614
ep3_t0.7_test_time 0.1926271915435791
Save ckpt to ckpt/ag_news_transformeral_l5ad_pad125//ag_news_transformeral_l5.pt  ,ep 3
Test Epoch3 threshold 0.8 Acc 0.915625, AUC 0.979743242263794, avg_entr 0.0799390971660614
ep3_t0.8_test_time 0.19196295738220215
Save ckpt to ckpt/ag_news_transformeral_l5ad_pad125//ag_news_transformeral_l5.pt  ,ep 3
Test Epoch3 threshold 0.9 Acc 0.915625, AUC 0.979743242263794, avg_entr 0.0799390971660614
ep3_t0.9_test_time 0.1917576789855957
Save ckpt to ckpt/ag_news_transformeral_l5ad_pad125//ag_news_transformeral_l5.pt  ,ep 3
gc 0
Train Epoch4 Acc 0.9448166666666666 (113378/120000), AUC 0.9904801845550537
ep4_train_time 56.95890426635742
Test Epoch4 threshold 0.1 Acc 0.9167763157894737, AUC 0.9761049747467041, avg_entr 0.03471101075410843
ep4_t0.1_test_time 0.31270384788513184
Test Epoch4 threshold 0.2 Acc 0.9169407894736842, AUC 0.977274477481842, avg_entr 0.04436555132269859
ep4_t0.2_test_time 0.29546022415161133
Test Epoch4 threshold 0.3 Acc 0.9174342105263158, AUC 0.9783406257629395, avg_entr 0.05499150976538658
ep4_t0.3_test_time 0.27875614166259766
Test Epoch4 threshold 0.4 Acc 0.9174342105263158, AUC 0.9794950485229492, avg_entr 0.06820148229598999
ep4_t0.4_test_time 0.23503589630126953
Test Epoch4 threshold 0.5 Acc 0.915296052631579, AUC 0.9797371029853821, avg_entr 0.07428541034460068
ep4_t0.5_test_time 0.20529413223266602
Test Epoch4 threshold 0.6 Acc 0.9149671052631579, AUC 0.9798484444618225, avg_entr 0.07617514580488205
ep4_t0.6_test_time 0.18873190879821777
Save ckpt to ckpt/ag_news_transformeral_l5ad_pad125//ag_news_transformeral_l5.pt  ,ep 4
Test Epoch4 threshold 0.7 Acc 0.9149671052631579, AUC 0.9798484444618225, avg_entr 0.07617514580488205
ep4_t0.7_test_time 0.19031691551208496
Save ckpt to ckpt/ag_news_transformeral_l5ad_pad125//ag_news_transformeral_l5.pt  ,ep 4
Test Epoch4 threshold 0.8 Acc 0.9149671052631579, AUC 0.9798484444618225, avg_entr 0.07617514580488205
ep4_t0.8_test_time 0.19094228744506836
Save ckpt to ckpt/ag_news_transformeral_l5ad_pad125//ag_news_transformeral_l5.pt  ,ep 4
Test Epoch4 threshold 0.9 Acc 0.9149671052631579, AUC 0.9798484444618225, avg_entr 0.07617514580488205
ep4_t0.9_test_time 0.19119668006896973
Save ckpt to ckpt/ag_news_transformeral_l5ad_pad125//ag_news_transformeral_l5.pt  ,ep 4
gc 0
Train Epoch5 Acc 0.9459583333333333 (113515/120000), AUC 0.9910215139389038
ep5_train_time 56.97007465362549
Test Epoch5 threshold 0.1 Acc 0.9174342105263158, AUC 0.9758579730987549, avg_entr 0.034121111035346985
ep5_t0.1_test_time 0.31267499923706055
Test Epoch5 threshold 0.2 Acc 0.9175986842105263, AUC 0.9767282009124756, avg_entr 0.04318968206644058
ep5_t0.2_test_time 0.2960491180419922
Test Epoch5 threshold 0.3 Acc 0.9179276315789474, AUC 0.9783247113227844, avg_entr 0.05403667315840721
ep5_t0.3_test_time 0.2792527675628662
Test Epoch5 threshold 0.4 Acc 0.9180921052631579, AUC 0.9795096516609192, avg_entr 0.0670885369181633
ep5_t0.4_test_time 0.2349379062652588
Test Epoch5 threshold 0.5 Acc 0.9162828947368421, AUC 0.979802131652832, avg_entr 0.07285688072443008
ep5_t0.5_test_time 0.20511388778686523
Test Epoch5 threshold 0.6 Acc 0.9159539473684211, AUC 0.9798809289932251, avg_entr 0.0746665671467781
ep5_t0.6_test_time 0.19002985954284668
Save ckpt to ckpt/ag_news_transformeral_l5ad_pad125//ag_news_transformeral_l5.pt  ,ep 5
Test Epoch5 threshold 0.7 Acc 0.9159539473684211, AUC 0.9798809289932251, avg_entr 0.0746665671467781
ep5_t0.7_test_time 0.19105839729309082
Save ckpt to ckpt/ag_news_transformeral_l5ad_pad125//ag_news_transformeral_l5.pt  ,ep 5
Test Epoch5 threshold 0.8 Acc 0.9159539473684211, AUC 0.9798809289932251, avg_entr 0.0746665671467781
ep5_t0.8_test_time 0.19427156448364258
Save ckpt to ckpt/ag_news_transformeral_l5ad_pad125//ag_news_transformeral_l5.pt  ,ep 5
Test Epoch5 threshold 0.9 Acc 0.9159539473684211, AUC 0.9798809289932251, avg_entr 0.0746665671467781
ep5_t0.9_test_time 0.19241094589233398
Save ckpt to ckpt/ag_news_transformeral_l5ad_pad125//ag_news_transformeral_l5.pt  ,ep 5
gc 0
Train Epoch6 Acc 0.9463166666666667 (113558/120000), AUC 0.9911822080612183
ep6_train_time 56.85309720039368
Test Epoch6 threshold 0.1 Acc 0.9164473684210527, AUC 0.9760600924491882, avg_entr 0.03391219675540924
ep6_t0.1_test_time 0.31192493438720703
Test Epoch6 threshold 0.2 Acc 0.9164473684210527, AUC 0.9767073392868042, avg_entr 0.04282500967383385
ep6_t0.2_test_time 0.2947852611541748
Test Epoch6 threshold 0.3 Acc 0.9174342105263158, AUC 0.9784427285194397, avg_entr 0.05408654361963272
ep6_t0.3_test_time 0.2783222198486328
Test Epoch6 threshold 0.4 Acc 0.9180921052631579, AUC 0.9796326756477356, avg_entr 0.06651884317398071
ep6_t0.4_test_time 0.22921991348266602
Test Epoch6 threshold 0.5 Acc 0.9166118421052631, AUC 0.979808509349823, avg_entr 0.07239257544279099
ep6_t0.5_test_time 0.20253419876098633
Test Epoch6 threshold 0.6 Acc 0.9166118421052631, AUC 0.9798905253410339, avg_entr 0.07411142438650131
ep6_t0.6_test_time 0.1887974739074707
Save ckpt to ckpt/ag_news_transformeral_l5ad_pad125//ag_news_transformeral_l5.pt  ,ep 6
Test Epoch6 threshold 0.7 Acc 0.9166118421052631, AUC 0.9798905253410339, avg_entr 0.07411142438650131
ep6_t0.7_test_time 0.1938014030456543
Save ckpt to ckpt/ag_news_transformeral_l5ad_pad125//ag_news_transformeral_l5.pt  ,ep 6
Test Epoch6 threshold 0.8 Acc 0.9166118421052631, AUC 0.9798905253410339, avg_entr 0.07411142438650131
ep6_t0.8_test_time 0.19487404823303223
Save ckpt to ckpt/ag_news_transformeral_l5ad_pad125//ag_news_transformeral_l5.pt  ,ep 6
Test Epoch6 threshold 0.9 Acc 0.9166118421052631, AUC 0.9798905253410339, avg_entr 0.07411142438650131
ep6_t0.9_test_time 0.19038605690002441
Save ckpt to ckpt/ag_news_transformeral_l5ad_pad125//ag_news_transformeral_l5.pt  ,ep 6
gc 0
Train Epoch7 Acc 0.9460833333333334 (113530/120000), AUC 0.9909858703613281
ep7_train_time 56.8882999420166
Test Epoch7 threshold 0.1 Acc 0.9164473684210527, AUC 0.9759673476219177, avg_entr 0.03385329619050026
ep7_t0.1_test_time 0.31073713302612305
Test Epoch7 threshold 0.2 Acc 0.9164473684210527, AUC 0.9766055345535278, avg_entr 0.04283622279763222
ep7_t0.2_test_time 0.29500532150268555
Test Epoch7 threshold 0.3 Acc 0.9174342105263158, AUC 0.9785349369049072, avg_entr 0.05409512296319008
ep7_t0.3_test_time 0.2793152332305908
Test Epoch7 threshold 0.4 Acc 0.9180921052631579, AUC 0.9796180129051208, avg_entr 0.06657035648822784
ep7_t0.4_test_time 0.22925901412963867
Test Epoch7 threshold 0.5 Acc 0.9166118421052631, AUC 0.9798074960708618, avg_entr 0.0723746195435524
ep7_t0.5_test_time 0.20312070846557617
Test Epoch7 threshold 0.6 Acc 0.9164473684210527, AUC 0.9798896908760071, avg_entr 0.07409562170505524
ep7_t0.6_test_time 0.18888545036315918
Test Epoch7 threshold 0.7 Acc 0.9164473684210527, AUC 0.9798896908760071, avg_entr 0.07409562170505524
ep7_t0.7_test_time 0.1887812614440918
Test Epoch7 threshold 0.8 Acc 0.9164473684210527, AUC 0.9798896908760071, avg_entr 0.07409562170505524
ep7_t0.8_test_time 0.18869590759277344
Test Epoch7 threshold 0.9 Acc 0.9164473684210527, AUC 0.9798896908760071, avg_entr 0.07409562170505524
ep7_t0.9_test_time 0.1889786720275879
gc 0
Train Epoch8 Acc 0.9463916666666666 (113567/120000), AUC 0.9910846948623657
ep8_train_time 56.91287541389465
Test Epoch8 threshold 0.1 Acc 0.9164473684210527, AUC 0.9759743809700012, avg_entr 0.03381240367889404
ep8_t0.1_test_time 0.31757020950317383
Test Epoch8 threshold 0.2 Acc 0.9164473684210527, AUC 0.9766526222229004, avg_entr 0.042847272008657455
ep8_t0.2_test_time 0.2951784133911133
Test Epoch8 threshold 0.3 Acc 0.9174342105263158, AUC 0.9785257577896118, avg_entr 0.05407366529107094
ep8_t0.3_test_time 0.27733302116394043
Test Epoch8 threshold 0.4 Acc 0.9180921052631579, AUC 0.9796190857887268, avg_entr 0.06656599044799805
ep8_t0.4_test_time 0.22874236106872559
Test Epoch8 threshold 0.5 Acc 0.9166118421052631, AUC 0.979809582233429, avg_entr 0.07239119708538055
ep8_t0.5_test_time 0.2018907070159912
Test Epoch8 threshold 0.6 Acc 0.9164473684210527, AUC 0.979889988899231, avg_entr 0.07409349083900452
ep8_t0.6_test_time 0.18854832649230957
Test Epoch8 threshold 0.7 Acc 0.9164473684210527, AUC 0.979889988899231, avg_entr 0.07409349083900452
ep8_t0.7_test_time 0.18834471702575684
Test Epoch8 threshold 0.8 Acc 0.9164473684210527, AUC 0.979889988899231, avg_entr 0.07409349083900452
ep8_t0.8_test_time 0.18892216682434082
Test Epoch8 threshold 0.9 Acc 0.9164473684210527, AUC 0.979889988899231, avg_entr 0.07409349083900452
ep8_t0.9_test_time 0.18839764595031738
gc 0
Train Epoch9 Acc 0.9463416666666666 (113561/120000), AUC 0.9911444187164307
ep9_train_time 57.03678250312805
Test Epoch9 threshold 0.1 Acc 0.9164473684210527, AUC 0.9759727716445923, avg_entr 0.03381061181426048
ep9_t0.1_test_time 0.31131863594055176
Test Epoch9 threshold 0.2 Acc 0.9164473684210527, AUC 0.9766521453857422, avg_entr 0.042839180678129196
ep9_t0.2_test_time 0.294262170791626
Test Epoch9 threshold 0.3 Acc 0.9174342105263158, AUC 0.9785271883010864, avg_entr 0.05404350906610489
ep9_t0.3_test_time 0.27744364738464355
Test Epoch9 threshold 0.4 Acc 0.9180921052631579, AUC 0.9796179533004761, avg_entr 0.0665542483329773
ep9_t0.4_test_time 0.2287275791168213
Test Epoch9 threshold 0.5 Acc 0.9166118421052631, AUC 0.9798095226287842, avg_entr 0.07238239794969559
ep9_t0.5_test_time 0.2026522159576416
Test Epoch9 threshold 0.6 Acc 0.9164473684210527, AUC 0.9798901081085205, avg_entr 0.07408499717712402
ep9_t0.6_test_time 0.1891648769378662
Test Epoch9 threshold 0.7 Acc 0.9164473684210527, AUC 0.9798901081085205, avg_entr 0.07408499717712402
ep9_t0.7_test_time 0.18871068954467773
Test Epoch9 threshold 0.8 Acc 0.9164473684210527, AUC 0.9798901081085205, avg_entr 0.07408499717712402
ep9_t0.8_test_time 0.18907403945922852
Test Epoch9 threshold 0.9 Acc 0.9164473684210527, AUC 0.9798901081085205, avg_entr 0.07408499717712402
ep9_t0.9_test_time 0.18888616561889648
gc 0
Train Epoch10 Acc 0.9462 (113544/120000), AUC 0.9910916090011597
ep10_train_time 56.85272192955017
Test Epoch10 threshold 0.1 Acc 0.9164473684210527, AUC 0.9759726524353027, avg_entr 0.033803507685661316
ep10_t0.1_test_time 0.3119199275970459
Test Epoch10 threshold 0.2 Acc 0.9164473684210527, AUC 0.9766512513160706, avg_entr 0.042847100645303726
ep10_t0.2_test_time 0.294827938079834
Test Epoch10 threshold 0.3 Acc 0.9174342105263158, AUC 0.9785246253013611, avg_entr 0.05406287685036659
ep10_t0.3_test_time 0.2781999111175537
Test Epoch10 threshold 0.4 Acc 0.9180921052631579, AUC 0.9796174764633179, avg_entr 0.06655286252498627
ep10_t0.4_test_time 0.22893977165222168
Test Epoch10 threshold 0.5 Acc 0.9166118421052631, AUC 0.9798094034194946, avg_entr 0.07238160073757172
ep10_t0.5_test_time 0.20270824432373047
Test Epoch10 threshold 0.6 Acc 0.9164473684210527, AUC 0.9798900485038757, avg_entr 0.0740845799446106
ep10_t0.6_test_time 0.18872714042663574
Test Epoch10 threshold 0.7 Acc 0.9164473684210527, AUC 0.9798900485038757, avg_entr 0.0740845799446106
ep10_t0.7_test_time 0.18841338157653809
Test Epoch10 threshold 0.8 Acc 0.9164473684210527, AUC 0.9798900485038757, avg_entr 0.0740845799446106
ep10_t0.8_test_time 0.18914294242858887
Test Epoch10 threshold 0.9 Acc 0.9164473684210527, AUC 0.9798900485038757, avg_entr 0.0740845799446106
ep10_t0.9_test_time 0.1887071132659912
gc 0
Train Epoch11 Acc 0.9464083333333333 (113569/120000), AUC 0.9912210702896118
ep11_train_time 56.805487871170044
Test Epoch11 threshold 0.1 Acc 0.9164473684210527, AUC 0.9759716391563416, avg_entr 0.03380070999264717
ep11_t0.1_test_time 0.3106424808502197
Test Epoch11 threshold 0.2 Acc 0.9164473684210527, AUC 0.9766503572463989, avg_entr 0.04284517467021942
ep11_t0.2_test_time 0.2944047451019287
Test Epoch11 threshold 0.3 Acc 0.9174342105263158, AUC 0.9785279035568237, avg_entr 0.05401328206062317
ep11_t0.3_test_time 0.2775890827178955
Test Epoch11 threshold 0.4 Acc 0.9180921052631579, AUC 0.9796173572540283, avg_entr 0.06655175238847733
ep11_t0.4_test_time 0.2284560203552246
Test Epoch11 threshold 0.5 Acc 0.9166118421052631, AUC 0.9798096418380737, avg_entr 0.07238056510686874
ep11_t0.5_test_time 0.2025160789489746
Test Epoch11 threshold 0.6 Acc 0.9164473684210527, AUC 0.9798901081085205, avg_entr 0.07408379763364792
ep11_t0.6_test_time 0.18886423110961914
Test Epoch11 threshold 0.7 Acc 0.9164473684210527, AUC 0.9798901081085205, avg_entr 0.07408379763364792
ep11_t0.7_test_time 0.1888277530670166
Test Epoch11 threshold 0.8 Acc 0.9164473684210527, AUC 0.9798901081085205, avg_entr 0.07408379763364792
ep11_t0.8_test_time 0.18835163116455078
Test Epoch11 threshold 0.9 Acc 0.9164473684210527, AUC 0.9798901081085205, avg_entr 0.07408379763364792
ep11_t0.9_test_time 0.18895292282104492
gc 0
Train Epoch12 Acc 0.9463333333333334 (113560/120000), AUC 0.991127610206604
ep12_train_time 56.77458119392395
Test Epoch12 threshold 0.1 Acc 0.9164473684210527, AUC 0.975970447063446, avg_entr 0.033796653151512146
ep12_t0.1_test_time 0.3104710578918457
Test Epoch12 threshold 0.2 Acc 0.9164473684210527, AUC 0.9766499400138855, avg_entr 0.042841844260692596
ep12_t0.2_test_time 0.29413580894470215
Test Epoch12 threshold 0.3 Acc 0.9174342105263158, AUC 0.9785256385803223, avg_entr 0.05403221398591995
ep12_t0.3_test_time 0.27720212936401367
Test Epoch12 threshold 0.4 Acc 0.9180921052631579, AUC 0.9796174764633179, avg_entr 0.06654970347881317
ep12_t0.4_test_time 0.22913384437561035
Test Epoch12 threshold 0.5 Acc 0.9166118421052631, AUC 0.9798096418380737, avg_entr 0.07237917184829712
ep12_t0.5_test_time 0.20241451263427734
Test Epoch12 threshold 0.6 Acc 0.9164473684210527, AUC 0.9798901677131653, avg_entr 0.07408273220062256
ep12_t0.6_test_time 0.18858695030212402
Test Epoch12 threshold 0.7 Acc 0.9164473684210527, AUC 0.9798901677131653, avg_entr 0.07408273220062256
ep12_t0.7_test_time 0.18860101699829102
Test Epoch12 threshold 0.8 Acc 0.9164473684210527, AUC 0.9798901677131653, avg_entr 0.07408273220062256
ep12_t0.8_test_time 0.18877100944519043
Test Epoch12 threshold 0.9 Acc 0.9164473684210527, AUC 0.9798901677131653, avg_entr 0.07408273220062256
ep12_t0.9_test_time 0.18923687934875488
gc 0
Train Epoch13 Acc 0.9464916666666666 (113579/120000), AUC 0.9911607503890991
ep13_train_time 56.937870264053345
Test Epoch13 threshold 0.1 Acc 0.9164473684210527, AUC 0.9759677052497864, avg_entr 0.03379662707448006
ep13_t0.1_test_time 0.31029558181762695
Test Epoch13 threshold 0.2 Acc 0.9164473684210527, AUC 0.9766490459442139, avg_entr 0.042837243527173996
ep13_t0.2_test_time 0.2946310043334961
Test Epoch13 threshold 0.3 Acc 0.9174342105263158, AUC 0.9785251617431641, avg_entr 0.05402793735265732
ep13_t0.3_test_time 0.27735280990600586
Test Epoch13 threshold 0.4 Acc 0.9180921052631579, AUC 0.9796173572540283, avg_entr 0.06654734909534454
ep13_t0.4_test_time 0.22940850257873535
Test Epoch13 threshold 0.5 Acc 0.9166118421052631, AUC 0.9798096418380737, avg_entr 0.07237730175256729
ep13_t0.5_test_time 0.20259690284729004
Test Epoch13 threshold 0.6 Acc 0.9164473684210527, AUC 0.9798902869224548, avg_entr 0.07408114522695541
ep13_t0.6_test_time 0.18905210494995117
Test Epoch13 threshold 0.7 Acc 0.9164473684210527, AUC 0.9798902869224548, avg_entr 0.07408114522695541
ep13_t0.7_test_time 0.18886876106262207
Test Epoch13 threshold 0.8 Acc 0.9164473684210527, AUC 0.9798902869224548, avg_entr 0.07408114522695541
ep13_t0.8_test_time 0.1890571117401123
Test Epoch13 threshold 0.9 Acc 0.9164473684210527, AUC 0.9798902869224548, avg_entr 0.07408114522695541
ep13_t0.9_test_time 0.18861699104309082
gc 0
Train Epoch14 Acc 0.9465416666666666 (113585/120000), AUC 0.9911026954650879
ep14_train_time 56.87464642524719
Test Epoch14 threshold 0.1 Acc 0.9164473684210527, AUC 0.97596675157547, avg_entr 0.03379486873745918
ep14_t0.1_test_time 0.3106405735015869
Test Epoch14 threshold 0.2 Acc 0.9164473684210527, AUC 0.976648211479187, avg_entr 0.04283422604203224
ep14_t0.2_test_time 0.294391393661499
Test Epoch14 threshold 0.3 Acc 0.9174342105263158, AUC 0.9785246849060059, avg_entr 0.05402489751577377
ep14_t0.3_test_time 0.27785754203796387
Test Epoch14 threshold 0.4 Acc 0.9180921052631579, AUC 0.9796169996261597, avg_entr 0.06654452532529831
ep14_t0.4_test_time 0.22894763946533203
Test Epoch14 threshold 0.5 Acc 0.9166118421052631, AUC 0.9798094034194946, avg_entr 0.07237455248832703
ep14_t0.5_test_time 0.20116591453552246
Test Epoch14 threshold 0.6 Acc 0.9164473684210527, AUC 0.9798901081085205, avg_entr 0.07407855242490768
ep14_t0.6_test_time 0.18831801414489746
Test Epoch14 threshold 0.7 Acc 0.9164473684210527, AUC 0.9798901081085205, avg_entr 0.07407855242490768
ep14_t0.7_test_time 0.18834733963012695
Test Epoch14 threshold 0.8 Acc 0.9164473684210527, AUC 0.9798901081085205, avg_entr 0.07407855242490768
ep14_t0.8_test_time 0.18819642066955566
Test Epoch14 threshold 0.9 Acc 0.9164473684210527, AUC 0.9798901081085205, avg_entr 0.07407855242490768
ep14_t0.9_test_time 0.18866658210754395
gc 0
Train Epoch15 Acc 0.9464416666666666 (113573/120000), AUC 0.9910802841186523
ep15_train_time 56.9622266292572
Test Epoch15 threshold 0.1 Acc 0.9164473684210527, AUC 0.9759656190872192, avg_entr 0.03378967195749283
ep15_t0.1_test_time 0.31147241592407227
Test Epoch15 threshold 0.2 Acc 0.9164473684210527, AUC 0.9766560792922974, avg_entr 0.04283643886446953
ep15_t0.2_test_time 0.2946617603302002
Test Epoch15 threshold 0.3 Acc 0.9174342105263158, AUC 0.9785244464874268, avg_entr 0.054020754992961884
ep15_t0.3_test_time 0.2774815559387207
Test Epoch15 threshold 0.4 Acc 0.9180921052631579, AUC 0.9796168804168701, avg_entr 0.0665401741862297
ep15_t0.4_test_time 0.23054957389831543
Test Epoch15 threshold 0.5 Acc 0.9166118421052631, AUC 0.9798094034194946, avg_entr 0.07237055897712708
ep15_t0.5_test_time 0.2022397518157959
Test Epoch15 threshold 0.6 Acc 0.9164473684210527, AUC 0.9798900485038757, avg_entr 0.07407469302415848
ep15_t0.6_test_time 0.18868374824523926
Test Epoch15 threshold 0.7 Acc 0.9164473684210527, AUC 0.9798900485038757, avg_entr 0.07407469302415848
ep15_t0.7_test_time 0.18810009956359863
Test Epoch15 threshold 0.8 Acc 0.9164473684210527, AUC 0.9798900485038757, avg_entr 0.07407469302415848
ep15_t0.8_test_time 0.18858909606933594
Test Epoch15 threshold 0.9 Acc 0.9164473684210527, AUC 0.9798900485038757, avg_entr 0.07407469302415848
ep15_t0.9_test_time 0.18868541717529297
gc 0
Train Epoch16 Acc 0.94635 (113562/120000), AUC 0.9911118745803833
ep16_train_time 56.88067173957825
Test Epoch16 threshold 0.1 Acc 0.9164473684210527, AUC 0.9759646654129028, avg_entr 0.033782847225666046
ep16_t0.1_test_time 0.311328649520874
Test Epoch16 threshold 0.2 Acc 0.9164473684210527, AUC 0.9766507148742676, avg_entr 0.04282441735267639
ep16_t0.2_test_time 0.2950246334075928
Test Epoch16 threshold 0.3 Acc 0.9174342105263158, AUC 0.9785232543945312, avg_entr 0.05401446297764778
ep16_t0.3_test_time 0.27789902687072754
Test Epoch16 threshold 0.4 Acc 0.9180921052631579, AUC 0.9796168208122253, avg_entr 0.0665343850851059
ep16_t0.4_test_time 0.2288355827331543
Test Epoch16 threshold 0.5 Acc 0.9166118421052631, AUC 0.9798092842102051, avg_entr 0.07236529886722565
ep16_t0.5_test_time 0.20369458198547363
Test Epoch16 threshold 0.6 Acc 0.9164473684210527, AUC 0.9798901081085205, avg_entr 0.0740697979927063
ep16_t0.6_test_time 0.19127941131591797
Test Epoch16 threshold 0.7 Acc 0.9164473684210527, AUC 0.9798901081085205, avg_entr 0.0740697979927063
ep16_t0.7_test_time 0.19074225425720215
Test Epoch16 threshold 0.8 Acc 0.9164473684210527, AUC 0.9798901081085205, avg_entr 0.0740697979927063
ep16_t0.8_test_time 0.18911099433898926
Test Epoch16 threshold 0.9 Acc 0.9164473684210527, AUC 0.9798901081085205, avg_entr 0.0740697979927063
ep16_t0.9_test_time 0.1894092559814453
gc 0
Train Epoch17 Acc 0.946225 (113547/120000), AUC 0.9911720752716064
ep17_train_time 56.92353677749634
Test Epoch17 threshold 0.1 Acc 0.9164473684210527, AUC 0.9759639501571655, avg_entr 0.03377893194556236
ep17_t0.1_test_time 0.31096601486206055
Test Epoch17 threshold 0.2 Acc 0.9164473684210527, AUC 0.9766499996185303, avg_entr 0.04281933605670929
ep17_t0.2_test_time 0.29468226432800293
Test Epoch17 threshold 0.3 Acc 0.9174342105263158, AUC 0.9785234332084656, avg_entr 0.05400902032852173
ep17_t0.3_test_time 0.2773120403289795
Test Epoch17 threshold 0.4 Acc 0.9180921052631579, AUC 0.9796165823936462, avg_entr 0.06652920693159103
ep17_t0.4_test_time 0.22953462600708008
Test Epoch17 threshold 0.5 Acc 0.9166118421052631, AUC 0.9798092842102051, avg_entr 0.0723603144288063
ep17_t0.5_test_time 0.2020554542541504
Test Epoch17 threshold 0.6 Acc 0.9164473684210527, AUC 0.9798901081085205, avg_entr 0.0740649551153183
ep17_t0.6_test_time 0.18850493431091309
Test Epoch17 threshold 0.7 Acc 0.9164473684210527, AUC 0.9798901081085205, avg_entr 0.0740649551153183
ep17_t0.7_test_time 0.18857645988464355
Test Epoch17 threshold 0.8 Acc 0.9164473684210527, AUC 0.9798901081085205, avg_entr 0.0740649551153183
ep17_t0.8_test_time 0.18946123123168945
Test Epoch17 threshold 0.9 Acc 0.9164473684210527, AUC 0.9798901081085205, avg_entr 0.0740649551153183
ep17_t0.9_test_time 0.1889650821685791
gc 0
Train Epoch18 Acc 0.9464416666666666 (113573/120000), AUC 0.9911214113235474
ep18_train_time 56.974337339401245
Test Epoch18 threshold 0.1 Acc 0.9164473684210527, AUC 0.9759628772735596, avg_entr 0.0337735153734684
ep18_t0.1_test_time 0.3128499984741211
Test Epoch18 threshold 0.2 Acc 0.9164473684210527, AUC 0.9766490459442139, avg_entr 0.04281311109662056
ep18_t0.2_test_time 0.296097993850708
Test Epoch18 threshold 0.3 Acc 0.9174342105263158, AUC 0.9785228371620178, avg_entr 0.05400281026959419
ep18_t0.3_test_time 0.2777438163757324
Test Epoch18 threshold 0.4 Acc 0.9180921052631579, AUC 0.9796164035797119, avg_entr 0.06652357429265976
ep18_t0.4_test_time 0.2290794849395752
Test Epoch18 threshold 0.5 Acc 0.9166118421052631, AUC 0.9798092842102051, avg_entr 0.0723550021648407
ep18_t0.5_test_time 0.20280814170837402
Test Epoch18 threshold 0.6 Acc 0.9164473684210527, AUC 0.9798901081085205, avg_entr 0.07405995577573776
ep18_t0.6_test_time 0.18902373313903809
Test Epoch18 threshold 0.7 Acc 0.9164473684210527, AUC 0.9798901081085205, avg_entr 0.07405995577573776
ep18_t0.7_test_time 0.18915510177612305
Test Epoch18 threshold 0.8 Acc 0.9164473684210527, AUC 0.9798901081085205, avg_entr 0.07405995577573776
ep18_t0.8_test_time 0.18892478942871094
Test Epoch18 threshold 0.9 Acc 0.9164473684210527, AUC 0.9798901081085205, avg_entr 0.07405995577573776
ep18_t0.9_test_time 0.18969392776489258
gc 0
Train Epoch19 Acc 0.9465 (113580/120000), AUC 0.9911287426948547
ep19_train_time 57.046995401382446
Test Epoch19 threshold 0.1 Acc 0.9164473684210527, AUC 0.9759612083435059, avg_entr 0.03376670181751251
ep19_t0.1_test_time 0.31078004837036133
Test Epoch19 threshold 0.2 Acc 0.9164473684210527, AUC 0.9766481518745422, avg_entr 0.04280586168169975
ep19_t0.2_test_time 0.29483914375305176
Test Epoch19 threshold 0.3 Acc 0.9174342105263158, AUC 0.978520393371582, avg_entr 0.05402222275733948
ep19_t0.3_test_time 0.27805018424987793
Test Epoch19 threshold 0.4 Acc 0.9180921052631579, AUC 0.9796161651611328, avg_entr 0.06651747226715088
ep19_t0.4_test_time 0.22898507118225098
Test Epoch19 threshold 0.5 Acc 0.9166118421052631, AUC 0.9798092246055603, avg_entr 0.07234954088926315
ep19_t0.5_test_time 0.20234990119934082
Test Epoch19 threshold 0.6 Acc 0.9164473684210527, AUC 0.9798901677131653, avg_entr 0.0740545392036438
ep19_t0.6_test_time 0.18993020057678223
Test Epoch19 threshold 0.7 Acc 0.9164473684210527, AUC 0.9798901677131653, avg_entr 0.0740545392036438
ep19_t0.7_test_time 0.18885254859924316
Test Epoch19 threshold 0.8 Acc 0.9164473684210527, AUC 0.9798901677131653, avg_entr 0.0740545392036438
ep19_t0.8_test_time 0.18877267837524414
Test Epoch19 threshold 0.9 Acc 0.9164473684210527, AUC 0.9798901677131653, avg_entr 0.0740545392036438
ep19_t0.9_test_time 0.18845582008361816
gc 0
Train Epoch20 Acc 0.9464916666666666 (113579/120000), AUC 0.9911330342292786
ep20_train_time 57.018627882003784
Test Epoch20 threshold 0.1 Acc 0.9164473684210527, AUC 0.9759604930877686, avg_entr 0.03375397250056267
ep20_t0.1_test_time 0.3112015724182129
Test Epoch20 threshold 0.2 Acc 0.9164473684210527, AUC 0.9766449928283691, avg_entr 0.042814675718545914
ep20_t0.2_test_time 0.294964075088501
Test Epoch20 threshold 0.3 Acc 0.9174342105263158, AUC 0.9785200357437134, avg_entr 0.05401567742228508
ep20_t0.3_test_time 0.2776072025299072
Test Epoch20 threshold 0.4 Acc 0.9180921052631579, AUC 0.9796155691146851, avg_entr 0.06651142239570618
ep20_t0.4_test_time 0.22947072982788086
Test Epoch20 threshold 0.5 Acc 0.9166118421052631, AUC 0.9798088669776917, avg_entr 0.07234415411949158
ep20_t0.5_test_time 0.20232009887695312
Test Epoch20 threshold 0.6 Acc 0.9164473684210527, AUC 0.9798902273178101, avg_entr 0.07404933869838715
ep20_t0.6_test_time 0.18863224983215332
Test Epoch20 threshold 0.7 Acc 0.9164473684210527, AUC 0.9798902273178101, avg_entr 0.07404933869838715
ep20_t0.7_test_time 0.18833637237548828
Test Epoch20 threshold 0.8 Acc 0.9164473684210527, AUC 0.9798902273178101, avg_entr 0.07404933869838715
ep20_t0.8_test_time 0.18864822387695312
Test Epoch20 threshold 0.9 Acc 0.9164473684210527, AUC 0.9798902273178101, avg_entr 0.07404933869838715
ep20_t0.9_test_time 0.18927335739135742
gc 0
Train Epoch21 Acc 0.94635 (113562/120000), AUC 0.9910255670547485
ep21_train_time 57.02537822723389
Test Epoch21 threshold 0.1 Acc 0.9164473684210527, AUC 0.975959837436676, avg_entr 0.03375465050339699
ep21_t0.1_test_time 0.31075000762939453
Test Epoch21 threshold 0.2 Acc 0.9164473684210527, AUC 0.9766379594802856, avg_entr 0.04279012233018875
ep21_t0.2_test_time 0.2944455146789551
Test Epoch21 threshold 0.3 Acc 0.9174342105263158, AUC 0.9785194396972656, avg_entr 0.054010648280382156
ep21_t0.3_test_time 0.27826666831970215
Test Epoch21 threshold 0.4 Acc 0.9180921052631579, AUC 0.979615330696106, avg_entr 0.06650606542825699
ep21_t0.4_test_time 0.22900915145874023
Test Epoch21 threshold 0.5 Acc 0.9166118421052631, AUC 0.9798086881637573, avg_entr 0.07233878970146179
ep21_t0.5_test_time 0.20265412330627441
Test Epoch21 threshold 0.6 Acc 0.9164473684210527, AUC 0.979889988899231, avg_entr 0.07404428720474243
ep21_t0.6_test_time 0.18862318992614746
Test Epoch21 threshold 0.7 Acc 0.9164473684210527, AUC 0.979889988899231, avg_entr 0.07404428720474243
ep21_t0.7_test_time 0.1885209083557129
Test Epoch21 threshold 0.8 Acc 0.9164473684210527, AUC 0.979889988899231, avg_entr 0.07404428720474243
ep21_t0.8_test_time 0.18840670585632324
Test Epoch21 threshold 0.9 Acc 0.9164473684210527, AUC 0.979889988899231, avg_entr 0.07404428720474243
ep21_t0.9_test_time 0.18923592567443848
gc 0
Train Epoch22 Acc 0.94645 (113574/120000), AUC 0.9911319613456726
ep22_train_time 57.03876566886902
Test Epoch22 threshold 0.1 Acc 0.9164473684210527, AUC 0.9759603142738342, avg_entr 0.033739786595106125
ep22_t0.1_test_time 0.31115150451660156
Test Epoch22 threshold 0.2 Acc 0.9164473684210527, AUC 0.9766374230384827, avg_entr 0.042783431708812714
ep22_t0.2_test_time 0.2946944236755371
Test Epoch22 threshold 0.3 Acc 0.9174342105263158, AUC 0.9785192012786865, avg_entr 0.05400394648313522
ep22_t0.3_test_time 0.2779414653778076
Test Epoch22 threshold 0.4 Acc 0.9180921052631579, AUC 0.9796151518821716, avg_entr 0.06650002300739288
ep22_t0.4_test_time 0.2313849925994873
Test Epoch22 threshold 0.5 Acc 0.9166118421052631, AUC 0.9798085689544678, avg_entr 0.07233332842588425
ep22_t0.5_test_time 0.20293807983398438
Test Epoch22 threshold 0.6 Acc 0.9164473684210527, AUC 0.9798900485038757, avg_entr 0.07403919100761414
ep22_t0.6_test_time 0.18878936767578125
Test Epoch22 threshold 0.7 Acc 0.9164473684210527, AUC 0.9798900485038757, avg_entr 0.07403919100761414
ep22_t0.7_test_time 0.18895435333251953
Test Epoch22 threshold 0.8 Acc 0.9164473684210527, AUC 0.9798900485038757, avg_entr 0.07403919100761414
ep22_t0.8_test_time 0.18853402137756348
Test Epoch22 threshold 0.9 Acc 0.9164473684210527, AUC 0.9798900485038757, avg_entr 0.07403919100761414
ep22_t0.9_test_time 0.1891777515411377
gc 0
Train Epoch23 Acc 0.9463833333333334 (113566/120000), AUC 0.9912759065628052
ep23_train_time 57.109009981155396
Test Epoch23 threshold 0.1 Acc 0.9164473684210527, AUC 0.9759590029716492, avg_entr 0.0337386392056942
ep23_t0.1_test_time 0.31197404861450195
Test Epoch23 threshold 0.2 Acc 0.9164473684210527, AUC 0.9766362905502319, avg_entr 0.04277763515710831
ep23_t0.2_test_time 0.2941920757293701
Test Epoch23 threshold 0.3 Acc 0.9172697368421052, AUC 0.978510856628418, avg_entr 0.05400120094418526
ep23_t0.3_test_time 0.27744483947753906
Test Epoch23 threshold 0.4 Acc 0.9180921052631579, AUC 0.9796149730682373, avg_entr 0.06649456918239594
ep23_t0.4_test_time 0.22867393493652344
Test Epoch23 threshold 0.5 Acc 0.9166118421052631, AUC 0.9798085689544678, avg_entr 0.07232813537120819
ep23_t0.5_test_time 0.2020893096923828
Test Epoch23 threshold 0.6 Acc 0.9164473684210527, AUC 0.9798901081085205, avg_entr 0.07403425127267838
ep23_t0.6_test_time 0.1885366439819336
Test Epoch23 threshold 0.7 Acc 0.9164473684210527, AUC 0.9798901081085205, avg_entr 0.07403425127267838
ep23_t0.7_test_time 0.18871569633483887
Test Epoch23 threshold 0.8 Acc 0.9164473684210527, AUC 0.9798901081085205, avg_entr 0.07403425127267838
ep23_t0.8_test_time 0.19098687171936035
Test Epoch23 threshold 0.9 Acc 0.9164473684210527, AUC 0.9798901081085205, avg_entr 0.07403425127267838
ep23_t0.9_test_time 0.1922290325164795
gc 0
Train Epoch24 Acc 0.9463416666666666 (113561/120000), AUC 0.9912403225898743
ep24_train_time 57.079296827316284
Test Epoch24 threshold 0.1 Acc 0.9164473684210527, AUC 0.9759585857391357, avg_entr 0.033726755529642105
ep24_t0.1_test_time 0.3105301856994629
Test Epoch24 threshold 0.2 Acc 0.9164473684210527, AUC 0.9766488075256348, avg_entr 0.04280005395412445
ep24_t0.2_test_time 0.2942662239074707
Test Epoch24 threshold 0.3 Acc 0.9172697368421052, AUC 0.9785080552101135, avg_entr 0.05402065068483353
ep24_t0.3_test_time 0.2776052951812744
Test Epoch24 threshold 0.4 Acc 0.9180921052631579, AUC 0.9796144366264343, avg_entr 0.06648867577314377
ep24_t0.4_test_time 0.22937393188476562
Test Epoch24 threshold 0.5 Acc 0.9166118421052631, AUC 0.9798083305358887, avg_entr 0.0723228007555008
ep24_t0.5_test_time 0.2023007869720459
Test Epoch24 threshold 0.6 Acc 0.9164473684210527, AUC 0.9798898696899414, avg_entr 0.07402913272380829
ep24_t0.6_test_time 0.18907594680786133
Test Epoch24 threshold 0.7 Acc 0.9164473684210527, AUC 0.9798898696899414, avg_entr 0.07402913272380829
ep24_t0.7_test_time 0.18891668319702148
Test Epoch24 threshold 0.8 Acc 0.9164473684210527, AUC 0.9798898696899414, avg_entr 0.07402913272380829
ep24_t0.8_test_time 0.18935656547546387
Test Epoch24 threshold 0.9 Acc 0.9164473684210527, AUC 0.9798898696899414, avg_entr 0.07402913272380829
ep24_t0.9_test_time 0.1892845630645752
gc 0
Train Epoch25 Acc 0.946275 (113553/120000), AUC 0.9911035895347595
ep25_train_time 57.2089958190918
Test Epoch25 threshold 0.1 Acc 0.9164473684210527, AUC 0.975957989692688, avg_entr 0.03372187912464142
ep25_t0.1_test_time 0.3110232353210449
Test Epoch25 threshold 0.2 Acc 0.9164473684210527, AUC 0.9766484498977661, avg_entr 0.042794156819581985
ep25_t0.2_test_time 0.2952408790588379
Test Epoch25 threshold 0.3 Acc 0.9172697368421052, AUC 0.9785077571868896, avg_entr 0.05401449277997017
ep25_t0.3_test_time 0.27790379524230957
Test Epoch25 threshold 0.4 Acc 0.9180921052631579, AUC 0.9796144366264343, avg_entr 0.06648293882608414
ep25_t0.4_test_time 0.22940540313720703
Test Epoch25 threshold 0.5 Acc 0.9166118421052631, AUC 0.9798084497451782, avg_entr 0.07231732457876205
ep25_t0.5_test_time 0.20267534255981445
Test Epoch25 threshold 0.6 Acc 0.9164473684210527, AUC 0.9798901677131653, avg_entr 0.07402390241622925
ep25_t0.6_test_time 0.18952679634094238
Test Epoch25 threshold 0.7 Acc 0.9164473684210527, AUC 0.9798901677131653, avg_entr 0.07402390241622925
ep25_t0.7_test_time 0.18963313102722168
Test Epoch25 threshold 0.8 Acc 0.9164473684210527, AUC 0.9798901677131653, avg_entr 0.07402390241622925
ep25_t0.8_test_time 0.18980813026428223
Test Epoch25 threshold 0.9 Acc 0.9164473684210527, AUC 0.9798901677131653, avg_entr 0.07402390241622925
ep25_t0.9_test_time 0.18952131271362305
gc 0
Train Epoch26 Acc 0.9463583333333333 (113563/120000), AUC 0.9911102056503296
ep26_train_time 57.070096492767334
Test Epoch26 threshold 0.1 Acc 0.9164473684210527, AUC 0.9759570360183716, avg_entr 0.03371569514274597
ep26_t0.1_test_time 0.31229305267333984
Test Epoch26 threshold 0.2 Acc 0.9164473684210527, AUC 0.9766474366188049, avg_entr 0.04278740659356117
ep26_t0.2_test_time 0.29462432861328125
Test Epoch26 threshold 0.3 Acc 0.9172697368421052, AUC 0.9785071611404419, avg_entr 0.05400770530104637
ep26_t0.3_test_time 0.2778899669647217
Test Epoch26 threshold 0.4 Acc 0.9180921052631579, AUC 0.9796141386032104, avg_entr 0.06647703796625137
ep26_t0.4_test_time 0.2290349006652832
Test Epoch26 threshold 0.5 Acc 0.9166118421052631, AUC 0.9798081517219543, avg_entr 0.07231193780899048
ep26_t0.5_test_time 0.20174193382263184
Test Epoch26 threshold 0.6 Acc 0.9164473684210527, AUC 0.9798900485038757, avg_entr 0.07401887327432632
ep26_t0.6_test_time 0.188706636428833
Test Epoch26 threshold 0.7 Acc 0.9164473684210527, AUC 0.9798900485038757, avg_entr 0.07401887327432632
ep26_t0.7_test_time 0.1887800693511963
Test Epoch26 threshold 0.8 Acc 0.9164473684210527, AUC 0.9798900485038757, avg_entr 0.07401887327432632
ep26_t0.8_test_time 0.1887669563293457
Test Epoch26 threshold 0.9 Acc 0.9164473684210527, AUC 0.9798900485038757, avg_entr 0.07401887327432632
ep26_t0.9_test_time 0.1885814666748047
gc 0
Train Epoch27 Acc 0.9466583333333334 (113599/120000), AUC 0.9910914897918701
ep27_train_time 57.09224534034729
Test Epoch27 threshold 0.1 Acc 0.9164473684210527, AUC 0.9759566783905029, avg_entr 0.033711712807416916
ep27_t0.1_test_time 0.31084537506103516
Test Epoch27 threshold 0.2 Acc 0.9164473684210527, AUC 0.9766470193862915, avg_entr 0.04278269410133362
ep27_t0.2_test_time 0.29349446296691895
Test Epoch27 threshold 0.3 Acc 0.9172697368421052, AUC 0.9785068035125732, avg_entr 0.054003067314624786
ep27_t0.3_test_time 0.27633118629455566
Test Epoch27 threshold 0.4 Acc 0.9180921052631579, AUC 0.9796141386032104, avg_entr 0.06647156178951263
ep27_t0.4_test_time 0.22830438613891602
Test Epoch27 threshold 0.5 Acc 0.9166118421052631, AUC 0.9798083305358887, avg_entr 0.07230664789676666
ep27_t0.5_test_time 0.20166969299316406
Test Epoch27 threshold 0.6 Acc 0.9164473684210527, AUC 0.9798902273178101, avg_entr 0.07401368021965027
ep27_t0.6_test_time 0.18825030326843262
Test Epoch27 threshold 0.7 Acc 0.9164473684210527, AUC 0.9798902273178101, avg_entr 0.07401368021965027
ep27_t0.7_test_time 0.18777084350585938
Test Epoch27 threshold 0.8 Acc 0.9164473684210527, AUC 0.9798902273178101, avg_entr 0.07401368021965027
ep27_t0.8_test_time 0.18825030326843262
Test Epoch27 threshold 0.9 Acc 0.9164473684210527, AUC 0.9798902273178101, avg_entr 0.07401368021965027
ep27_t0.9_test_time 0.18886017799377441
gc 0
Train Epoch28 Acc 0.9465083333333333 (113581/120000), AUC 0.9911032915115356
ep28_train_time 57.11436128616333
Test Epoch28 threshold 0.1 Acc 0.9164473684210527, AUC 0.9759521484375, avg_entr 0.03372038155794144
ep28_t0.1_test_time 0.31200194358825684
Test Epoch28 threshold 0.2 Acc 0.9164473684210527, AUC 0.9766460657119751, avg_entr 0.04277588799595833
ep28_t0.2_test_time 0.29486083984375
Test Epoch28 threshold 0.3 Acc 0.9172697368421052, AUC 0.978506326675415, avg_entr 0.053996630012989044
ep28_t0.3_test_time 0.27753400802612305
Test Epoch28 threshold 0.4 Acc 0.9180921052631579, AUC 0.9796139001846313, avg_entr 0.06646578758955002
ep28_t0.4_test_time 0.22943377494812012
Test Epoch28 threshold 0.5 Acc 0.9166118421052631, AUC 0.9798083305358887, avg_entr 0.0723012387752533
ep28_t0.5_test_time 0.20322132110595703
Test Epoch28 threshold 0.6 Acc 0.9164473684210527, AUC 0.9798902869224548, avg_entr 0.07400847226381302
ep28_t0.6_test_time 0.18912625312805176
Test Epoch28 threshold 0.7 Acc 0.9164473684210527, AUC 0.9798902869224548, avg_entr 0.07400847226381302
ep28_t0.7_test_time 0.18849658966064453
Test Epoch28 threshold 0.8 Acc 0.9164473684210527, AUC 0.9798902869224548, avg_entr 0.07400847226381302
ep28_t0.8_test_time 0.18897747993469238
Test Epoch28 threshold 0.9 Acc 0.9164473684210527, AUC 0.9798902869224548, avg_entr 0.07400847226381302
ep28_t0.9_test_time 0.1894681453704834
gc 0
Train Epoch29 Acc 0.94625 (113550/120000), AUC 0.9912034273147583
ep29_train_time 57.12009000778198
Test Epoch29 threshold 0.1 Acc 0.9164473684210527, AUC 0.9759508371353149, avg_entr 0.03371501713991165
ep29_t0.1_test_time 0.3110644817352295
Test Epoch29 threshold 0.2 Acc 0.9164473684210527, AUC 0.9766454696655273, avg_entr 0.04275940731167793
ep29_t0.2_test_time 0.2946958541870117
Test Epoch29 threshold 0.3 Acc 0.9172697368421052, AUC 0.9785057306289673, avg_entr 0.05399005115032196
ep29_t0.3_test_time 0.2784454822540283
Test Epoch29 threshold 0.4 Acc 0.9180921052631579, AUC 0.9796135425567627, avg_entr 0.066460020840168
ep29_t0.4_test_time 0.22897696495056152
Test Epoch29 threshold 0.5 Acc 0.9166118421052631, AUC 0.9798080325126648, avg_entr 0.07229577749967575
ep29_t0.5_test_time 0.20250153541564941
Test Epoch29 threshold 0.6 Acc 0.9164473684210527, AUC 0.979889988899231, avg_entr 0.07400327175855637
ep29_t0.6_test_time 0.18868327140808105
Test Epoch29 threshold 0.7 Acc 0.9164473684210527, AUC 0.979889988899231, avg_entr 0.07400327175855637
ep29_t0.7_test_time 0.1886305809020996
Test Epoch29 threshold 0.8 Acc 0.9164473684210527, AUC 0.979889988899231, avg_entr 0.07400327175855637
ep29_t0.8_test_time 0.19214534759521484
Test Epoch29 threshold 0.9 Acc 0.9164473684210527, AUC 0.979889988899231, avg_entr 0.07400327175855637
ep29_t0.9_test_time 0.19040942192077637
Best AUC 0.9798905253410339
train_loss (2, 5, 30)
valid_acc (30, 9)
valid_AUC (30, 9)
train_acc (30,)
Figure(640x480)
Figure(640x480)
Figure(640x480)
Figure(640x480)
Figure(640x480)
Start Testing
Load ckpt at ckpt/ag_news_transformeral_l5ad_pad125//ag_news_transformeral_l5.pt
Test threshold 0.1 Acc 0.925, AUC 0.9829730987548828, avg_entr 0.036476705223321915
t0.1_test_time 0.08082079887390137
Test threshold 0.2 Acc 0.9243421052631579, AUC 0.9837192296981812, avg_entr 0.04557747766375542
t0.2_test_time 0.07484745979309082
Test threshold 0.3 Acc 0.925, AUC 0.9845225811004639, avg_entr 0.05677894130349159
t0.3_test_time 0.07213973999023438
Test threshold 0.4 Acc 0.9217105263157894, AUC 0.9860378503799438, avg_entr 0.06887546926736832
t0.4_test_time 0.05717349052429199
Test threshold 0.5 Acc 0.9243421052631579, AUC 0.9860613346099854, avg_entr 0.07727742940187454
t0.5_test_time 0.05007815361022949
Test threshold 0.6 Acc 0.925, AUC 0.9860407114028931, avg_entr 0.07798366993665695
t0.6_test_time 0.04723238945007324
Test threshold 0.7 Acc 0.925, AUC 0.9860407114028931, avg_entr 0.07798366993665695
t0.7_test_time 0.04740643501281738
Test threshold 0.8 Acc 0.925, AUC 0.9860407114028931, avg_entr 0.07798366993665695
t0.8_test_time 0.04735755920410156
Test threshold 0.9 Acc 0.925, AUC 0.9860407114028931, avg_entr 0.07798366993665695
t0.9_test_time 0.04714608192443848
