total count words 887881
vocab size 30000
train size 560000, test size 70000
found 28354 words in glove
L0f Total Trainable Params: 9000000
L0b Total Trainable Params: 38528
L0ae Total Trainable Params: 3726
L1f Total Trainable Params: 90300
L1b Total Trainable Params: 38528
L1ae Total Trainable Params: 33024
L2f Total Trainable Params: 90300
L2b Total Trainable Params: 38528
L2ae Total Trainable Params: 33024
L3f Total Trainable Params: 90300
L3b Total Trainable Params: 38528
L3ae Total Trainable Params: 33024
L4f Total Trainable Params: 90300
L4b Total Trainable Params: 38528
L4ae Total Trainable Params: 33024
init_time 56.499051139
Start Training
gc 0
Train Epoch0 Acc 0.7900732142857143 (442441/560000)
ep0_train_time 42.460574117
Test Epoch0 layer0 Acc 0.9718714285714286
ep0_l0_test_time 1.4572223800000046
Save ckpt to ckpt/dbpedia_14_linearal_l5_pad80//dbpedia_14_linearal_l5.pt  ,ep 0
Test Epoch0 layer1 Acc 0.9718857142857142
ep0_l1_test_time 1.4370164999999986
Save ckpt to ckpt/dbpedia_14_linearal_l5_pad80//dbpedia_14_linearal_l5.pt  ,ep 0
Test Epoch0 layer2 Acc 0.9720285714285715
ep0_l2_test_time 1.4450583759999915
Save ckpt to ckpt/dbpedia_14_linearal_l5_pad80//dbpedia_14_linearal_l5.pt  ,ep 0
Test Epoch0 layer3 Acc 0.9718857142857142
ep0_l3_test_time 1.506153232999992
Test Epoch0 layer4 Acc 0.9716571428571429
ep0_l4_test_time 1.4469711590000003
gc 0
Test threshold 0.1 Acc 0.9720142857142857
t0.1_test_time 1.5724766670000037
data_distribution  [68423, 163, 185, 239, 990]
gc 0
Test threshold 0.2 Acc 0.9720571428571428
t0.2_test_time 1.578517289000004
data_distribution  [67099, 340, 364, 422, 1775]
Save ckpt to ckpt/dbpedia_14_linearal_l5_pad80//dbpedia_14_linearal_l5.pt  ,ep 0
gc 0
Test threshold 0.3 Acc 0.9721428571428572
t0.3_test_time 1.587878754000002
data_distribution  [65945, 453, 495, 572, 2535]
Save ckpt to ckpt/dbpedia_14_linearal_l5_pad80//dbpedia_14_linearal_l5.pt  ,ep 0
gc 0
Test threshold 0.4 Acc 0.9719571428571429
t0.4_test_time 1.7310641210000028
data_distribution  [64790, 582, 604, 737, 3287]
gc 0
Test threshold 0.5 Acc 0.9719
t0.5_test_time 1.6050822950000025
data_distribution  [63640, 700, 713, 884, 4063]
gc 0
Test threshold 0.6 Acc 0.9718571428571429
t0.6_test_time 1.5795981929999954
data_distribution  [62399, 793, 794, 1023, 4991]
gc 0
Test threshold 0.7 Acc 0.9718142857142857
t0.7_test_time 1.5991648579999946
data_distribution  [60853, 962, 931, 1154, 6100]
gc 0
Test threshold 0.8 Acc 0.9719285714285715
t0.8_test_time 1.5920145300000001
data_distribution  [58766, 1097, 1138, 1382, 7617]
gc 0
Test threshold 0.9 Acc 0.9717285714285714
t0.9_test_time 1.6078225410000044
data_distribution  [55390, 1247, 1332, 1665, 10366]
gc 0
Train Epoch1 Acc 0.9759660714285714 (546541/560000)
ep1_train_time 41.672793728000016
Test Epoch1 layer0 Acc 0.9739
ep1_l0_test_time 1.443339065999993
Save ckpt to ckpt/dbpedia_14_linearal_l5_pad80//dbpedia_14_linearal_l5.pt  ,ep 1
Test Epoch1 layer1 Acc 0.9737142857142858
ep1_l1_test_time 1.4617474869999967
Test Epoch1 layer2 Acc 0.9738428571428571
ep1_l2_test_time 1.4489803170000073
Test Epoch1 layer3 Acc 0.9736
ep1_l3_test_time 1.512093668999995
Test Epoch1 layer4 Acc 0.9739142857142857
ep1_l4_test_time 1.5063707150000027
Save ckpt to ckpt/dbpedia_14_linearal_l5_pad80//dbpedia_14_linearal_l5.pt  ,ep 1
gc 0
Test threshold 0.1 Acc 0.9737
t0.1_test_time 1.6247593269999925
data_distribution  [68295, 303, 463, 191, 748]
gc 0
Test threshold 0.2 Acc 0.9737857142857143
t0.2_test_time 1.6369756599999903
data_distribution  [67324, 470, 652, 345, 1209]
gc 0
Test threshold 0.3 Acc 0.974
t0.3_test_time 1.6093224790000136
data_distribution  [66498, 617, 861, 435, 1589]
Save ckpt to ckpt/dbpedia_14_linearal_l5_pad80//dbpedia_14_linearal_l5.pt  ,ep 1
gc 0
Test threshold 0.4 Acc 0.9738857142857142
t0.4_test_time 1.6812787750000098
data_distribution  [65650, 786, 1060, 523, 1981]
gc 0
Test threshold 0.5 Acc 0.9738142857142857
t0.5_test_time 1.5947166629999856
data_distribution  [64809, 917, 1274, 581, 2419]
gc 0
Test threshold 0.6 Acc 0.9737857142857143
t0.6_test_time 1.5731994790000101
data_distribution  [63939, 1008, 1504, 658, 2891]
gc 0
Test threshold 0.7 Acc 0.9737
t0.7_test_time 1.602357994000016
data_distribution  [62853, 1203, 1774, 711, 3459]
gc 0
Test threshold 0.8 Acc 0.9737285714285714
t0.8_test_time 1.6281520109999974
data_distribution  [61376, 1455, 2067, 893, 4209]
gc 0
Test threshold 0.9 Acc 0.9737428571428571
t0.9_test_time 1.619281012000016
data_distribution  [58886, 1795, 2588, 1156, 5575]
gc 0
Train Epoch2 Acc 0.9784 (547904/560000)
ep2_train_time 41.499123497
Test Epoch2 layer0 Acc 0.9736
ep2_l0_test_time 1.4428175010000075
Test Epoch2 layer1 Acc 0.9737285714285714
ep2_l1_test_time 1.4429230949999976
Test Epoch2 layer2 Acc 0.9745
ep2_l2_test_time 1.4604781200000048
Save ckpt to ckpt/dbpedia_14_linearal_l5_pad80//dbpedia_14_linearal_l5.pt  ,ep 2
Test Epoch2 layer3 Acc 0.9749428571428571
ep2_l3_test_time 1.5034453700000086
Save ckpt to ckpt/dbpedia_14_linearal_l5_pad80//dbpedia_14_linearal_l5.pt  ,ep 2
Test Epoch2 layer4 Acc 0.9751
ep2_l4_test_time 1.4897606500000222
Save ckpt to ckpt/dbpedia_14_linearal_l5_pad80//dbpedia_14_linearal_l5.pt  ,ep 2
gc 0
Test threshold 0.1 Acc 0.9740428571428571
t0.1_test_time 1.5904463480000004
data_distribution  [68192, 381, 499, 188, 740]
gc 0
Test threshold 0.2 Acc 0.9742
t0.2_test_time 1.578641040000008
data_distribution  [67329, 616, 633, 268, 1154]
gc 0
Test threshold 0.3 Acc 0.9742571428571428
t0.3_test_time 1.6032962850000274
data_distribution  [66620, 774, 778, 349, 1479]
gc 0
Test threshold 0.4 Acc 0.9741
t0.4_test_time 1.6074377539999887
data_distribution  [65958, 934, 919, 371, 1818]
gc 0
Test threshold 0.5 Acc 0.9741285714285715
t0.5_test_time 1.5838857990000008
data_distribution  [65311, 1050, 1071, 452, 2116]
gc 0
Test threshold 0.6 Acc 0.9743714285714286
t0.6_test_time 1.5836410729999955
data_distribution  [64571, 1215, 1254, 480, 2480]
gc 0
Test threshold 0.7 Acc 0.9744285714285714
t0.7_test_time 1.5912865290000013
data_distribution  [63724, 1416, 1403, 570, 2887]
gc 0
Test threshold 0.8 Acc 0.9745285714285714
t0.8_test_time 1.6883644429999833
data_distribution  [62629, 1558, 1711, 657, 3445]
gc 0
Test threshold 0.9 Acc 0.9745142857142857
t0.9_test_time 1.6085018169999898
data_distribution  [60718, 1927, 2099, 840, 4416]
gc 0
Train Epoch3 Acc 0.9796339285714286 (548595/560000)
ep3_train_time 41.491480902999996
Test Epoch3 layer0 Acc 0.9743285714285714
ep3_l0_test_time 1.4607784530000458
Test Epoch3 layer1 Acc 0.9743285714285714
ep3_l1_test_time 1.4285168150000231
Test Epoch3 layer2 Acc 0.9748428571428571
ep3_l2_test_time 1.4414866210000241
Test Epoch3 layer3 Acc 0.9754714285714285
ep3_l3_test_time 1.5046992810000006
Save ckpt to ckpt/dbpedia_14_linearal_l5_pad80//dbpedia_14_linearal_l5.pt  ,ep 3
Test Epoch3 layer4 Acc 0.9759142857142857
ep3_l4_test_time 1.487880275000009
Save ckpt to ckpt/dbpedia_14_linearal_l5_pad80//dbpedia_14_linearal_l5.pt  ,ep 3
gc 0
Test threshold 0.1 Acc 0.9747571428571429
t0.1_test_time 1.684488832999989
data_distribution  [68170, 481, 399, 215, 735]
gc 0
Test threshold 0.2 Acc 0.9748857142857142
t0.2_test_time 1.591693792000001
data_distribution  [67444, 629, 544, 317, 1066]
gc 0
Test threshold 0.3 Acc 0.9750142857142857
t0.3_test_time 1.5731445590000135
data_distribution  [66883, 775, 621, 359, 1362]
gc 0
Test threshold 0.4 Acc 0.9749428571428571
t0.4_test_time 1.581027645000006
data_distribution  [66310, 947, 719, 410, 1614]
gc 0
Test threshold 0.5 Acc 0.9748142857142857
t0.5_test_time 1.5930511290000027
data_distribution  [65752, 1093, 835, 483, 1837]
gc 0
Test threshold 0.6 Acc 0.9749285714285715
t0.6_test_time 1.576310602000035
data_distribution  [65120, 1313, 917, 584, 2066]
gc 0
Test threshold 0.7 Acc 0.9749714285714286
t0.7_test_time 1.614746943
data_distribution  [64420, 1426, 1087, 665, 2402]
gc 0
Test threshold 0.8 Acc 0.9751142857142857
t0.8_test_time 1.6086176329999944
data_distribution  [63463, 1680, 1257, 782, 2818]
gc 0
Test threshold 0.9 Acc 0.9752571428571428
t0.9_test_time 1.6068446269999868
data_distribution  [61865, 2053, 1555, 936, 3591]
gc 0
Train Epoch4 Acc 0.9802232142857142 (548925/560000)
ep4_train_time 41.48443985
Test Epoch4 layer0 Acc 0.9740142857142857
ep4_l0_test_time 1.440615041000001
Test Epoch4 layer1 Acc 0.9744857142857143
ep4_l1_test_time 1.4390534789999947
Test Epoch4 layer2 Acc 0.9754142857142857
ep4_l2_test_time 1.4537676439999814
Test Epoch4 layer3 Acc 0.9758285714285714
ep4_l3_test_time 1.5041728620000185
Test Epoch4 layer4 Acc 0.9761
ep4_l4_test_time 1.4448345089999748
Save ckpt to ckpt/dbpedia_14_linearal_l5_pad80//dbpedia_14_linearal_l5.pt  ,ep 4
gc 0
Test threshold 0.1 Acc 0.9747857142857143
t0.1_test_time 1.6302162730000305
data_distribution  [68189, 481, 434, 209, 687]
gc 0
Test threshold 0.2 Acc 0.9748428571428571
t0.2_test_time 1.6202864460000228
data_distribution  [67499, 677, 564, 285, 975]
gc 0
Test threshold 0.3 Acc 0.9749142857142857
t0.3_test_time 1.6545859010000186
data_distribution  [67003, 803, 645, 377, 1172]
gc 0
Test threshold 0.4 Acc 0.9748571428571429
t0.4_test_time 1.5849618549999605
data_distribution  [66516, 957, 728, 433, 1366]
gc 0
Test threshold 0.5 Acc 0.9748571428571429
t0.5_test_time 1.5826728959999627
data_distribution  [66037, 1080, 827, 465, 1591]
gc 0
Test threshold 0.6 Acc 0.9749142857142857
t0.6_test_time 1.6047076409999477
data_distribution  [65506, 1243, 934, 522, 1795]
gc 0
Test threshold 0.7 Acc 0.9749714285714286
t0.7_test_time 1.58747443499999
data_distribution  [64910, 1438, 982, 664, 2006]
gc 0
Test threshold 0.8 Acc 0.9750857142857143
t0.8_test_time 1.598315667999998
data_distribution  [64148, 1621, 1109, 790, 2332]
gc 0
Test threshold 0.9 Acc 0.9752571428571428
t0.9_test_time 1.6384215499999755
data_distribution  [62775, 1985, 1383, 937, 2920]
gc 0
Train Epoch5 Acc 0.9807464285714286 (549218/560000)
ep5_train_time 41.57003529100001
Test Epoch5 layer0 Acc 0.9741
ep5_l0_test_time 1.434129471999995
Test Epoch5 layer1 Acc 0.9743571428571428
ep5_l1_test_time 1.432330482999987
Test Epoch5 layer2 Acc 0.9758142857142857
ep5_l2_test_time 1.4331055210000159
Test Epoch5 layer3 Acc 0.9759571428571429
ep5_l3_test_time 1.5013656259999948
Test Epoch5 layer4 Acc 0.9759
ep5_l4_test_time 1.4452712759999713
gc 0
Test threshold 0.1 Acc 0.9746285714285714
t0.1_test_time 1.570214381000028
data_distribution  [68186, 560, 374, 268, 612]
gc 0
Test threshold 0.2 Acc 0.9746142857142858
t0.2_test_time 1.569521237999993
data_distribution  [67584, 733, 496, 355, 832]
gc 0
Test threshold 0.3 Acc 0.9747714285714286
t0.3_test_time 1.5707290450000073
data_distribution  [67124, 835, 596, 439, 1006]
gc 0
Test threshold 0.4 Acc 0.9748857142857142
t0.4_test_time 1.5751423120000254
data_distribution  [66761, 924, 666, 503, 1146]
gc 0
Test threshold 0.5 Acc 0.9749285714285715
t0.5_test_time 1.597837774000027
data_distribution  [66315, 1072, 745, 576, 1292]
gc 0
Test threshold 0.6 Acc 0.9749857142857142
t0.6_test_time 1.6194783639999741
data_distribution  [65858, 1229, 824, 656, 1433]
gc 0
Test threshold 0.7 Acc 0.9749714285714286
t0.7_test_time 1.6084025090000296
data_distribution  [65314, 1429, 908, 744, 1605]
gc 0
Test threshold 0.8 Acc 0.975
t0.8_test_time 1.5782762119999916
data_distribution  [64624, 1630, 976, 918, 1852]
gc 0
Test threshold 0.9 Acc 0.9749857142857142
t0.9_test_time 1.5858774659999995
data_distribution  [63477, 1930, 1185, 1099, 2309]
gc 0
Train Epoch6 Acc 0.9811553571428572 (549447/560000)
ep6_train_time 41.514248173
Test Epoch6 layer0 Acc 0.9742571428571428
ep6_l0_test_time 1.4728616010000337
Test Epoch6 layer1 Acc 0.9745428571428572
ep6_l1_test_time 1.4602792460000273
Test Epoch6 layer2 Acc 0.9758571428571429
ep6_l2_test_time 1.4389961939999694
Test Epoch6 layer3 Acc 0.9762285714285714
ep6_l3_test_time 1.5089749300000221
Save ckpt to ckpt/dbpedia_14_linearal_l5_pad80//dbpedia_14_linearal_l5.pt  ,ep 6
Test Epoch6 layer4 Acc 0.9761428571428571
ep6_l4_test_time 1.4489847030000078
gc 0
Test threshold 0.1 Acc 0.9747714285714286
t0.1_test_time 1.5878519460000007
data_distribution  [68056, 614, 427, 286, 617]
gc 0
Test threshold 0.2 Acc 0.9749
t0.2_test_time 1.5699144079999883
data_distribution  [67528, 755, 535, 383, 799]
gc 0
Test threshold 0.3 Acc 0.9750142857142857
t0.3_test_time 1.5750101299999528
data_distribution  [67076, 889, 623, 434, 978]
gc 0
Test threshold 0.4 Acc 0.9750714285714286
t0.4_test_time 1.5744779119999635
data_distribution  [66709, 988, 702, 504, 1097]
gc 0
Test threshold 0.5 Acc 0.9752142857142857
t0.5_test_time 1.5763260269999932
data_distribution  [66323, 1085, 814, 563, 1215]
gc 0
Test threshold 0.6 Acc 0.9751857142857143
t0.6_test_time 1.5762732850000134
data_distribution  [65889, 1245, 887, 669, 1310]
gc 0
Test threshold 0.7 Acc 0.9751714285714286
t0.7_test_time 1.5749881120000282
data_distribution  [65393, 1400, 1013, 747, 1447]
gc 0
Test threshold 0.8 Acc 0.9753142857142857
t0.8_test_time 1.5821703059999663
data_distribution  [64759, 1593, 1088, 918, 1642]
gc 0
Test threshold 0.9 Acc 0.9752714285714286
t0.9_test_time 1.589373204000026
data_distribution  [63762, 1879, 1259, 1074, 2026]
gc 0
Train Epoch7 Acc 0.9815392857142857 (549662/560000)
ep7_train_time 41.76688942800001
Test Epoch7 layer0 Acc 0.9740285714285715
ep7_l0_test_time 1.4563476609999952
Test Epoch7 layer1 Acc 0.9743571428571428
ep7_l1_test_time 1.469277322000039
Test Epoch7 layer2 Acc 0.9760285714285715
ep7_l2_test_time 1.48062630000004
Test Epoch7 layer3 Acc 0.9759
ep7_l3_test_time 1.592716213000017
Test Epoch7 layer4 Acc 0.9761
ep7_l4_test_time 1.4598885139999993
gc 0
Test threshold 0.1 Acc 0.9746571428571429
t0.1_test_time 1.6121916750000764
data_distribution  [67933, 688, 421, 354, 604]
gc 0
Test threshold 0.2 Acc 0.9746142857142858
t0.2_test_time 1.6257485490000363
data_distribution  [67392, 853, 557, 419, 779]
gc 0
Test threshold 0.3 Acc 0.9746857142857143
t0.3_test_time 1.63963886800002
data_distribution  [66988, 966, 643, 509, 894]
gc 0
Test threshold 0.4 Acc 0.9747428571428571
t0.4_test_time 1.60537242099997
data_distribution  [66614, 1058, 757, 569, 1002]
gc 0
Test threshold 0.5 Acc 0.9748
t0.5_test_time 1.6021181460000662
data_distribution  [66254, 1165, 859, 593, 1129]
gc 0
Test threshold 0.6 Acc 0.9748285714285714
t0.6_test_time 1.7623888330000455
data_distribution  [65859, 1294, 964, 663, 1220]
gc 0
Test threshold 0.7 Acc 0.9748428571428571
t0.7_test_time 1.5823282060000565
data_distribution  [65396, 1465, 1033, 786, 1320]
gc 0
Test threshold 0.8 Acc 0.9749571428571429
t0.8_test_time 1.5987522599999693
data_distribution  [64815, 1639, 1138, 930, 1478]
gc 0
Test threshold 0.9 Acc 0.9747714285714286
t0.9_test_time 1.595895586000097
data_distribution  [63857, 1900, 1363, 1140, 1740]
gc 0
Train Epoch8 Acc 0.9821892857142858 (550026/560000)
ep8_train_time 41.79595822400006
Test Epoch8 layer0 Acc 0.9743285714285714
ep8_l0_test_time 1.4565081210000699
Test Epoch8 layer1 Acc 0.9745
ep8_l1_test_time 1.4379466030000003
Test Epoch8 layer2 Acc 0.9764428571428572
ep8_l2_test_time 1.4411451979999583
Save ckpt to ckpt/dbpedia_14_linearal_l5_pad80//dbpedia_14_linearal_l5.pt  ,ep 8
Test Epoch8 layer3 Acc 0.9763428571428572
ep8_l3_test_time 1.5020653599999605
Test Epoch8 layer4 Acc 0.9765571428571429
ep8_l4_test_time 1.4506252219999851
Save ckpt to ckpt/dbpedia_14_linearal_l5_pad80//dbpedia_14_linearal_l5.pt  ,ep 8
gc 0
Test threshold 0.1 Acc 0.975
t0.1_test_time 1.5845347670000365
data_distribution  [67766, 696, 549, 349, 640]
gc 0
Test threshold 0.2 Acc 0.9750714285714286
t0.2_test_time 1.5787685050000846
data_distribution  [67213, 821, 703, 469, 794]
gc 0
Test threshold 0.3 Acc 0.9750714285714286
t0.3_test_time 1.6033410229999845
data_distribution  [66792, 948, 830, 528, 902]
gc 0
Test threshold 0.4 Acc 0.9751
t0.4_test_time 1.576179189999948
data_distribution  [66383, 1098, 904, 608, 1007]
gc 0
Test threshold 0.5 Acc 0.9752428571428572
t0.5_test_time 1.6060388270000203
data_distribution  [66032, 1203, 985, 676, 1104]
gc 0
Test threshold 0.6 Acc 0.9752285714285714
t0.6_test_time 1.6061719229999198
data_distribution  [65635, 1324, 1108, 725, 1208]
gc 0
Test threshold 0.7 Acc 0.9752714285714286
t0.7_test_time 1.7073816040000338
data_distribution  [65172, 1488, 1171, 852, 1317]
gc 0
Test threshold 0.8 Acc 0.9753285714285714
t0.8_test_time 1.7246631990000196
data_distribution  [64589, 1655, 1350, 936, 1470]
gc 0
Test threshold 0.9 Acc 0.9754428571428572
t0.9_test_time 1.6661217410000972
data_distribution  [63680, 1881, 1524, 1156, 1759]
gc 0
Train Epoch9 Acc 0.9823857142857143 (550136/560000)
ep9_train_time 41.696211835999975
Test Epoch9 layer0 Acc 0.9742
ep9_l0_test_time 1.4681159310000567
Test Epoch9 layer1 Acc 0.9747
ep9_l1_test_time 1.4628863400000682
Test Epoch9 layer2 Acc 0.9763857142857143
ep9_l2_test_time 1.4485696669999015
Test Epoch9 layer3 Acc 0.9763571428571428
ep9_l3_test_time 1.5017211050000014
Test Epoch9 layer4 Acc 0.9765857142857143
ep9_l4_test_time 1.452660544999958
Save ckpt to ckpt/dbpedia_14_linearal_l5_pad80//dbpedia_14_linearal_l5.pt  ,ep 9
gc 0
Test threshold 0.1 Acc 0.9749571428571429
t0.1_test_time 1.5832509289999734
data_distribution  [67538, 844, 579, 372, 667]
gc 0
Test threshold 0.2 Acc 0.9751285714285715
t0.2_test_time 1.5908586190000733
data_distribution  [66987, 995, 724, 479, 815]
gc 0
Test threshold 0.3 Acc 0.9752571428571428
t0.3_test_time 1.5751400809999723
data_distribution  [66535, 1156, 837, 549, 923]
gc 0
Test threshold 0.4 Acc 0.9753428571428572
t0.4_test_time 1.603629311000077
data_distribution  [66150, 1287, 945, 614, 1004]
gc 0
Test threshold 0.5 Acc 0.9753142857142857
t0.5_test_time 1.6133527870000535
data_distribution  [65764, 1414, 1061, 669, 1092]
gc 0
Test threshold 0.6 Acc 0.9752714285714286
t0.6_test_time 1.6402943940000796
data_distribution  [65370, 1553, 1139, 751, 1187]
gc 0
Test threshold 0.7 Acc 0.9753428571428572
t0.7_test_time 1.6226445350000631
data_distribution  [64917, 1695, 1256, 829, 1303]
gc 0
Test threshold 0.8 Acc 0.9754571428571429
t0.8_test_time 1.5739683540000442
data_distribution  [64339, 1842, 1411, 952, 1456]
gc 0
Test threshold 0.9 Acc 0.9757428571428571
t0.9_test_time 1.6056817589999355
data_distribution  [63436, 2115, 1627, 1119, 1703]
gc 0
Train Epoch10 Acc 0.9826428571428572 (550280/560000)
ep10_train_time 41.676187126999935
Test Epoch10 layer0 Acc 0.9742571428571428
ep10_l0_test_time 1.4509551269999292
Test Epoch10 layer1 Acc 0.9748285714285714
ep10_l1_test_time 1.4605809500000078
Test Epoch10 layer2 Acc 0.9766571428571429
ep10_l2_test_time 1.4359435639998992
Save ckpt to ckpt/dbpedia_14_linearal_l5_pad80//dbpedia_14_linearal_l5.pt  ,ep 10
Test Epoch10 layer3 Acc 0.9764857142857143
ep10_l3_test_time 1.509398251000107
Test Epoch10 layer4 Acc 0.9765428571428572
ep10_l4_test_time 1.4488719369999217
gc 0
Test threshold 0.1 Acc 0.9749571428571429
t0.1_test_time 1.5803813439999885
data_distribution  [67360, 874, 652, 399, 715]
gc 0
Test threshold 0.2 Acc 0.9750285714285715
t0.2_test_time 1.5793172510000204
data_distribution  [66765, 1069, 810, 508, 848]
gc 0
Test threshold 0.3 Acc 0.9750857142857143
t0.3_test_time 1.5781332400000565
data_distribution  [66313, 1224, 943, 573, 947]
gc 0
Test threshold 0.4 Acc 0.9750571428571428
t0.4_test_time 1.5844066949999842
data_distribution  [65943, 1349, 1030, 635, 1043]
gc 0
Test threshold 0.5 Acc 0.9750857142857143
t0.5_test_time 1.6877188079999996
data_distribution  [65533, 1465, 1149, 716, 1137]
gc 0
Test threshold 0.6 Acc 0.9751142857142857
t0.6_test_time 1.6120053540000754
data_distribution  [65124, 1608, 1275, 769, 1224]
gc 0
Test threshold 0.7 Acc 0.9752428571428572
t0.7_test_time 1.5798967010000524
data_distribution  [64676, 1753, 1409, 808, 1354]
gc 0
Test threshold 0.8 Acc 0.9753571428571428
t0.8_test_time 1.5897093179999047
data_distribution  [64072, 1933, 1591, 918, 1486]
gc 0
Test threshold 0.9 Acc 0.9756285714285714
t0.9_test_time 1.5784753479999836
data_distribution  [63181, 2188, 1777, 1134, 1720]
gc 0
Train Epoch11 Acc 0.982825 (550382/560000)
ep11_train_time 41.48454996299995
Test Epoch11 layer0 Acc 0.9744
ep11_l0_test_time 1.4339437120000866
Test Epoch11 layer1 Acc 0.9748714285714286
ep11_l1_test_time 1.4562618899999507
Test Epoch11 layer2 Acc 0.9767142857142858
ep11_l2_test_time 1.4372108610000396
Save ckpt to ckpt/dbpedia_14_linearal_l5_pad80//dbpedia_14_linearal_l5.pt  ,ep 11
Test Epoch11 layer3 Acc 0.9765142857142857
ep11_l3_test_time 1.4996003630000132
Test Epoch11 layer4 Acc 0.9766142857142858
ep11_l4_test_time 1.4546285619999253
gc 0
Test threshold 0.1 Acc 0.9751571428571428
t0.1_test_time 1.5996893499999487
data_distribution  [67244, 933, 705, 391, 727]
gc 0
Test threshold 0.2 Acc 0.9752285714285714
t0.2_test_time 1.5956747069999437
data_distribution  [66645, 1146, 846, 501, 862]
gc 0
Test threshold 0.3 Acc 0.9753142857142857
t0.3_test_time 1.6020703579999918
data_distribution  [66224, 1287, 951, 588, 950]
gc 0
Test threshold 0.4 Acc 0.9752285714285714
t0.4_test_time 1.6116670239999848
data_distribution  [65800, 1443, 1080, 640, 1037]
gc 0
Test threshold 0.5 Acc 0.9752285714285714
t0.5_test_time 1.6196295010000767
data_distribution  [65418, 1579, 1186, 698, 1119]
gc 0
Test threshold 0.6 Acc 0.9753
t0.6_test_time 1.5955898519999892
data_distribution  [65024, 1707, 1298, 746, 1225]
gc 0
Test threshold 0.7 Acc 0.9753714285714286
t0.7_test_time 1.5984996980000687
data_distribution  [64567, 1837, 1448, 806, 1342]
gc 0
Test threshold 0.8 Acc 0.9754571428571429
t0.8_test_time 1.6031509219999407
data_distribution  [63962, 2021, 1628, 907, 1482]
gc 0
Test threshold 0.9 Acc 0.9756857142857143
t0.9_test_time 1.606750304000002
data_distribution  [63068, 2280, 1873, 1088, 1691]
gc 0
Train Epoch12 Acc 0.9832232142857142 (550605/560000)
ep12_train_time 41.69513653899992
Test Epoch12 layer0 Acc 0.9742857142857143
ep12_l0_test_time 1.4511314269999502
Test Epoch12 layer1 Acc 0.9747142857142858
ep12_l1_test_time 1.4482793429999674
Test Epoch12 layer2 Acc 0.9766285714285714
ep12_l2_test_time 1.4638140929999963
Test Epoch12 layer3 Acc 0.9766142857142858
ep12_l3_test_time 1.5116585440000563
Test Epoch12 layer4 Acc 0.9768142857142857
ep12_l4_test_time 1.459802090999915
Save ckpt to ckpt/dbpedia_14_linearal_l5_pad80//dbpedia_14_linearal_l5.pt  ,ep 12
gc 0
Test threshold 0.1 Acc 0.9750142857142857
t0.1_test_time 1.6012310410000055
data_distribution  [67119, 975, 789, 407, 710]
gc 0
Test threshold 0.2 Acc 0.9752
t0.2_test_time 1.5943853520000175
data_distribution  [66522, 1162, 982, 507, 827]
gc 0
Test threshold 0.3 Acc 0.9752571428571428
t0.3_test_time 1.5903579469999158
data_distribution  [66050, 1349, 1095, 577, 929]
gc 0
Test threshold 0.4 Acc 0.9753
t0.4_test_time 1.5773838240000941
data_distribution  [65634, 1489, 1224, 637, 1016]
gc 0
Test threshold 0.5 Acc 0.9752428571428572
t0.5_test_time 1.5896979520000514
data_distribution  [65256, 1610, 1360, 685, 1089]
gc 0
Test threshold 0.6 Acc 0.9753714285714286
t0.6_test_time 1.6724904359999755
data_distribution  [64850, 1754, 1468, 743, 1185]
gc 0
Test threshold 0.7 Acc 0.9754
t0.7_test_time 1.6092234220000137
data_distribution  [64380, 1910, 1617, 800, 1293]
gc 0
Test threshold 0.8 Acc 0.9755571428571429
t0.8_test_time 1.847688197000025
data_distribution  [63803, 2073, 1812, 887, 1425]
gc 0
Test threshold 0.9 Acc 0.9757571428571429
t0.9_test_time 1.5843108940000548
data_distribution  [62911, 2326, 2075, 1031, 1657]
gc 0
Train Epoch13 Acc 0.9833214285714286 (550660/560000)
ep13_train_time 41.740372785999966
Test Epoch13 layer0 Acc 0.9741857142857143
ep13_l0_test_time 1.487032112999941
Test Epoch13 layer1 Acc 0.9750142857142857
ep13_l1_test_time 1.4370899419999432
Test Epoch13 layer2 Acc 0.9767428571428571
ep13_l2_test_time 1.4881257389999973
Test Epoch13 layer3 Acc 0.9768
ep13_l3_test_time 1.5118863269999565
Test Epoch13 layer4 Acc 0.9767
ep13_l4_test_time 1.5020614240000896
gc 0
Test threshold 0.1 Acc 0.9749571428571429
t0.1_test_time 1.598938366000084
data_distribution  [67147, 979, 788, 390, 696]
gc 0
Test threshold 0.2 Acc 0.9750428571428571
t0.2_test_time 1.6011545320000096
data_distribution  [66526, 1202, 970, 474, 828]
gc 0
Test threshold 0.3 Acc 0.9751142857142857
t0.3_test_time 1.6019870200000241
data_distribution  [66067, 1407, 1074, 520, 932]
gc 0
Test threshold 0.4 Acc 0.9751428571428571
t0.4_test_time 1.6120442799999637
data_distribution  [65671, 1536, 1205, 565, 1023]
gc 0
Test threshold 0.5 Acc 0.9752
t0.5_test_time 1.6296749869999303
data_distribution  [65283, 1656, 1354, 624, 1083]
gc 0
Test threshold 0.6 Acc 0.9752571428571428
t0.6_test_time 1.6051639070000192
data_distribution  [64882, 1799, 1479, 670, 1170]
gc 0
Test threshold 0.7 Acc 0.9752571428571428
t0.7_test_time 1.6144478490000438
data_distribution  [64404, 1965, 1618, 751, 1262]
gc 0
Test threshold 0.8 Acc 0.9753714285714286
t0.8_test_time 1.5777021029999787
data_distribution  [63852, 2114, 1811, 839, 1384]
gc 0
Test threshold 0.9 Acc 0.9757
t0.9_test_time 1.5768422339999688
data_distribution  [62950, 2383, 2117, 940, 1610]
gc 0
Train Epoch14 Acc 0.9834839285714285 (550751/560000)
ep14_train_time 41.492607029000055
Test Epoch14 layer0 Acc 0.9743285714285714
ep14_l0_test_time 1.4552584069999739
Test Epoch14 layer1 Acc 0.9750285714285715
ep14_l1_test_time 1.4677229779999834
Test Epoch14 layer2 Acc 0.9766
ep14_l2_test_time 1.4751848549999522
Test Epoch14 layer3 Acc 0.9767142857142858
ep14_l3_test_time 1.5067856629999596
Test Epoch14 layer4 Acc 0.9769857142857142
ep14_l4_test_time 1.4485951240000077
Save ckpt to ckpt/dbpedia_14_linearal_l5_pad80//dbpedia_14_linearal_l5.pt  ,ep 14
gc 0
Test threshold 0.1 Acc 0.9751
t0.1_test_time 1.5800786300000027
data_distribution  [67043, 1023, 851, 399, 684]
gc 0
Test threshold 0.2 Acc 0.9751714285714286
t0.2_test_time 1.601712267000039
data_distribution  [66421, 1260, 1052, 463, 804]
gc 0
Test threshold 0.3 Acc 0.9752857142857143
t0.3_test_time 1.5760272379999378
data_distribution  [65971, 1442, 1180, 524, 883]
gc 0
Test threshold 0.4 Acc 0.9753142857142857
t0.4_test_time 1.5781376950000094
data_distribution  [65554, 1588, 1303, 593, 962]
gc 0
Test threshold 0.5 Acc 0.9752857142857143
t0.5_test_time 1.5765422099999569
data_distribution  [65184, 1715, 1429, 619, 1053]
gc 0
Test threshold 0.6 Acc 0.9753714285714286
t0.6_test_time 1.603064373000052
data_distribution  [64758, 1868, 1572, 664, 1138]
gc 0
Test threshold 0.7 Acc 0.9754857142857143
t0.7_test_time 1.577484131999995
data_distribution  [64294, 2015, 1726, 752, 1213]
gc 0
Test threshold 0.8 Acc 0.9756714285714285
t0.8_test_time 1.581646671000044
data_distribution  [63730, 2168, 1934, 837, 1331]
gc 0
Test threshold 0.9 Acc 0.9758714285714286
t0.9_test_time 1.6034345949999533
data_distribution  [62820, 2501, 2202, 929, 1548]
gc 0
Train Epoch15 Acc 0.9836 (550816/560000)
ep15_train_time 41.66152781900007
Test Epoch15 layer0 Acc 0.9743857142857143
ep15_l0_test_time 1.434523851999984
Test Epoch15 layer1 Acc 0.9752714285714286
ep15_l1_test_time 1.436735692999946
Test Epoch15 layer2 Acc 0.9766857142857143
ep15_l2_test_time 1.4940014869998777
Test Epoch15 layer3 Acc 0.9766142857142858
ep15_l3_test_time 1.5248458230000779
Test Epoch15 layer4 Acc 0.9768857142857142
ep15_l4_test_time 1.4556848370000353
gc 0
Test threshold 0.1 Acc 0.9751428571428571
t0.1_test_time 1.588258427000028
data_distribution  [67004, 1119, 837, 404, 636]
gc 0
Test threshold 0.2 Acc 0.9752285714285714
t0.2_test_time 1.5869300659999226
data_distribution  [66365, 1395, 1017, 475, 748]
gc 0
Test threshold 0.3 Acc 0.9752285714285714
t0.3_test_time 1.589238357999875
data_distribution  [65915, 1542, 1175, 523, 845]
gc 0
Test threshold 0.4 Acc 0.9752571428571428
t0.4_test_time 1.5751295909999499
data_distribution  [65509, 1694, 1294, 570, 933]
gc 0
Test threshold 0.5 Acc 0.9752714285714286
t0.5_test_time 1.5766331500001343
data_distribution  [65119, 1839, 1416, 625, 1001]
gc 0
Test threshold 0.6 Acc 0.9754142857142857
t0.6_test_time 1.5915646119999565
data_distribution  [64709, 1972, 1551, 690, 1078]
gc 0
Test threshold 0.7 Acc 0.9754571428571429
t0.7_test_time 1.6174512769998728
data_distribution  [64253, 2141, 1708, 732, 1166]
gc 0
Test threshold 0.8 Acc 0.9755714285714285
t0.8_test_time 1.6685200150000128
data_distribution  [63683, 2313, 1897, 829, 1278]
gc 0
Test threshold 0.9 Acc 0.9757857142857143
t0.9_test_time 1.5906297280000672
data_distribution  [62764, 2630, 2196, 923, 1487]
gc 0
Train Epoch16 Acc 0.9838035714285714 (550930/560000)
ep16_train_time 41.59400875000006
Test Epoch16 layer0 Acc 0.9741857142857143
ep16_l0_test_time 1.4302161330001582
Test Epoch16 layer1 Acc 0.9755285714285714
ep16_l1_test_time 1.4345211830000153
Test Epoch16 layer2 Acc 0.9767714285714286
ep16_l2_test_time 1.4555147529999886
Test Epoch16 layer3 Acc 0.9769857142857142
ep16_l3_test_time 1.4956541910000851
Save ckpt to ckpt/dbpedia_14_linearal_l5_pad80//dbpedia_14_linearal_l5.pt  ,ep 16
Test Epoch16 layer4 Acc 0.9770285714285715
ep16_l4_test_time 1.4481747130000713
Save ckpt to ckpt/dbpedia_14_linearal_l5_pad80//dbpedia_14_linearal_l5.pt  ,ep 16
gc 0
Test threshold 0.1 Acc 0.9751571428571428
t0.1_test_time 1.5743289209999602
data_distribution  [67010, 1129, 827, 417, 617]
gc 0
Test threshold 0.2 Acc 0.9753571428571428
t0.2_test_time 1.593936642000017
data_distribution  [66395, 1377, 1014, 477, 737]
gc 0
Test threshold 0.3 Acc 0.9754428571428572
t0.3_test_time 1.6035358359999918
data_distribution  [65938, 1536, 1177, 546, 803]
gc 0
Test threshold 0.4 Acc 0.9753714285714286
t0.4_test_time 1.5919336590000057
data_distribution  [65526, 1705, 1279, 602, 888]
gc 0
Test threshold 0.5 Acc 0.9753428571428572
t0.5_test_time 1.5910575499999595
data_distribution  [65154, 1815, 1416, 646, 969]
gc 0
Test threshold 0.6 Acc 0.9754571428571429
t0.6_test_time 1.6139574490000541
data_distribution  [64758, 1944, 1567, 665, 1066]
gc 0
Test threshold 0.7 Acc 0.9754857142857143
t0.7_test_time 1.6056614459998855
data_distribution  [64286, 2111, 1729, 726, 1148]
gc 0
Test threshold 0.8 Acc 0.9756
t0.8_test_time 1.5734915880000244
data_distribution  [63706, 2316, 1900, 826, 1252]
gc 0
Test threshold 0.9 Acc 0.9758857142857142
t0.9_test_time 1.5992807969998921
data_distribution  [62804, 2620, 2211, 929, 1436]
gc 0
Train Epoch17 Acc 0.9839267857142857 (550999/560000)
ep17_train_time 41.76483738899992
Test Epoch17 layer0 Acc 0.9742714285714286
ep17_l0_test_time 1.4328496180000911
Test Epoch17 layer1 Acc 0.9753857142857143
ep17_l1_test_time 1.4363377619999937
Test Epoch17 layer2 Acc 0.9767571428571429
ep17_l2_test_time 1.4466724090000298
Test Epoch17 layer3 Acc 0.9769142857142857
ep17_l3_test_time 1.4992452439998942
Test Epoch17 layer4 Acc 0.9770714285714286
ep17_l4_test_time 1.4432947150000928
Save ckpt to ckpt/dbpedia_14_linearal_l5_pad80//dbpedia_14_linearal_l5.pt  ,ep 17
gc 0
Test threshold 0.1 Acc 0.9753142857142857
t0.1_test_time 1.5974988740001663
data_distribution  [66986, 1134, 861, 410, 609]
gc 0
Test threshold 0.2 Acc 0.9753571428571428
t0.2_test_time 1.578375244999961
data_distribution  [66378, 1361, 1059, 485, 717]
gc 0
Test threshold 0.3 Acc 0.9754285714285714
t0.3_test_time 1.5748683659999188
data_distribution  [65902, 1555, 1201, 543, 799]
gc 0
Test threshold 0.4 Acc 0.9753428571428572
t0.4_test_time 1.5783238540000184
data_distribution  [65503, 1687, 1347, 587, 876]
gc 0
Test threshold 0.5 Acc 0.9753428571428572
t0.5_test_time 1.572253979000152
data_distribution  [65108, 1847, 1459, 641, 945]
gc 0
Test threshold 0.6 Acc 0.9755142857142857
t0.6_test_time 1.57089154900018
data_distribution  [64718, 1972, 1616, 666, 1028]
gc 0
Test threshold 0.7 Acc 0.9755571428571429
t0.7_test_time 1.5744288220000726
data_distribution  [64237, 2149, 1765, 742, 1107]
gc 0
Test threshold 0.8 Acc 0.9757714285714286
t0.8_test_time 1.5919878820000122
data_distribution  [63682, 2329, 1953, 826, 1210]
gc 0
Test threshold 0.9 Acc 0.9760142857142857
t0.9_test_time 1.6035938300001362
data_distribution  [62764, 2657, 2252, 917, 1410]
gc 0
Train Epoch18 Acc 0.9840375 (551061/560000)
ep18_train_time 41.54773528999999
Test Epoch18 layer0 Acc 0.9742142857142857
ep18_l0_test_time 1.4440327150000485
Test Epoch18 layer1 Acc 0.9755142857142857
ep18_l1_test_time 1.4482555839999804
Test Epoch18 layer2 Acc 0.9767428571428571
ep18_l2_test_time 1.5088262629999463
Test Epoch18 layer3 Acc 0.9770142857142857
ep18_l3_test_time 1.5504267409999102
Test Epoch18 layer4 Acc 0.9772142857142857
ep18_l4_test_time 1.5152993840001727
Save ckpt to ckpt/dbpedia_14_linearal_l5_pad80//dbpedia_14_linearal_l5.pt  ,ep 18
gc 0
Test threshold 0.1 Acc 0.9752428571428572
t0.1_test_time 1.651843222000025
data_distribution  [66957, 1146, 871, 429, 597]
gc 0
Test threshold 0.2 Acc 0.9753142857142857
t0.2_test_time 1.6741732729999512
data_distribution  [66328, 1401, 1075, 493, 703]
gc 0
Test threshold 0.3 Acc 0.9753714285714286
t0.3_test_time 1.6053888960000222
data_distribution  [65853, 1592, 1217, 561, 777]
gc 0
Test threshold 0.4 Acc 0.9753857142857143
t0.4_test_time 1.6191159099998913
data_distribution  [65457, 1741, 1338, 621, 843]
gc 0
Test threshold 0.5 Acc 0.9753571428571428
t0.5_test_time 1.5807767969999986
data_distribution  [65079, 1888, 1451, 652, 930]
gc 0
Test threshold 0.6 Acc 0.9755428571428572
t0.6_test_time 1.5761744819999421
data_distribution  [64669, 2023, 1615, 700, 993]
gc 0
Test threshold 0.7 Acc 0.9756
t0.7_test_time 1.5733989060001932
data_distribution  [64208, 2186, 1780, 764, 1062]
gc 0
Test threshold 0.8 Acc 0.9758285714285714
t0.8_test_time 1.5835105099999964
data_distribution  [63644, 2362, 1974, 843, 1177]
gc 0
Test threshold 0.9 Acc 0.9760428571428571
t0.9_test_time 1.5862995110001066
data_distribution  [62719, 2702, 2273, 927, 1379]
gc 0
Train Epoch19 Acc 0.984075 (551082/560000)
ep19_train_time 41.69790422099982
Test Epoch19 layer0 Acc 0.9743428571428572
ep19_l0_test_time 1.4648309359999985
Test Epoch19 layer1 Acc 0.9754857142857143
ep19_l1_test_time 1.434823538000046
Test Epoch19 layer2 Acc 0.9767571428571429
ep19_l2_test_time 1.4365423310000551
Test Epoch19 layer3 Acc 0.9769285714285715
ep19_l3_test_time 1.4957739900000888
Test Epoch19 layer4 Acc 0.9771857142857143
ep19_l4_test_time 1.5042982420000044
gc 0
Test threshold 0.1 Acc 0.9753428571428572
t0.1_test_time 1.5739490430000842
data_distribution  [66947, 1230, 849, 400, 574]
gc 0
Test threshold 0.2 Acc 0.9754571428571429
t0.2_test_time 1.5749115460000667
data_distribution  [66331, 1486, 1058, 446, 679]
gc 0
Test threshold 0.3 Acc 0.9754714285714285
t0.3_test_time 1.60722405599995
data_distribution  [65856, 1691, 1189, 510, 754]
gc 0
Test threshold 0.4 Acc 0.9754
t0.4_test_time 1.613439888999892
data_distribution  [65459, 1837, 1321, 560, 823]
gc 0
Test threshold 0.5 Acc 0.9754428571428572
t0.5_test_time 1.591877722000163
data_distribution  [65081, 1967, 1450, 613, 889]
gc 0
Test threshold 0.6 Acc 0.9755571428571429
t0.6_test_time 1.6098210939999262
data_distribution  [64679, 2128, 1575, 665, 953]
gc 0
Test threshold 0.7 Acc 0.9756285714285714
t0.7_test_time 1.5970300199999201
data_distribution  [64219, 2293, 1732, 710, 1046]
gc 0
Test threshold 0.8 Acc 0.9758428571428571
t0.8_test_time 1.6459098790001008
data_distribution  [63640, 2498, 1943, 786, 1133]
gc 0
Test threshold 0.9 Acc 0.9760428571428571
t0.9_test_time 1.6043672739999693
data_distribution  [62702, 2846, 2264, 884, 1304]
Best Acc 0.9772142857142857 18 4
total_train+valid_time 1279.968536269
