total count words 222751
vocab size 30000
train size 40000, valid size 5000, test size 5000
found 27937 words in glove
model: LinearALsideText(
  (layers): ModuleList(
    (0): LinearLayer(
      (enc): ENC(
        (b): Sequential(
          (0): Linear(in_features=300, out_features=128, bias=True)
          (1): Tanh()
        )
        (f): Sequential(
          (0): Linear(in_features=300, out_features=300, bias=True)
          (1): ELU(alpha=1.0)
        )
        (cri): MSELoss()
      )
      (ae): AE(
        (g): Sequential(
          (0): Linear(in_features=2, out_features=128, bias=True)
          (1): Tanh()
        )
        (h): Sequential(
          (0): Linear(in_features=128, out_features=2, bias=True)
          (1): Sigmoid()
        )
        (cri): CrossEntropyLoss()
      )
    )
    (1): LinearLayer(
      (enc): ENC(
        (b): Sequential(
          (0): Linear(in_features=300, out_features=128, bias=True)
          (1): Tanh()
        )
        (f): Sequential(
          (0): Linear(in_features=300, out_features=300, bias=True)
          (1): ELU(alpha=1.0)
        )
        (cri): MSELoss()
      )
      (ae): AE(
        (g): Sequential(
          (0): Linear(in_features=128, out_features=128, bias=True)
          (1): Tanh()
        )
        (h): Sequential(
          (0): Linear(in_features=128, out_features=128, bias=True)
        )
        (cri): MSELoss()
      )
    )
    (2): LinearLayer(
      (enc): ENC(
        (b): Sequential(
          (0): Linear(in_features=300, out_features=128, bias=True)
          (1): Tanh()
        )
        (f): Sequential(
          (0): Linear(in_features=300, out_features=300, bias=True)
          (1): ELU(alpha=1.0)
        )
        (cri): MSELoss()
      )
      (ae): AE(
        (g): Sequential(
          (0): Linear(in_features=128, out_features=128, bias=True)
          (1): Tanh()
        )
        (h): Sequential(
          (0): Linear(in_features=128, out_features=128, bias=True)
        )
        (cri): MSELoss()
      )
    )
    (3): LinearLayer(
      (enc): ENC(
        (b): Sequential(
          (0): Linear(in_features=300, out_features=128, bias=True)
          (1): Tanh()
        )
        (f): Sequential(
          (0): Linear(in_features=300, out_features=300, bias=True)
          (1): ELU(alpha=1.0)
        )
        (cri): MSELoss()
      )
      (ae): AE(
        (g): Sequential(
          (0): Linear(in_features=128, out_features=128, bias=True)
          (1): Tanh()
        )
        (h): Sequential(
          (0): Linear(in_features=128, out_features=128, bias=True)
        )
        (cri): MSELoss()
      )
    )
    (4): LinearLayer(
      (enc): ENC(
        (b): Sequential(
          (0): Linear(in_features=300, out_features=128, bias=True)
          (1): Tanh()
        )
        (f): Sequential(
          (0): Linear(in_features=300, out_features=300, bias=True)
          (1): ELU(alpha=1.0)
        )
        (cri): MSELoss()
      )
      (ae): AE(
        (g): Sequential(
          (0): Linear(in_features=128, out_features=128, bias=True)
          (1): Tanh()
        )
        (h): Sequential(
          (0): Linear(in_features=128, out_features=128, bias=True)
        )
        (cri): MSELoss()
      )
    )
  )
  (emb_layers): ModuleList(
    (0): Embedding(30000, 300)
    (1): Embedding(30000, 300)
    (2): Embedding(30000, 300)
    (3): Embedding(30000, 300)
    (4): Embedding(30000, 300)
  )
)
layers.0.enc.b.0.weight 38400
layers.0.enc.b.0.bias 128
layers.0.enc.f.0.weight 90000
layers.0.enc.f.0.bias 300
layers.0.ae.g.0.weight 256
layers.0.ae.g.0.bias 128
layers.0.ae.h.0.weight 256
layers.0.ae.h.0.bias 2
layers.1.enc.b.0.weight 38400
layers.1.enc.b.0.bias 128
layers.1.enc.f.0.weight 90000
layers.1.enc.f.0.bias 300
layers.1.ae.g.0.weight 16384
layers.1.ae.g.0.bias 128
layers.1.ae.h.0.weight 16384
layers.1.ae.h.0.bias 128
layers.2.enc.b.0.weight 38400
layers.2.enc.b.0.bias 128
layers.2.enc.f.0.weight 90000
layers.2.enc.f.0.bias 300
layers.2.ae.g.0.weight 16384
layers.2.ae.g.0.bias 128
layers.2.ae.h.0.weight 16384
layers.2.ae.h.0.bias 128
layers.3.enc.b.0.weight 38400
layers.3.enc.b.0.bias 128
layers.3.enc.f.0.weight 90000
layers.3.enc.f.0.bias 300
layers.3.ae.g.0.weight 16384
layers.3.ae.g.0.bias 128
layers.3.ae.h.0.weight 16384
layers.3.ae.h.0.bias 128
layers.4.enc.b.0.weight 38400
layers.4.enc.b.0.bias 128
layers.4.enc.f.0.weight 90000
layers.4.enc.f.0.bias 300
layers.4.ae.g.0.weight 16384
layers.4.ae.g.0.bias 128
layers.4.ae.h.0.weight 16384
layers.4.ae.h.0.bias 128
emb_layers.0.weight 9000000
emb_layers.1.weight 9000000
emb_layers.2.weight 9000000
emb_layers.3.weight 9000000
emb_layers.4.weight 9000000
Total Trainable Params: 45776878
init_time 21.692375416
Start Training
gc 0
Train Epoch0 Acc 0.49735 (19894/40000), AUC 0.49796244502067566
ep0_train_time 3.625342785000001
Test Epoch0 layer0 Acc 0.53, AUC 0.5310143232345581, avg_entr 0.6940417289733887, f1 0.5299999713897705
ep0_l0_test_time 0.24938606400000296
Save ckpt to ckpt/imdb_linearalside_l5_256_sidead//imdb_linearalside_l5_side.pt  ,ep 0
Test Epoch0 layer1 Acc 0.5144, AUC 0.51328444480896, avg_entr 0.6888565421104431, f1 0.5144000053405762
ep0_l1_test_time 0.2500925690000031
Test Epoch0 layer2 Acc 0.5162, AUC 0.5294650197029114, avg_entr 0.6874018311500549, f1 0.5162000060081482
ep0_l2_test_time 0.2541508549999989
Test Epoch0 layer3 Acc 0.5138, AUC 0.517643392086029, avg_entr 0.6935571432113647, f1 0.5138000249862671
ep0_l3_test_time 0.2595434960000027
Test Epoch0 layer4 Acc 0.5072, AUC 0.5102078318595886, avg_entr 0.6874446272850037, f1 0.5072000026702881
ep0_l4_test_time 0.2636222799999999
gc 0
Train Epoch1 Acc 0.510725 (20429/40000), AUC 0.5144968032836914
ep1_train_time 3.2258886330000003
Test Epoch1 layer0 Acc 0.5194, AUC 0.5699092149734497, avg_entr 0.6809716820716858, f1 0.5194000005722046
ep1_l0_test_time 0.24799642700000035
Test Epoch1 layer1 Acc 0.5046, AUC 0.5410202145576477, avg_entr 0.6760606169700623, f1 0.5045999884605408
ep1_l1_test_time 0.2504757160000004
Test Epoch1 layer2 Acc 0.5194, AUC 0.5524383783340454, avg_entr 0.6766594052314758, f1 0.5194000005722046
ep1_l2_test_time 0.2540151020000039
Test Epoch1 layer3 Acc 0.508, AUC 0.5374847650527954, avg_entr 0.6796497702598572, f1 0.5080000162124634
ep1_l3_test_time 0.2593654900000004
Test Epoch1 layer4 Acc 0.5106, AUC 0.5280311703681946, avg_entr 0.6834977269172668, f1 0.5105999708175659
ep1_l4_test_time 0.26434283100000044
gc 0
Train Epoch2 Acc 0.523175 (20927/40000), AUC 0.5319262742996216
ep2_train_time 3.214931007000004
Test Epoch2 layer0 Acc 0.5616, AUC 0.5894649028778076, avg_entr 0.6870261430740356, f1 0.5616000294685364
ep2_l0_test_time 0.26869209699999885
Save ckpt to ckpt/imdb_linearalside_l5_256_sidead//imdb_linearalside_l5_side.pt  ,ep 2
Test Epoch2 layer1 Acc 0.55, AUC 0.5669796466827393, avg_entr 0.687894880771637, f1 0.550000011920929
ep2_l1_test_time 0.25835711100000225
Test Epoch2 layer2 Acc 0.5546, AUC 0.572544515132904, avg_entr 0.6833276152610779, f1 0.5546000003814697
ep2_l2_test_time 0.2752638660000031
Test Epoch2 layer3 Acc 0.5422, AUC 0.5596038103103638, avg_entr 0.6867871284484863, f1 0.5422000288963318
ep2_l3_test_time 0.2739500199999938
Test Epoch2 layer4 Acc 0.5152, AUC 0.5281962156295776, avg_entr 0.6848764419555664, f1 0.5152000188827515
ep2_l4_test_time 0.2660885400000055
gc 0
Train Epoch3 Acc 0.52905 (21162/40000), AUC 0.543195366859436
ep3_train_time 3.1953861280000027
Test Epoch3 layer0 Acc 0.573, AUC 0.6004415154457092, avg_entr 0.6780813336372375, f1 0.5730000138282776
ep3_l0_test_time 0.24703221800000108
Save ckpt to ckpt/imdb_linearalside_l5_256_sidead//imdb_linearalside_l5_side.pt  ,ep 3
Test Epoch3 layer1 Acc 0.5508, AUC 0.5854595303535461, avg_entr 0.6782873868942261, f1 0.5508000254631042
ep3_l1_test_time 0.2511943139999957
Test Epoch3 layer2 Acc 0.5378, AUC 0.5859448313713074, avg_entr 0.6695876717567444, f1 0.5378000140190125
ep3_l2_test_time 0.2537154409999971
Test Epoch3 layer3 Acc 0.5162, AUC 0.5708279609680176, avg_entr 0.6678095459938049, f1 0.5162000060081482
ep3_l3_test_time 0.25807107899999693
Test Epoch3 layer4 Acc 0.5182, AUC 0.5283021926879883, avg_entr 0.6737421751022339, f1 0.5181999802589417
ep3_l4_test_time 0.2639014109999991
gc 0
Train Epoch4 Acc 0.53785 (21514/40000), AUC 0.5527070760726929
ep4_train_time 3.213540901000002
Test Epoch4 layer0 Acc 0.5712, AUC 0.6073007583618164, avg_entr 0.666652500629425, f1 0.5712000131607056
ep4_l0_test_time 0.24695360600000527
Test Epoch4 layer1 Acc 0.566, AUC 0.5968273282051086, avg_entr 0.6713924407958984, f1 0.5659999847412109
ep4_l1_test_time 0.24994090899999577
Test Epoch4 layer2 Acc 0.5562, AUC 0.5965166091918945, avg_entr 0.6658048629760742, f1 0.5562000274658203
ep4_l2_test_time 0.2543296030000022
Test Epoch4 layer3 Acc 0.539, AUC 0.579116940498352, avg_entr 0.6680231094360352, f1 0.5389999747276306
ep4_l3_test_time 0.2601685819999986
Test Epoch4 layer4 Acc 0.5312, AUC 0.5488405823707581, avg_entr 0.668563961982727, f1 0.5311999917030334
ep4_l4_test_time 0.26359217800000323
gc 0
Train Epoch5 Acc 0.544675 (21787/40000), AUC 0.5610082149505615
ep5_train_time 3.1692274059999974
Test Epoch5 layer0 Acc 0.5444, AUC 0.612607479095459, avg_entr 0.6122276186943054, f1 0.5443999767303467
ep5_l0_test_time 0.24735382299999742
Test Epoch5 layer1 Acc 0.5374, AUC 0.6070971488952637, avg_entr 0.6219034790992737, f1 0.5374000072479248
ep5_l1_test_time 0.24978353000000197
Test Epoch5 layer2 Acc 0.539, AUC 0.6011402606964111, avg_entr 0.6222452521324158, f1 0.5389999747276306
ep5_l2_test_time 0.25456417899999906
Test Epoch5 layer3 Acc 0.5394, AUC 0.5847532749176025, avg_entr 0.6503406167030334, f1 0.5393999814987183
ep5_l3_test_time 0.2591274110000015
Test Epoch5 layer4 Acc 0.5216, AUC 0.5605299472808838, avg_entr 0.6608673930168152, f1 0.5216000080108643
ep5_l4_test_time 0.2645864699999976
gc 0
Train Epoch6 Acc 0.54665 (21866/40000), AUC 0.5664973258972168
ep6_train_time 3.2080694879999996
Test Epoch6 layer0 Acc 0.509, AUC 0.6156467199325562, avg_entr 0.3987409770488739, f1 0.5090000033378601
ep6_l0_test_time 0.24645986599999503
Test Epoch6 layer1 Acc 0.5024, AUC 0.606376051902771, avg_entr 0.38715872168540955, f1 0.5023999810218811
ep6_l1_test_time 0.25946524900000156
Test Epoch6 layer2 Acc 0.501, AUC 0.5957213640213013, avg_entr 0.40821602940559387, f1 0.5009999871253967
ep6_l2_test_time 0.2548341950000008
Test Epoch6 layer3 Acc 0.505, AUC 0.5841432809829712, avg_entr 0.46720796823501587, f1 0.5049999952316284
ep6_l3_test_time 0.2592404330000022
Test Epoch6 layer4 Acc 0.5048, AUC 0.5473142862319946, avg_entr 0.5147310495376587, f1 0.504800021648407
ep6_l4_test_time 0.2682729859999995
gc 0
Train Epoch7 Acc 0.559325 (22373/40000), AUC 0.5821359157562256
ep7_train_time 3.2698560350000037
Test Epoch7 layer0 Acc 0.5858, AUC 0.6186314821243286, avg_entr 0.5992978811264038, f1 0.5857999920845032
ep7_l0_test_time 0.2561950739999972
Save ckpt to ckpt/imdb_linearalside_l5_256_sidead//imdb_linearalside_l5_side.pt  ,ep 7
Test Epoch7 layer1 Acc 0.5804, AUC 0.6164209842681885, avg_entr 0.6159260272979736, f1 0.5803999900817871
ep7_l1_test_time 0.2547372889999977
Test Epoch7 layer2 Acc 0.5586, AUC 0.6133759021759033, avg_entr 0.5893183946609497, f1 0.5586000084877014
ep7_l2_test_time 0.2547717019999993
Test Epoch7 layer3 Acc 0.5584, AUC 0.5980908274650574, avg_entr 0.6276662349700928, f1 0.5583999752998352
ep7_l3_test_time 0.2616681920000019
Test Epoch7 layer4 Acc 0.5298, AUC 0.5759943127632141, avg_entr 0.6245530247688293, f1 0.5297999978065491
ep7_l4_test_time 0.2636449150000004
gc 0
Train Epoch8 Acc 0.563475 (22539/40000), AUC 0.587199330329895
ep8_train_time 3.1755007260000028
Test Epoch8 layer0 Acc 0.562, AUC 0.6200681924819946, avg_entr 0.5475195050239563, f1 0.5619999766349792
ep8_l0_test_time 0.24818833200001222
Test Epoch8 layer1 Acc 0.577, AUC 0.6178323030471802, avg_entr 0.592136025428772, f1 0.5770000219345093
ep8_l1_test_time 0.2583878949999985
Test Epoch8 layer2 Acc 0.554, AUC 0.6188486814498901, avg_entr 0.5441212058067322, f1 0.5540000200271606
ep8_l2_test_time 0.25720562799999414
Test Epoch8 layer3 Acc 0.5632, AUC 0.599918782711029, avg_entr 0.6058117151260376, f1 0.5631999969482422
ep8_l3_test_time 0.2596324959999947
Test Epoch8 layer4 Acc 0.5406, AUC 0.5730528235435486, avg_entr 0.6233881115913391, f1 0.5406000018119812
ep8_l4_test_time 0.2656675899999925
gc 0
Train Epoch9 Acc 0.571725 (22869/40000), AUC 0.5977644920349121
ep9_train_time 3.2040480779999996
Test Epoch9 layer0 Acc 0.5816, AUC 0.6216102838516235, avg_entr 0.5660990476608276, f1 0.58160001039505
ep9_l0_test_time 0.24895296700000813
Test Epoch9 layer1 Acc 0.5824, AUC 0.6195948123931885, avg_entr 0.5683321952819824, f1 0.5824000239372253
ep9_l1_test_time 0.2521734170000087
Test Epoch9 layer2 Acc 0.5754, AUC 0.6199465394020081, avg_entr 0.5651232004165649, f1 0.5753999948501587
ep9_l2_test_time 0.2603246609999985
Test Epoch9 layer3 Acc 0.5762, AUC 0.6048531532287598, avg_entr 0.595024824142456, f1 0.576200008392334
ep9_l3_test_time 0.26558484500000645
Test Epoch9 layer4 Acc 0.5656, AUC 0.5861636996269226, avg_entr 0.6204696893692017, f1 0.5655999779701233
ep9_l4_test_time 0.26588435399999355
gc 0
Train Epoch10 Acc 0.574725 (22989/40000), AUC 0.6032712459564209
ep10_train_time 3.151768535000002
Test Epoch10 layer0 Acc 0.5778, AUC 0.6216200590133667, avg_entr 0.5435855388641357, f1 0.5777999758720398
ep10_l0_test_time 0.24960336600000232
Test Epoch10 layer1 Acc 0.5856, AUC 0.6207616329193115, avg_entr 0.5732183456420898, f1 0.5856000185012817
ep10_l1_test_time 0.25210540999999864
Test Epoch10 layer2 Acc 0.5788, AUC 0.6239875555038452, avg_entr 0.563819169998169, f1 0.5788000226020813
ep10_l2_test_time 0.2574292570000125
Test Epoch10 layer3 Acc 0.5744, AUC 0.6046574711799622, avg_entr 0.5910242795944214, f1 0.574400007724762
ep10_l3_test_time 0.26017935000000136
Test Epoch10 layer4 Acc 0.547, AUC 0.5796416997909546, avg_entr 0.5913225412368774, f1 0.546999990940094
ep10_l4_test_time 0.26931828600000074
gc 0
Train Epoch11 Acc 0.578875 (23155/40000), AUC 0.6079000234603882
ep11_train_time 3.186697373000001
Test Epoch11 layer0 Acc 0.5286, AUC 0.6236246228218079, avg_entr 0.3500119745731354, f1 0.5285999774932861
ep11_l0_test_time 0.24884103399999447
Test Epoch11 layer1 Acc 0.5318, AUC 0.6205452680587769, avg_entr 0.3944012224674225, f1 0.5317999720573425
ep11_l1_test_time 0.2513599060000047
Test Epoch11 layer2 Acc 0.536, AUC 0.6181758642196655, avg_entr 0.3940270245075226, f1 0.5360000133514404
ep11_l2_test_time 0.25429859300000146
Test Epoch11 layer3 Acc 0.5352, AUC 0.6046270728111267, avg_entr 0.431761771440506, f1 0.5351999998092651
ep11_l3_test_time 0.25866667299999335
Test Epoch11 layer4 Acc 0.5362, AUC 0.5870404243469238, avg_entr 0.4460078179836273, f1 0.5361999869346619
ep11_l4_test_time 0.2636803059999977
gc 0
Train Epoch12 Acc 0.58015 (23206/40000), AUC 0.6088399291038513
ep12_train_time 3.183375287000004
Test Epoch12 layer0 Acc 0.577, AUC 0.6237804889678955, avg_entr 0.49640610814094543, f1 0.5770000219345093
ep12_l0_test_time 0.24791879900000424
Test Epoch12 layer1 Acc 0.5774, AUC 0.6205659508705139, avg_entr 0.5053699016571045, f1 0.5774000287055969
ep12_l1_test_time 0.2513329239999962
Test Epoch12 layer2 Acc 0.5888, AUC 0.6238681077957153, avg_entr 0.5464696884155273, f1 0.5888000130653381
ep12_l2_test_time 0.2559718870000012
Save ckpt to ckpt/imdb_linearalside_l5_256_sidead//imdb_linearalside_l5_side.pt  ,ep 12
Test Epoch12 layer3 Acc 0.5764, AUC 0.60890132188797, avg_entr 0.5575512647628784, f1 0.5763999819755554
ep12_l3_test_time 0.26141318900000954
Test Epoch12 layer4 Acc 0.5636, AUC 0.5905803442001343, avg_entr 0.5668202638626099, f1 0.5636000037193298
ep12_l4_test_time 0.26550967699999717
gc 0
Train Epoch13 Acc 0.58045 (23218/40000), AUC 0.6143167018890381
ep13_train_time 3.1849145150000027
Test Epoch13 layer0 Acc 0.5816, AUC 0.623590350151062, avg_entr 0.5165029764175415, f1 0.58160001039505
ep13_l0_test_time 0.24794953100000328
Test Epoch13 layer1 Acc 0.5874, AUC 0.622522234916687, avg_entr 0.5388873219490051, f1 0.5874000191688538
ep13_l1_test_time 0.24931300000000078
Test Epoch13 layer2 Acc 0.5858, AUC 0.6242833137512207, avg_entr 0.5226736068725586, f1 0.5857999920845032
ep13_l2_test_time 0.2547930859999923
Test Epoch13 layer3 Acc 0.5766, AUC 0.6097920536994934, avg_entr 0.5508755445480347, f1 0.5766000151634216
ep13_l3_test_time 0.2625132640000061
Test Epoch13 layer4 Acc 0.566, AUC 0.5901625156402588, avg_entr 0.5536586046218872, f1 0.5659999847412109
ep13_l4_test_time 0.264090994
gc 0
Train Epoch14 Acc 0.5788 (23152/40000), AUC 0.6107048988342285
ep14_train_time 3.215665677000004
Test Epoch14 layer0 Acc 0.5788, AUC 0.6246865391731262, avg_entr 0.4915286600589752, f1 0.5788000226020813
ep14_l0_test_time 0.24781825600000218
Test Epoch14 layer1 Acc 0.5884, AUC 0.6226357221603394, avg_entr 0.524164617061615, f1 0.5884000062942505
ep14_l1_test_time 0.2507533429999995
Test Epoch14 layer2 Acc 0.5836, AUC 0.6239250302314758, avg_entr 0.517249584197998, f1 0.5835999846458435
ep14_l2_test_time 0.2537990809999968
Test Epoch14 layer3 Acc 0.5738, AUC 0.6098953485488892, avg_entr 0.5236617922782898, f1 0.5738000273704529
ep14_l3_test_time 0.25916338300000064
Test Epoch14 layer4 Acc 0.5666, AUC 0.5887371301651001, avg_entr 0.5438055396080017, f1 0.5666000247001648
ep14_l4_test_time 0.27086295499999835
gc 0
Train Epoch15 Acc 0.585475 (23419/40000), AUC 0.6177629232406616
ep15_train_time 3.220456287999994
Test Epoch15 layer0 Acc 0.5698, AUC 0.6252632141113281, avg_entr 0.4456159770488739, f1 0.5698000192642212
ep15_l0_test_time 0.2485462419999891
Test Epoch15 layer1 Acc 0.5844, AUC 0.6227673888206482, avg_entr 0.5000244379043579, f1 0.5843999981880188
ep15_l1_test_time 0.2509104400000126
Test Epoch15 layer2 Acc 0.5852, AUC 0.6250045299530029, avg_entr 0.4962531328201294, f1 0.5852000117301941
ep15_l2_test_time 0.2553029689999988
Test Epoch15 layer3 Acc 0.5768, AUC 0.6103081107139587, avg_entr 0.5104615092277527, f1 0.5767999887466431
ep15_l3_test_time 0.25923497200000156
Test Epoch15 layer4 Acc 0.5594, AUC 0.5864096879959106, avg_entr 0.5059929490089417, f1 0.5594000220298767
ep15_l4_test_time 0.26547392700000216
gc 0
Train Epoch16 Acc 0.583175 (23327/40000), AUC 0.6175451278686523
ep16_train_time 3.2162040479999945
Test Epoch16 layer0 Acc 0.5818, AUC 0.6251909732818604, avg_entr 0.48111534118652344, f1 0.5817999839782715
ep16_l0_test_time 0.24867968899999937
Test Epoch16 layer1 Acc 0.5886, AUC 0.6229363679885864, avg_entr 0.509069561958313, f1 0.5885999798774719
ep16_l1_test_time 0.2503454770000104
Test Epoch16 layer2 Acc 0.5868, AUC 0.6249328851699829, avg_entr 0.5179340243339539, f1 0.5867999792098999
ep16_l2_test_time 0.2539615240000046
Test Epoch16 layer3 Acc 0.571, AUC 0.6100270748138428, avg_entr 0.5105382204055786, f1 0.5709999799728394
ep16_l3_test_time 0.259221814
Test Epoch16 layer4 Acc 0.5514, AUC 0.5867673754692078, avg_entr 0.4784490168094635, f1 0.5514000058174133
ep16_l4_test_time 0.26629392400000995
gc 0
Train Epoch17 Acc 0.58965 (23586/40000), AUC 0.6223150491714478
ep17_train_time 3.203494597999992
Test Epoch17 layer0 Acc 0.5892, AUC 0.6253859996795654, avg_entr 0.4738745093345642, f1 0.5892000198364258
ep17_l0_test_time 0.24829578499999627
Save ckpt to ckpt/imdb_linearalside_l5_256_sidead//imdb_linearalside_l5_side.pt  ,ep 17
Test Epoch17 layer1 Acc 0.5836, AUC 0.6217798590660095, avg_entr 0.4855632185935974, f1 0.5835999846458435
ep17_l1_test_time 0.25034924799999203
Test Epoch17 layer2 Acc 0.582, AUC 0.6227291226387024, avg_entr 0.5011622309684753, f1 0.5820000171661377
ep17_l2_test_time 0.2541719680000085
Test Epoch17 layer3 Acc 0.5728, AUC 0.6091801524162292, avg_entr 0.49928393959999084, f1 0.5727999806404114
ep17_l3_test_time 0.2594467699999967
Test Epoch17 layer4 Acc 0.5612, AUC 0.5817472338676453, avg_entr 0.5042206048965454, f1 0.5612000226974487
ep17_l4_test_time 0.26434078100000136
gc 0
Train Epoch18 Acc 0.590075 (23603/40000), AUC 0.6246612071990967
ep18_train_time 3.224008029999993
Test Epoch18 layer0 Acc 0.586, AUC 0.6255617141723633, avg_entr 0.4783917963504791, f1 0.5860000252723694
ep18_l0_test_time 0.247958011999998
Test Epoch18 layer1 Acc 0.5896, AUC 0.6233623027801514, avg_entr 0.49071967601776123, f1 0.5896000266075134
ep18_l1_test_time 0.24965314400000693
Save ckpt to ckpt/imdb_linearalside_l5_256_sidead//imdb_linearalside_l5_side.pt  ,ep 18
Test Epoch18 layer2 Acc 0.576, AUC 0.6257955431938171, avg_entr 0.4716552197933197, f1 0.5759999752044678
ep18_l2_test_time 0.25518524800000364
Test Epoch18 layer3 Acc 0.5748, AUC 0.6122426986694336, avg_entr 0.48943158984184265, f1 0.5748000144958496
ep18_l3_test_time 0.25876008699999886
Test Epoch18 layer4 Acc 0.5672, AUC 0.592555046081543, avg_entr 0.5061658024787903, f1 0.5672000050544739
ep18_l4_test_time 0.2676967700000006
gc 0
Train Epoch19 Acc 0.59335 (23734/40000), AUC 0.6290270686149597
ep19_train_time 3.206156099999987
Test Epoch19 layer0 Acc 0.569, AUC 0.6252979636192322, avg_entr 0.4422095715999603, f1 0.5690000057220459
ep19_l0_test_time 0.24965473700000018
Test Epoch19 layer1 Acc 0.5834, AUC 0.6238031387329102, avg_entr 0.4766703248023987, f1 0.5834000110626221
ep19_l1_test_time 0.25155840200000057
Test Epoch19 layer2 Acc 0.5552, AUC 0.6222761869430542, avg_entr 0.3982079029083252, f1 0.5551999807357788
ep19_l2_test_time 0.2560715850000008
Test Epoch19 layer3 Acc 0.5704, AUC 0.6108648180961609, avg_entr 0.46620672941207886, f1 0.5703999996185303
ep19_l3_test_time 0.259898708999998
Test Epoch19 layer4 Acc 0.571, AUC 0.5921690464019775, avg_entr 0.4907882809638977, f1 0.5709999799728394
ep19_l4_test_time 0.263841479000007
gc 0
Train Epoch20 Acc 0.5904 (23616/40000), AUC 0.6273161172866821
ep20_train_time 3.174807970999993
Test Epoch20 layer0 Acc 0.5854, AUC 0.6262088418006897, avg_entr 0.47067713737487793, f1 0.5853999853134155
ep20_l0_test_time 0.2543198669999924
Test Epoch20 layer1 Acc 0.59, AUC 0.6235814094543457, avg_entr 0.4664934575557709, f1 0.5899999737739563
ep20_l1_test_time 0.25422476099998903
Save ckpt to ckpt/imdb_linearalside_l5_256_sidead//imdb_linearalside_l5_side.pt  ,ep 20
Test Epoch20 layer2 Acc 0.5922, AUC 0.6253109574317932, avg_entr 0.48777759075164795, f1 0.592199981212616
ep20_l2_test_time 0.2587466349999943
Save ckpt to ckpt/imdb_linearalside_l5_256_sidead//imdb_linearalside_l5_side.pt  ,ep 20
Test Epoch20 layer3 Acc 0.577, AUC 0.6138761639595032, avg_entr 0.48144087195396423, f1 0.5770000219345093
ep20_l3_test_time 0.2608887849999917
Test Epoch20 layer4 Acc 0.5658, AUC 0.593744158744812, avg_entr 0.4893101453781128, f1 0.5658000111579895
ep20_l4_test_time 0.263919424000008
gc 0
Train Epoch21 Acc 0.594775 (23791/40000), AUC 0.6311212778091431
ep21_train_time 3.1812239249999976
Test Epoch21 layer0 Acc 0.5868, AUC 0.6261195540428162, avg_entr 0.4705299735069275, f1 0.5867999792098999
ep21_l0_test_time 0.25328155500000094
Test Epoch21 layer1 Acc 0.5746, AUC 0.6235840320587158, avg_entr 0.464907705783844, f1 0.5745999813079834
ep21_l1_test_time 0.2576483510000003
Test Epoch21 layer2 Acc 0.5792, AUC 0.6253468990325928, avg_entr 0.47502416372299194, f1 0.579200029373169
ep21_l2_test_time 0.25385016900000323
Test Epoch21 layer3 Acc 0.5702, AUC 0.60650235414505, avg_entr 0.4591428339481354, f1 0.5702000260353088
ep21_l3_test_time 0.2584514200000001
Test Epoch21 layer4 Acc 0.5672, AUC 0.5935032367706299, avg_entr 0.48891690373420715, f1 0.5672000050544739
ep21_l4_test_time 0.2641694579999978
gc 0
Train Epoch22 Acc 0.593775 (23751/40000), AUC 0.6299561858177185
ep22_train_time 3.183011817999997
Test Epoch22 layer0 Acc 0.5772, AUC 0.6263916492462158, avg_entr 0.42944955825805664, f1 0.5771999955177307
ep22_l0_test_time 0.24694327399998883
Test Epoch22 layer1 Acc 0.5794, AUC 0.6232699155807495, avg_entr 0.4647570252418518, f1 0.5794000029563904
ep22_l1_test_time 0.2550474720000011
Test Epoch22 layer2 Acc 0.589, AUC 0.6248635053634644, avg_entr 0.4809119999408722, f1 0.5889999866485596
ep22_l2_test_time 0.26555852399999935
Test Epoch22 layer3 Acc 0.5798, AUC 0.6136899590492249, avg_entr 0.4792289137840271, f1 0.579800009727478
ep22_l3_test_time 0.25909280099998
Test Epoch22 layer4 Acc 0.5656, AUC 0.5886303186416626, avg_entr 0.47058477997779846, f1 0.5655999779701233
ep22_l4_test_time 0.2635486169999979
gc 0
Train Epoch23 Acc 0.5935 (23740/40000), AUC 0.6304416060447693
ep23_train_time 3.1916533859999845
Test Epoch23 layer0 Acc 0.5906, AUC 0.6268182992935181, avg_entr 0.4593566060066223, f1 0.5906000137329102
ep23_l0_test_time 0.24740981999997302
Test Epoch23 layer1 Acc 0.5856, AUC 0.623934805393219, avg_entr 0.4717501103878021, f1 0.5856000185012817
ep23_l1_test_time 0.25067545799998925
Test Epoch23 layer2 Acc 0.5874, AUC 0.6249034404754639, avg_entr 0.4702732563018799, f1 0.5874000191688538
ep23_l2_test_time 0.25433741200001236
Test Epoch23 layer3 Acc 0.5776, AUC 0.6124270558357239, avg_entr 0.4575765132904053, f1 0.5776000022888184
ep23_l3_test_time 0.26342032400000903
Test Epoch23 layer4 Acc 0.5592, AUC 0.5845481157302856, avg_entr 0.4352993071079254, f1 0.5591999888420105
ep23_l4_test_time 0.26670009500000447
gc 0
Train Epoch24 Acc 0.5958 (23832/40000), AUC 0.629469633102417
ep24_train_time 3.174821191999996
Test Epoch24 layer0 Acc 0.581, AUC 0.627154529094696, avg_entr 0.42720672488212585, f1 0.5809999704360962
ep24_l0_test_time 0.24719297400000073
Test Epoch24 layer1 Acc 0.571, AUC 0.6233964562416077, avg_entr 0.40432560443878174, f1 0.5709999799728394
ep24_l1_test_time 0.2508989850000205
Test Epoch24 layer2 Acc 0.5808, AUC 0.6238130331039429, avg_entr 0.43551918864250183, f1 0.5807999968528748
ep24_l2_test_time 0.25553270200001066
Test Epoch24 layer3 Acc 0.5534, AUC 0.6148065328598022, avg_entr 0.3796660602092743, f1 0.5533999800682068
ep24_l3_test_time 0.2587426110000024
Test Epoch24 layer4 Acc 0.5588, AUC 0.5960381031036377, avg_entr 0.42094823718070984, f1 0.5587999820709229
ep24_l4_test_time 0.26475068499999566
gc 0
Train Epoch25 Acc 0.59445 (23778/40000), AUC 0.63067626953125
ep25_train_time 3.1973170579999817
Test Epoch25 layer0 Acc 0.5884, AUC 0.627108097076416, avg_entr 0.4399785101413727, f1 0.5884000062942505
ep25_l0_test_time 0.2478790970000091
Test Epoch25 layer1 Acc 0.5908, AUC 0.6227260828018188, avg_entr 0.44917118549346924, f1 0.5907999873161316
ep25_l1_test_time 0.2519904510000117
Test Epoch25 layer2 Acc 0.5878, AUC 0.6248764991760254, avg_entr 0.4669589698314667, f1 0.5878000259399414
ep25_l2_test_time 0.2576142359999949
Test Epoch25 layer3 Acc 0.5848, AUC 0.6158117055892944, avg_entr 0.48213499784469604, f1 0.5848000049591064
ep25_l3_test_time 0.25928875599998946
Test Epoch25 layer4 Acc 0.573, AUC 0.5965049862861633, avg_entr 0.47262459993362427, f1 0.5730000138282776
ep25_l4_test_time 0.26473695600000724
gc 0
Train Epoch26 Acc 0.594875 (23795/40000), AUC 0.631721556186676
ep26_train_time 3.178645925000012
Test Epoch26 layer0 Acc 0.5852, AUC 0.626765787601471, avg_entr 0.44761285185813904, f1 0.5852000117301941
ep26_l0_test_time 0.24873384200000714
Test Epoch26 layer1 Acc 0.5894, AUC 0.6236132979393005, avg_entr 0.45609232783317566, f1 0.5893999934196472
ep26_l1_test_time 0.25108151800000655
Test Epoch26 layer2 Acc 0.5848, AUC 0.6247142553329468, avg_entr 0.4565064013004303, f1 0.5848000049591064
ep26_l2_test_time 0.2568128970000032
Test Epoch26 layer3 Acc 0.57, AUC 0.6143661737442017, avg_entr 0.4295606315135956, f1 0.5699999928474426
ep26_l3_test_time 0.25910109900002
Test Epoch26 layer4 Acc 0.5602, AUC 0.5960072875022888, avg_entr 0.45248863101005554, f1 0.5601999759674072
ep26_l4_test_time 0.26500096300000564
gc 0
Train Epoch27 Acc 0.5946 (23784/40000), AUC 0.6313980221748352
ep27_train_time 3.2007065100000034
Test Epoch27 layer0 Acc 0.5834, AUC 0.6275064945220947, avg_entr 0.44635191559791565, f1 0.5834000110626221
ep27_l0_test_time 0.2476861739999947
Test Epoch27 layer1 Acc 0.5914, AUC 0.623700737953186, avg_entr 0.44834476709365845, f1 0.5914000272750854
ep27_l1_test_time 0.2527712680000036
Test Epoch27 layer2 Acc 0.5906, AUC 0.624690592288971, avg_entr 0.45870694518089294, f1 0.5906000137329102
ep27_l2_test_time 0.25711309300001517
Test Epoch27 layer3 Acc 0.5842, AUC 0.6145340204238892, avg_entr 0.4589463472366333, f1 0.5842000246047974
ep27_l3_test_time 0.25966060499999344
Test Epoch27 layer4 Acc 0.5622, AUC 0.5905143022537231, avg_entr 0.4359835088253021, f1 0.5622000098228455
ep27_l4_test_time 0.2655557399999964
gc 0
Train Epoch28 Acc 0.596475 (23859/40000), AUC 0.6315639019012451
ep28_train_time 3.2594059259999995
Test Epoch28 layer0 Acc 0.5862, AUC 0.6277046203613281, avg_entr 0.42255455255508423, f1 0.5861999988555908
ep28_l0_test_time 0.2483438589999878
Test Epoch28 layer1 Acc 0.5856, AUC 0.6239821910858154, avg_entr 0.4415335953235626, f1 0.5856000185012817
ep28_l1_test_time 0.25172077199999876
Test Epoch28 layer2 Acc 0.5884, AUC 0.6244783401489258, avg_entr 0.4519801139831543, f1 0.5884000062942505
ep28_l2_test_time 0.25568295300001864
Test Epoch28 layer3 Acc 0.5796, AUC 0.6163163185119629, avg_entr 0.4554656744003296, f1 0.5795999765396118
ep28_l3_test_time 0.2627147910000076
Test Epoch28 layer4 Acc 0.5674, AUC 0.5917021036148071, avg_entr 0.4492676258087158, f1 0.5673999786376953
ep28_l4_test_time 0.2653170629999977
gc 0
Train Epoch29 Acc 0.5975 (23900/40000), AUC 0.6324726343154907
ep29_train_time 3.1892422349999947
Test Epoch29 layer0 Acc 0.5938, AUC 0.6269564628601074, avg_entr 0.42861953377723694, f1 0.5938000082969666
ep29_l0_test_time 0.2476452580000057
Save ckpt to ckpt/imdb_linearalside_l5_256_sidead//imdb_linearalside_l5_side.pt  ,ep 29
Test Epoch29 layer1 Acc 0.5878, AUC 0.623450517654419, avg_entr 0.44164174795150757, f1 0.5878000259399414
ep29_l1_test_time 0.2515451980000023
Test Epoch29 layer2 Acc 0.5786, AUC 0.6247686147689819, avg_entr 0.42970457673072815, f1 0.5785999894142151
ep29_l2_test_time 0.25774426699999253
Test Epoch29 layer3 Acc 0.5846, AUC 0.6152936220169067, avg_entr 0.4636467397212982, f1 0.5845999717712402
ep29_l3_test_time 0.2652446029999851
Test Epoch29 layer4 Acc 0.564, AUC 0.5962772369384766, avg_entr 0.45680415630340576, f1 0.5640000104904175
ep29_l4_test_time 0.2663233530000184
gc 0
Train Epoch30 Acc 0.597875 (23915/40000), AUC 0.634606122970581
ep30_train_time 3.2020335909999744
Test Epoch30 layer0 Acc 0.573, AUC 0.6265990138053894, avg_entr 0.39688846468925476, f1 0.5730000138282776
ep30_l0_test_time 0.24682785799998896
Test Epoch30 layer1 Acc 0.5916, AUC 0.6231015920639038, avg_entr 0.43928369879722595, f1 0.5916000008583069
ep30_l1_test_time 0.25204465199999504
Test Epoch30 layer2 Acc 0.5916, AUC 0.6246395111083984, avg_entr 0.4536326229572296, f1 0.5916000008583069
ep30_l2_test_time 0.25429522600001064
Test Epoch30 layer3 Acc 0.5706, AUC 0.6123491525650024, avg_entr 0.40952855348587036, f1 0.5705999732017517
ep30_l3_test_time 0.25847943200000145
Test Epoch30 layer4 Acc 0.574, AUC 0.5967178344726562, avg_entr 0.457973837852478, f1 0.5740000009536743
ep30_l4_test_time 0.26752881600000933
gc 0
Train Epoch31 Acc 0.597325 (23893/40000), AUC 0.635628879070282
ep31_train_time 3.166492441999992
Test Epoch31 layer0 Acc 0.5796, AUC 0.6270298361778259, avg_entr 0.3967955708503723, f1 0.5795999765396118
ep31_l0_test_time 0.24714113699999984
Test Epoch31 layer1 Acc 0.5792, AUC 0.6222125291824341, avg_entr 0.39310842752456665, f1 0.579200029373169
ep31_l1_test_time 0.25063614200001894
Test Epoch31 layer2 Acc 0.5894, AUC 0.6253430843353271, avg_entr 0.44318443536758423, f1 0.5893999934196472
ep31_l2_test_time 0.25381105300002105
Test Epoch31 layer3 Acc 0.5864, AUC 0.6164234280586243, avg_entr 0.4473069906234741, f1 0.5863999724388123
ep31_l3_test_time 0.25980486800000335
Test Epoch31 layer4 Acc 0.5672, AUC 0.5973931550979614, avg_entr 0.4213300347328186, f1 0.5672000050544739
ep31_l4_test_time 0.26556802099997867
gc 0
Train Epoch32 Acc 0.600925 (24037/40000), AUC 0.6368976831436157
ep32_train_time 3.201577823000008
Test Epoch32 layer0 Acc 0.5468, AUC 0.6269792914390564, avg_entr 0.30505767464637756, f1 0.5468000173568726
ep32_l0_test_time 0.253573834000008
Test Epoch32 layer1 Acc 0.5914, AUC 0.6228057146072388, avg_entr 0.42771005630493164, f1 0.5914000272750854
ep32_l1_test_time 0.25066862799999967
Test Epoch32 layer2 Acc 0.5866, AUC 0.6254473328590393, avg_entr 0.4402216374874115, f1 0.5866000056266785
ep32_l2_test_time 0.253679266000006
Test Epoch32 layer3 Acc 0.5756, AUC 0.6128380298614502, avg_entr 0.40592190623283386, f1 0.5756000280380249
ep32_l3_test_time 0.2591866549999793
Test Epoch32 layer4 Acc 0.5682, AUC 0.597175121307373, avg_entr 0.4348227083683014, f1 0.5681999921798706
ep32_l4_test_time 0.26458008500000574
gc 0
Train Epoch33 Acc 0.60085 (24034/40000), AUC 0.6387922763824463
ep33_train_time 3.1771015829999953
Test Epoch33 layer0 Acc 0.579, AUC 0.6276761293411255, avg_entr 0.37209880352020264, f1 0.5789999961853027
ep33_l0_test_time 0.2597528670000031
Test Epoch33 layer1 Acc 0.5904, AUC 0.6235053539276123, avg_entr 0.4276736378669739, f1 0.590399980545044
ep33_l1_test_time 0.25036664900000005
Test Epoch33 layer2 Acc 0.5894, AUC 0.6250957250595093, avg_entr 0.43955326080322266, f1 0.5893999934196472
ep33_l2_test_time 0.2611307710000119
Test Epoch33 layer3 Acc 0.5798, AUC 0.6112813949584961, avg_entr 0.4277900457382202, f1 0.579800009727478
ep33_l3_test_time 0.25846383100000025
Test Epoch33 layer4 Acc 0.5762, AUC 0.5972802639007568, avg_entr 0.44032949209213257, f1 0.576200008392334
ep33_l4_test_time 0.2640653330000191
gc 0
Train Epoch34 Acc 0.60015 (24006/40000), AUC 0.6368722915649414
ep34_train_time 3.1822419830000115
Test Epoch34 layer0 Acc 0.584, AUC 0.6274208426475525, avg_entr 0.4090191423892975, f1 0.5839999914169312
ep34_l0_test_time 0.2479080809999914
Test Epoch34 layer1 Acc 0.5888, AUC 0.623319149017334, avg_entr 0.42580917477607727, f1 0.5888000130653381
ep34_l1_test_time 0.2507213530000172
Test Epoch34 layer2 Acc 0.5906, AUC 0.6254265904426575, avg_entr 0.4421030879020691, f1 0.5906000137329102
ep34_l2_test_time 0.2597021979999852
Test Epoch34 layer3 Acc 0.5824, AUC 0.6165772676467896, avg_entr 0.4316391050815582, f1 0.5824000239372253
ep34_l3_test_time 0.2622793580000007
Test Epoch34 layer4 Acc 0.5704, AUC 0.5970587730407715, avg_entr 0.43865767121315, f1 0.5703999996185303
ep34_l4_test_time 0.2696726390000208
gc 0
Train Epoch35 Acc 0.599325 (23973/40000), AUC 0.6365796327590942
ep35_train_time 3.1783254039999917
Test Epoch35 layer0 Acc 0.588, AUC 0.6270561218261719, avg_entr 0.40685179829597473, f1 0.5879999995231628
ep35_l0_test_time 0.24810502900001552
Test Epoch35 layer1 Acc 0.5902, AUC 0.622859001159668, avg_entr 0.4212229549884796, f1 0.5902000069618225
ep35_l1_test_time 0.24917525400002205
Test Epoch35 layer2 Acc 0.5892, AUC 0.6256411075592041, avg_entr 0.43703749775886536, f1 0.5892000198364258
ep35_l2_test_time 0.2540767229999972
Test Epoch35 layer3 Acc 0.5578, AUC 0.6112751960754395, avg_entr 0.356594443321228, f1 0.5577999949455261
ep35_l3_test_time 0.2573130409999749
Test Epoch35 layer4 Acc 0.5714, AUC 0.599820077419281, avg_entr 0.4323413670063019, f1 0.571399986743927
ep35_l4_test_time 0.2628919020000069
gc 0
Train Epoch36 Acc 0.6007 (24028/40000), AUC 0.6377429962158203
ep36_train_time 3.1762179679999747
Test Epoch36 layer0 Acc 0.5826, AUC 0.627397358417511, avg_entr 0.39730221033096313, f1 0.5825999975204468
ep36_l0_test_time 0.2524837499999819
Test Epoch36 layer1 Acc 0.5932, AUC 0.6231557130813599, avg_entr 0.41875916719436646, f1 0.5932000279426575
ep36_l1_test_time 0.2514871120000066
Test Epoch36 layer2 Acc 0.587, AUC 0.6257491111755371, avg_entr 0.43263134360313416, f1 0.5870000123977661
ep36_l2_test_time 0.2552339260000167
Test Epoch36 layer3 Acc 0.583, AUC 0.6166620850563049, avg_entr 0.42227816581726074, f1 0.5830000042915344
ep36_l3_test_time 0.25889523600000075
Test Epoch36 layer4 Acc 0.572, AUC 0.5992863178253174, avg_entr 0.4302082061767578, f1 0.5720000267028809
ep36_l4_test_time 0.2648535010000046
gc 0
Train Epoch37 Acc 0.600725 (24029/40000), AUC 0.6379573345184326
ep37_train_time 3.193195495999987
Test Epoch37 layer0 Acc 0.5846, AUC 0.6277523040771484, avg_entr 0.39859721064567566, f1 0.5845999717712402
ep37_l0_test_time 0.2473907899999972
Test Epoch37 layer1 Acc 0.5914, AUC 0.6231530904769897, avg_entr 0.41245999932289124, f1 0.5914000272750854
ep37_l1_test_time 0.24855510099999378
Test Epoch37 layer2 Acc 0.5896, AUC 0.6257197260856628, avg_entr 0.43332305550575256, f1 0.5896000266075134
ep37_l2_test_time 0.25461186300000804
Test Epoch37 layer3 Acc 0.5846, AUC 0.6185342073440552, avg_entr 0.42124423384666443, f1 0.5845999717712402
ep37_l3_test_time 0.2597917379999899
Test Epoch37 layer4 Acc 0.567, AUC 0.5955572128295898, avg_entr 0.4156133830547333, f1 0.5669999718666077
ep37_l4_test_time 0.26356812899999227
gc 0
Train Epoch38 Acc 0.6024 (24096/40000), AUC 0.6393153667449951
ep38_train_time 3.201504882000023
Test Epoch38 layer0 Acc 0.5956, AUC 0.6276406049728394, avg_entr 0.40101560950279236, f1 0.5956000089645386
ep38_l0_test_time 0.24738508400000114
Save ckpt to ckpt/imdb_linearalside_l5_256_sidead//imdb_linearalside_l5_side.pt  ,ep 38
Test Epoch38 layer1 Acc 0.5918, AUC 0.6231647729873657, avg_entr 0.4125366806983948, f1 0.5917999744415283
ep38_l1_test_time 0.25163543000002164
Test Epoch38 layer2 Acc 0.5898, AUC 0.6257104873657227, avg_entr 0.4307861328125, f1 0.5898000001907349
ep38_l2_test_time 0.2562158259999876
Test Epoch38 layer3 Acc 0.5846, AUC 0.6167699098587036, avg_entr 0.43279829621315, f1 0.5845999717712402
ep38_l3_test_time 0.25981589099998814
Test Epoch38 layer4 Acc 0.5756, AUC 0.5991168022155762, avg_entr 0.4330275356769562, f1 0.5756000280380249
ep38_l4_test_time 0.26527323599998454
gc 0
Train Epoch39 Acc 0.600525 (24021/40000), AUC 0.6373345851898193
ep39_train_time 3.2291652140000053
Test Epoch39 layer0 Acc 0.5844, AUC 0.6277641654014587, avg_entr 0.3949925899505615, f1 0.5843999981880188
ep39_l0_test_time 0.24767831900001624
Test Epoch39 layer1 Acc 0.5912, AUC 0.6233496069908142, avg_entr 0.4131147563457489, f1 0.5911999940872192
ep39_l1_test_time 0.25005974100000117
Test Epoch39 layer2 Acc 0.593, AUC 0.6258496046066284, avg_entr 0.4339081645011902, f1 0.5929999947547913
ep39_l2_test_time 0.2562859880000019
Test Epoch39 layer3 Acc 0.5784, AUC 0.6111588478088379, avg_entr 0.38870206475257874, f1 0.5784000158309937
ep39_l3_test_time 0.2596887859999981
Test Epoch39 layer4 Acc 0.5676, AUC 0.5950651168823242, avg_entr 0.3998928964138031, f1 0.5676000118255615
ep39_l4_test_time 0.26530099599997925
gc 0
Train Epoch40 Acc 0.601025 (24041/40000), AUC 0.6382647156715393
ep40_train_time 3.1766204349999896
Test Epoch40 layer0 Acc 0.589, AUC 0.6276684999465942, avg_entr 0.3989289104938507, f1 0.5889999866485596
ep40_l0_test_time 0.25612232500000687
Test Epoch40 layer1 Acc 0.5924, AUC 0.6233060359954834, avg_entr 0.4164568781852722, f1 0.5924000144004822
ep40_l1_test_time 0.2524589399999968
Test Epoch40 layer2 Acc 0.5936, AUC 0.6257805228233337, avg_entr 0.43340572714805603, f1 0.5935999751091003
ep40_l2_test_time 0.25532169199999544
Test Epoch40 layer3 Acc 0.5772, AUC 0.6182550191879272, avg_entr 0.4270350933074951, f1 0.5771999955177307
ep40_l3_test_time 0.2594271419999927
Test Epoch40 layer4 Acc 0.5646, AUC 0.5985581874847412, avg_entr 0.42824405431747437, f1 0.5645999908447266
ep40_l4_test_time 0.2693306849999999
gc 0
Train Epoch41 Acc 0.602 (24080/40000), AUC 0.6393088102340698
ep41_train_time 3.218912739000018
Test Epoch41 layer0 Acc 0.5842, AUC 0.6278538703918457, avg_entr 0.3951958119869232, f1 0.5842000246047974
ep41_l0_test_time 0.248146988000002
Test Epoch41 layer1 Acc 0.5934, AUC 0.6233218908309937, avg_entr 0.41415297985076904, f1 0.5934000015258789
ep41_l1_test_time 0.24952860199999805
Test Epoch41 layer2 Acc 0.5906, AUC 0.6258525252342224, avg_entr 0.43173715472221375, f1 0.5906000137329102
ep41_l2_test_time 0.2553333019999968
Test Epoch41 layer3 Acc 0.569, AUC 0.6189888119697571, avg_entr 0.38602885603904724, f1 0.5690000057220459
ep41_l3_test_time 0.25965646500000616
Test Epoch41 layer4 Acc 0.5726, AUC 0.5994231104850769, avg_entr 0.42022597789764404, f1 0.5726000070571899
ep41_l4_test_time 0.2656495129999996
gc 0
Train Epoch42 Acc 0.602325 (24093/40000), AUC 0.6395602226257324
ep42_train_time 3.202452305999998
Test Epoch42 layer0 Acc 0.5902, AUC 0.627781331539154, avg_entr 0.4001302421092987, f1 0.5902000069618225
ep42_l0_test_time 0.248302472000006
Test Epoch42 layer1 Acc 0.5862, AUC 0.623586118221283, avg_entr 0.41180136799812317, f1 0.5861999988555908
ep42_l1_test_time 0.25158168399997294
Test Epoch42 layer2 Acc 0.5884, AUC 0.6259636878967285, avg_entr 0.4293050169944763, f1 0.5884000062942505
ep42_l2_test_time 0.25432334699999615
Test Epoch42 layer3 Acc 0.5796, AUC 0.6112509965896606, avg_entr 0.4183468222618103, f1 0.5795999765396118
ep42_l3_test_time 0.26482767799998896
Test Epoch42 layer4 Acc 0.566, AUC 0.5965173840522766, avg_entr 0.4259577691555023, f1 0.5659999847412109
ep42_l4_test_time 0.2715159269999958
gc 0
Train Epoch43 Acc 0.6027 (24108/40000), AUC 0.6398278474807739
ep43_train_time 3.180427992999995
Test Epoch43 layer0 Acc 0.5838, AUC 0.6279059648513794, avg_entr 0.37466728687286377, f1 0.5838000178337097
ep43_l0_test_time 0.2555953959999897
Test Epoch43 layer1 Acc 0.59, AUC 0.6236530542373657, avg_entr 0.4140869975090027, f1 0.5899999737739563
ep43_l1_test_time 0.250132533999988
Test Epoch43 layer2 Acc 0.5894, AUC 0.6259660720825195, avg_entr 0.42805999517440796, f1 0.5893999934196472
ep43_l2_test_time 0.25483626799999115
Test Epoch43 layer3 Acc 0.5764, AUC 0.6158952713012695, avg_entr 0.3971807360649109, f1 0.5763999819755554
ep43_l3_test_time 0.2603271219999783
Test Epoch43 layer4 Acc 0.5694, AUC 0.6002038717269897, avg_entr 0.4109864830970764, f1 0.5694000124931335
ep43_l4_test_time 0.2648513920000255
gc 0
Train Epoch44 Acc 0.60135 (24054/40000), AUC 0.6390137672424316
ep44_train_time 3.1765037650000068
Test Epoch44 layer0 Acc 0.5948, AUC 0.6277387738227844, avg_entr 0.3978760540485382, f1 0.5947999954223633
ep44_l0_test_time 0.24759555599999317
Test Epoch44 layer1 Acc 0.5908, AUC 0.6232032775878906, avg_entr 0.4077208638191223, f1 0.5907999873161316
ep44_l1_test_time 0.2510808160000124
Test Epoch44 layer2 Acc 0.5904, AUC 0.6258658170700073, avg_entr 0.42722398042678833, f1 0.590399980545044
ep44_l2_test_time 0.2651935989999856
Test Epoch44 layer3 Acc 0.5786, AUC 0.616791844367981, avg_entr 0.4120435416698456, f1 0.5785999894142151
ep44_l3_test_time 0.2604666150000128
Test Epoch44 layer4 Acc 0.567, AUC 0.5961949229240417, avg_entr 0.4206981360912323, f1 0.5669999718666077
ep44_l4_test_time 0.2653701149999961
gc 0
Train Epoch45 Acc 0.59795 (23918/40000), AUC 0.6379732489585876
ep45_train_time 3.1704120679999903
Test Epoch45 layer0 Acc 0.5846, AUC 0.6279096007347107, avg_entr 0.38099023699760437, f1 0.5845999717712402
ep45_l0_test_time 0.24836783999998602
Test Epoch45 layer1 Acc 0.5912, AUC 0.6235859990119934, avg_entr 0.4134153425693512, f1 0.5911999940872192
ep45_l1_test_time 0.2498618459999875
Test Epoch45 layer2 Acc 0.5928, AUC 0.6260436773300171, avg_entr 0.42951709032058716, f1 0.5928000211715698
ep45_l2_test_time 0.25421750800001064
Test Epoch45 layer3 Acc 0.5838, AUC 0.6157259941101074, avg_entr 0.4038287103176117, f1 0.5838000178337097
ep45_l3_test_time 0.26030823199999986
Test Epoch45 layer4 Acc 0.57, AUC 0.5999326705932617, avg_entr 0.40671998262405396, f1 0.5699999928474426
ep45_l4_test_time 0.26909881200000996
gc 0
Train Epoch46 Acc 0.601875 (24075/40000), AUC 0.6402633786201477
ep46_train_time 3.1801960779999945
Test Epoch46 layer0 Acc 0.5846, AUC 0.6278631687164307, avg_entr 0.39028704166412354, f1 0.5845999717712402
ep46_l0_test_time 0.24995596499999806
Test Epoch46 layer1 Acc 0.5932, AUC 0.6233991384506226, avg_entr 0.41015732288360596, f1 0.5932000279426575
ep46_l1_test_time 0.251478757000001
Test Epoch46 layer2 Acc 0.5892, AUC 0.6259588003158569, avg_entr 0.428922176361084, f1 0.5892000198364258
ep46_l2_test_time 0.25714841399999955
Test Epoch46 layer3 Acc 0.5868, AUC 0.6205922365188599, avg_entr 0.42300868034362793, f1 0.5867999792098999
ep46_l3_test_time 0.2592912419999891
Test Epoch46 layer4 Acc 0.5732, AUC 0.6010459661483765, avg_entr 0.4167805314064026, f1 0.573199987411499
ep46_l4_test_time 0.26478732400002514
gc 0
Train Epoch47 Acc 0.602325 (24093/40000), AUC 0.6403101086616516
ep47_train_time 3.2133138700000075
Test Epoch47 layer0 Acc 0.5878, AUC 0.6276604533195496, avg_entr 0.3882116675376892, f1 0.5878000259399414
ep47_l0_test_time 0.24711265600001298
Test Epoch47 layer1 Acc 0.5932, AUC 0.623345136642456, avg_entr 0.41234755516052246, f1 0.5932000279426575
ep47_l1_test_time 0.24919588700001327
Test Epoch47 layer2 Acc 0.5912, AUC 0.6260337829589844, avg_entr 0.4281291365623474, f1 0.5911999940872192
ep47_l2_test_time 0.25310401299998375
Test Epoch47 layer3 Acc 0.574, AUC 0.6204683780670166, avg_entr 0.3982534408569336, f1 0.5740000009536743
ep47_l3_test_time 0.25845002300002307
Test Epoch47 layer4 Acc 0.562, AUC 0.5995503664016724, avg_entr 0.40625709295272827, f1 0.5619999766349792
ep47_l4_test_time 0.2640426410000032
gc 0
Train Epoch48 Acc 0.602075 (24083/40000), AUC 0.6407346725463867
ep48_train_time 3.2027612850000082
Test Epoch48 layer0 Acc 0.5874, AUC 0.6278252601623535, avg_entr 0.3932589888572693, f1 0.5874000191688538
ep48_l0_test_time 0.2480501160000017
Test Epoch48 layer1 Acc 0.5928, AUC 0.6235517859458923, avg_entr 0.41181933879852295, f1 0.5928000211715698
ep48_l1_test_time 0.26209700399999747
Test Epoch48 layer2 Acc 0.5924, AUC 0.6260123252868652, avg_entr 0.42815467715263367, f1 0.5924000144004822
ep48_l2_test_time 0.2624481710000168
Test Epoch48 layer3 Acc 0.5868, AUC 0.6208093166351318, avg_entr 0.405826598405838, f1 0.5867999792098999
ep48_l3_test_time 0.2593899439999916
Test Epoch48 layer4 Acc 0.5744, AUC 0.6019130945205688, avg_entr 0.4116578996181488, f1 0.574400007724762
ep48_l4_test_time 0.2641209310000079
gc 0
Train Epoch49 Acc 0.601775 (24071/40000), AUC 0.6405007839202881
ep49_train_time 3.236121594000025
Test Epoch49 layer0 Acc 0.5842, AUC 0.6278667449951172, avg_entr 0.38958147168159485, f1 0.5842000246047974
ep49_l0_test_time 0.24727411199998528
Test Epoch49 layer1 Acc 0.5912, AUC 0.6233909130096436, avg_entr 0.4081055521965027, f1 0.5911999940872192
ep49_l1_test_time 0.2522041379999962
Test Epoch49 layer2 Acc 0.5916, AUC 0.6259832382202148, avg_entr 0.42651230096817017, f1 0.5916000008583069
ep49_l2_test_time 0.25399961300001905
Test Epoch49 layer3 Acc 0.5864, AUC 0.6201024055480957, avg_entr 0.4177291989326477, f1 0.5863999724388123
ep49_l3_test_time 0.258063017000012
Test Epoch49 layer4 Acc 0.5732, AUC 0.5997487306594849, avg_entr 0.4115751385688782, f1 0.573199987411499
ep49_l4_test_time 0.2632476150000116
Best AUC tensor(0.5956) 38 0
train_as_loss [[9.10065295e+01 5.98028463e+01 5.22745936e+01 5.05540858e+01
  4.99464285e+01 4.96661323e+01 4.95144174e+01 4.94231956e+01
  4.93641320e+01 4.93237371e+01 4.92949213e+01 4.92736630e+01
  4.92575564e+01 4.92450719e+01 4.92352152e+01 4.92273060e+01
  4.92208746e+01 4.92155805e+01 4.92111789e+01 4.92074861e+01
  4.92043628e+01 4.92017013e+01 4.91994194e+01 4.91974520e+01
  4.91957490e+01 4.91942659e+01 4.91929685e+01 4.91918300e+01
  4.91908255e+01 4.91899413e+01 4.91891556e+01 4.91884587e+01
  4.91878383e+01 4.91874141e+01 4.91871418e+01 4.91868761e+01
  4.91866187e+01 4.91864307e+01 4.91862998e+01 4.91861695e+01
  4.91860346e+01 4.91859285e+01 4.91858665e+01 4.91857881e+01
  4.91857151e+01 4.91856304e+01 4.91855728e+01 4.91855327e+01
  4.91854787e+01 4.91854306e+01]
 [1.61365815e+00 1.42321732e-04 1.21017116e-05 3.28975757e-06
  1.31252651e-06 6.14128362e-07 3.28666223e-07 1.89628607e-07
  1.15322709e-07 7.65961939e-08 1.42396734e-07 6.41926183e-07
  5.08224033e-07 1.29730936e-06 8.94982355e-07 2.33513532e-06
  2.46516522e-06 6.60357106e-06 5.65684008e-06 1.25190607e-05
  1.85802771e-05 2.87702071e-05 1.67302307e-05 4.68103538e-05
  4.56416153e-05 5.53460348e-05 6.77903370e-05 6.49944740e-05
  1.27440635e-06 1.79448098e-09 1.61393238e-09 1.38883465e-09
  4.28871803e-09 1.20259568e-09 7.36548000e-10 7.48449350e-10
  2.53249101e-09 6.27489370e-10 4.99865960e-10 4.55116021e-10
  1.86817015e-09 4.63089375e-10 3.88996521e-10 3.87722540e-10
  1.52620818e-09 1.38135357e-09 3.52496949e-10 3.16179326e-10
  1.26098779e-09 1.18816836e-09]
 [1.67760227e+00 1.33270432e-04 9.51357388e-06 2.51354528e-06
  1.03805527e-06 4.70369748e-07 2.64606973e-07 1.55536668e-07
  9.53459205e-08 6.51481612e-08 6.99449020e-08 2.94721906e-07
  2.47305892e-07 1.00962360e-06 7.44445113e-07 2.09149062e-06
  2.57865617e-06 7.40649694e-06 7.87942628e-06 1.69172602e-05
  3.18890010e-05 5.44903364e-05 2.95447055e-05 2.28940082e-05
  2.54505700e-05 3.20441046e-05 3.58640699e-05 2.34928796e-05
  9.30512776e-07 5.44927891e-09 4.90304267e-09 1.45904746e-08
  1.18818452e-08 3.58649445e-09 2.25535159e-09 8.13394083e-09
  7.14510889e-09 1.87910448e-09 1.52898398e-09 5.60073077e-09
  5.24463584e-09 1.41805604e-09 1.19631138e-09 1.18955425e-09
  1.25108331e-09 1.16742114e-09 3.55759186e-10 2.65994845e-10
  2.79771740e-10 2.74063032e-10]
 [2.00564089e+00 1.08461230e-04 9.55682847e-06 2.84982554e-06
  1.31844420e-06 5.70518209e-07 3.52554632e-07 2.17978637e-07
  1.32431620e-07 9.19665178e-08 1.05416256e-07 3.02577123e-07
  2.67543595e-07 1.01636549e-06 8.19394874e-07 2.18149276e-06
  3.14698246e-06 9.49531050e-06 1.16110661e-05 2.53656194e-05
  5.94706254e-05 1.37999257e-04 8.86750735e-05 4.97598380e-05
  8.60599055e-05 1.11775414e-04 1.04948883e-04 8.90413143e-05
  1.54729466e-05 4.27024327e-09 6.07061936e-05 4.75709580e-05
  6.52999935e-05 5.68114474e-05 1.28816053e-04 1.07128976e-04
  8.04711130e-05 1.49889445e-04 1.19408814e-04 1.25024513e-04
  1.41251031e-04 1.43587407e-04 1.39715399e-04 1.54242961e-04
  1.48233742e-04 1.24225424e-04 2.49553349e-06 3.46776578e-11
  3.42269152e-11 3.71472289e-11]
 [1.74144519e+00 1.80532337e-04 1.68267907e-05 5.21227204e-06
  2.64469208e-06 1.11742347e-06 7.10190231e-07 4.60033027e-07
  2.90488209e-07 1.94101320e-07 2.46697945e-07 3.81645585e-07
  3.84144546e-07 1.18480946e-06 1.06820350e-06 2.66341511e-06
  4.99406801e-06 7.81869835e-06 1.00632541e-05 2.03236699e-05
  5.04606990e-05 1.25390530e-04 7.79619268e-05 4.27793261e-05
  9.42988694e-05 1.34803364e-04 1.00339324e-04 9.88289520e-05
  3.34927653e-05 1.95587940e-08 2.65724760e-05 1.67587340e-05
  2.49214221e-05 2.44330153e-05 5.12643277e-05 4.61271414e-05
  3.10424507e-05 6.25567817e-05 4.74156608e-05 5.47330277e-05
  4.33352131e-05 4.44929697e-05 4.18968127e-05 4.93560701e-05
  4.67112610e-05 3.80296581e-05 1.08513647e-06 1.02037844e-10
  1.13055426e-10 1.05309207e-10]]
train_ae_loss [[ 4.98904086  4.26014185  5.5138321   6.41972428  7.05606002  7.57259993
   8.02123033  8.32483962  8.67792331  8.94123875  9.23978193  9.46694026
   9.75250372  9.98281914 10.1692762  10.39939727 10.56765321 10.69815942
  10.80785876 11.04145521 11.24016401 11.34585923 11.54780626 11.69103152
  11.79463083 11.89867463 12.10441986 12.28253886 12.46717467 12.4694434
  12.61081486 12.75712088 12.87664121 12.93006452 12.98781069 13.03258836
  13.11260743 13.10776231 13.13803343 13.1771637  13.2723235  13.23718416
  13.26891712 13.28218944 13.32605539 13.35036489 13.34689314 13.36621097
  13.38827917 13.40869191]
 [ 5.35926915  4.480583    5.73629868  6.62310665  7.24398744  7.72034696
   8.13357941  8.42810527  8.72144631  8.9764682   9.25048081  9.42791584
   9.71617286  9.88753637 10.08160089 10.24781311 10.41549234 10.56691297
  10.60370068 10.79020879 10.93507628 11.05486739 11.19968259 11.31895086
  11.44727562 11.48410354 11.64807601 11.73827395 11.77065068 11.8625533
  11.98359099 12.09501713 12.13885264 12.19438928 12.25991277 12.31978834
  12.36252096 12.37936975 12.42630908 12.45241439 12.47841203 12.49704672
  12.51653472 12.54209612 12.55313876 12.57599829 12.58300947 12.60470368
  12.61497462 12.62816904]
 [ 5.58751082  4.6285669   5.98265041  6.91028743  7.54590439  8.05112124
   8.48055422  8.77441616  9.07841489  9.31512767  9.58346859  9.78335125
  10.04481971 10.17730937 10.397358   10.56363443 10.73362339 10.8458382
  10.92762809 11.12565597 11.25224521 11.34216683 11.53085227 11.52487846
  11.66913594 11.76492371 11.84712337 11.94662787 12.02125914 12.12374306
  12.24137693 12.31132194 12.40773451 12.48192734 12.52827933 12.58712982
  12.62606322 12.66380317 12.69544845 12.71737952 12.75071979 12.77170475
  12.78851669 12.81016908 12.8157403  12.84011985 12.85795397 12.88203973
  12.88886081 12.91017172]
 [ 5.30984921  4.73831278  6.10642715  7.03167802  7.66501369  8.16786722
   8.55346681  8.84521579  9.12644826  9.3473402   9.56813269  9.751
   9.97672144 10.11292245 10.27100121 10.43729343 10.60211067 10.78198166
  10.80911246 10.92717224 11.02795205 11.09558755 11.23764675 11.32877974
  11.42000952 11.49407293 11.59084623 11.60826565 11.69148827 11.73777556
  11.83481345 11.89266178 11.95357756 12.0078584  12.02851765 12.09622356
  12.02223381 12.04520001 12.02622818 12.02114942 12.02760798 11.98523729
  11.93965565 11.92865659 11.91724874 11.89124284 11.78937199 11.77585573
  11.77899741 11.82123721]
 [ 4.36863728  3.94193688  5.0545345   5.79387636  6.29758061  6.68805462
   7.00084856  7.22056135  7.44187627  7.59377511  7.75646099  7.88028353
   8.02330853  8.12138088  8.27936598  8.34443302  8.4746091   8.50166836
   8.57692512  8.6348231   8.73651436  8.77567175  8.85861856  8.90825085
   9.00044007  9.032148    9.07673438  9.13510272  9.18878662  9.23739972
   9.25307778  9.30337961  9.345164    9.3591121   9.38831642  9.41417975
   9.40839337  9.40790584  9.39253824  9.40370577  9.37386655  9.36193318
   9.33795059  9.31949022  9.30557618  9.29920162  9.26987664  9.2806088
   9.28268149  9.2918647 ]]
valid_acc (5, 50)
valid_AUC (5, 50)
train_acc (50,)
total_train+valid_time 229.09495778399997
Start Testing
Load ckpt at ckpt/imdb_linearalside_l5_256_sidead//imdb_linearalside_l5_side.pt
gc 10
Test layer0 Acc 0.5964, AUC 0.6386102437973022, avg_entr 0.40308505296707153, f1 0.5964000225067139
l0_test_time 0.24684103199999186
gc 0
Test layer1 Acc 0.5756, AUC 0.6075865030288696, avg_entr 0.41616690158843994, f1 0.5756000280380249
l1_test_time 0.2534454549999907
gc 0
Test layer2 Acc 0.5886, AUC 0.6234652996063232, avg_entr 0.42945438623428345, f1 0.5885999798774719
l2_test_time 0.2606522449999886
gc 0
Test layer3 Acc 0.5802, AUC 0.6142784953117371, avg_entr 0.43110141158103943, f1 0.5802000164985657
l3_test_time 0.26087502199999335
gc 0
Test layer4 Acc 0.582, AUC 0.6130325794219971, avg_entr 0.4312135875225067, f1 0.5820000171661377
l4_test_time 0.26592821699998126
gc 0
Test threshold 0.1 Acc 0.6046, AUC 0.6500915884971619, avg_entr 0.504319429397583, f1 0.6046000123023987
t0.1_test_time 0.346787331999991
gc 0
Test threshold 0.2 Acc 0.6188, AUC 0.6637281179428101, avg_entr 0.41191932559013367, f1 0.6187999844551086
t0.2_test_time 0.3452591980000079
gc 0
Test threshold 0.3 Acc 0.6208, AUC 0.6624941825866699, avg_entr 0.3561604619026184, f1 0.6208000183105469
t0.3_test_time 0.4186687270000107
gc 0
Test threshold 0.4 Acc 0.6252, AUC 0.6649976968765259, avg_entr 0.3338167071342468, f1 0.6251999735832214
t0.4_test_time 0.3285177549999787
gc 0
Test threshold 0.5 Acc 0.6258, AUC 0.6635152697563171, avg_entr 0.33268800377845764, f1 0.6258000135421753
t0.5_test_time 0.3131543160000092
gc 0
Test threshold 0.6 Acc 0.625, AUC 0.659579873085022, avg_entr 0.3482276499271393, f1 0.625
t0.6_test_time 0.306518527999998
gc 0
Test threshold 0.7 Acc 0.6246, AUC 0.6572416424751282, avg_entr 0.3749677240848541, f1 0.6245999932289124
t0.7_test_time 0.32683143799999925
gc 0
Test threshold 0.8 Acc 0.6214, AUC 0.6556279063224792, avg_entr 0.4140571653842926, f1 0.621399998664856
t0.8_test_time 0.3087982990000455
gc 0
Test threshold 0.9 Acc 0.6146, AUC 0.6492388248443604, avg_entr 0.46642422676086426, f1 0.6146000027656555
t0.9_test_time 0.30957367000002023
