total count words 102019
vocab size 30000
found 26754 words in glove
Load ckpt from ckpt/ag_news_lstmal_l5adf_pad25_t0.4_m4//ag_news_lstmal_l5_prefix.pt
model: LSTMModelML(
  (layers): ModuleList(
    (0): EMBLayer(
      (enc): ENC(
        (b): Sequential(
          (0): Linear(in_features=300, out_features=128, bias=True)
          (1): Tanh()
        )
        (f): Embedding(30000, 300)
        (cri): MSELoss()
      )
      (ae): AE(
        (g): Sequential(
          (0): Linear(in_features=4, out_features=128, bias=True)
          (1): Tanh()
        )
        (h): Sequential(
          (0): Linear(in_features=128, out_features=4, bias=True)
          (1): Sigmoid()
        )
        (cri): CrossEntropyLoss()
      )
    )
    (1): LSTMLayer(
      (enc): ENC(
        (b): Sequential(
          (0): Linear(in_features=300, out_features=128, bias=True)
          (1): Tanh()
        )
        (f): LSTM(300, 300, batch_first=True, bidirectional=True)
        (cri): MSELoss()
      )
      (ae): AE(
        (g): Sequential(
          (0): Linear(in_features=128, out_features=128, bias=True)
          (1): Tanh()
        )
        (h): Sequential(
          (0): Linear(in_features=128, out_features=128, bias=True)
        )
        (cri): MSELoss()
      )
    )
    (2): LSTMLayer(
      (enc): ENC(
        (b): Sequential(
          (0): Linear(in_features=300, out_features=128, bias=True)
          (1): Tanh()
        )
        (f): LSTM(600, 300, batch_first=True, bidirectional=True)
        (cri): MSELoss()
      )
      (ae): AE(
        (g): Sequential(
          (0): Linear(in_features=128, out_features=128, bias=True)
          (1): Tanh()
        )
        (h): Sequential(
          (0): Linear(in_features=128, out_features=128, bias=True)
        )
        (cri): MSELoss()
      )
    )
    (3): LSTMLayer(
      (enc): ENC(
        (b): Sequential(
          (0): Linear(in_features=300, out_features=128, bias=True)
          (1): Tanh()
        )
        (f): LSTM(600, 300, batch_first=True, bidirectional=True)
        (cri): MSELoss()
      )
      (ae): AE(
        (g): Sequential(
          (0): Linear(in_features=128, out_features=128, bias=True)
          (1): Tanh()
        )
        (h): Sequential(
          (0): Linear(in_features=128, out_features=128, bias=True)
        )
        (cri): MSELoss()
      )
    )
    (4): LSTMLayer(
      (enc): ENC(
        (b): Sequential(
          (0): Linear(in_features=300, out_features=128, bias=True)
          (1): Tanh()
        )
        (f): LSTM(600, 300, batch_first=True, bidirectional=True)
        (cri): MSELoss()
      )
      (ae): AE(
        (g): Sequential(
          (0): Linear(in_features=128, out_features=128, bias=True)
          (1): Tanh()
        )
        (h): Sequential(
          (0): Linear(in_features=128, out_features=128, bias=True)
        )
        (cri): MSELoss()
      )
    )
  )
)
layers.0.enc.b.0.weight 38400
layers.0.enc.b.0.bias 128
layers.0.enc.f.weight 9000000
layers.0.ae.g.0.weight 512
layers.0.ae.g.0.bias 128
layers.0.ae.h.0.weight 512
layers.0.ae.h.0.bias 4
layers.1.enc.b.0.weight 38400
layers.1.enc.b.0.bias 128
layers.1.enc.f.weight_ih_l0 360000
layers.1.enc.f.weight_hh_l0 360000
layers.1.enc.f.bias_ih_l0 1200
layers.1.enc.f.bias_hh_l0 1200
layers.1.enc.f.weight_ih_l0_reverse 360000
layers.1.enc.f.weight_hh_l0_reverse 360000
layers.1.enc.f.bias_ih_l0_reverse 1200
layers.1.enc.f.bias_hh_l0_reverse 1200
layers.1.ae.g.0.weight 16384
layers.1.ae.g.0.bias 128
layers.1.ae.h.0.weight 16384
layers.1.ae.h.0.bias 128
layers.2.enc.b.0.weight 38400
layers.2.enc.b.0.bias 128
layers.2.enc.f.weight_ih_l0 720000
layers.2.enc.f.weight_hh_l0 360000
layers.2.enc.f.bias_ih_l0 1200
layers.2.enc.f.bias_hh_l0 1200
layers.2.enc.f.weight_ih_l0_reverse 720000
layers.2.enc.f.weight_hh_l0_reverse 360000
layers.2.enc.f.bias_ih_l0_reverse 1200
layers.2.enc.f.bias_hh_l0_reverse 1200
layers.2.ae.g.0.weight 16384
layers.2.ae.g.0.bias 128
layers.2.ae.h.0.weight 16384
layers.2.ae.h.0.bias 128
layers.3.enc.b.0.weight 38400
layers.3.enc.b.0.bias 128
layers.3.enc.f.weight_ih_l0 720000
layers.3.enc.f.weight_hh_l0 360000
layers.3.enc.f.bias_ih_l0 1200
layers.3.enc.f.bias_hh_l0 1200
layers.3.enc.f.weight_ih_l0_reverse 720000
layers.3.enc.f.weight_hh_l0_reverse 360000
layers.3.enc.f.bias_ih_l0_reverse 1200
layers.3.enc.f.bias_hh_l0_reverse 1200
layers.3.ae.g.0.weight 16384
layers.3.ae.g.0.bias 128
layers.3.ae.h.0.weight 16384
layers.3.ae.h.0.bias 128
layers.4.enc.b.0.weight 38400
layers.4.enc.b.0.bias 128
layers.4.enc.f.weight_ih_l0 720000
layers.4.enc.f.weight_hh_l0 360000
layers.4.enc.f.bias_ih_l0 1200
layers.4.enc.f.bias_hh_l0 1200
layers.4.enc.f.weight_ih_l0_reverse 720000
layers.4.enc.f.weight_hh_l0_reverse 360000
layers.4.enc.f.bias_ih_l0_reverse 1200
layers.4.enc.f.bias_hh_l0_reverse 1200
layers.4.ae.g.0.weight 16384
layers.4.ae.g.0.bias 128
layers.4.ae.h.0.weight 16384
layers.4.ae.h.0.bias 128
Total Trainable Params: 17265092
Start Training
train_mask {0, 1, 2, 3, 4}
gc 9
Train Epoch0 Acc 0.9193916666666667 (110327/120000), AUC 0.9852651357650757
ep0_train_time 19.45397114753723
Test Epoch0 threshold 0.4 Acc 0.9108552631578948, AUC 0.9801133275032043, avg_entr 0.02394283376634121
ep0_t0.4_test_time 0.08506894111633301
Save ckpt to ckpt/ag_news_lstmal_l5adf_pad25_t0.4_m5//ag_news_lstmal_l5_prefix.pt  ,ep 0
gc 0
Train Epoch1 Acc 0.95705 (114846/120000), AUC 0.9930301904678345
ep1_train_time 19.070674896240234
Test Epoch1 threshold 0.4 Acc 0.9105263157894737, AUC 0.9796913862228394, avg_entr 0.023509589955210686
ep1_t0.4_test_time 0.08253693580627441
gc 0
Train Epoch2 Acc 0.9594583333333333 (115135/120000), AUC 0.9932804107666016
ep2_train_time 18.1488995552063
Test Epoch2 threshold 0.4 Acc 0.9118421052631579, AUC 0.979092001914978, avg_entr 0.024105200543999672
ep2_t0.4_test_time 0.07823634147644043
gc 0
Train Epoch3 Acc 0.9615833333333333 (115390/120000), AUC 0.9937087297439575
ep3_train_time 18.88811707496643
Test Epoch3 threshold 0.4 Acc 0.9095394736842105, AUC 0.9793252348899841, avg_entr 0.024586107581853867
ep3_t0.4_test_time 0.07919955253601074
gc 0
Train Epoch4 Acc 0.9635083333333333 (115621/120000), AUC 0.9940780997276306
ep4_train_time 18.424514532089233
Test Epoch4 threshold 0.4 Acc 0.9083881578947368, AUC 0.978922426700592, avg_entr 0.0235841553658247
ep4_t0.4_test_time 0.08356022834777832
gc 0
Train Epoch5 Acc 0.9670666666666666 (116048/120000), AUC 0.9947861433029175
ep5_train_time 18.177337169647217
Test Epoch5 threshold 0.4 Acc 0.9095394736842105, AUC 0.9788047671318054, avg_entr 0.024355420842766762
ep5_t0.4_test_time 0.08006167411804199
gc 0
Train Epoch6 Acc 0.9683333333333334 (116200/120000), AUC 0.9949433207511902
ep6_train_time 18.621569395065308
Test Epoch6 threshold 0.4 Acc 0.9092105263157895, AUC 0.9783535003662109, avg_entr 0.02428499050438404
ep6_t0.4_test_time 0.07958149909973145
gc 0
Train Epoch7 Acc 0.96915 (116298/120000), AUC 0.9950862526893616
ep7_train_time 18.55554962158203
Test Epoch7 threshold 0.4 Acc 0.9085526315789474, AUC 0.9782623052597046, avg_entr 0.024387026205658913
ep7_t0.4_test_time 0.07957124710083008
gc 0
Train Epoch8 Acc 0.9703333333333334 (116440/120000), AUC 0.9949672818183899
ep8_train_time 18.3218777179718
Test Epoch8 threshold 0.4 Acc 0.9085526315789474, AUC 0.9780988693237305, avg_entr 0.02423679456114769
ep8_t0.4_test_time 0.08072590827941895
gc 0
Train Epoch9 Acc 0.9724333333333334 (116692/120000), AUC 0.9955147504806519
ep9_train_time 18.446571588516235
Test Epoch9 threshold 0.4 Acc 0.9087171052631579, AUC 0.977882444858551, avg_entr 0.024021700024604797
ep9_t0.4_test_time 0.08033967018127441
Best AUC 0.9801133275032043
train_loss (2, 5, 10)
valid_acc (10, 1)
valid_AUC (10, 1)
train_acc (10,)
Figure(640x480)
Figure(640x480)
Figure(640x480)
Figure(640x480)
Figure(640x480)
Start Testing
Load ckpt at ckpt/ag_news_lstmal_l5adf_pad25_t0.4_m5//ag_news_lstmal_l5_prefix.pt
Test threshold 0.4 Acc 0.9217105263157894, AUC 0.9848023653030396, avg_entr 0.024378886446356773
t0.4_test_time 0.023827791213989258
