total count words 102019
vocab size 30000
found 26754 words in glove
Load ckpt from ckpt/ag_news_lstmal_l5adf_pad25_t0.2_m4//ag_news_lstmal_l5_prefix.pt
model: LSTMModelML(
  (layers): ModuleList(
    (0): EMBLayer(
      (enc): ENC(
        (b): Sequential(
          (0): Linear(in_features=300, out_features=128, bias=True)
          (1): Tanh()
        )
        (f): Embedding(30000, 300)
        (cri): MSELoss()
      )
      (ae): AE(
        (g): Sequential(
          (0): Linear(in_features=4, out_features=128, bias=True)
          (1): Tanh()
        )
        (h): Sequential(
          (0): Linear(in_features=128, out_features=4, bias=True)
          (1): Sigmoid()
        )
        (cri): CrossEntropyLoss()
      )
    )
    (1): LSTMLayer(
      (enc): ENC(
        (b): Sequential(
          (0): Linear(in_features=300, out_features=128, bias=True)
          (1): Tanh()
        )
        (f): LSTM(300, 300, batch_first=True, bidirectional=True)
        (cri): MSELoss()
      )
      (ae): AE(
        (g): Sequential(
          (0): Linear(in_features=128, out_features=128, bias=True)
          (1): Tanh()
        )
        (h): Sequential(
          (0): Linear(in_features=128, out_features=128, bias=True)
        )
        (cri): MSELoss()
      )
    )
    (2): LSTMLayer(
      (enc): ENC(
        (b): Sequential(
          (0): Linear(in_features=300, out_features=128, bias=True)
          (1): Tanh()
        )
        (f): LSTM(600, 300, batch_first=True, bidirectional=True)
        (cri): MSELoss()
      )
      (ae): AE(
        (g): Sequential(
          (0): Linear(in_features=128, out_features=128, bias=True)
          (1): Tanh()
        )
        (h): Sequential(
          (0): Linear(in_features=128, out_features=128, bias=True)
        )
        (cri): MSELoss()
      )
    )
    (3): LSTMLayer(
      (enc): ENC(
        (b): Sequential(
          (0): Linear(in_features=300, out_features=128, bias=True)
          (1): Tanh()
        )
        (f): LSTM(600, 300, batch_first=True, bidirectional=True)
        (cri): MSELoss()
      )
      (ae): AE(
        (g): Sequential(
          (0): Linear(in_features=128, out_features=128, bias=True)
          (1): Tanh()
        )
        (h): Sequential(
          (0): Linear(in_features=128, out_features=128, bias=True)
        )
        (cri): MSELoss()
      )
    )
    (4): LSTMLayer(
      (enc): ENC(
        (b): Sequential(
          (0): Linear(in_features=300, out_features=128, bias=True)
          (1): Tanh()
        )
        (f): LSTM(600, 300, batch_first=True, bidirectional=True)
        (cri): MSELoss()
      )
      (ae): AE(
        (g): Sequential(
          (0): Linear(in_features=128, out_features=128, bias=True)
          (1): Tanh()
        )
        (h): Sequential(
          (0): Linear(in_features=128, out_features=128, bias=True)
        )
        (cri): MSELoss()
      )
    )
  )
)
layers.0.enc.b.0.weight 38400
layers.0.enc.b.0.bias 128
layers.0.enc.f.weight 9000000
layers.0.ae.g.0.weight 512
layers.0.ae.g.0.bias 128
layers.0.ae.h.0.weight 512
layers.0.ae.h.0.bias 4
layers.1.enc.b.0.weight 38400
layers.1.enc.b.0.bias 128
layers.1.enc.f.weight_ih_l0 360000
layers.1.enc.f.weight_hh_l0 360000
layers.1.enc.f.bias_ih_l0 1200
layers.1.enc.f.bias_hh_l0 1200
layers.1.enc.f.weight_ih_l0_reverse 360000
layers.1.enc.f.weight_hh_l0_reverse 360000
layers.1.enc.f.bias_ih_l0_reverse 1200
layers.1.enc.f.bias_hh_l0_reverse 1200
layers.1.ae.g.0.weight 16384
layers.1.ae.g.0.bias 128
layers.1.ae.h.0.weight 16384
layers.1.ae.h.0.bias 128
layers.2.enc.b.0.weight 38400
layers.2.enc.b.0.bias 128
layers.2.enc.f.weight_ih_l0 720000
layers.2.enc.f.weight_hh_l0 360000
layers.2.enc.f.bias_ih_l0 1200
layers.2.enc.f.bias_hh_l0 1200
layers.2.enc.f.weight_ih_l0_reverse 720000
layers.2.enc.f.weight_hh_l0_reverse 360000
layers.2.enc.f.bias_ih_l0_reverse 1200
layers.2.enc.f.bias_hh_l0_reverse 1200
layers.2.ae.g.0.weight 16384
layers.2.ae.g.0.bias 128
layers.2.ae.h.0.weight 16384
layers.2.ae.h.0.bias 128
layers.3.enc.b.0.weight 38400
layers.3.enc.b.0.bias 128
layers.3.enc.f.weight_ih_l0 720000
layers.3.enc.f.weight_hh_l0 360000
layers.3.enc.f.bias_ih_l0 1200
layers.3.enc.f.bias_hh_l0 1200
layers.3.enc.f.weight_ih_l0_reverse 720000
layers.3.enc.f.weight_hh_l0_reverse 360000
layers.3.enc.f.bias_ih_l0_reverse 1200
layers.3.enc.f.bias_hh_l0_reverse 1200
layers.3.ae.g.0.weight 16384
layers.3.ae.g.0.bias 128
layers.3.ae.h.0.weight 16384
layers.3.ae.h.0.bias 128
layers.4.enc.b.0.weight 38400
layers.4.enc.b.0.bias 128
layers.4.enc.f.weight_ih_l0 720000
layers.4.enc.f.weight_hh_l0 360000
layers.4.enc.f.bias_ih_l0 1200
layers.4.enc.f.bias_hh_l0 1200
layers.4.enc.f.weight_ih_l0_reverse 720000
layers.4.enc.f.weight_hh_l0_reverse 360000
layers.4.enc.f.bias_ih_l0_reverse 1200
layers.4.enc.f.bias_hh_l0_reverse 1200
layers.4.ae.g.0.weight 16384
layers.4.ae.g.0.bias 128
layers.4.ae.h.0.weight 16384
layers.4.ae.h.0.bias 128
Total Trainable Params: 17265092
Start Training
train_mask {0, 1, 2, 3, 4}
gc 9
Train Epoch0 Acc 0.935725 (112287/120000), AUC 0.9854251146316528
ep0_train_time 18.53964352607727
Test Epoch0 threshold 0.2 Acc 0.9110197368421052, AUC 0.9788020849227905, avg_entr 0.012505470775067806
ep0_t0.2_test_time 0.1413726806640625
Save ckpt to ckpt/ag_news_lstmal_l5adf_pad25_t0.2_m5//ag_news_lstmal_l5_prefix.pt  ,ep 0
gc 0
Train Epoch1 Acc 0.9556 (114672/120000), AUC 0.993511438369751
ep1_train_time 18.25939965248108
Test Epoch1 threshold 0.2 Acc 0.9120065789473685, AUC 0.9786319136619568, avg_entr 0.01200819481164217
ep1_t0.2_test_time 0.1340348720550537
gc 0
Train Epoch2 Acc 0.9581916666666667 (114983/120000), AUC 0.9939686059951782
ep2_train_time 18.415823936462402
Test Epoch2 threshold 0.2 Acc 0.9092105263157895, AUC 0.9785289764404297, avg_entr 0.012573636136949062
ep2_t0.2_test_time 0.14671778678894043
gc 0
Train Epoch3 Acc 0.9604833333333334 (115258/120000), AUC 0.9943645000457764
ep3_train_time 18.825713634490967
Test Epoch3 threshold 0.2 Acc 0.9092105263157895, AUC 0.9781373143196106, avg_entr 0.013040076941251755
ep3_t0.2_test_time 0.1366102695465088
gc 0
Train Epoch4 Acc 0.962775 (115533/120000), AUC 0.9946115016937256
ep4_train_time 18.62826180458069
Test Epoch4 threshold 0.2 Acc 0.9078947368421053, AUC 0.9776662588119507, avg_entr 0.012171206995844841
ep4_t0.2_test_time 0.14232969284057617
gc 0
Train Epoch5 Acc 0.96625 (115950/120000), AUC 0.9956598281860352
ep5_train_time 18.505605697631836
Test Epoch5 threshold 0.2 Acc 0.9074013157894737, AUC 0.9777124524116516, avg_entr 0.013073300011456013
ep5_t0.2_test_time 0.14481186866760254
gc 0
Train Epoch6 Acc 0.9674 (116088/120000), AUC 0.9957545399665833
ep6_train_time 18.79025411605835
Test Epoch6 threshold 0.2 Acc 0.9067434210526316, AUC 0.9773166179656982, avg_entr 0.012318958528339863
ep6_t0.2_test_time 0.13698673248291016
gc 0
Train Epoch7 Acc 0.9685333333333334 (116224/120000), AUC 0.9958020448684692
ep7_train_time 18.44200325012207
Test Epoch7 threshold 0.2 Acc 0.9072368421052631, AUC 0.9768973588943481, avg_entr 0.012502789497375488
ep7_t0.2_test_time 0.135603666305542
gc 0
Train Epoch8 Acc 0.9694 (116328/120000), AUC 0.9958904981613159
ep8_train_time 18.594330310821533
Test Epoch8 threshold 0.2 Acc 0.9067434210526316, AUC 0.9763146042823792, avg_entr 0.012074889615178108
ep8_t0.2_test_time 0.13503408432006836
gc 0
Train Epoch9 Acc 0.9712416666666667 (116549/120000), AUC 0.9962249398231506
ep9_train_time 18.994823217391968
Test Epoch9 threshold 0.2 Acc 0.906578947368421, AUC 0.9762833714485168, avg_entr 0.012438413687050343
ep9_t0.2_test_time 0.13053584098815918
Best AUC 0.9788020849227905
train_loss (2, 5, 10)
valid_acc (10, 1)
valid_AUC (10, 1)
train_acc (10,)
Figure(640x480)
Figure(640x480)
Figure(640x480)
Figure(640x480)
Figure(640x480)
Start Testing
Load ckpt at ckpt/ag_news_lstmal_l5adf_pad25_t0.2_m5//ag_news_lstmal_l5_prefix.pt
Test threshold 0.2 Acc 0.9164473684210527, AUC 0.9836606979370117, avg_entr 0.014690430834889412
t0.2_test_time 0.04005169868469238
