total count words 887881
vocab size 30000
train size 560000, valid size 35000, test size 35000
found 28354 words in glove
model: LSTMALsideText(
  (layers): ModuleList(
    (0): LSTMLayer(
      (enc): ENC(
        (b): Sequential(
          (0): Linear(in_features=300, out_features=128, bias=True)
          (1): Tanh()
        )
        (f): LSTM(300, 300, batch_first=True)
        (cri): MSELoss()
      )
      (ae): AE(
        (g): Sequential(
          (0): Linear(in_features=14, out_features=128, bias=True)
          (1): Tanh()
        )
        (h): Sequential(
          (0): Linear(in_features=128, out_features=14, bias=True)
          (1): Sigmoid()
        )
        (cri): CrossEntropyLoss()
      )
    )
    (1): LSTMLayer(
      (enc): ENC(
        (b): Sequential(
          (0): Linear(in_features=300, out_features=128, bias=True)
          (1): Tanh()
        )
        (f): LSTM(300, 300, batch_first=True)
        (cri): MSELoss()
      )
      (ae): AE(
        (g): Sequential(
          (0): Linear(in_features=128, out_features=128, bias=True)
          (1): Tanh()
        )
        (h): Sequential(
          (0): Linear(in_features=128, out_features=128, bias=True)
        )
        (cri): MSELoss()
      )
    )
    (2): LSTMLayer(
      (enc): ENC(
        (b): Sequential(
          (0): Linear(in_features=300, out_features=128, bias=True)
          (1): Tanh()
        )
        (f): LSTM(300, 300, batch_first=True)
        (cri): MSELoss()
      )
      (ae): AE(
        (g): Sequential(
          (0): Linear(in_features=128, out_features=128, bias=True)
          (1): Tanh()
        )
        (h): Sequential(
          (0): Linear(in_features=128, out_features=128, bias=True)
        )
        (cri): MSELoss()
      )
    )
    (3): LSTMLayer(
      (enc): ENC(
        (b): Sequential(
          (0): Linear(in_features=300, out_features=128, bias=True)
          (1): Tanh()
        )
        (f): LSTM(300, 300, batch_first=True)
        (cri): MSELoss()
      )
      (ae): AE(
        (g): Sequential(
          (0): Linear(in_features=128, out_features=128, bias=True)
          (1): Tanh()
        )
        (h): Sequential(
          (0): Linear(in_features=128, out_features=128, bias=True)
        )
        (cri): MSELoss()
      )
    )
  )
  (emb_layers): ModuleList(
    (0): Embedding(30000, 300)
    (1): Embedding(30000, 300)
    (2): Embedding(30000, 300)
    (3): Embedding(30000, 300)
  )
)
layers.0.enc.b.0.weight 38400
layers.0.enc.b.0.bias 128
layers.0.enc.f.weight_ih_l0 360000
layers.0.enc.f.weight_hh_l0 360000
layers.0.enc.f.bias_ih_l0 1200
layers.0.enc.f.bias_hh_l0 1200
layers.0.ae.g.0.weight 1792
layers.0.ae.g.0.bias 128
layers.0.ae.h.0.weight 1792
layers.0.ae.h.0.bias 14
layers.1.enc.b.0.weight 38400
layers.1.enc.b.0.bias 128
layers.1.enc.f.weight_ih_l0 360000
layers.1.enc.f.weight_hh_l0 360000
layers.1.enc.f.bias_ih_l0 1200
layers.1.enc.f.bias_hh_l0 1200
layers.1.ae.g.0.weight 16384
layers.1.ae.g.0.bias 128
layers.1.ae.h.0.weight 16384
layers.1.ae.h.0.bias 128
layers.2.enc.b.0.weight 38400
layers.2.enc.b.0.bias 128
layers.2.enc.f.weight_ih_l0 360000
layers.2.enc.f.weight_hh_l0 360000
layers.2.enc.f.bias_ih_l0 1200
layers.2.enc.f.bias_hh_l0 1200
layers.2.ae.g.0.weight 16384
layers.2.ae.g.0.bias 128
layers.2.ae.h.0.weight 16384
layers.2.ae.h.0.bias 128
layers.3.enc.b.0.weight 38400
layers.3.enc.b.0.bias 128
layers.3.enc.f.weight_ih_l0 360000
layers.3.enc.f.weight_hh_l0 360000
layers.3.enc.f.bias_ih_l0 1200
layers.3.enc.f.bias_hh_l0 1200
layers.3.ae.g.0.weight 16384
layers.3.ae.g.0.bias 128
layers.3.ae.h.0.weight 16384
layers.3.ae.h.0.bias 128
emb_layers.0.weight 9000000
emb_layers.1.weight 9000000
emb_layers.2.weight 9000000
emb_layers.3.weight 9000000
Total Trainable Params: 39146510
init_time 50.849565639000005
Start Training
gc 0
Train Epoch0 Acc 0.07376964285714285 (41311/560000), AUC 0.5005237460136414
ep0_train_time 96.46384551
Test Epoch0 layer0 Acc 0.9545142857142858, AUC 0.9957394003868103, avg_entr 0.18778745830059052, f1 0.9545142650604248
ep0_l0_test_time 0.8880093040000077
Save ckpt to ckpt/dbpedia_14_lstmalside_l4_256_sidead//dbpedia_14_lstmalside_l4_side.pt  ,ep 0
Test Epoch0 layer1 Acc 0.9556285714285714, AUC 0.9945820569992065, avg_entr 0.18205398321151733, f1 0.9556285738945007
ep0_l1_test_time 1.0303529500000081
Save ckpt to ckpt/dbpedia_14_lstmalside_l4_256_sidead//dbpedia_14_lstmalside_l4_side.pt  ,ep 0
Test Epoch0 layer2 Acc 0.9542285714285714, AUC 0.9913703799247742, avg_entr 0.17704583704471588, f1 0.9542285799980164
ep0_l2_test_time 1.267675674000003
Test Epoch0 layer3 Acc 0.07128571428571429, AUC 0.4942510426044464, avg_entr 0.3452204763889313, f1 0.07128571718931198
ep0_l3_test_time 1.4918299140000215
gc 0
Train Epoch1 Acc 0.7672357142857142 (429652/560000), AUC 0.9673427939414978
ep1_train_time 92.91259301099998
Test Epoch1 layer0 Acc 0.9651714285714286, AUC 0.997061550617218, avg_entr 0.04991693049669266, f1 0.9651714563369751
ep1_l0_test_time 0.899293259999979
Save ckpt to ckpt/dbpedia_14_lstmalside_l4_256_sidead//dbpedia_14_lstmalside_l4_side.pt  ,ep 1
Test Epoch1 layer1 Acc 0.9662857142857143, AUC 0.996343731880188, avg_entr 0.045202236622571945, f1 0.9662857055664062
ep1_l1_test_time 1.0336218280000082
Save ckpt to ckpt/dbpedia_14_lstmalside_l4_256_sidead//dbpedia_14_lstmalside_l4_side.pt  ,ep 1
Test Epoch1 layer2 Acc 0.9660857142857143, AUC 0.9948762059211731, avg_entr 0.04430493339896202, f1 0.9660857319831848
ep1_l2_test_time 1.2375378179999927
Test Epoch1 layer3 Acc 0.9657142857142857, AUC 0.9938231110572815, avg_entr 0.04209412634372711, f1 0.9657142758369446
ep1_l3_test_time 1.501740787999978
gc 0
Train Epoch2 Acc 0.9781517857142857 (547765/560000), AUC 0.9951340556144714
ep2_train_time 93.13014318500001
Test Epoch2 layer0 Acc 0.9698571428571429, AUC 0.9967140555381775, avg_entr 0.01955416053533554, f1 0.9698571562767029
ep2_l0_test_time 0.9105458690000319
Save ckpt to ckpt/dbpedia_14_lstmalside_l4_256_sidead//dbpedia_14_lstmalside_l4_side.pt  ,ep 2
Test Epoch2 layer1 Acc 0.9721428571428572, AUC 0.9966493248939514, avg_entr 0.017113888636231422, f1 0.9721428751945496
ep2_l1_test_time 1.0472622309999906
Save ckpt to ckpt/dbpedia_14_lstmalside_l4_256_sidead//dbpedia_14_lstmalside_l4_side.pt  ,ep 2
Test Epoch2 layer2 Acc 0.9713714285714286, AUC 0.9952352643013, avg_entr 0.017098119482398033, f1 0.9713714122772217
ep2_l2_test_time 1.2409571430000028
Test Epoch2 layer3 Acc 0.9712571428571428, AUC 0.994789719581604, avg_entr 0.016742808744311333, f1 0.9712571501731873
ep2_l3_test_time 1.5793416449999995
gc 0
Train Epoch3 Acc 0.9830107142857143 (550486/560000), AUC 0.9962986707687378
ep3_train_time 93.52205396199997
Test Epoch3 layer0 Acc 0.9686285714285714, AUC 0.9966850876808167, avg_entr 0.011563668958842754, f1 0.9686285853385925
ep3_l0_test_time 0.873838122000052
Test Epoch3 layer1 Acc 0.9711142857142857, AUC 0.9964485764503479, avg_entr 0.00854518823325634, f1 0.9711142778396606
ep3_l1_test_time 1.016456364000021
Test Epoch3 layer2 Acc 0.9710285714285715, AUC 0.9942994713783264, avg_entr 0.007906551472842693, f1 0.9710285663604736
ep3_l2_test_time 1.267097069999977
Test Epoch3 layer3 Acc 0.9706571428571429, AUC 0.9936895370483398, avg_entr 0.006968081463128328, f1 0.9706571698188782
ep3_l3_test_time 1.5505908769999905
gc 0
Train Epoch4 Acc 0.9863714285714286 (552368/560000), AUC 0.996928870677948
ep4_train_time 93.90033249899994
Test Epoch4 layer0 Acc 0.9731428571428572, AUC 0.9972382187843323, avg_entr 0.007127744145691395, f1 0.9731429219245911
ep4_l0_test_time 0.871841998999912
Save ckpt to ckpt/dbpedia_14_lstmalside_l4_256_sidead//dbpedia_14_lstmalside_l4_side.pt  ,ep 4
Test Epoch4 layer1 Acc 0.9759142857142857, AUC 0.9962687492370605, avg_entr 0.00470741605386138, f1 0.9759142994880676
ep4_l1_test_time 1.0312113400000271
Save ckpt to ckpt/dbpedia_14_lstmalside_l4_256_sidead//dbpedia_14_lstmalside_l4_side.pt  ,ep 4
Test Epoch4 layer2 Acc 0.9756857142857143, AUC 0.9951344728469849, avg_entr 0.004159585107117891, f1 0.975685715675354
ep4_l2_test_time 1.2426914719999331
Test Epoch4 layer3 Acc 0.9755142857142857, AUC 0.9948486089706421, avg_entr 0.003537176176905632, f1 0.97551429271698
ep4_l3_test_time 1.5205086229999552
gc 0
Train Epoch5 Acc 0.9885767857142858 (553603/560000), AUC 0.9973214268684387
ep5_train_time 93.37635740100006
Test Epoch5 layer0 Acc 0.9740571428571428, AUC 0.997191309928894, avg_entr 0.00478696171194315, f1 0.974057137966156
ep5_l0_test_time 0.8712302820000559
Test Epoch5 layer1 Acc 0.9776285714285714, AUC 0.9967042207717896, avg_entr 0.003340635448694229, f1 0.9776285886764526
ep5_l1_test_time 1.0134483629999522
Save ckpt to ckpt/dbpedia_14_lstmalside_l4_256_sidead//dbpedia_14_lstmalside_l4_side.pt  ,ep 5
Test Epoch5 layer2 Acc 0.9772, AUC 0.995749294757843, avg_entr 0.0031453068368136883, f1 0.977199912071228
ep5_l2_test_time 1.2563554619999877
Test Epoch5 layer3 Acc 0.9772285714285714, AUC 0.9955058693885803, avg_entr 0.0028034737333655357, f1 0.977228581905365
ep5_l3_test_time 1.5039281120000396
gc 0
Train Epoch6 Acc 0.9902160714285714 (554521/560000), AUC 0.997549831867218
ep6_train_time 93.29419333400006
Test Epoch6 layer0 Acc 0.975, AUC 0.9970929026603699, avg_entr 0.0040421620942652225, f1 0.9750000238418579
ep6_l0_test_time 0.8953357789999927
Test Epoch6 layer1 Acc 0.9779714285714286, AUC 0.9967848658561707, avg_entr 0.002618304919451475, f1 0.9779714345932007
ep6_l1_test_time 1.055729321000058
Save ckpt to ckpt/dbpedia_14_lstmalside_l4_256_sidead//dbpedia_14_lstmalside_l4_side.pt  ,ep 6
Test Epoch6 layer2 Acc 0.9777142857142858, AUC 0.9955143928527832, avg_entr 0.00250943168066442, f1 0.9777143001556396
ep6_l2_test_time 1.3278358879999814
Test Epoch6 layer3 Acc 0.9776, AUC 0.9946392774581909, avg_entr 0.0022683243732899427, f1 0.9775999784469604
ep6_l3_test_time 1.5184867890000078
gc 0
Train Epoch7 Acc 0.9916392857142857 (555318/560000), AUC 0.9978731274604797
ep7_train_time 93.51545555000007
Test Epoch7 layer0 Acc 0.9751428571428571, AUC 0.9967699646949768, avg_entr 0.003957136068493128, f1 0.9751428365707397
ep7_l0_test_time 0.9229887129999952
Test Epoch7 layer1 Acc 0.9776285714285714, AUC 0.996936023235321, avg_entr 0.002367574255913496, f1 0.9776285886764526
ep7_l1_test_time 1.052533001000029
Test Epoch7 layer2 Acc 0.9776, AUC 0.9963223338127136, avg_entr 0.002285049529746175, f1 0.9775999784469604
ep7_l2_test_time 1.2670667800000501
Test Epoch7 layer3 Acc 0.9775714285714285, AUC 0.9953774809837341, avg_entr 0.0019105891697108746, f1 0.977571427822113
ep7_l3_test_time 1.5415098409999928
gc 0
Train Epoch8 Acc 0.9926660714285714 (555893/560000), AUC 0.9980663061141968
ep8_train_time 93.15260883799999
Test Epoch8 layer0 Acc 0.9745428571428572, AUC 0.9965880513191223, avg_entr 0.003083365736529231, f1 0.9745428562164307
ep8_l0_test_time 0.8846438159999934
Test Epoch8 layer1 Acc 0.9774857142857143, AUC 0.996403157711029, avg_entr 0.002043018816038966, f1 0.977485716342926
ep8_l1_test_time 1.0185839460000352
Test Epoch8 layer2 Acc 0.9777714285714286, AUC 0.9949354529380798, avg_entr 0.0022156410850584507, f1 0.9777714014053345
ep8_l2_test_time 1.2845239519999723
Test Epoch8 layer3 Acc 0.9776285714285714, AUC 0.9941279292106628, avg_entr 0.0019611890893429518, f1 0.9776285886764526
ep8_l3_test_time 1.577821968999956
gc 0
Train Epoch9 Acc 0.9940839285714286 (556687/560000), AUC 0.9983739256858826
ep9_train_time 93.43568029400001
Test Epoch9 layer0 Acc 0.9768571428571429, AUC 0.9964491128921509, avg_entr 0.0025534210726618767, f1 0.9768571257591248
ep9_l0_test_time 0.9496981909999249
Test Epoch9 layer1 Acc 0.9796285714285714, AUC 0.9962072968482971, avg_entr 0.0013017141027376056, f1 0.9796285629272461
ep9_l1_test_time 1.0255387930001234
Save ckpt to ckpt/dbpedia_14_lstmalside_l4_256_sidead//dbpedia_14_lstmalside_l4_side.pt  ,ep 9
Test Epoch9 layer2 Acc 0.9794, AUC 0.9949349164962769, avg_entr 0.0013640725519508123, f1 0.9793999791145325
ep9_l2_test_time 1.2813029040000856
Test Epoch9 layer3 Acc 0.9792, AUC 0.9943970441818237, avg_entr 0.001200647559016943, f1 0.9791999459266663
ep9_l3_test_time 1.57127902000002
gc 0
Train Epoch10 Acc 0.9948160714285714 (557097/560000), AUC 0.9984134435653687
ep10_train_time 93.62337064400003
Test Epoch10 layer0 Acc 0.9769714285714286, AUC 0.9963930249214172, avg_entr 0.002403340768069029, f1 0.976971447467804
ep10_l0_test_time 0.8754684559999077
Test Epoch10 layer1 Acc 0.9786, AUC 0.9957249760627747, avg_entr 0.0012744212290272117, f1 0.978600025177002
ep10_l1_test_time 1.086017128000094
Test Epoch10 layer2 Acc 0.9782857142857143, AUC 0.9942865371704102, avg_entr 0.0011713698040693998, f1 0.9782857298851013
ep10_l2_test_time 1.249195575000158
Test Epoch10 layer3 Acc 0.9782571428571428, AUC 0.9936020970344543, avg_entr 0.001028823433443904, f1 0.9782571196556091
ep10_l3_test_time 1.515074234999929
gc 0
Train Epoch11 Acc 0.9952607142857143 (557346/560000), AUC 0.998517632484436
ep11_train_time 93.75967422899998
Test Epoch11 layer0 Acc 0.9761714285714286, AUC 0.9959923028945923, avg_entr 0.0021638728212565184, f1 0.9761714339256287
ep11_l0_test_time 0.8851326409999274
Test Epoch11 layer1 Acc 0.9785714285714285, AUC 0.9962339997291565, avg_entr 0.0012686816044151783, f1 0.9785714149475098
ep11_l1_test_time 1.0192121869999937
Test Epoch11 layer2 Acc 0.9786571428571429, AUC 0.9950091242790222, avg_entr 0.001392661826685071, f1 0.9786571264266968
ep11_l2_test_time 1.260816406999993
Test Epoch11 layer3 Acc 0.9785428571428572, AUC 0.9949983358383179, avg_entr 0.001197615871205926, f1 0.9785428643226624
ep11_l3_test_time 1.5065921599998546
gc 0
Train Epoch12 Acc 0.9957089285714286 (557597/560000), AUC 0.9986320734024048
ep12_train_time 93.50287271499997
Test Epoch12 layer0 Acc 0.9760857142857143, AUC 0.995999813079834, avg_entr 0.0021298108622431755, f1 0.9760857224464417
ep12_l0_test_time 0.8840936760000204
Test Epoch12 layer1 Acc 0.9790857142857143, AUC 0.9959354996681213, avg_entr 0.0011118053225800395, f1 0.9790857434272766
ep12_l1_test_time 1.017154137000034
Test Epoch12 layer2 Acc 0.9789428571428571, AUC 0.9954693913459778, avg_entr 0.0010725419269874692, f1 0.97894287109375
ep12_l2_test_time 1.2708410660000027
Test Epoch12 layer3 Acc 0.9788857142857142, AUC 0.9950618743896484, avg_entr 0.0009166969102807343, f1 0.9788857698440552
ep12_l3_test_time 1.5044093169999542
gc 0
Train Epoch13 Acc 0.9960553571428571 (557791/560000), AUC 0.9987433552742004
ep13_train_time 94.071809025
Test Epoch13 layer0 Acc 0.9763142857142857, AUC 0.9956492185592651, avg_entr 0.001807335764169693, f1 0.9763143062591553
ep13_l0_test_time 0.8808982530001686
Test Epoch13 layer1 Acc 0.9788285714285714, AUC 0.9956929087638855, avg_entr 0.0009583997307345271, f1 0.9788285493850708
ep13_l1_test_time 1.0814936520000629
Test Epoch13 layer2 Acc 0.9790285714285715, AUC 0.9947788119316101, avg_entr 0.0009050079970620573, f1 0.979028582572937
ep13_l2_test_time 1.242418490000091
Test Epoch13 layer3 Acc 0.9789714285714286, AUC 0.9942627549171448, avg_entr 0.0008482380653731525, f1 0.9789714217185974
ep13_l3_test_time 1.5114066370001638
gc 0
Train Epoch14 Acc 0.9963946428571429 (557981/560000), AUC 0.9987449645996094
ep14_train_time 94.15068358899998
Test Epoch14 layer0 Acc 0.9764285714285714, AUC 0.995703399181366, avg_entr 0.001753214979544282, f1 0.9764285683631897
ep14_l0_test_time 0.8705257159999746
Test Epoch14 layer1 Acc 0.9786, AUC 0.9957723617553711, avg_entr 0.001170644536614418, f1 0.978600025177002
ep14_l1_test_time 1.0193738689999918
Test Epoch14 layer2 Acc 0.9786857142857143, AUC 0.9945499300956726, avg_entr 0.0008959742845036089, f1 0.978685736656189
ep14_l2_test_time 1.2474727809999422
Test Epoch14 layer3 Acc 0.9787142857142858, AUC 0.9939164519309998, avg_entr 0.0008369769784621894, f1 0.9787142872810364
ep14_l3_test_time 1.5079696600000716
gc 0
Train Epoch15 Acc 0.9965535714285715 (558070/560000), AUC 0.9987946152687073
ep15_train_time 94.11788920200001
Test Epoch15 layer0 Acc 0.9761714285714286, AUC 0.9952898621559143, avg_entr 0.0016917833127081394, f1 0.9761714339256287
ep15_l0_test_time 0.8686873029998878
Test Epoch15 layer1 Acc 0.9783142857142857, AUC 0.9950115084648132, avg_entr 0.0009003874729387462, f1 0.9783142805099487
ep15_l1_test_time 1.04817234799998
Test Epoch15 layer2 Acc 0.9781714285714286, AUC 0.9935601353645325, avg_entr 0.0009370666230097413, f1 0.9781714081764221
ep15_l2_test_time 1.240932550000025
Test Epoch15 layer3 Acc 0.9782, AUC 0.993321418762207, avg_entr 0.0007938120979815722, f1 0.9782000184059143
ep15_l3_test_time 1.5041754679998576
gc 0
Train Epoch16 Acc 0.9967267857142857 (558167/560000), AUC 0.9988401532173157
ep16_train_time 93.8740178569999
Test Epoch16 layer0 Acc 0.9761428571428571, AUC 0.9953919649124146, avg_entr 0.0018099797889590263, f1 0.9761428833007812
ep16_l0_test_time 0.8834416280001278
Test Epoch16 layer1 Acc 0.9782857142857143, AUC 0.9949737191200256, avg_entr 0.0008162832818925381, f1 0.9782857298851013
ep16_l1_test_time 1.0321505819999857
Test Epoch16 layer2 Acc 0.9781142857142857, AUC 0.9938912391662598, avg_entr 0.0008040439570322633, f1 0.9781143069267273
ep16_l2_test_time 1.2666336889999457
Test Epoch16 layer3 Acc 0.9780857142857143, AUC 0.9933099746704102, avg_entr 0.0007291748188436031, f1 0.9780856966972351
ep16_l3_test_time 1.5201710400001502
gc 0
Train Epoch17 Acc 0.9968553571428571 (558239/560000), AUC 0.9988861680030823
ep17_train_time 93.15862617699986
Test Epoch17 layer0 Acc 0.9761142857142857, AUC 0.995335042476654, avg_entr 0.0016316139372065663, f1 0.9761142730712891
ep17_l0_test_time 0.9498554500000864
Test Epoch17 layer1 Acc 0.9782285714285714, AUC 0.994806170463562, avg_entr 0.0008249034290201962, f1 0.9782285690307617
ep17_l1_test_time 1.0475331919999462
Test Epoch17 layer2 Acc 0.9780857142857143, AUC 0.9938766360282898, avg_entr 0.0007603748235851526, f1 0.9780856966972351
ep17_l2_test_time 1.2560748189998776
Test Epoch17 layer3 Acc 0.978, AUC 0.9934266805648804, avg_entr 0.000721002637874335, f1 0.9779999852180481
ep17_l3_test_time 1.5046090779999304
gc 0
Train Epoch18 Acc 0.9969857142857143 (558312/560000), AUC 0.9988774061203003
ep18_train_time 93.33852808300003
Test Epoch18 layer0 Acc 0.9758571428571429, AUC 0.9950370788574219, avg_entr 0.0016599162481725216, f1 0.975857138633728
ep18_l0_test_time 0.9004654150000988
Test Epoch18 layer1 Acc 0.9777142857142858, AUC 0.9941359162330627, avg_entr 0.0007469975971616805, f1 0.9777143001556396
ep18_l1_test_time 1.0616015020000305
Test Epoch18 layer2 Acc 0.9774, AUC 0.9928044676780701, avg_entr 0.0006789288017898798, f1 0.977400004863739
ep18_l2_test_time 1.2559349430000566
Test Epoch18 layer3 Acc 0.9774285714285714, AUC 0.9923917651176453, avg_entr 0.0005764928064309061, f1 0.9774284958839417
ep18_l3_test_time 1.56333401400002
gc 0
Train Epoch19 Acc 0.9970678571428572 (558358/560000), AUC 0.9989083409309387
ep19_train_time 93.45918013100004
Test Epoch19 layer0 Acc 0.9755714285714285, AUC 0.9950208067893982, avg_entr 0.0015983401099219918, f1 0.9755714535713196
ep19_l0_test_time 0.9082087769997997
Test Epoch19 layer1 Acc 0.9777428571428571, AUC 0.9943233132362366, avg_entr 0.0007695744861848652, f1 0.9777428507804871
ep19_l1_test_time 1.0203401730000223
Test Epoch19 layer2 Acc 0.9778571428571429, AUC 0.9934076070785522, avg_entr 0.0006673922180198133, f1 0.9778571724891663
ep19_l2_test_time 1.2520649349999076
Test Epoch19 layer3 Acc 0.9776571428571429, AUC 0.9930145144462585, avg_entr 0.000615522323641926, f1 0.9776571393013
ep19_l3_test_time 1.535551526000063
gc 0
Train Epoch20 Acc 0.9971267857142857 (558391/560000), AUC 0.9989333748817444
ep20_train_time 93.02080011000021
Test Epoch20 layer0 Acc 0.9755714285714285, AUC 0.99490886926651, avg_entr 0.0018335148924961686, f1 0.9755714535713196
ep20_l0_test_time 0.8756003389999023
Test Epoch20 layer1 Acc 0.9779142857142857, AUC 0.994047224521637, avg_entr 0.0008590331417508423, f1 0.9779142737388611
ep20_l1_test_time 1.0196786889996474
Test Epoch20 layer2 Acc 0.9779428571428571, AUC 0.9931038022041321, avg_entr 0.0008578556589782238, f1 0.9779428839683533
ep20_l2_test_time 1.251610434000213
Test Epoch20 layer3 Acc 0.9777428571428571, AUC 0.9926953911781311, avg_entr 0.0006788502214476466, f1 0.9777428507804871
ep20_l3_test_time 1.6178734899999654
gc 0
Train Epoch21 Acc 0.9972035714285714 (558434/560000), AUC 0.9989607930183411
ep21_train_time 93.25915052600021
Test Epoch21 layer0 Acc 0.9759142857142857, AUC 0.9948453307151794, avg_entr 0.0015928715001791716, f1 0.9759142994880676
ep21_l0_test_time 0.9367083389997788
Test Epoch21 layer1 Acc 0.9775714285714285, AUC 0.9938275218009949, avg_entr 0.0007107770652510226, f1 0.977571427822113
ep21_l1_test_time 1.02213715400012
Test Epoch21 layer2 Acc 0.9775428571428572, AUC 0.9928078055381775, avg_entr 0.0006891141529195011, f1 0.9775428771972656
ep21_l2_test_time 1.2737499219997517
Test Epoch21 layer3 Acc 0.9774285714285714, AUC 0.9924936294555664, avg_entr 0.000579234620090574, f1 0.9774284958839417
ep21_l3_test_time 1.529767781999908
gc 0
Train Epoch22 Acc 0.9972892857142858 (558482/560000), AUC 0.9989434480667114
ep22_train_time 93.86825875600016
Test Epoch22 layer0 Acc 0.9754285714285714, AUC 0.9946562647819519, avg_entr 0.0014994250377640128, f1 0.975428581237793
ep22_l0_test_time 0.8898065139997016
Test Epoch22 layer1 Acc 0.9773714285714286, AUC 0.9937861561775208, avg_entr 0.0007103854441083968, f1 0.9773714542388916
ep22_l1_test_time 1.0214076150000437
Test Epoch22 layer2 Acc 0.9773714285714286, AUC 0.9928038716316223, avg_entr 0.0006521140458062291, f1 0.9773714542388916
ep22_l2_test_time 1.261628662000021
Test Epoch22 layer3 Acc 0.9772857142857143, AUC 0.9923173189163208, avg_entr 0.0006381337298080325, f1 0.9772857427597046
ep22_l3_test_time 1.5698937870001828
gc 0
Train Epoch23 Acc 0.9973214285714286 (558500/560000), AUC 0.9989649057388306
ep23_train_time 92.98112218000006
Test Epoch23 layer0 Acc 0.9756, AUC 0.9944844245910645, avg_entr 0.0013600726379081607, f1 0.975600004196167
ep23_l0_test_time 0.8727902159998848
Test Epoch23 layer1 Acc 0.9773428571428572, AUC 0.9936853647232056, avg_entr 0.000685799983330071, f1 0.9773428440093994
ep23_l1_test_time 1.0180368599999383
Test Epoch23 layer2 Acc 0.9774, AUC 0.9927921891212463, avg_entr 0.0007444139919243753, f1 0.977400004863739
ep23_l2_test_time 1.260743575000106
Test Epoch23 layer3 Acc 0.9773142857142857, AUC 0.9922390580177307, avg_entr 0.0006693712784908712, f1 0.977314293384552
ep23_l3_test_time 1.5201141590000589
gc 0
Train Epoch24 Acc 0.9974125 (558551/560000), AUC 0.9989701509475708
ep24_train_time 93.86078148300021
Test Epoch24 layer0 Acc 0.9756571428571429, AUC 0.9945769309997559, avg_entr 0.0014712942065671086, f1 0.9756571650505066
ep24_l0_test_time 0.8676294080000844
Test Epoch24 layer1 Acc 0.9773142857142857, AUC 0.9934872388839722, avg_entr 0.0006857812404632568, f1 0.977314293384552
ep24_l1_test_time 1.0346909039999446
Test Epoch24 layer2 Acc 0.9776, AUC 0.9926250576972961, avg_entr 0.0005918904789723456, f1 0.9775999784469604
ep24_l2_test_time 1.3458289300001525
Test Epoch24 layer3 Acc 0.9774857142857143, AUC 0.9922924637794495, avg_entr 0.0004770717059727758, f1 0.977485716342926
ep24_l3_test_time 1.5390115010000045
gc 0
Train Epoch25 Acc 0.9974553571428572 (558575/560000), AUC 0.9989820122718811
ep25_train_time 93.26020170000038
Test Epoch25 layer0 Acc 0.9756, AUC 0.9943994283676147, avg_entr 0.0014765338273718953, f1 0.975600004196167
ep25_l0_test_time 0.871706661999724
Test Epoch25 layer1 Acc 0.9774, AUC 0.9932790994644165, avg_entr 0.0007698231493122876, f1 0.977400004863739
ep25_l1_test_time 1.0283787289999964
Test Epoch25 layer2 Acc 0.9773714285714286, AUC 0.9925873875617981, avg_entr 0.0007101551163941622, f1 0.9773714542388916
ep25_l2_test_time 1.247503979999692
Test Epoch25 layer3 Acc 0.9773428571428572, AUC 0.9919790029525757, avg_entr 0.0005937484675087035, f1 0.9773428440093994
ep25_l3_test_time 1.500819761999992
gc 0
Train Epoch26 Acc 0.997475 (558586/560000), AUC 0.998982846736908
ep26_train_time 93.9324654459997
Test Epoch26 layer0 Acc 0.9756285714285714, AUC 0.9942861795425415, avg_entr 0.0016004841309040785, f1 0.9756285548210144
ep26_l0_test_time 0.8757643080002708
Test Epoch26 layer1 Acc 0.9769428571428571, AUC 0.9930266737937927, avg_entr 0.0006120390607975423, f1 0.9769428372383118
ep26_l1_test_time 1.0400542859997586
Test Epoch26 layer2 Acc 0.9772, AUC 0.9923052787780762, avg_entr 0.0006318952655419707, f1 0.977199912071228
ep26_l2_test_time 1.2422916399996211
Test Epoch26 layer3 Acc 0.9771428571428571, AUC 0.9917598366737366, avg_entr 0.0005325142992660403, f1 0.977142870426178
ep26_l3_test_time 1.5223946240002988
gc 0
Train Epoch27 Acc 0.9975089285714286 (558605/560000), AUC 0.998989462852478
ep27_train_time 93.8029773610001
Test Epoch27 layer0 Acc 0.9750571428571428, AUC 0.9942166209220886, avg_entr 0.0015206619864329696, f1 0.9750571250915527
ep27_l0_test_time 0.8859396289999495
Test Epoch27 layer1 Acc 0.9769428571428571, AUC 0.9930380582809448, avg_entr 0.0006723531405441463, f1 0.9769428372383118
ep27_l1_test_time 1.0414705419998427
Test Epoch27 layer2 Acc 0.9767714285714286, AUC 0.9922266006469727, avg_entr 0.0005864535924047232, f1 0.9767714142799377
ep27_l2_test_time 1.2529986150002514
Test Epoch27 layer3 Acc 0.9768, AUC 0.9916549921035767, avg_entr 0.0005607825587503612, f1 0.9768000245094299
ep27_l3_test_time 1.5678728479997517
gc 0
Train Epoch28 Acc 0.9975196428571429 (558611/560000), AUC 0.9990038275718689
ep28_train_time 93.80654125199999
Test Epoch28 layer0 Acc 0.9751142857142857, AUC 0.9942846894264221, avg_entr 0.0014540520496666431, f1 0.9751142859458923
ep28_l0_test_time 0.8759245990004274
Test Epoch28 layer1 Acc 0.9769714285714286, AUC 0.9929957985877991, avg_entr 0.0006204781820997596, f1 0.976971447467804
ep28_l1_test_time 1.0296734220000872
Test Epoch28 layer2 Acc 0.977, AUC 0.9921873211860657, avg_entr 0.000540760054718703, f1 0.9769999980926514
ep28_l2_test_time 1.2470637030000944
Test Epoch28 layer3 Acc 0.9768285714285714, AUC 0.9915966391563416, avg_entr 0.000534361635800451, f1 0.9768285751342773
ep28_l3_test_time 1.5087371890003851
gc 0
Train Epoch29 Acc 0.9975428571428572 (558624/560000), AUC 0.9990159273147583
ep29_train_time 93.341235073
Test Epoch29 layer0 Acc 0.9750857142857143, AUC 0.9940832853317261, avg_entr 0.0013248230097815394, f1 0.9750857353210449
ep29_l0_test_time 0.881300913999894
Test Epoch29 layer1 Acc 0.9769714285714286, AUC 0.9929034113883972, avg_entr 0.0006662378436885774, f1 0.976971447467804
ep29_l1_test_time 1.027177698000287
Test Epoch29 layer2 Acc 0.9769714285714286, AUC 0.9920190572738647, avg_entr 0.0006552202394232154, f1 0.976971447467804
ep29_l2_test_time 1.2424471859999358
Test Epoch29 layer3 Acc 0.9768285714285714, AUC 0.9915121793746948, avg_entr 0.0005839891964569688, f1 0.9768285751342773
ep29_l3_test_time 1.542538458999843
gc 0
Train Epoch30 Acc 0.9975607142857142 (558634/560000), AUC 0.999013364315033
ep30_train_time 93.23860085000024
Test Epoch30 layer0 Acc 0.9751714285714286, AUC 0.9940385818481445, avg_entr 0.0014768611872568727, f1 0.9751714468002319
ep30_l0_test_time 0.871072070000082
Test Epoch30 layer1 Acc 0.9772, AUC 0.9926915168762207, avg_entr 0.0006353623466566205, f1 0.977199912071228
ep30_l1_test_time 1.0456237729999884
Test Epoch30 layer2 Acc 0.9771142857142857, AUC 0.9919661283493042, avg_entr 0.0006591486744582653, f1 0.9771142601966858
ep30_l2_test_time 1.2507062079998832
Test Epoch30 layer3 Acc 0.9770857142857143, AUC 0.9913893342018127, avg_entr 0.0005125572206452489, f1 0.9770857095718384
ep30_l3_test_time 1.5083926550000797
gc 0
Train Epoch31 Acc 0.9975732142857143 (558641/560000), AUC 0.9990218281745911
ep31_train_time 93.60032034599999
Test Epoch31 layer0 Acc 0.9749428571428571, AUC 0.9939946532249451, avg_entr 0.0013815918937325478, f1 0.9749428629875183
ep31_l0_test_time 0.8816181990000587
Test Epoch31 layer1 Acc 0.9768857142857142, AUC 0.9926935434341431, avg_entr 0.000591697811614722, f1 0.9768857359886169
ep31_l1_test_time 1.0166948569999477
Test Epoch31 layer2 Acc 0.9768285714285714, AUC 0.9917474985122681, avg_entr 0.0006938608712516725, f1 0.9768285751342773
ep31_l2_test_time 1.2877519800003938
Test Epoch31 layer3 Acc 0.9767428571428571, AUC 0.9913044571876526, avg_entr 0.0005539479898288846, f1 0.9767428636550903
ep31_l3_test_time 1.5103088189998743
gc 0
Train Epoch32 Acc 0.9976071428571428 (558660/560000), AUC 0.99903804063797
ep32_train_time 93.55132771199987
Test Epoch32 layer0 Acc 0.9748285714285714, AUC 0.9939522743225098, avg_entr 0.0013935172464698553, f1 0.9748286008834839
ep32_l0_test_time 0.9078350810000302
Test Epoch32 layer1 Acc 0.9767714285714286, AUC 0.9925690293312073, avg_entr 0.0006099729216657579, f1 0.9767714142799377
ep32_l1_test_time 1.0164856800001871
Test Epoch32 layer2 Acc 0.9767142857142858, AUC 0.9917653799057007, avg_entr 0.000503725023008883, f1 0.9767143130302429
ep32_l2_test_time 1.2668190999997933
Test Epoch32 layer3 Acc 0.9767428571428571, AUC 0.9912875294685364, avg_entr 0.0004932736628688872, f1 0.9767428636550903
ep32_l3_test_time 1.514964928000154
gc 0
Train Epoch33 Acc 0.9976142857142857 (558664/560000), AUC 0.9990305304527283
ep33_train_time 93.29580706599972
Test Epoch33 layer0 Acc 0.9749142857142857, AUC 0.9939236044883728, avg_entr 0.0015097950818017125, f1 0.9749143123626709
ep33_l0_test_time 0.8872945019998042
Test Epoch33 layer1 Acc 0.9766857142857143, AUC 0.9926099181175232, avg_entr 0.0006036842241883278, f1 0.9766857028007507
ep33_l1_test_time 1.0190404569998464
Test Epoch33 layer2 Acc 0.9767714285714286, AUC 0.9916667342185974, avg_entr 0.00046480685705319047, f1 0.9767714142799377
ep33_l2_test_time 1.2390165929996328
Test Epoch33 layer3 Acc 0.9767142857142858, AUC 0.9912956357002258, avg_entr 0.00043223213288001716, f1 0.9767143130302429
ep33_l3_test_time 1.5401113900002201
gc 0
Train Epoch34 Acc 0.9976178571428571 (558666/560000), AUC 0.9990321397781372
ep34_train_time 93.46577202700018
Test Epoch34 layer0 Acc 0.9751428571428571, AUC 0.9938989877700806, avg_entr 0.001379359164275229, f1 0.9751428365707397
ep34_l0_test_time 0.8771263230000841
Test Epoch34 layer1 Acc 0.9767714285714286, AUC 0.9924453496932983, avg_entr 0.0006195762543939054, f1 0.9767714142799377
ep34_l1_test_time 1.0694580700001097
Test Epoch34 layer2 Acc 0.9766571428571429, AUC 0.9916484951972961, avg_entr 0.0005977769033052027, f1 0.9766571521759033
ep34_l2_test_time 1.2609696040003655
Test Epoch34 layer3 Acc 0.9766857142857143, AUC 0.9911073446273804, avg_entr 0.000578209466766566, f1 0.9766857028007507
ep34_l3_test_time 1.5328383650003161
gc 0
Train Epoch35 Acc 0.9976410714285714 (558679/560000), AUC 0.9990289807319641
ep35_train_time 93.07895617599979
Test Epoch35 layer0 Acc 0.9752, AUC 0.9938560128211975, avg_entr 0.0014551228377968073, f1 0.9751999974250793
ep35_l0_test_time 0.8686159549997683
Test Epoch35 layer1 Acc 0.9767428571428571, AUC 0.9924009442329407, avg_entr 0.0005686679505743086, f1 0.9767428636550903
ep35_l1_test_time 1.0190399580001213
Test Epoch35 layer2 Acc 0.9768857142857142, AUC 0.9914608001708984, avg_entr 0.0005737530300393701, f1 0.9768857359886169
ep35_l2_test_time 1.2800796050000827
Test Epoch35 layer3 Acc 0.9768, AUC 0.9908658862113953, avg_entr 0.0004819129826501012, f1 0.9768000245094299
ep35_l3_test_time 1.5204253179999796
gc 0
Train Epoch36 Acc 0.99765 (558684/560000), AUC 0.999029815196991
ep36_train_time 93.96221665600024
Test Epoch36 layer0 Acc 0.9748571428571429, AUC 0.9938088059425354, avg_entr 0.001429595984518528, f1 0.9748571515083313
ep36_l0_test_time 0.893419435999931
Test Epoch36 layer1 Acc 0.9765142857142857, AUC 0.9923263788223267, avg_entr 0.0005902375560253859, f1 0.9765142798423767
ep36_l1_test_time 1.0295200010000372
Test Epoch36 layer2 Acc 0.9765428571428572, AUC 0.9914608001708984, avg_entr 0.0005440297536551952, f1 0.9765428304672241
ep36_l2_test_time 1.2395482420001827
Test Epoch36 layer3 Acc 0.9765428571428572, AUC 0.9908937811851501, avg_entr 0.0005394594627432525, f1 0.9765428304672241
ep36_l3_test_time 1.5310619770002631
gc 0
Train Epoch37 Acc 0.9976642857142857 (558692/560000), AUC 0.999034583568573
ep37_train_time 93.64511437200008
Test Epoch37 layer0 Acc 0.9748571428571429, AUC 0.9937766790390015, avg_entr 0.0014302898198366165, f1 0.9748571515083313
ep37_l0_test_time 0.8977852810003242
Test Epoch37 layer1 Acc 0.9766, AUC 0.9922032952308655, avg_entr 0.000583071552682668, f1 0.9765999913215637
ep37_l1_test_time 1.069408152000051
Test Epoch37 layer2 Acc 0.9766, AUC 0.9912942051887512, avg_entr 0.00048438948579132557, f1 0.9765999913215637
ep37_l2_test_time 1.2537021620000814
Test Epoch37 layer3 Acc 0.9765714285714285, AUC 0.990702748298645, avg_entr 0.00046279668458737433, f1 0.9765714406967163
ep37_l3_test_time 1.5081010560002142
gc 0
Train Epoch38 Acc 0.9976678571428571 (558694/560000), AUC 0.999029278755188
ep38_train_time 93.80355669600021
Test Epoch38 layer0 Acc 0.9748857142857142, AUC 0.9937502145767212, avg_entr 0.0014857626520097256, f1 0.9748857021331787
ep38_l0_test_time 0.8777705510001397
Test Epoch38 layer1 Acc 0.9765428571428572, AUC 0.9922403693199158, avg_entr 0.0006286108982749283, f1 0.9765428304672241
ep38_l1_test_time 1.1294535530000758
Test Epoch38 layer2 Acc 0.9766571428571429, AUC 0.9913038611412048, avg_entr 0.0005536119570024312, f1 0.9766571521759033
ep38_l2_test_time 1.2488745289997496
Test Epoch38 layer3 Acc 0.9764857142857143, AUC 0.990654468536377, avg_entr 0.0005086277378723025, f1 0.9764857292175293
ep38_l3_test_time 1.5147848629999316
gc 0
Train Epoch39 Acc 0.997675 (558698/560000), AUC 0.9990320801734924
ep39_train_time 93.37634380999998
Test Epoch39 layer0 Acc 0.9748857142857142, AUC 0.9937378168106079, avg_entr 0.0014418716309592128, f1 0.9748857021331787
ep39_l0_test_time 0.8744861469999705
Test Epoch39 layer1 Acc 0.9764285714285714, AUC 0.992207407951355, avg_entr 0.0005674440180882812, f1 0.9764285683631897
ep39_l1_test_time 1.026177216999713
Test Epoch39 layer2 Acc 0.9765428571428572, AUC 0.9912451505661011, avg_entr 0.0004842566268052906, f1 0.9765428304672241
ep39_l2_test_time 1.2415183779999097
Test Epoch39 layer3 Acc 0.9764857142857143, AUC 0.9906827807426453, avg_entr 0.0004812451370526105, f1 0.9764857292175293
ep39_l3_test_time 1.540510359000109
gc 0
Train Epoch40 Acc 0.9976910714285714 (558707/560000), AUC 0.9990307092666626
ep40_train_time 93.23217404000025
Test Epoch40 layer0 Acc 0.9748857142857142, AUC 0.9937120079994202, avg_entr 0.0014445986598730087, f1 0.9748857021331787
ep40_l0_test_time 0.9529297699996278
Test Epoch40 layer1 Acc 0.9764571428571429, AUC 0.9921388030052185, avg_entr 0.0006015296676196158, f1 0.9764571189880371
ep40_l1_test_time 1.0375493389997246
Test Epoch40 layer2 Acc 0.9766, AUC 0.9912315607070923, avg_entr 0.000499905610922724, f1 0.9765999913215637
ep40_l2_test_time 1.2566829520001193
Test Epoch40 layer3 Acc 0.9765714285714285, AUC 0.9906471371650696, avg_entr 0.0004769708903040737, f1 0.9765714406967163
ep40_l3_test_time 1.5385892409999542
gc 0
Train Epoch41 Acc 0.9976928571428572 (558708/560000), AUC 0.999030590057373
ep41_train_time 93.81972409000036
Test Epoch41 layer0 Acc 0.9748571428571429, AUC 0.9937005043029785, avg_entr 0.0014392812736332417, f1 0.9748571515083313
ep41_l0_test_time 0.8976150440003039
Test Epoch41 layer1 Acc 0.9764571428571429, AUC 0.9921388626098633, avg_entr 0.0006046152557246387, f1 0.9764571189880371
ep41_l1_test_time 1.0189748329994472
Test Epoch41 layer2 Acc 0.9766, AUC 0.9912042617797852, avg_entr 0.000494465755764395, f1 0.9765999913215637
ep41_l2_test_time 1.3001265089997105
Test Epoch41 layer3 Acc 0.9765142857142857, AUC 0.9906057119369507, avg_entr 0.0004745342885144055, f1 0.9765142798423767
ep41_l3_test_time 1.534568754999782
gc 0
Train Epoch42 Acc 0.9976910714285714 (558707/560000), AUC 0.9990302920341492
ep42_train_time 93.30375104399991
Test Epoch42 layer0 Acc 0.9749142857142857, AUC 0.9936885237693787, avg_entr 0.0014398122439160943, f1 0.9749143123626709
ep42_l0_test_time 0.871698576000199
Test Epoch42 layer1 Acc 0.9764857142857143, AUC 0.9920996427536011, avg_entr 0.0005792595911771059, f1 0.9764857292175293
ep42_l1_test_time 1.0172879120000289
Test Epoch42 layer2 Acc 0.9766285714285714, AUC 0.9912148118019104, avg_entr 0.0004890316631644964, f1 0.9766285419464111
ep42_l2_test_time 1.2453947929998321
Test Epoch42 layer3 Acc 0.9765428571428572, AUC 0.9905799031257629, avg_entr 0.0004721358709502965, f1 0.9765428304672241
ep42_l3_test_time 1.569390346999171
gc 0
Train Epoch43 Acc 0.9976928571428572 (558708/560000), AUC 0.9990319013595581
ep43_train_time 93.55712329700054
Test Epoch43 layer0 Acc 0.9749714285714286, AUC 0.9936819076538086, avg_entr 0.0014276831643655896, f1 0.9749714136123657
ep43_l0_test_time 0.8853765590001785
Test Epoch43 layer1 Acc 0.9765142857142857, AUC 0.992064356803894, avg_entr 0.0006002827431075275, f1 0.9765142798423767
ep43_l1_test_time 1.0632707610002399
Test Epoch43 layer2 Acc 0.9766857142857143, AUC 0.9912611246109009, avg_entr 0.0004783538170158863, f1 0.9766857028007507
ep43_l2_test_time 1.2425545240002975
Test Epoch43 layer3 Acc 0.9765428571428572, AUC 0.9905740022659302, avg_entr 0.0004820169706363231, f1 0.9765428304672241
ep43_l3_test_time 1.5286659829998825
gc 0
Train Epoch44 Acc 0.9977017857142857 (558713/560000), AUC 0.9990344047546387
ep44_train_time 93.22236065099969
Test Epoch44 layer0 Acc 0.9749142857142857, AUC 0.9936684370040894, avg_entr 0.0014728513779118657, f1 0.9749143123626709
ep44_l0_test_time 0.870912218999365
Test Epoch44 layer1 Acc 0.9763714285714286, AUC 0.9920626282691956, avg_entr 0.0005754063022322953, f1 0.9763714075088501
ep44_l1_test_time 1.0195342419992812
Test Epoch44 layer2 Acc 0.9764285714285714, AUC 0.9911686778068542, avg_entr 0.0004862425266765058, f1 0.9764285683631897
ep44_l2_test_time 1.273050441000123
Test Epoch44 layer3 Acc 0.9763714285714286, AUC 0.9905681014060974, avg_entr 0.0004725138423964381, f1 0.9763714075088501
ep44_l3_test_time 1.5184941240004264
gc 0
Train Epoch45 Acc 0.9977017857142857 (558713/560000), AUC 0.9990332722663879
ep45_train_time 93.30984133799939
Test Epoch45 layer0 Acc 0.9749428571428571, AUC 0.9936714172363281, avg_entr 0.0014969960320740938, f1 0.9749428629875183
ep45_l0_test_time 0.9199774839999009
Test Epoch45 layer1 Acc 0.9763428571428572, AUC 0.992054283618927, avg_entr 0.0005952526116743684, f1 0.9763428568840027
ep45_l1_test_time 1.0209580310001911
Test Epoch45 layer2 Acc 0.9764, AUC 0.9911724328994751, avg_entr 0.000500932103022933, f1 0.9764000177383423
ep45_l2_test_time 1.253070127000683
Test Epoch45 layer3 Acc 0.9764571428571429, AUC 0.9905391335487366, avg_entr 0.0004930016002617776, f1 0.9764571189880371
ep45_l3_test_time 1.5164336880006886
gc 0
Train Epoch46 Acc 0.9977053571428571 (558715/560000), AUC 0.9990354180335999
ep46_train_time 93.71840153899939
Test Epoch46 layer0 Acc 0.9748857142857142, AUC 0.9936639666557312, avg_entr 0.0015003812732174993, f1 0.9748857021331787
ep46_l0_test_time 0.8814818669998203
Test Epoch46 layer1 Acc 0.9764, AUC 0.9920175671577454, avg_entr 0.0005652356776408851, f1 0.9764000177383423
ep46_l1_test_time 1.0207151280001199
Test Epoch46 layer2 Acc 0.9764285714285714, AUC 0.9911627769470215, avg_entr 0.0005091660423204303, f1 0.9764285683631897
ep46_l2_test_time 1.2394855129996358
Test Epoch46 layer3 Acc 0.9764857142857143, AUC 0.9905051589012146, avg_entr 0.00046985919470898807, f1 0.9764857292175293
ep46_l3_test_time 1.5075459079998836
gc 0
Train Epoch47 Acc 0.9977053571428571 (558715/560000), AUC 0.9990342259407043
ep47_train_time 93.59408518300006
Test Epoch47 layer0 Acc 0.9748857142857142, AUC 0.9936566948890686, avg_entr 0.001517276163212955, f1 0.9748857021331787
ep47_l0_test_time 0.9016102019995742
Test Epoch47 layer1 Acc 0.9764, AUC 0.992009162902832, avg_entr 0.0005401540547609329, f1 0.9764000177383423
ep47_l1_test_time 1.0271034859997599
Test Epoch47 layer2 Acc 0.9764857142857143, AUC 0.9911559224128723, avg_entr 0.00046871387166902423, f1 0.9764857292175293
ep47_l2_test_time 1.2647888179999427
Test Epoch47 layer3 Acc 0.9764857142857143, AUC 0.9904819130897522, avg_entr 0.0004593744524754584, f1 0.9764857292175293
ep47_l3_test_time 1.5035021109997615
gc 0
Train Epoch48 Acc 0.9977142857142857 (558720/560000), AUC 0.9990374445915222
ep48_train_time 93.29997614900003
Test Epoch48 layer0 Acc 0.9749428571428571, AUC 0.9936445951461792, avg_entr 0.0015101594617590308, f1 0.9749428629875183
ep48_l0_test_time 0.9213613020001503
Test Epoch48 layer1 Acc 0.9763714285714286, AUC 0.9920376539230347, avg_entr 0.0005483705317601562, f1 0.9763714075088501
ep48_l1_test_time 1.0243866380005784
Test Epoch48 layer2 Acc 0.9765142857142857, AUC 0.9911667704582214, avg_entr 0.00048071163473650813, f1 0.9765142798423767
ep48_l2_test_time 1.2504386010004964
Test Epoch48 layer3 Acc 0.9764571428571429, AUC 0.9905034899711609, avg_entr 0.00045991886872798204, f1 0.9764571189880371
ep48_l3_test_time 1.5438242860000173
gc 0
Train Epoch49 Acc 0.9977142857142857 (558720/560000), AUC 0.9990369081497192
ep49_train_time 93.2009155450005
Test Epoch49 layer0 Acc 0.9749428571428571, AUC 0.9936419725418091, avg_entr 0.0015112289693206549, f1 0.9749428629875183
ep49_l0_test_time 0.880893909000406
Test Epoch49 layer1 Acc 0.9764285714285714, AUC 0.9920349717140198, avg_entr 0.0005435043713077903, f1 0.9764285683631897
ep49_l1_test_time 1.0133451499996227
Test Epoch49 layer2 Acc 0.9764285714285714, AUC 0.9911502003669739, avg_entr 0.00046235023182816803, f1 0.9764285683631897
ep49_l2_test_time 1.305606785999771
Test Epoch49 layer3 Acc 0.9764571428571429, AUC 0.9905009269714355, avg_entr 0.0004564373812172562, f1 0.9764571189880371
ep49_l3_test_time 1.5103777049998826
Best AUC tensor(0.9796) 9 1
train_as_loss [[4.04185329e+03 3.84186288e+03 3.84001951e+03 3.83968022e+03
  3.83959239e+03 3.83956743e+03 3.83955898e+03 3.83955799e+03
  3.83955769e+03 3.83955702e+03 3.83955672e+03 3.83955665e+03
  3.83955662e+03 3.83955660e+03 3.83955660e+03 3.83955660e+03
  3.83955659e+03 3.83955659e+03 3.83955659e+03 3.83955659e+03
  3.83955659e+03 3.83955659e+03 3.83955659e+03 3.83955659e+03
  3.83955659e+03 3.83955659e+03 3.83955658e+03 3.83955658e+03
  3.83955658e+03 3.83955658e+03 3.83955659e+03 3.83955659e+03
  3.83955659e+03 3.83955658e+03 3.83955659e+03 3.83955659e+03
  3.83955658e+03 3.83955658e+03 3.83955658e+03 3.83955658e+03
  3.83955658e+03 3.83955658e+03 3.83955658e+03 3.83955658e+03
  3.83955658e+03 3.83955658e+03 3.83955658e+03 3.83955658e+03
  3.83955658e+03 3.83955657e+03]
 [1.56457782e+00 1.65920790e-03 2.93586027e-03 3.40468050e-03
  3.54411031e-03 3.41755593e-03 3.49514673e-03 3.59333226e-03
  3.54914808e-03 3.73445391e-03 3.39981405e-03 3.49174526e-03
  3.34495344e-04 9.05873505e-04 9.65283366e-04 8.52554007e-04
  8.03892815e-05 2.19584998e-04 2.24894080e-04 2.27328414e-04
  1.77009921e-05 5.43323408e-05 5.32972411e-05 5.37908434e-05
  4.74441678e-06 1.33571632e-05 1.30238369e-05 1.29479305e-05
  1.03165985e-06 3.04804998e-06 3.13635281e-06 3.07854951e-06
  2.24060396e-07 6.84268026e-07 6.53420559e-07 6.90023022e-07
  3.74322074e-08 1.28503885e-07 1.30977472e-07 1.26913205e-07
  3.35027002e-09 1.95185681e-08 1.88708730e-08 1.87863269e-08
  1.13722131e-10 1.32785382e-09 1.47629125e-09 1.49096752e-09
  3.60321299e-11 3.66385934e-11]
 [1.79470370e+00 2.52222769e-03 4.95927357e-03 5.87421358e-03
  6.05206646e-03 5.85852495e-03 5.93107460e-03 6.11072706e-03
  6.19537074e-03 6.24210600e-03 5.66978827e-03 5.81173745e-03
  5.76006169e-04 1.49905768e-03 1.61004822e-03 1.44763988e-03
  1.28910838e-04 3.64209511e-04 3.73396203e-04 3.84441500e-04
  2.92642491e-05 8.97855560e-05 8.93909676e-05 8.88121761e-05
  8.02565603e-06 2.24694666e-05 2.15314461e-05 2.14599543e-05
  1.64672004e-06 5.05367918e-06 5.15333079e-06 5.03222248e-06
  3.54523450e-07 1.11316522e-06 1.09473813e-06 1.14439221e-06
  5.32861260e-08 2.04433008e-07 2.03673057e-07 1.99055817e-07
  4.30594158e-09 2.70696041e-08 2.72133712e-08 2.59856277e-08
  3.33287708e-10 1.61297268e-09 1.83236771e-09 1.82023308e-09
  9.48326235e-11 1.10813827e-10]
 [1.65624584e+00 4.34927584e-03 7.91622848e-03 9.37248053e-03
  9.48017777e-03 9.24335610e-03 9.12827758e-03 9.36563535e-03
  9.32372831e-03 9.08921445e-03 3.26089114e-03 4.04506745e-03
  1.31309119e-03 2.17605888e-03 9.24712207e-04 1.00650682e-03
  2.75014268e-04 5.37451889e-04 2.11571001e-04 2.64335966e-04
  6.61311632e-05 1.33265708e-04 5.03261716e-05 6.03433326e-05
  1.79670817e-05 3.32071917e-05 1.20641483e-05 1.46409996e-05
  3.75702874e-06 7.61400202e-06 2.86934686e-06 3.37494898e-06
  7.87188329e-07 1.66503465e-06 6.07611733e-07 7.50311062e-07
  1.15558277e-07 3.24676893e-07 1.10872485e-07 1.25895964e-07
  8.51647297e-09 4.27321315e-08 1.51036949e-08 1.55207469e-08
  6.83574038e-10 2.36809916e-09 1.09743567e-09 1.10956528e-09
  1.71772672e-10 1.85190280e-10]]
train_ae_loss [[ 29.09352337  16.18204803  14.14690492  13.02543519  11.99161277
   11.27519442  10.79897471  10.09449107   9.62056552   7.4307707
    6.77687572   6.33516749   5.93217168   5.16624062   4.80157766
    4.62002459   4.43820732   4.15277176   4.0058824    3.91492099
    3.81672061   3.67824308   3.61598732   3.55741685   3.51224482
    3.44380246   3.40091626   3.37706439   3.35488982   3.31836137
    3.29851157   3.2853586    3.26449591   3.24852696   3.24016267
    3.23235557   3.22516565   3.21403568   3.21153485   3.20395429
    3.19927929   3.19443432   3.19233053   3.19040893   3.18956646
    3.18625734   3.18211385   3.18005939   3.17722781   3.17731299]
 [ 32.14291299  13.5253538   11.14319567   9.82939759   8.66485551
    7.88045565   7.31394692   6.67120332   6.20394164   4.72247587
    4.25819281   3.97606283   3.5740058    3.13567523   2.90245834
    2.78037007   2.62654604   2.46677537   2.37509087   2.3282368
    2.23643129   2.17006865   2.12619028   2.08336821   2.02833567
    1.99283189   1.96374979   1.94105876   1.91202016   1.89160652
    1.87565058   1.86476328   1.8429322    1.82990077   1.82082544
    1.81228365   1.8058513    1.79463222   1.79276353   1.78392528
    1.77976807   1.77642403   1.77454357   1.77265933   1.77078404
    1.76933796   1.7659548    1.76369221   1.76056205   1.75899615]
 [ 60.53214814  12.19475537   9.80290356   8.52255784   7.3881701
    6.63300302   6.07866513   5.48214197   5.04116099   3.79611692
    3.41350689   3.17907243   2.82395181   2.47406167   2.28093216
    2.18743978   2.06165613   1.93772788   1.86428732   1.83133336
    1.75681344   1.70340272   1.66833329   1.63170852   1.58625001
    1.55252186   1.52870354   1.51326693   1.48918492   1.47397051
    1.46007383   1.44949962   1.43160815   1.41823377   1.41181662
    1.40342202   1.39736401   1.38824619   1.38646085   1.37963811
    1.37618358   1.37388545   1.37210158   1.37082616   1.36893106
    1.36759761   1.364654     1.36280751   1.36002238   1.35869754]
 [126.72131116  49.69887065   9.34883009   8.03135108   6.87408728
    6.10044026   5.51664257   4.91188925   4.45709703   3.31687982
    2.93689106   2.73604401   2.43907647   2.13236818   1.95223271
    1.87346351   1.7687325    1.66348954   1.59593736   1.56767051
    1.50647504   1.45939859   1.42662639   1.39583524   1.35590122
    1.32621616   1.30516632   1.29213164   1.27192587   1.25910396
    1.24631721   1.23655261   1.22183703   1.20918786   1.20408118
    1.19626353   1.19158364   1.18301261   1.18125153   1.17521451
    1.17264991   1.17053975   1.16880269   1.16802966   1.16631032
    1.16513174   1.16279265   1.16113674   1.15860559   1.15731034]]
valid_acc (4, 50)
valid_AUC (4, 50)
train_acc (50,)
total_train+valid_time 4918.399361053001
Start Testing
Load ckpt at ckpt/dbpedia_14_lstmalside_l4_256_sidead//dbpedia_14_lstmalside_l4_side.pt
gc 10
Test layer0 Acc 0.9772, AUC 0.9964512586593628, avg_entr 0.002639253158122301, f1 0.977199912071228
l0_test_time 0.8856115130001854
gc 0
Test layer1 Acc 0.9799714285714286, AUC 0.9959620237350464, avg_entr 0.0013289186172187328, f1 0.9799714088439941
l1_test_time 1.0251033879994793
gc 0
Test layer2 Acc 0.9798285714285714, AUC 0.9943045377731323, avg_entr 0.0012244529789313674, f1 0.9798285961151123
l2_test_time 1.243450748000214
gc 0
Test layer3 Acc 0.9798285714285714, AUC 0.9938331842422485, avg_entr 0.0010734342504292727, f1 0.9798285961151123
l3_test_time 1.539531172000352
gc 0
Test threshold 0.1 Acc 0.9776857142857143, AUC 0.9963984489440918, avg_entr 0.00041048965067602694, f1 0.9776856899261475
t0.1_test_time 1.1196446439998908
gc 0
Test threshold 0.2 Acc 0.9772285714285714, AUC 0.9964507222175598, avg_entr 0.0009247461566701531, f1 0.977228581905365
t0.2_test_time 1.0191363049998472
gc 0
Test threshold 0.3 Acc 0.9772, AUC 0.9964512586593628, avg_entr 0.0010000740876421332, f1 0.977199912071228
t0.3_test_time 1.052293146000011
gc 0
Test threshold 0.4 Acc 0.9772, AUC 0.9964512586593628, avg_entr 0.0010000740876421332, f1 0.977199912071228
t0.4_test_time 0.9937282610007969
gc 0
Test threshold 0.5 Acc 0.9772, AUC 0.9964512586593628, avg_entr 0.0010000740876421332, f1 0.977199912071228
t0.5_test_time 1.0368870409993178
gc 0
Test threshold 0.6 Acc 0.9772, AUC 0.9964512586593628, avg_entr 0.0010000740876421332, f1 0.977199912071228
t0.6_test_time 1.0346850059995631
gc 0
Test threshold 0.7 Acc 0.9772, AUC 0.9964512586593628, avg_entr 0.0010000740876421332, f1 0.977199912071228
t0.7_test_time 0.9925448710000637
gc 0
Test threshold 0.8 Acc 0.9772, AUC 0.9964512586593628, avg_entr 0.0010000740876421332, f1 0.977199912071228
t0.8_test_time 1.0148761999998896
gc 0
Test threshold 0.9 Acc 0.9772, AUC 0.9964512586593628, avg_entr 0.0010000740876421332, f1 0.977199912071228
t0.9_test_time 0.9948329600001671
