total count words 887881
vocab size 30000
train size 560000, valid size 35000, test size 35000
found 28354 words in glove
model: LSTMALsideText(
  (layers): ModuleList(
    (0): LSTMLayer(
      (enc): ENC(
        (b): Sequential(
          (0): Linear(in_features=300, out_features=128, bias=True)
          (1): Tanh()
        )
        (f): LSTM(300, 300, batch_first=True)
        (cri): MSELoss()
      )
      (ae): AE(
        (g): Sequential(
          (0): Linear(in_features=14, out_features=128, bias=True)
          (1): Tanh()
        )
        (h): Sequential(
          (0): Linear(in_features=128, out_features=14, bias=True)
          (1): Sigmoid()
        )
        (cri): CrossEntropyLoss()
      )
    )
    (1): LSTMLayer(
      (enc): ENC(
        (b): Sequential(
          (0): Linear(in_features=300, out_features=128, bias=True)
          (1): Tanh()
        )
        (f): LSTM(300, 300, batch_first=True)
        (cri): MSELoss()
      )
      (ae): AE(
        (g): Sequential(
          (0): Linear(in_features=128, out_features=128, bias=True)
          (1): Tanh()
        )
        (h): Sequential(
          (0): Linear(in_features=128, out_features=128, bias=True)
        )
        (cri): MSELoss()
      )
    )
    (2): LSTMLayer(
      (enc): ENC(
        (b): Sequential(
          (0): Linear(in_features=300, out_features=128, bias=True)
          (1): Tanh()
        )
        (f): LSTM(300, 300, batch_first=True)
        (cri): MSELoss()
      )
      (ae): AE(
        (g): Sequential(
          (0): Linear(in_features=128, out_features=128, bias=True)
          (1): Tanh()
        )
        (h): Sequential(
          (0): Linear(in_features=128, out_features=128, bias=True)
        )
        (cri): MSELoss()
      )
    )
    (3): LSTMLayer(
      (enc): ENC(
        (b): Sequential(
          (0): Linear(in_features=300, out_features=128, bias=True)
          (1): Tanh()
        )
        (f): LSTM(300, 300, batch_first=True)
        (cri): MSELoss()
      )
      (ae): AE(
        (g): Sequential(
          (0): Linear(in_features=128, out_features=128, bias=True)
          (1): Tanh()
        )
        (h): Sequential(
          (0): Linear(in_features=128, out_features=128, bias=True)
        )
        (cri): MSELoss()
      )
    )
  )
  (emb_layers): ModuleList(
    (0): Embedding(30000, 300)
    (1): Embedding(30000, 300)
    (2): Embedding(30000, 300)
    (3): Embedding(30000, 300)
  )
)
layers.0.enc.b.0.weight 38400
layers.0.enc.b.0.bias 128
layers.0.enc.f.weight_ih_l0 360000
layers.0.enc.f.weight_hh_l0 360000
layers.0.enc.f.bias_ih_l0 1200
layers.0.enc.f.bias_hh_l0 1200
layers.0.ae.g.0.weight 1792
layers.0.ae.g.0.bias 128
layers.0.ae.h.0.weight 1792
layers.0.ae.h.0.bias 14
layers.1.enc.b.0.weight 38400
layers.1.enc.b.0.bias 128
layers.1.enc.f.weight_ih_l0 360000
layers.1.enc.f.weight_hh_l0 360000
layers.1.enc.f.bias_ih_l0 1200
layers.1.enc.f.bias_hh_l0 1200
layers.1.ae.g.0.weight 16384
layers.1.ae.g.0.bias 128
layers.1.ae.h.0.weight 16384
layers.1.ae.h.0.bias 128
layers.2.enc.b.0.weight 38400
layers.2.enc.b.0.bias 128
layers.2.enc.f.weight_ih_l0 360000
layers.2.enc.f.weight_hh_l0 360000
layers.2.enc.f.bias_ih_l0 1200
layers.2.enc.f.bias_hh_l0 1200
layers.2.ae.g.0.weight 16384
layers.2.ae.g.0.bias 128
layers.2.ae.h.0.weight 16384
layers.2.ae.h.0.bias 128
layers.3.enc.b.0.weight 38400
layers.3.enc.b.0.bias 128
layers.3.enc.f.weight_ih_l0 360000
layers.3.enc.f.weight_hh_l0 360000
layers.3.enc.f.bias_ih_l0 1200
layers.3.enc.f.bias_hh_l0 1200
layers.3.ae.g.0.weight 16384
layers.3.ae.g.0.bias 128
layers.3.ae.h.0.weight 16384
layers.3.ae.h.0.bias 128
emb_layers.0.weight 9000000
emb_layers.1.weight 9000000
emb_layers.2.weight 9000000
emb_layers.3.weight 9000000
Total Trainable Params: 39146510
init_time 51.39355594
Start Training
gc 0
Train Epoch0 Acc 0.12716607142857142 (71213/560000), AUC 0.5557978749275208
ep0_train_time 98.271798719
Test Epoch0 layer0 Acc 0.9547714285714286, AUC 0.9955870509147644, avg_entr 0.18899720907211304, f1 0.9547713994979858
ep0_l0_test_time 0.8915963620000014
Save ckpt to ckpt/dbpedia_14_lstmalside_l4_256_sidead//dbpedia_14_lstmalside_l4_side.pt  ,ep 0
Test Epoch0 layer1 Acc 0.9557428571428571, AUC 0.9942871332168579, avg_entr 0.1783566176891327, f1 0.9557428359985352
ep0_l1_test_time 1.0464073749999727
Save ckpt to ckpt/dbpedia_14_lstmalside_l4_256_sidead//dbpedia_14_lstmalside_l4_side.pt  ,ep 0
Test Epoch0 layer2 Acc 0.9537142857142857, AUC 0.9907186627388, avg_entr 0.1790771633386612, f1 0.9537143111228943
ep0_l2_test_time 1.2684945499999856
Test Epoch0 layer3 Acc 0.9510571428571428, AUC 0.9844117760658264, avg_entr 0.18666574358940125, f1 0.9510571360588074
ep0_l3_test_time 1.5314175010000213
gc 0
Train Epoch1 Acc 0.9690464285714285 (542666/560000), AUC 0.9920000433921814
ep1_train_time 93.81670349199999
Test Epoch1 layer0 Acc 0.9618, AUC 0.9960137605667114, avg_entr 0.05103307589888573, f1 0.9617999792098999
ep1_l0_test_time 0.8991817890000107
Save ckpt to ckpt/dbpedia_14_lstmalside_l4_256_sidead//dbpedia_14_lstmalside_l4_side.pt  ,ep 1
Test Epoch1 layer1 Acc 0.9629142857142857, AUC 0.9949771761894226, avg_entr 0.04612743481993675, f1 0.9629142880439758
ep1_l1_test_time 1.0385938680000208
Save ckpt to ckpt/dbpedia_14_lstmalside_l4_256_sidead//dbpedia_14_lstmalside_l4_side.pt  ,ep 1
Test Epoch1 layer2 Acc 0.9624285714285714, AUC 0.992546021938324, avg_entr 0.0446101576089859, f1 0.9624285697937012
ep1_l2_test_time 1.2838585679999994
Test Epoch1 layer3 Acc 0.9616571428571429, AUC 0.9907827377319336, avg_entr 0.040565237402915955, f1 0.9616571664810181
ep1_l3_test_time 1.5438151320000202
gc 0
Train Epoch2 Acc 0.9782553571428572 (547823/560000), AUC 0.9951578378677368
ep2_train_time 93.57816480099999
Test Epoch2 layer0 Acc 0.9705714285714285, AUC 0.9970544576644897, avg_entr 0.02125815860927105, f1 0.9705714583396912
ep2_l0_test_time 0.8860221979999778
Save ckpt to ckpt/dbpedia_14_lstmalside_l4_256_sidead//dbpedia_14_lstmalside_l4_side.pt  ,ep 2
Test Epoch2 layer1 Acc 0.9732571428571428, AUC 0.9969463348388672, avg_entr 0.018046824261546135, f1 0.9732571244239807
ep2_l1_test_time 1.0398243000000207
Save ckpt to ckpt/dbpedia_14_lstmalside_l4_256_sidead//dbpedia_14_lstmalside_l4_side.pt  ,ep 2
Test Epoch2 layer2 Acc 0.9727142857142858, AUC 0.9960747957229614, avg_entr 0.017879635095596313, f1 0.9727143049240112
ep2_l2_test_time 1.2624578359999532
Test Epoch2 layer3 Acc 0.9724285714285714, AUC 0.9957221746444702, avg_entr 0.016790999099612236, f1 0.972428560256958
ep2_l3_test_time 1.5131678429999624
gc 0
Train Epoch3 Acc 0.9830589285714286 (550513/560000), AUC 0.9963597059249878
ep3_train_time 93.68886875499999
Test Epoch3 layer0 Acc 0.9726571428571429, AUC 0.9971513152122498, avg_entr 0.01106549333781004, f1 0.9726571440696716
ep3_l0_test_time 0.9093579780000027
Test Epoch3 layer1 Acc 0.9756285714285714, AUC 0.9970024824142456, avg_entr 0.008682193234562874, f1 0.9756285548210144
ep3_l1_test_time 1.0901000039999644
Save ckpt to ckpt/dbpedia_14_lstmalside_l4_256_sidead//dbpedia_14_lstmalside_l4_side.pt  ,ep 3
Test Epoch3 layer2 Acc 0.9754285714285714, AUC 0.995915949344635, avg_entr 0.008375558070838451, f1 0.975428581237793
ep3_l2_test_time 1.283156679000001
Test Epoch3 layer3 Acc 0.9754571428571429, AUC 0.995310366153717, avg_entr 0.00811704620718956, f1 0.9754571318626404
ep3_l3_test_time 1.5362767749999762
gc 0
Train Epoch4 Acc 0.9862232142857142 (552285/560000), AUC 0.9969271421432495
ep4_train_time 93.75312550500001
Test Epoch4 layer0 Acc 0.974, AUC 0.9971769452095032, avg_entr 0.00776288378983736, f1 0.9739999771118164
ep4_l0_test_time 0.8819712240000399
Test Epoch4 layer1 Acc 0.9769142857142857, AUC 0.9971112608909607, avg_entr 0.005653422325849533, f1 0.9769142866134644
ep4_l1_test_time 1.0916478880000113
Save ckpt to ckpt/dbpedia_14_lstmalside_l4_256_sidead//dbpedia_14_lstmalside_l4_side.pt  ,ep 4
Test Epoch4 layer2 Acc 0.977, AUC 0.9964222311973572, avg_entr 0.005580706521868706, f1 0.9769999980926514
ep4_l2_test_time 1.3244753949999222
Save ckpt to ckpt/dbpedia_14_lstmalside_l4_256_sidead//dbpedia_14_lstmalside_l4_side.pt  ,ep 4
Test Epoch4 layer3 Acc 0.9769428571428571, AUC 0.9956573247909546, avg_entr 0.004878540989011526, f1 0.9769428372383118
ep4_l3_test_time 1.5584686669999428
gc 0
Train Epoch5 Acc 0.9884553571428571 (553535/560000), AUC 0.9974707365036011
ep5_train_time 93.64374589900001
Test Epoch5 layer0 Acc 0.9744857142857143, AUC 0.9967237114906311, avg_entr 0.005124892108142376, f1 0.9744856953620911
ep5_l0_test_time 0.8804954070000122
Test Epoch5 layer1 Acc 0.9777428571428571, AUC 0.9966349601745605, avg_entr 0.003255784045904875, f1 0.9777428507804871
ep5_l1_test_time 1.0244269589999249
Save ckpt to ckpt/dbpedia_14_lstmalside_l4_256_sidead//dbpedia_14_lstmalside_l4_side.pt  ,ep 5
Test Epoch5 layer2 Acc 0.9773142857142857, AUC 0.9957674741744995, avg_entr 0.0033256809692829847, f1 0.977314293384552
ep5_l2_test_time 1.2583428570000024
Test Epoch5 layer3 Acc 0.9772857142857143, AUC 0.9950014352798462, avg_entr 0.0027826251462101936, f1 0.9772857427597046
ep5_l3_test_time 1.5370270590000246
gc 0
Train Epoch6 Acc 0.9902375 (554533/560000), AUC 0.9976741075515747
ep6_train_time 94.02218152199998
Test Epoch6 layer0 Acc 0.9744857142857143, AUC 0.997146487236023, avg_entr 0.004526717588305473, f1 0.9744856953620911
ep6_l0_test_time 0.9262855850000733
Test Epoch6 layer1 Acc 0.9778571428571429, AUC 0.9969825148582458, avg_entr 0.0028755776584148407, f1 0.9778571724891663
ep6_l1_test_time 1.048419330999991
Save ckpt to ckpt/dbpedia_14_lstmalside_l4_256_sidead//dbpedia_14_lstmalside_l4_side.pt  ,ep 6
Test Epoch6 layer2 Acc 0.9776285714285714, AUC 0.9963468909263611, avg_entr 0.00286455568857491, f1 0.9776285886764526
ep6_l2_test_time 1.3231373480000457
Test Epoch6 layer3 Acc 0.9776285714285714, AUC 0.9954070448875427, avg_entr 0.002628742251545191, f1 0.9776285886764526
ep6_l3_test_time 1.5485809080000763
gc 0
Train Epoch7 Acc 0.9916160714285714 (555305/560000), AUC 0.9978862404823303
ep7_train_time 93.86337921799998
Test Epoch7 layer0 Acc 0.9736571428571429, AUC 0.9968968629837036, avg_entr 0.00392936123535037, f1 0.9736570715904236
ep7_l0_test_time 0.9111354499999607
Test Epoch7 layer1 Acc 0.9766857142857143, AUC 0.9968581795692444, avg_entr 0.0025026968214660883, f1 0.9766857028007507
ep7_l1_test_time 1.042448641999954
Test Epoch7 layer2 Acc 0.9767428571428571, AUC 0.995730459690094, avg_entr 0.0021639594342559576, f1 0.9767428636550903
ep7_l2_test_time 1.3064245440000377
Test Epoch7 layer3 Acc 0.9766, AUC 0.9955410957336426, avg_entr 0.002031255280598998, f1 0.9765999913215637
ep7_l3_test_time 1.5344133810000358
gc 0
Train Epoch8 Acc 0.9926107142857142 (555862/560000), AUC 0.9980593323707581
ep8_train_time 93.64488532400003
Test Epoch8 layer0 Acc 0.9748285714285714, AUC 0.9963167309761047, avg_entr 0.0033086033072322607, f1 0.9748286008834839
ep8_l0_test_time 0.8887487270000065
Test Epoch8 layer1 Acc 0.9776, AUC 0.9963315725326538, avg_entr 0.001990638440474868, f1 0.9775999784469604
ep8_l1_test_time 1.0428512680000495
Test Epoch8 layer2 Acc 0.9776857142857143, AUC 0.994694173336029, avg_entr 0.0018237007316201925, f1 0.9776856899261475
ep8_l2_test_time 1.2586017449999645
Test Epoch8 layer3 Acc 0.9776285714285714, AUC 0.9942463040351868, avg_entr 0.0015406330348923802, f1 0.9776285886764526
ep8_l3_test_time 1.5584765400000151
gc 0
Train Epoch9 Acc 0.9942071428571428 (556756/560000), AUC 0.998444676399231
ep9_train_time 94.21200538000005
Test Epoch9 layer0 Acc 0.9764, AUC 0.996525228023529, avg_entr 0.0024994269479066133, f1 0.9764000177383423
ep9_l0_test_time 0.8939730660001715
Test Epoch9 layer1 Acc 0.9795428571428572, AUC 0.9964985847473145, avg_entr 0.0017268870724365115, f1 0.9795428514480591
ep9_l1_test_time 1.039344291999896
Save ckpt to ckpt/dbpedia_14_lstmalside_l4_256_sidead//dbpedia_14_lstmalside_l4_side.pt  ,ep 9
Test Epoch9 layer2 Acc 0.9795428571428572, AUC 0.995452344417572, avg_entr 0.0015671919099986553, f1 0.9795428514480591
ep9_l2_test_time 1.262712049999891
Save ckpt to ckpt/dbpedia_14_lstmalside_l4_256_sidead//dbpedia_14_lstmalside_l4_side.pt  ,ep 9
Test Epoch9 layer3 Acc 0.9795714285714285, AUC 0.995025634765625, avg_entr 0.0015525815542787313, f1 0.9795714020729065
ep9_l3_test_time 1.5506524139998419
Save ckpt to ckpt/dbpedia_14_lstmalside_l4_256_sidead//dbpedia_14_lstmalside_l4_side.pt  ,ep 9
gc 0
Train Epoch10 Acc 0.9948839285714286 (557135/560000), AUC 0.9985448718070984
ep10_train_time 93.95523682899989
Test Epoch10 layer0 Acc 0.9759428571428571, AUC 0.9961764216423035, avg_entr 0.0023404236417263746, f1 0.975942850112915
ep10_l0_test_time 0.8973233290000735
Test Epoch10 layer1 Acc 0.9790571428571428, AUC 0.996234118938446, avg_entr 0.0014344020746648312, f1 0.9790571331977844
ep10_l1_test_time 1.0508226379999996
Test Epoch10 layer2 Acc 0.9790857142857143, AUC 0.9954490661621094, avg_entr 0.001358467503450811, f1 0.9790857434272766
ep10_l2_test_time 1.285381070000085
Test Epoch10 layer3 Acc 0.9790857142857143, AUC 0.9949138760566711, avg_entr 0.001198889804072678, f1 0.9790857434272766
ep10_l3_test_time 1.5179143860000295
gc 0
Train Epoch11 Acc 0.9953178571428571 (557378/560000), AUC 0.9986349940299988
ep11_train_time 93.54392625299988
Test Epoch11 layer0 Acc 0.9756571428571429, AUC 0.9964026808738708, avg_entr 0.002255136612802744, f1 0.9756571650505066
ep11_l0_test_time 0.8826545059998807
Test Epoch11 layer1 Acc 0.9786, AUC 0.9962342977523804, avg_entr 0.001246922998689115, f1 0.978600025177002
ep11_l1_test_time 1.0424966719999702
Test Epoch11 layer2 Acc 0.9786857142857143, AUC 0.9949789643287659, avg_entr 0.0011483929120004177, f1 0.978685736656189
ep11_l2_test_time 1.2478661489999467
Test Epoch11 layer3 Acc 0.9786857142857143, AUC 0.9945306181907654, avg_entr 0.0010542201343923807, f1 0.978685736656189
ep11_l3_test_time 1.5129305909999857
gc 0
Train Epoch12 Acc 0.9955660714285715 (557517/560000), AUC 0.9987112879753113
ep12_train_time 93.70309420399985
Test Epoch12 layer0 Acc 0.9757428571428571, AUC 0.9961106181144714, avg_entr 0.0019929208792746067, f1 0.9757428765296936
ep12_l0_test_time 0.8918273680001221
Test Epoch12 layer1 Acc 0.9787142857142858, AUC 0.9962932467460632, avg_entr 0.0010740720899775624, f1 0.9787142872810364
ep12_l1_test_time 1.0271100380000462
Test Epoch12 layer2 Acc 0.9786, AUC 0.9950852394104004, avg_entr 0.0010867305099964142, f1 0.978600025177002
ep12_l2_test_time 1.2817554820001078
Test Epoch12 layer3 Acc 0.9786571428571429, AUC 0.9949305653572083, avg_entr 0.0010160747915506363, f1 0.9786571264266968
ep12_l3_test_time 1.5140999010000087
gc 0
Train Epoch13 Acc 0.9960517857142858 (557789/560000), AUC 0.9988160729408264
ep13_train_time 93.74054956200007
Test Epoch13 layer0 Acc 0.9759142857142857, AUC 0.9961114525794983, avg_entr 0.001956405583769083, f1 0.9759142994880676
ep13_l0_test_time 0.9056143810000776
Test Epoch13 layer1 Acc 0.9788, AUC 0.9963036775588989, avg_entr 0.0011559500126168132, f1 0.9787999987602234
ep13_l1_test_time 1.0624445169999035
Test Epoch13 layer2 Acc 0.9787714285714286, AUC 0.9947320222854614, avg_entr 0.0010885503143072128, f1 0.978771448135376
ep13_l2_test_time 1.261559711000018
Test Epoch13 layer3 Acc 0.9786, AUC 0.9943404793739319, avg_entr 0.0009590188274160028, f1 0.978600025177002
ep13_l3_test_time 1.534623725000074
gc 0
Train Epoch14 Acc 0.9962482142857143 (557899/560000), AUC 0.9988466501235962
ep14_train_time 94.12736943799996
Test Epoch14 layer0 Acc 0.9758285714285714, AUC 0.9955712556838989, avg_entr 0.002010853262618184, f1 0.9758285880088806
ep14_l0_test_time 0.95893823099982
Test Epoch14 layer1 Acc 0.9782571428571428, AUC 0.995753288269043, avg_entr 0.0010184861021116376, f1 0.9782571196556091
ep14_l1_test_time 1.1342885070000648
Test Epoch14 layer2 Acc 0.9783714285714286, AUC 0.994369626045227, avg_entr 0.0011053812922909856, f1 0.9783714413642883
ep14_l2_test_time 1.2969436419998601
Test Epoch14 layer3 Acc 0.9784, AUC 0.9938339591026306, avg_entr 0.0008682895568199456, f1 0.9783999919891357
ep14_l3_test_time 1.5204594710000947
gc 0
Train Epoch15 Acc 0.9964428571428572 (558008/560000), AUC 0.9988752007484436
ep15_train_time 94.19704840400004
Test Epoch15 layer0 Acc 0.9757428571428571, AUC 0.9952149391174316, avg_entr 0.0017231630627065897, f1 0.9757428765296936
ep15_l0_test_time 0.8879941750001308
Test Epoch15 layer1 Acc 0.9778857142857142, AUC 0.9958613514900208, avg_entr 0.000873343728017062, f1 0.9778857231140137
ep15_l1_test_time 1.0539161250001143
Test Epoch15 layer2 Acc 0.9779428571428571, AUC 0.9943195581436157, avg_entr 0.0008353446028195322, f1 0.9779428839683533
ep15_l2_test_time 1.2494010010000238
Test Epoch15 layer3 Acc 0.978, AUC 0.9938246011734009, avg_entr 0.0007448668475262821, f1 0.9779999852180481
ep15_l3_test_time 1.5444942490000813
gc 0
Train Epoch16 Acc 0.9966321428571429 (558114/560000), AUC 0.998923122882843
ep16_train_time 93.60732966799992
Test Epoch16 layer0 Acc 0.9754285714285714, AUC 0.9954336881637573, avg_entr 0.0016872157575562596, f1 0.975428581237793
ep16_l0_test_time 0.8858072540001558
Test Epoch16 layer1 Acc 0.9779714285714286, AUC 0.995631992816925, avg_entr 0.0008153719245456159, f1 0.9779714345932007
ep16_l1_test_time 1.0255879870001081
Test Epoch16 layer2 Acc 0.9779142857142857, AUC 0.9940498471260071, avg_entr 0.0008494930807501078, f1 0.9779142737388611
ep16_l2_test_time 1.2748773309999706
Test Epoch16 layer3 Acc 0.9779428571428571, AUC 0.9940283894538879, avg_entr 0.0007195065263658762, f1 0.9779428839683533
ep16_l3_test_time 1.533403978000024
gc 0
Train Epoch17 Acc 0.9967535714285715 (558182/560000), AUC 0.998964250087738
ep17_train_time 94.1270021759999
Test Epoch17 layer0 Acc 0.9756, AUC 0.9954920411109924, avg_entr 0.0019351241644471884, f1 0.975600004196167
ep17_l0_test_time 0.9046348150000085
Test Epoch17 layer1 Acc 0.9780857142857143, AUC 0.9960164427757263, avg_entr 0.0009905624901875854, f1 0.9780856966972351
ep17_l1_test_time 1.0343356199998652
Test Epoch17 layer2 Acc 0.9777428571428571, AUC 0.9945068955421448, avg_entr 0.0007829345413483679, f1 0.9777428507804871
ep17_l2_test_time 1.2968015819999437
Test Epoch17 layer3 Acc 0.9777714285714286, AUC 0.9938152432441711, avg_entr 0.0006911065429449081, f1 0.9777714014053345
ep17_l3_test_time 1.5433791049999854
gc 0
Train Epoch18 Acc 0.9968732142857143 (558249/560000), AUC 0.9989681243896484
ep18_train_time 94.08933335300003
Test Epoch18 layer0 Acc 0.9763428571428572, AUC 0.9952310919761658, avg_entr 0.0017939868848770857, f1 0.9763428568840027
ep18_l0_test_time 0.9010350290000133
Test Epoch18 layer1 Acc 0.9778571428571429, AUC 0.9954352974891663, avg_entr 0.0008432334871031344, f1 0.9778571724891663
ep18_l1_test_time 1.0399105749997943
Test Epoch18 layer2 Acc 0.9776857142857143, AUC 0.9940947890281677, avg_entr 0.0007973536266945302, f1 0.9776856899261475
ep18_l2_test_time 1.2566148460000477
Test Epoch18 layer3 Acc 0.9775428571428572, AUC 0.9932927489280701, avg_entr 0.0006909419316798449, f1 0.9775428771972656
ep18_l3_test_time 1.5168123079999987
gc 0
Train Epoch19 Acc 0.9969482142857143 (558291/560000), AUC 0.9989760518074036
ep19_train_time 93.69428977899997
Test Epoch19 layer0 Acc 0.9757142857142858, AUC 0.9949292540550232, avg_entr 0.0016296840040013194, f1 0.9757142663002014
ep19_l0_test_time 0.8808993049999572
Test Epoch19 layer1 Acc 0.9780857142857143, AUC 0.9953150153160095, avg_entr 0.0008188858046196401, f1 0.9780856966972351
ep19_l1_test_time 1.0372881519999737
Test Epoch19 layer2 Acc 0.9778571428571429, AUC 0.9939375519752502, avg_entr 0.0007201198022812605, f1 0.9778571724891663
ep19_l2_test_time 1.2676931190001142
Test Epoch19 layer3 Acc 0.9777142857142858, AUC 0.9931722283363342, avg_entr 0.0006298597436398268, f1 0.9777143001556396
ep19_l3_test_time 1.5253378869999779
gc 0
Train Epoch20 Acc 0.9970303571428571 (558337/560000), AUC 0.9989847540855408
ep20_train_time 93.5757928439998
Test Epoch20 layer0 Acc 0.9757714285714286, AUC 0.9948441386222839, avg_entr 0.0016377796418964863, f1 0.975771427154541
ep20_l0_test_time 0.8819663270001001
Test Epoch20 layer1 Acc 0.9775428571428572, AUC 0.9949105978012085, avg_entr 0.0008292575366795063, f1 0.9775428771972656
ep20_l1_test_time 1.0407264919999761
Test Epoch20 layer2 Acc 0.9774, AUC 0.9933199286460876, avg_entr 0.00069815618917346, f1 0.977400004863739
ep20_l2_test_time 1.2539594170002601
Test Epoch20 layer3 Acc 0.9773142857142857, AUC 0.9927902221679688, avg_entr 0.0006473222165368497, f1 0.977314293384552
ep20_l3_test_time 1.5388636120001138
gc 0
Train Epoch21 Acc 0.9970678571428572 (558358/560000), AUC 0.9990120530128479
ep21_train_time 93.91130811599987
Test Epoch21 layer0 Acc 0.9757428571428571, AUC 0.9946384429931641, avg_entr 0.001570449792779982, f1 0.9757428765296936
ep21_l0_test_time 0.8866142000001673
Test Epoch21 layer1 Acc 0.9775428571428572, AUC 0.9948233962059021, avg_entr 0.0008930484182201326, f1 0.9775428771972656
ep21_l1_test_time 1.0248009760002788
Test Epoch21 layer2 Acc 0.9776857142857143, AUC 0.9934311509132385, avg_entr 0.0008163204765878618, f1 0.9776856899261475
ep21_l2_test_time 1.2691610729998501
Test Epoch21 layer3 Acc 0.9775428571428572, AUC 0.9929131269454956, avg_entr 0.0007124744588509202, f1 0.9775428771972656
ep21_l3_test_time 1.518723694000073
gc 0
Train Epoch22 Acc 0.9971339285714286 (558395/560000), AUC 0.9990330338478088
ep22_train_time 93.82834732400033
Test Epoch22 layer0 Acc 0.9757428571428571, AUC 0.9943373799324036, avg_entr 0.001726218732073903, f1 0.9757428765296936
ep22_l0_test_time 0.8792263959999218
Test Epoch22 layer1 Acc 0.9774571428571428, AUC 0.9947566390037537, avg_entr 0.0007941290969029069, f1 0.9774571657180786
ep22_l1_test_time 1.1194173589997263
Test Epoch22 layer2 Acc 0.9773428571428572, AUC 0.9931957125663757, avg_entr 0.0006812891224399209, f1 0.9773428440093994
ep22_l2_test_time 1.2496707199998127
Test Epoch22 layer3 Acc 0.9773428571428572, AUC 0.9925771355628967, avg_entr 0.0006191799766384065, f1 0.9773428440093994
ep22_l3_test_time 1.6152831530002913
gc 0
Train Epoch23 Acc 0.9971821428571429 (558422/560000), AUC 0.999038815498352
ep23_train_time 93.69038661500008
Test Epoch23 layer0 Acc 0.9755428571428572, AUC 0.9943535923957825, avg_entr 0.001581388060003519, f1 0.9755428433418274
ep23_l0_test_time 0.8937357519998841
Test Epoch23 layer1 Acc 0.9772857142857143, AUC 0.9945083856582642, avg_entr 0.0008153531234711409, f1 0.9772857427597046
ep23_l1_test_time 1.0264248960002078
Test Epoch23 layer2 Acc 0.9772285714285714, AUC 0.9929556846618652, avg_entr 0.0006950952811166644, f1 0.977228581905365
ep23_l2_test_time 1.3424387659997592
Test Epoch23 layer3 Acc 0.9770285714285715, AUC 0.9923680424690247, avg_entr 0.0006493159453384578, f1 0.9770285487174988
ep23_l3_test_time 1.5250702399998772
gc 0
Train Epoch24 Acc 0.9972392857142857 (558454/560000), AUC 0.9990595579147339
ep24_train_time 93.72025795299987
Test Epoch24 layer0 Acc 0.9753714285714286, AUC 0.994231641292572, avg_entr 0.0016520274803042412, f1 0.9753714799880981
ep24_l0_test_time 0.9539192689999254
Test Epoch24 layer1 Acc 0.977, AUC 0.9942349791526794, avg_entr 0.0009009065688587725, f1 0.9769999980926514
ep24_l1_test_time 1.0309906580000643
Test Epoch24 layer2 Acc 0.977, AUC 0.9928334355354309, avg_entr 0.0007383439224213362, f1 0.9769999980926514
ep24_l2_test_time 1.2495769990000554
Test Epoch24 layer3 Acc 0.9768, AUC 0.9922060370445251, avg_entr 0.000610043469350785, f1 0.9768000245094299
ep24_l3_test_time 1.5163428579999163
gc 0
Train Epoch25 Acc 0.9972821428571429 (558478/560000), AUC 0.9990748763084412
ep25_train_time 93.91808719400024
Test Epoch25 layer0 Acc 0.9749428571428571, AUC 0.9940738677978516, avg_entr 0.0013650142354890704, f1 0.9749428629875183
ep25_l0_test_time 0.881572953000159
Test Epoch25 layer1 Acc 0.9766857142857143, AUC 0.9942620396614075, avg_entr 0.0008639408624731004, f1 0.9766857028007507
ep25_l1_test_time 1.0350216500000897
Test Epoch25 layer2 Acc 0.9767142857142858, AUC 0.9926852583885193, avg_entr 0.0006301091052591801, f1 0.9767143130302429
ep25_l2_test_time 1.255737880000197
Test Epoch25 layer3 Acc 0.9766285714285714, AUC 0.992334246635437, avg_entr 0.0006062950706109405, f1 0.9766285419464111
ep25_l3_test_time 1.5202801779996662
gc 0
Train Epoch26 Acc 0.9973142857142857 (558496/560000), AUC 0.9990871548652649
ep26_train_time 93.85304666100001
Test Epoch26 layer0 Acc 0.9749428571428571, AUC 0.9940894246101379, avg_entr 0.0013972140150144696, f1 0.9749428629875183
ep26_l0_test_time 0.8909426949999215
Test Epoch26 layer1 Acc 0.9765428571428572, AUC 0.9940946698188782, avg_entr 0.0008452943875454366, f1 0.9765428304672241
ep26_l1_test_time 1.0861239440000645
Test Epoch26 layer2 Acc 0.9763714285714286, AUC 0.9926496744155884, avg_entr 0.0007002243655733764, f1 0.9763714075088501
ep26_l2_test_time 1.2709224209997956
Test Epoch26 layer3 Acc 0.9762571428571428, AUC 0.9919987916946411, avg_entr 0.000595653778873384, f1 0.9762571454048157
ep26_l3_test_time 1.5235709730000053
gc 0
Train Epoch27 Acc 0.9973339285714286 (558507/560000), AUC 0.9990834593772888
ep27_train_time 93.89207134099979
Test Epoch27 layer0 Acc 0.9749714285714286, AUC 0.9938586354255676, avg_entr 0.001317862537689507, f1 0.9749714136123657
ep27_l0_test_time 0.9032058180000604
Test Epoch27 layer1 Acc 0.9763714285714286, AUC 0.993820071220398, avg_entr 0.0007654214859940112, f1 0.9763714075088501
ep27_l1_test_time 1.0591579810002258
Test Epoch27 layer2 Acc 0.9763428571428572, AUC 0.9924087524414062, avg_entr 0.0008059631218202412, f1 0.9763428568840027
ep27_l2_test_time 1.2678524029997789
Test Epoch27 layer3 Acc 0.9762857142857143, AUC 0.99168461561203, avg_entr 0.0006323609268292785, f1 0.9762856960296631
ep27_l3_test_time 1.5249749669997072
gc 0
Train Epoch28 Acc 0.997375 (558530/560000), AUC 0.9990948438644409
ep28_train_time 93.81755377799982
Test Epoch28 layer0 Acc 0.9748571428571429, AUC 0.9937615990638733, avg_entr 0.001309664687141776, f1 0.9748571515083313
ep28_l0_test_time 0.9016212939995967
Test Epoch28 layer1 Acc 0.9763428571428572, AUC 0.9937272667884827, avg_entr 0.0008382332744076848, f1 0.9763428568840027
ep28_l1_test_time 1.0291028040001038
Test Epoch28 layer2 Acc 0.9762285714285714, AUC 0.9921995997428894, avg_entr 0.0007852218695916235, f1 0.9762285947799683
ep28_l2_test_time 1.2744623170001432
Test Epoch28 layer3 Acc 0.9760571428571428, AUC 0.9913975596427917, avg_entr 0.0007123795803636312, f1 0.9760571718215942
ep28_l3_test_time 1.5332533430000694
gc 0
Train Epoch29 Acc 0.9973946428571429 (558541/560000), AUC 0.9991016983985901
ep29_train_time 94.30520551499967
Test Epoch29 layer0 Acc 0.9747142857142858, AUC 0.9938174486160278, avg_entr 0.0013549569994211197, f1 0.9747142791748047
ep29_l0_test_time 0.8898318149999795
Test Epoch29 layer1 Acc 0.9764, AUC 0.9935621619224548, avg_entr 0.0006657682242803276, f1 0.9764000177383423
ep29_l1_test_time 1.0324795450001147
Test Epoch29 layer2 Acc 0.9762285714285714, AUC 0.9920516014099121, avg_entr 0.0007049752166494727, f1 0.9762285947799683
ep29_l2_test_time 1.252034019000348
Test Epoch29 layer3 Acc 0.9761714285714286, AUC 0.9914690256118774, avg_entr 0.0005775676108896732, f1 0.9761714339256287
ep29_l3_test_time 1.5394007380000403
gc 0
Train Epoch30 Acc 0.9974 (558544/560000), AUC 0.9991143345832825
ep30_train_time 93.89213561300039
Test Epoch30 layer0 Acc 0.9745142857142857, AUC 0.9937142729759216, avg_entr 0.0013364937622100115, f1 0.9745143055915833
ep30_l0_test_time 0.8985686819996772
Test Epoch30 layer1 Acc 0.9764571428571429, AUC 0.9935749173164368, avg_entr 0.0007020485936664045, f1 0.9764571189880371
ep30_l1_test_time 1.1057296569997561
Test Epoch30 layer2 Acc 0.9764, AUC 0.9919883012771606, avg_entr 0.0006851513753645122, f1 0.9764000177383423
ep30_l2_test_time 1.2508451430003333
Test Epoch30 layer3 Acc 0.9761714285714286, AUC 0.9914714694023132, avg_entr 0.0006069118389859796, f1 0.9761714339256287
ep30_l3_test_time 1.5292075750003278
gc 0
Train Epoch31 Acc 0.9974285714285714 (558560/560000), AUC 0.999112606048584
ep31_train_time 93.65112982299979
Test Epoch31 layer0 Acc 0.9744571428571429, AUC 0.9937036633491516, avg_entr 0.0012512386310845613, f1 0.9744571447372437
ep31_l0_test_time 0.8792750070001603
Test Epoch31 layer1 Acc 0.9762571428571428, AUC 0.9934319257736206, avg_entr 0.0009570848778821528, f1 0.9762571454048157
ep31_l1_test_time 1.0699214219998794
Test Epoch31 layer2 Acc 0.9761714285714286, AUC 0.9918943643569946, avg_entr 0.0007585348794236779, f1 0.9761714339256287
ep31_l2_test_time 1.2627463559997523
Test Epoch31 layer3 Acc 0.9760857142857143, AUC 0.991314709186554, avg_entr 0.0005635988782159984, f1 0.9760857224464417
ep31_l3_test_time 1.5167700670003796
gc 0
Train Epoch32 Acc 0.9974375 (558565/560000), AUC 0.999123215675354
ep32_train_time 93.73473695300027
Test Epoch32 layer0 Acc 0.9744, AUC 0.9935923218727112, avg_entr 0.001306310761719942, f1 0.974399983882904
ep32_l0_test_time 0.8836843969997972
Test Epoch32 layer1 Acc 0.9761142857142857, AUC 0.9933492541313171, avg_entr 0.0009044691687449813, f1 0.9761142730712891
ep32_l1_test_time 1.0557160480002494
Test Epoch32 layer2 Acc 0.9758857142857142, AUC 0.9917387366294861, avg_entr 0.0007400491158477962, f1 0.9758856892585754
ep32_l2_test_time 1.2609557549999408
Test Epoch32 layer3 Acc 0.9757714285714286, AUC 0.9911702871322632, avg_entr 0.0006715339841321111, f1 0.975771427154541
ep32_l3_test_time 1.5157376390002355
gc 0
Train Epoch33 Acc 0.9974464285714286 (558570/560000), AUC 0.9991177320480347
ep33_train_time 93.9911955800003
Test Epoch33 layer0 Acc 0.9744857142857143, AUC 0.9936049580574036, avg_entr 0.0013208601158112288, f1 0.9744856953620911
ep33_l0_test_time 0.894291627000257
Test Epoch33 layer1 Acc 0.9762285714285714, AUC 0.9933115839958191, avg_entr 0.0007880767807364464, f1 0.9762285947799683
ep33_l1_test_time 1.0332335789998979
Test Epoch33 layer2 Acc 0.9760571428571428, AUC 0.9917446970939636, avg_entr 0.0007073879241943359, f1 0.9760571718215942
ep33_l2_test_time 1.2659629170002518
Test Epoch33 layer3 Acc 0.9759428571428571, AUC 0.9911732077598572, avg_entr 0.0005486388690769672, f1 0.975942850112915
ep33_l3_test_time 1.5327128240001002
gc 0
Train Epoch34 Acc 0.9974607142857143 (558578/560000), AUC 0.9991179704666138
ep34_train_time 93.93450296299989
Test Epoch34 layer0 Acc 0.9741714285714286, AUC 0.9936123490333557, avg_entr 0.0012755473144352436, f1 0.9741714000701904
ep34_l0_test_time 0.8858929879997959
Test Epoch34 layer1 Acc 0.976, AUC 0.9932831525802612, avg_entr 0.0009070798987522721, f1 0.9760000109672546
ep34_l1_test_time 1.0351970039996559
Test Epoch34 layer2 Acc 0.9759142857142857, AUC 0.9918201565742493, avg_entr 0.0007038661278784275, f1 0.9759142994880676
ep34_l2_test_time 1.2861192920004214
Test Epoch34 layer3 Acc 0.9758, AUC 0.9911556839942932, avg_entr 0.0006156298331916332, f1 0.9757999777793884
ep34_l3_test_time 1.5624762130000818
gc 0
Train Epoch35 Acc 0.9974589285714286 (558577/560000), AUC 0.9991220831871033
ep35_train_time 93.82118025499994
Test Epoch35 layer0 Acc 0.9742, AUC 0.9935404658317566, avg_entr 0.0012656741309911013, f1 0.9742000102996826
ep35_l0_test_time 0.8822186299998975
Test Epoch35 layer1 Acc 0.9759428571428571, AUC 0.9932514429092407, avg_entr 0.0008986892644315958, f1 0.975942850112915
ep35_l1_test_time 1.0335367329998917
Test Epoch35 layer2 Acc 0.9758, AUC 0.9917019009590149, avg_entr 0.0007424317882396281, f1 0.9757999777793884
ep35_l2_test_time 1.2536327590000838
Test Epoch35 layer3 Acc 0.9757428571428571, AUC 0.9911062121391296, avg_entr 0.0006301300600171089, f1 0.9757428765296936
ep35_l3_test_time 1.5447587720000229
gc 0
Train Epoch36 Acc 0.9974803571428571 (558589/560000), AUC 0.999129593372345
ep36_train_time 93.72541642399983
Test Epoch36 layer0 Acc 0.9741714285714286, AUC 0.9935796856880188, avg_entr 0.0012931119417771697, f1 0.9741714000701904
ep36_l0_test_time 0.8884543169997414
Test Epoch36 layer1 Acc 0.9758285714285714, AUC 0.9932215809822083, avg_entr 0.000868552306201309, f1 0.9758285880088806
ep36_l1_test_time 1.0304298290002407
Test Epoch36 layer2 Acc 0.9757142857142858, AUC 0.9917168021202087, avg_entr 0.0007242037681862712, f1 0.9757142663002014
ep36_l2_test_time 1.2556974889998855
Test Epoch36 layer3 Acc 0.9756285714285714, AUC 0.9910050630569458, avg_entr 0.0006037229322828352, f1 0.9756285548210144
ep36_l3_test_time 1.5260219659999166
gc 0
Train Epoch37 Acc 0.9974892857142857 (558594/560000), AUC 0.9991241097450256
ep37_train_time 93.5886821590002
Test Epoch37 layer0 Acc 0.9741428571428571, AUC 0.9935284852981567, avg_entr 0.0012652089353650808, f1 0.974142849445343
ep37_l0_test_time 0.961881946000176
Test Epoch37 layer1 Acc 0.9758, AUC 0.9931654334068298, avg_entr 0.0008174889371730387, f1 0.9757999777793884
ep37_l1_test_time 1.0699580610003068
Test Epoch37 layer2 Acc 0.9756857142857143, AUC 0.9916618466377258, avg_entr 0.0006788724567741156, f1 0.975685715675354
ep37_l2_test_time 1.2582983830002377
Test Epoch37 layer3 Acc 0.9756285714285714, AUC 0.9909020662307739, avg_entr 0.0005526483873836696, f1 0.9756285548210144
ep37_l3_test_time 1.5170051609998154
gc 0
Train Epoch38 Acc 0.9974928571428572 (558596/560000), AUC 0.9991241097450256
ep38_train_time 93.9335615519999
Test Epoch38 layer0 Acc 0.9740571428571428, AUC 0.9935242533683777, avg_entr 0.0012460857396945357, f1 0.974057137966156
ep38_l0_test_time 0.8853166130002137
Test Epoch38 layer1 Acc 0.9757714285714286, AUC 0.9931190609931946, avg_entr 0.0007638920214958489, f1 0.975771427154541
ep38_l1_test_time 1.0943115229997602
Test Epoch38 layer2 Acc 0.9758, AUC 0.9917519688606262, avg_entr 0.0006267595454119146, f1 0.9757999777793884
ep38_l2_test_time 1.252903065999817
Test Epoch38 layer3 Acc 0.9757142857142858, AUC 0.9910377264022827, avg_entr 0.0004963568644598126, f1 0.9757142663002014
ep38_l3_test_time 1.5160772729996097
gc 0
Train Epoch39 Acc 0.9974964285714286 (558598/560000), AUC 0.9991242289543152
ep39_train_time 94.17100928299988
Test Epoch39 layer0 Acc 0.9742, AUC 0.9935222268104553, avg_entr 0.0012484753970056772, f1 0.9742000102996826
ep39_l0_test_time 0.9745393950001926
Test Epoch39 layer1 Acc 0.9758, AUC 0.9931720495223999, avg_entr 0.000806679658126086, f1 0.9757999777793884
ep39_l1_test_time 1.0388532719998693
Test Epoch39 layer2 Acc 0.9757714285714286, AUC 0.991788387298584, avg_entr 0.000698818766977638, f1 0.975771427154541
ep39_l2_test_time 1.2680785509996895
Test Epoch39 layer3 Acc 0.9756857142857143, AUC 0.9910383224487305, avg_entr 0.0006248844438232481, f1 0.975685715675354
ep39_l3_test_time 1.530702306999956
gc 0
Train Epoch40 Acc 0.9975017857142857 (558601/560000), AUC 0.9991287589073181
ep40_train_time 93.95751066499997
Test Epoch40 layer0 Acc 0.9740857142857143, AUC 0.9935223460197449, avg_entr 0.001202707993797958, f1 0.9740856885910034
ep40_l0_test_time 0.8889874249998684
Test Epoch40 layer1 Acc 0.9758571428571429, AUC 0.9931328892707825, avg_entr 0.000758544250857085, f1 0.975857138633728
ep40_l1_test_time 1.116908801000136
Test Epoch40 layer2 Acc 0.9757428571428571, AUC 0.9917203187942505, avg_entr 0.0006410962669178843, f1 0.9757428765296936
ep40_l2_test_time 1.3003160030002618
Test Epoch40 layer3 Acc 0.9756, AUC 0.9910381436347961, avg_entr 0.0005414175102487206, f1 0.975600004196167
ep40_l3_test_time 1.5218987329999436
gc 0
Train Epoch41 Acc 0.9975035714285714 (558602/560000), AUC 0.9991275072097778
ep41_train_time 93.93225297299978
Test Epoch41 layer0 Acc 0.9741428571428571, AUC 0.993506908416748, avg_entr 0.0012485667830333114, f1 0.974142849445343
ep41_l0_test_time 0.8969569099999717
Test Epoch41 layer1 Acc 0.9757428571428571, AUC 0.9931507110595703, avg_entr 0.0007616588263772428, f1 0.9757428765296936
ep41_l1_test_time 1.0446826870002042
Test Epoch41 layer2 Acc 0.9757714285714286, AUC 0.9917007684707642, avg_entr 0.0007514837197959423, f1 0.975771427154541
ep41_l2_test_time 1.2641549270001633
Test Epoch41 layer3 Acc 0.9754571428571429, AUC 0.9910362958908081, avg_entr 0.0005706020165234804, f1 0.9754571318626404
ep41_l3_test_time 1.5183719910000946
gc 0
Train Epoch42 Acc 0.9975107142857143 (558606/560000), AUC 0.9991301894187927
ep42_train_time 93.84862023000005
Test Epoch42 layer0 Acc 0.9741142857142857, AUC 0.9934882521629333, avg_entr 0.0012325291754677892, f1 0.9741142988204956
ep42_l0_test_time 0.8940368559997296
Test Epoch42 layer1 Acc 0.9757142857142858, AUC 0.9931291341781616, avg_entr 0.0007331684464588761, f1 0.9757142663002014
ep42_l1_test_time 1.0500972270001512
Test Epoch42 layer2 Acc 0.9756857142857143, AUC 0.9916960000991821, avg_entr 0.0006890461663715541, f1 0.975685715675354
ep42_l2_test_time 1.295800376000443
Test Epoch42 layer3 Acc 0.9754857142857143, AUC 0.9910091161727905, avg_entr 0.0005072472849860787, f1 0.9754857420921326
ep42_l3_test_time 1.536656254999798
gc 0
Train Epoch43 Acc 0.9975089285714286 (558605/560000), AUC 0.9991291165351868
ep43_train_time 93.97990079900046
Test Epoch43 layer0 Acc 0.9740571428571428, AUC 0.9934777617454529, avg_entr 0.0012485026381909847, f1 0.974057137966156
ep43_l0_test_time 0.9025905309999871
Test Epoch43 layer1 Acc 0.9757714285714286, AUC 0.9931098222732544, avg_entr 0.0007437945459969342, f1 0.975771427154541
ep43_l1_test_time 1.072875698999269
Test Epoch43 layer2 Acc 0.9755714285714285, AUC 0.9916848540306091, avg_entr 0.0006952232797630131, f1 0.9755714535713196
ep43_l2_test_time 1.2648571330000777
Test Epoch43 layer3 Acc 0.9754285714285714, AUC 0.9909437298774719, avg_entr 0.0005682467599399388, f1 0.975428581237793
ep43_l3_test_time 1.5218881030004923
gc 0
Train Epoch44 Acc 0.9975035714285714 (558602/560000), AUC 0.9991323351860046
ep44_train_time 93.72191102300076
Test Epoch44 layer0 Acc 0.9740571428571428, AUC 0.9934661984443665, avg_entr 0.001240208395756781, f1 0.974057137966156
ep44_l0_test_time 0.8841902359999949
Test Epoch44 layer1 Acc 0.9756571428571429, AUC 0.9930832982063293, avg_entr 0.0007744502509012818, f1 0.9756571650505066
ep44_l1_test_time 1.0291531619996022
Test Epoch44 layer2 Acc 0.9757428571428571, AUC 0.9916900396347046, avg_entr 0.0007389879319816828, f1 0.9757428765296936
ep44_l2_test_time 1.271521381000639
Test Epoch44 layer3 Acc 0.9754571428571429, AUC 0.9909554719924927, avg_entr 0.0005091243656352162, f1 0.9754571318626404
ep44_l3_test_time 1.5139780059998884
gc 0
Train Epoch45 Acc 0.9975071428571428 (558604/560000), AUC 0.9991316199302673
ep45_train_time 94.16383889400004
Test Epoch45 layer0 Acc 0.9739714285714286, AUC 0.9934602975845337, avg_entr 0.0012563812779262662, f1 0.973971426486969
ep45_l0_test_time 0.8939189080001597
Test Epoch45 layer1 Acc 0.9756571428571429, AUC 0.9930872917175293, avg_entr 0.0007610872271470726, f1 0.9756571650505066
ep45_l1_test_time 1.0556858769996325
Test Epoch45 layer2 Acc 0.9756, AUC 0.9916546940803528, avg_entr 0.0007068380364216864, f1 0.975600004196167
ep45_l2_test_time 1.2726927519997844
Test Epoch45 layer3 Acc 0.9754571428571429, AUC 0.9909031987190247, avg_entr 0.0005644060438498855, f1 0.9754571318626404
ep45_l3_test_time 1.5330162769996605
gc 0
Train Epoch46 Acc 0.9975089285714286 (558605/560000), AUC 0.9991326332092285
ep46_train_time 93.79917298000055
Test Epoch46 layer0 Acc 0.974, AUC 0.993465006351471, avg_entr 0.0012594152940437198, f1 0.9739999771118164
ep46_l0_test_time 0.9208268020001924
Test Epoch46 layer1 Acc 0.9756571428571429, AUC 0.9930623769760132, avg_entr 0.0007596492068842053, f1 0.9756571650505066
ep46_l1_test_time 1.0481757749994358
Test Epoch46 layer2 Acc 0.9756285714285714, AUC 0.9916501045227051, avg_entr 0.000719959381967783, f1 0.9756285548210144
ep46_l2_test_time 1.2550381689998176
Test Epoch46 layer3 Acc 0.9754285714285714, AUC 0.9908722043037415, avg_entr 0.00057694420684129, f1 0.975428581237793
ep46_l3_test_time 1.5502671920003195
gc 0
Train Epoch47 Acc 0.9975107142857143 (558606/560000), AUC 0.9991329908370972
ep47_train_time 93.81478618900019
Test Epoch47 layer0 Acc 0.974, AUC 0.993449866771698, avg_entr 0.0012728356523439288, f1 0.9739999771118164
ep47_l0_test_time 0.9040192490001573
Test Epoch47 layer1 Acc 0.9756571428571429, AUC 0.9930701851844788, avg_entr 0.0007420337060466409, f1 0.9756571650505066
ep47_l1_test_time 1.06266739900002
Test Epoch47 layer2 Acc 0.9756, AUC 0.9916424751281738, avg_entr 0.0006817006506025791, f1 0.975600004196167
ep47_l2_test_time 1.2523738229992887
Test Epoch47 layer3 Acc 0.9753714285714286, AUC 0.9908532500267029, avg_entr 0.0005479317624121904, f1 0.9753714799880981
ep47_l3_test_time 1.5450944900003378
gc 0
Train Epoch48 Acc 0.9975071428571428 (558604/560000), AUC 0.9991347193717957
ep48_train_time 93.84876883499965
Test Epoch48 layer0 Acc 0.9739142857142857, AUC 0.9934448003768921, avg_entr 0.0012695194454863667, f1 0.9739142656326294
ep48_l0_test_time 0.9058832119999352
Test Epoch48 layer1 Acc 0.9756285714285714, AUC 0.9930453896522522, avg_entr 0.0007500122883357108, f1 0.9756285548210144
ep48_l1_test_time 1.0562369999997827
Test Epoch48 layer2 Acc 0.9756285714285714, AUC 0.9916293025016785, avg_entr 0.0007063242956064641, f1 0.9756285548210144
ep48_l2_test_time 1.265373281000393
Test Epoch48 layer3 Acc 0.9753714285714286, AUC 0.9908428192138672, avg_entr 0.0005886516300961375, f1 0.9753714799880981
ep48_l3_test_time 1.5189957889997459
gc 0
Train Epoch49 Acc 0.9975107142857143 (558606/560000), AUC 0.9991335272789001
ep49_train_time 94.16542247600046
Test Epoch49 layer0 Acc 0.9739142857142857, AUC 0.9934395551681519, avg_entr 0.0012786174193024635, f1 0.9739142656326294
ep49_l0_test_time 0.9319015959999888
Test Epoch49 layer1 Acc 0.9756, AUC 0.993033766746521, avg_entr 0.0007446824456565082, f1 0.975600004196167
ep49_l1_test_time 1.0402929699994274
Test Epoch49 layer2 Acc 0.9756285714285714, AUC 0.9916253089904785, avg_entr 0.0006987982196733356, f1 0.9756285548210144
ep49_l2_test_time 1.2890294250000807
Test Epoch49 layer3 Acc 0.9753142857142857, AUC 0.9908369183540344, avg_entr 0.00057978555560112, f1 0.9753142595291138
ep49_l3_test_time 1.5238069280003401
Best AUC tensor(0.9796) 9 3
train_as_loss [[4.04179272e+03 3.84187507e+03 3.84002366e+03 3.83968154e+03
  3.83959278e+03 3.83956753e+03 3.83955900e+03 3.83955801e+03
  3.83955770e+03 3.83955703e+03 3.83955673e+03 3.83955665e+03
  3.83955662e+03 3.83955661e+03 3.83955660e+03 3.83955660e+03
  3.83955659e+03 3.83955659e+03 3.83955659e+03 3.83955659e+03
  3.83955659e+03 3.83955659e+03 3.83955659e+03 3.83955659e+03
  3.83955659e+03 3.83955659e+03 3.83955658e+03 3.83955659e+03
  3.83955658e+03 3.83955659e+03 3.83955659e+03 3.83955658e+03
  3.83955658e+03 3.83955659e+03 3.83955658e+03 3.83955659e+03
  3.83955659e+03 3.83955658e+03 3.83955658e+03 3.83955658e+03
  3.83955658e+03 3.83955658e+03 3.83955658e+03 3.83955658e+03
  3.83955658e+03 3.83955658e+03 3.83955658e+03 3.83955658e+03
  3.83955658e+03 3.83955657e+03]
 [1.46526258e+00 1.83716308e-03 3.16574499e-03 3.67568411e-03
  3.37758244e-03 3.68404669e-03 3.67361103e-03 3.66525704e-03
  3.54362030e-03 4.30492345e-04 9.21662334e-04 1.00728656e-03
  9.47570644e-04 9.66046378e-05 2.39888288e-04 2.46850544e-04
  2.45647947e-04 2.36472194e-05 5.67297179e-05 6.03908484e-05
  6.09721179e-05 5.99851574e-06 1.43622125e-05 1.46135340e-05
  1.50567922e-05 1.16406394e-06 3.52216175e-06 3.29155828e-06
  3.56738889e-06 2.26585267e-07 7.61490950e-07 8.18363354e-07
  7.21856700e-07 4.96900450e-08 1.53406384e-07 1.47288207e-07
  1.50466933e-07 4.03711691e-09 2.37719112e-08 2.47466607e-08
  2.28995866e-08 1.44696905e-10 2.07951346e-09 2.25244254e-09
  2.20671702e-09 4.23932425e-11 4.52340494e-11 5.41957673e-11
  5.59019168e-11 1.29809332e-11]
 [1.70612175e+00 2.46815671e-03 4.83569923e-03 5.79155996e-03
  5.24122140e-03 6.02281815e-03 5.80012716e-03 5.91093417e-03
  5.61676518e-03 7.03864046e-04 1.45232111e-03 1.57998700e-03
  1.47910980e-03 1.54592379e-04 3.79089558e-04 3.85559927e-04
  3.86871161e-04 3.77992543e-05 8.90406244e-05 9.55094163e-05
  9.64271002e-05 8.39231876e-06 2.31287619e-05 2.29331907e-05
  2.40007736e-05 1.73503268e-06 5.50727951e-06 5.17521871e-06
  5.57013726e-06 3.17983481e-07 1.16757722e-06 1.26820708e-06
  1.08996227e-06 7.05675866e-08 2.19371557e-07 2.16707243e-07
  2.21350648e-07 4.72854523e-09 2.98642382e-08 3.15374992e-08
  3.04257107e-08 4.91956999e-10 2.23206975e-09 2.45129036e-09
  2.42454789e-09 1.01660382e-10 1.42195292e-10 1.57644204e-10
  1.59911531e-10 2.60352193e-11]
 [1.52711148e+00 4.06253246e-03 7.92921678e-03 9.22948603e-03
  8.29883019e-03 9.63498205e-03 9.10614861e-03 3.69307788e-03
  4.29371811e-03 1.54633773e-03 2.34415632e-03 9.67909186e-04
  1.12135850e-03 3.55349565e-04 6.07208540e-04 2.38825169e-04
  2.87768996e-04 8.70477737e-05 1.43308373e-04 5.80354921e-05
  7.22642298e-05 1.96299959e-05 3.71975535e-05 1.41333058e-05
  1.78883543e-05 4.25595304e-06 8.88237162e-06 3.14416376e-06
  4.18936379e-06 7.70388646e-07 1.93820620e-06 7.73407502e-07
  7.94544965e-07 1.58016678e-07 3.73986789e-07 1.30269473e-07
  1.56547352e-07 1.08836434e-08 5.21545481e-08 1.95392483e-08
  2.10568262e-08 1.16168789e-09 3.62651016e-09 1.65902772e-09
  1.71360955e-09 2.08210429e-10 2.80228982e-10 1.12160453e-10
  1.15217140e-10 4.09243895e-11]]
train_ae_loss [[ 27.67864541  15.73107536  13.9339839   12.76782831  11.86234382
   11.12648226  10.4589235    9.93501201   9.52437617   7.2703611
    6.56445671   6.16990593   5.88436633   5.04210333   4.73594804
    4.54489152   4.32614114   4.06243972   3.91498106   3.81650187
    3.74517868   3.64062449   3.57160649   3.5258237    3.47641891
    3.41773954   3.38203713   3.34629985   3.3213663    3.28839261
    3.2661037    3.24881045   3.23210033   3.21564479   3.20252834
    3.19755687   3.19028354   3.17967329   3.17428647   3.17066584
    3.16722844   3.16247665   3.15952394   3.1575489    3.15547696
    3.1547593    3.15203542   3.15006853   3.14889323   3.14875071]
 [ 29.38529741  12.394052    10.37651352   9.08026752   8.18099804
    7.42141927   6.81159324   6.30223927   5.95794533   4.3045332
    3.86597632   3.61886159   3.46022972   2.92023704   2.76131078
    2.64056455   2.51977258   2.36786151   2.28835372   2.22922067
    2.19341321   2.13802731   2.09337419   2.06106421   2.02372378
    1.98405884   1.9613733    1.94305883   1.9275912    1.9056073
    1.89017505   1.87843537   1.86822818   1.85475203   1.84671425
    1.84348529   1.83790549   1.83223533   1.82937786   1.82533107
    1.82256881   1.82083258   1.81698705   1.81582139   1.81359708
    1.81409418   1.81095255   1.81031933   1.80885279   1.80936049]
 [ 37.74327619  11.39866836   9.34049471   8.07805668   7.17830873
    6.4388208    5.83860144   5.34278275   4.99896385   3.55560551
    3.18382094   2.97349043   2.83657381   2.38208034   2.24804683
    2.14687108   2.04799024   1.92295488   1.85247209   1.80736192
    1.77563791   1.73044603   1.69418615   1.67113382   1.63983104
    1.60768896   1.58668172   1.5730651    1.55993696   1.54139731
    1.5296204    1.51950932   1.51080262   1.50042092   1.49376647
    1.49081213   1.48610042   1.48188412   1.47947645   1.47628081
    1.47386272   1.47277255   1.46922809   1.46824267   1.46633669
    1.46653193   1.46368794   1.46313651   1.46217145   1.46251465]
 [115.7725675   10.67029891   8.43965943   7.18228597   6.29476441
    5.56769427   4.99062925   4.47487353   4.16996258   2.97074017
    2.65056222   2.45238544   2.34087593   1.96707937   1.8548634
    1.76542866   1.68572811   1.58523211   1.5254617    1.48768409
    1.46086418   1.42457118   1.39321196   1.37283356   1.3472479
    1.32200866   1.3027317    1.29112218   1.27962739   1.26594813
    1.25559548   1.24652081   1.23976146   1.2315348    1.22577598
    1.22314489   1.21917475   1.21589307   1.21395279   1.21118651
    1.20946719   1.20843805   1.205499     1.20465479   1.20306677
    1.20315195   1.20058146   1.20019692   1.19943385   1.19985167]]
valid_acc (4, 50)
valid_AUC (4, 50)
train_acc (50,)
total_train+valid_time 4939.959060081
Start Testing
Load ckpt at ckpt/dbpedia_14_lstmalside_l4_256_sidead//dbpedia_14_lstmalside_l4_side.pt
gc 10
Test layer0 Acc 0.9760571428571428, AUC 0.9963417053222656, avg_entr 0.002648830646649003, f1 0.9760571718215942
l0_test_time 0.8793166860004931
gc 0
Test layer1 Acc 0.9789428571428571, AUC 0.9961968660354614, avg_entr 0.0014457807410508394, f1 0.97894287109375
l1_test_time 1.02130692099945
gc 0
Test layer2 Acc 0.9789142857142857, AUC 0.9952781796455383, avg_entr 0.0013806067872792482, f1 0.9789142608642578
l2_test_time 1.3259809629998927
gc 0
Test layer3 Acc 0.9789428571428571, AUC 0.9946849942207336, avg_entr 0.0013093086890876293, f1 0.97894287109375
l3_test_time 1.5099214120000397
gc 0
Test threshold 0.1 Acc 0.9766857142857143, AUC 0.996436595916748, avg_entr 0.0004103173268958926, f1 0.9766857028007507
t0.1_test_time 1.1174077140003646
gc 0
Test threshold 0.2 Acc 0.9762571428571428, AUC 0.9963558912277222, avg_entr 0.0008662124746479094, f1 0.9762571454048157
t0.2_test_time 1.0259887470001559
gc 0
Test threshold 0.3 Acc 0.9760571428571428, AUC 0.9963417053222656, avg_entr 0.001003703335300088, f1 0.9760571718215942
t0.3_test_time 1.0040508250003768
gc 0
Test threshold 0.4 Acc 0.9760571428571428, AUC 0.9963417053222656, avg_entr 0.001003703335300088, f1 0.9760571718215942
t0.4_test_time 1.0025363070008098
gc 0
Test threshold 0.5 Acc 0.9760571428571428, AUC 0.9963417053222656, avg_entr 0.001003703335300088, f1 0.9760571718215942
t0.5_test_time 1.0443188859999282
gc 0
Test threshold 0.6 Acc 0.9760571428571428, AUC 0.9963417053222656, avg_entr 0.001003703335300088, f1 0.9760571718215942
t0.6_test_time 1.0776745180000944
gc 0
Test threshold 0.7 Acc 0.9760571428571428, AUC 0.9963417053222656, avg_entr 0.001003703335300088, f1 0.9760571718215942
t0.7_test_time 1.023151235000114
gc 0
Test threshold 0.8 Acc 0.9760571428571428, AUC 0.9963417053222656, avg_entr 0.001003703335300088, f1 0.9760571718215942
t0.8_test_time 1.0254442159994142
gc 0
Test threshold 0.9 Acc 0.9760571428571428, AUC 0.9963417053222656, avg_entr 0.001003703335300088, f1 0.9760571718215942
t0.9_test_time 0.9969696030002524
