total count words 102019
vocab size 30000
found 26754 words in glove
Start Training
[[6.87341725e+02 7.25659318e+01]
 [2.05763597e+00 4.10029460e+01]
 [1.05876841e+00 3.53165947e+01]
 [8.29932071e-01 3.31387672e+01]
 [6.90729422e-01 3.16181405e+01]
 [7.61113133e-01 3.04334471e+01]
 [8.46491445e-01 2.85749355e+01]
 [8.11777984e-01 2.56000575e+01]
 [6.60663339e-01 2.38279055e+01]
 [6.23322078e-01 2.11791118e+01]]
Train Epoch0 Acc 0.8377 (100524/120000)
Test Epoch0 layer0 Acc 0.9121052631578948
Test Epoch0 layer1 Acc 0.9167105263157894
Test Epoch0 layer2 Acc 0.9152631578947369
Test Epoch0 layer3 Acc 0.9151315789473684
Test Epoch0 layer4 Acc 0.9138157894736842
Test Epoch0 layer5 Acc 0.9131578947368421
Test Epoch0 layer6 Acc 0.9139473684210526
Test Epoch0 layer7 Acc 0.9146052631578947
Test Epoch0 layer8 Acc 0.9151315789473684
Test Epoch0 layer9 Acc 0.9147368421052632
[[6.39307212e+02 6.60248387e+01]
 [6.04725829e-08 3.18331189e+01]
 [4.32317758e-08 2.67377396e+01]
 [2.19754830e-05 2.41258074e+01]
 [6.42637090e-05 2.18472016e+01]
 [7.89714119e-05 1.99595173e+01]
 [1.52517276e-04 1.81381319e+01]
 [3.37603153e-04 1.53966579e+01]
 [7.56684990e-04 1.36844892e+01]
 [1.90291410e-03 1.16382430e+01]]
Train Epoch1 Acc 0.9405416666666667 (112865/120000)
Test Epoch1 layer0 Acc 0.9186842105263158
Test Epoch1 layer1 Acc 0.9181578947368421
Test Epoch1 layer2 Acc 0.9167105263157894
Test Epoch1 layer3 Acc 0.9168421052631579
Test Epoch1 layer4 Acc 0.916578947368421
Test Epoch1 layer5 Acc 0.9156578947368421
Test Epoch1 layer6 Acc 0.915921052631579
Test Epoch1 layer7 Acc 0.9155263157894736
Test Epoch1 layer8 Acc 0.9157894736842105
Test Epoch1 layer9 Acc 0.9155263157894736
[[6.39005478e+02 6.64171678e+01]
 [1.36400674e-03 2.88745748e+01]
 [4.28122502e-03 2.37708388e+01]
 [7.56802635e-03 2.08789619e+01]
 [1.01276235e-02 1.81181700e+01]
 [1.23575688e-02 1.58797670e+01]
 [1.36813217e-02 1.36450366e+01]
 [1.51578966e-02 1.08153554e+01]
 [1.60633981e-02 8.77149497e+00]
 [1.57288932e-02 6.80575790e+00]]
Train Epoch2 Acc 0.9497416666666667 (113969/120000)
Test Epoch2 layer0 Acc 0.915921052631579
Test Epoch2 layer1 Acc 0.9196052631578947
Test Epoch2 layer2 Acc 0.9180263157894737
Test Epoch2 layer3 Acc 0.9175
Test Epoch2 layer4 Acc 0.9180263157894737
Test Epoch2 layer5 Acc 0.9181578947368421
Test Epoch2 layer6 Acc 0.9177631578947368
Test Epoch2 layer7 Acc 0.9175
Test Epoch2 layer8 Acc 0.9168421052631579
Test Epoch2 layer9 Acc 0.9167105263157894
[[6.38941042e+02 6.76328313e+01]
 [4.97648243e-03 2.71642829e+01]
 [8.83698748e-03 2.09668895e+01]
 [1.40677100e-02 1.68517805e+01]
 [1.76466704e-02 1.28648257e+01]
 [2.10935344e-02 9.53795244e+00]
 [2.40465741e-02 6.70617355e+00]
 [2.67521103e-02 4.23381450e+00]
 [2.89455776e-02 2.62528778e+00]
 [2.93348609e-02 1.61182849e+00]]
Train Epoch3 Acc 0.9555083333333333 (114661/120000)
Test Epoch3 layer0 Acc 0.9192105263157895
Test Epoch3 layer1 Acc 0.9168421052631579
Test Epoch3 layer2 Acc 0.916578947368421
Test Epoch3 layer3 Acc 0.9168421052631579
Test Epoch3 layer4 Acc 0.9160526315789473
Test Epoch3 layer5 Acc 0.9161842105263158
Test Epoch3 layer6 Acc 0.9168421052631579
Test Epoch3 layer7 Acc 0.9167105263157894
Test Epoch3 layer8 Acc 0.9163157894736842
Test Epoch3 layer9 Acc 0.9167105263157894
[[6.38921822e+02 6.90958559e+01]
 [5.02378613e-03 2.59346771e+01]
 [7.30707665e-03 1.93253376e+01]
 [9.34072379e-03 1.50364701e+01]
 [9.24218441e-03 1.09061354e+01]
 [9.76378885e-03 7.59739573e+00]
 [9.44982866e-03 4.98326998e+00]
 [8.34155294e-03 2.98914467e+00]
 [6.94275886e-03 1.75846020e+00]
 [5.43722861e-03 1.02756077e+00]]
Train Epoch4 Acc 0.9592166666666667 (115106/120000)
Test Epoch4 layer0 Acc 0.9178947368421052
Test Epoch4 layer1 Acc 0.9171052631578948
Test Epoch4 layer2 Acc 0.9164473684210527
Test Epoch4 layer3 Acc 0.9161842105263158
Test Epoch4 layer4 Acc 0.9164473684210527
Test Epoch4 layer5 Acc 0.9167105263157894
Test Epoch4 layer6 Acc 0.9168421052631579
Test Epoch4 layer7 Acc 0.9167105263157894
Test Epoch4 layer8 Acc 0.9169736842105263
Test Epoch4 layer9 Acc 0.9173684210526316
[[6.38915369e+02 7.07974702e+01]
 [3.44131014e-03 2.48123948e+01]
 [5.16044992e-03 1.79009870e+01]
 [5.73273815e-03 1.34684479e+01]
 [5.62960063e-03 9.22000355e+00]
 [5.63654810e-03 6.08612483e+00]
 [4.87858778e-03 3.74249193e+00]
 [4.40775626e-03 2.15164178e+00]
 [3.25497863e-03 1.23980255e+00]
 [2.57333217e-03 7.12555638e-01]]
Train Epoch5 Acc 0.9627416666666667 (115529/120000)
Test Epoch5 layer0 Acc 0.9180263157894737
Test Epoch5 layer1 Acc 0.9153947368421053
Test Epoch5 layer2 Acc 0.9155263157894736
Test Epoch5 layer3 Acc 0.915
Test Epoch5 layer4 Acc 0.9156578947368421
Test Epoch5 layer5 Acc 0.9156578947368421
Test Epoch5 layer6 Acc 0.9153947368421053
Test Epoch5 layer7 Acc 0.9157894736842105
Test Epoch5 layer8 Acc 0.9153947368421053
Test Epoch5 layer9 Acc 0.9157894736842105
[[6.38913042e+02 7.26608385e+01]
 [3.61217092e-03 2.43878335e+01]
 [4.96713705e-03 1.72897228e+01]
 [5.19807652e-03 1.27301213e+01]
 [4.93355126e-03 8.42151186e+00]
 [4.46369725e-03 5.39324038e+00]
 [3.95273161e-03 3.21027883e+00]
 [3.42377873e-03 1.81599845e+00]
 [2.68318161e-03 1.03860116e+00]
 [2.10170552e-03 5.88466747e-01]]
Train Epoch6 Acc 0.9654416666666666 (115853/120000)
Test Epoch6 layer0 Acc 0.9171052631578948
Test Epoch6 layer1 Acc 0.9156578947368421
Test Epoch6 layer2 Acc 0.9173684210526316
Test Epoch6 layer3 Acc 0.9176315789473685
Test Epoch6 layer4 Acc 0.9172368421052631
Test Epoch6 layer5 Acc 0.9175
Test Epoch6 layer6 Acc 0.9175
Test Epoch6 layer7 Acc 0.9169736842105263
Test Epoch6 layer8 Acc 0.9164473684210527
Test Epoch6 layer9 Acc 0.916578947368421
[[6.38912398e+02 7.40937521e+01]
 [7.12190675e-03 2.37052556e+01]
 [1.12082933e-02 1.61122663e+01]
 [1.37617158e-02 1.14488462e+01]
 [1.43014020e-02 7.04125110e+00]
 [1.47294242e-02 4.18688160e+00]
 [1.43802296e-02 2.26655249e+00]
 [1.39147085e-02 1.16230597e+00]
 [1.30950310e-02 5.80464533e-01]
 [1.26198054e-02 2.78971500e-01]]
Train Epoch7 Acc 0.96755 (116106/120000)
Test Epoch7 layer0 Acc 0.9144736842105263
Test Epoch7 layer1 Acc 0.9136842105263158
Test Epoch7 layer2 Acc 0.9130263157894737
Test Epoch7 layer3 Acc 0.9127631578947368
Test Epoch7 layer4 Acc 0.9130263157894737
Test Epoch7 layer5 Acc 0.9131578947368421
Test Epoch7 layer6 Acc 0.9138157894736842
Test Epoch7 layer7 Acc 0.9134210526315789
Test Epoch7 layer8 Acc 0.9140789473684211
Test Epoch7 layer9 Acc 0.9135526315789474
[[6.38911913e+02 7.56449871e+01]
 [3.64126843e-03 2.31131764e+01]
 [4.81900415e-03 1.50097826e+01]
 [4.43244769e-03 1.01534288e+01]
 [3.77410110e-03 5.88709491e+00]
 [2.90692193e-03 3.30099523e+00]
 [2.08893625e-03 1.65203059e+00]
 [1.34955181e-03 7.83982085e-01]
 [8.42304777e-04 3.51107805e-01]
 [5.88488990e-04 1.46182203e-01]]
Train Epoch8 Acc 0.9698916666666667 (116387/120000)
Test Epoch8 layer0 Acc 0.9143421052631578
Test Epoch8 layer1 Acc 0.9135526315789474
Test Epoch8 layer2 Acc 0.9135526315789474
Test Epoch8 layer3 Acc 0.9134210526315789
Test Epoch8 layer4 Acc 0.9132894736842105
Test Epoch8 layer5 Acc 0.9128947368421053
Test Epoch8 layer6 Acc 0.9131578947368421
Test Epoch8 layer7 Acc 0.9128947368421053
Test Epoch8 layer8 Acc 0.9139473684210526
Test Epoch8 layer9 Acc 0.9132894736842105
[[6.38911743e+02 7.68502535e+01]
 [2.83633053e-03 2.25191961e+01]
 [4.00426176e-03 1.43438936e+01]
 [4.63986682e-03 9.54011205e+00]
 [4.45683731e-03 5.43195715e+00]
 [4.46028050e-03 3.04207715e+00]
 [4.50744895e-03 1.51499436e+00]
 [5.07947505e-03 7.23430432e-01]
 [6.18360464e-03 3.35588213e-01]
 [8.34498686e-03 1.54505101e-01]]
Train Epoch9 Acc 0.9716333333333333 (116596/120000)
Test Epoch9 layer0 Acc 0.9139473684210526
Test Epoch9 layer1 Acc 0.9143421052631578
Test Epoch9 layer2 Acc 0.9117105263157895
Test Epoch9 layer3 Acc 0.9110526315789473
Test Epoch9 layer4 Acc 0.9114473684210527
Test Epoch9 layer5 Acc 0.9106578947368421
Test Epoch9 layer6 Acc 0.9119736842105263
Test Epoch9 layer7 Acc 0.9125
Test Epoch9 layer8 Acc 0.9114473684210527
Test Epoch9 layer9 Acc 0.9110526315789473
[[6.38911743e+02 7.71381333e+01]
 [4.52673132e-03 2.16948866e+01]
 [6.39327724e-03 1.36212740e+01]
 [5.71503303e-03 8.93130824e+00]
 [4.47724153e-03 5.00494158e+00]
 [3.55568642e-03 2.79231130e+00]
 [2.62353119e-03 1.36352973e+00]
 [2.84140816e-03 6.43850131e-01]
 [1.74253662e-03 2.88921596e-01]
 [7.02317010e-04 1.24670619e-01]]
Train Epoch10 Acc 0.973375 (116805/120000)
Test Epoch10 layer0 Acc 0.9152631578947369
Test Epoch10 layer1 Acc 0.9122368421052631
Test Epoch10 layer2 Acc 0.9096052631578947
Test Epoch10 layer3 Acc 0.9103947368421053
Test Epoch10 layer4 Acc 0.9097368421052632
Test Epoch10 layer5 Acc 0.9097368421052632
Test Epoch10 layer6 Acc 0.91
Test Epoch10 layer7 Acc 0.9103947368421053
Test Epoch10 layer8 Acc 0.9105263157894737
Test Epoch10 layer9 Acc 0.91
[[6.38911743e+02 7.65765727e+01]
 [3.72323772e-03 2.08240641e+01]
 [4.75708832e-03 1.29374910e+01]
 [4.75390765e-03 8.40271261e+00]
 [4.06237468e-03 4.65900250e+00]
 [3.97974392e-03 2.53820305e+00]
 [4.92438814e-03 1.21397508e+00]
 [8.68868182e-03 5.97728061e-01]
 [1.28616114e-02 2.91866077e-01]
 [1.20221706e-02 1.43148195e-01]]
Train Epoch11 Acc 0.9750333333333333 (117004/120000)
Test Epoch11 layer0 Acc 0.9142105263157895
Test Epoch11 layer1 Acc 0.9138157894736842
Test Epoch11 layer2 Acc 0.9103947368421053
Test Epoch11 layer3 Acc 0.9111842105263158
Test Epoch11 layer4 Acc 0.9114473684210527
Test Epoch11 layer5 Acc 0.9111842105263158
Test Epoch11 layer6 Acc 0.9114473684210527
Test Epoch11 layer7 Acc 0.9103947368421053
Test Epoch11 layer8 Acc 0.9117105263157895
Test Epoch11 layer9 Acc 0.9121052631578948
[[6.38911743e+02 7.58968757e+01]
 [4.15557371e-03 1.98106296e+01]
 [5.91560103e-03 1.22054277e+01]
 [5.15853204e-03 7.84724067e+00]
 [4.92703863e-03 4.28587122e+00]
 [6.07519995e-03 2.24955375e+00]
 [1.09065456e-02 1.05909772e+00]
 [1.45930017e-02 4.83198789e-01]
 [1.78989730e-02 2.05261527e-01]
 [1.76166820e-02 1.04736787e-01]]
Train Epoch12 Acc 0.977075 (117249/120000)
Test Epoch12 layer0 Acc 0.9139473684210526
Test Epoch12 layer1 Acc 0.9110526315789473
Test Epoch12 layer2 Acc 0.9098684210526315
Test Epoch12 layer3 Acc 0.9090789473684211
Test Epoch12 layer4 Acc 0.9086842105263158
Test Epoch12 layer5 Acc 0.9096052631578947
Test Epoch12 layer6 Acc 0.9096052631578947
Test Epoch12 layer7 Acc 0.9098684210526315
Test Epoch12 layer8 Acc 0.9106578947368421
Test Epoch12 layer9 Acc 0.910921052631579
[[6.38911743e+02 7.57527773e+01]
 [1.05065828e-02 1.85431002e+01]
 [1.87841004e-02 1.07761629e+01]
 [2.95133749e-02 6.48332789e+00]
 [4.32779860e-02 3.16263143e+00]
 [8.87932227e-02 1.66645731e+00]
 [9.86645262e-02 8.61980023e-01]
 [9.06726144e-02 4.74310000e-01]
 [7.58577548e-02 3.22277272e-01]
 [6.51049339e-02 2.55346281e-01]]
Train Epoch13 Acc 0.96115 (115338/120000)
Test Epoch13 layer0 Acc 0.9127631578947368
Test Epoch13 layer1 Acc 0.9106578947368421
Test Epoch13 layer2 Acc 0.9077631578947368
Test Epoch13 layer3 Acc 0.9078947368421053
Test Epoch13 layer4 Acc 0.908157894736842
Test Epoch13 layer5 Acc 0.9089473684210526
Test Epoch13 layer6 Acc 0.9090789473684211
Test Epoch13 layer7 Acc 0.9089473684210526
Test Epoch13 layer8 Acc 0.9090789473684211
Test Epoch13 layer9 Acc 0.9088157894736842
[[6.38911743e+02 7.53349968e+01]
 [2.75774824e-03 1.72680803e+01]
 [3.97479656e-03 9.37477705e+00]
 [3.67966717e-03 5.14283190e+00]
 [2.41957970e-03 2.09239751e+00]
 [9.03676162e-04 8.91849953e-01]
 [3.46238121e-04 3.94208131e-01]
 [1.78957253e-04 1.79074620e-01]
 [1.25556845e-04 9.85197480e-02]
 [7.08428066e-05 5.79678688e-02]]
Train Epoch14 Acc 0.980425 (117651/120000)
Test Epoch14 layer0 Acc 0.9126315789473685
Test Epoch14 layer1 Acc 0.9093421052631578
Test Epoch14 layer2 Acc 0.908157894736842
Test Epoch14 layer3 Acc 0.9085526315789474
Test Epoch14 layer4 Acc 0.908157894736842
Test Epoch14 layer5 Acc 0.9082894736842105
Test Epoch14 layer6 Acc 0.9080263157894737
Test Epoch14 layer7 Acc 0.9082894736842105
Test Epoch14 layer8 Acc 0.9075
Test Epoch14 layer9 Acc 0.9080263157894737
[[6.38911743e+02 7.47908210e+01]
 [2.58947047e-03 1.66363280e+01]
 [3.40400290e-03 9.19393180e+00]
 [2.47412820e-03 5.17101489e+00]
 [1.98172564e-03 2.16476280e+00]
 [1.46625067e-03 9.21321017e-01]
 [8.04356042e-04 4.06129660e-01]
 [4.66573711e-04 1.86627070e-01]
 [3.71353130e-04 1.03855196e-01]
 [3.05034551e-04 6.24738418e-02]]
Train Epoch15 Acc 0.9816833333333334 (117802/120000)
Test Epoch15 layer0 Acc 0.9114473684210527
Test Epoch15 layer1 Acc 0.9106578947368421
Test Epoch15 layer2 Acc 0.905921052631579
Test Epoch15 layer3 Acc 0.9057894736842105
Test Epoch15 layer4 Acc 0.9053947368421053
Test Epoch15 layer5 Acc 0.9056578947368421
Test Epoch15 layer6 Acc 0.905921052631579
Test Epoch15 layer7 Acc 0.906578947368421
Test Epoch15 layer8 Acc 0.905921052631579
Test Epoch15 layer9 Acc 0.9063157894736842
[[6.38911743e+02 7.44820822e+01]
 [3.31990898e-03 1.59921916e+01]
 [5.83262757e-03 8.73563900e+00]
 [8.96056292e-03 4.90729099e+00]
 [1.15763599e-02 2.06547861e+00]
 [1.74847877e-02 8.49240454e-01]
 [1.99807057e-02 3.65564551e-01]
 [2.01953322e-02 1.73256582e-01]
 [1.63632611e-02 1.07029482e-01]
 [1.40693311e-02 7.40573853e-02]]
Train Epoch16 Acc 0.9769916666666667 (117239/120000)
Test Epoch16 layer0 Acc 0.911578947368421
Test Epoch16 layer1 Acc 0.908157894736842
Test Epoch16 layer2 Acc 0.9078947368421053
Test Epoch16 layer3 Acc 0.9073684210526316
Test Epoch16 layer4 Acc 0.9067105263157895
Test Epoch16 layer5 Acc 0.9073684210526316
Test Epoch16 layer6 Acc 0.906578947368421
Test Epoch16 layer7 Acc 0.9060526315789473
Test Epoch16 layer8 Acc 0.9064473684210527
Test Epoch16 layer9 Acc 0.9036842105263158
[[6.38911743e+02 7.43923029e+01]
 [4.30746137e-03 1.50586848e+01]
 [7.88544307e-03 8.07208165e+00]
 [1.40371449e-02 4.40441704e+00]
 [3.47180731e-02 1.94473052e+00]
 [5.19837249e-02 8.69546257e-01]
 [5.27648045e-02 4.55435110e-01]
 [5.29381482e-02 2.79006654e-01]
 [3.93420267e-02 2.18012668e-01]
 [3.09868116e-02 1.84339885e-01]]
Train Epoch17 Acc 0.9643333333333334 (115720/120000)
Test Epoch17 layer0 Acc 0.9126315789473685
Test Epoch17 layer1 Acc 0.9102631578947369
Test Epoch17 layer2 Acc 0.905921052631579
Test Epoch17 layer3 Acc 0.9057894736842105
Test Epoch17 layer4 Acc 0.9067105263157895
Test Epoch17 layer5 Acc 0.9075
Test Epoch17 layer6 Acc 0.9075
Test Epoch17 layer7 Acc 0.9086842105263158
Test Epoch17 layer8 Acc 0.9077631578947368
Test Epoch17 layer9 Acc 0.9032894736842105
[[6.38911743e+02 7.39351099e+01]
 [2.92850762e-03 1.45578962e+01]
 [3.95329446e-03 7.55369503e+00]
 [4.20690083e-03 3.78312038e+00]
 [3.48249699e-03 1.66281801e+00]
 [1.71216807e-03 6.99680840e-01]
 [8.84454980e-04 2.95861000e-01]
 [4.71505538e-04 1.24488230e-01]
 [3.05184510e-04 7.80430069e-02]
 [1.89134170e-04 5.22281845e-02]]
Train Epoch18 Acc 0.9850083333333334 (118201/120000)
Test Epoch18 layer0 Acc 0.9102631578947369
Test Epoch18 layer1 Acc 0.9072368421052631
Test Epoch18 layer2 Acc 0.9048684210526315
Test Epoch18 layer3 Acc 0.9052631578947369
Test Epoch18 layer4 Acc 0.9055263157894737
Test Epoch18 layer5 Acc 0.9048684210526315
Test Epoch18 layer6 Acc 0.905921052631579
Test Epoch18 layer7 Acc 0.906578947368421
Test Epoch18 layer8 Acc 0.9073684210526316
Test Epoch18 layer9 Acc 0.9067105263157895
[[6.38911743e+02 7.35772681e+01]
 [4.15630268e-03 1.38260016e+01]
 [7.05787793e-03 7.23045196e+00]
 [7.43804201e-03 3.64878041e+00]
 [6.84305302e-03 1.62701581e+00]
 [5.49967699e-03 7.09284774e-01]
 [4.41056552e-03 3.06569053e-01]
 [3.32712009e-03 1.35789773e-01]
 [1.91595831e-03 8.61826756e-02]
 [1.64506150e-03 5.77188555e-02]]
Train Epoch19 Acc 0.9856583333333333 (118279/120000)
Test Epoch19 layer0 Acc 0.9128947368421053
Test Epoch19 layer1 Acc 0.9071052631578947
Test Epoch19 layer2 Acc 0.9057894736842105
Test Epoch19 layer3 Acc 0.9060526315789473
Test Epoch19 layer4 Acc 0.9051315789473684
Test Epoch19 layer5 Acc 0.905
Test Epoch19 layer6 Acc 0.9052631578947369
Test Epoch19 layer7 Acc 0.9051315789473684
Test Epoch19 layer8 Acc 0.9055263157894737
Test Epoch19 layer9 Acc 0.9051315789473684
Best acc 0.9196052631578947
train_loss (2, 10, 20)
valid_acc (10, 20)
train_acc (20,)
Figure(640x480)
Figure(640x480)
Figure(640x480)
