total count words 102019
vocab size 30000
found 26754 words in glove
Load ckpt from ckpt/ag_news_lstmal_l5adf_pad25_t0.4_m2//ag_news_lstmal_l5_prefix.pt
model: LSTMModelML(
  (layers): ModuleList(
    (0): EMBLayer(
      (enc): ENC(
        (b): Sequential(
          (0): Linear(in_features=300, out_features=128, bias=True)
          (1): Tanh()
        )
        (f): Embedding(30000, 300)
        (cri): MSELoss()
      )
      (ae): AE(
        (g): Sequential(
          (0): Linear(in_features=4, out_features=128, bias=True)
          (1): Tanh()
        )
        (h): Sequential(
          (0): Linear(in_features=128, out_features=4, bias=True)
          (1): Sigmoid()
        )
        (cri): CrossEntropyLoss()
      )
    )
    (1): LSTMLayer(
      (enc): ENC(
        (b): Sequential(
          (0): Linear(in_features=300, out_features=128, bias=True)
          (1): Tanh()
        )
        (f): LSTM(300, 300, batch_first=True, bidirectional=True)
        (cri): MSELoss()
      )
      (ae): AE(
        (g): Sequential(
          (0): Linear(in_features=128, out_features=128, bias=True)
          (1): Tanh()
        )
        (h): Sequential(
          (0): Linear(in_features=128, out_features=128, bias=True)
        )
        (cri): MSELoss()
      )
    )
    (2): LSTMLayer(
      (enc): ENC(
        (b): Sequential(
          (0): Linear(in_features=300, out_features=128, bias=True)
          (1): Tanh()
        )
        (f): LSTM(600, 300, batch_first=True, bidirectional=True)
        (cri): MSELoss()
      )
      (ae): AE(
        (g): Sequential(
          (0): Linear(in_features=128, out_features=128, bias=True)
          (1): Tanh()
        )
        (h): Sequential(
          (0): Linear(in_features=128, out_features=128, bias=True)
        )
        (cri): MSELoss()
      )
    )
    (3): LSTMLayer(
      (enc): ENC(
        (b): Sequential(
          (0): Linear(in_features=300, out_features=128, bias=True)
          (1): Tanh()
        )
        (f): LSTM(600, 300, batch_first=True, bidirectional=True)
        (cri): MSELoss()
      )
      (ae): AE(
        (g): Sequential(
          (0): Linear(in_features=128, out_features=128, bias=True)
          (1): Tanh()
        )
        (h): Sequential(
          (0): Linear(in_features=128, out_features=128, bias=True)
        )
        (cri): MSELoss()
      )
    )
    (4): LSTMLayer(
      (enc): ENC(
        (b): Sequential(
          (0): Linear(in_features=300, out_features=128, bias=True)
          (1): Tanh()
        )
        (f): LSTM(600, 300, batch_first=True, bidirectional=True)
        (cri): MSELoss()
      )
      (ae): AE(
        (g): Sequential(
          (0): Linear(in_features=128, out_features=128, bias=True)
          (1): Tanh()
        )
        (h): Sequential(
          (0): Linear(in_features=128, out_features=128, bias=True)
        )
        (cri): MSELoss()
      )
    )
  )
)
layers.0.enc.b.0.weight 38400
layers.0.enc.b.0.bias 128
layers.0.enc.f.weight 9000000
layers.0.ae.g.0.weight 512
layers.0.ae.g.0.bias 128
layers.0.ae.h.0.weight 512
layers.0.ae.h.0.bias 4
layers.1.enc.b.0.weight 38400
layers.1.enc.b.0.bias 128
layers.1.enc.f.weight_ih_l0 360000
layers.1.enc.f.weight_hh_l0 360000
layers.1.enc.f.bias_ih_l0 1200
layers.1.enc.f.bias_hh_l0 1200
layers.1.enc.f.weight_ih_l0_reverse 360000
layers.1.enc.f.weight_hh_l0_reverse 360000
layers.1.enc.f.bias_ih_l0_reverse 1200
layers.1.enc.f.bias_hh_l0_reverse 1200
layers.1.ae.g.0.weight 16384
layers.1.ae.g.0.bias 128
layers.1.ae.h.0.weight 16384
layers.1.ae.h.0.bias 128
layers.2.enc.b.0.weight 38400
layers.2.enc.b.0.bias 128
layers.2.enc.f.weight_ih_l0 720000
layers.2.enc.f.weight_hh_l0 360000
layers.2.enc.f.bias_ih_l0 1200
layers.2.enc.f.bias_hh_l0 1200
layers.2.enc.f.weight_ih_l0_reverse 720000
layers.2.enc.f.weight_hh_l0_reverse 360000
layers.2.enc.f.bias_ih_l0_reverse 1200
layers.2.enc.f.bias_hh_l0_reverse 1200
layers.2.ae.g.0.weight 16384
layers.2.ae.g.0.bias 128
layers.2.ae.h.0.weight 16384
layers.2.ae.h.0.bias 128
layers.3.enc.b.0.weight 38400
layers.3.enc.b.0.bias 128
layers.3.enc.f.weight_ih_l0 720000
layers.3.enc.f.weight_hh_l0 360000
layers.3.enc.f.bias_ih_l0 1200
layers.3.enc.f.bias_hh_l0 1200
layers.3.enc.f.weight_ih_l0_reverse 720000
layers.3.enc.f.weight_hh_l0_reverse 360000
layers.3.enc.f.bias_ih_l0_reverse 1200
layers.3.enc.f.bias_hh_l0_reverse 1200
layers.3.ae.g.0.weight 16384
layers.3.ae.g.0.bias 128
layers.3.ae.h.0.weight 16384
layers.3.ae.h.0.bias 128
layers.4.enc.b.0.weight 38400
layers.4.enc.b.0.bias 128
layers.4.enc.f.weight_ih_l0 720000
layers.4.enc.f.weight_hh_l0 360000
layers.4.enc.f.bias_ih_l0 1200
layers.4.enc.f.bias_hh_l0 1200
layers.4.enc.f.weight_ih_l0_reverse 720000
layers.4.enc.f.weight_hh_l0_reverse 360000
layers.4.enc.f.bias_ih_l0_reverse 1200
layers.4.enc.f.bias_hh_l0_reverse 1200
layers.4.ae.g.0.weight 16384
layers.4.ae.g.0.bias 128
layers.4.ae.h.0.weight 16384
layers.4.ae.h.0.bias 128
Total Trainable Params: 17265092
Start Training
train_mask {0, 1, 2}
gc 9
Train Epoch0 Acc 0.1399 (16788/120000), AUC 0.556535005569458
ep0_train_time 14.753541231155396
Test Epoch0 threshold 0.4 Acc 0.9139802631578947, AUC 0.9806379675865173, avg_entr 0.023822316899895668
ep0_t0.4_test_time 0.08982157707214355
Save ckpt to ckpt/ag_news_lstmal_l5adf_pad25_t0.4_m3//ag_news_lstmal_l5_prefix.pt  ,ep 0
gc 0
Train Epoch1 Acc 0.12395833333333334 (14875/120000), AUC 0.5644305348396301
ep1_train_time 14.48052978515625
Test Epoch1 threshold 0.4 Acc 0.9123355263157895, AUC 0.980042576789856, avg_entr 0.023425687104463577
ep1_t0.4_test_time 0.08266115188598633
gc 0
Train Epoch2 Acc 0.13005 (15606/120000), AUC 0.5617655515670776
ep2_train_time 14.093620777130127
Test Epoch2 threshold 0.4 Acc 0.9141447368421053, AUC 0.9799790382385254, avg_entr 0.023833591490983963
ep2_t0.4_test_time 0.07949566841125488
gc 0
Train Epoch3 Acc 0.14173333333333332 (17008/120000), AUC 0.5585008263587952
ep3_train_time 14.228389501571655
Test Epoch3 threshold 0.4 Acc 0.9118421052631579, AUC 0.979723334312439, avg_entr 0.02346770465373993
ep3_t0.4_test_time 0.08436727523803711
gc 0
Train Epoch4 Acc 0.15091666666666667 (18110/120000), AUC 0.5499096512794495
ep4_train_time 14.37425184249878
Test Epoch4 threshold 0.4 Acc 0.9106907894736842, AUC 0.9794415831565857, avg_entr 0.023516712710261345
ep4_t0.4_test_time 0.07957267761230469
gc 0
Train Epoch5 Acc 0.16275833333333334 (19531/120000), AUC 0.5445495247840881
ep5_train_time 13.81125545501709
Test Epoch5 threshold 0.4 Acc 0.9111842105263158, AUC 0.9791681170463562, avg_entr 0.024127013981342316
ep5_t0.4_test_time 0.07901167869567871
gc 0
Train Epoch6 Acc 0.173875 (20865/120000), AUC 0.5409300327301025
ep6_train_time 14.376617908477783
Test Epoch6 threshold 0.4 Acc 0.9097039473684211, AUC 0.97879958152771, avg_entr 0.02392718382179737
ep6_t0.4_test_time 0.08077335357666016
gc 0
Train Epoch7 Acc 0.18645 (22374/120000), AUC 0.5383803248405457
ep7_train_time 14.209734916687012
Test Epoch7 threshold 0.4 Acc 0.9098684210526315, AUC 0.9786553382873535, avg_entr 0.02401047572493553
ep7_t0.4_test_time 0.08214545249938965
gc 0
Train Epoch8 Acc 0.19226666666666667 (23072/120000), AUC 0.5363326668739319
ep8_train_time 14.425569534301758
Test Epoch8 threshold 0.4 Acc 0.9115131578947369, AUC 0.9784383773803711, avg_entr 0.023849250748753548
ep8_t0.4_test_time 0.0785984992980957
gc 0
Train Epoch9 Acc 0.19976666666666668 (23972/120000), AUC 0.5365321636199951
ep9_train_time 14.348580121994019
Test Epoch9 threshold 0.4 Acc 0.9090460526315789, AUC 0.97831130027771, avg_entr 0.024502573534846306
ep9_t0.4_test_time 0.08077049255371094
Best AUC 0.9806379675865173
train_loss (2, 5, 10)
valid_acc (10, 1)
valid_AUC (10, 1)
train_acc (10,)
Figure(640x480)
Figure(640x480)
Figure(640x480)
Figure(640x480)
Figure(640x480)
Start Testing
Load ckpt at ckpt/ag_news_lstmal_l5adf_pad25_t0.4_m3//ag_news_lstmal_l5_prefix.pt
Test threshold 0.4 Acc 0.9217105263157894, AUC 0.985464334487915, avg_entr 0.02626487798988819
t0.4_test_time 0.022380590438842773
