total count words 887881
vocab size 30000
train size 560000, valid size 35000, test size 35000
found 28354 words in glove
model: TransformerModelML(
  (layers): ModuleList(
    (0): EMBLayer(
      (enc): ENC(
        (b): Sequential(
          (0): Linear(in_features=300, out_features=128, bias=True)
          (1): Tanh()
        )
        (f): Embedding(30000, 300)
        (cri): MSELoss()
      )
      (ae): AE(
        (g): Sequential(
          (0): Linear(in_features=14, out_features=128, bias=True)
          (1): Tanh()
        )
        (h): Sequential(
          (0): Linear(in_features=128, out_features=14, bias=True)
          (1): Sigmoid()
        )
        (cri): CrossEntropyLoss()
      )
    )
    (1): TransLayer(
      (enc): ENC(
        (b): Sequential(
          (0): Linear(in_features=300, out_features=128, bias=True)
          (1): Tanh()
        )
        (f): TransformerEncoder(
          (multi_headed_attention): MultiHeadAttention(
            (linears): ModuleList(
              (0): Linear(in_features=300, out_features=300, bias=True)
              (1): Linear(in_features=300, out_features=300, bias=True)
              (2): Linear(in_features=300, out_features=300, bias=True)
              (3): Linear(in_features=300, out_features=300, bias=True)
            )
            (sdpa): ScaledDotProductAttention()
            (dropout): Dropout(p=0.1, inplace=False)
          )
          (feed_forward): FeedForward(
            (w_1): Linear(in_features=300, out_features=300, bias=True)
            (w_2): Linear(in_features=300, out_features=300, bias=True)
            (relu): ReLU()
            (dropout): Dropout(p=0.1, inplace=False)
          )
          (encoder_layer): EncoderLayer(
            (self_attn): MultiHeadAttention(
              (linears): ModuleList(
                (0): Linear(in_features=300, out_features=300, bias=True)
                (1): Linear(in_features=300, out_features=300, bias=True)
                (2): Linear(in_features=300, out_features=300, bias=True)
                (3): Linear(in_features=300, out_features=300, bias=True)
              )
              (sdpa): ScaledDotProductAttention()
              (dropout): Dropout(p=0.1, inplace=False)
            )
            (feed_forward): FeedForward(
              (w_1): Linear(in_features=300, out_features=300, bias=True)
              (w_2): Linear(in_features=300, out_features=300, bias=True)
              (relu): ReLU()
              (dropout): Dropout(p=0.1, inplace=False)
            )
            (sublayer): ModuleList(
              (0): SublayerConnection(
                (norm): LayerNorm()
                (dropout): Dropout(p=0.1, inplace=False)
              )
              (1): SublayerConnection(
                (norm): LayerNorm()
                (dropout): Dropout(p=0.1, inplace=False)
              )
            )
          )
          (encoder): Encoder(
            (layers): ModuleList(
              (0): EncoderLayer(
                (self_attn): MultiHeadAttention(
                  (linears): ModuleList(
                    (0): Linear(in_features=300, out_features=300, bias=True)
                    (1): Linear(in_features=300, out_features=300, bias=True)
                    (2): Linear(in_features=300, out_features=300, bias=True)
                    (3): Linear(in_features=300, out_features=300, bias=True)
                  )
                  (sdpa): ScaledDotProductAttention()
                  (dropout): Dropout(p=0.1, inplace=False)
                )
                (feed_forward): FeedForward(
                  (w_1): Linear(in_features=300, out_features=300, bias=True)
                  (w_2): Linear(in_features=300, out_features=300, bias=True)
                  (relu): ReLU()
                  (dropout): Dropout(p=0.1, inplace=False)
                )
                (sublayer): ModuleList(
                  (0): SublayerConnection(
                    (norm): LayerNorm()
                    (dropout): Dropout(p=0.1, inplace=False)
                  )
                  (1): SublayerConnection(
                    (norm): LayerNorm()
                    (dropout): Dropout(p=0.1, inplace=False)
                  )
                )
              )
            )
            (norm): LayerNorm()
          )
        )
        (cri): MSELoss()
      )
      (ae): AE(
        (g): Sequential(
          (0): Linear(in_features=128, out_features=128, bias=True)
          (1): Tanh()
        )
        (h): Sequential(
          (0): Linear(in_features=128, out_features=128, bias=True)
        )
        (cri): MSELoss()
      )
    )
    (2): TransLayer(
      (enc): ENC(
        (b): Sequential(
          (0): Linear(in_features=300, out_features=128, bias=True)
          (1): Tanh()
        )
        (f): TransformerEncoder(
          (multi_headed_attention): MultiHeadAttention(
            (linears): ModuleList(
              (0): Linear(in_features=300, out_features=300, bias=True)
              (1): Linear(in_features=300, out_features=300, bias=True)
              (2): Linear(in_features=300, out_features=300, bias=True)
              (3): Linear(in_features=300, out_features=300, bias=True)
            )
            (sdpa): ScaledDotProductAttention()
            (dropout): Dropout(p=0.1, inplace=False)
          )
          (feed_forward): FeedForward(
            (w_1): Linear(in_features=300, out_features=300, bias=True)
            (w_2): Linear(in_features=300, out_features=300, bias=True)
            (relu): ReLU()
            (dropout): Dropout(p=0.1, inplace=False)
          )
          (encoder_layer): EncoderLayer(
            (self_attn): MultiHeadAttention(
              (linears): ModuleList(
                (0): Linear(in_features=300, out_features=300, bias=True)
                (1): Linear(in_features=300, out_features=300, bias=True)
                (2): Linear(in_features=300, out_features=300, bias=True)
                (3): Linear(in_features=300, out_features=300, bias=True)
              )
              (sdpa): ScaledDotProductAttention()
              (dropout): Dropout(p=0.1, inplace=False)
            )
            (feed_forward): FeedForward(
              (w_1): Linear(in_features=300, out_features=300, bias=True)
              (w_2): Linear(in_features=300, out_features=300, bias=True)
              (relu): ReLU()
              (dropout): Dropout(p=0.1, inplace=False)
            )
            (sublayer): ModuleList(
              (0): SublayerConnection(
                (norm): LayerNorm()
                (dropout): Dropout(p=0.1, inplace=False)
              )
              (1): SublayerConnection(
                (norm): LayerNorm()
                (dropout): Dropout(p=0.1, inplace=False)
              )
            )
          )
          (encoder): Encoder(
            (layers): ModuleList(
              (0): EncoderLayer(
                (self_attn): MultiHeadAttention(
                  (linears): ModuleList(
                    (0): Linear(in_features=300, out_features=300, bias=True)
                    (1): Linear(in_features=300, out_features=300, bias=True)
                    (2): Linear(in_features=300, out_features=300, bias=True)
                    (3): Linear(in_features=300, out_features=300, bias=True)
                  )
                  (sdpa): ScaledDotProductAttention()
                  (dropout): Dropout(p=0.1, inplace=False)
                )
                (feed_forward): FeedForward(
                  (w_1): Linear(in_features=300, out_features=300, bias=True)
                  (w_2): Linear(in_features=300, out_features=300, bias=True)
                  (relu): ReLU()
                  (dropout): Dropout(p=0.1, inplace=False)
                )
                (sublayer): ModuleList(
                  (0): SublayerConnection(
                    (norm): LayerNorm()
                    (dropout): Dropout(p=0.1, inplace=False)
                  )
                  (1): SublayerConnection(
                    (norm): LayerNorm()
                    (dropout): Dropout(p=0.1, inplace=False)
                  )
                )
              )
            )
            (norm): LayerNorm()
          )
        )
        (cri): MSELoss()
      )
      (ae): AE(
        (g): Sequential(
          (0): Linear(in_features=128, out_features=128, bias=True)
          (1): Tanh()
        )
        (h): Sequential(
          (0): Linear(in_features=128, out_features=128, bias=True)
        )
        (cri): MSELoss()
      )
    )
    (3): TransLayer(
      (enc): ENC(
        (b): Sequential(
          (0): Linear(in_features=300, out_features=128, bias=True)
          (1): Tanh()
        )
        (f): TransformerEncoder(
          (multi_headed_attention): MultiHeadAttention(
            (linears): ModuleList(
              (0): Linear(in_features=300, out_features=300, bias=True)
              (1): Linear(in_features=300, out_features=300, bias=True)
              (2): Linear(in_features=300, out_features=300, bias=True)
              (3): Linear(in_features=300, out_features=300, bias=True)
            )
            (sdpa): ScaledDotProductAttention()
            (dropout): Dropout(p=0.1, inplace=False)
          )
          (feed_forward): FeedForward(
            (w_1): Linear(in_features=300, out_features=300, bias=True)
            (w_2): Linear(in_features=300, out_features=300, bias=True)
            (relu): ReLU()
            (dropout): Dropout(p=0.1, inplace=False)
          )
          (encoder_layer): EncoderLayer(
            (self_attn): MultiHeadAttention(
              (linears): ModuleList(
                (0): Linear(in_features=300, out_features=300, bias=True)
                (1): Linear(in_features=300, out_features=300, bias=True)
                (2): Linear(in_features=300, out_features=300, bias=True)
                (3): Linear(in_features=300, out_features=300, bias=True)
              )
              (sdpa): ScaledDotProductAttention()
              (dropout): Dropout(p=0.1, inplace=False)
            )
            (feed_forward): FeedForward(
              (w_1): Linear(in_features=300, out_features=300, bias=True)
              (w_2): Linear(in_features=300, out_features=300, bias=True)
              (relu): ReLU()
              (dropout): Dropout(p=0.1, inplace=False)
            )
            (sublayer): ModuleList(
              (0): SublayerConnection(
                (norm): LayerNorm()
                (dropout): Dropout(p=0.1, inplace=False)
              )
              (1): SublayerConnection(
                (norm): LayerNorm()
                (dropout): Dropout(p=0.1, inplace=False)
              )
            )
          )
          (encoder): Encoder(
            (layers): ModuleList(
              (0): EncoderLayer(
                (self_attn): MultiHeadAttention(
                  (linears): ModuleList(
                    (0): Linear(in_features=300, out_features=300, bias=True)
                    (1): Linear(in_features=300, out_features=300, bias=True)
                    (2): Linear(in_features=300, out_features=300, bias=True)
                    (3): Linear(in_features=300, out_features=300, bias=True)
                  )
                  (sdpa): ScaledDotProductAttention()
                  (dropout): Dropout(p=0.1, inplace=False)
                )
                (feed_forward): FeedForward(
                  (w_1): Linear(in_features=300, out_features=300, bias=True)
                  (w_2): Linear(in_features=300, out_features=300, bias=True)
                  (relu): ReLU()
                  (dropout): Dropout(p=0.1, inplace=False)
                )
                (sublayer): ModuleList(
                  (0): SublayerConnection(
                    (norm): LayerNorm()
                    (dropout): Dropout(p=0.1, inplace=False)
                  )
                  (1): SublayerConnection(
                    (norm): LayerNorm()
                    (dropout): Dropout(p=0.1, inplace=False)
                  )
                )
              )
            )
            (norm): LayerNorm()
          )
        )
        (cri): MSELoss()
      )
      (ae): AE(
        (g): Sequential(
          (0): Linear(in_features=128, out_features=128, bias=True)
          (1): Tanh()
        )
        (h): Sequential(
          (0): Linear(in_features=128, out_features=128, bias=True)
        )
        (cri): MSELoss()
      )
    )
    (4): TransLayer(
      (enc): ENC(
        (b): Sequential(
          (0): Linear(in_features=300, out_features=128, bias=True)
          (1): Tanh()
        )
        (f): TransformerEncoder(
          (multi_headed_attention): MultiHeadAttention(
            (linears): ModuleList(
              (0): Linear(in_features=300, out_features=300, bias=True)
              (1): Linear(in_features=300, out_features=300, bias=True)
              (2): Linear(in_features=300, out_features=300, bias=True)
              (3): Linear(in_features=300, out_features=300, bias=True)
            )
            (sdpa): ScaledDotProductAttention()
            (dropout): Dropout(p=0.1, inplace=False)
          )
          (feed_forward): FeedForward(
            (w_1): Linear(in_features=300, out_features=300, bias=True)
            (w_2): Linear(in_features=300, out_features=300, bias=True)
            (relu): ReLU()
            (dropout): Dropout(p=0.1, inplace=False)
          )
          (encoder_layer): EncoderLayer(
            (self_attn): MultiHeadAttention(
              (linears): ModuleList(
                (0): Linear(in_features=300, out_features=300, bias=True)
                (1): Linear(in_features=300, out_features=300, bias=True)
                (2): Linear(in_features=300, out_features=300, bias=True)
                (3): Linear(in_features=300, out_features=300, bias=True)
              )
              (sdpa): ScaledDotProductAttention()
              (dropout): Dropout(p=0.1, inplace=False)
            )
            (feed_forward): FeedForward(
              (w_1): Linear(in_features=300, out_features=300, bias=True)
              (w_2): Linear(in_features=300, out_features=300, bias=True)
              (relu): ReLU()
              (dropout): Dropout(p=0.1, inplace=False)
            )
            (sublayer): ModuleList(
              (0): SublayerConnection(
                (norm): LayerNorm()
                (dropout): Dropout(p=0.1, inplace=False)
              )
              (1): SublayerConnection(
                (norm): LayerNorm()
                (dropout): Dropout(p=0.1, inplace=False)
              )
            )
          )
          (encoder): Encoder(
            (layers): ModuleList(
              (0): EncoderLayer(
                (self_attn): MultiHeadAttention(
                  (linears): ModuleList(
                    (0): Linear(in_features=300, out_features=300, bias=True)
                    (1): Linear(in_features=300, out_features=300, bias=True)
                    (2): Linear(in_features=300, out_features=300, bias=True)
                    (3): Linear(in_features=300, out_features=300, bias=True)
                  )
                  (sdpa): ScaledDotProductAttention()
                  (dropout): Dropout(p=0.1, inplace=False)
                )
                (feed_forward): FeedForward(
                  (w_1): Linear(in_features=300, out_features=300, bias=True)
                  (w_2): Linear(in_features=300, out_features=300, bias=True)
                  (relu): ReLU()
                  (dropout): Dropout(p=0.1, inplace=False)
                )
                (sublayer): ModuleList(
                  (0): SublayerConnection(
                    (norm): LayerNorm()
                    (dropout): Dropout(p=0.1, inplace=False)
                  )
                  (1): SublayerConnection(
                    (norm): LayerNorm()
                    (dropout): Dropout(p=0.1, inplace=False)
                  )
                )
              )
            )
            (norm): LayerNorm()
          )
        )
        (cri): MSELoss()
      )
      (ae): AE(
        (g): Sequential(
          (0): Linear(in_features=128, out_features=128, bias=True)
          (1): Tanh()
        )
        (h): Sequential(
          (0): Linear(in_features=128, out_features=128, bias=True)
        )
        (cri): MSELoss()
      )
    )
  )
)
layers.0.enc.b.0.weight 38400
layers.0.enc.b.0.bias 128
layers.0.enc.f.weight 9000000
layers.0.ae.g.0.weight 1792
layers.0.ae.g.0.bias 128
layers.0.ae.h.0.weight 1792
layers.0.ae.h.0.bias 14
layers.1.enc.b.0.weight 38400
layers.1.enc.b.0.bias 128
layers.1.enc.f.multi_headed_attention.linears.0.weight 90000
layers.1.enc.f.multi_headed_attention.linears.0.bias 300
layers.1.enc.f.multi_headed_attention.linears.1.weight 90000
layers.1.enc.f.multi_headed_attention.linears.1.bias 300
layers.1.enc.f.multi_headed_attention.linears.2.weight 90000
layers.1.enc.f.multi_headed_attention.linears.2.bias 300
layers.1.enc.f.multi_headed_attention.linears.3.weight 90000
layers.1.enc.f.multi_headed_attention.linears.3.bias 300
layers.1.enc.f.feed_forward.w_1.weight 90000
layers.1.enc.f.feed_forward.w_1.bias 300
layers.1.enc.f.feed_forward.w_2.weight 90000
layers.1.enc.f.feed_forward.w_2.bias 300
layers.1.enc.f.encoder_layer.sublayer.0.norm.a 300
layers.1.enc.f.encoder_layer.sublayer.0.norm.b 300
layers.1.enc.f.encoder_layer.sublayer.1.norm.a 300
layers.1.enc.f.encoder_layer.sublayer.1.norm.b 300
layers.1.enc.f.encoder.layers.0.self_attn.linears.0.weight 90000
layers.1.enc.f.encoder.layers.0.self_attn.linears.0.bias 300
layers.1.enc.f.encoder.layers.0.self_attn.linears.1.weight 90000
layers.1.enc.f.encoder.layers.0.self_attn.linears.1.bias 300
layers.1.enc.f.encoder.layers.0.self_attn.linears.2.weight 90000
layers.1.enc.f.encoder.layers.0.self_attn.linears.2.bias 300
layers.1.enc.f.encoder.layers.0.self_attn.linears.3.weight 90000
layers.1.enc.f.encoder.layers.0.self_attn.linears.3.bias 300
layers.1.enc.f.encoder.layers.0.feed_forward.w_1.weight 90000
layers.1.enc.f.encoder.layers.0.feed_forward.w_1.bias 300
layers.1.enc.f.encoder.layers.0.feed_forward.w_2.weight 90000
layers.1.enc.f.encoder.layers.0.feed_forward.w_2.bias 300
layers.1.enc.f.encoder.layers.0.sublayer.0.norm.a 300
layers.1.enc.f.encoder.layers.0.sublayer.0.norm.b 300
layers.1.enc.f.encoder.layers.0.sublayer.1.norm.a 300
layers.1.enc.f.encoder.layers.0.sublayer.1.norm.b 300
layers.1.enc.f.encoder.norm.a 300
layers.1.enc.f.encoder.norm.b 300
layers.1.ae.g.0.weight 16384
layers.1.ae.g.0.bias 128
layers.1.ae.h.0.weight 16384
layers.1.ae.h.0.bias 128
layers.2.enc.b.0.weight 38400
layers.2.enc.b.0.bias 128
layers.2.enc.f.multi_headed_attention.linears.0.weight 90000
layers.2.enc.f.multi_headed_attention.linears.0.bias 300
layers.2.enc.f.multi_headed_attention.linears.1.weight 90000
layers.2.enc.f.multi_headed_attention.linears.1.bias 300
layers.2.enc.f.multi_headed_attention.linears.2.weight 90000
layers.2.enc.f.multi_headed_attention.linears.2.bias 300
layers.2.enc.f.multi_headed_attention.linears.3.weight 90000
layers.2.enc.f.multi_headed_attention.linears.3.bias 300
layers.2.enc.f.feed_forward.w_1.weight 90000
layers.2.enc.f.feed_forward.w_1.bias 300
layers.2.enc.f.feed_forward.w_2.weight 90000
layers.2.enc.f.feed_forward.w_2.bias 300
layers.2.enc.f.encoder_layer.sublayer.0.norm.a 300
layers.2.enc.f.encoder_layer.sublayer.0.norm.b 300
layers.2.enc.f.encoder_layer.sublayer.1.norm.a 300
layers.2.enc.f.encoder_layer.sublayer.1.norm.b 300
layers.2.enc.f.encoder.layers.0.self_attn.linears.0.weight 90000
layers.2.enc.f.encoder.layers.0.self_attn.linears.0.bias 300
layers.2.enc.f.encoder.layers.0.self_attn.linears.1.weight 90000
layers.2.enc.f.encoder.layers.0.self_attn.linears.1.bias 300
layers.2.enc.f.encoder.layers.0.self_attn.linears.2.weight 90000
layers.2.enc.f.encoder.layers.0.self_attn.linears.2.bias 300
layers.2.enc.f.encoder.layers.0.self_attn.linears.3.weight 90000
layers.2.enc.f.encoder.layers.0.self_attn.linears.3.bias 300
layers.2.enc.f.encoder.layers.0.feed_forward.w_1.weight 90000
layers.2.enc.f.encoder.layers.0.feed_forward.w_1.bias 300
layers.2.enc.f.encoder.layers.0.feed_forward.w_2.weight 90000
layers.2.enc.f.encoder.layers.0.feed_forward.w_2.bias 300
layers.2.enc.f.encoder.layers.0.sublayer.0.norm.a 300
layers.2.enc.f.encoder.layers.0.sublayer.0.norm.b 300
layers.2.enc.f.encoder.layers.0.sublayer.1.norm.a 300
layers.2.enc.f.encoder.layers.0.sublayer.1.norm.b 300
layers.2.enc.f.encoder.norm.a 300
layers.2.enc.f.encoder.norm.b 300
layers.2.ae.g.0.weight 16384
layers.2.ae.g.0.bias 128
layers.2.ae.h.0.weight 16384
layers.2.ae.h.0.bias 128
layers.3.enc.b.0.weight 38400
layers.3.enc.b.0.bias 128
layers.3.enc.f.multi_headed_attention.linears.0.weight 90000
layers.3.enc.f.multi_headed_attention.linears.0.bias 300
layers.3.enc.f.multi_headed_attention.linears.1.weight 90000
layers.3.enc.f.multi_headed_attention.linears.1.bias 300
layers.3.enc.f.multi_headed_attention.linears.2.weight 90000
layers.3.enc.f.multi_headed_attention.linears.2.bias 300
layers.3.enc.f.multi_headed_attention.linears.3.weight 90000
layers.3.enc.f.multi_headed_attention.linears.3.bias 300
layers.3.enc.f.feed_forward.w_1.weight 90000
layers.3.enc.f.feed_forward.w_1.bias 300
layers.3.enc.f.feed_forward.w_2.weight 90000
layers.3.enc.f.feed_forward.w_2.bias 300
layers.3.enc.f.encoder_layer.sublayer.0.norm.a 300
layers.3.enc.f.encoder_layer.sublayer.0.norm.b 300
layers.3.enc.f.encoder_layer.sublayer.1.norm.a 300
layers.3.enc.f.encoder_layer.sublayer.1.norm.b 300
layers.3.enc.f.encoder.layers.0.self_attn.linears.0.weight 90000
layers.3.enc.f.encoder.layers.0.self_attn.linears.0.bias 300
layers.3.enc.f.encoder.layers.0.self_attn.linears.1.weight 90000
layers.3.enc.f.encoder.layers.0.self_attn.linears.1.bias 300
layers.3.enc.f.encoder.layers.0.self_attn.linears.2.weight 90000
layers.3.enc.f.encoder.layers.0.self_attn.linears.2.bias 300
layers.3.enc.f.encoder.layers.0.self_attn.linears.3.weight 90000
layers.3.enc.f.encoder.layers.0.self_attn.linears.3.bias 300
layers.3.enc.f.encoder.layers.0.feed_forward.w_1.weight 90000
layers.3.enc.f.encoder.layers.0.feed_forward.w_1.bias 300
layers.3.enc.f.encoder.layers.0.feed_forward.w_2.weight 90000
layers.3.enc.f.encoder.layers.0.feed_forward.w_2.bias 300
layers.3.enc.f.encoder.layers.0.sublayer.0.norm.a 300
layers.3.enc.f.encoder.layers.0.sublayer.0.norm.b 300
layers.3.enc.f.encoder.layers.0.sublayer.1.norm.a 300
layers.3.enc.f.encoder.layers.0.sublayer.1.norm.b 300
layers.3.enc.f.encoder.norm.a 300
layers.3.enc.f.encoder.norm.b 300
layers.3.ae.g.0.weight 16384
layers.3.ae.g.0.bias 128
layers.3.ae.h.0.weight 16384
layers.3.ae.h.0.bias 128
layers.4.enc.b.0.weight 38400
layers.4.enc.b.0.bias 128
layers.4.enc.f.multi_headed_attention.linears.0.weight 90000
layers.4.enc.f.multi_headed_attention.linears.0.bias 300
layers.4.enc.f.multi_headed_attention.linears.1.weight 90000
layers.4.enc.f.multi_headed_attention.linears.1.bias 300
layers.4.enc.f.multi_headed_attention.linears.2.weight 90000
layers.4.enc.f.multi_headed_attention.linears.2.bias 300
layers.4.enc.f.multi_headed_attention.linears.3.weight 90000
layers.4.enc.f.multi_headed_attention.linears.3.bias 300
layers.4.enc.f.feed_forward.w_1.weight 90000
layers.4.enc.f.feed_forward.w_1.bias 300
layers.4.enc.f.feed_forward.w_2.weight 90000
layers.4.enc.f.feed_forward.w_2.bias 300
layers.4.enc.f.encoder_layer.sublayer.0.norm.a 300
layers.4.enc.f.encoder_layer.sublayer.0.norm.b 300
layers.4.enc.f.encoder_layer.sublayer.1.norm.a 300
layers.4.enc.f.encoder_layer.sublayer.1.norm.b 300
layers.4.enc.f.encoder.layers.0.self_attn.linears.0.weight 90000
layers.4.enc.f.encoder.layers.0.self_attn.linears.0.bias 300
layers.4.enc.f.encoder.layers.0.self_attn.linears.1.weight 90000
layers.4.enc.f.encoder.layers.0.self_attn.linears.1.bias 300
layers.4.enc.f.encoder.layers.0.self_attn.linears.2.weight 90000
layers.4.enc.f.encoder.layers.0.self_attn.linears.2.bias 300
layers.4.enc.f.encoder.layers.0.self_attn.linears.3.weight 90000
layers.4.enc.f.encoder.layers.0.self_attn.linears.3.bias 300
layers.4.enc.f.encoder.layers.0.feed_forward.w_1.weight 90000
layers.4.enc.f.encoder.layers.0.feed_forward.w_1.bias 300
layers.4.enc.f.encoder.layers.0.feed_forward.w_2.weight 90000
layers.4.enc.f.encoder.layers.0.feed_forward.w_2.bias 300
layers.4.enc.f.encoder.layers.0.sublayer.0.norm.a 300
layers.4.enc.f.encoder.layers.0.sublayer.0.norm.b 300
layers.4.enc.f.encoder.layers.0.sublayer.1.norm.a 300
layers.4.enc.f.encoder.layers.0.sublayer.1.norm.b 300
layers.4.enc.f.encoder.norm.a 300
layers.4.enc.f.encoder.norm.b 300
layers.4.ae.g.0.weight 16384
layers.4.ae.g.0.bias 128
layers.4.ae.h.0.weight 16384
layers.4.ae.h.0.bias 128
Total Trainable Params: 13674862
init_time 54.32827305793762
Start Training
train_mask {0, 1, 2, 3, 4} False
gc 0
Train Epoch0 Acc 0.8321964285714286 (466030/560000), AUC 0.9802298545837402
ep0_train_time 120.63507556915283
Test Epoch0 threshold 0.1 Acc 0.9734857142857143, AUC 0.9979924559593201, avg_entr 0.018293412402272224
ep0_t0.1_test_time 1.1583046913146973
Save ckpt to ckpt/dbpedia_14_transformeral_l5ad_pad40//dbpedia_14_transformeral_l5.pt  ,ep 0
Test Epoch0 threshold 0.2 Acc 0.9741714285714286, AUC 0.9981154203414917, avg_entr 0.02892564982175827
ep0_t0.2_test_time 0.7740659713745117
Save ckpt to ckpt/dbpedia_14_transformeral_l5ad_pad40//dbpedia_14_transformeral_l5.pt  ,ep 0
Test Epoch0 threshold 0.3 Acc 0.9744, AUC 0.9981705546379089, avg_entr 0.030420828610658646
ep0_t0.3_test_time 0.6073286533355713
Save ckpt to ckpt/dbpedia_14_transformeral_l5ad_pad40//dbpedia_14_transformeral_l5.pt  ,ep 0
Test Epoch0 threshold 0.4 Acc 0.9743142857142857, AUC 0.9981695413589478, avg_entr 0.030471952632069588
ep0_t0.4_test_time 0.603830099105835
Test Epoch0 threshold 0.5 Acc 0.9743142857142857, AUC 0.9981695413589478, avg_entr 0.030471952632069588
ep0_t0.5_test_time 0.59305739402771
Test Epoch0 threshold 0.6 Acc 0.9743142857142857, AUC 0.9981695413589478, avg_entr 0.030471952632069588
ep0_t0.6_test_time 0.5922906398773193
Test Epoch0 threshold 0.7 Acc 0.9743142857142857, AUC 0.9981695413589478, avg_entr 0.030471952632069588
ep0_t0.7_test_time 0.5983045101165771
Test Epoch0 threshold 0.8 Acc 0.9743142857142857, AUC 0.9981695413589478, avg_entr 0.030471952632069588
ep0_t0.8_test_time 0.5859224796295166
Test Epoch0 threshold 0.9 Acc 0.9743142857142857, AUC 0.9981695413589478, avg_entr 0.030471952632069588
ep0_t0.9_test_time 0.5889620780944824
gc 0
Train Epoch1 Acc 0.9800107142857143 (548806/560000), AUC 0.9977298974990845
ep1_train_time 118.63881206512451
Test Epoch1 threshold 0.1 Acc 0.9766571428571429, AUC 0.9980359077453613, avg_entr 0.009802514687180519
ep1_t0.1_test_time 1.0158915519714355
Test Epoch1 threshold 0.2 Acc 0.9759714285714286, AUC 0.9982776045799255, avg_entr 0.01791817508637905
ep1_t0.2_test_time 0.707493782043457
Save ckpt to ckpt/dbpedia_14_transformeral_l5ad_pad40//dbpedia_14_transformeral_l5.pt  ,ep 1
Test Epoch1 threshold 0.3 Acc 0.9752285714285714, AUC 0.9982848763465881, avg_entr 0.018990883603692055
ep1_t0.3_test_time 0.593266487121582
Save ckpt to ckpt/dbpedia_14_transformeral_l5ad_pad40//dbpedia_14_transformeral_l5.pt  ,ep 1
Test Epoch1 threshold 0.4 Acc 0.9751714285714286, AUC 0.9982843399047852, avg_entr 0.01901482231914997
ep1_t0.4_test_time 0.5904345512390137
Test Epoch1 threshold 0.5 Acc 0.9751714285714286, AUC 0.9982843399047852, avg_entr 0.01901482231914997
ep1_t0.5_test_time 0.5875084400177002
Test Epoch1 threshold 0.6 Acc 0.9751714285714286, AUC 0.9982843399047852, avg_entr 0.01901482231914997
ep1_t0.6_test_time 0.5853672027587891
Test Epoch1 threshold 0.7 Acc 0.9751714285714286, AUC 0.9982843399047852, avg_entr 0.01901482231914997
ep1_t0.7_test_time 0.5957024097442627
Test Epoch1 threshold 0.8 Acc 0.9751714285714286, AUC 0.9982843399047852, avg_entr 0.01901482231914997
ep1_t0.8_test_time 0.5857348442077637
Test Epoch1 threshold 0.9 Acc 0.9751714285714286, AUC 0.9982843399047852, avg_entr 0.01901482231914997
ep1_t0.9_test_time 0.5898780822753906
gc 0
Train Epoch2 Acc 0.9832553571428572 (550623/560000), AUC 0.9981966018676758
ep2_train_time 118.66835618019104
Test Epoch2 threshold 0.1 Acc 0.9767428571428571, AUC 0.9981351494789124, avg_entr 0.007831914350390434
ep2_t0.1_test_time 0.9752728939056396
Test Epoch2 threshold 0.2 Acc 0.9752571428571428, AUC 0.9982913136482239, avg_entr 0.015030310489237309
ep2_t0.2_test_time 0.692934513092041
Save ckpt to ckpt/dbpedia_14_transformeral_l5ad_pad40//dbpedia_14_transformeral_l5.pt  ,ep 2
Test Epoch2 threshold 0.3 Acc 0.9749142857142857, AUC 0.9983037114143372, avg_entr 0.01589479111135006
ep2_t0.3_test_time 0.6041691303253174
Save ckpt to ckpt/dbpedia_14_transformeral_l5ad_pad40//dbpedia_14_transformeral_l5.pt  ,ep 2
Test Epoch2 threshold 0.4 Acc 0.9748857142857142, AUC 0.9983031153678894, avg_entr 0.015914620831608772
ep2_t0.4_test_time 0.6019549369812012
Test Epoch2 threshold 0.5 Acc 0.9748857142857142, AUC 0.9983031153678894, avg_entr 0.015914620831608772
ep2_t0.5_test_time 0.6005549430847168
Test Epoch2 threshold 0.6 Acc 0.9748857142857142, AUC 0.9983031153678894, avg_entr 0.015914620831608772
ep2_t0.6_test_time 0.5865755081176758
Test Epoch2 threshold 0.7 Acc 0.9748857142857142, AUC 0.9983031153678894, avg_entr 0.015914620831608772
ep2_t0.7_test_time 0.587890625
Test Epoch2 threshold 0.8 Acc 0.9748857142857142, AUC 0.9983031153678894, avg_entr 0.015914620831608772
ep2_t0.8_test_time 0.5875387191772461
Test Epoch2 threshold 0.9 Acc 0.9748857142857142, AUC 0.9983031153678894, avg_entr 0.015914620831608772
ep2_t0.9_test_time 0.589350700378418
gc 0
Train Epoch3 Acc 0.9841875 (551145/560000), AUC 0.998306393623352
ep3_train_time 118.30585145950317
Test Epoch3 threshold 0.1 Acc 0.9767428571428571, AUC 0.9981194734573364, avg_entr 0.007349706254899502
ep3_t0.1_test_time 0.969487190246582
Test Epoch3 threshold 0.2 Acc 0.9754285714285714, AUC 0.9982972145080566, avg_entr 0.014237145893275738
ep3_t0.2_test_time 0.6758086681365967
Test Epoch3 threshold 0.3 Acc 0.9749714285714286, AUC 0.9983034133911133, avg_entr 0.015046159736812115
ep3_t0.3_test_time 0.5879991054534912
Test Epoch3 threshold 0.4 Acc 0.9749428571428571, AUC 0.9983028769493103, avg_entr 0.015065471641719341
ep3_t0.4_test_time 0.5854058265686035
Test Epoch3 threshold 0.5 Acc 0.9749428571428571, AUC 0.9983028769493103, avg_entr 0.015065471641719341
ep3_t0.5_test_time 0.5982894897460938
Test Epoch3 threshold 0.6 Acc 0.9749428571428571, AUC 0.9983028769493103, avg_entr 0.015065471641719341
ep3_t0.6_test_time 0.5940723419189453
Test Epoch3 threshold 0.7 Acc 0.9749428571428571, AUC 0.9983028769493103, avg_entr 0.015065471641719341
ep3_t0.7_test_time 0.5976252555847168
Test Epoch3 threshold 0.8 Acc 0.9749428571428571, AUC 0.9983028769493103, avg_entr 0.015065471641719341
ep3_t0.8_test_time 0.6043362617492676
Test Epoch3 threshold 0.9 Acc 0.9749428571428571, AUC 0.9983028769493103, avg_entr 0.015065471641719341
ep3_t0.9_test_time 0.583660364151001
gc 0
Train Epoch4 Acc 0.9842428571428572 (551176/560000), AUC 0.9983504414558411
ep4_train_time 118.61075091362
Test Epoch4 threshold 0.1 Acc 0.9766571428571429, AUC 0.9981179237365723, avg_entr 0.007094044703990221
ep4_t0.1_test_time 0.9646821022033691
Test Epoch4 threshold 0.2 Acc 0.9754, AUC 0.9983016848564148, avg_entr 0.013860926032066345
ep4_t0.2_test_time 0.6712327003479004
Test Epoch4 threshold 0.3 Acc 0.9748857142857142, AUC 0.99830561876297, avg_entr 0.014610323123633862
ep4_t0.3_test_time 0.5875637531280518
Save ckpt to ckpt/dbpedia_14_transformeral_l5ad_pad40//dbpedia_14_transformeral_l5.pt  ,ep 4
Test Epoch4 threshold 0.4 Acc 0.9748571428571429, AUC 0.9983049631118774, avg_entr 0.014629218727350235
ep4_t0.4_test_time 0.586782693862915
Test Epoch4 threshold 0.5 Acc 0.9748571428571429, AUC 0.9983049631118774, avg_entr 0.014629218727350235
ep4_t0.5_test_time 0.5860385894775391
Test Epoch4 threshold 0.6 Acc 0.9748571428571429, AUC 0.9983049631118774, avg_entr 0.014629218727350235
ep4_t0.6_test_time 0.5899229049682617
Test Epoch4 threshold 0.7 Acc 0.9748571428571429, AUC 0.9983049631118774, avg_entr 0.014629218727350235
ep4_t0.7_test_time 0.6025605201721191
Test Epoch4 threshold 0.8 Acc 0.9748571428571429, AUC 0.9983049631118774, avg_entr 0.014629218727350235
ep4_t0.8_test_time 0.5897216796875
Test Epoch4 threshold 0.9 Acc 0.9748571428571429, AUC 0.9983049631118774, avg_entr 0.014629218727350235
ep4_t0.9_test_time 0.5884039402008057
gc 0
Train Epoch5 Acc 0.9843464285714286 (551234/560000), AUC 0.998367190361023
ep5_train_time 118.36162734031677
Test Epoch5 threshold 0.1 Acc 0.9766857142857143, AUC 0.9981184005737305, avg_entr 0.007022423669695854
ep5_t0.1_test_time 0.9568796157836914
Test Epoch5 threshold 0.2 Acc 0.9754571428571429, AUC 0.9983037710189819, avg_entr 0.013741286471486092
ep5_t0.2_test_time 0.667839765548706
Test Epoch5 threshold 0.3 Acc 0.9749714285714286, AUC 0.9983074069023132, avg_entr 0.014480666257441044
ep5_t0.3_test_time 0.5866055488586426
Save ckpt to ckpt/dbpedia_14_transformeral_l5ad_pad40//dbpedia_14_transformeral_l5.pt  ,ep 5
Test Epoch5 threshold 0.4 Acc 0.9749428571428571, AUC 0.9983068704605103, avg_entr 0.014499375596642494
ep5_t0.4_test_time 0.5939333438873291
Test Epoch5 threshold 0.5 Acc 0.9749428571428571, AUC 0.9983068704605103, avg_entr 0.014499375596642494
ep5_t0.5_test_time 0.5929784774780273
Test Epoch5 threshold 0.6 Acc 0.9749428571428571, AUC 0.9983068704605103, avg_entr 0.014499375596642494
ep5_t0.6_test_time 0.5886425971984863
Test Epoch5 threshold 0.7 Acc 0.9749428571428571, AUC 0.9983068704605103, avg_entr 0.014499375596642494
ep5_t0.7_test_time 0.5877821445465088
Test Epoch5 threshold 0.8 Acc 0.9749428571428571, AUC 0.9983068704605103, avg_entr 0.014499375596642494
ep5_t0.8_test_time 0.5895872116088867
Test Epoch5 threshold 0.9 Acc 0.9749428571428571, AUC 0.9983068704605103, avg_entr 0.014499375596642494
ep5_t0.9_test_time 0.5940608978271484
gc 0
Train Epoch6 Acc 0.9843142857142857 (551216/560000), AUC 0.998378336429596
ep6_train_time 127.52196788787842
Test Epoch6 threshold 0.1 Acc 0.9767142857142858, AUC 0.9981173276901245, avg_entr 0.007008060812950134
ep6_t0.1_test_time 2.102191925048828
Test Epoch6 threshold 0.2 Acc 0.9754857142857143, AUC 0.9983038902282715, avg_entr 0.013714538887143135
ep6_t0.2_test_time 1.271726131439209
Test Epoch6 threshold 0.3 Acc 0.975, AUC 0.9983075857162476, avg_entr 0.014450428076088428
ep6_t0.3_test_time 0.7774012088775635
Save ckpt to ckpt/dbpedia_14_transformeral_l5ad_pad40//dbpedia_14_transformeral_l5.pt  ,ep 6
Test Epoch6 threshold 0.4 Acc 0.9749714285714286, AUC 0.998306930065155, avg_entr 0.01446910947561264
ep6_t0.4_test_time 0.8174965381622314
Test Epoch6 threshold 0.5 Acc 0.9749714285714286, AUC 0.998306930065155, avg_entr 0.01446910947561264
ep6_t0.5_test_time 0.7755341529846191
Test Epoch6 threshold 0.6 Acc 0.9749714285714286, AUC 0.998306930065155, avg_entr 0.01446910947561264
ep6_t0.6_test_time 0.8696982860565186
Test Epoch6 threshold 0.7 Acc 0.9749714285714286, AUC 0.998306930065155, avg_entr 0.01446910947561264
ep6_t0.7_test_time 0.8168554306030273
Test Epoch6 threshold 0.8 Acc 0.9749714285714286, AUC 0.998306930065155, avg_entr 0.01446910947561264
ep6_t0.8_test_time 0.8146023750305176
Test Epoch6 threshold 0.9 Acc 0.9749714285714286, AUC 0.998306930065155, avg_entr 0.01446910947561264
ep6_t0.9_test_time 0.9224216938018799
gc 0
Train Epoch7 Acc 0.9843732142857143 (551249/560000), AUC 0.9984056353569031
ep7_train_time 131.40445733070374
Test Epoch7 threshold 0.1 Acc 0.9767142857142858, AUC 0.9981171488761902, avg_entr 0.007006420753896236
ep7_t0.1_test_time 1.3703277111053467
Test Epoch7 threshold 0.2 Acc 0.9754857142857143, AUC 0.9983039498329163, avg_entr 0.013713045045733452
ep7_t0.2_test_time 0.9889991283416748
Test Epoch7 threshold 0.3 Acc 0.975, AUC 0.9983075857162476, avg_entr 0.014448986388742924
ep7_t0.3_test_time 0.777519702911377
Save ckpt to ckpt/dbpedia_14_transformeral_l5ad_pad40//dbpedia_14_transformeral_l5.pt  ,ep 7
Test Epoch7 threshold 0.4 Acc 0.9749714285714286, AUC 0.9983071088790894, avg_entr 0.014467663131654263
ep7_t0.4_test_time 0.7794396877288818
Test Epoch7 threshold 0.5 Acc 0.9749714285714286, AUC 0.9983071088790894, avg_entr 0.014467663131654263
ep7_t0.5_test_time 0.7786722183227539
Test Epoch7 threshold 0.6 Acc 0.9749714285714286, AUC 0.9983071088790894, avg_entr 0.014467663131654263
ep7_t0.6_test_time 0.8909614086151123
Test Epoch7 threshold 0.7 Acc 0.9749714285714286, AUC 0.9983071088790894, avg_entr 0.014467663131654263
ep7_t0.7_test_time 0.7810623645782471
Test Epoch7 threshold 0.8 Acc 0.9749714285714286, AUC 0.9983071088790894, avg_entr 0.014467663131654263
ep7_t0.8_test_time 0.7872273921966553
Test Epoch7 threshold 0.9 Acc 0.9749714285714286, AUC 0.9983071088790894, avg_entr 0.014467663131654263
ep7_t0.9_test_time 0.8041486740112305
gc 0
Train Epoch8 Acc 0.9843357142857143 (551228/560000), AUC 0.9983878135681152
ep8_train_time 129.45980381965637
Test Epoch8 threshold 0.1 Acc 0.9766857142857143, AUC 0.9981167912483215, avg_entr 0.007005359511822462
ep8_t0.1_test_time 1.3330409526824951
Test Epoch8 threshold 0.2 Acc 0.9754857142857143, AUC 0.9983038902282715, avg_entr 0.013712754473090172
ep8_t0.2_test_time 1.055103063583374
Test Epoch8 threshold 0.3 Acc 0.975, AUC 0.9983075857162476, avg_entr 0.014448735862970352
ep8_t0.3_test_time 0.7908697128295898
Save ckpt to ckpt/dbpedia_14_transformeral_l5ad_pad40//dbpedia_14_transformeral_l5.pt  ,ep 8
Test Epoch8 threshold 0.4 Acc 0.9749714285714286, AUC 0.9983071088790894, avg_entr 0.014467412605881691
ep8_t0.4_test_time 0.7778594493865967
Test Epoch8 threshold 0.5 Acc 0.9749714285714286, AUC 0.9983071088790894, avg_entr 0.014467412605881691
ep8_t0.5_test_time 1.0522723197937012
Test Epoch8 threshold 0.6 Acc 0.9749714285714286, AUC 0.9983071088790894, avg_entr 0.014467412605881691
ep8_t0.6_test_time 0.8373317718505859
Test Epoch8 threshold 0.7 Acc 0.9749714285714286, AUC 0.9983071088790894, avg_entr 0.014467412605881691
ep8_t0.7_test_time 0.7812786102294922
Test Epoch8 threshold 0.8 Acc 0.9749714285714286, AUC 0.9983071088790894, avg_entr 0.014467412605881691
ep8_t0.8_test_time 0.7809185981750488
Test Epoch8 threshold 0.9 Acc 0.9749714285714286, AUC 0.9983071088790894, avg_entr 0.014467412605881691
ep8_t0.9_test_time 0.7825517654418945
gc 0
Train Epoch9 Acc 0.9843678571428571 (551246/560000), AUC 0.9984169602394104
ep9_train_time 131.83706831932068
Test Epoch9 threshold 0.1 Acc 0.9766857142857143, AUC 0.9981164336204529, avg_entr 0.007005526218563318
ep9_t0.1_test_time 1.2664546966552734
Test Epoch9 threshold 0.2 Acc 0.9754857142857143, AUC 0.9983038306236267, avg_entr 0.013712463900446892
ep9_t0.2_test_time 0.9094793796539307
Test Epoch9 threshold 0.3 Acc 0.975, AUC 0.9983075857162476, avg_entr 0.014448479749262333
ep9_t0.3_test_time 0.9316034317016602
Save ckpt to ckpt/dbpedia_14_transformeral_l5ad_pad40//dbpedia_14_transformeral_l5.pt  ,ep 9
Test Epoch9 threshold 0.4 Acc 0.9749714285714286, AUC 0.9983071088790894, avg_entr 0.014467154629528522
ep9_t0.4_test_time 0.9295706748962402
Test Epoch9 threshold 0.5 Acc 0.9749714285714286, AUC 0.9983071088790894, avg_entr 0.014467154629528522
ep9_t0.5_test_time 0.7841787338256836
Test Epoch9 threshold 0.6 Acc 0.9749714285714286, AUC 0.9983071088790894, avg_entr 0.014467154629528522
ep9_t0.6_test_time 0.7843701839447021
Test Epoch9 threshold 0.7 Acc 0.9749714285714286, AUC 0.9983071088790894, avg_entr 0.014467154629528522
ep9_t0.7_test_time 0.7764415740966797
Test Epoch9 threshold 0.8 Acc 0.9749714285714286, AUC 0.9983071088790894, avg_entr 0.014467154629528522
ep9_t0.8_test_time 0.9024605751037598
Test Epoch9 threshold 0.9 Acc 0.9749714285714286, AUC 0.9983071088790894, avg_entr 0.014467154629528522
ep9_t0.9_test_time 0.8029348850250244
gc 0
Train Epoch10 Acc 0.9843857142857143 (551256/560000), AUC 0.9983794093132019
ep10_train_time 132.23691773414612
Test Epoch10 threshold 0.1 Acc 0.9766857142857143, AUC 0.9981163740158081, avg_entr 0.007004938554018736
ep10_t0.1_test_time 1.2704989910125732
Test Epoch10 threshold 0.2 Acc 0.9754857142857143, AUC 0.9983038306236267, avg_entr 0.013712085783481598
ep10_t0.2_test_time 0.9001460075378418
Test Epoch10 threshold 0.3 Acc 0.975, AUC 0.9983075857162476, avg_entr 0.014448210597038269
ep10_t0.3_test_time 0.9908156394958496
Save ckpt to ckpt/dbpedia_14_transformeral_l5ad_pad40//dbpedia_14_transformeral_l5.pt  ,ep 10
Test Epoch10 threshold 0.4 Acc 0.9749714285714286, AUC 0.9983071088790894, avg_entr 0.01446688361465931
ep10_t0.4_test_time 0.9269335269927979
Test Epoch10 threshold 0.5 Acc 0.9749714285714286, AUC 0.9983071088790894, avg_entr 0.01446688361465931
ep10_t0.5_test_time 0.7970659732818604
Test Epoch10 threshold 0.6 Acc 0.9749714285714286, AUC 0.9983071088790894, avg_entr 0.01446688361465931
ep10_t0.6_test_time 0.869232177734375
Test Epoch10 threshold 0.7 Acc 0.9749714285714286, AUC 0.9983071088790894, avg_entr 0.01446688361465931
ep10_t0.7_test_time 0.9559540748596191
Test Epoch10 threshold 0.8 Acc 0.9749714285714286, AUC 0.9983071088790894, avg_entr 0.01446688361465931
ep10_t0.8_test_time 0.7913100719451904
Test Epoch10 threshold 0.9 Acc 0.9749714285714286, AUC 0.9983071088790894, avg_entr 0.01446688361465931
ep10_t0.9_test_time 0.9319813251495361
gc 0
Train Epoch11 Acc 0.9844142857142857 (551272/560000), AUC 0.9983869194984436
ep11_train_time 126.66855120658875
Test Epoch11 threshold 0.1 Acc 0.9766857142857143, AUC 0.9981161952018738, avg_entr 0.007004944607615471
ep11_t0.1_test_time 1.3791460990905762
Test Epoch11 threshold 0.2 Acc 0.9754857142857143, AUC 0.9983038306236267, avg_entr 0.013711857609450817
ep11_t0.2_test_time 1.1144053936004639
Test Epoch11 threshold 0.3 Acc 0.975, AUC 0.9983075857162476, avg_entr 0.014447947964072227
ep11_t0.3_test_time 0.8558905124664307
Save ckpt to ckpt/dbpedia_14_transformeral_l5ad_pad40//dbpedia_14_transformeral_l5.pt  ,ep 11
Test Epoch11 threshold 0.4 Acc 0.9749714285714286, AUC 0.9983071088790894, avg_entr 0.014466620981693268
ep11_t0.4_test_time 0.7931532859802246
Test Epoch11 threshold 0.5 Acc 0.9749714285714286, AUC 0.9983071088790894, avg_entr 0.014466620981693268
ep11_t0.5_test_time 0.7881743907928467
Test Epoch11 threshold 0.6 Acc 0.9749714285714286, AUC 0.9983071088790894, avg_entr 0.014466620981693268
ep11_t0.6_test_time 0.8005626201629639
Test Epoch11 threshold 0.7 Acc 0.9749714285714286, AUC 0.9983071088790894, avg_entr 0.014466620981693268
ep11_t0.7_test_time 0.7967770099639893
Test Epoch11 threshold 0.8 Acc 0.9749714285714286, AUC 0.9983071088790894, avg_entr 0.014466620981693268
ep11_t0.8_test_time 0.8057379722595215
Test Epoch11 threshold 0.9 Acc 0.9749714285714286, AUC 0.9983071088790894, avg_entr 0.014466620981693268
ep11_t0.9_test_time 0.8009819984436035
gc 0
Train Epoch12 Acc 0.9843571428571428 (551240/560000), AUC 0.9983919262886047
ep12_train_time 130.11205959320068
Test Epoch12 threshold 0.1 Acc 0.9767142857142858, AUC 0.9981161952018738, avg_entr 0.007003025617450476
ep12_t0.1_test_time 2.087510824203491
Test Epoch12 threshold 0.2 Acc 0.9754857142857143, AUC 0.9983038306236267, avg_entr 0.013711568899452686
ep12_t0.2_test_time 1.3580601215362549
Test Epoch12 threshold 0.3 Acc 0.975, AUC 0.9983075857162476, avg_entr 0.014447662979364395
ep12_t0.3_test_time 1.0849583148956299
Save ckpt to ckpt/dbpedia_14_transformeral_l5ad_pad40//dbpedia_14_transformeral_l5.pt  ,ep 12
Test Epoch12 threshold 0.4 Acc 0.9749714285714286, AUC 0.9983071088790894, avg_entr 0.014466335065662861
ep12_t0.4_test_time 0.7982404232025146
Test Epoch12 threshold 0.5 Acc 0.9749714285714286, AUC 0.9983071088790894, avg_entr 0.014466335065662861
ep12_t0.5_test_time 0.8474457263946533
Test Epoch12 threshold 0.6 Acc 0.9749714285714286, AUC 0.9983071088790894, avg_entr 0.014466335065662861
ep12_t0.6_test_time 0.8022336959838867
Test Epoch12 threshold 0.7 Acc 0.9749714285714286, AUC 0.9983071088790894, avg_entr 0.014466335065662861
ep12_t0.7_test_time 0.7862951755523682
Test Epoch12 threshold 0.8 Acc 0.9749714285714286, AUC 0.9983071088790894, avg_entr 0.014466335065662861
ep12_t0.8_test_time 0.8083024024963379
Test Epoch12 threshold 0.9 Acc 0.9749714285714286, AUC 0.9983071088790894, avg_entr 0.014466335065662861
ep12_t0.9_test_time 0.7866361141204834
gc 0
Train Epoch13 Acc 0.9844410714285714 (551287/560000), AUC 0.9984152913093567
ep13_train_time 130.8144326210022
Test Epoch13 threshold 0.1 Acc 0.9766857142857143, AUC 0.9981199502944946, avg_entr 0.007004487793892622
ep13_t0.1_test_time 1.264103651046753
Test Epoch13 threshold 0.2 Acc 0.9754857142857143, AUC 0.9983038306236267, avg_entr 0.013711233623325825
ep13_t0.2_test_time 0.9039754867553711
Test Epoch13 threshold 0.3 Acc 0.975, AUC 0.9983076453208923, avg_entr 0.014447378925979137
ep13_t0.3_test_time 0.7880961894989014
Save ckpt to ckpt/dbpedia_14_transformeral_l5ad_pad40//dbpedia_14_transformeral_l5.pt  ,ep 13
Test Epoch13 threshold 0.4 Acc 0.9749714285714286, AUC 0.9983071088790894, avg_entr 0.014466049149632454
ep13_t0.4_test_time 0.7827110290527344
Test Epoch13 threshold 0.5 Acc 0.9749714285714286, AUC 0.9983071088790894, avg_entr 0.014466049149632454
ep13_t0.5_test_time 0.7780306339263916
Test Epoch13 threshold 0.6 Acc 0.9749714285714286, AUC 0.9983071088790894, avg_entr 0.014466049149632454
ep13_t0.6_test_time 0.7799050807952881
Test Epoch13 threshold 0.7 Acc 0.9749714285714286, AUC 0.9983071088790894, avg_entr 0.014466049149632454
ep13_t0.7_test_time 0.7802305221557617
Test Epoch13 threshold 0.8 Acc 0.9749714285714286, AUC 0.9983071088790894, avg_entr 0.014466049149632454
ep13_t0.8_test_time 0.781879186630249
Test Epoch13 threshold 0.9 Acc 0.9749714285714286, AUC 0.9983071088790894, avg_entr 0.014466049149632454
ep13_t0.9_test_time 0.7813429832458496
gc 0
Train Epoch14 Acc 0.9843482142857143 (551235/560000), AUC 0.9984133839607239
ep14_train_time 133.00253200531006
Test Epoch14 threshold 0.1 Acc 0.9766857142857143, AUC 0.9981198906898499, avg_entr 0.0070044067688286304
ep14_t0.1_test_time 1.557447910308838
Test Epoch14 threshold 0.2 Acc 0.9754857142857143, AUC 0.9983038306236267, avg_entr 0.013710961677134037
ep14_t0.2_test_time 0.9072978496551514
Test Epoch14 threshold 0.3 Acc 0.975, AUC 0.9983073472976685, avg_entr 0.014455576427280903
ep14_t0.3_test_time 0.7869558334350586
Test Epoch14 threshold 0.4 Acc 0.9749714285714286, AUC 0.9983071088790894, avg_entr 0.014465762302279472
ep14_t0.4_test_time 0.8143205642700195
Test Epoch14 threshold 0.5 Acc 0.9749714285714286, AUC 0.9983071088790894, avg_entr 0.014465762302279472
ep14_t0.5_test_time 0.783841609954834
Test Epoch14 threshold 0.6 Acc 0.9749714285714286, AUC 0.9983071088790894, avg_entr 0.014465762302279472
ep14_t0.6_test_time 0.8141686916351318
Test Epoch14 threshold 0.7 Acc 0.9749714285714286, AUC 0.9983071088790894, avg_entr 0.014465762302279472
ep14_t0.7_test_time 0.9354555606842041
Test Epoch14 threshold 0.8 Acc 0.9749714285714286, AUC 0.9983071088790894, avg_entr 0.014465762302279472
ep14_t0.8_test_time 0.7805149555206299
Test Epoch14 threshold 0.9 Acc 0.9749714285714286, AUC 0.9983071088790894, avg_entr 0.014465762302279472
ep14_t0.9_test_time 0.9886472225189209
gc 0
Train Epoch15 Acc 0.9843142857142857 (551216/560000), AUC 0.9984054565429688
ep15_train_time 128.01246547698975
Test Epoch15 threshold 0.1 Acc 0.9766857142857143, AUC 0.9981197714805603, avg_entr 0.007004116661846638
ep15_t0.1_test_time 1.2753355503082275
Test Epoch15 threshold 0.2 Acc 0.9754857142857143, AUC 0.9983038902282715, avg_entr 0.013710674829781055
ep15_t0.2_test_time 0.9096271991729736
Test Epoch15 threshold 0.3 Acc 0.975, AUC 0.9983073472976685, avg_entr 0.01445526909083128
ep15_t0.3_test_time 0.8010950088500977
Test Epoch15 threshold 0.4 Acc 0.9749714285714286, AUC 0.9983071088790894, avg_entr 0.01446545496582985
ep15_t0.4_test_time 0.820833683013916
Test Epoch15 threshold 0.5 Acc 0.9749714285714286, AUC 0.9983071088790894, avg_entr 0.01446545496582985
ep15_t0.5_test_time 0.7786781787872314
Test Epoch15 threshold 0.6 Acc 0.9749714285714286, AUC 0.9983071088790894, avg_entr 0.01446545496582985
ep15_t0.6_test_time 0.9489648342132568
Test Epoch15 threshold 0.7 Acc 0.9749714285714286, AUC 0.9983071088790894, avg_entr 0.01446545496582985
ep15_t0.7_test_time 0.8410561084747314
Test Epoch15 threshold 0.8 Acc 0.9749714285714286, AUC 0.9983071088790894, avg_entr 0.01446545496582985
ep15_t0.8_test_time 1.198056697845459
Test Epoch15 threshold 0.9 Acc 0.9749714285714286, AUC 0.9983071088790894, avg_entr 0.01446545496582985
ep15_t0.9_test_time 1.0628101825714111
gc 0
Train Epoch16 Acc 0.9843589285714286 (551241/560000), AUC 0.998376190662384
ep16_train_time 129.23894572257996
Test Epoch16 threshold 0.1 Acc 0.9766857142857143, AUC 0.9981196522712708, avg_entr 0.007003960199654102
ep16_t0.1_test_time 1.507136583328247
Test Epoch16 threshold 0.2 Acc 0.9754857142857143, AUC 0.9983038902282715, avg_entr 0.013710440136492252
ep16_t0.2_test_time 0.9214444160461426
Test Epoch16 threshold 0.3 Acc 0.975, AUC 0.9983073472976685, avg_entr 0.014454978518188
ep16_t0.3_test_time 0.8089456558227539
Test Epoch16 threshold 0.4 Acc 0.9749714285714286, AUC 0.9983071088790894, avg_entr 0.014465163461863995
ep16_t0.4_test_time 0.940819501876831
Test Epoch16 threshold 0.5 Acc 0.9749714285714286, AUC 0.9983071088790894, avg_entr 0.014465163461863995
ep16_t0.5_test_time 0.820767879486084
Test Epoch16 threshold 0.6 Acc 0.9749714285714286, AUC 0.9983071088790894, avg_entr 0.014465163461863995
ep16_t0.6_test_time 0.8165733814239502
Test Epoch16 threshold 0.7 Acc 0.9749714285714286, AUC 0.9983071088790894, avg_entr 0.014465163461863995
ep16_t0.7_test_time 1.0366342067718506
Test Epoch16 threshold 0.8 Acc 0.9749714285714286, AUC 0.9983071088790894, avg_entr 0.014465163461863995
ep16_t0.8_test_time 0.9712429046630859
Test Epoch16 threshold 0.9 Acc 0.9749714285714286, AUC 0.9983071088790894, avg_entr 0.014465163461863995
ep16_t0.9_test_time 0.7839465141296387
gc 0
Train Epoch17 Acc 0.9843339285714285 (551227/560000), AUC 0.9983676671981812
ep17_train_time 131.88715314865112
Test Epoch17 threshold 0.1 Acc 0.9766857142857143, AUC 0.9981195330619812, avg_entr 0.007002370897680521
ep17_t0.1_test_time 1.873945713043213
Test Epoch17 threshold 0.2 Acc 0.9754857142857143, AUC 0.9983038306236267, avg_entr 0.01371008437126875
ep17_t0.2_test_time 1.283149003982544
Test Epoch17 threshold 0.3 Acc 0.975, AUC 0.9983073472976685, avg_entr 0.014454684220254421
ep17_t0.3_test_time 1.0524070262908936
Test Epoch17 threshold 0.4 Acc 0.9749714285714286, AUC 0.9983071088790894, avg_entr 0.01446487009525299
ep17_t0.4_test_time 1.00758957862854
Test Epoch17 threshold 0.5 Acc 0.9749714285714286, AUC 0.9983071088790894, avg_entr 0.01446487009525299
ep17_t0.5_test_time 0.9477770328521729
Test Epoch17 threshold 0.6 Acc 0.9749714285714286, AUC 0.9983071088790894, avg_entr 0.01446487009525299
ep17_t0.6_test_time 0.7860219478607178
Test Epoch17 threshold 0.7 Acc 0.9749714285714286, AUC 0.9983071088790894, avg_entr 0.01446487009525299
ep17_t0.7_test_time 0.9219663143157959
Test Epoch17 threshold 0.8 Acc 0.9749714285714286, AUC 0.9983071088790894, avg_entr 0.01446487009525299
ep17_t0.8_test_time 0.7856764793395996
Test Epoch17 threshold 0.9 Acc 0.9749714285714286, AUC 0.9983071088790894, avg_entr 0.01446487009525299
ep17_t0.9_test_time 0.9962906837463379
gc 0
Train Epoch18 Acc 0.9843089285714286 (551213/560000), AUC 0.9984164237976074
ep18_train_time 130.09792757034302
Test Epoch18 threshold 0.1 Acc 0.9766857142857143, AUC 0.9981194734573364, avg_entr 0.0070022656582295895
ep18_t0.1_test_time 1.2819888591766357
Test Epoch18 threshold 0.2 Acc 0.9754857142857143, AUC 0.9983038902282715, avg_entr 0.013709810562431812
ep18_t0.2_test_time 0.9012706279754639
Test Epoch18 threshold 0.3 Acc 0.975, AUC 0.9983073472976685, avg_entr 0.014454382471740246
ep18_t0.3_test_time 0.7964582443237305
Test Epoch18 threshold 0.4 Acc 0.9749714285714286, AUC 0.9983071088790894, avg_entr 0.014464566484093666
ep18_t0.4_test_time 0.7925944328308105
Test Epoch18 threshold 0.5 Acc 0.9749714285714286, AUC 0.9983071088790894, avg_entr 0.014464566484093666
ep18_t0.5_test_time 0.7947659492492676
Test Epoch18 threshold 0.6 Acc 0.9749714285714286, AUC 0.9983071088790894, avg_entr 0.014464566484093666
ep18_t0.6_test_time 0.8153247833251953
Test Epoch18 threshold 0.7 Acc 0.9749714285714286, AUC 0.9983071088790894, avg_entr 0.014464566484093666
ep18_t0.7_test_time 0.7874634265899658
Test Epoch18 threshold 0.8 Acc 0.9749714285714286, AUC 0.9983071088790894, avg_entr 0.014464566484093666
ep18_t0.8_test_time 0.7823419570922852
Test Epoch18 threshold 0.9 Acc 0.9749714285714286, AUC 0.9983071088790894, avg_entr 0.014464566484093666
ep18_t0.9_test_time 0.780419111251831
gc 0
Train Epoch19 Acc 0.9843607142857143 (551242/560000), AUC 0.9983958601951599
ep19_train_time 132.73989820480347
Test Epoch19 threshold 0.1 Acc 0.9766857142857143, AUC 0.9981192946434021, avg_entr 0.007001550402492285
ep19_t0.1_test_time 1.6214725971221924
Test Epoch19 threshold 0.2 Acc 0.9754857142857143, AUC 0.9983038306236267, avg_entr 0.013709520921111107
ep19_t0.2_test_time 0.9079270362854004
Test Epoch19 threshold 0.3 Acc 0.975, AUC 0.9983073472976685, avg_entr 0.014454084448516369
ep19_t0.3_test_time 0.7887516021728516
Test Epoch19 threshold 0.4 Acc 0.9749714285714286, AUC 0.9983072280883789, avg_entr 0.014464268460869789
ep19_t0.4_test_time 0.8100478649139404
Test Epoch19 threshold 0.5 Acc 0.9749714285714286, AUC 0.9983072280883789, avg_entr 0.014464268460869789
ep19_t0.5_test_time 0.7863321304321289
Test Epoch19 threshold 0.6 Acc 0.9749714285714286, AUC 0.9983072280883789, avg_entr 0.014464268460869789
ep19_t0.6_test_time 0.7845382690429688
Test Epoch19 threshold 0.7 Acc 0.9749714285714286, AUC 0.9983072280883789, avg_entr 0.014464268460869789
ep19_t0.7_test_time 0.9078004360198975
Test Epoch19 threshold 0.8 Acc 0.9749714285714286, AUC 0.9983072280883789, avg_entr 0.014464268460869789
ep19_t0.8_test_time 0.7999255657196045
Test Epoch19 threshold 0.9 Acc 0.9749714285714286, AUC 0.9983072280883789, avg_entr 0.014464268460869789
ep19_t0.9_test_time 0.9383294582366943
gc 0
Train Epoch20 Acc 0.9844178571428571 (551274/560000), AUC 0.9984055161476135
ep20_train_time 128.44146728515625
Test Epoch20 threshold 0.1 Acc 0.9766857142857143, AUC 0.9981193542480469, avg_entr 0.0070014153607189655
ep20_t0.1_test_time 1.2774360179901123
Test Epoch20 threshold 0.2 Acc 0.9754857142857143, AUC 0.9983038306236267, avg_entr 0.01370922476053238
ep20_t0.2_test_time 0.9100852012634277
Test Epoch20 threshold 0.3 Acc 0.975, AUC 0.9983073472976685, avg_entr 0.014453772455453873
ep20_t0.3_test_time 1.0885405540466309
Test Epoch20 threshold 0.4 Acc 0.9749714285714286, AUC 0.9983072280883789, avg_entr 0.014463956467807293
ep20_t0.4_test_time 0.9963545799255371
Test Epoch20 threshold 0.5 Acc 0.9749714285714286, AUC 0.9983072280883789, avg_entr 0.014463956467807293
ep20_t0.5_test_time 0.7785952091217041
Test Epoch20 threshold 0.6 Acc 0.9749714285714286, AUC 0.9983072280883789, avg_entr 0.014463956467807293
ep20_t0.6_test_time 0.7836792469024658
Test Epoch20 threshold 0.7 Acc 0.9749714285714286, AUC 0.9983072280883789, avg_entr 0.014463956467807293
ep20_t0.7_test_time 0.7765607833862305
Test Epoch20 threshold 0.8 Acc 0.9749714285714286, AUC 0.9983072280883789, avg_entr 0.014463956467807293
ep20_t0.8_test_time 0.9129984378814697
Test Epoch20 threshold 0.9 Acc 0.9749714285714286, AUC 0.9983072280883789, avg_entr 0.014463956467807293
ep20_t0.9_test_time 0.7921445369720459
gc 0
Train Epoch21 Acc 0.9843660714285715 (551245/560000), AUC 0.9984097480773926
ep21_train_time 134.81293439865112
Test Epoch21 threshold 0.1 Acc 0.9766857142857143, AUC 0.9981191754341125, avg_entr 0.007005088496953249
ep21_t0.1_test_time 1.849360704421997
Test Epoch21 threshold 0.2 Acc 0.9754857142857143, AUC 0.9983038902282715, avg_entr 0.013708907179534435
ep21_t0.2_test_time 1.2130775451660156
Test Epoch21 threshold 0.3 Acc 0.975, AUC 0.9983073472976685, avg_entr 0.014453445561230183
ep21_t0.3_test_time 1.0526366233825684
Test Epoch21 threshold 0.4 Acc 0.9749714285714286, AUC 0.9983071684837341, avg_entr 0.014463628642261028
ep21_t0.4_test_time 1.0023205280303955
Test Epoch21 threshold 0.5 Acc 0.9749714285714286, AUC 0.9983071684837341, avg_entr 0.014463628642261028
ep21_t0.5_test_time 1.0443956851959229
Test Epoch21 threshold 0.6 Acc 0.9749714285714286, AUC 0.9983071684837341, avg_entr 0.014463628642261028
ep21_t0.6_test_time 0.846062421798706
Test Epoch21 threshold 0.7 Acc 0.9749714285714286, AUC 0.9983071684837341, avg_entr 0.014463628642261028
ep21_t0.7_test_time 0.8681051731109619
Test Epoch21 threshold 0.8 Acc 0.9749714285714286, AUC 0.9983071684837341, avg_entr 0.014463628642261028
ep21_t0.8_test_time 0.8097076416015625
Test Epoch21 threshold 0.9 Acc 0.9749714285714286, AUC 0.9983071684837341, avg_entr 0.014463628642261028
ep21_t0.9_test_time 0.7780272960662842
gc 0
Train Epoch22 Acc 0.9844160714285715 (551273/560000), AUC 0.9984244108200073
ep22_train_time 129.31235599517822
Test Epoch22 threshold 0.1 Acc 0.9766857142857143, AUC 0.998119056224823, avg_entr 0.007004594895988703
ep22_t0.1_test_time 1.6348092555999756
Test Epoch22 threshold 0.2 Acc 0.9754857142857143, AUC 0.9983038306236267, avg_entr 0.013708570040762424
ep22_t0.2_test_time 1.3116450309753418
Test Epoch22 threshold 0.3 Acc 0.975, AUC 0.9983074069023132, avg_entr 0.01445312425494194
ep22_t0.3_test_time 0.7872152328491211
Test Epoch22 threshold 0.4 Acc 0.9749714285714286, AUC 0.9983071684837341, avg_entr 0.014463306404650211
ep22_t0.4_test_time 1.0339243412017822
Test Epoch22 threshold 0.5 Acc 0.9749714285714286, AUC 0.9983071684837341, avg_entr 0.014463306404650211
ep22_t0.5_test_time 1.0091400146484375
Test Epoch22 threshold 0.6 Acc 0.9749714285714286, AUC 0.9983071684837341, avg_entr 0.014463306404650211
ep22_t0.6_test_time 0.7758135795593262
Test Epoch22 threshold 0.7 Acc 0.9749714285714286, AUC 0.9983071684837341, avg_entr 0.014463306404650211
ep22_t0.7_test_time 0.7728312015533447
Test Epoch22 threshold 0.8 Acc 0.9749714285714286, AUC 0.9983071684837341, avg_entr 0.014463306404650211
ep22_t0.8_test_time 0.7735128402709961
Test Epoch22 threshold 0.9 Acc 0.9749714285714286, AUC 0.9983071684837341, avg_entr 0.014463306404650211
ep22_t0.9_test_time 0.7674071788787842
gc 0
Train Epoch23 Acc 0.9843607142857143 (551242/560000), AUC 0.9983970522880554
ep23_train_time 129.28639698028564
Test Epoch23 threshold 0.1 Acc 0.9766857142857143, AUC 0.998119056224823, avg_entr 0.0070018162950873375
ep23_t0.1_test_time 1.2715568542480469
Test Epoch23 threshold 0.2 Acc 0.9754857142857143, AUC 0.9983038902282715, avg_entr 0.013708292506635189
ep23_t0.2_test_time 0.8987393379211426
Test Epoch23 threshold 0.3 Acc 0.975, AUC 0.9983074069023132, avg_entr 0.014452825300395489
ep23_t0.3_test_time 0.9971752166748047
Test Epoch23 threshold 0.4 Acc 0.9749714285714286, AUC 0.9983072280883789, avg_entr 0.01446300558745861
ep23_t0.4_test_time 0.7873234748840332
Test Epoch23 threshold 0.5 Acc 0.9749714285714286, AUC 0.9983072280883789, avg_entr 0.01446300558745861
ep23_t0.5_test_time 0.8056857585906982
Test Epoch23 threshold 0.6 Acc 0.9749714285714286, AUC 0.9983072280883789, avg_entr 0.01446300558745861
ep23_t0.6_test_time 0.9433903694152832
Test Epoch23 threshold 0.7 Acc 0.9749714285714286, AUC 0.9983072280883789, avg_entr 0.01446300558745861
ep23_t0.7_test_time 0.7841837406158447
Test Epoch23 threshold 0.8 Acc 0.9749714285714286, AUC 0.9983072280883789, avg_entr 0.01446300558745861
ep23_t0.8_test_time 0.7771470546722412
Test Epoch23 threshold 0.9 Acc 0.9749714285714286, AUC 0.9983072280883789, avg_entr 0.01446300558745861
ep23_t0.9_test_time 0.7819499969482422
gc 0
Train Epoch24 Acc 0.9843535714285714 (551238/560000), AUC 0.9983840584754944
ep24_train_time 133.00308442115784
Test Epoch24 threshold 0.1 Acc 0.9766857142857143, AUC 0.998119056224823, avg_entr 0.00699857622385025
ep24_t0.1_test_time 1.2885942459106445
Test Epoch24 threshold 0.2 Acc 0.9754857142857143, AUC 0.9983039498329163, avg_entr 0.013707923702895641
ep24_t0.2_test_time 0.9302692413330078
Test Epoch24 threshold 0.3 Acc 0.975, AUC 0.9983074069023132, avg_entr 0.014452513307332993
ep24_t0.3_test_time 0.9598095417022705
Test Epoch24 threshold 0.4 Acc 0.9749714285714286, AUC 0.9983071684837341, avg_entr 0.014462693594396114
ep24_t0.4_test_time 1.0840413570404053
Test Epoch24 threshold 0.5 Acc 0.9749714285714286, AUC 0.9983071684837341, avg_entr 0.014462693594396114
ep24_t0.5_test_time 1.0597844123840332
Test Epoch24 threshold 0.6 Acc 0.9749714285714286, AUC 0.9983071684837341, avg_entr 0.014462693594396114
ep24_t0.6_test_time 1.1265380382537842
Test Epoch24 threshold 0.7 Acc 0.9749714285714286, AUC 0.9983071684837341, avg_entr 0.014462693594396114
ep24_t0.7_test_time 1.131587266921997
Test Epoch24 threshold 0.8 Acc 0.9749714285714286, AUC 0.9983071684837341, avg_entr 0.014462693594396114
ep24_t0.8_test_time 0.7848987579345703
Test Epoch24 threshold 0.9 Acc 0.9749714285714286, AUC 0.9983071684837341, avg_entr 0.014462693594396114
ep24_t0.9_test_time 0.8290297985076904
gc 0
Train Epoch25 Acc 0.9843214285714286 (551220/560000), AUC 0.998407244682312
ep25_train_time 131.42163062095642
Test Epoch25 threshold 0.1 Acc 0.9766857142857143, AUC 0.9981191754341125, avg_entr 0.007000938523560762
ep25_t0.1_test_time 1.621535062789917
Test Epoch25 threshold 0.2 Acc 0.9754857142857143, AUC 0.9983039498329163, avg_entr 0.013707583770155907
ep25_t0.2_test_time 1.056396722793579
Test Epoch25 threshold 0.3 Acc 0.975, AUC 0.9983074069023132, avg_entr 0.014452200382947922
ep25_t0.3_test_time 0.8963119983673096
Test Epoch25 threshold 0.4 Acc 0.9749714285714286, AUC 0.9983071684837341, avg_entr 0.014462381601333618
ep25_t0.4_test_time 0.7837774753570557
Test Epoch25 threshold 0.5 Acc 0.9749714285714286, AUC 0.9983071684837341, avg_entr 0.014462381601333618
ep25_t0.5_test_time 0.878528356552124
Test Epoch25 threshold 0.6 Acc 0.9749714285714286, AUC 0.9983071684837341, avg_entr 0.014462381601333618
ep25_t0.6_test_time 0.8017892837524414
Test Epoch25 threshold 0.7 Acc 0.9749714285714286, AUC 0.9983071684837341, avg_entr 0.014462381601333618
ep25_t0.7_test_time 0.8133668899536133
Test Epoch25 threshold 0.8 Acc 0.9749714285714286, AUC 0.9983071684837341, avg_entr 0.014462381601333618
ep25_t0.8_test_time 0.9457106590270996
Test Epoch25 threshold 0.9 Acc 0.9749714285714286, AUC 0.9983071684837341, avg_entr 0.014462381601333618
ep25_t0.9_test_time 0.7755661010742188
gc 0
Train Epoch26 Acc 0.9843446428571428 (551233/560000), AUC 0.9984151721000671
ep26_train_time 130.85462856292725
Test Epoch26 threshold 0.1 Acc 0.9766571428571429, AUC 0.9981188774108887, avg_entr 0.00700338464230299
ep26_t0.1_test_time 1.9395008087158203
Test Epoch26 threshold 0.2 Acc 0.9754571428571429, AUC 0.9983038306236267, avg_entr 0.013707277365028858
ep26_t0.2_test_time 1.3943672180175781
Test Epoch26 threshold 0.3 Acc 0.9749714285714286, AUC 0.9983074069023132, avg_entr 0.014451886527240276
ep26_t0.3_test_time 1.070960521697998
Test Epoch26 threshold 0.4 Acc 0.9749428571428571, AUC 0.9983072280883789, avg_entr 0.014462066814303398
ep26_t0.4_test_time 0.7946717739105225
Test Epoch26 threshold 0.5 Acc 0.9749428571428571, AUC 0.9983072280883789, avg_entr 0.014462066814303398
ep26_t0.5_test_time 0.78244948387146
Test Epoch26 threshold 0.6 Acc 0.9749428571428571, AUC 0.9983072280883789, avg_entr 0.014462066814303398
ep26_t0.6_test_time 0.8055891990661621
Test Epoch26 threshold 0.7 Acc 0.9749428571428571, AUC 0.9983072280883789, avg_entr 0.014462066814303398
ep26_t0.7_test_time 0.7883105278015137
Test Epoch26 threshold 0.8 Acc 0.9749428571428571, AUC 0.9983072280883789, avg_entr 0.014462066814303398
ep26_t0.8_test_time 0.7806532382965088
Test Epoch26 threshold 0.9 Acc 0.9749428571428571, AUC 0.9983072280883789, avg_entr 0.014462066814303398
ep26_t0.9_test_time 0.7749032974243164
gc 0
Train Epoch27 Acc 0.9843535714285714 (551238/560000), AUC 0.9984226226806641
ep27_train_time 133.01901960372925
Test Epoch27 threshold 0.1 Acc 0.9766571428571429, AUC 0.998119056224823, avg_entr 0.007003166247159243
ep27_t0.1_test_time 1.41218900680542
Test Epoch27 threshold 0.2 Acc 0.9754571428571429, AUC 0.9983039498329163, avg_entr 0.013707013800740242
ep27_t0.2_test_time 0.8905348777770996
Test Epoch27 threshold 0.3 Acc 0.9749714285714286, AUC 0.9983074069023132, avg_entr 0.014451565220952034
ep27_t0.3_test_time 0.7760367393493652
Test Epoch27 threshold 0.4 Acc 0.9749428571428571, AUC 0.9983072876930237, avg_entr 0.014461744576692581
ep27_t0.4_test_time 0.7788279056549072
Test Epoch27 threshold 0.5 Acc 0.9749428571428571, AUC 0.9983072876930237, avg_entr 0.014461744576692581
ep27_t0.5_test_time 1.0215404033660889
Test Epoch27 threshold 0.6 Acc 0.9749428571428571, AUC 0.9983072876930237, avg_entr 0.014461744576692581
ep27_t0.6_test_time 0.9809417724609375
Test Epoch27 threshold 0.7 Acc 0.9749428571428571, AUC 0.9983072876930237, avg_entr 0.014461744576692581
ep27_t0.7_test_time 0.7677834033966064
Test Epoch27 threshold 0.8 Acc 0.9749428571428571, AUC 0.9983072876930237, avg_entr 0.014461744576692581
ep27_t0.8_test_time 0.7855880260467529
Test Epoch27 threshold 0.9 Acc 0.9749428571428571, AUC 0.9983072876930237, avg_entr 0.014461744576692581
ep27_t0.9_test_time 1.0163655281066895
gc 0
Train Epoch28 Acc 0.9843928571428572 (551260/560000), AUC 0.9983973503112793
ep28_train_time 130.1846694946289
Test Epoch28 threshold 0.1 Acc 0.9766571428571429, AUC 0.9981189966201782, avg_entr 0.00699987169355154
ep28_t0.1_test_time 1.251000165939331
Test Epoch28 threshold 0.2 Acc 0.9754571428571429, AUC 0.9983039498329163, avg_entr 0.013706713914871216
ep28_t0.2_test_time 0.8980982303619385
Test Epoch28 threshold 0.3 Acc 0.9749714285714286, AUC 0.9983074069023132, avg_entr 0.014451258815824986
ep28_t0.3_test_time 0.7816193103790283
Test Epoch28 threshold 0.4 Acc 0.9749428571428571, AUC 0.9983072280883789, avg_entr 0.014461438171565533
ep28_t0.4_test_time 0.7798471450805664
Test Epoch28 threshold 0.5 Acc 0.9749428571428571, AUC 0.9983072280883789, avg_entr 0.014461438171565533
ep28_t0.5_test_time 0.7743515968322754
Test Epoch28 threshold 0.6 Acc 0.9749428571428571, AUC 0.9983072280883789, avg_entr 0.014461438171565533
ep28_t0.6_test_time 0.7773745059967041
Test Epoch28 threshold 0.7 Acc 0.9749428571428571, AUC 0.9983072280883789, avg_entr 0.014461438171565533
ep28_t0.7_test_time 0.7801225185394287
Test Epoch28 threshold 0.8 Acc 0.9749428571428571, AUC 0.9983072280883789, avg_entr 0.014461438171565533
ep28_t0.8_test_time 0.7796270847320557
Test Epoch28 threshold 0.9 Acc 0.9749428571428571, AUC 0.9983072280883789, avg_entr 0.014461438171565533
ep28_t0.9_test_time 0.788705587387085
gc 0
Train Epoch29 Acc 0.9843946428571428 (551261/560000), AUC 0.9983827471733093
ep29_train_time 126.83494019508362
Test Epoch29 threshold 0.1 Acc 0.9766571428571429, AUC 0.9981189966201782, avg_entr 0.006999424193054438
ep29_t0.1_test_time 1.2539372444152832
Test Epoch29 threshold 0.2 Acc 0.9754571428571429, AUC 0.9983039498329163, avg_entr 0.01370640005916357
ep29_t0.2_test_time 0.942734956741333
Test Epoch29 threshold 0.3 Acc 0.9749714285714286, AUC 0.9983074069023132, avg_entr 0.01445093099027872
ep29_t0.3_test_time 0.7800824642181396
Test Epoch29 threshold 0.4 Acc 0.9749428571428571, AUC 0.9983072876930237, avg_entr 0.014461110346019268
ep29_t0.4_test_time 0.8180334568023682
Test Epoch29 threshold 0.5 Acc 0.9749428571428571, AUC 0.9983072876930237, avg_entr 0.014461110346019268
ep29_t0.5_test_time 0.7916529178619385
Test Epoch29 threshold 0.6 Acc 0.9749428571428571, AUC 0.9983072876930237, avg_entr 0.014461110346019268
ep29_t0.6_test_time 0.837834358215332
Test Epoch29 threshold 0.7 Acc 0.9749428571428571, AUC 0.9983072876930237, avg_entr 0.014461110346019268
ep29_t0.7_test_time 0.7814624309539795
Test Epoch29 threshold 0.8 Acc 0.9749428571428571, AUC 0.9983072876930237, avg_entr 0.014461110346019268
ep29_t0.8_test_time 0.9349770545959473
Test Epoch29 threshold 0.9 Acc 0.9749428571428571, AUC 0.9983072876930237, avg_entr 0.014461110346019268
ep29_t0.9_test_time 0.9684467315673828
gc 0
Train Epoch30 Acc 0.9843839285714285 (551255/560000), AUC 0.9983897805213928
ep30_train_time 127.8473789691925
Test Epoch30 threshold 0.1 Acc 0.9766571428571429, AUC 0.9981189370155334, avg_entr 0.006998944096267223
ep30_t0.1_test_time 1.256824016571045
Test Epoch30 threshold 0.2 Acc 0.9754571428571429, AUC 0.9983039498329163, avg_entr 0.01370615791529417
ep30_t0.2_test_time 0.8976147174835205
Test Epoch30 threshold 0.3 Acc 0.9749714285714286, AUC 0.9983075261116028, avg_entr 0.014450647868216038
ep30_t0.3_test_time 0.7863595485687256
Test Epoch30 threshold 0.4 Acc 0.9749428571428571, AUC 0.9983072876930237, avg_entr 0.01446082629263401
ep30_t0.4_test_time 1.0507452487945557
Test Epoch30 threshold 0.5 Acc 0.9749428571428571, AUC 0.9983072876930237, avg_entr 0.01446082629263401
ep30_t0.5_test_time 0.8475618362426758
Test Epoch30 threshold 0.6 Acc 0.9749428571428571, AUC 0.9983072876930237, avg_entr 0.01446082629263401
ep30_t0.6_test_time 1.0267119407653809
Test Epoch30 threshold 0.7 Acc 0.9749428571428571, AUC 0.9983072876930237, avg_entr 0.01446082629263401
ep30_t0.7_test_time 1.0532751083374023
Test Epoch30 threshold 0.8 Acc 0.9749428571428571, AUC 0.9983072876930237, avg_entr 0.01446082629263401
ep30_t0.8_test_time 0.7777204513549805
Test Epoch30 threshold 0.9 Acc 0.9749428571428571, AUC 0.9983072876930237, avg_entr 0.01446082629263401
ep30_t0.9_test_time 0.9485230445861816
gc 0
Train Epoch31 Acc 0.9843821428571429 (551254/560000), AUC 0.9984155297279358
ep31_train_time 136.6127107143402
Test Epoch31 threshold 0.1 Acc 0.9766571428571429, AUC 0.9981188178062439, avg_entr 0.007000823970884085
ep31_t0.1_test_time 1.2677013874053955
Test Epoch31 threshold 0.2 Acc 0.9754571428571429, AUC 0.9983039498329163, avg_entr 0.01370585523545742
ep31_t0.2_test_time 0.898751974105835
Test Epoch31 threshold 0.3 Acc 0.9749714285714286, AUC 0.9983075261116028, avg_entr 0.014450324699282646
ep31_t0.3_test_time 0.840524435043335
Test Epoch31 threshold 0.4 Acc 0.9749428571428571, AUC 0.9983072876930237, avg_entr 0.01446050126105547
ep31_t0.4_test_time 0.7813625335693359
Test Epoch31 threshold 0.5 Acc 0.9749428571428571, AUC 0.9983072876930237, avg_entr 0.01446050126105547
ep31_t0.5_test_time 0.7796111106872559
Test Epoch31 threshold 0.6 Acc 0.9749428571428571, AUC 0.9983072876930237, avg_entr 0.01446050126105547
ep31_t0.6_test_time 0.8268899917602539
Test Epoch31 threshold 0.7 Acc 0.9749428571428571, AUC 0.9983072876930237, avg_entr 0.01446050126105547
ep31_t0.7_test_time 0.7841925621032715
Test Epoch31 threshold 0.8 Acc 0.9749428571428571, AUC 0.9983072876930237, avg_entr 0.01446050126105547
ep31_t0.8_test_time 0.7808749675750732
Test Epoch31 threshold 0.9 Acc 0.9749428571428571, AUC 0.9983072876930237, avg_entr 0.01446050126105547
ep31_t0.9_test_time 0.7925350666046143
gc 0
Train Epoch32 Acc 0.9844071428571428 (551268/560000), AUC 0.9983819723129272
ep32_train_time 129.13274836540222
Test Epoch32 threshold 0.1 Acc 0.9766571428571429, AUC 0.9981188178062439, avg_entr 0.007001004181802273
ep32_t0.1_test_time 1.7063782215118408
Test Epoch32 threshold 0.2 Acc 0.9754571428571429, AUC 0.9983039498329163, avg_entr 0.013705536723136902
ep32_t0.2_test_time 0.9695253372192383
Test Epoch32 threshold 0.3 Acc 0.9749714285714286, AUC 0.9983075261116028, avg_entr 0.014450015500187874
ep32_t0.3_test_time 1.0250685214996338
Test Epoch32 threshold 0.4 Acc 0.9749428571428571, AUC 0.9983072280883789, avg_entr 0.014460192993283272
ep32_t0.4_test_time 0.8476352691650391
Test Epoch32 threshold 0.5 Acc 0.9749428571428571, AUC 0.9983072280883789, avg_entr 0.014460192993283272
ep32_t0.5_test_time 1.0135257244110107
Test Epoch32 threshold 0.6 Acc 0.9749428571428571, AUC 0.9983072280883789, avg_entr 0.014460192993283272
ep32_t0.6_test_time 0.7895777225494385
Test Epoch32 threshold 0.7 Acc 0.9749428571428571, AUC 0.9983072280883789, avg_entr 0.014460192993283272
ep32_t0.7_test_time 0.9855685234069824
Test Epoch32 threshold 0.8 Acc 0.9749428571428571, AUC 0.9983072280883789, avg_entr 0.014460192993283272
ep32_t0.8_test_time 0.831336259841919
Test Epoch32 threshold 0.9 Acc 0.9749428571428571, AUC 0.9983072280883789, avg_entr 0.014460192993283272
ep32_t0.9_test_time 0.9397711753845215
gc 0
Train Epoch33 Acc 0.9844678571428571 (551302/560000), AUC 0.9984025955200195
ep33_train_time 133.07152485847473
Test Epoch33 threshold 0.1 Acc 0.9766571428571429, AUC 0.9981188178062439, avg_entr 0.007000556215643883
ep33_t0.1_test_time 1.2705748081207275
Test Epoch33 threshold 0.2 Acc 0.9754571428571429, AUC 0.9983039498329163, avg_entr 0.013705207034945488
ep33_t0.2_test_time 0.952164888381958
Test Epoch33 threshold 0.3 Acc 0.9749714285714286, AUC 0.9983075857162476, avg_entr 0.014449710957705975
ep33_t0.3_test_time 0.7914595603942871
Test Epoch33 threshold 0.4 Acc 0.9749428571428571, AUC 0.9983072876930237, avg_entr 0.014459887519478798
ep33_t0.4_test_time 0.7897930145263672
Test Epoch33 threshold 0.5 Acc 0.9749428571428571, AUC 0.9983072876930237, avg_entr 0.014459887519478798
ep33_t0.5_test_time 0.7838559150695801
Test Epoch33 threshold 0.6 Acc 0.9749428571428571, AUC 0.9983072876930237, avg_entr 0.014459887519478798
ep33_t0.6_test_time 0.8540160655975342
Test Epoch33 threshold 0.7 Acc 0.9749428571428571, AUC 0.9983072876930237, avg_entr 0.014459887519478798
ep33_t0.7_test_time 0.7952537536621094
Test Epoch33 threshold 0.8 Acc 0.9749428571428571, AUC 0.9983072876930237, avg_entr 0.014459887519478798
ep33_t0.8_test_time 0.792119026184082
Test Epoch33 threshold 0.9 Acc 0.9749428571428571, AUC 0.9983072876930237, avg_entr 0.014459887519478798
ep33_t0.9_test_time 0.7945590019226074
gc 0
Train Epoch34 Acc 0.9843910714285714 (551259/560000), AUC 0.9984182715415955
ep34_train_time 134.17536640167236
Test Epoch34 threshold 0.1 Acc 0.9766571428571429, AUC 0.9981188774108887, avg_entr 0.006997402291744947
ep34_t0.1_test_time 1.2652063369750977
Test Epoch34 threshold 0.2 Acc 0.9754571428571429, AUC 0.9983039498329163, avg_entr 0.013704907149076462
ep34_t0.2_test_time 1.0386693477630615
Test Epoch34 threshold 0.3 Acc 0.9749714285714286, AUC 0.9983076453208923, avg_entr 0.014449412003159523
ep34_t0.3_test_time 1.0415186882019043
Save ckpt to ckpt/dbpedia_14_transformeral_l5ad_pad40//dbpedia_14_transformeral_l5.pt  ,ep 34
Test Epoch34 threshold 0.4 Acc 0.9749428571428571, AUC 0.9983072876930237, avg_entr 0.014459589496254921
ep34_t0.4_test_time 0.7744641304016113
Test Epoch34 threshold 0.5 Acc 0.9749428571428571, AUC 0.9983072876930237, avg_entr 0.014459589496254921
ep34_t0.5_test_time 0.7799358367919922
Test Epoch34 threshold 0.6 Acc 0.9749428571428571, AUC 0.9983072876930237, avg_entr 0.014459589496254921
ep34_t0.6_test_time 0.8703148365020752
Test Epoch34 threshold 0.7 Acc 0.9749428571428571, AUC 0.9983072876930237, avg_entr 0.014459589496254921
ep34_t0.7_test_time 0.7760674953460693
Test Epoch34 threshold 0.8 Acc 0.9749428571428571, AUC 0.9983072876930237, avg_entr 0.014459589496254921
ep34_t0.8_test_time 0.781954288482666
Test Epoch34 threshold 0.9 Acc 0.9749428571428571, AUC 0.9983072876930237, avg_entr 0.014459589496254921
ep34_t0.9_test_time 1.045729398727417
gc 0
Train Epoch35 Acc 0.9843517857142857 (551237/560000), AUC 0.9983848333358765
ep35_train_time 127.59570908546448
Test Epoch35 threshold 0.1 Acc 0.9766571428571429, AUC 0.9981188774108887, avg_entr 0.006997071206569672
ep35_t0.1_test_time 1.2551968097686768
Test Epoch35 threshold 0.2 Acc 0.9754571428571429, AUC 0.998304009437561, avg_entr 0.013704595156013966
ep35_t0.2_test_time 0.8948442935943604
Test Epoch35 threshold 0.3 Acc 0.9749714285714286, AUC 0.9983076453208923, avg_entr 0.014449084177613258
ep35_t0.3_test_time 0.7821066379547119
Save ckpt to ckpt/dbpedia_14_transformeral_l5ad_pad40//dbpedia_14_transformeral_l5.pt  ,ep 35
Test Epoch35 threshold 0.4 Acc 0.9749428571428571, AUC 0.9983072876930237, avg_entr 0.014459261670708656
ep35_t0.4_test_time 0.9750967025756836
Test Epoch35 threshold 0.5 Acc 0.9749428571428571, AUC 0.9983072876930237, avg_entr 0.014459261670708656
ep35_t0.5_test_time 0.7721612453460693
Test Epoch35 threshold 0.6 Acc 0.9749428571428571, AUC 0.9983072876930237, avg_entr 0.014459261670708656
ep35_t0.6_test_time 0.935966968536377
Test Epoch35 threshold 0.7 Acc 0.9749428571428571, AUC 0.9983072876930237, avg_entr 0.014459261670708656
ep35_t0.7_test_time 0.7723948955535889
Test Epoch35 threshold 0.8 Acc 0.9749428571428571, AUC 0.9983072876930237, avg_entr 0.014459261670708656
ep35_t0.8_test_time 0.7972829341888428
Test Epoch35 threshold 0.9 Acc 0.9749428571428571, AUC 0.9983072876930237, avg_entr 0.014459261670708656
ep35_t0.9_test_time 0.7738561630249023
gc 0
Train Epoch36 Acc 0.9843553571428572 (551239/560000), AUC 0.9983968138694763
ep36_train_time 128.47367334365845
Test Epoch36 threshold 0.1 Acc 0.9766571428571429, AUC 0.9981188178062439, avg_entr 0.006994917523115873
ep36_t0.1_test_time 1.2676448822021484
Test Epoch36 threshold 0.2 Acc 0.9754571428571429, AUC 0.9983039498329163, avg_entr 0.013704273849725723
ep36_t0.2_test_time 0.9180245399475098
Test Epoch36 threshold 0.3 Acc 0.9749714285714286, AUC 0.9983076453208923, avg_entr 0.014448768459260464
ep36_t0.3_test_time 0.7875978946685791
Save ckpt to ckpt/dbpedia_14_transformeral_l5ad_pad40//dbpedia_14_transformeral_l5.pt  ,ep 36
Test Epoch36 threshold 0.4 Acc 0.9749428571428571, AUC 0.9983073472976685, avg_entr 0.014458944089710712
ep36_t0.4_test_time 0.7891004085540771
Test Epoch36 threshold 0.5 Acc 0.9749428571428571, AUC 0.9983073472976685, avg_entr 0.014458944089710712
ep36_t0.5_test_time 0.7886817455291748
Test Epoch36 threshold 0.6 Acc 0.9749428571428571, AUC 0.9983073472976685, avg_entr 0.014458944089710712
ep36_t0.6_test_time 0.7842776775360107
Test Epoch36 threshold 0.7 Acc 0.9749428571428571, AUC 0.9983073472976685, avg_entr 0.014458944089710712
ep36_t0.7_test_time 0.7807953357696533
Test Epoch36 threshold 0.8 Acc 0.9749428571428571, AUC 0.9983073472976685, avg_entr 0.014458944089710712
ep36_t0.8_test_time 0.792548418045044
Test Epoch36 threshold 0.9 Acc 0.9749428571428571, AUC 0.9983073472976685, avg_entr 0.014458944089710712
ep36_t0.9_test_time 0.787419319152832
gc 0
Train Epoch37 Acc 0.9844339285714285 (551283/560000), AUC 0.9983955025672913
ep37_train_time 127.27092480659485
Test Epoch37 threshold 0.1 Acc 0.9766571428571429, AUC 0.9981206655502319, avg_entr 0.006999648176133633
ep37_t0.1_test_time 1.2696473598480225
Test Epoch37 threshold 0.2 Acc 0.9754571428571429, AUC 0.9983039498329163, avg_entr 0.013703946024179459
ep37_t0.2_test_time 0.9189388751983643
Test Epoch37 threshold 0.3 Acc 0.9749714285714286, AUC 0.9983076453208923, avg_entr 0.014448452740907669
ep37_t0.3_test_time 0.7907111644744873
Save ckpt to ckpt/dbpedia_14_transformeral_l5ad_pad40//dbpedia_14_transformeral_l5.pt  ,ep 37
Test Epoch37 threshold 0.4 Acc 0.9749428571428571, AUC 0.9983073472976685, avg_entr 0.014458628371357918
ep37_t0.4_test_time 0.7872951030731201
Test Epoch37 threshold 0.5 Acc 0.9749428571428571, AUC 0.9983073472976685, avg_entr 0.014458628371357918
ep37_t0.5_test_time 0.788355827331543
Test Epoch37 threshold 0.6 Acc 0.9749428571428571, AUC 0.9983073472976685, avg_entr 0.014458628371357918
ep37_t0.6_test_time 0.7871997356414795
Test Epoch37 threshold 0.7 Acc 0.9749428571428571, AUC 0.9983073472976685, avg_entr 0.014458628371357918
ep37_t0.7_test_time 0.7842464447021484
Test Epoch37 threshold 0.8 Acc 0.9749428571428571, AUC 0.9983073472976685, avg_entr 0.014458628371357918
ep37_t0.8_test_time 0.7904102802276611
Test Epoch37 threshold 0.9 Acc 0.9749428571428571, AUC 0.9983073472976685, avg_entr 0.014458628371357918
ep37_t0.9_test_time 0.789196252822876
gc 0
Train Epoch38 Acc 0.9843446428571428 (551233/560000), AUC 0.9983839392662048
ep38_train_time 131.94754099845886
Test Epoch38 threshold 0.1 Acc 0.9766571428571429, AUC 0.9981206059455872, avg_entr 0.006999209523200989
ep38_t0.1_test_time 1.268125295639038
Test Epoch38 threshold 0.2 Acc 0.9754571428571429, AUC 0.9983039498329163, avg_entr 0.013703637756407261
ep38_t0.2_test_time 0.9001166820526123
Test Epoch38 threshold 0.3 Acc 0.9749714285714286, AUC 0.9983076453208923, avg_entr 0.014448154717683792
ep38_t0.3_test_time 0.779799222946167
Save ckpt to ckpt/dbpedia_14_transformeral_l5ad_pad40//dbpedia_14_transformeral_l5.pt  ,ep 38
Test Epoch38 threshold 0.4 Acc 0.9749428571428571, AUC 0.9983073472976685, avg_entr 0.01445833034813404
ep38_t0.4_test_time 0.8950710296630859
Test Epoch38 threshold 0.5 Acc 0.9749428571428571, AUC 0.9983073472976685, avg_entr 0.01445833034813404
ep38_t0.5_test_time 0.7756688594818115
Test Epoch38 threshold 0.6 Acc 0.9749428571428571, AUC 0.9983073472976685, avg_entr 0.01445833034813404
ep38_t0.6_test_time 0.7831857204437256
Test Epoch38 threshold 0.7 Acc 0.9749428571428571, AUC 0.9983073472976685, avg_entr 0.01445833034813404
ep38_t0.7_test_time 0.810422420501709
Test Epoch38 threshold 0.8 Acc 0.9749428571428571, AUC 0.9983073472976685, avg_entr 0.01445833034813404
ep38_t0.8_test_time 0.967266321182251
Test Epoch38 threshold 0.9 Acc 0.9749428571428571, AUC 0.9983073472976685, avg_entr 0.01445833034813404
ep38_t0.9_test_time 0.7774019241333008
gc 0
Train Epoch39 Acc 0.9843517857142857 (551237/560000), AUC 0.998400092124939
ep39_train_time 122.17753553390503
Test Epoch39 threshold 0.1 Acc 0.9766571428571429, AUC 0.9981185793876648, avg_entr 0.006998187862336636
ep39_t0.1_test_time 0.9813668727874756
Test Epoch39 threshold 0.2 Acc 0.9754571428571429, AUC 0.9983039498329163, avg_entr 0.013703330419957638
ep39_t0.2_test_time 0.6781995296478271
Test Epoch39 threshold 0.3 Acc 0.9749714285714286, AUC 0.9983076453208923, avg_entr 0.014447834342718124
ep39_t0.3_test_time 0.5932049751281738
Save ckpt to ckpt/dbpedia_14_transformeral_l5ad_pad40//dbpedia_14_transformeral_l5.pt  ,ep 39
Test Epoch39 threshold 0.4 Acc 0.9749428571428571, AUC 0.9983073472976685, avg_entr 0.014458009973168373
ep39_t0.4_test_time 0.5912337303161621
Test Epoch39 threshold 0.5 Acc 0.9749428571428571, AUC 0.9983073472976685, avg_entr 0.014458009973168373
ep39_t0.5_test_time 0.5884056091308594
Test Epoch39 threshold 0.6 Acc 0.9749428571428571, AUC 0.9983073472976685, avg_entr 0.014458009973168373
ep39_t0.6_test_time 0.5987856388092041
Test Epoch39 threshold 0.7 Acc 0.9749428571428571, AUC 0.9983073472976685, avg_entr 0.014458009973168373
ep39_t0.7_test_time 0.5855023860931396
Test Epoch39 threshold 0.8 Acc 0.9749428571428571, AUC 0.9983073472976685, avg_entr 0.014458009973168373
ep39_t0.8_test_time 0.5954117774963379
Test Epoch39 threshold 0.9 Acc 0.9749428571428571, AUC 0.9983073472976685, avg_entr 0.014458009973168373
ep39_t0.9_test_time 0.5875623226165771
gc 0
Train Epoch40 Acc 0.9844053571428572 (551267/560000), AUC 0.9983957409858704
ep40_train_time 120.04405498504639
Test Epoch40 threshold 0.1 Acc 0.9766571428571429, AUC 0.9981204271316528, avg_entr 0.006998169701546431
ep40_t0.1_test_time 0.9956634044647217
Test Epoch40 threshold 0.2 Acc 0.9754571428571429, AUC 0.998304009437561, avg_entr 0.013702960684895515
ep40_t0.2_test_time 0.6848886013031006
Test Epoch40 threshold 0.3 Acc 0.9749714285714286, AUC 0.9983076453208923, avg_entr 0.0144475307315588
ep40_t0.3_test_time 0.5874474048614502
Save ckpt to ckpt/dbpedia_14_transformeral_l5ad_pad40//dbpedia_14_transformeral_l5.pt  ,ep 40
Test Epoch40 threshold 0.4 Acc 0.9749428571428571, AUC 0.9983073472976685, avg_entr 0.014457705430686474
ep40_t0.4_test_time 0.5933706760406494
Test Epoch40 threshold 0.5 Acc 0.9749428571428571, AUC 0.9983073472976685, avg_entr 0.014457705430686474
ep40_t0.5_test_time 0.5932836532592773
Test Epoch40 threshold 0.6 Acc 0.9749428571428571, AUC 0.9983073472976685, avg_entr 0.014457705430686474
ep40_t0.6_test_time 0.5977573394775391
Test Epoch40 threshold 0.7 Acc 0.9749428571428571, AUC 0.9983073472976685, avg_entr 0.014457705430686474
ep40_t0.7_test_time 0.586087703704834
Test Epoch40 threshold 0.8 Acc 0.9749428571428571, AUC 0.9983073472976685, avg_entr 0.014457705430686474
ep40_t0.8_test_time 0.5909922122955322
Test Epoch40 threshold 0.9 Acc 0.9749428571428571, AUC 0.9983073472976685, avg_entr 0.014457705430686474
ep40_t0.9_test_time 0.5853159427642822
gc 0
Train Epoch41 Acc 0.9843821428571429 (551254/560000), AUC 0.998416543006897
ep41_train_time 120.2488911151886
Test Epoch41 threshold 0.1 Acc 0.9766571428571429, AUC 0.9981207251548767, avg_entr 0.006999892182648182
ep41_t0.1_test_time 0.9391684532165527
Test Epoch41 threshold 0.2 Acc 0.9754571428571429, AUC 0.9983040690422058, avg_entr 0.013702642172574997
ep41_t0.2_test_time 0.6839983463287354
Test Epoch41 threshold 0.3 Acc 0.9749714285714286, AUC 0.9983076453208923, avg_entr 0.014447225257754326
ep41_t0.3_test_time 0.6017329692840576
Save ckpt to ckpt/dbpedia_14_transformeral_l5ad_pad40//dbpedia_14_transformeral_l5.pt  ,ep 41
Test Epoch41 threshold 0.4 Acc 0.9749428571428571, AUC 0.9983073472976685, avg_entr 0.014457399025559425
ep41_t0.4_test_time 0.5982229709625244
Test Epoch41 threshold 0.5 Acc 0.9749428571428571, AUC 0.9983073472976685, avg_entr 0.014457399025559425
ep41_t0.5_test_time 0.6004853248596191
Test Epoch41 threshold 0.6 Acc 0.9749428571428571, AUC 0.9983073472976685, avg_entr 0.014457399025559425
ep41_t0.6_test_time 0.5858447551727295
Test Epoch41 threshold 0.7 Acc 0.9749428571428571, AUC 0.9983073472976685, avg_entr 0.014457399025559425
ep41_t0.7_test_time 0.5858681201934814
Test Epoch41 threshold 0.8 Acc 0.9749428571428571, AUC 0.9983073472976685, avg_entr 0.014457399025559425
ep41_t0.8_test_time 0.5873110294342041
Test Epoch41 threshold 0.9 Acc 0.9749428571428571, AUC 0.9983073472976685, avg_entr 0.014457399025559425
ep41_t0.9_test_time 0.5878138542175293
gc 0
Train Epoch42 Acc 0.9843375 (551229/560000), AUC 0.9983993172645569
ep42_train_time 120.6620819568634
Test Epoch42 threshold 0.1 Acc 0.9766571428571429, AUC 0.9981209635734558, avg_entr 0.007001576945185661
ep42_t0.1_test_time 0.9437921047210693
Test Epoch42 threshold 0.2 Acc 0.9754571428571429, AUC 0.9983040690422058, avg_entr 0.013702326454222202
ep42_t0.2_test_time 0.6675994396209717
Test Epoch42 threshold 0.3 Acc 0.9749714285714286, AUC 0.9983076453208923, avg_entr 0.014446916989982128
ep42_t0.3_test_time 0.5901951789855957
Save ckpt to ckpt/dbpedia_14_transformeral_l5ad_pad40//dbpedia_14_transformeral_l5.pt  ,ep 42
Test Epoch42 threshold 0.4 Acc 0.9749428571428571, AUC 0.9983073472976685, avg_entr 0.014457090757787228
ep42_t0.4_test_time 0.5896492004394531
Test Epoch42 threshold 0.5 Acc 0.9749428571428571, AUC 0.9983073472976685, avg_entr 0.014457090757787228
ep42_t0.5_test_time 0.5879571437835693
Test Epoch42 threshold 0.6 Acc 0.9749428571428571, AUC 0.9983073472976685, avg_entr 0.014457090757787228
ep42_t0.6_test_time 0.5878241062164307
Test Epoch42 threshold 0.7 Acc 0.9749428571428571, AUC 0.9983073472976685, avg_entr 0.014457090757787228
ep42_t0.7_test_time 0.5867211818695068
Test Epoch42 threshold 0.8 Acc 0.9749428571428571, AUC 0.9983073472976685, avg_entr 0.014457090757787228
ep42_t0.8_test_time 0.586047887802124
Test Epoch42 threshold 0.9 Acc 0.9749428571428571, AUC 0.9983073472976685, avg_entr 0.014457090757787228
ep42_t0.9_test_time 0.5834312438964844
gc 0
Train Epoch43 Acc 0.9844321428571429 (551282/560000), AUC 0.9983852505683899
ep43_train_time 120.47740697860718
Test Epoch43 threshold 0.1 Acc 0.9766571428571429, AUC 0.9981207251548767, avg_entr 0.007003869861364365
ep43_t0.1_test_time 0.9595468044281006
Test Epoch43 threshold 0.2 Acc 0.9754571428571429, AUC 0.9983040690422058, avg_entr 0.013702040538191795
ep43_t0.2_test_time 0.6856369972229004
Test Epoch43 threshold 0.3 Acc 0.9749714285714286, AUC 0.9983076453208923, avg_entr 0.01444661058485508
ep43_t0.3_test_time 0.5898809432983398
Save ckpt to ckpt/dbpedia_14_transformeral_l5ad_pad40//dbpedia_14_transformeral_l5.pt  ,ep 43
Test Epoch43 threshold 0.4 Acc 0.9749428571428571, AUC 0.9983073472976685, avg_entr 0.014456783421337605
ep43_t0.4_test_time 0.5940806865692139
Test Epoch43 threshold 0.5 Acc 0.9749428571428571, AUC 0.9983073472976685, avg_entr 0.014456783421337605
ep43_t0.5_test_time 0.5887930393218994
Test Epoch43 threshold 0.6 Acc 0.9749428571428571, AUC 0.9983073472976685, avg_entr 0.014456783421337605
ep43_t0.6_test_time 0.5883831977844238
Test Epoch43 threshold 0.7 Acc 0.9749428571428571, AUC 0.9983073472976685, avg_entr 0.014456783421337605
ep43_t0.7_test_time 0.5898289680480957
Test Epoch43 threshold 0.8 Acc 0.9749428571428571, AUC 0.9983073472976685, avg_entr 0.014456783421337605
ep43_t0.8_test_time 0.6117877960205078
Test Epoch43 threshold 0.9 Acc 0.9749428571428571, AUC 0.9983073472976685, avg_entr 0.014456783421337605
ep43_t0.9_test_time 0.5879201889038086
gc 0
Train Epoch44 Acc 0.9844375 (551285/560000), AUC 0.9984146356582642
ep44_train_time 120.49133133888245
Test Epoch44 threshold 0.1 Acc 0.9766571428571429, AUC 0.9981207251548767, avg_entr 0.007003522478044033
ep44_t0.1_test_time 0.9656071662902832
Test Epoch44 threshold 0.2 Acc 0.9754571428571429, AUC 0.9983040690422058, avg_entr 0.01370175089687109
ep44_t0.2_test_time 0.6826825141906738
Test Epoch44 threshold 0.3 Acc 0.9749714285714286, AUC 0.9983076453208923, avg_entr 0.014446316286921501
ep44_t0.3_test_time 0.6027896404266357
Save ckpt to ckpt/dbpedia_14_transformeral_l5ad_pad40//dbpedia_14_transformeral_l5.pt  ,ep 44
Test Epoch44 threshold 0.4 Acc 0.9749428571428571, AUC 0.9983074069023132, avg_entr 0.014456489123404026
ep44_t0.4_test_time 0.5862963199615479
Test Epoch44 threshold 0.5 Acc 0.9749428571428571, AUC 0.9983074069023132, avg_entr 0.014456489123404026
ep44_t0.5_test_time 0.5892446041107178
Test Epoch44 threshold 0.6 Acc 0.9749428571428571, AUC 0.9983074069023132, avg_entr 0.014456489123404026
ep44_t0.6_test_time 0.5808718204498291
Test Epoch44 threshold 0.7 Acc 0.9749428571428571, AUC 0.9983074069023132, avg_entr 0.014456489123404026
ep44_t0.7_test_time 0.5821995735168457
Test Epoch44 threshold 0.8 Acc 0.9749428571428571, AUC 0.9983074069023132, avg_entr 0.014456489123404026
ep44_t0.8_test_time 0.5847413539886475
Test Epoch44 threshold 0.9 Acc 0.9749428571428571, AUC 0.9983074069023132, avg_entr 0.014456489123404026
ep44_t0.9_test_time 0.5846059322357178
gc 0
Train Epoch45 Acc 0.9843803571428571 (551253/560000), AUC 0.9984071850776672
ep45_train_time 120.80905985832214
Test Epoch45 threshold 0.1 Acc 0.9766571428571429, AUC 0.9981206059455872, avg_entr 0.007003065664321184
ep45_t0.1_test_time 0.9541890621185303
Test Epoch45 threshold 0.2 Acc 0.9754571428571429, AUC 0.9983040690422058, avg_entr 0.01370144821703434
ep45_t0.2_test_time 0.6770179271697998
Test Epoch45 threshold 0.3 Acc 0.9749714285714286, AUC 0.9983076453208923, avg_entr 0.014446022920310497
ep45_t0.3_test_time 0.5963010787963867
Save ckpt to ckpt/dbpedia_14_transformeral_l5ad_pad40//dbpedia_14_transformeral_l5.pt  ,ep 45
Test Epoch45 threshold 0.4 Acc 0.9749428571428571, AUC 0.9983074069023132, avg_entr 0.014456194825470448
ep45_t0.4_test_time 0.5864427089691162
Test Epoch45 threshold 0.5 Acc 0.9749428571428571, AUC 0.9983074069023132, avg_entr 0.014456194825470448
ep45_t0.5_test_time 0.5854616165161133
Test Epoch45 threshold 0.6 Acc 0.9749428571428571, AUC 0.9983074069023132, avg_entr 0.014456194825470448
ep45_t0.6_test_time 0.5907907485961914
Test Epoch45 threshold 0.7 Acc 0.9749428571428571, AUC 0.9983074069023132, avg_entr 0.014456194825470448
ep45_t0.7_test_time 0.5916759967803955
Test Epoch45 threshold 0.8 Acc 0.9749428571428571, AUC 0.9983074069023132, avg_entr 0.014456194825470448
ep45_t0.8_test_time 0.5918500423431396
Test Epoch45 threshold 0.9 Acc 0.9749428571428571, AUC 0.9983074069023132, avg_entr 0.014456194825470448
ep45_t0.9_test_time 0.5859072208404541
gc 0
Train Epoch46 Acc 0.9843464285714286 (551234/560000), AUC 0.9984038472175598
ep46_train_time 120.94639348983765
Test Epoch46 threshold 0.1 Acc 0.9766571428571429, AUC 0.9981206655502319, avg_entr 0.007005314342677593
ep46_t0.1_test_time 0.9522714614868164
Test Epoch46 threshold 0.2 Acc 0.9754571428571429, AUC 0.9983040690422058, avg_entr 0.013701093383133411
ep46_t0.2_test_time 0.6671926975250244
Test Epoch46 threshold 0.3 Acc 0.9749714285714286, AUC 0.9983076453208923, avg_entr 0.014445739798247814
ep46_t0.3_test_time 0.5893168449401855
Save ckpt to ckpt/dbpedia_14_transformeral_l5ad_pad40//dbpedia_14_transformeral_l5.pt  ,ep 46
Test Epoch46 threshold 0.4 Acc 0.9749428571428571, AUC 0.9983074069023132, avg_entr 0.014455911703407764
ep46_t0.4_test_time 0.59700608253479
Test Epoch46 threshold 0.5 Acc 0.9749428571428571, AUC 0.9983074069023132, avg_entr 0.014455911703407764
ep46_t0.5_test_time 0.5972208976745605
Test Epoch46 threshold 0.6 Acc 0.9749428571428571, AUC 0.9983074069023132, avg_entr 0.014455911703407764
ep46_t0.6_test_time 0.5981290340423584
Test Epoch46 threshold 0.7 Acc 0.9749428571428571, AUC 0.9983074069023132, avg_entr 0.014455911703407764
ep46_t0.7_test_time 0.6048767566680908
Test Epoch46 threshold 0.8 Acc 0.9749428571428571, AUC 0.9983074069023132, avg_entr 0.014455911703407764
ep46_t0.8_test_time 0.6012794971466064
Test Epoch46 threshold 0.9 Acc 0.9749428571428571, AUC 0.9983074069023132, avg_entr 0.014455911703407764
ep46_t0.9_test_time 0.5988764762878418
gc 0
Train Epoch47 Acc 0.9843446428571428 (551233/560000), AUC 0.9983895421028137
ep47_train_time 120.62612438201904
Test Epoch47 threshold 0.1 Acc 0.9766285714285714, AUC 0.9981207251548767, avg_entr 0.007005147635936737
ep47_t0.1_test_time 0.9516236782073975
Test Epoch47 threshold 0.2 Acc 0.9754571428571429, AUC 0.9983040690422058, avg_entr 0.013700840063393116
ep47_t0.2_test_time 0.6753442287445068
Test Epoch47 threshold 0.3 Acc 0.9749714285714286, AUC 0.9983077049255371, avg_entr 0.014445450156927109
ep47_t0.3_test_time 0.6032567024230957
Save ckpt to ckpt/dbpedia_14_transformeral_l5ad_pad40//dbpedia_14_transformeral_l5.pt  ,ep 47
Test Epoch47 threshold 0.4 Acc 0.9749428571428571, AUC 0.9983074069023132, avg_entr 0.014455622062087059
ep47_t0.4_test_time 0.5939979553222656
Test Epoch47 threshold 0.5 Acc 0.9749428571428571, AUC 0.9983074069023132, avg_entr 0.014455622062087059
ep47_t0.5_test_time 0.5970075130462646
Test Epoch47 threshold 0.6 Acc 0.9749428571428571, AUC 0.9983074069023132, avg_entr 0.014455622062087059
ep47_t0.6_test_time 0.6011073589324951
Test Epoch47 threshold 0.7 Acc 0.9749428571428571, AUC 0.9983074069023132, avg_entr 0.014455622062087059
ep47_t0.7_test_time 0.5876779556274414
Test Epoch47 threshold 0.8 Acc 0.9749428571428571, AUC 0.9983074069023132, avg_entr 0.014455622062087059
ep47_t0.8_test_time 0.5894231796264648
Test Epoch47 threshold 0.9 Acc 0.9749428571428571, AUC 0.9983074069023132, avg_entr 0.014455622062087059
ep47_t0.9_test_time 0.600719690322876
gc 0
Train Epoch48 Acc 0.9843625 (551243/560000), AUC 0.9983847737312317
ep48_train_time 120.89199256896973
Test Epoch48 threshold 0.1 Acc 0.9766285714285714, AUC 0.9981217980384827, avg_entr 0.0070040784776210785
ep48_t0.1_test_time 0.9514055252075195
Test Epoch48 threshold 0.2 Acc 0.9754571428571429, AUC 0.9983041882514954, avg_entr 0.013700563460588455
ep48_t0.2_test_time 0.6705565452575684
Test Epoch48 threshold 0.3 Acc 0.9749714285714286, AUC 0.9983077049255371, avg_entr 0.01444514375180006
ep48_t0.3_test_time 0.5933268070220947
Save ckpt to ckpt/dbpedia_14_transformeral_l5ad_pad40//dbpedia_14_transformeral_l5.pt  ,ep 48
Test Epoch48 threshold 0.4 Acc 0.9749428571428571, AUC 0.9983075261116028, avg_entr 0.01445531565696001
ep48_t0.4_test_time 0.5900044441223145
Test Epoch48 threshold 0.5 Acc 0.9749428571428571, AUC 0.9983075261116028, avg_entr 0.01445531565696001
ep48_t0.5_test_time 0.5888330936431885
Test Epoch48 threshold 0.6 Acc 0.9749428571428571, AUC 0.9983075261116028, avg_entr 0.01445531565696001
ep48_t0.6_test_time 0.5914056301116943
Test Epoch48 threshold 0.7 Acc 0.9749428571428571, AUC 0.9983075261116028, avg_entr 0.01445531565696001
ep48_t0.7_test_time 0.5977187156677246
Test Epoch48 threshold 0.8 Acc 0.9749428571428571, AUC 0.9983075261116028, avg_entr 0.01445531565696001
ep48_t0.8_test_time 0.5994009971618652
Test Epoch48 threshold 0.9 Acc 0.9749428571428571, AUC 0.9983075261116028, avg_entr 0.01445531565696001
ep48_t0.9_test_time 0.5889039039611816
gc 0
Train Epoch49 Acc 0.9844142857142857 (551272/560000), AUC 0.9984110593795776
ep49_train_time 120.9419457912445
Test Epoch49 threshold 0.1 Acc 0.9766285714285714, AUC 0.9981206655502319, avg_entr 0.007004128769040108
ep49_t0.1_test_time 1.010335922241211
Test Epoch49 threshold 0.2 Acc 0.9754571428571429, AUC 0.9983040690422058, avg_entr 0.013700233772397041
ep49_t0.2_test_time 0.6803750991821289
Test Epoch49 threshold 0.3 Acc 0.9749714285714286, AUC 0.9983076453208923, avg_entr 0.014444838277995586
ep49_t0.3_test_time 0.6118249893188477
Test Epoch49 threshold 0.4 Acc 0.9749428571428571, AUC 0.9983074069023132, avg_entr 0.014455008320510387
ep49_t0.4_test_time 0.5889267921447754
Test Epoch49 threshold 0.5 Acc 0.9749428571428571, AUC 0.9983074069023132, avg_entr 0.014455008320510387
ep49_t0.5_test_time 0.5855016708374023
Test Epoch49 threshold 0.6 Acc 0.9749428571428571, AUC 0.9983074069023132, avg_entr 0.014455008320510387
ep49_t0.6_test_time 0.5891308784484863
Test Epoch49 threshold 0.7 Acc 0.9749428571428571, AUC 0.9983074069023132, avg_entr 0.014455008320510387
ep49_t0.7_test_time 0.6006104946136475
Test Epoch49 threshold 0.8 Acc 0.9749428571428571, AUC 0.9983074069023132, avg_entr 0.014455008320510387
ep49_t0.8_test_time 0.5907707214355469
Test Epoch49 threshold 0.9 Acc 0.9749428571428571, AUC 0.9983074069023132, avg_entr 0.014455008320510387
ep49_t0.9_test_time 0.5839822292327881
Best AUC 0.9983077049255371
train_loss (2, 5, 50)
valid_acc (50, 9)
valid_AUC (50, 9)
train_acc (50,)
Figure(640x480)
Figure(640x480)
Figure(640x480)
Figure(640x480)
Figure(640x480)
total_train/valid_time 6732.413809299469
Start Testing
Load ckpt at ckpt/dbpedia_14_transformeral_l5ad_pad40//dbpedia_14_transformeral_l5.pt
Test threshold 0.1 Acc 0.9777428571428571, AUC 0.9981794953346252, avg_entr 0.007090638391673565
t0.1_test_time 1.0019068717956543
Test threshold 0.2 Acc 0.9757714285714286, AUC 0.9983100891113281, avg_entr 0.013520746491849422
t0.2_test_time 0.6798663139343262
Test threshold 0.3 Acc 0.9749714285714286, AUC 0.9983078241348267, avg_entr 0.014302700757980347
t0.3_test_time 0.5856447219848633
Test threshold 0.4 Acc 0.9749714285714286, AUC 0.9983078241348267, avg_entr 0.014309901744127274
t0.4_test_time 0.5847232341766357
Test threshold 0.5 Acc 0.9749714285714286, AUC 0.9983078241348267, avg_entr 0.014309901744127274
t0.5_test_time 0.5865993499755859
Test threshold 0.6 Acc 0.9749714285714286, AUC 0.9983078241348267, avg_entr 0.014309901744127274
t0.6_test_time 0.5831873416900635
Test threshold 0.7 Acc 0.9749714285714286, AUC 0.9983078241348267, avg_entr 0.014309901744127274
t0.7_test_time 0.5961787700653076
Test threshold 0.8 Acc 0.9749714285714286, AUC 0.9983078241348267, avg_entr 0.014309901744127274
t0.8_test_time 0.5876708030700684
Test threshold 0.9 Acc 0.9749714285714286, AUC 0.9983078241348267, avg_entr 0.014309901744127274
t0.9_test_time 0.5878582000732422
