total count words 102019
vocab size 30000
found 26754 words in glove
Load ckpt from ckpt/ag_news_lstmal_l5adf_pad175_t0.9_m4//ag_news_lstmal_l5_prefix.pt
model: LSTMModelML(
  (layers): ModuleList(
    (0): EMBLayer(
      (enc): ENC(
        (b): Sequential(
          (0): Linear(in_features=300, out_features=128, bias=True)
          (1): Tanh()
        )
        (f): Embedding(30000, 300)
        (cri): MSELoss()
      )
      (ae): AE(
        (g): Sequential(
          (0): Linear(in_features=4, out_features=128, bias=True)
          (1): Tanh()
        )
        (h): Sequential(
          (0): Linear(in_features=128, out_features=4, bias=True)
          (1): Sigmoid()
        )
        (cri): CrossEntropyLoss()
      )
    )
    (1): LSTMLayer(
      (enc): ENC(
        (b): Sequential(
          (0): Linear(in_features=300, out_features=128, bias=True)
          (1): Tanh()
        )
        (f): LSTM(300, 300, batch_first=True, bidirectional=True)
        (cri): MSELoss()
      )
      (ae): AE(
        (g): Sequential(
          (0): Linear(in_features=128, out_features=128, bias=True)
          (1): Tanh()
        )
        (h): Sequential(
          (0): Linear(in_features=128, out_features=128, bias=True)
        )
        (cri): MSELoss()
      )
    )
    (2): LSTMLayer(
      (enc): ENC(
        (b): Sequential(
          (0): Linear(in_features=300, out_features=128, bias=True)
          (1): Tanh()
        )
        (f): LSTM(600, 300, batch_first=True, bidirectional=True)
        (cri): MSELoss()
      )
      (ae): AE(
        (g): Sequential(
          (0): Linear(in_features=128, out_features=128, bias=True)
          (1): Tanh()
        )
        (h): Sequential(
          (0): Linear(in_features=128, out_features=128, bias=True)
        )
        (cri): MSELoss()
      )
    )
    (3): LSTMLayer(
      (enc): ENC(
        (b): Sequential(
          (0): Linear(in_features=300, out_features=128, bias=True)
          (1): Tanh()
        )
        (f): LSTM(600, 300, batch_first=True, bidirectional=True)
        (cri): MSELoss()
      )
      (ae): AE(
        (g): Sequential(
          (0): Linear(in_features=128, out_features=128, bias=True)
          (1): Tanh()
        )
        (h): Sequential(
          (0): Linear(in_features=128, out_features=128, bias=True)
        )
        (cri): MSELoss()
      )
    )
    (4): LSTMLayer(
      (enc): ENC(
        (b): Sequential(
          (0): Linear(in_features=300, out_features=128, bias=True)
          (1): Tanh()
        )
        (f): LSTM(600, 300, batch_first=True, bidirectional=True)
        (cri): MSELoss()
      )
      (ae): AE(
        (g): Sequential(
          (0): Linear(in_features=128, out_features=128, bias=True)
          (1): Tanh()
        )
        (h): Sequential(
          (0): Linear(in_features=128, out_features=128, bias=True)
        )
        (cri): MSELoss()
      )
    )
  )
)
layers.0.enc.b.0.weight 38400
layers.0.enc.b.0.bias 128
layers.0.enc.f.weight 9000000
layers.0.ae.g.0.weight 512
layers.0.ae.g.0.bias 128
layers.0.ae.h.0.weight 512
layers.0.ae.h.0.bias 4
layers.1.enc.b.0.weight 38400
layers.1.enc.b.0.bias 128
layers.1.enc.f.weight_ih_l0 360000
layers.1.enc.f.weight_hh_l0 360000
layers.1.enc.f.bias_ih_l0 1200
layers.1.enc.f.bias_hh_l0 1200
layers.1.enc.f.weight_ih_l0_reverse 360000
layers.1.enc.f.weight_hh_l0_reverse 360000
layers.1.enc.f.bias_ih_l0_reverse 1200
layers.1.enc.f.bias_hh_l0_reverse 1200
layers.1.ae.g.0.weight 16384
layers.1.ae.g.0.bias 128
layers.1.ae.h.0.weight 16384
layers.1.ae.h.0.bias 128
layers.2.enc.b.0.weight 38400
layers.2.enc.b.0.bias 128
layers.2.enc.f.weight_ih_l0 720000
layers.2.enc.f.weight_hh_l0 360000
layers.2.enc.f.bias_ih_l0 1200
layers.2.enc.f.bias_hh_l0 1200
layers.2.enc.f.weight_ih_l0_reverse 720000
layers.2.enc.f.weight_hh_l0_reverse 360000
layers.2.enc.f.bias_ih_l0_reverse 1200
layers.2.enc.f.bias_hh_l0_reverse 1200
layers.2.ae.g.0.weight 16384
layers.2.ae.g.0.bias 128
layers.2.ae.h.0.weight 16384
layers.2.ae.h.0.bias 128
layers.3.enc.b.0.weight 38400
layers.3.enc.b.0.bias 128
layers.3.enc.f.weight_ih_l0 720000
layers.3.enc.f.weight_hh_l0 360000
layers.3.enc.f.bias_ih_l0 1200
layers.3.enc.f.bias_hh_l0 1200
layers.3.enc.f.weight_ih_l0_reverse 720000
layers.3.enc.f.weight_hh_l0_reverse 360000
layers.3.enc.f.bias_ih_l0_reverse 1200
layers.3.enc.f.bias_hh_l0_reverse 1200
layers.3.ae.g.0.weight 16384
layers.3.ae.g.0.bias 128
layers.3.ae.h.0.weight 16384
layers.3.ae.h.0.bias 128
layers.4.enc.b.0.weight 38400
layers.4.enc.b.0.bias 128
layers.4.enc.f.weight_ih_l0 720000
layers.4.enc.f.weight_hh_l0 360000
layers.4.enc.f.bias_ih_l0 1200
layers.4.enc.f.bias_hh_l0 1200
layers.4.enc.f.weight_ih_l0_reverse 720000
layers.4.enc.f.weight_hh_l0_reverse 360000
layers.4.enc.f.bias_ih_l0_reverse 1200
layers.4.enc.f.bias_hh_l0_reverse 1200
layers.4.ae.g.0.weight 16384
layers.4.ae.g.0.bias 128
layers.4.ae.h.0.weight 16384
layers.4.ae.h.0.bias 128
Total Trainable Params: 17265092
Start Training
train_mask {0, 1, 2, 3, 4}
gc 9
Train Epoch0 Acc 0.9134 (109608/120000), AUC 0.98288893699646
ep0_train_time 88.34654879570007
Test Epoch0 threshold 0.9 Acc 0.9175986842105263, AUC 0.9806423783302307, avg_entr 0.025326550006866455
ep0_t0.9_test_time 0.25540876388549805
Save ckpt to ckpt/ag_news_lstmal_l5adf_pad175_t0.9_m5//ag_news_lstmal_l5_prefix.pt  ,ep 0
gc 0
Train Epoch1 Acc 0.9537 (114444/120000), AUC 0.991947591304779
ep1_train_time 88.20206332206726
Test Epoch1 threshold 0.9 Acc 0.9131578947368421, AUC 0.9803484678268433, avg_entr 0.025716468691825867
ep1_t0.9_test_time 0.2509036064147949
gc 0
Train Epoch2 Acc 0.9566083333333333 (114793/120000), AUC 0.992617130279541
ep2_train_time 88.32653880119324
Test Epoch2 threshold 0.9 Acc 0.915296052631579, AUC 0.9803257584571838, avg_entr 0.025906110182404518
ep2_t0.9_test_time 0.25183606147766113
gc 0
Train Epoch3 Acc 0.959575 (115149/120000), AUC 0.9930497407913208
ep3_train_time 88.3461537361145
Test Epoch3 threshold 0.9 Acc 0.9157894736842105, AUC 0.9800906777381897, avg_entr 0.025311609730124474
ep3_t0.9_test_time 0.25068116188049316
gc 0
Train Epoch4 Acc 0.9617083333333334 (115405/120000), AUC 0.9934008717536926
ep4_train_time 88.32278537750244
Test Epoch4 threshold 0.9 Acc 0.9134868421052632, AUC 0.9799919128417969, avg_entr 0.026065420359373093
ep4_t0.9_test_time 0.25015926361083984
gc 0
Train Epoch5 Acc 0.9648 (115776/120000), AUC 0.9942076206207275
ep5_train_time 88.27463459968567
Test Epoch5 threshold 0.9 Acc 0.9136513157894737, AUC 0.9800395965576172, avg_entr 0.025581777095794678
ep5_t0.9_test_time 0.2503349781036377
gc 0
Train Epoch6 Acc 0.965975 (115917/120000), AUC 0.9942609071731567
ep6_train_time 88.286789894104
Test Epoch6 threshold 0.9 Acc 0.9131578947368421, AUC 0.9797870516777039, avg_entr 0.02524227276444435
ep6_t0.9_test_time 0.2507152557373047
gc 0
Train Epoch7 Acc 0.9674083333333333 (116089/120000), AUC 0.994425892829895
ep7_train_time 88.1704375743866
Test Epoch7 threshold 0.9 Acc 0.9136513157894737, AUC 0.9796926975250244, avg_entr 0.02661973237991333
ep7_t0.9_test_time 0.24979400634765625
gc 0
Train Epoch8 Acc 0.96855 (116226/120000), AUC 0.994636595249176
ep8_train_time 88.40130400657654
Test Epoch8 threshold 0.9 Acc 0.9138157894736842, AUC 0.9796804785728455, avg_entr 0.026158304885029793
ep8_t0.9_test_time 0.25025415420532227
gc 0
Train Epoch9 Acc 0.9703583333333333 (116443/120000), AUC 0.9948753118515015
ep9_train_time 88.18712973594666
Test Epoch9 threshold 0.9 Acc 0.9136513157894737, AUC 0.9795883893966675, avg_entr 0.025474468246102333
ep9_t0.9_test_time 0.2492969036102295
Best AUC 0.9806423783302307
train_loss (2, 5, 10)
valid_acc (10, 1)
valid_AUC (10, 1)
train_acc (10,)
Figure(640x480)
Figure(640x480)
Figure(640x480)
Figure(640x480)
Figure(640x480)
Start Testing
Load ckpt at ckpt/ag_news_lstmal_l5adf_pad175_t0.9_m5//ag_news_lstmal_l5_prefix.pt
Test threshold 0.9 Acc 0.9243421052631579, AUC 0.9861092567443848, avg_entr 0.0248724352568388
t0.9_test_time 0.06329774856567383
