total count words 222751
vocab size 30000
found 27937 words in glove
Start Training
gc 0
Train Epoch0 Acc 0.500175 (20007/40000), AUC 0.5009628534317017
Test Epoch0 layer0 Acc 0.5122, AUC 0.5488040447235107
Save ckpt to ckpt/imdb_linearalside_l5_side500//imdb_linearalside_l5_side.pt  ,ep 0
Test Epoch0 layer1 Acc 0.5015, AUC 0.5298688411712646
Test Epoch0 layer2 Acc 0.4972, AUC 0.5050749778747559
Test Epoch0 layer3 Acc 0.4987, AUC 0.511136531829834
Test Epoch0 layer4 Acc 0.4991, AUC 0.5001510381698608
gc 0
Train Epoch1 Acc 0.501625 (20065/40000), AUC 0.5052945613861084
Test Epoch1 layer0 Acc 0.576, AUC 0.5948853492736816
Save ckpt to ckpt/imdb_linearalside_l5_side500//imdb_linearalside_l5_side.pt  ,ep 1
Test Epoch1 layer1 Acc 0.5611, AUC 0.566064715385437
Test Epoch1 layer2 Acc 0.5199, AUC 0.5213616490364075
Test Epoch1 layer3 Acc 0.5064, AUC 0.5180894136428833
Test Epoch1 layer4 Acc 0.4974, AUC 0.4942932724952698
gc 0
Train Epoch2 Acc 0.5069 (20276/40000), AUC 0.5114237666130066
Test Epoch2 layer0 Acc 0.5674, AUC 0.619318962097168
Save ckpt to ckpt/imdb_linearalside_l5_side500//imdb_linearalside_l5_side.pt  ,ep 2
Test Epoch2 layer1 Acc 0.5754, AUC 0.6095031499862671
Test Epoch2 layer2 Acc 0.5248, AUC 0.5399017333984375
Test Epoch2 layer3 Acc 0.5092, AUC 0.5341873168945312
Test Epoch2 layer4 Acc 0.5101, AUC 0.5009587407112122
gc 0
Train Epoch3 Acc 0.511875 (20475/40000), AUC 0.5142765045166016
Test Epoch3 layer0 Acc 0.602, AUC 0.6551516056060791
Save ckpt to ckpt/imdb_linearalside_l5_side500//imdb_linearalside_l5_side.pt  ,ep 3
Test Epoch3 layer1 Acc 0.582, AUC 0.6757595539093018
Save ckpt to ckpt/imdb_linearalside_l5_side500//imdb_linearalside_l5_side.pt  ,ep 3
Test Epoch3 layer2 Acc 0.5913, AUC 0.6367123126983643
Test Epoch3 layer3 Acc 0.5081, AUC 0.6016075611114502
Test Epoch3 layer4 Acc 0.4988, AUC 0.5060992240905762
gc 0
Train Epoch4 Acc 0.50795 (20318/40000), AUC 0.5130639672279358
Test Epoch4 layer0 Acc 0.6434, AUC 0.705504834651947
Save ckpt to ckpt/imdb_linearalside_l5_side500//imdb_linearalside_l5_side.pt  ,ep 4
Test Epoch4 layer1 Acc 0.6723, AUC 0.7363191843032837
Save ckpt to ckpt/imdb_linearalside_l5_side500//imdb_linearalside_l5_side.pt  ,ep 4
Test Epoch4 layer2 Acc 0.6466, AUC 0.7104506492614746
Test Epoch4 layer3 Acc 0.6071, AUC 0.6914982795715332
Test Epoch4 layer4 Acc 0.4987, AUC 0.5303329825401306
gc 0
Train Epoch5 Acc 0.5291 (21164/40000), AUC 0.5386648774147034
Test Epoch5 layer0 Acc 0.6812, AUC 0.7474602460861206
Save ckpt to ckpt/imdb_linearalside_l5_side500//imdb_linearalside_l5_side.pt  ,ep 5
Test Epoch5 layer1 Acc 0.6947, AUC 0.7798831462860107
Save ckpt to ckpt/imdb_linearalside_l5_side500//imdb_linearalside_l5_side.pt  ,ep 5
Test Epoch5 layer2 Acc 0.6963, AUC 0.7733173966407776
Test Epoch5 layer3 Acc 0.6942, AUC 0.7665342688560486
Test Epoch5 layer4 Acc 0.5602, AUC 0.718055009841919
gc 0
Train Epoch6 Acc 0.58285 (23314/40000), AUC 0.6184713840484619
Test Epoch6 layer0 Acc 0.6886, AUC 0.7725488543510437
Test Epoch6 layer1 Acc 0.7233, AUC 0.8035792112350464
Save ckpt to ckpt/imdb_linearalside_l5_side500//imdb_linearalside_l5_side.pt  ,ep 6
Test Epoch6 layer2 Acc 0.6964, AUC 0.7956753969192505
Test Epoch6 layer3 Acc 0.6411, AUC 0.7914766073226929
Test Epoch6 layer4 Acc 0.5968, AUC 0.7882728576660156
gc 0
Train Epoch7 Acc 0.629475 (25179/40000), AUC 0.6842938661575317
Test Epoch7 layer0 Acc 0.7026, AUC 0.7891515493392944
Test Epoch7 layer1 Acc 0.7309, AUC 0.8201075792312622
Save ckpt to ckpt/imdb_linearalside_l5_side500//imdb_linearalside_l5_side.pt  ,ep 7
Test Epoch7 layer2 Acc 0.6931, AUC 0.8181456923484802
Test Epoch7 layer3 Acc 0.6588, AUC 0.8173730373382568
Test Epoch7 layer4 Acc 0.6025, AUC 0.8171262145042419
gc 0
Train Epoch8 Acc 0.66215 (26486/40000), AUC 0.722193717956543
Test Epoch8 layer0 Acc 0.7052, AUC 0.8015406727790833
Test Epoch8 layer1 Acc 0.7276, AUC 0.8318790197372437
Save ckpt to ckpt/imdb_linearalside_l5_side500//imdb_linearalside_l5_side.pt  ,ep 8
Test Epoch8 layer2 Acc 0.6885, AUC 0.831982433795929
Save ckpt to ckpt/imdb_linearalside_l5_side500//imdb_linearalside_l5_side.pt  ,ep 8
Test Epoch8 layer3 Acc 0.6619, AUC 0.8315401673316956
Test Epoch8 layer4 Acc 0.5876, AUC 0.8306229114532471
gc 0
Train Epoch9 Acc 0.6883 (27532/40000), AUC 0.7565453052520752
Test Epoch9 layer0 Acc 0.7239, AUC 0.8102048635482788
Test Epoch9 layer1 Acc 0.7571, AUC 0.8384929299354553
Save ckpt to ckpt/imdb_linearalside_l5_side500//imdb_linearalside_l5_side.pt  ,ep 9
Test Epoch9 layer2 Acc 0.7551, AUC 0.8375161290168762
Test Epoch9 layer3 Acc 0.7532, AUC 0.8372167348861694
Test Epoch9 layer4 Acc 0.7506, AUC 0.8367460370063782
gc 0
Train Epoch10 Acc 0.697675 (27907/40000), AUC 0.7688459753990173
Test Epoch10 layer0 Acc 0.7224, AUC 0.8170504570007324
Test Epoch10 layer1 Acc 0.7517, AUC 0.847182035446167
Save ckpt to ckpt/imdb_linearalside_l5_side500//imdb_linearalside_l5_side.pt  ,ep 10
Test Epoch10 layer2 Acc 0.7347, AUC 0.848342776298523
Save ckpt to ckpt/imdb_linearalside_l5_side500//imdb_linearalside_l5_side.pt  ,ep 10
Test Epoch10 layer3 Acc 0.7252, AUC 0.8473780155181885
Test Epoch10 layer4 Acc 0.7196, AUC 0.8471536040306091
gc 0
Train Epoch11 Acc 0.72375 (28950/40000), AUC 0.7992627620697021
Test Epoch11 layer0 Acc 0.744, AUC 0.8239760398864746
Test Epoch11 layer1 Acc 0.7684, AUC 0.8538658022880554
Save ckpt to ckpt/imdb_linearalside_l5_side500//imdb_linearalside_l5_side.pt  ,ep 11
Test Epoch11 layer2 Acc 0.7472, AUC 0.8550417423248291
Save ckpt to ckpt/imdb_linearalside_l5_side500//imdb_linearalside_l5_side.pt  ,ep 11
Test Epoch11 layer3 Acc 0.7214, AUC 0.8547905683517456
Test Epoch11 layer4 Acc 0.6602, AUC 0.8546556234359741
gc 0
Train Epoch12 Acc 0.7409 (29636/40000), AUC 0.8165375590324402
Test Epoch12 layer0 Acc 0.7483, AUC 0.8284847140312195
Test Epoch12 layer1 Acc 0.7561, AUC 0.8588464260101318
Save ckpt to ckpt/imdb_linearalside_l5_side500//imdb_linearalside_l5_side.pt  ,ep 12
Test Epoch12 layer2 Acc 0.7562, AUC 0.861566960811615
Save ckpt to ckpt/imdb_linearalside_l5_side500//imdb_linearalside_l5_side.pt  ,ep 12
Test Epoch12 layer3 Acc 0.7316, AUC 0.8614579439163208
Test Epoch12 layer4 Acc 0.6981, AUC 0.8615254163742065
gc 0
Train Epoch13 Acc 0.751525 (30061/40000), AUC 0.8292115330696106
Test Epoch13 layer0 Acc 0.7409, AUC 0.8337323665618896
Test Epoch13 layer1 Acc 0.7693, AUC 0.8635077476501465
Save ckpt to ckpt/imdb_linearalside_l5_side500//imdb_linearalside_l5_side.pt  ,ep 13
Test Epoch13 layer2 Acc 0.7604, AUC 0.8659912943840027
Save ckpt to ckpt/imdb_linearalside_l5_side500//imdb_linearalside_l5_side.pt  ,ep 13
Test Epoch13 layer3 Acc 0.7475, AUC 0.865735650062561
Test Epoch13 layer4 Acc 0.7281, AUC 0.865592896938324
gc 0
Train Epoch14 Acc 0.761325 (30453/40000), AUC 0.8427122831344604
Test Epoch14 layer0 Acc 0.7568, AUC 0.838294506072998
Test Epoch14 layer1 Acc 0.7826, AUC 0.8683569431304932
Save ckpt to ckpt/imdb_linearalside_l5_side500//imdb_linearalside_l5_side.pt  ,ep 14
Test Epoch14 layer2 Acc 0.7851, AUC 0.8701578974723816
Save ckpt to ckpt/imdb_linearalside_l5_side500//imdb_linearalside_l5_side.pt  ,ep 14
Test Epoch14 layer3 Acc 0.7839, AUC 0.8703610897064209
Save ckpt to ckpt/imdb_linearalside_l5_side500//imdb_linearalside_l5_side.pt  ,ep 14
Test Epoch14 layer4 Acc 0.7842, AUC 0.8704148530960083
Save ckpt to ckpt/imdb_linearalside_l5_side500//imdb_linearalside_l5_side.pt  ,ep 14
gc 0
Train Epoch15 Acc 0.7785 (31140/40000), AUC 0.8584756851196289
Test Epoch15 layer0 Acc 0.7618, AUC 0.8436315655708313
Test Epoch15 layer1 Acc 0.7857, AUC 0.872542142868042
Save ckpt to ckpt/imdb_linearalside_l5_side500//imdb_linearalside_l5_side.pt  ,ep 15
Test Epoch15 layer2 Acc 0.7891, AUC 0.8756895065307617
Save ckpt to ckpt/imdb_linearalside_l5_side500//imdb_linearalside_l5_side.pt  ,ep 15
Test Epoch15 layer3 Acc 0.7899, AUC 0.8765882253646851
Save ckpt to ckpt/imdb_linearalside_l5_side500//imdb_linearalside_l5_side.pt  ,ep 15
Test Epoch15 layer4 Acc 0.7897, AUC 0.8769694566726685
Save ckpt to ckpt/imdb_linearalside_l5_side500//imdb_linearalside_l5_side.pt  ,ep 15
gc 0
Train Epoch16 Acc 0.7748 (30992/40000), AUC 0.8564692735671997
Test Epoch16 layer0 Acc 0.7418, AUC 0.8466528058052063
Test Epoch16 layer1 Acc 0.7793, AUC 0.8754754066467285
Test Epoch16 layer2 Acc 0.7703, AUC 0.8795021176338196
Save ckpt to ckpt/imdb_linearalside_l5_side500//imdb_linearalside_l5_side.pt  ,ep 16
Test Epoch16 layer3 Acc 0.7657, AUC 0.879934549331665
Save ckpt to ckpt/imdb_linearalside_l5_side500//imdb_linearalside_l5_side.pt  ,ep 16
Test Epoch16 layer4 Acc 0.7376, AUC 0.8800589442253113
Save ckpt to ckpt/imdb_linearalside_l5_side500//imdb_linearalside_l5_side.pt  ,ep 16
gc 0
Train Epoch17 Acc 0.78015 (31206/40000), AUC 0.8604907393455505
Test Epoch17 layer0 Acc 0.7606, AUC 0.8498992323875427
Test Epoch17 layer1 Acc 0.796, AUC 0.8797163963317871
Test Epoch17 layer2 Acc 0.7971, AUC 0.883056104183197
Save ckpt to ckpt/imdb_linearalside_l5_side500//imdb_linearalside_l5_side.pt  ,ep 17
Test Epoch17 layer3 Acc 0.7977, AUC 0.8835696578025818
Save ckpt to ckpt/imdb_linearalside_l5_side500//imdb_linearalside_l5_side.pt  ,ep 17
Test Epoch17 layer4 Acc 0.7961, AUC 0.8838377594947815
Save ckpt to ckpt/imdb_linearalside_l5_side500//imdb_linearalside_l5_side.pt  ,ep 17
gc 0
Train Epoch18 Acc 0.76855 (30742/40000), AUC 0.8517076969146729
Test Epoch18 layer0 Acc 0.7631, AUC 0.8514758348464966
Test Epoch18 layer1 Acc 0.7902, AUC 0.8799540400505066
Test Epoch18 layer2 Acc 0.791, AUC 0.8835519552230835
Test Epoch18 layer3 Acc 0.7881, AUC 0.884041428565979
Save ckpt to ckpt/imdb_linearalside_l5_side500//imdb_linearalside_l5_side.pt  ,ep 18
Test Epoch18 layer4 Acc 0.7747, AUC 0.8842039108276367
Save ckpt to ckpt/imdb_linearalside_l5_side500//imdb_linearalside_l5_side.pt  ,ep 18
gc 0
Train Epoch19 Acc 0.8002 (32008/40000), AUC 0.882382869720459
Test Epoch19 layer0 Acc 0.7696, AUC 0.8539648056030273
Test Epoch19 layer1 Acc 0.7929, AUC 0.8832687139511108
Test Epoch19 layer2 Acc 0.7961, AUC 0.8875619173049927
Save ckpt to ckpt/imdb_linearalside_l5_side500//imdb_linearalside_l5_side.pt  ,ep 19
Test Epoch19 layer3 Acc 0.7966, AUC 0.8882274627685547
Save ckpt to ckpt/imdb_linearalside_l5_side500//imdb_linearalside_l5_side.pt  ,ep 19
Test Epoch19 layer4 Acc 0.8018, AUC 0.8885282874107361
Save ckpt to ckpt/imdb_linearalside_l5_side500//imdb_linearalside_l5_side.pt  ,ep 19
gc 0
Train Epoch20 Acc 0.8038 (32152/40000), AUC 0.8848594427108765
Test Epoch20 layer0 Acc 0.7644, AUC 0.8548957109451294
Test Epoch20 layer1 Acc 0.8005, AUC 0.8845970630645752
Test Epoch20 layer2 Acc 0.8029, AUC 0.8896634578704834
Save ckpt to ckpt/imdb_linearalside_l5_side500//imdb_linearalside_l5_side.pt  ,ep 20
Test Epoch20 layer3 Acc 0.8064, AUC 0.8903642892837524
Save ckpt to ckpt/imdb_linearalside_l5_side500//imdb_linearalside_l5_side.pt  ,ep 20
Test Epoch20 layer4 Acc 0.8053, AUC 0.8906100988388062
Save ckpt to ckpt/imdb_linearalside_l5_side500//imdb_linearalside_l5_side.pt  ,ep 20
gc 0
Train Epoch21 Acc 0.8145 (32580/40000), AUC 0.8958767652511597
Test Epoch21 layer0 Acc 0.7621, AUC 0.8577741384506226
Test Epoch21 layer1 Acc 0.7876, AUC 0.8859963417053223
Test Epoch21 layer2 Acc 0.7829, AUC 0.8909416794776917
Save ckpt to ckpt/imdb_linearalside_l5_side500//imdb_linearalside_l5_side.pt  ,ep 21
Test Epoch21 layer3 Acc 0.7833, AUC 0.8913410902023315
Save ckpt to ckpt/imdb_linearalside_l5_side500//imdb_linearalside_l5_side.pt  ,ep 21
Test Epoch21 layer4 Acc 0.7766, AUC 0.8915157318115234
Save ckpt to ckpt/imdb_linearalside_l5_side500//imdb_linearalside_l5_side.pt  ,ep 21
gc 0
Train Epoch22 Acc 0.8152 (32608/40000), AUC 0.8951343297958374
Test Epoch22 layer0 Acc 0.7666, AUC 0.858993649482727
Test Epoch22 layer1 Acc 0.8009, AUC 0.8866572976112366
Test Epoch22 layer2 Acc 0.8017, AUC 0.8914180994033813
Test Epoch22 layer3 Acc 0.8058, AUC 0.8917292356491089
Save ckpt to ckpt/imdb_linearalside_l5_side500//imdb_linearalside_l5_side.pt  ,ep 22
Test Epoch22 layer4 Acc 0.8037, AUC 0.8920084238052368
Save ckpt to ckpt/imdb_linearalside_l5_side500//imdb_linearalside_l5_side.pt  ,ep 22
gc 0
Train Epoch23 Acc 0.8259 (33036/40000), AUC 0.9023593664169312
Test Epoch23 layer0 Acc 0.7773, AUC 0.861396074295044
Test Epoch23 layer1 Acc 0.8018, AUC 0.8890759348869324
Test Epoch23 layer2 Acc 0.8063, AUC 0.8936678767204285
Save ckpt to ckpt/imdb_linearalside_l5_side500//imdb_linearalside_l5_side.pt  ,ep 23
Test Epoch23 layer3 Acc 0.8063, AUC 0.8942009210586548
Save ckpt to ckpt/imdb_linearalside_l5_side500//imdb_linearalside_l5_side.pt  ,ep 23
Test Epoch23 layer4 Acc 0.8063, AUC 0.8944497108459473
Save ckpt to ckpt/imdb_linearalside_l5_side500//imdb_linearalside_l5_side.pt  ,ep 23
gc 0
Train Epoch24 Acc 0.82975 (33190/40000), AUC 0.9072763919830322
Test Epoch24 layer0 Acc 0.7763, AUC 0.8615247011184692
Test Epoch24 layer1 Acc 0.8042, AUC 0.8896117806434631
Test Epoch24 layer2 Acc 0.8101, AUC 0.8944305777549744
Test Epoch24 layer3 Acc 0.8113, AUC 0.8949808478355408
Save ckpt to ckpt/imdb_linearalside_l5_side500//imdb_linearalside_l5_side.pt  ,ep 24
Test Epoch24 layer4 Acc 0.8126, AUC 0.8951083421707153
Save ckpt to ckpt/imdb_linearalside_l5_side500//imdb_linearalside_l5_side.pt  ,ep 24
gc 0
Train Epoch25 Acc 0.829975 (33199/40000), AUC 0.9050090909004211
Test Epoch25 layer0 Acc 0.7731, AUC 0.8631381988525391
Test Epoch25 layer1 Acc 0.8054, AUC 0.8908711075782776
Test Epoch25 layer2 Acc 0.8075, AUC 0.8962032198905945
Save ckpt to ckpt/imdb_linearalside_l5_side500//imdb_linearalside_l5_side.pt  ,ep 25
Test Epoch25 layer3 Acc 0.808, AUC 0.8967087864875793
Save ckpt to ckpt/imdb_linearalside_l5_side500//imdb_linearalside_l5_side.pt  ,ep 25
Test Epoch25 layer4 Acc 0.8067, AUC 0.8969582319259644
Save ckpt to ckpt/imdb_linearalside_l5_side500//imdb_linearalside_l5_side.pt  ,ep 25
gc 0
Train Epoch26 Acc 0.83615 (33446/40000), AUC 0.912093997001648
Test Epoch26 layer0 Acc 0.774, AUC 0.8642070889472961
Test Epoch26 layer1 Acc 0.8049, AUC 0.8926995992660522
Test Epoch26 layer2 Acc 0.8043, AUC 0.8980332612991333
Save ckpt to ckpt/imdb_linearalside_l5_side500//imdb_linearalside_l5_side.pt  ,ep 26
Test Epoch26 layer3 Acc 0.8064, AUC 0.8986964225769043
Save ckpt to ckpt/imdb_linearalside_l5_side500//imdb_linearalside_l5_side.pt  ,ep 26
Test Epoch26 layer4 Acc 0.8026, AUC 0.8991451859474182
Save ckpt to ckpt/imdb_linearalside_l5_side500//imdb_linearalside_l5_side.pt  ,ep 26
gc 0
Train Epoch27 Acc 0.836475 (33459/40000), AUC 0.9116724729537964
Test Epoch27 layer0 Acc 0.7785, AUC 0.863960862159729
Test Epoch27 layer1 Acc 0.8072, AUC 0.8915629386901855
Test Epoch27 layer2 Acc 0.8115, AUC 0.8966445922851562
Test Epoch27 layer3 Acc 0.8122, AUC 0.896827220916748
Test Epoch27 layer4 Acc 0.8112, AUC 0.8965544104576111
gc 0
Train Epoch28 Acc 0.841075 (33643/40000), AUC 0.9136373996734619
Test Epoch28 layer0 Acc 0.7754, AUC 0.8662927150726318
Test Epoch28 layer1 Acc 0.8038, AUC 0.8939374685287476
Test Epoch28 layer2 Acc 0.8063, AUC 0.8983447551727295
Test Epoch28 layer3 Acc 0.8052, AUC 0.8991925716400146
Save ckpt to ckpt/imdb_linearalside_l5_side500//imdb_linearalside_l5_side.pt  ,ep 28
Test Epoch28 layer4 Acc 0.8093, AUC 0.8991408348083496
gc 0
Train Epoch29 Acc 0.844225 (33769/40000), AUC 0.9199320077896118
Test Epoch29 layer0 Acc 0.7741, AUC 0.8663119077682495
Test Epoch29 layer1 Acc 0.8072, AUC 0.8943861126899719
Test Epoch29 layer2 Acc 0.8031, AUC 0.8990268707275391
Test Epoch29 layer3 Acc 0.8049, AUC 0.8997581005096436
Save ckpt to ckpt/imdb_linearalside_l5_side500//imdb_linearalside_l5_side.pt  ,ep 29
Test Epoch29 layer4 Acc 0.798, AUC 0.9000865817070007
Save ckpt to ckpt/imdb_linearalside_l5_side500//imdb_linearalside_l5_side.pt  ,ep 29
gc 0
Train Epoch30 Acc 0.849425 (33977/40000), AUC 0.9204782247543335
Test Epoch30 layer0 Acc 0.7825, AUC 0.8667138814926147
Test Epoch30 layer1 Acc 0.8106, AUC 0.8950075507164001
Test Epoch30 layer2 Acc 0.8141, AUC 0.9000089168548584
Test Epoch30 layer3 Acc 0.8146, AUC 0.9010497331619263
Save ckpt to ckpt/imdb_linearalside_l5_side500//imdb_linearalside_l5_side.pt  ,ep 30
Test Epoch30 layer4 Acc 0.8144, AUC 0.9014615416526794
Save ckpt to ckpt/imdb_linearalside_l5_side500//imdb_linearalside_l5_side.pt  ,ep 30
gc 0
Train Epoch31 Acc 0.849425 (33977/40000), AUC 0.9197198152542114
Test Epoch31 layer0 Acc 0.7817, AUC 0.8676244616508484
Test Epoch31 layer1 Acc 0.811, AUC 0.8954916000366211
Test Epoch31 layer2 Acc 0.8138, AUC 0.9008238315582275
Test Epoch31 layer3 Acc 0.8169, AUC 0.901853084564209
Save ckpt to ckpt/imdb_linearalside_l5_side500//imdb_linearalside_l5_side.pt  ,ep 31
Test Epoch31 layer4 Acc 0.8147, AUC 0.9019158482551575
Save ckpt to ckpt/imdb_linearalside_l5_side500//imdb_linearalside_l5_side.pt  ,ep 31
gc 0
Train Epoch32 Acc 0.853175 (34127/40000), AUC 0.9247879981994629
Test Epoch32 layer0 Acc 0.7524, AUC 0.8668392896652222
Test Epoch32 layer1 Acc 0.7924, AUC 0.8934744596481323
Test Epoch32 layer2 Acc 0.7951, AUC 0.9008667469024658
Test Epoch32 layer3 Acc 0.7977, AUC 0.9014009237289429
Test Epoch32 layer4 Acc 0.7943, AUC 0.9013593196868896
gc 0
Train Epoch33 Acc 0.85875 (34350/40000), AUC 0.9293729066848755
Test Epoch33 layer0 Acc 0.7792, AUC 0.8679051399230957
Test Epoch33 layer1 Acc 0.8042, AUC 0.8958819508552551
Test Epoch33 layer2 Acc 0.8063, AUC 0.9015380144119263
Test Epoch33 layer3 Acc 0.8068, AUC 0.9025368094444275
Save ckpt to ckpt/imdb_linearalside_l5_side500//imdb_linearalside_l5_side.pt  ,ep 33
Test Epoch33 layer4 Acc 0.8009, AUC 0.9025759100914001
Save ckpt to ckpt/imdb_linearalside_l5_side500//imdb_linearalside_l5_side.pt  ,ep 33
gc 0
Train Epoch34 Acc 0.861925 (34477/40000), AUC 0.9321117401123047
Test Epoch34 layer0 Acc 0.7838, AUC 0.8672462105751038
Test Epoch34 layer1 Acc 0.8129, AUC 0.8951846361160278
Test Epoch34 layer2 Acc 0.8196, AUC 0.9009430408477783
Test Epoch34 layer3 Acc 0.8152, AUC 0.9028424620628357
Save ckpt to ckpt/imdb_linearalside_l5_side500//imdb_linearalside_l5_side.pt  ,ep 34
Test Epoch34 layer4 Acc 0.8159, AUC 0.9026086330413818
gc 0
Train Epoch35 Acc 0.8679 (34716/40000), AUC 0.9361625909805298
Test Epoch35 layer0 Acc 0.7381, AUC 0.8679600954055786
Test Epoch35 layer1 Acc 0.7835, AUC 0.8928687572479248
Test Epoch35 layer2 Acc 0.7832, AUC 0.9017688035964966
Test Epoch35 layer3 Acc 0.7859, AUC 0.902764618396759
Test Epoch35 layer4 Acc 0.7751, AUC 0.9025280475616455
gc 0
Train Epoch36 Acc 0.8662 (34648/40000), AUC 0.933039128780365
Test Epoch36 layer0 Acc 0.7814, AUC 0.8688974380493164
Test Epoch36 layer1 Acc 0.813, AUC 0.8954051733016968
Test Epoch36 layer2 Acc 0.818, AUC 0.9018450379371643
Test Epoch36 layer3 Acc 0.8206, AUC 0.9033499360084534
Save ckpt to ckpt/imdb_linearalside_l5_side500//imdb_linearalside_l5_side.pt  ,ep 36
Test Epoch36 layer4 Acc 0.8193, AUC 0.9033119678497314
gc 0
Train Epoch37 Acc 0.86985 (34794/40000), AUC 0.9372928738594055
Test Epoch37 layer0 Acc 0.7841, AUC 0.8671084642410278
Test Epoch37 layer1 Acc 0.8153, AUC 0.8954895734786987
Test Epoch37 layer2 Acc 0.8191, AUC 0.901209831237793
Test Epoch37 layer3 Acc 0.82, AUC 0.9023401737213135
Test Epoch37 layer4 Acc 0.8194, AUC 0.902237594127655
gc 0
Train Epoch38 Acc 0.877175 (35087/40000), AUC 0.942437469959259
Test Epoch38 layer0 Acc 0.7833, AUC 0.8682435750961304
Test Epoch38 layer1 Acc 0.8114, AUC 0.8921312689781189
Test Epoch38 layer2 Acc 0.8177, AUC 0.8978352546691895
Test Epoch38 layer3 Acc 0.8193, AUC 0.8991036415100098
Test Epoch38 layer4 Acc 0.8192, AUC 0.8986859321594238
gc 0
Train Epoch39 Acc 0.88225 (35290/40000), AUC 0.9467498064041138
Test Epoch39 layer0 Acc 0.7753, AUC 0.8682270050048828
Test Epoch39 layer1 Acc 0.8141, AUC 0.8936020135879517
Test Epoch39 layer2 Acc 0.82, AUC 0.9006957411766052
Test Epoch39 layer3 Acc 0.8215, AUC 0.9026108980178833
Test Epoch39 layer4 Acc 0.82, AUC 0.9025871753692627
gc 0
Train Epoch40 Acc 0.884175 (35367/40000), AUC 0.9480420351028442
Test Epoch40 layer0 Acc 0.7679, AUC 0.8688567876815796
Test Epoch40 layer1 Acc 0.8107, AUC 0.8911154270172119
Test Epoch40 layer2 Acc 0.8182, AUC 0.899659276008606
Test Epoch40 layer3 Acc 0.82, AUC 0.9020558595657349
Test Epoch40 layer4 Acc 0.8189, AUC 0.9018986225128174
gc 0
Train Epoch41 Acc 0.8893 (35572/40000), AUC 0.9526268243789673
Test Epoch41 layer0 Acc 0.7763, AUC 0.8684123158454895
Test Epoch41 layer1 Acc 0.8149, AUC 0.89051353931427
Test Epoch41 layer2 Acc 0.8193, AUC 0.8991416692733765
Test Epoch41 layer3 Acc 0.8212, AUC 0.9013718366622925
Test Epoch41 layer4 Acc 0.8218, AUC 0.9012211561203003
gc 0
Train Epoch42 Acc 0.892675 (35707/40000), AUC 0.9544585943222046
Test Epoch42 layer0 Acc 0.7749, AUC 0.8670275211334229
Test Epoch42 layer1 Acc 0.8102, AUC 0.8894652724266052
Test Epoch42 layer2 Acc 0.8157, AUC 0.8986964225769043
Test Epoch42 layer3 Acc 0.8175, AUC 0.9009407758712769
Test Epoch42 layer4 Acc 0.8156, AUC 0.9008482694625854
gc 0
Train Epoch43 Acc 0.89425 (35770/40000), AUC 0.9546040296554565
Test Epoch43 layer0 Acc 0.7871, AUC 0.8672864437103271
Test Epoch43 layer1 Acc 0.8109, AUC 0.8886586427688599
Test Epoch43 layer2 Acc 0.8172, AUC 0.8976888656616211
Test Epoch43 layer3 Acc 0.8177, AUC 0.9000191688537598
Test Epoch43 layer4 Acc 0.8156, AUC 0.900288462638855
gc 0
Train Epoch44 Acc 0.893925 (35757/40000), AUC 0.9558036923408508
Test Epoch44 layer0 Acc 0.7842, AUC 0.8665338754653931
Test Epoch44 layer1 Acc 0.8125, AUC 0.8884561061859131
Test Epoch44 layer2 Acc 0.8182, AUC 0.8965963125228882
Test Epoch44 layer3 Acc 0.8186, AUC 0.8991985321044922
Test Epoch44 layer4 Acc 0.8176, AUC 0.8990179300308228
gc 0
Train Epoch45 Acc 0.899775 (35991/40000), AUC 0.9590407013893127
Test Epoch45 layer0 Acc 0.7823, AUC 0.8668400645256042
Test Epoch45 layer1 Acc 0.8129, AUC 0.8897691965103149
Test Epoch45 layer2 Acc 0.8179, AUC 0.897964596748352
Test Epoch45 layer3 Acc 0.8192, AUC 0.9008885622024536
Test Epoch45 layer4 Acc 0.8182, AUC 0.9010478258132935
gc 0
Train Epoch46 Acc 0.900525 (36021/40000), AUC 0.9605355858802795
Test Epoch46 layer0 Acc 0.7833, AUC 0.8665710091590881
Test Epoch46 layer1 Acc 0.8125, AUC 0.8871779441833496
Test Epoch46 layer2 Acc 0.8178, AUC 0.8960365056991577
Test Epoch46 layer3 Acc 0.8188, AUC 0.8988240957260132
Test Epoch46 layer4 Acc 0.819, AUC 0.8989803791046143
gc 0
Train Epoch47 Acc 0.901625 (36065/40000), AUC 0.9617100954055786
Test Epoch47 layer0 Acc 0.7837, AUC 0.8662381768226624
Test Epoch47 layer1 Acc 0.8109, AUC 0.8863787055015564
Test Epoch47 layer2 Acc 0.8171, AUC 0.8955905437469482
Test Epoch47 layer3 Acc 0.8188, AUC 0.8984247446060181
Test Epoch47 layer4 Acc 0.8177, AUC 0.8984790444374084
gc 0
Train Epoch48 Acc 0.901325 (36053/40000), AUC 0.9612284898757935
Test Epoch48 layer0 Acc 0.7855, AUC 0.8661056756973267
Test Epoch48 layer1 Acc 0.8122, AUC 0.8864777684211731
Test Epoch48 layer2 Acc 0.8166, AUC 0.895790696144104
Test Epoch48 layer3 Acc 0.8166, AUC 0.8989307284355164
Test Epoch48 layer4 Acc 0.8179, AUC 0.8992037773132324
gc 0
Train Epoch49 Acc 0.904925 (36197/40000), AUC 0.9631379842758179
Test Epoch49 layer0 Acc 0.778, AUC 0.8660871982574463
Test Epoch49 layer1 Acc 0.8083, AUC 0.8850394487380981
Test Epoch49 layer2 Acc 0.8155, AUC 0.8944624066352844
Test Epoch49 layer3 Acc 0.8164, AUC 0.8979043960571289
Test Epoch49 layer4 Acc 0.8157, AUC 0.8980886936187744
gc 0
Train Epoch50 Acc 0.9062 (36248/40000), AUC 0.9634507894515991
Test Epoch50 layer0 Acc 0.7796, AUC 0.8659408092498779
Test Epoch50 layer1 Acc 0.81, AUC 0.8861092329025269
Test Epoch50 layer2 Acc 0.8166, AUC 0.894867479801178
Test Epoch50 layer3 Acc 0.8183, AUC 0.8982049226760864
Test Epoch50 layer4 Acc 0.8182, AUC 0.8983628749847412
gc 0
Train Epoch51 Acc 0.9064 (36256/40000), AUC 0.9642441272735596
Test Epoch51 layer0 Acc 0.7734, AUC 0.8659887313842773
Test Epoch51 layer1 Acc 0.8091, AUC 0.8854027986526489
Test Epoch51 layer2 Acc 0.817, AUC 0.8950854539871216
Test Epoch51 layer3 Acc 0.8171, AUC 0.8987816572189331
Test Epoch51 layer4 Acc 0.8171, AUC 0.8989399075508118
gc 0
Train Epoch52 Acc 0.9072 (36288/40000), AUC 0.9651331305503845
Test Epoch52 layer0 Acc 0.7784, AUC 0.8656783103942871
Test Epoch52 layer1 Acc 0.8098, AUC 0.8855340480804443
Test Epoch52 layer2 Acc 0.817, AUC 0.8947548270225525
Test Epoch52 layer3 Acc 0.8176, AUC 0.8985646963119507
Test Epoch52 layer4 Acc 0.8165, AUC 0.8987027406692505
gc 0
Train Epoch53 Acc 0.905475 (36219/40000), AUC 0.965150773525238
Test Epoch53 layer0 Acc 0.7747, AUC 0.8657602071762085
Test Epoch53 layer1 Acc 0.8097, AUC 0.8848759531974792
Test Epoch53 layer2 Acc 0.8152, AUC 0.8942849636077881
Test Epoch53 layer3 Acc 0.8162, AUC 0.8980258703231812
Test Epoch53 layer4 Acc 0.8164, AUC 0.8982845544815063
gc 0
Train Epoch54 Acc 0.9061 (36244/40000), AUC 0.9653807282447815
Test Epoch54 layer0 Acc 0.7731, AUC 0.8657153844833374
Test Epoch54 layer1 Acc 0.8083, AUC 0.8842333555221558
Test Epoch54 layer2 Acc 0.8148, AUC 0.893854558467865
Test Epoch54 layer3 Acc 0.8157, AUC 0.8975827693939209
Test Epoch54 layer4 Acc 0.8155, AUC 0.8978486061096191
gc 0
Train Epoch55 Acc 0.907925 (36317/40000), AUC 0.965697169303894
Test Epoch55 layer0 Acc 0.7798, AUC 0.8655241131782532
Test Epoch55 layer1 Acc 0.8102, AUC 0.8848869204521179
Test Epoch55 layer2 Acc 0.8167, AUC 0.8943021297454834
Test Epoch55 layer3 Acc 0.818, AUC 0.8980430364608765
Test Epoch55 layer4 Acc 0.818, AUC 0.8981063365936279
gc 0
Train Epoch56 Acc 0.910375 (36415/40000), AUC 0.9662230610847473
Test Epoch56 layer0 Acc 0.7696, AUC 0.8653757572174072
Test Epoch56 layer1 Acc 0.8078, AUC 0.8836961984634399
Test Epoch56 layer2 Acc 0.8154, AUC 0.8935620784759521
Test Epoch56 layer3 Acc 0.816, AUC 0.8974551558494568
Test Epoch56 layer4 Acc 0.8164, AUC 0.8976672887802124
gc 0
Train Epoch57 Acc 0.907975 (36319/40000), AUC 0.9663141369819641
Test Epoch57 layer0 Acc 0.7798, AUC 0.8655337691307068
Test Epoch57 layer1 Acc 0.8105, AUC 0.8850997090339661
Test Epoch57 layer2 Acc 0.8168, AUC 0.89448481798172
Test Epoch57 layer3 Acc 0.8186, AUC 0.8983676433563232
Test Epoch57 layer4 Acc 0.8181, AUC 0.8983433246612549
gc 0
Train Epoch58 Acc 0.909025 (36361/40000), AUC 0.9666067361831665
Test Epoch58 layer0 Acc 0.7709, AUC 0.8654359579086304
Test Epoch58 layer1 Acc 0.808, AUC 0.8839934468269348
Test Epoch58 layer2 Acc 0.816, AUC 0.8936982750892639
Test Epoch58 layer3 Acc 0.8162, AUC 0.8976680040359497
Test Epoch58 layer4 Acc 0.8164, AUC 0.8978002667427063
gc 0
Train Epoch59 Acc 0.908825 (36353/40000), AUC 0.9663575291633606
Test Epoch59 layer0 Acc 0.7703, AUC 0.8653483390808105
Test Epoch59 layer1 Acc 0.8082, AUC 0.8842138051986694
Test Epoch59 layer2 Acc 0.8154, AUC 0.8936072587966919
Test Epoch59 layer3 Acc 0.8173, AUC 0.8976660966873169
Test Epoch59 layer4 Acc 0.8167, AUC 0.897852897644043
gc 0
Train Epoch60 Acc 0.9094 (36376/40000), AUC 0.9665006995201111
Test Epoch60 layer0 Acc 0.7736, AUC 0.8653181195259094
Test Epoch60 layer1 Acc 0.8089, AUC 0.8843903541564941
Test Epoch60 layer2 Acc 0.8168, AUC 0.8939056396484375
Test Epoch60 layer3 Acc 0.8171, AUC 0.8978244066238403
Test Epoch60 layer4 Acc 0.8173, AUC 0.8979250192642212
gc 0
Train Epoch61 Acc 0.908375 (36335/40000), AUC 0.966802716255188
Test Epoch61 layer0 Acc 0.777, AUC 0.8653531074523926
Test Epoch61 layer1 Acc 0.8087, AUC 0.8842847347259521
Test Epoch61 layer2 Acc 0.8172, AUC 0.893801212310791
Test Epoch61 layer3 Acc 0.8179, AUC 0.8977041244506836
Test Epoch61 layer4 Acc 0.8173, AUC 0.8977450728416443
gc 0
Train Epoch62 Acc 0.909375 (36375/40000), AUC 0.9665260314941406
Test Epoch62 layer0 Acc 0.7753, AUC 0.8653764128684998
Test Epoch62 layer1 Acc 0.8097, AUC 0.8841217160224915
Test Epoch62 layer2 Acc 0.8164, AUC 0.8936208486557007
Test Epoch62 layer3 Acc 0.8165, AUC 0.897487998008728
Test Epoch62 layer4 Acc 0.8163, AUC 0.8975971937179565
gc 0
Train Epoch63 Acc 0.909325 (36373/40000), AUC 0.9665049314498901
Test Epoch63 layer0 Acc 0.7773, AUC 0.8653043508529663
Test Epoch63 layer1 Acc 0.8085, AUC 0.8841603994369507
Test Epoch63 layer2 Acc 0.8172, AUC 0.8936071991920471
Test Epoch63 layer3 Acc 0.8178, AUC 0.8974261283874512
Test Epoch63 layer4 Acc 0.8179, AUC 0.8975086212158203
gc 0
Train Epoch64 Acc 0.908975 (36359/40000), AUC 0.966548502445221
Test Epoch64 layer0 Acc 0.7773, AUC 0.8652865886688232
Test Epoch64 layer1 Acc 0.8091, AUC 0.8839973211288452
Test Epoch64 layer2 Acc 0.8172, AUC 0.8935227394104004
Test Epoch64 layer3 Acc 0.8175, AUC 0.8974383473396301
Test Epoch64 layer4 Acc 0.8168, AUC 0.8975128531455994
gc 0
Train Epoch65 Acc 0.91015 (36406/40000), AUC 0.9666750431060791
Test Epoch65 layer0 Acc 0.7742, AUC 0.8652589321136475
Test Epoch65 layer1 Acc 0.8079, AUC 0.8838930130004883
Test Epoch65 layer2 Acc 0.8161, AUC 0.8934401869773865
Test Epoch65 layer3 Acc 0.8161, AUC 0.8973735570907593
Test Epoch65 layer4 Acc 0.816, AUC 0.8974936008453369
gc 0
Train Epoch66 Acc 0.9099 (36396/40000), AUC 0.9668039679527283
Test Epoch66 layer0 Acc 0.7775, AUC 0.8652557730674744
Test Epoch66 layer1 Acc 0.8089, AUC 0.884131669998169
Test Epoch66 layer2 Acc 0.8173, AUC 0.8936377763748169
Test Epoch66 layer3 Acc 0.8176, AUC 0.89753258228302
Test Epoch66 layer4 Acc 0.8174, AUC 0.8975951671600342
gc 0
Train Epoch67 Acc 0.9101 (36404/40000), AUC 0.9674688577651978
Test Epoch67 layer0 Acc 0.7741, AUC 0.8652580976486206
Test Epoch67 layer1 Acc 0.8095, AUC 0.8838397264480591
Test Epoch67 layer2 Acc 0.8161, AUC 0.8933857083320618
Test Epoch67 layer3 Acc 0.8166, AUC 0.8973017930984497
Test Epoch67 layer4 Acc 0.8169, AUC 0.8974196910858154
gc 0
Train Epoch68 Acc 0.908975 (36359/40000), AUC 0.9670995473861694
Test Epoch68 layer0 Acc 0.7775, AUC 0.8651993870735168
Test Epoch68 layer1 Acc 0.8093, AUC 0.8839424252510071
Test Epoch68 layer2 Acc 0.8167, AUC 0.8935158252716064
Test Epoch68 layer3 Acc 0.8174, AUC 0.8973995447158813
Test Epoch68 layer4 Acc 0.8169, AUC 0.8974895477294922
gc 0
Train Epoch69 Acc 0.9104 (36416/40000), AUC 0.9674028754234314
Test Epoch69 layer0 Acc 0.7769, AUC 0.8652124404907227
Test Epoch69 layer1 Acc 0.8096, AUC 0.8840769529342651
Test Epoch69 layer2 Acc 0.8165, AUC 0.8936049938201904
Test Epoch69 layer3 Acc 0.8167, AUC 0.8975108861923218
Test Epoch69 layer4 Acc 0.8163, AUC 0.8975896835327148
gc 0
Train Epoch70 Acc 0.909525 (36381/40000), AUC 0.9672614336013794
Test Epoch70 layer0 Acc 0.776, AUC 0.8652133941650391
Test Epoch70 layer1 Acc 0.8097, AUC 0.8840152025222778
Test Epoch70 layer2 Acc 0.8169, AUC 0.8935455083847046
Test Epoch70 layer3 Acc 0.817, AUC 0.8974424600601196
Test Epoch70 layer4 Acc 0.8171, AUC 0.8975377678871155
gc 0
Train Epoch71 Acc 0.91045 (36418/40000), AUC 0.9672784805297852
Test Epoch71 layer0 Acc 0.7766, AUC 0.8652173280715942
Test Epoch71 layer1 Acc 0.8094, AUC 0.8840712308883667
Test Epoch71 layer2 Acc 0.8165, AUC 0.8935931921005249
Test Epoch71 layer3 Acc 0.8171, AUC 0.8974894285202026
Test Epoch71 layer4 Acc 0.8167, AUC 0.8975797891616821
gc 0
Train Epoch72 Acc 0.911025 (36441/40000), AUC 0.9672304391860962
Test Epoch72 layer0 Acc 0.7748, AUC 0.8652111887931824
Test Epoch72 layer1 Acc 0.8095, AUC 0.8839288949966431
Test Epoch72 layer2 Acc 0.8169, AUC 0.8935145139694214
Test Epoch72 layer3 Acc 0.8168, AUC 0.8974219560623169
Test Epoch72 layer4 Acc 0.8167, AUC 0.8975120782852173
gc 0
Train Epoch73 Acc 0.9093 (36372/40000), AUC 0.9670632481575012
Test Epoch73 layer0 Acc 0.7762, AUC 0.8652037382125854
Test Epoch73 layer1 Acc 0.8094, AUC 0.8839433193206787
Test Epoch73 layer2 Acc 0.8164, AUC 0.8935171365737915
Test Epoch73 layer3 Acc 0.8169, AUC 0.8974102735519409
Test Epoch73 layer4 Acc 0.8169, AUC 0.8974990248680115
gc 0
Train Epoch74 Acc 0.910075 (36403/40000), AUC 0.967568039894104
Test Epoch74 layer0 Acc 0.7772, AUC 0.8652068376541138
Test Epoch74 layer1 Acc 0.8094, AUC 0.8840088248252869
Test Epoch74 layer2 Acc 0.8166, AUC 0.8935621380805969
Test Epoch74 layer3 Acc 0.8171, AUC 0.8974466323852539
Test Epoch74 layer4 Acc 0.8167, AUC 0.8975260853767395
gc 0
Train Epoch75 Acc 0.911075 (36443/40000), AUC 0.9674803614616394
Test Epoch75 layer0 Acc 0.7758, AUC 0.8652104139328003
Test Epoch75 layer1 Acc 0.8097, AUC 0.8839592337608337
Test Epoch75 layer2 Acc 0.8172, AUC 0.8934996128082275
Test Epoch75 layer3 Acc 0.8172, AUC 0.8974009156227112
Test Epoch75 layer4 Acc 0.8167, AUC 0.897496223449707
gc 0
Train Epoch76 Acc 0.910625 (36425/40000), AUC 0.966894268989563
Test Epoch76 layer0 Acc 0.7765, AUC 0.8652000427246094
Test Epoch76 layer1 Acc 0.8096, AUC 0.883979082107544
Test Epoch76 layer2 Acc 0.8164, AUC 0.8935345411300659
Test Epoch76 layer3 Acc 0.8172, AUC 0.8974262475967407
Test Epoch76 layer4 Acc 0.8169, AUC 0.8975056409835815
gc 0
Train Epoch77 Acc 0.9099 (36396/40000), AUC 0.9673138856887817
Test Epoch77 layer0 Acc 0.777, AUC 0.8651988506317139
Test Epoch77 layer1 Acc 0.8094, AUC 0.8839759826660156
Test Epoch77 layer2 Acc 0.8165, AUC 0.8935199975967407
Test Epoch77 layer3 Acc 0.8171, AUC 0.8974103927612305
Test Epoch77 layer4 Acc 0.8169, AUC 0.8974921107292175
gc 0
Train Epoch78 Acc 0.910075 (36403/40000), AUC 0.9671818614006042
Test Epoch78 layer0 Acc 0.7765, AUC 0.8651971817016602
Test Epoch78 layer1 Acc 0.8095, AUC 0.8839528560638428
Test Epoch78 layer2 Acc 0.8164, AUC 0.893496036529541
Test Epoch78 layer3 Acc 0.8171, AUC 0.8973841071128845
Test Epoch78 layer4 Acc 0.8168, AUC 0.8974696397781372
gc 0
Train Epoch79 Acc 0.909825 (36393/40000), AUC 0.9669851064682007
Test Epoch79 layer0 Acc 0.7761, AUC 0.8651950359344482
Test Epoch79 layer1 Acc 0.8096, AUC 0.8839352130889893
Test Epoch79 layer2 Acc 0.8168, AUC 0.8934636116027832
Test Epoch79 layer3 Acc 0.817, AUC 0.8973554372787476
Test Epoch79 layer4 Acc 0.8168, AUC 0.897450864315033
gc 0
Train Epoch80 Acc 0.909875 (36395/40000), AUC 0.9674171209335327
Test Epoch80 layer0 Acc 0.7764, AUC 0.8651918768882751
Test Epoch80 layer1 Acc 0.8095, AUC 0.8839594125747681
Test Epoch80 layer2 Acc 0.8165, AUC 0.8934828042984009
Test Epoch80 layer3 Acc 0.8167, AUC 0.8973738551139832
Test Epoch80 layer4 Acc 0.8169, AUC 0.8974635601043701
gc 0
Train Epoch81 Acc 0.910475 (36419/40000), AUC 0.9669679403305054
Test Epoch81 layer0 Acc 0.7771, AUC 0.8651914596557617
Test Epoch81 layer1 Acc 0.8092, AUC 0.8839548826217651
Test Epoch81 layer2 Acc 0.8164, AUC 0.8934873342514038
Test Epoch81 layer3 Acc 0.8172, AUC 0.8973809480667114
Test Epoch81 layer4 Acc 0.8169, AUC 0.8974631428718567
gc 0
Train Epoch82 Acc 0.91 (36400/40000), AUC 0.9673339128494263
Test Epoch82 layer0 Acc 0.7771, AUC 0.8651899099349976
Test Epoch82 layer1 Acc 0.8092, AUC 0.8839545249938965
Test Epoch82 layer2 Acc 0.8165, AUC 0.8934894800186157
Test Epoch82 layer3 Acc 0.8171, AUC 0.8973824381828308
Test Epoch82 layer4 Acc 0.8171, AUC 0.8974630832672119
gc 0
Train Epoch83 Acc 0.909425 (36377/40000), AUC 0.9671343564987183
Test Epoch83 layer0 Acc 0.777, AUC 0.8651878833770752
Test Epoch83 layer1 Acc 0.8093, AUC 0.8839488625526428
Test Epoch83 layer2 Acc 0.8166, AUC 0.8934876322746277
Test Epoch83 layer3 Acc 0.8171, AUC 0.8973790407180786
Test Epoch83 layer4 Acc 0.817, AUC 0.8974614143371582
gc 0
Train Epoch84 Acc 0.910575 (36423/40000), AUC 0.9677248001098633
Test Epoch84 layer0 Acc 0.7771, AUC 0.8651868104934692
Test Epoch84 layer1 Acc 0.8092, AUC 0.8839486837387085
Test Epoch84 layer2 Acc 0.8165, AUC 0.8934847712516785
Test Epoch84 layer3 Acc 0.8173, AUC 0.8973759412765503
Test Epoch84 layer4 Acc 0.8171, AUC 0.8974593877792358
gc 0
Train Epoch85 Acc 0.90945 (36378/40000), AUC 0.9671082496643066
Test Epoch85 layer0 Acc 0.777, AUC 0.8651865720748901
Test Epoch85 layer1 Acc 0.8095, AUC 0.8839514255523682
Test Epoch85 layer2 Acc 0.8164, AUC 0.8934822082519531
Test Epoch85 layer3 Acc 0.8171, AUC 0.8973735570907593
Test Epoch85 layer4 Acc 0.8169, AUC 0.8974582552909851
gc 0
Train Epoch86 Acc 0.909775 (36391/40000), AUC 0.967373251914978
Test Epoch86 layer0 Acc 0.7771, AUC 0.8651862144470215
Test Epoch86 layer1 Acc 0.8093, AUC 0.8839540481567383
Test Epoch86 layer2 Acc 0.8165, AUC 0.8934866189956665
Test Epoch86 layer3 Acc 0.8173, AUC 0.8973802328109741
Test Epoch86 layer4 Acc 0.817, AUC 0.8974629044532776
gc 0
Train Epoch87 Acc 0.911125 (36445/40000), AUC 0.9674181938171387
Test Epoch87 layer0 Acc 0.7772, AUC 0.8651858568191528
Test Epoch87 layer1 Acc 0.8092, AUC 0.883952260017395
Test Epoch87 layer2 Acc 0.8165, AUC 0.8934829235076904
Test Epoch87 layer3 Acc 0.8172, AUC 0.8973745703697205
Test Epoch87 layer4 Acc 0.817, AUC 0.8974592685699463
gc 0
Train Epoch88 Acc 0.910075 (36403/40000), AUC 0.9674889445304871
Test Epoch88 layer0 Acc 0.7773, AUC 0.8651856184005737
Test Epoch88 layer1 Acc 0.8092, AUC 0.8839536309242249
Test Epoch88 layer2 Acc 0.8165, AUC 0.8934860229492188
Test Epoch88 layer3 Acc 0.8173, AUC 0.8973780870437622
Test Epoch88 layer4 Acc 0.817, AUC 0.8974614143371582
gc 0
Train Epoch89 Acc 0.9104 (36416/40000), AUC 0.9671380519866943
Test Epoch89 layer0 Acc 0.7772, AUC 0.8651858568191528
Test Epoch89 layer1 Acc 0.8093, AUC 0.8839523792266846
Test Epoch89 layer2 Acc 0.8169, AUC 0.893490731716156
Test Epoch89 layer3 Acc 0.8174, AUC 0.8973827362060547
Test Epoch89 layer4 Acc 0.817, AUC 0.8974647521972656
gc 0
Train Epoch90 Acc 0.9113 (36452/40000), AUC 0.9677069187164307
Test Epoch90 layer0 Acc 0.7772, AUC 0.8651854991912842
Test Epoch90 layer1 Acc 0.8093, AUC 0.8839521408081055
Test Epoch90 layer2 Acc 0.8168, AUC 0.8934891223907471
Test Epoch90 layer3 Acc 0.8174, AUC 0.8973803520202637
Test Epoch90 layer4 Acc 0.817, AUC 0.8974624872207642
gc 0
Train Epoch91 Acc 0.909625 (36385/40000), AUC 0.9670054912567139
Test Epoch91 layer0 Acc 0.7772, AUC 0.8651849031448364
Test Epoch91 layer1 Acc 0.8093, AUC 0.8839520215988159
Test Epoch91 layer2 Acc 0.8165, AUC 0.8934875726699829
Test Epoch91 layer3 Acc 0.8173, AUC 0.8973827958106995
Test Epoch91 layer4 Acc 0.8171, AUC 0.8974636197090149
gc 0
Train Epoch92 Acc 0.91085 (36434/40000), AUC 0.9672316312789917
Test Epoch92 layer0 Acc 0.7772, AUC 0.8651851415634155
Test Epoch92 layer1 Acc 0.8093, AUC 0.8839530944824219
Test Epoch92 layer2 Acc 0.8165, AUC 0.8934856653213501
Test Epoch92 layer3 Acc 0.8172, AUC 0.8973812460899353
Test Epoch92 layer4 Acc 0.817, AUC 0.8974629640579224
gc 0
Train Epoch93 Acc 0.90995 (36398/40000), AUC 0.9673753380775452
Test Epoch93 layer0 Acc 0.7772, AUC 0.8651854991912842
Test Epoch93 layer1 Acc 0.8093, AUC 0.8839479088783264
Test Epoch93 layer2 Acc 0.8165, AUC 0.893484354019165
Test Epoch93 layer3 Acc 0.8173, AUC 0.8973804712295532
Test Epoch93 layer4 Acc 0.8171, AUC 0.8974621295928955
gc 0
Train Epoch94 Acc 0.909925 (36397/40000), AUC 0.9676027297973633
Test Epoch94 layer0 Acc 0.7772, AUC 0.8651854991912842
Test Epoch94 layer1 Acc 0.8092, AUC 0.8839478492736816
Test Epoch94 layer2 Acc 0.8167, AUC 0.893487811088562
Test Epoch94 layer3 Acc 0.8174, AUC 0.8973821401596069
Test Epoch94 layer4 Acc 0.817, AUC 0.8974640369415283
gc 0
Train Epoch95 Acc 0.90925 (36370/40000), AUC 0.9671615362167358
Test Epoch95 layer0 Acc 0.7772, AUC 0.8651849031448364
Test Epoch95 layer1 Acc 0.8093, AUC 0.8839466571807861
Test Epoch95 layer2 Acc 0.8165, AUC 0.8934845924377441
Test Epoch95 layer3 Acc 0.8173, AUC 0.8973796963691711
Test Epoch95 layer4 Acc 0.8171, AUC 0.8974626064300537
gc 0
Train Epoch96 Acc 0.91085 (36434/40000), AUC 0.9673408269882202
Test Epoch96 layer0 Acc 0.7772, AUC 0.8651846647262573
Test Epoch96 layer1 Acc 0.8093, AUC 0.8839486241340637
Test Epoch96 layer2 Acc 0.8165, AUC 0.8934863805770874
Test Epoch96 layer3 Acc 0.8173, AUC 0.8973817229270935
Test Epoch96 layer4 Acc 0.817, AUC 0.8974629640579224
gc 0
Train Epoch97 Acc 0.9101 (36404/40000), AUC 0.9675778150558472
Test Epoch97 layer0 Acc 0.7773, AUC 0.8651846647262573
Test Epoch97 layer1 Acc 0.8093, AUC 0.883955717086792
Test Epoch97 layer2 Acc 0.8166, AUC 0.8934913873672485
Test Epoch97 layer3 Acc 0.8173, AUC 0.8973886966705322
Test Epoch97 layer4 Acc 0.817, AUC 0.8974679708480835
gc 0
Train Epoch98 Acc 0.91045 (36418/40000), AUC 0.9671660661697388
Test Epoch98 layer0 Acc 0.7773, AUC 0.8651847839355469
Test Epoch98 layer1 Acc 0.8094, AUC 0.8839538097381592
Test Epoch98 layer2 Acc 0.8166, AUC 0.8934930562973022
Test Epoch98 layer3 Acc 0.8173, AUC 0.8973901271820068
Test Epoch98 layer4 Acc 0.8171, AUC 0.8974681496620178
gc 0
Train Epoch99 Acc 0.910725 (36429/40000), AUC 0.9673340320587158
Test Epoch99 layer0 Acc 0.7773, AUC 0.8651850819587708
Test Epoch99 layer1 Acc 0.8093, AUC 0.8839536905288696
Test Epoch99 layer2 Acc 0.8168, AUC 0.8934954404830933
Test Epoch99 layer3 Acc 0.8173, AUC 0.8973928689956665
Test Epoch99 layer4 Acc 0.817, AUC 0.8974704742431641
Best AUC 0.9033499360084534
train_loss (2, 5, 100)
valid_acc (5, 100)
valid_AUC (5, 100)
train_acc (100,)
Figure(640x480)
Figure(640x480)
Figure(640x480)
Figure(640x480)
Start Testing
Load ckpt at ckpt/imdb_linearalside_l5_side500//imdb_linearalside_l5_side.pt
[[3686 1301]
 [ 885 4128]]
Figure(640x480)
[[4013  974]
 [ 896 4117]]
Figure(640x480)
[[4000  987]
 [ 833 4180]]
Figure(640x480)
[[4033  954]
 [ 840 4173]]
Figure(640x480)
[[3992  995]
 [ 812 4201]]
Figure(640x480)
