total count words 222751
vocab size 30000
found 27937 words in glove
Start Training
gc 0
[[ 59.94769572   5.23943168]
 [ 69.3760193  153.66732484]
 [ 50.81460962 165.6193285 ]
 [ 51.46086237 175.89374322]
 [ 36.8818942  150.25807214]]
Train Epoch0 Acc 0.50115 (20046/40000), AUC 0.4703473746776581
Test Epoch0 layer0 Acc 0.8075, AUC 0.8906755447387695
Save ckpt to ./ckpt/mask1//imdb/imdb_transformeral_l5_m1.pt  ,ep 0
Test Epoch0 layer1 Acc 0.5048, AUC 0.6019822359085083
Test Epoch0 layer2 Acc 0.5046, AUC 0.41823434829711914
Test Epoch0 layer3 Acc 0.5038, AUC 0.48066818714141846
Test Epoch0 layer4 Acc 0.4954, AUC 0.3753299117088318
gc 0
[[ 40.480386     4.14415869]
 [ 66.673025   154.10017642]
 [ 52.25180379 165.91085964]
 [ 52.20977196 175.60948026]
 [ 38.07541687 150.90136346]]
Train Epoch1 Acc 0.50115 (20046/40000), AUC 0.3490573763847351
Test Epoch1 layer0 Acc 0.8359, AUC 0.9154900908470154
Save ckpt to ./ckpt/mask1//imdb/imdb_transformeral_l5_m1.pt  ,ep 1
Test Epoch1 layer1 Acc 0.5048, AUC 0.608773946762085
Test Epoch1 layer2 Acc 0.5046, AUC 0.4211621582508087
Test Epoch1 layer3 Acc 0.5044, AUC 0.4728877544403076
Test Epoch1 layer4 Acc 0.4954, AUC 0.35215067863464355
gc 0
[[ 39.97877704   4.10300162]
 [ 65.90143208 154.511594  ]
 [ 53.48827507 166.40356773]
 [ 52.71052648 175.49570686]
 [ 38.90084331 151.46474066]]
Train Epoch2 Acc 0.50115 (20046/40000), AUC 0.329708069562912
Test Epoch2 layer0 Acc 0.8406, AUC 0.9157239198684692
Save ckpt to ./ckpt/mask1//imdb/imdb_transformeral_l5_m1.pt  ,ep 2
Test Epoch2 layer1 Acc 0.5048, AUC 0.603775680065155
Test Epoch2 layer2 Acc 0.5046, AUC 0.4226754307746887
Test Epoch2 layer3 Acc 0.5044, AUC 0.46750888228416443
Test Epoch2 layer4 Acc 0.4954, AUC 0.36374562978744507
gc 0
[[ 39.85157594   4.01835043]
 [ 65.56718273 154.6707243 ]
 [ 54.45086724 166.73887646]
 [ 53.08636479 175.47340393]
 [ 39.5252239  151.9017137 ]]
Train Epoch3 Acc 0.50115 (20046/40000), AUC 0.33016741275787354
Test Epoch3 layer0 Acc 0.8383, AUC 0.9139411449432373
Test Epoch3 layer1 Acc 0.5048, AUC 0.598199725151062
Test Epoch3 layer2 Acc 0.5046, AUC 0.4224919378757477
Test Epoch3 layer3 Acc 0.5044, AUC 0.46342647075653076
Test Epoch3 layer4 Acc 0.4954, AUC 0.3765977621078491
gc 0
[[ 39.80051145   3.89842195]
 [ 65.4026383  154.81561181]
 [ 55.24437386 166.98869783]
 [ 53.39234282 175.47151279]
 [ 40.03519391 152.24851337]]
Train Epoch4 Acc 0.50115 (20046/40000), AUC 0.335287868976593
Test Epoch4 layer0 Acc 0.8336, AUC 0.9098039865493774
Test Epoch4 layer1 Acc 0.5048, AUC 0.5940566062927246
Test Epoch4 layer2 Acc 0.5046, AUC 0.421975314617157
Test Epoch4 layer3 Acc 0.5045, AUC 0.4608246088027954
Test Epoch4 layer4 Acc 0.4954, AUC 0.3871167302131653
gc 0
[[ 39.77499364   3.81087161]
 [ 65.3214709  154.8548741 ]
 [ 55.92703311 167.17520159]
 [ 53.64882202 175.49395025]
 [ 40.47005978 152.57588747]]
Train Epoch5 Acc 0.50115 (20046/40000), AUC 0.3399026393890381
Test Epoch5 layer0 Acc 0.8258, AUC 0.9045206308364868
Test Epoch5 layer1 Acc 0.5049, AUC 0.5902954339981079
Test Epoch5 layer2 Acc 0.5046, AUC 0.4216421842575073
Test Epoch5 layer3 Acc 0.5045, AUC 0.4584822952747345
Test Epoch5 layer4 Acc 0.4954, AUC 0.3955991864204407
gc 0
[[ 39.76046881   3.70940115]
 [ 65.28974497 154.88094851]
 [ 56.53244694 167.32191873]
 [ 53.87850027 175.52094579]
 [ 40.85320443 152.83846286]]
Train Epoch6 Acc 0.50115 (20046/40000), AUC 0.3448551893234253
Test Epoch6 layer0 Acc 0.8207, AUC 0.9000272154808044
Test Epoch6 layer1 Acc 0.505, AUC 0.5866327285766602
Test Epoch6 layer2 Acc 0.5046, AUC 0.42107462882995605
Test Epoch6 layer3 Acc 0.5045, AUC 0.4570358991622925
Test Epoch6 layer4 Acc 0.4954, AUC 0.4038611650466919
gc 0
[[ 39.75319789   3.39764949]
 [ 65.28621554 154.92615113]
 [ 56.95386732 167.41422963]
 [ 54.03639264 175.55303162]
 [ 41.11933403 153.02258623]]
Train Epoch7 Acc 0.50115 (20046/40000), AUC 0.3471533954143524
Test Epoch7 layer0 Acc 0.8203, AUC 0.897812008857727
Test Epoch7 layer1 Acc 0.505, AUC 0.5846514701843262
Test Epoch7 layer2 Acc 0.5046, AUC 0.4213615357875824
Test Epoch7 layer3 Acc 0.5045, AUC 0.45629507303237915
Test Epoch7 layer4 Acc 0.4954, AUC 0.40738266706466675
gc 0
[[ 39.74936706   3.33751595]
 [ 65.29280543 155.00173023]
 [ 57.23733419 167.47596103]
 [ 54.14382009 175.58125407]
 [ 41.29743655 153.1339916 ]]
Train Epoch8 Acc 0.50115 (20046/40000), AUC 0.35001760721206665
Test Epoch8 layer0 Acc 0.8175, AUC 0.8944711685180664
Test Epoch8 layer1 Acc 0.505, AUC 0.5826611518859863
Test Epoch8 layer2 Acc 0.5046, AUC 0.4222332835197449
Test Epoch8 layer3 Acc 0.5045, AUC 0.4558817148208618
Test Epoch8 layer4 Acc 0.4954, AUC 0.41095906496047974
gc 0
[[ 39.74606754   3.30334447]
 [ 65.30639824 155.0736047 ]
 [ 57.5294764  167.54438126]
 [ 54.25616997 175.60648292]
 [ 41.48029859 153.25332534]]
Train Epoch9 Acc 0.50115 (20046/40000), AUC 0.35269951820373535
Test Epoch9 layer0 Acc 0.8144, AUC 0.8915075063705444
Test Epoch9 layer1 Acc 0.505, AUC 0.5805678367614746
Test Epoch9 layer2 Acc 0.5046, AUC 0.4227447509765625
Test Epoch9 layer3 Acc 0.5045, AUC 0.4552125930786133
Test Epoch9 layer4 Acc 0.4954, AUC 0.4145493507385254
Best AUC 0.9157239198684692
train_loss (2, 5, 10)
valid_acc (5, 10)
valid_AUC (5, 10)
train_acc (10,)
Figure(640x480)
Figure(640x480)
Figure(640x480)
Figure(640x480)
Start Testing
Load ckpt at ./ckpt/mask1//imdb/imdb_transformeral_l5_m1.pt
[[4333  713]
 [ 881 4073]]
Figure(640x480)
[[5045    1]
 [4951    3]]
Figure(640x480)
[[5046    0]
 [4954    0]]
Figure(640x480)
[[5043    3]
 [4953    1]]
Figure(640x480)
[[   0 5046]
 [   0 4954]]
Figure(640x480)
