total count words 102019
vocab size 30000
found 26754 words in glove
Load ckpt from ckpt/ag_news_lstmal_l5adf_pad175_t0.8_m2//ag_news_lstmal_l5.pt
model: LSTMModelML(
  (layers): ModuleList(
    (0): EMBLayer(
      (enc): ENC(
        (b): Sequential(
          (0): Linear(in_features=300, out_features=128, bias=True)
          (1): Tanh()
        )
        (f): Embedding(30000, 300)
        (cri): MSELoss()
      )
      (ae): AE(
        (g): Sequential(
          (0): Linear(in_features=4, out_features=128, bias=True)
          (1): Tanh()
        )
        (h): Sequential(
          (0): Linear(in_features=128, out_features=4, bias=True)
          (1): Sigmoid()
        )
        (cri): CrossEntropyLoss()
      )
    )
    (1): LSTMLayer(
      (enc): ENC(
        (b): Sequential(
          (0): Linear(in_features=300, out_features=128, bias=True)
          (1): Tanh()
        )
        (f): LSTM(300, 300, batch_first=True, bidirectional=True)
        (cri): MSELoss()
      )
      (ae): AE(
        (g): Sequential(
          (0): Linear(in_features=128, out_features=128, bias=True)
          (1): Tanh()
        )
        (h): Sequential(
          (0): Linear(in_features=128, out_features=128, bias=True)
        )
        (cri): MSELoss()
      )
    )
    (2): LSTMLayer(
      (enc): ENC(
        (b): Sequential(
          (0): Linear(in_features=300, out_features=128, bias=True)
          (1): Tanh()
        )
        (f): LSTM(600, 300, batch_first=True, bidirectional=True)
        (cri): MSELoss()
      )
      (ae): AE(
        (g): Sequential(
          (0): Linear(in_features=128, out_features=128, bias=True)
          (1): Tanh()
        )
        (h): Sequential(
          (0): Linear(in_features=128, out_features=128, bias=True)
        )
        (cri): MSELoss()
      )
    )
    (3): LSTMLayer(
      (enc): ENC(
        (b): Sequential(
          (0): Linear(in_features=300, out_features=128, bias=True)
          (1): Tanh()
        )
        (f): LSTM(600, 300, batch_first=True, bidirectional=True)
        (cri): MSELoss()
      )
      (ae): AE(
        (g): Sequential(
          (0): Linear(in_features=128, out_features=128, bias=True)
          (1): Tanh()
        )
        (h): Sequential(
          (0): Linear(in_features=128, out_features=128, bias=True)
        )
        (cri): MSELoss()
      )
    )
    (4): LSTMLayer(
      (enc): ENC(
        (b): Sequential(
          (0): Linear(in_features=300, out_features=128, bias=True)
          (1): Tanh()
        )
        (f): LSTM(600, 300, batch_first=True, bidirectional=True)
        (cri): MSELoss()
      )
      (ae): AE(
        (g): Sequential(
          (0): Linear(in_features=128, out_features=128, bias=True)
          (1): Tanh()
        )
        (h): Sequential(
          (0): Linear(in_features=128, out_features=128, bias=True)
        )
        (cri): MSELoss()
      )
    )
  )
)
layers.0.enc.b.0.weight 38400
layers.0.enc.b.0.bias 128
layers.0.enc.f.weight 9000000
layers.0.ae.g.0.weight 512
layers.0.ae.g.0.bias 128
layers.0.ae.h.0.weight 512
layers.0.ae.h.0.bias 4
layers.1.enc.b.0.weight 38400
layers.1.enc.b.0.bias 128
layers.1.enc.f.weight_ih_l0 360000
layers.1.enc.f.weight_hh_l0 360000
layers.1.enc.f.bias_ih_l0 1200
layers.1.enc.f.bias_hh_l0 1200
layers.1.enc.f.weight_ih_l0_reverse 360000
layers.1.enc.f.weight_hh_l0_reverse 360000
layers.1.enc.f.bias_ih_l0_reverse 1200
layers.1.enc.f.bias_hh_l0_reverse 1200
layers.1.ae.g.0.weight 16384
layers.1.ae.g.0.bias 128
layers.1.ae.h.0.weight 16384
layers.1.ae.h.0.bias 128
layers.2.enc.b.0.weight 38400
layers.2.enc.b.0.bias 128
layers.2.enc.f.weight_ih_l0 720000
layers.2.enc.f.weight_hh_l0 360000
layers.2.enc.f.bias_ih_l0 1200
layers.2.enc.f.bias_hh_l0 1200
layers.2.enc.f.weight_ih_l0_reverse 720000
layers.2.enc.f.weight_hh_l0_reverse 360000
layers.2.enc.f.bias_ih_l0_reverse 1200
layers.2.enc.f.bias_hh_l0_reverse 1200
layers.2.ae.g.0.weight 16384
layers.2.ae.g.0.bias 128
layers.2.ae.h.0.weight 16384
layers.2.ae.h.0.bias 128
layers.3.enc.b.0.weight 38400
layers.3.enc.b.0.bias 128
layers.3.enc.f.weight_ih_l0 720000
layers.3.enc.f.weight_hh_l0 360000
layers.3.enc.f.bias_ih_l0 1200
layers.3.enc.f.bias_hh_l0 1200
layers.3.enc.f.weight_ih_l0_reverse 720000
layers.3.enc.f.weight_hh_l0_reverse 360000
layers.3.enc.f.bias_ih_l0_reverse 1200
layers.3.enc.f.bias_hh_l0_reverse 1200
layers.3.ae.g.0.weight 16384
layers.3.ae.g.0.bias 128
layers.3.ae.h.0.weight 16384
layers.3.ae.h.0.bias 128
layers.4.enc.b.0.weight 38400
layers.4.enc.b.0.bias 128
layers.4.enc.f.weight_ih_l0 720000
layers.4.enc.f.weight_hh_l0 360000
layers.4.enc.f.bias_ih_l0 1200
layers.4.enc.f.bias_hh_l0 1200
layers.4.enc.f.weight_ih_l0_reverse 720000
layers.4.enc.f.weight_hh_l0_reverse 360000
layers.4.enc.f.bias_ih_l0_reverse 1200
layers.4.enc.f.bias_hh_l0_reverse 1200
layers.4.ae.g.0.weight 16384
layers.4.ae.g.0.bias 128
layers.4.ae.h.0.weight 16384
layers.4.ae.h.0.bias 128
Total Trainable Params: 17265092
init_time 20.37690305709839
Start Training
train_mask {2} False
gc 9
Train Epoch0 Acc 0.5122416666666667 (61469/120000), AUC 0.6335186958312988
ep0_train_time 56.21821641921997
Test Epoch0 threshold 0.8 Acc 0.9113157894736842, AUC 0.9789862632751465, avg_entr 0.05528205633163452
ep0_t0.8_test_time 0.17181754112243652
Save ckpt to ckpt/ag_news_lstmal_l5adf_pad175_t0.8_m3//ag_news_lstmal_l5.pt  ,ep 0
gc 0
Train Epoch1 Acc 0.38784166666666664 (46541/120000), AUC 0.6380494832992554
ep1_train_time 56.25411820411682
Test Epoch1 threshold 0.8 Acc 0.9113157894736842, AUC 0.9789862632751465, avg_entr 0.05528205633163452
ep1_t0.8_test_time 0.16264843940734863
Save ckpt to ckpt/ag_news_lstmal_l5adf_pad175_t0.8_m3//ag_news_lstmal_l5.pt  ,ep 1
gc 0
Train Epoch2 Acc 0.2900583333333333 (34807/120000), AUC 0.6012570858001709
ep2_train_time 56.25610375404358
Test Epoch2 threshold 0.8 Acc 0.9113157894736842, AUC 0.9789862632751465, avg_entr 0.05528205633163452
ep2_t0.8_test_time 0.15941190719604492
Save ckpt to ckpt/ag_news_lstmal_l5adf_pad175_t0.8_m3//ag_news_lstmal_l5.pt  ,ep 2
gc 0
Train Epoch3 Acc 0.2639916666666667 (31679/120000), AUC 0.5656509399414062
ep3_train_time 56.19554114341736
Test Epoch3 threshold 0.8 Acc 0.9113157894736842, AUC 0.9789862632751465, avg_entr 0.05528205633163452
ep3_t0.8_test_time 0.15971589088439941
Save ckpt to ckpt/ag_news_lstmal_l5adf_pad175_t0.8_m3//ag_news_lstmal_l5.pt  ,ep 3
gc 0
Train Epoch4 Acc 0.25756666666666667 (30908/120000), AUC 0.5629971027374268
ep4_train_time 56.25348234176636
Test Epoch4 threshold 0.8 Acc 0.9113157894736842, AUC 0.9789862632751465, avg_entr 0.05528205633163452
ep4_t0.8_test_time 0.16074180603027344
Save ckpt to ckpt/ag_news_lstmal_l5adf_pad175_t0.8_m3//ag_news_lstmal_l5.pt  ,ep 4
gc 0
Train Epoch5 Acc 0.2543916666666667 (30527/120000), AUC 0.5696532726287842
ep5_train_time 56.25702381134033
Test Epoch5 threshold 0.8 Acc 0.9113157894736842, AUC 0.9789862632751465, avg_entr 0.05528205633163452
ep5_t0.8_test_time 0.15920281410217285
Save ckpt to ckpt/ag_news_lstmal_l5adf_pad175_t0.8_m3//ag_news_lstmal_l5.pt  ,ep 5
gc 0
Train Epoch6 Acc 0.25405 (30486/120000), AUC 0.584712028503418
ep6_train_time 56.26488733291626
Test Epoch6 threshold 0.8 Acc 0.9113157894736842, AUC 0.9789862632751465, avg_entr 0.05528205633163452
ep6_t0.8_test_time 0.1600666046142578
Save ckpt to ckpt/ag_news_lstmal_l5adf_pad175_t0.8_m3//ag_news_lstmal_l5.pt  ,ep 6
gc 0
Train Epoch7 Acc 0.255625 (30675/120000), AUC 0.6057135462760925
ep7_train_time 56.23091149330139
Test Epoch7 threshold 0.8 Acc 0.9113157894736842, AUC 0.9789862632751465, avg_entr 0.05528205633163452
ep7_t0.8_test_time 0.15888142585754395
Save ckpt to ckpt/ag_news_lstmal_l5adf_pad175_t0.8_m3//ag_news_lstmal_l5.pt  ,ep 7
gc 0
Train Epoch8 Acc 0.25785 (30942/120000), AUC 0.6264970302581787
ep8_train_time 56.255690574645996
Test Epoch8 threshold 0.8 Acc 0.9113157894736842, AUC 0.9789862632751465, avg_entr 0.05528205633163452
ep8_t0.8_test_time 0.16028475761413574
Save ckpt to ckpt/ag_news_lstmal_l5adf_pad175_t0.8_m3//ag_news_lstmal_l5.pt  ,ep 8
gc 0
Train Epoch9 Acc 0.26104166666666667 (31325/120000), AUC 0.6368899345397949
ep9_train_time 56.272451877593994
Test Epoch9 threshold 0.8 Acc 0.9113157894736842, AUC 0.9789862632751465, avg_entr 0.05528205633163452
ep9_t0.8_test_time 0.15949463844299316
Save ckpt to ckpt/ag_news_lstmal_l5adf_pad175_t0.8_m3//ag_news_lstmal_l5.pt  ,ep 9
Best AUC 0.9789862632751465
train_loss (2, 5, 10)
valid_acc (10, 1)
valid_AUC (10, 1)
train_acc (10,)
Figure(640x480)
Figure(640x480)
Figure(640x480)
Figure(640x480)
Figure(640x480)
total_train/valid_time 565.7240445613861
Start Testing
Load ckpt at ckpt/ag_news_lstmal_l5adf_pad175_t0.8_m3//ag_news_lstmal_l5.pt
Test threshold 0.8 Acc 0.9255263157894736, AUC 0.9850099682807922, avg_entr 0.05365172028541565
t0.8_test_time 0.16095733642578125
