total count words 887880
vocab size 30000
found 28354 words in glove
Load ckpt from ./ckpt/mask2//dbpedia_14/dbpedia_14_transformeral_l5_m2_prefix.pt
Start Training
gc 9
[[4.44061607e+03 8.58096777e+01]
 [9.44987651e-03            nan]
 [7.61110201e+00            nan]
 [1.25889758e+03            nan]
 [1.03772087e+03            nan]]
Train Epoch0 Acc 0.07142857142857142 (40000/560000), AUC 0.5000000596046448
Test Epoch0 layer0 Acc 0.9737, AUC 0.9982929229736328
Save ckpt to ./ckpt/mask3//dbpedia_14/dbpedia_14_transformeral_l5_m3_prefix.pt  ,ep 0
Test Epoch0 layer1 Acc 0.07142857142857142, AUC 0.5
Test Epoch0 layer2 Acc 0.07142857142857142, AUC 0.5
Test Epoch0 layer3 Acc 0.07142857142857142, AUC 0.5
Test Epoch0 layer4 Acc 0.07142857142857142, AUC 0.5
gc 0
[[4.44061607e+03 8.57548303e+01]
 [7.75772265e-03            nan]
 [1.18186111e-02            nan]
 [1.24278980e+03            nan]
 [1.02775435e+03            nan]]
Train Epoch1 Acc 0.07142857142857142 (40000/560000), AUC 0.5
Test Epoch1 layer0 Acc 0.9736714285714285, AUC 0.9982624650001526
Test Epoch1 layer1 Acc 0.07142857142857142, AUC 0.5
Test Epoch1 layer2 Acc 0.07142857142857142, AUC 0.5
Test Epoch1 layer3 Acc 0.07142857142857142, AUC 0.5
Test Epoch1 layer4 Acc 0.07142857142857142, AUC 0.5
gc 0
[[4.44061607e+03 8.56432781e+01]
 [7.24096649e-03            nan]
 [1.56305543e-02            nan]
 [1.19024105e+03            nan]
 [9.91727913e+02            nan]]
Train Epoch2 Acc 0.07142857142857142 (40000/560000), AUC 0.5
Test Epoch2 layer0 Acc 0.9738714285714286, AUC 0.9982901215553284
Test Epoch2 layer1 Acc 0.07142857142857142, AUC 0.5
Test Epoch2 layer2 Acc 0.07142857142857142, AUC 0.5
Test Epoch2 layer3 Acc 0.07142857142857142, AUC 0.5
Test Epoch2 layer4 Acc 0.07142857142857142, AUC 0.5
gc 0
[[4.44061607e+03 8.55515765e+01]
 [7.02359076e-03            nan]
 [1.49071866e-02            nan]
 [1.13479826e+03            nan]
 [9.52474935e+02            nan]]
Train Epoch3 Acc 0.07142857142857142 (40000/560000), AUC 0.5
Test Epoch3 layer0 Acc 0.9737142857142858, AUC 0.9982887506484985
Test Epoch3 layer1 Acc 0.07142857142857142, AUC 0.5
Test Epoch3 layer2 Acc 0.07142857142857142, AUC 0.5
Test Epoch3 layer3 Acc 0.07142857142857142, AUC 0.5
Test Epoch3 layer4 Acc 0.07142857142857142, AUC 0.5
gc 0
[[4.44061607e+03 8.54461336e+01]
 [6.64403307e-03            nan]
 [1.35958825e-02            nan]
 [1.08549182e+03            nan]
 [9.16455779e+02            nan]]
Train Epoch4 Acc 0.07142857142857142 (40000/560000), AUC 0.5000000596046448
Test Epoch4 layer0 Acc 0.9737, AUC 0.9983018636703491
Save ckpt to ./ckpt/mask3//dbpedia_14/dbpedia_14_transformeral_l5_m3_prefix.pt  ,ep 4
Test Epoch4 layer1 Acc 0.07142857142857142, AUC 0.5
Test Epoch4 layer2 Acc 0.07142857142857142, AUC 0.5
Test Epoch4 layer3 Acc 0.07142857142857142, AUC 0.5
Test Epoch4 layer4 Acc 0.07142857142857142, AUC 0.5
gc 0
[[4.44061607e+03 8.38704589e+01]
 [1.23118369e-03            nan]
 [2.53682507e-03            nan]
 [1.06044212e+03            nan]
 [8.97794751e+02            nan]]
Train Epoch5 Acc 0.07142857142857142 (40000/560000), AUC 0.5
Test Epoch5 layer0 Acc 0.9737285714285714, AUC 0.9982925653457642
Test Epoch5 layer1 Acc 0.07142857142857142, AUC 0.5
Test Epoch5 layer2 Acc 0.07142857142857142, AUC 0.5
Test Epoch5 layer3 Acc 0.07142857142857142, AUC 0.5
Test Epoch5 layer4 Acc 0.07142857142857142, AUC 0.5
gc 0
[[4.44061607e+03 8.38591948e+01]
 [1.66037817e-03            nan]
 [3.37723345e-03            nan]
 [1.04972665e+03            nan]
 [8.89750407e+02            nan]]
Train Epoch6 Acc 0.07142857142857142 (40000/560000), AUC 0.4999999701976776
Test Epoch6 layer0 Acc 0.9740571428571428, AUC 0.9983035326004028
Save ckpt to ./ckpt/mask3//dbpedia_14/dbpedia_14_transformeral_l5_m3_prefix.pt  ,ep 6
Test Epoch6 layer1 Acc 0.07142857142857142, AUC 0.5
Test Epoch6 layer2 Acc 0.07142857142857142, AUC 0.5
Test Epoch6 layer3 Acc 0.07142857142857142, AUC 0.5
Test Epoch6 layer4 Acc 0.07142857142857142, AUC 0.5
gc 0
[[4.44061607e+03 8.38283935e+01]
 [1.63310546e-03            nan]
 [3.27427196e-03            nan]
 [1.03913990e+03            nan]
 [8.81880140e+02            nan]]
Train Epoch7 Acc 0.07142857142857142 (40000/560000), AUC 0.4999999701976776
Test Epoch7 layer0 Acc 0.9738428571428571, AUC 0.998311460018158
Save ckpt to ./ckpt/mask3//dbpedia_14/dbpedia_14_transformeral_l5_m3_prefix.pt  ,ep 7
Test Epoch7 layer1 Acc 0.07142857142857142, AUC 0.5
Test Epoch7 layer2 Acc 0.07142857142857142, AUC 0.5
Test Epoch7 layer3 Acc 0.07142857142857142, AUC 0.5
Test Epoch7 layer4 Acc 0.07142857142857142, AUC 0.5
gc 0
[[4.44061607e+03 8.37548649e+01]
 [1.72065713e-03            nan]
 [3.41651790e-03            nan]
 [1.02881995e+03            nan]
 [8.74156100e+02            nan]]
Train Epoch8 Acc 0.07142857142857142 (40000/560000), AUC 0.4999999701976776
Test Epoch8 layer0 Acc 0.9738857142857142, AUC 0.9982795715332031
Test Epoch8 layer1 Acc 0.07142857142857142, AUC 0.5
Test Epoch8 layer2 Acc 0.07142857142857142, AUC 0.5
Test Epoch8 layer3 Acc 0.07142857142857142, AUC 0.5
Test Epoch8 layer4 Acc 0.07142857142857142, AUC 0.5
gc 0
[[4.44061607e+03 8.29398349e+01]
 [2.96495899e-04            nan]
 [6.16048380e-04            nan]
 [1.02308740e+03            nan]
 [8.69957386e+02            nan]]
Train Epoch9 Acc 0.07142857142857142 (40000/560000), AUC 0.4999999701976776
Test Epoch9 layer0 Acc 0.9738428571428571, AUC 0.9982860684394836
Test Epoch9 layer1 Acc 0.07142857142857142, AUC 0.5
Test Epoch9 layer2 Acc 0.07142857142857142, AUC 0.5
Test Epoch9 layer3 Acc 0.07142857142857142, AUC 0.5
Test Epoch9 layer4 Acc 0.07142857142857142, AUC 0.5
Best AUC 0.998311460018158
train_loss (2, 5, 10)
valid_acc (5, 10)
valid_AUC (5, 10)
train_acc (10,)
Figure(640x480)
Figure(640x480)
Figure(640x480)
Figure(640x480)
Start Testing
Load ckpt at ./ckpt/mask3//dbpedia_14/dbpedia_14_transformeral_l5_m3_prefix.pt
[[4699   42   23   15   11   67   41    8    4    5    5   20   19   41]
 [  35 4894    3    2    8    0   33    6    3    2    1    0    5    8]
 [  34   13 4607   18   54    1    9    3    6    0    1   87   20  147]
 [   4    1   31 4949   11    0    1    0    0    0    0    0    0    3]
 [   9   16   77   11 4856    8    6    2    2    0    0    0    2   11]
 [  37    1    3    4    1 4942    5    2    1    1    0    0    1    2]
 [  62   46    5    3   11   17 4795   39    9    5    1    1    3    3]
 [   0    1    0    0    2    0   12 4963   17    3    1    0    0    1]
 [   1    4    2    0    3    0    9   13 4968    0    0    0    0    0]
 [   1    0    1    2    1    0    0    6    0 4959   29    0    0    1]
 [  12    1    0    0    0    0    2    4    0   37 4944    0    0    0]
 [   8    0   38    2    0    0    0    0    0    1    0 4925   13   13]
 [   9    2   26    8    2    2    1    3    0    2    0   24 4870   51]
 [  32    1   78    8   13    3    4    9    1    4    4    5   40 4798]]
Figure(640x480)
[[5000    0    0    0    0    0    0    0    0    0    0    0    0    0]
 [5000    0    0    0    0    0    0    0    0    0    0    0    0    0]
 [5000    0    0    0    0    0    0    0    0    0    0    0    0    0]
 [5000    0    0    0    0    0    0    0    0    0    0    0    0    0]
 [5000    0    0    0    0    0    0    0    0    0    0    0    0    0]
 [5000    0    0    0    0    0    0    0    0    0    0    0    0    0]
 [5000    0    0    0    0    0    0    0    0    0    0    0    0    0]
 [5000    0    0    0    0    0    0    0    0    0    0    0    0    0]
 [5000    0    0    0    0    0    0    0    0    0    0    0    0    0]
 [5000    0    0    0    0    0    0    0    0    0    0    0    0    0]
 [5000    0    0    0    0    0    0    0    0    0    0    0    0    0]
 [5000    0    0    0    0    0    0    0    0    0    0    0    0    0]
 [5000    0    0    0    0    0    0    0    0    0    0    0    0    0]
 [5000    0    0    0    0    0    0    0    0    0    0    0    0    0]]
Figure(640x480)
[[5000    0    0    0    0    0    0    0    0    0    0    0    0    0]
 [5000    0    0    0    0    0    0    0    0    0    0    0    0    0]
 [5000    0    0    0    0    0    0    0    0    0    0    0    0    0]
 [5000    0    0    0    0    0    0    0    0    0    0    0    0    0]
 [5000    0    0    0    0    0    0    0    0    0    0    0    0    0]
 [5000    0    0    0    0    0    0    0    0    0    0    0    0    0]
 [5000    0    0    0    0    0    0    0    0    0    0    0    0    0]
 [5000    0    0    0    0    0    0    0    0    0    0    0    0    0]
 [5000    0    0    0    0    0    0    0    0    0    0    0    0    0]
 [5000    0    0    0    0    0    0    0    0    0    0    0    0    0]
 [5000    0    0    0    0    0    0    0    0    0    0    0    0    0]
 [5000    0    0    0    0    0    0    0    0    0    0    0    0    0]
 [5000    0    0    0    0    0    0    0    0    0    0    0    0    0]
 [5000    0    0    0    0    0    0    0    0    0    0    0    0    0]]
Figure(640x480)
[[5000    0    0    0    0    0    0    0    0    0    0    0    0    0]
 [5000    0    0    0    0    0    0    0    0    0    0    0    0    0]
 [5000    0    0    0    0    0    0    0    0    0    0    0    0    0]
 [5000    0    0    0    0    0    0    0    0    0    0    0    0    0]
 [5000    0    0    0    0    0    0    0    0    0    0    0    0    0]
 [5000    0    0    0    0    0    0    0    0    0    0    0    0    0]
 [5000    0    0    0    0    0    0    0    0    0    0    0    0    0]
 [5000    0    0    0    0    0    0    0    0    0    0    0    0    0]
 [5000    0    0    0    0    0    0    0    0    0    0    0    0    0]
 [5000    0    0    0    0    0    0    0    0    0    0    0    0    0]
 [5000    0    0    0    0    0    0    0    0    0    0    0    0    0]
 [5000    0    0    0    0    0    0    0    0    0    0    0    0    0]
 [5000    0    0    0    0    0    0    0    0    0    0    0    0    0]
 [5000    0    0    0    0    0    0    0    0    0    0    0    0    0]]
Figure(640x480)
[[5000    0    0    0    0    0    0    0    0    0    0    0    0    0]
 [5000    0    0    0    0    0    0    0    0    0    0    0    0    0]
 [5000    0    0    0    0    0    0    0    0    0    0    0    0    0]
 [5000    0    0    0    0    0    0    0    0    0    0    0    0    0]
 [5000    0    0    0    0    0    0    0    0    0    0    0    0    0]
 [5000    0    0    0    0    0    0    0    0    0    0    0    0    0]
 [5000    0    0    0    0    0    0    0    0    0    0    0    0    0]
 [5000    0    0    0    0    0    0    0    0    0    0    0    0    0]
 [5000    0    0    0    0    0    0    0    0    0    0    0    0    0]
 [5000    0    0    0    0    0    0    0    0    0    0    0    0    0]
 [5000    0    0    0    0    0    0    0    0    0    0    0    0    0]
 [5000    0    0    0    0    0    0    0    0    0    0    0    0    0]
 [5000    0    0    0    0    0    0    0    0    0    0    0    0    0]
 [5000    0    0    0    0    0    0    0    0    0    0    0    0    0]]
Figure(640x480)
