total count words 102019
vocab size 30000
found 26754 words in glove
Load ckpt from ckpt/ag_news_transformeral_l5adf_pad175_t0.8_m2//ag_news_transformeral_l5_prefix.pt
model: TransformerModelML(
  (layers): ModuleList(
    (0): EMBLayer(
      (enc): ENC(
        (b): Sequential(
          (0): Linear(in_features=300, out_features=128, bias=True)
          (1): Tanh()
        )
        (f): Embedding(30000, 300)
        (cri): MSELoss()
      )
      (ae): AE(
        (g): Sequential(
          (0): Linear(in_features=4, out_features=128, bias=True)
          (1): Tanh()
        )
        (h): Sequential(
          (0): Linear(in_features=128, out_features=4, bias=True)
          (1): Sigmoid()
        )
        (cri): CrossEntropyLoss()
      )
    )
    (1): TransLayer(
      (enc): ENC(
        (b): Sequential(
          (0): Linear(in_features=300, out_features=128, bias=True)
          (1): Tanh()
        )
        (f): TransformerEncoder(
          (multi_headed_attention): MultiHeadAttention(
            (linears): ModuleList(
              (0): Linear(in_features=300, out_features=300, bias=True)
              (1): Linear(in_features=300, out_features=300, bias=True)
              (2): Linear(in_features=300, out_features=300, bias=True)
              (3): Linear(in_features=300, out_features=300, bias=True)
            )
            (sdpa): ScaledDotProductAttention()
            (dropout): Dropout(p=0.1, inplace=False)
          )
          (feed_forward): FeedForward(
            (w_1): Linear(in_features=300, out_features=300, bias=True)
            (w_2): Linear(in_features=300, out_features=300, bias=True)
            (relu): ReLU()
            (dropout): Dropout(p=0.1, inplace=False)
          )
          (encoder_layer): EncoderLayer(
            (self_attn): MultiHeadAttention(
              (linears): ModuleList(
                (0): Linear(in_features=300, out_features=300, bias=True)
                (1): Linear(in_features=300, out_features=300, bias=True)
                (2): Linear(in_features=300, out_features=300, bias=True)
                (3): Linear(in_features=300, out_features=300, bias=True)
              )
              (sdpa): ScaledDotProductAttention()
              (dropout): Dropout(p=0.1, inplace=False)
            )
            (feed_forward): FeedForward(
              (w_1): Linear(in_features=300, out_features=300, bias=True)
              (w_2): Linear(in_features=300, out_features=300, bias=True)
              (relu): ReLU()
              (dropout): Dropout(p=0.1, inplace=False)
            )
            (sublayer): ModuleList(
              (0): SublayerConnection(
                (norm): LayerNorm()
                (dropout): Dropout(p=0.1, inplace=False)
              )
              (1): SublayerConnection(
                (norm): LayerNorm()
                (dropout): Dropout(p=0.1, inplace=False)
              )
            )
          )
          (encoder): Encoder(
            (layers): ModuleList(
              (0): EncoderLayer(
                (self_attn): MultiHeadAttention(
                  (linears): ModuleList(
                    (0): Linear(in_features=300, out_features=300, bias=True)
                    (1): Linear(in_features=300, out_features=300, bias=True)
                    (2): Linear(in_features=300, out_features=300, bias=True)
                    (3): Linear(in_features=300, out_features=300, bias=True)
                  )
                  (sdpa): ScaledDotProductAttention()
                  (dropout): Dropout(p=0.1, inplace=False)
                )
                (feed_forward): FeedForward(
                  (w_1): Linear(in_features=300, out_features=300, bias=True)
                  (w_2): Linear(in_features=300, out_features=300, bias=True)
                  (relu): ReLU()
                  (dropout): Dropout(p=0.1, inplace=False)
                )
                (sublayer): ModuleList(
                  (0): SublayerConnection(
                    (norm): LayerNorm()
                    (dropout): Dropout(p=0.1, inplace=False)
                  )
                  (1): SublayerConnection(
                    (norm): LayerNorm()
                    (dropout): Dropout(p=0.1, inplace=False)
                  )
                )
              )
            )
            (norm): LayerNorm()
          )
        )
        (cri): MSELoss()
      )
      (ae): AE(
        (g): Sequential(
          (0): Linear(in_features=128, out_features=128, bias=True)
          (1): Tanh()
        )
        (h): Sequential(
          (0): Linear(in_features=128, out_features=128, bias=True)
        )
        (cri): MSELoss()
      )
    )
    (2): TransLayer(
      (enc): ENC(
        (b): Sequential(
          (0): Linear(in_features=300, out_features=128, bias=True)
          (1): Tanh()
        )
        (f): TransformerEncoder(
          (multi_headed_attention): MultiHeadAttention(
            (linears): ModuleList(
              (0): Linear(in_features=300, out_features=300, bias=True)
              (1): Linear(in_features=300, out_features=300, bias=True)
              (2): Linear(in_features=300, out_features=300, bias=True)
              (3): Linear(in_features=300, out_features=300, bias=True)
            )
            (sdpa): ScaledDotProductAttention()
            (dropout): Dropout(p=0.1, inplace=False)
          )
          (feed_forward): FeedForward(
            (w_1): Linear(in_features=300, out_features=300, bias=True)
            (w_2): Linear(in_features=300, out_features=300, bias=True)
            (relu): ReLU()
            (dropout): Dropout(p=0.1, inplace=False)
          )
          (encoder_layer): EncoderLayer(
            (self_attn): MultiHeadAttention(
              (linears): ModuleList(
                (0): Linear(in_features=300, out_features=300, bias=True)
                (1): Linear(in_features=300, out_features=300, bias=True)
                (2): Linear(in_features=300, out_features=300, bias=True)
                (3): Linear(in_features=300, out_features=300, bias=True)
              )
              (sdpa): ScaledDotProductAttention()
              (dropout): Dropout(p=0.1, inplace=False)
            )
            (feed_forward): FeedForward(
              (w_1): Linear(in_features=300, out_features=300, bias=True)
              (w_2): Linear(in_features=300, out_features=300, bias=True)
              (relu): ReLU()
              (dropout): Dropout(p=0.1, inplace=False)
            )
            (sublayer): ModuleList(
              (0): SublayerConnection(
                (norm): LayerNorm()
                (dropout): Dropout(p=0.1, inplace=False)
              )
              (1): SublayerConnection(
                (norm): LayerNorm()
                (dropout): Dropout(p=0.1, inplace=False)
              )
            )
          )
          (encoder): Encoder(
            (layers): ModuleList(
              (0): EncoderLayer(
                (self_attn): MultiHeadAttention(
                  (linears): ModuleList(
                    (0): Linear(in_features=300, out_features=300, bias=True)
                    (1): Linear(in_features=300, out_features=300, bias=True)
                    (2): Linear(in_features=300, out_features=300, bias=True)
                    (3): Linear(in_features=300, out_features=300, bias=True)
                  )
                  (sdpa): ScaledDotProductAttention()
                  (dropout): Dropout(p=0.1, inplace=False)
                )
                (feed_forward): FeedForward(
                  (w_1): Linear(in_features=300, out_features=300, bias=True)
                  (w_2): Linear(in_features=300, out_features=300, bias=True)
                  (relu): ReLU()
                  (dropout): Dropout(p=0.1, inplace=False)
                )
                (sublayer): ModuleList(
                  (0): SublayerConnection(
                    (norm): LayerNorm()
                    (dropout): Dropout(p=0.1, inplace=False)
                  )
                  (1): SublayerConnection(
                    (norm): LayerNorm()
                    (dropout): Dropout(p=0.1, inplace=False)
                  )
                )
              )
            )
            (norm): LayerNorm()
          )
        )
        (cri): MSELoss()
      )
      (ae): AE(
        (g): Sequential(
          (0): Linear(in_features=128, out_features=128, bias=True)
          (1): Tanh()
        )
        (h): Sequential(
          (0): Linear(in_features=128, out_features=128, bias=True)
        )
        (cri): MSELoss()
      )
    )
    (3): TransLayer(
      (enc): ENC(
        (b): Sequential(
          (0): Linear(in_features=300, out_features=128, bias=True)
          (1): Tanh()
        )
        (f): TransformerEncoder(
          (multi_headed_attention): MultiHeadAttention(
            (linears): ModuleList(
              (0): Linear(in_features=300, out_features=300, bias=True)
              (1): Linear(in_features=300, out_features=300, bias=True)
              (2): Linear(in_features=300, out_features=300, bias=True)
              (3): Linear(in_features=300, out_features=300, bias=True)
            )
            (sdpa): ScaledDotProductAttention()
            (dropout): Dropout(p=0.1, inplace=False)
          )
          (feed_forward): FeedForward(
            (w_1): Linear(in_features=300, out_features=300, bias=True)
            (w_2): Linear(in_features=300, out_features=300, bias=True)
            (relu): ReLU()
            (dropout): Dropout(p=0.1, inplace=False)
          )
          (encoder_layer): EncoderLayer(
            (self_attn): MultiHeadAttention(
              (linears): ModuleList(
                (0): Linear(in_features=300, out_features=300, bias=True)
                (1): Linear(in_features=300, out_features=300, bias=True)
                (2): Linear(in_features=300, out_features=300, bias=True)
                (3): Linear(in_features=300, out_features=300, bias=True)
              )
              (sdpa): ScaledDotProductAttention()
              (dropout): Dropout(p=0.1, inplace=False)
            )
            (feed_forward): FeedForward(
              (w_1): Linear(in_features=300, out_features=300, bias=True)
              (w_2): Linear(in_features=300, out_features=300, bias=True)
              (relu): ReLU()
              (dropout): Dropout(p=0.1, inplace=False)
            )
            (sublayer): ModuleList(
              (0): SublayerConnection(
                (norm): LayerNorm()
                (dropout): Dropout(p=0.1, inplace=False)
              )
              (1): SublayerConnection(
                (norm): LayerNorm()
                (dropout): Dropout(p=0.1, inplace=False)
              )
            )
          )
          (encoder): Encoder(
            (layers): ModuleList(
              (0): EncoderLayer(
                (self_attn): MultiHeadAttention(
                  (linears): ModuleList(
                    (0): Linear(in_features=300, out_features=300, bias=True)
                    (1): Linear(in_features=300, out_features=300, bias=True)
                    (2): Linear(in_features=300, out_features=300, bias=True)
                    (3): Linear(in_features=300, out_features=300, bias=True)
                  )
                  (sdpa): ScaledDotProductAttention()
                  (dropout): Dropout(p=0.1, inplace=False)
                )
                (feed_forward): FeedForward(
                  (w_1): Linear(in_features=300, out_features=300, bias=True)
                  (w_2): Linear(in_features=300, out_features=300, bias=True)
                  (relu): ReLU()
                  (dropout): Dropout(p=0.1, inplace=False)
                )
                (sublayer): ModuleList(
                  (0): SublayerConnection(
                    (norm): LayerNorm()
                    (dropout): Dropout(p=0.1, inplace=False)
                  )
                  (1): SublayerConnection(
                    (norm): LayerNorm()
                    (dropout): Dropout(p=0.1, inplace=False)
                  )
                )
              )
            )
            (norm): LayerNorm()
          )
        )
        (cri): MSELoss()
      )
      (ae): AE(
        (g): Sequential(
          (0): Linear(in_features=128, out_features=128, bias=True)
          (1): Tanh()
        )
        (h): Sequential(
          (0): Linear(in_features=128, out_features=128, bias=True)
        )
        (cri): MSELoss()
      )
    )
    (4): TransLayer(
      (enc): ENC(
        (b): Sequential(
          (0): Linear(in_features=300, out_features=128, bias=True)
          (1): Tanh()
        )
        (f): TransformerEncoder(
          (multi_headed_attention): MultiHeadAttention(
            (linears): ModuleList(
              (0): Linear(in_features=300, out_features=300, bias=True)
              (1): Linear(in_features=300, out_features=300, bias=True)
              (2): Linear(in_features=300, out_features=300, bias=True)
              (3): Linear(in_features=300, out_features=300, bias=True)
            )
            (sdpa): ScaledDotProductAttention()
            (dropout): Dropout(p=0.1, inplace=False)
          )
          (feed_forward): FeedForward(
            (w_1): Linear(in_features=300, out_features=300, bias=True)
            (w_2): Linear(in_features=300, out_features=300, bias=True)
            (relu): ReLU()
            (dropout): Dropout(p=0.1, inplace=False)
          )
          (encoder_layer): EncoderLayer(
            (self_attn): MultiHeadAttention(
              (linears): ModuleList(
                (0): Linear(in_features=300, out_features=300, bias=True)
                (1): Linear(in_features=300, out_features=300, bias=True)
                (2): Linear(in_features=300, out_features=300, bias=True)
                (3): Linear(in_features=300, out_features=300, bias=True)
              )
              (sdpa): ScaledDotProductAttention()
              (dropout): Dropout(p=0.1, inplace=False)
            )
            (feed_forward): FeedForward(
              (w_1): Linear(in_features=300, out_features=300, bias=True)
              (w_2): Linear(in_features=300, out_features=300, bias=True)
              (relu): ReLU()
              (dropout): Dropout(p=0.1, inplace=False)
            )
            (sublayer): ModuleList(
              (0): SublayerConnection(
                (norm): LayerNorm()
                (dropout): Dropout(p=0.1, inplace=False)
              )
              (1): SublayerConnection(
                (norm): LayerNorm()
                (dropout): Dropout(p=0.1, inplace=False)
              )
            )
          )
          (encoder): Encoder(
            (layers): ModuleList(
              (0): EncoderLayer(
                (self_attn): MultiHeadAttention(
                  (linears): ModuleList(
                    (0): Linear(in_features=300, out_features=300, bias=True)
                    (1): Linear(in_features=300, out_features=300, bias=True)
                    (2): Linear(in_features=300, out_features=300, bias=True)
                    (3): Linear(in_features=300, out_features=300, bias=True)
                  )
                  (sdpa): ScaledDotProductAttention()
                  (dropout): Dropout(p=0.1, inplace=False)
                )
                (feed_forward): FeedForward(
                  (w_1): Linear(in_features=300, out_features=300, bias=True)
                  (w_2): Linear(in_features=300, out_features=300, bias=True)
                  (relu): ReLU()
                  (dropout): Dropout(p=0.1, inplace=False)
                )
                (sublayer): ModuleList(
                  (0): SublayerConnection(
                    (norm): LayerNorm()
                    (dropout): Dropout(p=0.1, inplace=False)
                  )
                  (1): SublayerConnection(
                    (norm): LayerNorm()
                    (dropout): Dropout(p=0.1, inplace=False)
                  )
                )
              )
            )
            (norm): LayerNorm()
          )
        )
        (cri): MSELoss()
      )
      (ae): AE(
        (g): Sequential(
          (0): Linear(in_features=128, out_features=128, bias=True)
          (1): Tanh()
        )
        (h): Sequential(
          (0): Linear(in_features=128, out_features=128, bias=True)
        )
        (cri): MSELoss()
      )
    )
  )
)
layers.0.enc.b.0.weight 38400
layers.0.enc.b.0.bias 128
layers.0.enc.f.weight 9000000
layers.0.ae.g.0.weight 512
layers.0.ae.g.0.bias 128
layers.0.ae.h.0.weight 512
layers.0.ae.h.0.bias 4
layers.1.enc.b.0.weight 38400
layers.1.enc.b.0.bias 128
layers.1.enc.f.multi_headed_attention.linears.0.weight 90000
layers.1.enc.f.multi_headed_attention.linears.0.bias 300
layers.1.enc.f.multi_headed_attention.linears.1.weight 90000
layers.1.enc.f.multi_headed_attention.linears.1.bias 300
layers.1.enc.f.multi_headed_attention.linears.2.weight 90000
layers.1.enc.f.multi_headed_attention.linears.2.bias 300
layers.1.enc.f.multi_headed_attention.linears.3.weight 90000
layers.1.enc.f.multi_headed_attention.linears.3.bias 300
layers.1.enc.f.feed_forward.w_1.weight 90000
layers.1.enc.f.feed_forward.w_1.bias 300
layers.1.enc.f.feed_forward.w_2.weight 90000
layers.1.enc.f.feed_forward.w_2.bias 300
layers.1.enc.f.encoder_layer.sublayer.0.norm.a 300
layers.1.enc.f.encoder_layer.sublayer.0.norm.b 300
layers.1.enc.f.encoder_layer.sublayer.1.norm.a 300
layers.1.enc.f.encoder_layer.sublayer.1.norm.b 300
layers.1.enc.f.encoder.layers.0.self_attn.linears.0.weight 90000
layers.1.enc.f.encoder.layers.0.self_attn.linears.0.bias 300
layers.1.enc.f.encoder.layers.0.self_attn.linears.1.weight 90000
layers.1.enc.f.encoder.layers.0.self_attn.linears.1.bias 300
layers.1.enc.f.encoder.layers.0.self_attn.linears.2.weight 90000
layers.1.enc.f.encoder.layers.0.self_attn.linears.2.bias 300
layers.1.enc.f.encoder.layers.0.self_attn.linears.3.weight 90000
layers.1.enc.f.encoder.layers.0.self_attn.linears.3.bias 300
layers.1.enc.f.encoder.layers.0.feed_forward.w_1.weight 90000
layers.1.enc.f.encoder.layers.0.feed_forward.w_1.bias 300
layers.1.enc.f.encoder.layers.0.feed_forward.w_2.weight 90000
layers.1.enc.f.encoder.layers.0.feed_forward.w_2.bias 300
layers.1.enc.f.encoder.layers.0.sublayer.0.norm.a 300
layers.1.enc.f.encoder.layers.0.sublayer.0.norm.b 300
layers.1.enc.f.encoder.layers.0.sublayer.1.norm.a 300
layers.1.enc.f.encoder.layers.0.sublayer.1.norm.b 300
layers.1.enc.f.encoder.norm.a 300
layers.1.enc.f.encoder.norm.b 300
layers.1.ae.g.0.weight 16384
layers.1.ae.g.0.bias 128
layers.1.ae.h.0.weight 16384
layers.1.ae.h.0.bias 128
layers.2.enc.b.0.weight 38400
layers.2.enc.b.0.bias 128
layers.2.enc.f.multi_headed_attention.linears.0.weight 90000
layers.2.enc.f.multi_headed_attention.linears.0.bias 300
layers.2.enc.f.multi_headed_attention.linears.1.weight 90000
layers.2.enc.f.multi_headed_attention.linears.1.bias 300
layers.2.enc.f.multi_headed_attention.linears.2.weight 90000
layers.2.enc.f.multi_headed_attention.linears.2.bias 300
layers.2.enc.f.multi_headed_attention.linears.3.weight 90000
layers.2.enc.f.multi_headed_attention.linears.3.bias 300
layers.2.enc.f.feed_forward.w_1.weight 90000
layers.2.enc.f.feed_forward.w_1.bias 300
layers.2.enc.f.feed_forward.w_2.weight 90000
layers.2.enc.f.feed_forward.w_2.bias 300
layers.2.enc.f.encoder_layer.sublayer.0.norm.a 300
layers.2.enc.f.encoder_layer.sublayer.0.norm.b 300
layers.2.enc.f.encoder_layer.sublayer.1.norm.a 300
layers.2.enc.f.encoder_layer.sublayer.1.norm.b 300
layers.2.enc.f.encoder.layers.0.self_attn.linears.0.weight 90000
layers.2.enc.f.encoder.layers.0.self_attn.linears.0.bias 300
layers.2.enc.f.encoder.layers.0.self_attn.linears.1.weight 90000
layers.2.enc.f.encoder.layers.0.self_attn.linears.1.bias 300
layers.2.enc.f.encoder.layers.0.self_attn.linears.2.weight 90000
layers.2.enc.f.encoder.layers.0.self_attn.linears.2.bias 300
layers.2.enc.f.encoder.layers.0.self_attn.linears.3.weight 90000
layers.2.enc.f.encoder.layers.0.self_attn.linears.3.bias 300
layers.2.enc.f.encoder.layers.0.feed_forward.w_1.weight 90000
layers.2.enc.f.encoder.layers.0.feed_forward.w_1.bias 300
layers.2.enc.f.encoder.layers.0.feed_forward.w_2.weight 90000
layers.2.enc.f.encoder.layers.0.feed_forward.w_2.bias 300
layers.2.enc.f.encoder.layers.0.sublayer.0.norm.a 300
layers.2.enc.f.encoder.layers.0.sublayer.0.norm.b 300
layers.2.enc.f.encoder.layers.0.sublayer.1.norm.a 300
layers.2.enc.f.encoder.layers.0.sublayer.1.norm.b 300
layers.2.enc.f.encoder.norm.a 300
layers.2.enc.f.encoder.norm.b 300
layers.2.ae.g.0.weight 16384
layers.2.ae.g.0.bias 128
layers.2.ae.h.0.weight 16384
layers.2.ae.h.0.bias 128
layers.3.enc.b.0.weight 38400
layers.3.enc.b.0.bias 128
layers.3.enc.f.multi_headed_attention.linears.0.weight 90000
layers.3.enc.f.multi_headed_attention.linears.0.bias 300
layers.3.enc.f.multi_headed_attention.linears.1.weight 90000
layers.3.enc.f.multi_headed_attention.linears.1.bias 300
layers.3.enc.f.multi_headed_attention.linears.2.weight 90000
layers.3.enc.f.multi_headed_attention.linears.2.bias 300
layers.3.enc.f.multi_headed_attention.linears.3.weight 90000
layers.3.enc.f.multi_headed_attention.linears.3.bias 300
layers.3.enc.f.feed_forward.w_1.weight 90000
layers.3.enc.f.feed_forward.w_1.bias 300
layers.3.enc.f.feed_forward.w_2.weight 90000
layers.3.enc.f.feed_forward.w_2.bias 300
layers.3.enc.f.encoder_layer.sublayer.0.norm.a 300
layers.3.enc.f.encoder_layer.sublayer.0.norm.b 300
layers.3.enc.f.encoder_layer.sublayer.1.norm.a 300
layers.3.enc.f.encoder_layer.sublayer.1.norm.b 300
layers.3.enc.f.encoder.layers.0.self_attn.linears.0.weight 90000
layers.3.enc.f.encoder.layers.0.self_attn.linears.0.bias 300
layers.3.enc.f.encoder.layers.0.self_attn.linears.1.weight 90000
layers.3.enc.f.encoder.layers.0.self_attn.linears.1.bias 300
layers.3.enc.f.encoder.layers.0.self_attn.linears.2.weight 90000
layers.3.enc.f.encoder.layers.0.self_attn.linears.2.bias 300
layers.3.enc.f.encoder.layers.0.self_attn.linears.3.weight 90000
layers.3.enc.f.encoder.layers.0.self_attn.linears.3.bias 300
layers.3.enc.f.encoder.layers.0.feed_forward.w_1.weight 90000
layers.3.enc.f.encoder.layers.0.feed_forward.w_1.bias 300
layers.3.enc.f.encoder.layers.0.feed_forward.w_2.weight 90000
layers.3.enc.f.encoder.layers.0.feed_forward.w_2.bias 300
layers.3.enc.f.encoder.layers.0.sublayer.0.norm.a 300
layers.3.enc.f.encoder.layers.0.sublayer.0.norm.b 300
layers.3.enc.f.encoder.layers.0.sublayer.1.norm.a 300
layers.3.enc.f.encoder.layers.0.sublayer.1.norm.b 300
layers.3.enc.f.encoder.norm.a 300
layers.3.enc.f.encoder.norm.b 300
layers.3.ae.g.0.weight 16384
layers.3.ae.g.0.bias 128
layers.3.ae.h.0.weight 16384
layers.3.ae.h.0.bias 128
layers.4.enc.b.0.weight 38400
layers.4.enc.b.0.bias 128
layers.4.enc.f.multi_headed_attention.linears.0.weight 90000
layers.4.enc.f.multi_headed_attention.linears.0.bias 300
layers.4.enc.f.multi_headed_attention.linears.1.weight 90000
layers.4.enc.f.multi_headed_attention.linears.1.bias 300
layers.4.enc.f.multi_headed_attention.linears.2.weight 90000
layers.4.enc.f.multi_headed_attention.linears.2.bias 300
layers.4.enc.f.multi_headed_attention.linears.3.weight 90000
layers.4.enc.f.multi_headed_attention.linears.3.bias 300
layers.4.enc.f.feed_forward.w_1.weight 90000
layers.4.enc.f.feed_forward.w_1.bias 300
layers.4.enc.f.feed_forward.w_2.weight 90000
layers.4.enc.f.feed_forward.w_2.bias 300
layers.4.enc.f.encoder_layer.sublayer.0.norm.a 300
layers.4.enc.f.encoder_layer.sublayer.0.norm.b 300
layers.4.enc.f.encoder_layer.sublayer.1.norm.a 300
layers.4.enc.f.encoder_layer.sublayer.1.norm.b 300
layers.4.enc.f.encoder.layers.0.self_attn.linears.0.weight 90000
layers.4.enc.f.encoder.layers.0.self_attn.linears.0.bias 300
layers.4.enc.f.encoder.layers.0.self_attn.linears.1.weight 90000
layers.4.enc.f.encoder.layers.0.self_attn.linears.1.bias 300
layers.4.enc.f.encoder.layers.0.self_attn.linears.2.weight 90000
layers.4.enc.f.encoder.layers.0.self_attn.linears.2.bias 300
layers.4.enc.f.encoder.layers.0.self_attn.linears.3.weight 90000
layers.4.enc.f.encoder.layers.0.self_attn.linears.3.bias 300
layers.4.enc.f.encoder.layers.0.feed_forward.w_1.weight 90000
layers.4.enc.f.encoder.layers.0.feed_forward.w_1.bias 300
layers.4.enc.f.encoder.layers.0.feed_forward.w_2.weight 90000
layers.4.enc.f.encoder.layers.0.feed_forward.w_2.bias 300
layers.4.enc.f.encoder.layers.0.sublayer.0.norm.a 300
layers.4.enc.f.encoder.layers.0.sublayer.0.norm.b 300
layers.4.enc.f.encoder.layers.0.sublayer.1.norm.a 300
layers.4.enc.f.encoder.layers.0.sublayer.1.norm.b 300
layers.4.enc.f.encoder.norm.a 300
layers.4.enc.f.encoder.norm.b 300
layers.4.ae.g.0.weight 16384
layers.4.ae.g.0.bias 128
layers.4.ae.h.0.weight 16384
layers.4.ae.h.0.bias 128
Total Trainable Params: 13672292
init_time 24.915792226791382
Start Training
train_mask {0, 1, 2}
gc 9
Train Epoch0 Acc 0.25235 (30282/120000), AUC 0.5665576457977295
ep0_train_time 61.09694218635559
Test Epoch0 threshold 0.8 Acc 0.9123684210526316, AUC 0.9787567853927612, avg_entr 0.026517804712057114
ep0_t0.8_test_time 0.16475176811218262
Save ckpt to ckpt/ag_news_transformeral_l5adf_pad175_t0.8_m3//ag_news_transformeral_l5_prefix.pt  ,ep 0
gc 0
Train Epoch1 Acc 0.25 (30000/120000), AUC 0.5423924922943115
ep1_train_time 60.77398228645325
Test Epoch1 threshold 0.8 Acc 0.9105263157894737, AUC 0.9787101745605469, avg_entr 0.025813737884163857
ep1_t0.8_test_time 0.16269350051879883
gc 0
Train Epoch2 Acc 0.25 (30000/120000), AUC 0.4850730299949646
ep2_train_time 60.70272612571716
Test Epoch2 threshold 0.8 Acc 0.9121052631578948, AUC 0.9785047769546509, avg_entr 0.026083171367645264
ep2_t0.8_test_time 0.16576600074768066
gc 0
Train Epoch3 Acc 0.25 (30000/120000), AUC 0.44513455033302307
ep3_train_time 60.77589678764343
Test Epoch3 threshold 0.8 Acc 0.9084210526315789, AUC 0.9782745838165283, avg_entr 0.025925755500793457
ep3_t0.8_test_time 0.16135787963867188
gc 0
Train Epoch4 Acc 0.25 (30000/120000), AUC 0.4256260395050049
ep4_train_time 60.90392255783081
Test Epoch4 threshold 0.8 Acc 0.9107894736842105, AUC 0.9780460596084595, avg_entr 0.02696339227259159
ep4_t0.8_test_time 0.1632082462310791
gc 0
Train Epoch5 Acc 0.25 (30000/120000), AUC 0.402228444814682
ep5_train_time 60.89436197280884
Test Epoch5 threshold 0.8 Acc 0.9097368421052632, AUC 0.9779558181762695, avg_entr 0.025740858167409897
ep5_t0.8_test_time 0.16258621215820312
gc 0
Train Epoch6 Acc 0.25 (30000/120000), AUC 0.3655564486980438
ep6_train_time 60.81415367126465
Test Epoch6 threshold 0.8 Acc 0.9113157894736842, AUC 0.9779544472694397, avg_entr 0.025759756565093994
ep6_t0.8_test_time 0.16632962226867676
gc 0
Train Epoch7 Acc 0.25 (30000/120000), AUC 0.3204469680786133
ep7_train_time 60.85562610626221
Test Epoch7 threshold 0.8 Acc 0.9094736842105263, AUC 0.9777930974960327, avg_entr 0.02621983364224434
ep7_t0.8_test_time 0.16310787200927734
gc 0
Train Epoch8 Acc 0.25 (30000/120000), AUC 0.28858259320259094
ep8_train_time 60.8412880897522
Test Epoch8 threshold 0.8 Acc 0.9089473684210526, AUC 0.9777189493179321, avg_entr 0.025885939598083496
ep8_t0.8_test_time 0.16245770454406738
gc 0
Train Epoch9 Acc 0.25 (30000/120000), AUC 0.27986928820610046
ep9_train_time 60.77647018432617
Test Epoch9 threshold 0.8 Acc 0.9094736842105263, AUC 0.9776831865310669, avg_entr 0.026486201211810112
ep9_t0.8_test_time 0.16541075706481934
Best AUC 0.9787567853927612
train_loss (2, 5, 10)
valid_acc (10, 1)
valid_AUC (10, 1)
train_acc (10,)
Figure(640x480)
Figure(640x480)
Figure(640x480)
Figure(640x480)
Figure(640x480)
total_train/valid_time 610.8351283073425
Start Testing
Load ckpt at ckpt/ag_news_transformeral_l5adf_pad175_t0.8_m3//ag_news_transformeral_l5_prefix.pt
Test threshold 0.8 Acc 0.925, AUC 0.9851482510566711, avg_entr 0.026097364723682404
t0.8_test_time 0.16013646125793457
