Start Training
[[1.02302927e+05 5.03663723e+00]
 [4.98349711e+00 1.23932045e+00]
 [1.49906106e+00 5.32611240e-01]
 [5.96049871e-01 1.94450213e-01]]
Train Epoch0 out_loss 114.44010925292969
Test Epoch0 layer0 out_loss 111.14717864990234
Test Epoch0 layer1 out_loss 111.63162231445312
Test Epoch0 layer2 out_loss 112.20598602294922
Test Epoch0 layer3 out_loss 112.44480895996094
[[1.00302142e+05 6.88576896e-01]
 [6.63291745e-01 4.95344820e-01]
 [7.50159040e-01 5.81622787e-01]
 [6.26923218e-01 3.57402407e-01]]
Train Epoch1 out_loss 112.62716674804688
Test Epoch1 layer0 out_loss 109.89131164550781
Test Epoch1 layer1 out_loss 109.52571868896484
Test Epoch1 layer2 out_loss 108.9613037109375
Test Epoch1 layer3 out_loss 108.71257019042969
[[9.83153535e+04 1.09873102e-01]
 [2.98544608e-01 1.63051151e-01]
 [2.08846210e-01 3.18453401e-01]
 [2.74421133e-01 3.13386478e-01]]
Train Epoch2 out_loss 109.12461853027344
Test Epoch2 layer0 out_loss 108.75952911376953
Test Epoch2 layer1 out_loss 108.33883666992188
Test Epoch2 layer2 out_loss 107.74818420410156
Test Epoch2 layer3 out_loss 107.5322494506836
[[9.64704541e+04 1.41888064e-01]
 [1.68475104e-01 1.75241973e-01]
 [1.34124168e-01 3.06560889e-01]
 [1.39015622e-01 2.24836497e-01]]
Train Epoch3 out_loss 110.38277435302734
Test Epoch3 layer0 out_loss 107.70735931396484
Test Epoch3 layer1 out_loss 107.60689544677734
Test Epoch3 layer2 out_loss 107.43817138671875
Test Epoch3 layer3 out_loss 108.67366790771484
[[9.46971924e+04 1.56635717e-01]
 [6.20165141e-02 1.34863933e-01]
 [7.46732992e-02 1.91065652e-01]
 [1.10358938e-01 1.43727101e-01]]
Train Epoch4 out_loss 109.0721664428711
Test Epoch4 layer0 out_loss 106.62948608398438
Test Epoch4 layer1 out_loss 106.47346496582031
Test Epoch4 layer2 out_loss 106.35517883300781
Test Epoch4 layer3 out_loss 106.35537719726562
[[9.28230312e+04 1.51685110e-01]
 [5.90010383e-02 6.28056200e-02]
 [4.17122366e-02 1.14369540e-01]
 [7.68635860e-02 1.15981304e-01]]
Train Epoch5 out_loss 107.38655090332031
Test Epoch5 layer0 out_loss 105.54370880126953
Test Epoch5 layer1 out_loss 105.33799743652344
Test Epoch5 layer2 out_loss 105.2046890258789
Test Epoch5 layer3 out_loss 105.00806427001953
[[9.10725703e+04 1.90251336e-01]
 [2.12697764e-02 4.26564843e-02]
 [2.52011715e-02 8.66599176e-02]
 [5.25290552e-02 7.58058336e-02]]
Train Epoch6 out_loss 106.6275863647461
Test Epoch6 layer0 out_loss 104.49146270751953
Test Epoch6 layer1 out_loss 104.15699768066406
Test Epoch6 layer2 out_loss 104.33048248291016
Test Epoch6 layer3 out_loss 104.36402130126953
[[8.91869004e+04 5.86149734e-02]
 [1.12654613e-02 2.16976365e-02]
 [1.20664752e-02 5.06818234e-02]
 [4.04562247e-02 6.63240748e-02]]
Train Epoch7 out_loss 105.49788665771484
Test Epoch7 layer0 out_loss 103.42271423339844
Test Epoch7 layer1 out_loss 103.1766128540039
Test Epoch7 layer2 out_loss 103.1596450805664
Test Epoch7 layer3 out_loss 103.21431732177734
[[8.74767812e+04 6.50673173e-03]
 [6.85374285e-03 1.49867040e-02]
 [7.36243051e-03 3.17548099e-02]
 [2.31553512e-02 4.08866452e-02]]
Train Epoch8 out_loss 104.2787857055664
Test Epoch8 layer0 out_loss 102.38179779052734
Test Epoch8 layer1 out_loss 102.16641235351562
Test Epoch8 layer2 out_loss 102.0
Test Epoch8 layer3 out_loss 102.09593200683594
[[8.57277012e+04 5.50890231e-03]
 [1.44175693e-03 6.23222167e-03]
 [2.33931105e-03 1.69806810e-02]
 [1.45201266e-02 3.89499711e-02]]
Train Epoch9 out_loss 103.3820571899414
Test Epoch9 layer0 out_loss 101.35057067871094
Test Epoch9 layer1 out_loss 101.09847259521484
Test Epoch9 layer2 out_loss 101.1412124633789
Test Epoch9 layer3 out_loss 100.90836334228516
[[8.40569424e+04 5.24809695e-03]
 [1.50177134e-03 3.66655685e-03]
 [1.67824078e-03 9.93101986e-03]
 [7.38647569e-03 2.03359586e-02]]
Train Epoch10 out_loss 102.38516998291016
Test Epoch10 layer0 out_loss 100.32450103759766
Test Epoch10 layer1 out_loss 100.05183410644531
Test Epoch10 layer2 out_loss 99.91973114013672
Test Epoch10 layer3 out_loss 99.98075866699219
[[8.22165869e+04 5.03272359e-03]
 [2.95232157e-04 1.84854193e-03]
 [6.90992241e-04 4.60981586e-03]
 [4.93746359e-03 1.46710188e-02]]
Train Epoch11 out_loss 101.42444610595703
Test Epoch11 layer0 out_loss 99.30259704589844
Test Epoch11 layer1 out_loss 99.02650451660156
Test Epoch11 layer2 out_loss 99.03767395019531
Test Epoch11 layer3 out_loss 99.28848266601562
[[8.06738594e+04 4.83922934e-03]
 [2.83122794e-04 1.28895398e-03]
 [4.63311317e-04 2.74471415e-03]
 [2.28900077e-03 1.01407279e-02]]
Train Epoch12 out_loss 100.27133178710938
Test Epoch12 layer0 out_loss 98.28419494628906
Test Epoch12 layer1 out_loss 98.00682830810547
Test Epoch12 layer2 out_loss 97.8813705444336
Test Epoch12 layer3 out_loss 98.05365753173828
[[7.89410479e+04 4.65980475e-03]
 [8.33135414e-05 7.40274263e-04]
 [1.89076172e-04 1.47169875e-03]
 [1.50448504e-03 7.19003123e-03]]
Train Epoch13 out_loss 99.25953674316406
Test Epoch13 layer0 out_loss 97.2688217163086
Test Epoch13 layer1 out_loss 96.96221160888672
Test Epoch13 layer2 out_loss 96.98933410644531
Test Epoch13 layer3 out_loss 96.7598876953125
[[7.73302900e+04 4.49107355e-03]
 [5.74967762e-05 5.70341090e-04]
 [1.01490457e-04 8.08560450e-04]
 [6.85323721e-04 4.65234701e-03]]
Train Epoch14 out_loss 98.2232666015625
Test Epoch14 layer0 out_loss 96.25608825683594
Test Epoch14 layer1 out_loss 95.93913269042969
Test Epoch14 layer2 out_loss 95.83031463623047
Test Epoch14 layer3 out_loss 95.93010711669922
[[7.57691621e+04 4.33136459e-03]
 [2.77575424e-05 4.16818119e-04]
 [4.97270348e-05 4.34856738e-04]
 [4.22736528e-04 2.61221812e-03]]
Train Epoch15 out_loss 97.26382446289062
Test Epoch15 layer0 out_loss 95.24568176269531
Test Epoch15 layer1 out_loss 94.9112777709961
Test Epoch15 layer2 out_loss 94.89257049560547
Test Epoch15 layer3 out_loss 94.73482513427734
[[7.42166167e+04 4.17933566e-03]
 [1.78188550e-05 3.22534168e-04]
 [2.49787579e-05 2.22604736e-04]
 [2.08052255e-04 1.54081108e-03]]
Train Epoch16 out_loss 96.16002655029297
Test Epoch16 layer0 out_loss 94.23739624023438
Test Epoch16 layer1 out_loss 93.88556671142578
Test Epoch16 layer2 out_loss 93.84359741210938
Test Epoch16 layer3 out_loss 93.88481903076172
[[7.25927671e+04 4.03443136e-03]
 [1.18404004e-05 2.64854349e-04]
 [1.27296777e-05 1.24539419e-04]
 [1.11740153e-04 8.28037992e-04]]
Train Epoch17 out_loss 95.16586303710938
Test Epoch17 layer0 out_loss 93.23104858398438
Test Epoch17 layer1 out_loss 92.86680603027344
Test Epoch17 layer2 out_loss 92.80154418945312
Test Epoch17 layer3 out_loss 92.871826171875
[[7.10708286e+04 3.89622303e-03]
 [9.03143064e-06 2.26477086e-04]
 [6.67629416e-06 6.80703292e-05]
 [5.27131247e-05 4.58614151e-04]]
Train Epoch18 out_loss 94.18722534179688
Test Epoch18 layer0 out_loss 92.22649383544922
Test Epoch18 layer1 out_loss 91.85436248779297
Test Epoch18 layer2 out_loss 91.81809997558594
Test Epoch18 layer3 out_loss 91.87128448486328
[[6.96364287e+04 3.76428041e-03]
 [7.15927325e-06 1.97037292e-04]
 [3.93303091e-06 3.79094192e-05]
 [2.53196715e-05 2.35536665e-04]]
Train Epoch19 out_loss 93.15411376953125
Test Epoch19 layer0 out_loss 91.22364044189453
Test Epoch19 layer1 out_loss 90.83710479736328
Test Epoch19 layer2 out_loss 90.76896667480469
Test Epoch19 layer3 out_loss 90.73339080810547
[[6.81053569e+04 3.63829435e-03]
 [6.01931794e-06 1.72952701e-04]
 [2.22220878e-06 1.82377751e-05]
 [1.39664348e-05 1.36476221e-04]]
Train Epoch20 out_loss 92.12503814697266
Test Epoch20 layer0 out_loss 90.2223892211914
Test Epoch20 layer1 out_loss 89.82328033447266
Test Epoch20 layer2 out_loss 89.77586364746094
Test Epoch20 layer3 out_loss 89.7979507446289
[[6.65830391e+04 3.51791637e-03]
 [5.11746708e-06 1.53218270e-04]
 [1.23104576e-06 9.33909769e-06]
 [7.00115822e-06 7.05054417e-05]]
Train Epoch21 out_loss 91.15009307861328
Test Epoch21 layer0 out_loss 89.2226791381836
Test Epoch21 layer1 out_loss 88.81263732910156
Test Epoch21 layer2 out_loss 88.75179290771484
Test Epoch21 layer3 out_loss 88.75194549560547
[[6.51638179e+04 3.40289058e-03]
 [4.51816823e-06 1.36056933e-04]
 [8.67351346e-07 5.57472183e-06]
 [3.74905119e-06 4.29174606e-05]]
Train Epoch22 out_loss 90.15697479248047
Test Epoch22 layer0 out_loss 88.2244873046875
Test Epoch22 layer1 out_loss 87.80412292480469
Test Epoch22 layer2 out_loss 87.74471282958984
Test Epoch22 layer3 out_loss 87.75578308105469
[[6.37954727e+04 3.29298782e-03]
 [3.90239776e-06 1.20925136e-04]
 [6.33598450e-07 3.15661271e-06]
 [1.97541735e-06 2.16680949e-05]]
Train Epoch23 out_loss 89.12983703613281
Test Epoch23 layer0 out_loss 87.22775268554688
Test Epoch23 layer1 out_loss 86.7960433959961
Test Epoch23 layer2 out_loss 86.74224853515625
Test Epoch23 layer3 out_loss 86.73390197753906
[[6.23314849e+04 3.18788452e-03]
 [3.43854444e-06 1.07648896e-04]
 [5.17305239e-07 2.05969003e-06]
 [1.06322194e-06 1.17149858e-05]]
Train Epoch24 out_loss 88.14773559570312
Test Epoch24 layer0 out_loss 86.23247528076172
Test Epoch24 layer1 out_loss 85.791259765625
Test Epoch24 layer2 out_loss 85.73036193847656
Test Epoch24 layer3 out_loss 85.722900390625
[[6.09219888e+04 3.08743838e-03]
 [3.06130622e-06 9.60210709e-05]
 [4.25851077e-07 1.30661795e-06]
 [6.36460065e-07 6.87428565e-06]]
Train Epoch25 out_loss 87.14556884765625
Test Epoch25 layer0 out_loss 85.23863220214844
Test Epoch25 layer1 out_loss 84.78739166259766
Test Epoch25 layer2 out_loss 84.73046112060547
Test Epoch25 layer3 out_loss 84.72332000732422
[[5.94913062e+04 2.99138270e-03]
 [2.76345712e-06 8.59725187e-05]
 [3.58058664e-07 7.68970366e-07]
 [3.45716760e-07 4.33790865e-06]]
Train Epoch26 out_loss 86.15457153320312
Test Epoch26 layer0 out_loss 84.24622344970703
Test Epoch26 layer1 out_loss 83.785888671875
Test Epoch26 layer2 out_loss 83.72725677490234
Test Epoch26 layer3 out_loss 83.73114013671875
[[5.81809614e+04 2.89945721e-03]
 [2.45556408e-06 7.73951588e-05]
 [3.13113839e-07 5.18309719e-07]
 [2.00265172e-07 2.53360825e-06]]
Train Epoch27 out_loss 85.16073608398438
Test Epoch27 layer0 out_loss 83.25525665283203
Test Epoch27 layer1 out_loss 82.78570556640625
Test Epoch27 layer2 out_loss 82.72711944580078
Test Epoch27 layer3 out_loss 82.72476196289062
[[5.68721138e+04 2.81149289e-03]
 [2.19419068e-06 7.01523586e-05]
 [2.80606400e-07 3.66667567e-07]
 [1.31203822e-07 1.48163812e-06]]
Train Epoch28 out_loss 84.16105651855469
Test Epoch28 layer0 out_loss 82.26573181152344
Test Epoch28 layer1 out_loss 81.7876205444336
Test Epoch28 layer2 out_loss 81.7276611328125
Test Epoch28 layer3 out_loss 81.7287826538086
[[5.54669863e+04 2.72730057e-03]
 [2.00085305e-06 6.40657927e-05]
 [2.54723249e-07 2.71229313e-07]
 [1.00580591e-07 9.02932712e-07]]
Train Epoch29 out_loss 83.1739501953125
Test Epoch29 layer0 out_loss 81.2776870727539
Test Epoch29 layer1 out_loss 80.79105377197266
Test Epoch29 layer2 out_loss 80.73049926757812
Test Epoch29 layer3 out_loss 80.73115539550781
[[5.42285024e+04 2.64667821e-03]
 [1.80993575e-06 5.89390720e-05]
 [2.32300195e-07 2.20705546e-07]
 [9.35302795e-08 5.85821027e-07]]
Train Epoch30 out_loss 82.1905288696289
Test Epoch30 layer0 out_loss 80.2911148071289
Test Epoch30 layer1 out_loss 79.79640197753906
Test Epoch30 layer2 out_loss 79.73715209960938
Test Epoch30 layer3 out_loss 79.73957824707031
[[5.28560542e+04 2.56943825e-03]
 [1.63658346e-06 5.45735306e-05]
 [2.10781692e-07 1.89302268e-07]
 [8.67413541e-08 4.38298759e-07]]
Train Epoch31 out_loss 81.2176742553711
Test Epoch31 layer0 out_loss 79.3060531616211
Test Epoch31 layer1 out_loss 78.8033676147461
Test Epoch31 layer2 out_loss 78.74365997314453
Test Epoch31 layer3 out_loss 78.74942016601562
[[5.17054395e+04 2.49543649e-03]
 [1.49347520e-06 5.08027265e-05]
 [2.01472540e-07 1.70280734e-07]
 [8.21189272e-08 3.57924556e-07]]
Train Epoch32 out_loss 80.22618103027344
Test Epoch32 layer0 out_loss 78.32252502441406
Test Epoch32 layer1 out_loss 77.81214141845703
Test Epoch32 layer2 out_loss 77.75142669677734
Test Epoch32 layer3 out_loss 77.75270080566406
[[5.03911035e+04 2.42445883e-03]
 [1.36646949e-06 4.74451194e-05]
 [1.79153258e-07 1.55140022e-07]
 [8.02078381e-08 2.97850903e-07]]
Train Epoch33 out_loss 79.2459487915039
Test Epoch33 layer0 out_loss 77.34059143066406
Test Epoch33 layer1 out_loss 76.82239532470703
Test Epoch33 layer2 out_loss 76.7625732421875
Test Epoch33 layer3 out_loss 76.76031494140625
[[4.91933608e+04 2.35640586e-03]
 [1.25444117e-06 4.44452908e-05]
 [1.65542414e-07 1.32306376e-07]
 [7.83307570e-08 3.06733028e-07]]
Train Epoch34 out_loss 78.2739028930664
Test Epoch34 layer0 out_loss 76.3602523803711
Test Epoch34 layer1 out_loss 75.83474731445312
Test Epoch34 layer2 out_loss 75.77488708496094
Test Epoch34 layer3 out_loss 75.77125549316406
[[4.80371592e+04 2.29111392e-03]
 [1.14537331e-06 4.17089382e-05]
 [1.49016338e-07 1.14464507e-07]
 [8.62629763e-08 4.17551199e-07]]
Train Epoch35 out_loss 77.29383087158203
Test Epoch35 layer0 out_loss 75.38158416748047
Test Epoch35 layer1 out_loss 74.84872436523438
Test Epoch35 layer2 out_loss 74.78831481933594
Test Epoch35 layer3 out_loss 74.78982543945312
[[4.66721006e+04 2.22844118e-03]
 [1.05888975e-06 3.91969829e-05]
 [1.34922241e-07 9.28266077e-08]
 [7.97691335e-08 4.85933594e-07]]
Train Epoch36 out_loss 76.3203125
Test Epoch36 layer0 out_loss 74.40461730957031
Test Epoch36 layer1 out_loss 73.86476135253906
Test Epoch36 layer2 out_loss 73.80615234375
Test Epoch36 layer3 out_loss 73.8079833984375
[[4.55336323e+04 2.16828150e-03]
 [9.82007386e-07 3.68917540e-05]
 [1.26274141e-07 7.82024472e-08]
 [6.51282992e-08 4.10645551e-07]]
Train Epoch37 out_loss 75.35324096679688
Test Epoch37 layer0 out_loss 73.4294204711914
Test Epoch37 layer1 out_loss 72.8828353881836
Test Epoch37 layer2 out_loss 72.82553100585938
Test Epoch37 layer3 out_loss 72.83463287353516
[[4.43767124e+04 2.11046700e-03]
 [9.18508990e-07 3.47704768e-05]
 [1.25359626e-07 7.27668765e-08]
 [7.20028903e-08 3.37159262e-07]]
Train Epoch38 out_loss 74.38638305664062
Test Epoch38 layer0 out_loss 72.45602416992188
Test Epoch38 layer1 out_loss 71.90287017822266
Test Epoch38 layer2 out_loss 71.84667205810547
Test Epoch38 layer3 out_loss 71.85948944091797
[[4.32438750e+04 2.05490142e-03]
 [8.44319279e-07 3.28131691e-05]
 [1.23903895e-07 8.91909284e-08]
 [8.01126854e-08 2.21776217e-07]]
Train Epoch39 out_loss 73.41153717041016
Test Epoch39 layer0 out_loss 71.48451232910156
Test Epoch39 layer1 out_loss 70.92498016357422
Test Epoch39 layer2 out_loss 70.86872863769531
Test Epoch39 layer3 out_loss 70.87675476074219
[[4.21468965e+04 2.00149449e-03]
 [7.77953751e-07 3.09679390e-05]
 [1.06874681e-07 1.01245584e-07]
 [7.14534947e-08 1.57416061e-07]]
Train Epoch40 out_loss 72.44737243652344
Test Epoch40 layer0 out_loss 70.51493072509766
Test Epoch40 layer1 out_loss 69.94949340820312
Test Epoch40 layer2 out_loss 69.8946533203125
Test Epoch40 layer3 out_loss 69.88919067382812
[[4.09968389e+04 1.95011197e-03]
 [7.31107310e-07 2.92604923e-05]
 [9.46300540e-08 8.33088603e-08]
 [5.43045640e-08 1.96685146e-07]]
Train Epoch41 out_loss 71.48880004882812
Test Epoch41 layer0 out_loss 69.54736328125
Test Epoch41 layer1 out_loss 68.97626495361328
Test Epoch41 layer2 out_loss 68.92290496826172
Test Epoch41 layer3 out_loss 68.9127197265625
[[3.99262285e+04 1.90067917e-03]
 [6.79654732e-07 2.76774508e-05]
 [8.52782578e-08 6.21698639e-08]
 [4.34380136e-08 2.27588734e-07]]
Train Epoch42 out_loss 70.52006530761719
Test Epoch42 layer0 out_loss 68.58187103271484
Test Epoch42 layer1 out_loss 68.00511169433594
Test Epoch42 layer2 out_loss 67.95170593261719
Test Epoch42 layer3 out_loss 67.94849395751953
[[3.88288281e+04 1.85309655e-03]
 [6.35490380e-07 2.62046385e-05]
 [8.05270655e-08 4.26397002e-08]
 [3.52675267e-08 2.07539911e-07]]
Train Epoch43 out_loss 69.58602142333984
Test Epoch43 layer0 out_loss 67.6185302734375
Test Epoch43 layer1 out_loss 67.03675842285156
Test Epoch43 layer2 out_loss 66.98495483398438
Test Epoch43 layer3 out_loss 66.98944091796875
[[3.78125508e+04 1.80727192e-03]
 [6.01045206e-07 2.48391766e-05]
 [8.15707959e-08 4.04605529e-08]
 [3.61270194e-08 1.76293024e-07]]
Train Epoch44 out_loss 68.61602020263672
Test Epoch44 layer0 out_loss 66.65744018554688
Test Epoch44 layer1 out_loss 66.07072448730469
Test Epoch44 layer2 out_loss 66.0189208984375
Test Epoch44 layer3 out_loss 66.02588653564453
[[3.67434395e+04 1.76311257e-03]
 [5.60606521e-07 2.35569651e-05]
 [7.55179972e-08 4.66937675e-08]
 [3.59806767e-08 1.36812574e-07]]
Train Epoch45 out_loss 67.67176055908203
Test Epoch45 layer0 out_loss 65.69869232177734
Test Epoch45 layer1 out_loss 65.1068115234375
Test Epoch45 layer2 out_loss 65.05591583251953
Test Epoch45 layer3 out_loss 65.06541442871094
[[3.57383174e+04 1.72056440e-03]
 [5.28294043e-07 2.23553702e-05]
 [7.00618044e-08 4.57584366e-08]
 [3.47259881e-08 1.06989273e-07]]
Train Epoch46 out_loss 66.70640563964844
Test Epoch46 layer0 out_loss 64.74237060546875
Test Epoch46 layer1 out_loss 64.14643859863281
Test Epoch46 layer2 out_loss 64.09626007080078
Test Epoch46 layer3 out_loss 64.0999984741211
[[3.47763203e+04 1.67953357e-03]
 [4.95849498e-07 2.12307050e-05]
 [6.44411640e-08 3.51317759e-08]
 [2.78963292e-08 7.99345381e-08]]
Train Epoch47 out_loss 65.76228332519531
Test Epoch47 layer0 out_loss 63.78858184814453
Test Epoch47 layer1 out_loss 63.1882438659668
Test Epoch47 layer2 out_loss 63.13935470581055
Test Epoch47 layer3 out_loss 63.14350509643555
[[3.36979509e+04 1.63995336e-03]
 [4.68415996e-07 2.01781293e-05]
 [5.98645726e-08 2.99541065e-08]
 [2.48455321e-08 7.77971274e-08]]
Train Epoch48 out_loss 64.82929229736328
Test Epoch48 layer0 out_loss 62.8374137878418
Test Epoch48 layer1 out_loss 62.23308181762695
Test Epoch48 layer2 out_loss 62.18424987792969
Test Epoch48 layer3 out_loss 62.194515228271484
[[3.27568562e+04 1.60176170e-03]
 [4.49562929e-07 1.91926117e-05]
 [5.77118870e-08 2.70176146e-08]
 [2.26131986e-08 8.21870634e-08]]
Train Epoch49 out_loss 63.88723373413086
Test Epoch49 layer0 out_loss 61.889007568359375
Test Epoch49 layer1 out_loss 61.28081130981445
Test Epoch49 layer2 out_loss 61.233577728271484
Test Epoch49 layer3 out_loss 61.24324417114258
[[3.18097732e+04 1.56490014e-03]
 [4.21062278e-07 1.82640417e-05]
 [5.36989393e-08 2.66688582e-08]
 [1.99562009e-08 5.67453600e-08]]
Train Epoch50 out_loss 62.95935821533203
Test Epoch50 layer0 out_loss 60.9434814453125
Test Epoch50 layer1 out_loss 60.331817626953125
Test Epoch50 layer2 out_loss 60.28446578979492
Test Epoch50 layer3 out_loss 60.28703689575195
[[3.08503877e+04 1.52928951e-03]
 [4.04288064e-07 1.73922260e-05]
 [5.10070757e-08 2.48470224e-08]
 [1.83757132e-08 3.45614510e-08]]
Train Epoch51 out_loss 62.03176498413086
Test Epoch51 layer0 out_loss 60.00094985961914
Test Epoch51 layer1 out_loss 59.3861083984375
Test Epoch51 layer2 out_loss 59.34013366699219
Test Epoch51 layer3 out_loss 59.34218215942383
[[2.99865764e+04 1.49490076e-03]
 [3.84234186e-07 1.65713423e-05]
 [4.88420696e-08 2.28379753e-08]
 [1.98526371e-08 4.24459548e-08]]
Train Epoch52 out_loss 61.09404373168945
Test Epoch52 layer0 out_loss 59.06155776977539
Test Epoch52 layer1 out_loss 58.4437255859375
Test Epoch52 layer2 out_loss 58.399169921875
Test Epoch52 layer3 out_loss 58.40564727783203
[[2.90534851e+04 1.46166772e-03]
 [3.67779240e-07 1.57994123e-05]
 [4.83384888e-08 2.15856744e-08]
 [2.14374247e-08 5.37819531e-08]]
Train Epoch53 out_loss 60.177242279052734
Test Epoch53 layer0 out_loss 58.125457763671875
Test Epoch53 layer1 out_loss 57.504669189453125
Test Epoch53 layer2 out_loss 57.460838317871094
Test Epoch53 layer3 out_loss 57.46255874633789
[[2.81969236e+04 1.42953859e-03]
 [3.47393449e-07 1.50730134e-05]
 [4.76459303e-08 2.57796855e-08]
 [2.25939800e-08 4.90327583e-08]]
Train Epoch54 out_loss 59.24716567993164
Test Epoch54 layer0 out_loss 57.19279861450195
Test Epoch54 layer1 out_loss 56.569725036621094
Test Epoch54 layer2 out_loss 56.526981353759766
Test Epoch54 layer3 out_loss 56.52470397949219
[[2.73519124e+04 1.39845768e-03]
 [3.35821525e-07 1.43862325e-05]
 [4.61828782e-08 2.86823234e-08]
 [2.46534595e-08 6.30673398e-08]]
Train Epoch55 out_loss 58.34475326538086
Test Epoch55 layer0 out_loss 56.263736724853516
Test Epoch55 layer1 out_loss 55.63835906982422
Test Epoch55 layer2 out_loss 55.595848083496094
Test Epoch55 layer3 out_loss 55.5905876159668
[[2.64490566e+04 1.36838933e-03]
 [3.27506120e-07 1.37443213e-05]
 [4.84315335e-08 3.56004737e-08]
 [2.85152264e-08 8.03471281e-08]]
Train Epoch56 out_loss 57.417293548583984
Test Epoch56 layer0 out_loss 55.33846664428711
Test Epoch56 layer1 out_loss 54.71078109741211
Test Epoch56 layer2 out_loss 54.66706848144531
Test Epoch56 layer3 out_loss 54.666744232177734
[[2.56731848e+04 1.33929023e-03]
 [3.13403355e-07 1.31346105e-05]
 [4.96595365e-08 5.40895937e-08]
 [4.15126937e-08 1.02023278e-07]]
Train Epoch57 out_loss 56.50462341308594
Test Epoch57 layer0 out_loss 54.41716766357422
Test Epoch57 layer1 out_loss 53.78764343261719
Test Epoch57 layer2 out_loss 53.745399475097656
Test Epoch57 layer3 out_loss 53.74436569213867
[[2.48009192e+04 1.31111886e-03]
 [3.04330643e-07 1.25482759e-05]
 [4.51391625e-08 6.32047930e-08]
 [3.96521653e-08 1.36625799e-07]]
Train Epoch58 out_loss 55.608551025390625
Test Epoch58 layer0 out_loss 53.500038146972656
Test Epoch58 layer1 out_loss 52.86952590942383
Test Epoch58 layer2 out_loss 52.827693939208984
Test Epoch58 layer3 out_loss 52.825565338134766
[[2.40414160e+04 1.28384988e-03]
 [2.91043123e-07 1.19910987e-05]
 [4.09889154e-08 5.40597829e-08]
 [2.89205566e-08 1.24365945e-07]]
Train Epoch59 out_loss 54.7041015625
Test Epoch59 layer0 out_loss 52.58730697631836
Test Epoch59 layer1 out_loss 51.95552444458008
Test Epoch59 layer2 out_loss 51.914886474609375
Test Epoch59 layer3 out_loss 51.9136848449707
[[2.32583892e+04 1.25741372e-03]
 [2.80297926e-07 1.14689261e-05]
 [3.99668081e-08 4.39850001e-08]
 [2.39860880e-08 9.42448901e-08]]
Train Epoch60 out_loss 53.82255172729492
Test Epoch60 layer0 out_loss 51.67918014526367
Test Epoch60 layer1 out_loss 51.04646682739258
Test Epoch60 layer2 out_loss 51.006126403808594
Test Epoch60 layer3 out_loss 51.01288604736328
[[2.25367415e+04 1.23181108e-03]
 [2.71382026e-07 1.09752717e-05]
 [3.84024268e-08 3.92424999e-08]
 [2.32679220e-08 8.30890210e-08]]
Train Epoch61 out_loss 52.922279357910156
Test Epoch61 layer0 out_loss 50.775909423828125
Test Epoch61 layer1 out_loss 50.14286804199219
Test Epoch61 layer2 out_loss 50.103515625
Test Epoch61 layer3 out_loss 50.10761260986328
[[2.17857390e+04 1.20697184e-03]
 [2.69892320e-07 1.05083773e-05]
 [3.97562345e-08 3.32357935e-08]
 [2.55068746e-08 8.95543995e-08]]
Train Epoch62 out_loss 52.0531005859375
Test Epoch62 layer0 out_loss 49.87776184082031
Test Epoch62 layer1 out_loss 49.24427795410156
Test Epoch62 layer2 out_loss 49.207637786865234
Test Epoch62 layer3 out_loss 49.217350006103516
[[2.10508945e+04 1.18289958e-03]
 [2.56625162e-07 1.00648266e-05]
 [3.93671715e-08 3.26454124e-08]
 [2.73440730e-08 1.13121722e-07]]
Train Epoch63 out_loss 51.174339294433594
Test Epoch63 layer0 out_loss 48.985008239746094
Test Epoch63 layer1 out_loss 48.35189437866211
Test Epoch63 layer2 out_loss 48.314430236816406
Test Epoch63 layer3 out_loss 48.31031036376953
[[2.03378474e+04 1.15954323e-03]
 [2.48052581e-07 9.64100593e-06]
 [3.60831753e-08 3.33745536e-08]
 [2.74897691e-08 1.04353295e-07]]
Train Epoch64 out_loss 50.29299545288086
Test Epoch64 layer0 out_loss 48.09794616699219
Test Epoch64 layer1 out_loss 47.46491622924805
Test Epoch64 layer2 out_loss 47.429569244384766
Test Epoch64 layer3 out_loss 47.423648834228516
[[1.96550692e+04 1.13687862e-03]
 [2.44222181e-07 9.23829873e-06]
 [3.41737809e-08 3.09880888e-08]
 [2.44615135e-08 9.11305804e-08]]
Train Epoch65 out_loss 49.43903732299805
Test Epoch65 layer0 out_loss 47.216888427734375
Test Epoch65 layer1 out_loss 46.5849494934082
Test Epoch65 layer2 out_loss 46.54808807373047
Test Epoch65 layer3 out_loss 46.55150604248047
[[1.90268512e+04 1.11487781e-03]
 [2.41053206e-07 8.85963971e-06]
 [3.65740176e-08 2.84101613e-08]
 [2.64236284e-08 8.39720053e-08]]
Train Epoch66 out_loss 48.57990264892578
Test Epoch66 layer0 out_loss 46.34217834472656
Test Epoch66 layer1 out_loss 45.711360931396484
Test Epoch66 layer2 out_loss 45.67692184448242
Test Epoch66 layer3 out_loss 45.68183135986328
[[1.83224724e+04 1.09352104e-03]
 [2.33633326e-07 8.49725882e-06]
 [3.37076729e-08 3.10333883e-08]
 [2.64745903e-08 8.73897230e-08]]
Train Epoch67 out_loss 47.73690414428711
Test Epoch67 layer0 out_loss 45.47417449951172
Test Epoch67 layer1 out_loss 44.84504318237305
Test Epoch67 layer2 out_loss 44.81156539916992
Test Epoch67 layer3 out_loss 44.81522750854492
[[1.76337847e+04 1.07276837e-03]
 [2.30664250e-07 8.14885186e-06]
 [3.05281176e-08 3.01855734e-08]
 [2.13989738e-08 7.17566930e-08]]
Train Epoch68 out_loss 46.90678405761719
Test Epoch68 layer0 out_loss 44.613277435302734
Test Epoch68 layer1 out_loss 43.985931396484375
Test Epoch68 layer2 out_loss 43.952362060546875
Test Epoch68 layer3 out_loss 43.95203399658203
[[1.70370234e+04 1.05261827e-03]
 [2.28122898e-07 7.81941890e-06]
 [2.93165857e-08 2.32196060e-08]
 [1.60518191e-08 5.87863491e-08]]
Train Epoch69 out_loss 46.05858612060547
Test Epoch69 layer0 out_loss 43.75988006591797
Test Epoch69 layer1 out_loss 43.13507843017578
Test Epoch69 layer2 out_loss 43.1024284362793
Test Epoch69 layer3 out_loss 43.098358154296875
[[1.64292502e+04 1.03302208e-03]
 [2.26659533e-07 7.50674513e-06]
 [2.85649174e-08 1.92822321e-08]
 [1.60821789e-08 6.91419482e-08]]
Train Epoch70 out_loss 45.24545669555664
Test Epoch70 layer0 out_loss 42.91444396972656
Test Epoch70 layer1 out_loss 42.29246520996094
Test Epoch70 layer2 out_loss 42.25963592529297
Test Epoch70 layer3 out_loss 42.25669860839844
[[1.58497020e+04 1.01392336e-03]
 [2.38123662e-07 7.20994342e-06]
 [2.94559093e-08 1.70028985e-08]
 [1.47438111e-08 6.52544383e-08]]
Train Epoch71 out_loss 44.42873764038086
Test Epoch71 layer0 out_loss 42.07746124267578
Test Epoch71 layer1 out_loss 41.45926284790039
Test Epoch71 layer2 out_loss 41.427005767822266
Test Epoch71 layer3 out_loss 41.4391975402832
[[1.52665134e+04 9.94918228e-04]
 [1.15411139e-06 7.01900615e-06]
 [1.21774758e-07 4.23662518e-08]
 [4.38755756e-08 6.78594465e-08]]
Train Epoch72 out_loss 43.612850189208984
Test Epoch72 layer0 out_loss 41.2494010925293
Test Epoch72 layer1 out_loss 40.636322021484375
Test Epoch72 layer2 out_loss 40.6066780090332
Test Epoch72 layer3 out_loss 40.60855484008789
[[1.47311473e+04 9.76299707e-04]
 [4.32637091e-06 7.10849133e-06]
 [4.79478006e-07 1.52694869e-07]
 [1.56253481e-07 1.17381650e-07]]
Train Epoch73 out_loss 42.835567474365234
Test Epoch73 layer0 out_loss 40.43085479736328
Test Epoch73 layer1 out_loss 39.82460021972656
Test Epoch73 layer2 out_loss 39.796539306640625
Test Epoch73 layer3 out_loss 39.785396575927734
[[1.42181080e+04 9.83650629e-04]
 [5.35769619e-05 1.26803997e-05]
 [6.34574147e-06 1.59832877e-06]
 [1.77289994e-06 7.29331063e-07]]
Train Epoch74 out_loss 42.053585052490234
Test Epoch74 layer0 out_loss 39.62247848510742
Test Epoch74 layer1 out_loss 39.045631408691406
Test Epoch74 layer2 out_loss 39.01567840576172
Test Epoch74 layer3 out_loss 38.994956970214844
[[1.36973395e+04 9.62484977e-04]
 [5.60545971e-05 1.55404279e-05]
 [9.86295277e-06 5.78456951e-06]
 [6.13876028e-06 4.08931922e-06]]
Train Epoch75 out_loss 41.273170471191406
Test Epoch75 layer0 out_loss 38.82489776611328
Test Epoch75 layer1 out_loss 38.23461151123047
Test Epoch75 layer2 out_loss 38.213897705078125
Test Epoch75 layer3 out_loss 38.20937728881836
[[1.32009695e+04 1.06389093e-03]
 [1.77646474e-04 2.61940925e-05]
 [2.14209626e-05 1.70990419e-05]
 [1.37678553e-05 1.73596902e-05]]
Train Epoch76 out_loss 40.50713348388672
Test Epoch76 layer0 out_loss 38.038787841796875
Test Epoch76 layer1 out_loss 37.498435974121094
Test Epoch76 layer2 out_loss 37.447837829589844
Test Epoch76 layer3 out_loss 37.409263610839844
[[1.26914486e+04 1.06509593e-03]
 [2.26606702e-04 3.45849082e-05]
 [3.10247244e-05 2.38739735e-05]
 [1.85721204e-05 3.05644073e-05]]
Train Epoch77 out_loss 39.817989349365234
Test Epoch77 layer0 out_loss 37.26496124267578
Test Epoch77 layer1 out_loss 36.703731536865234
Test Epoch77 layer2 out_loss 36.669010162353516
Test Epoch77 layer3 out_loss 36.64878845214844
[[1.22109141e+04 1.37041396e-03]
 [5.23490358e-04 6.79522054e-05]
 [6.74082319e-05 4.57457986e-05]
 [4.35981510e-05 5.40223941e-05]]
Train Epoch78 out_loss 39.08566665649414
Test Epoch78 layer0 out_loss 36.50471115112305
Test Epoch78 layer1 out_loss 36.04964828491211
Test Epoch78 layer2 out_loss 36.03779983520508
Test Epoch78 layer3 out_loss 36.107566833496094
[[1.17637791e+04 1.24883621e-03]
 [4.63408138e-04 7.48555799e-05]
 [8.07821234e-05 8.39614522e-05]
 [7.70171537e-05 1.31860211e-04]]
Train Epoch79 out_loss 38.40176773071289
Test Epoch79 layer0 out_loss 35.75825881958008
Test Epoch79 layer1 out_loss 35.227867126464844
Test Epoch79 layer2 out_loss 35.21792221069336
Test Epoch79 layer3 out_loss 35.24684524536133
[[1.13216482e+04 1.92898441e-03]
 [1.02100684e-03 1.34082266e-04]
 [1.45013287e-04 1.22509611e-04]
 [1.36158172e-04 2.50136829e-04]]
Train Epoch80 out_loss 37.6784553527832
Test Epoch80 layer0 out_loss 35.02827835083008
Test Epoch80 layer1 out_loss 34.64671325683594
Test Epoch80 layer2 out_loss 34.648502349853516
Test Epoch80 layer3 out_loss 34.554107666015625
[[1.09237000e+04 1.91462188e-03]
 [1.03606676e-03 1.52304679e-04]
 [1.68272207e-04 1.47149147e-04]
 [1.83599259e-04 4.05744606e-04]]
Train Epoch81 out_loss 37.010135650634766
Test Epoch81 layer0 out_loss 34.314483642578125
Test Epoch81 layer1 out_loss 33.88590621948242
Test Epoch81 layer2 out_loss 33.930885314941406
Test Epoch81 layer3 out_loss 33.899444580078125
[[1.05188571e+04 2.69594761e-03]
 [1.51719608e-03 2.01013981e-04]
 [2.09397969e-04 1.95467946e-04]
 [2.12218562e-04 5.69014526e-04]]
Train Epoch82 out_loss 36.40415954589844
Test Epoch82 layer0 out_loss 33.62013244628906
Test Epoch82 layer1 out_loss 33.30615997314453
Test Epoch82 layer2 out_loss 33.243370056152344
Test Epoch82 layer3 out_loss 33.24188232421875
[[1.01611580e+04 3.05950057e-03]
 [1.84696182e-03 2.30463795e-04]
 [2.47111417e-04 2.19870810e-04]
 [2.41270154e-04 6.70032852e-04]]
Train Epoch83 out_loss 35.71137237548828
Test Epoch83 layer0 out_loss 32.94662094116211
Test Epoch83 layer1 out_loss 32.552276611328125
Test Epoch83 layer2 out_loss 32.52155303955078
Test Epoch83 layer3 out_loss 32.667015075683594
[[9.77973291e+03 5.75451215e-03]
 [3.52374882e-03 4.21473138e-04]
 [4.58965154e-04 3.89771143e-04]
 [4.34574824e-04 9.03706525e-04]]
Train Epoch84 out_loss 35.389617919921875
Test Epoch84 layer0 out_loss 32.29228210449219
Test Epoch84 layer1 out_loss 32.15616989135742
Test Epoch84 layer2 out_loss 32.168357849121094
Test Epoch84 layer3 out_loss 32.06157684326172
[[9.44156934e+03 5.57464620e-03]
 [3.61890110e-03 4.62397638e-04]
 [5.08631430e-04 4.90512175e-04]
 [5.69333170e-04 1.39479995e-03]]
Train Epoch85 out_loss 34.54960250854492
Test Epoch85 layer0 out_loss 31.659648895263672
Test Epoch85 layer1 out_loss 31.356590270996094
Test Epoch85 layer2 out_loss 31.419544219970703
Test Epoch85 layer3 out_loss 31.529008865356445
[[9.08143518e+03 1.06222297e-02]
 [7.25338032e-03 1.10612554e-03]
 [1.19366078e-03 7.51463129e-04]
 [9.35740332e-04 1.80881622e-03]]
Train Epoch86 out_loss 34.18584060668945
Test Epoch86 layer0 out_loss 31.076505661010742
Test Epoch86 layer1 out_loss 31.013484954833984
Test Epoch86 layer2 out_loss 30.91010093688965
Test Epoch86 layer3 out_loss 30.72519874572754
[[8.82678925e+03 7.70402420e-03]
 [5.89364988e-03 2.07653746e-03]
 [1.98885820e-03 2.38435512e-03]
 [2.23398914e-03 3.74078468e-03]]
Train Epoch87 out_loss 33.587913513183594
Test Epoch87 layer0 out_loss 30.523256301879883
Test Epoch87 layer1 out_loss 30.403278350830078
Test Epoch87 layer2 out_loss 30.549684524536133
Test Epoch87 layer3 out_loss 30.87173080444336
[[8.50761615e+03 1.43595699e-02]
 [8.28057522e-03 2.16996066e-03]
 [2.11192640e-03 4.14802670e-03]
 [3.34007182e-03 7.75924628e-03]]
Train Epoch88 out_loss 33.238990783691406
Test Epoch88 layer0 out_loss 30.0029296875
Test Epoch88 layer1 out_loss 30.17241096496582
Test Epoch88 layer2 out_loss 30.123483657836914
Test Epoch88 layer3 out_loss 30.7867374420166
[[8.23526453e+03 1.85854695e-02]
 [1.06567668e-02 2.12687012e-03]
 [2.00807235e-03 3.91957496e-03]
 [3.51139627e-03 9.98576672e-03]]
Train Epoch89 out_loss 32.81064987182617
Test Epoch89 layer0 out_loss 29.51529884338379
Test Epoch89 layer1 out_loss 29.493852615356445
Test Epoch89 layer2 out_loss 29.519960403442383
Test Epoch89 layer3 out_loss 29.97954559326172
[[7.96090051e+03 1.89109213e-02]
 [1.17195499e-02 2.29949811e-03]
 [2.06039393e-03 3.65023469e-03]
 [3.76902980e-03 1.11032445e-02]]
Train Epoch90 out_loss 32.473960876464844
Test Epoch90 layer0 out_loss 29.12202262878418
Test Epoch90 layer1 out_loss 29.323545455932617
Test Epoch90 layer2 out_loss 29.292604446411133
Test Epoch90 layer3 out_loss 28.55483055114746
[[7.72211462e+03 1.93575134e-02]
 [1.25160653e-02 2.75077159e-03]
 [2.52893605e-03 4.09596795e-03]
 [4.21968184e-03 1.18088488e-02]]
Train Epoch91 out_loss 31.859756469726562
Test Epoch91 layer0 out_loss 28.745630264282227
Test Epoch91 layer1 out_loss 28.796064376831055
Test Epoch91 layer2 out_loss 28.722684860229492
Test Epoch91 layer3 out_loss 29.468652725219727
[[7.49578339e+03 3.43668347e-02]
 [2.11338997e-02 4.85683419e-03]
 [4.74480275e-03 5.94980590e-03]
 [5.73358184e-03 1.37824793e-02]]
Train Epoch92 out_loss 31.829919815063477
Test Epoch92 layer0 out_loss 28.39969825744629
Test Epoch92 layer1 out_loss 28.38044548034668
Test Epoch92 layer2 out_loss 28.436763763427734
Test Epoch92 layer3 out_loss 27.789152145385742
[[7.29303473e+03 2.69975709e-02]
 [1.82737276e-02 7.41007249e-03]
 [7.03345315e-03 1.01036828e-02]
 [9.95240285e-03 2.13511784e-02]]
Train Epoch93 out_loss 31.51746940612793
Test Epoch93 layer0 out_loss 27.977819442749023
Test Epoch93 layer1 out_loss 28.281654357910156
Test Epoch93 layer2 out_loss 27.943737030029297
Test Epoch93 layer3 out_loss 29.152450561523438
[[7.09154749e+03 3.36079798e-02]
 [1.94105299e-02 7.68598565e-03]
 [7.29044119e-03 1.31932058e-02]
 [1.24452956e-02 2.65713467e-02]]
Train Epoch94 out_loss 31.183446884155273
Test Epoch94 layer0 out_loss 27.826984405517578
Test Epoch94 layer1 out_loss 28.141599655151367
Test Epoch94 layer2 out_loss 28.015897750854492
Test Epoch94 layer3 out_loss 27.47911262512207
[[6.92440979e+03 3.63719256e-02]
 [1.99354546e-02 7.51304405e-03]
 [6.41271594e-03 1.17118021e-02]
 [1.07098942e-02 2.59586973e-02]]
Train Epoch95 out_loss 30.859201431274414
Test Epoch95 layer0 out_loss 27.56279754638672
Test Epoch95 layer1 out_loss 27.680429458618164
Test Epoch95 layer2 out_loss 27.8176326751709
Test Epoch95 layer3 out_loss 30.225128173828125
[[6.72196634e+03 4.00776358e-02]
 [2.05138291e-02 7.91118288e-03]
 [6.66279445e-03 1.03368160e-02]
 [9.09827149e-03 2.76209104e-02]]
Train Epoch96 out_loss 31.564661026000977
Test Epoch96 layer0 out_loss 27.39269256591797
Test Epoch96 layer1 out_loss 27.384868621826172
Test Epoch96 layer2 out_loss 27.707796096801758
Test Epoch96 layer3 out_loss 27.836713790893555
[[6.58706232e+03 4.76978507e-02]
 [2.23673382e-02 1.12269787e-02]
 [8.26802751e-03 1.03134312e-02]
 [8.71430553e-03 2.31917537e-02]]
Train Epoch97 out_loss 30.042516708374023
Test Epoch97 layer0 out_loss 27.30545997619629
Test Epoch97 layer1 out_loss 27.45615005493164
Test Epoch97 layer2 out_loss 27.446739196777344
Test Epoch97 layer3 out_loss 26.9950008392334
[[6.48487671e+03 3.61776114e-02]
 [1.90172419e-02 1.61410037e-02]
 [1.11725273e-02 1.48982944e-02]
 [1.19812510e-02 2.46862217e-02]]
Train Epoch98 out_loss 30.36663818359375
Test Epoch98 layer0 out_loss 26.90094566345215
Test Epoch98 layer1 out_loss 26.867685317993164
Test Epoch98 layer2 out_loss 26.87956428527832
Test Epoch98 layer3 out_loss 26.215835571289062
[[6.34111301e+03 6.57053399e-02]
 [2.67572151e-02 2.53691911e-02]
 [1.99574386e-02 2.51277189e-02]
 [2.13694429e-02 3.64326520e-02]]
Train Epoch99 out_loss 30.26994514465332
Test Epoch99 layer0 out_loss 27.123586654663086
Test Epoch99 layer1 out_loss 27.213871002197266
Test Epoch99 layer2 out_loss 27.290178298950195
Test Epoch99 layer3 out_loss 26.73560905456543
[[6.26463071e+03 4.15098225e-02]
 [1.91894346e-02 2.44742982e-02]
 [2.22658978e-02 3.38871237e-02]
 [3.20333184e-02 4.77537634e-02]]
Train Epoch100 out_loss 31.115623474121094
Test Epoch100 layer0 out_loss 26.6590518951416
Test Epoch100 layer1 out_loss 26.82448387145996
Test Epoch100 layer2 out_loss 26.063491821289062
Test Epoch100 layer3 out_loss 27.793729782104492
[[6.12967352e+03 6.04635444e-02]
 [1.86480660e-02 3.08943796e-02]
 [2.46217302e-02 3.90116046e-02]
 [3.51204455e-02 5.51231150e-02]]
Train Epoch101 out_loss 30.175119400024414
Test Epoch101 layer0 out_loss 26.895854949951172
Test Epoch101 layer1 out_loss 27.185821533203125
Test Epoch101 layer2 out_loss 27.25067710876465
Test Epoch101 layer3 out_loss 27.136932373046875
[[6.02014111e+03 5.37961936e-02]
 [1.45819683e-02 3.28891878e-02]
 [2.19761452e-02 3.82992625e-02]
 [3.04836961e-02 4.96075181e-02]]
Train Epoch102 out_loss 30.73903465270996
Test Epoch102 layer0 out_loss 26.702686309814453
Test Epoch102 layer1 out_loss 26.869436264038086
Test Epoch102 layer2 out_loss 26.466537475585938
Test Epoch102 layer3 out_loss 25.269222259521484
[[5.91843060e+03 5.38184820e-02]
 [1.09220552e-02 3.59289534e-02]
 [1.75145011e-02 3.74313274e-02]
 [3.10106794e-02 4.70464332e-02]]
Train Epoch103 out_loss 30.161758422851562
Test Epoch103 layer0 out_loss 26.626914978027344
Test Epoch103 layer1 out_loss 26.633378982543945
Test Epoch103 layer2 out_loss 26.646852493286133
Test Epoch103 layer3 out_loss 25.278717041015625
[[5.81039542e+03 6.02982570e-02]
 [8.71830451e-03 4.42872387e-02]
 [1.22914775e-02 4.20032050e-02]
 [3.13680239e-02 5.03505059e-02]]
Train Epoch104 out_loss 30.438884735107422
Test Epoch104 layer0 out_loss 26.680694580078125
Test Epoch104 layer1 out_loss 26.20267105102539
Test Epoch104 layer2 out_loss 26.216033935546875
Test Epoch104 layer3 out_loss 28.489850997924805
[[5.71673227e+03 5.38957966e-02]
 [5.05205820e-03 4.53115469e-02]
 [7.27345567e-03 5.08601754e-02]
 [2.60799045e-02 4.97036930e-02]]
Train Epoch105 out_loss 29.34680938720703
Test Epoch105 layer0 out_loss 26.243762969970703
Test Epoch105 layer1 out_loss 26.576807022094727
Test Epoch105 layer2 out_loss 26.132394790649414
Test Epoch105 layer3 out_loss 28.7612247467041
[[5.61529703e+03 5.96120763e-02]
 [3.61764670e-03 5.07694362e-02]
 [5.01537224e-03 6.06576498e-02]
 [2.02844222e-02 6.28548888e-02]]
Train Epoch106 out_loss 30.085765838623047
Test Epoch106 layer0 out_loss 26.264869689941406
Test Epoch106 layer1 out_loss 25.956640243530273
Test Epoch106 layer2 out_loss 26.439298629760742
Test Epoch106 layer3 out_loss 26.829086303710938
[[5.53533685e+03 6.02946808e-02]
 [2.54514297e-03 5.12199448e-02]
 [3.46901038e-03 6.07661642e-02]
 [1.15366539e-02 8.13367642e-02]]
Train Epoch107 out_loss 29.912260055541992
Test Epoch107 layer0 out_loss 26.009990692138672
Test Epoch107 layer1 out_loss 26.413034439086914
Test Epoch107 layer2 out_loss 27.147218704223633
Test Epoch107 layer3 out_loss 29.19730567932129
[[5.49264838e+03 1.09637144e-01]
 [5.53514127e-03 8.06288132e-02]
 [3.58789967e-03 9.19334935e-02]
 [9.55526554e-03 1.25399445e-01]]
Train Epoch108 out_loss 30.578689575195312
Test Epoch108 layer0 out_loss 26.67800521850586
Test Epoch108 layer1 out_loss 25.92387580871582
Test Epoch108 layer2 out_loss 26.26144027709961
Test Epoch108 layer3 out_loss 30.953659057617188
[[5.39864484e+03 7.45471660e-02]
 [4.87592717e-03 6.64326176e-02]
 [7.32299825e-03 8.48343112e-02]
 [1.38368445e-02 1.03272008e-01]]
Train Epoch109 out_loss 29.48527717590332
Test Epoch109 layer0 out_loss 25.60310173034668
Test Epoch109 layer1 out_loss 25.891681671142578
Test Epoch109 layer2 out_loss 25.93243980407715
Test Epoch109 layer3 out_loss 26.951488494873047
[[5.32455927e+03 1.02828596e-01]
 [4.21694896e-03 7.35222572e-02]
 [6.78599317e-03 9.00831809e-02]
 [1.40939520e-02 1.08159243e-01]]
Train Epoch110 out_loss 28.67174530029297
Test Epoch110 layer0 out_loss 25.863786697387695
Test Epoch110 layer1 out_loss 26.045337677001953
Test Epoch110 layer2 out_loss 25.749059677124023
Test Epoch110 layer3 out_loss 25.028362274169922
[[5.28099258e+03 7.27821612e-02]
 [4.04772925e-03 6.54193126e-02]
 [7.19471165e-03 8.08951100e-02]
 [1.53479230e-02 9.49716642e-02]]
Train Epoch111 out_loss 30.908252716064453
Test Epoch111 layer0 out_loss 25.829517364501953
Test Epoch111 layer1 out_loss 25.627120971679688
Test Epoch111 layer2 out_loss 25.741121292114258
Test Epoch111 layer3 out_loss 29.682462692260742
[[5.21427029e+03 8.52017119e-02]
 [2.85434141e-03 7.24069970e-02]
 [6.06930041e-03 8.67132824e-02]
 [1.33618794e-02 1.03434442e-01]]
Train Epoch112 out_loss 29.587398529052734
Test Epoch112 layer0 out_loss 26.102985382080078
Test Epoch112 layer1 out_loss 26.43320083618164
Test Epoch112 layer2 out_loss 26.142051696777344
Test Epoch112 layer3 out_loss 26.047706604003906
[[5.15175436e+03 8.77942760e-02]
 [2.75621170e-03 7.37372986e-02]
 [4.64927938e-03 8.58883634e-02]
 [1.10669393e-02 1.01995924e-01]]
Train Epoch113 out_loss 28.788455963134766
Test Epoch113 layer0 out_loss 25.8878173828125
Test Epoch113 layer1 out_loss 25.565248489379883
Test Epoch113 layer2 out_loss 25.3453426361084
Test Epoch113 layer3 out_loss 24.942222595214844
[[5.09992355e+03 9.14665693e-02]
 [2.63140246e-03 7.71569172e-02]
 [5.20450558e-03 8.39563133e-02]
 [9.26959654e-03 1.00290701e-01]]
Train Epoch114 out_loss 29.99228286743164
Test Epoch114 layer0 out_loss 25.781047821044922
Test Epoch114 layer1 out_loss 26.336626052856445
Test Epoch114 layer2 out_loss 26.145153045654297
Test Epoch114 layer3 out_loss 29.530601501464844
[[5.05059088e+03 8.77867034e-02]
 [2.01077304e-03 7.75894392e-02]
 [4.31851519e-03 8.29517646e-02]
 [8.34218040e-03 9.85009288e-02]]
Train Epoch115 out_loss 29.0145320892334
Test Epoch115 layer0 out_loss 25.920228958129883
Test Epoch115 layer1 out_loss 25.766923904418945
Test Epoch115 layer2 out_loss 25.88136863708496
Test Epoch115 layer3 out_loss 24.96864128112793
[[4.99662836e+03 8.23066384e-02]
 [1.11977402e-03 7.35502783e-02]
 [3.39197513e-03 7.77603677e-02]
 [7.37400015e-03 1.00327764e-01]]
Train Epoch116 out_loss 29.467498779296875
Test Epoch116 layer0 out_loss 25.555158615112305
Test Epoch116 layer1 out_loss 25.844873428344727
Test Epoch116 layer2 out_loss 26.15867042541504
Test Epoch116 layer3 out_loss 27.310068130493164
[[4.95511520e+03 9.64141292e-02]
 [8.08242756e-04 8.15542880e-02]
 [2.49666168e-03 8.46594786e-02]
 [5.94485819e-03 1.08359472e-01]]
Train Epoch117 out_loss 28.100982666015625
Test Epoch117 layer0 out_loss 26.121431350708008
Test Epoch117 layer1 out_loss 25.957157135009766
Test Epoch117 layer2 out_loss 25.60011863708496
Test Epoch117 layer3 out_loss 24.99864959716797
[[4.87800882e+03 9.21502346e-02]
 [6.11476247e-04 7.99484113e-02]
 [1.81293355e-03 8.25379435e-02]
 [4.02947754e-03 1.05342434e-01]]
Train Epoch118 out_loss 31.91485023498535
Test Epoch118 layer0 out_loss 25.435575485229492
Test Epoch118 layer1 out_loss 25.526140213012695
Test Epoch118 layer2 out_loss 25.891910552978516
Test Epoch118 layer3 out_loss 24.943904876708984
[[4.81598831e+03 1.05928709e-01]
 [1.08233793e-03 8.85156235e-02]
 [1.72512114e-03 8.80119456e-02]
 [3.41730364e-03 1.04496752e-01]]
Train Epoch119 out_loss 28.5994930267334
Test Epoch119 layer0 out_loss 26.076690673828125
Test Epoch119 layer1 out_loss 25.771841049194336
Test Epoch119 layer2 out_loss 25.9748592376709
Test Epoch119 layer3 out_loss 27.709674835205078
[[4.75375232e+03 9.77784367e-02]
 [1.58802429e-03 8.49573761e-02]
 [2.47432233e-03 8.45534401e-02]
 [3.64772443e-03 9.98596521e-02]]
Train Epoch120 out_loss 29.53415870666504
Test Epoch120 layer0 out_loss 25.315696716308594
Test Epoch120 layer1 out_loss 25.452470779418945
Test Epoch120 layer2 out_loss 25.25855255126953
Test Epoch120 layer3 out_loss 25.249778747558594
[[4.74302640e+03 1.16573283e-01]
 [1.65412803e-03 9.77545064e-02]
 [2.58846470e-03 9.56705147e-02]
 [4.56579428e-03 1.10083241e-01]]
Train Epoch121 out_loss 28.979114532470703
Test Epoch121 layer0 out_loss 26.046791076660156
Test Epoch121 layer1 out_loss 25.679853439331055
Test Epoch121 layer2 out_loss 25.87939453125
Test Epoch121 layer3 out_loss 27.93309783935547
[[4.66975558e+03 1.05487281e-01]
 [1.16129874e-03 9.10615884e-02]
 [2.15956975e-03 9.13093472e-02]
 [4.83142002e-03 1.05952982e-01]]
Train Epoch122 out_loss 28.61810874938965
Test Epoch122 layer0 out_loss 25.343338012695312
Test Epoch122 layer1 out_loss 25.528564453125
Test Epoch122 layer2 out_loss 25.520343780517578
Test Epoch122 layer3 out_loss 25.244068145751953
[[4.60272961e+03 1.14548510e-01]
 [1.33149332e-03 9.68972743e-02]
 [1.93557073e-03 9.50357290e-02]
 [4.48167260e-03 1.09766419e-01]]
Train Epoch123 out_loss 28.94260025024414
Test Epoch123 layer0 out_loss 25.894651412963867
Test Epoch123 layer1 out_loss 25.58797264099121
Test Epoch123 layer2 out_loss 25.146610260009766
Test Epoch123 layer3 out_loss 26.447927474975586
[[4.54209790e+03 1.05126386e-01]
 [1.07534356e-03 9.27490396e-02]
 [1.75425522e-03 9.25086485e-02]
 [4.87996038e-03 1.08372768e-01]]
Train Epoch124 out_loss 28.768829345703125
Test Epoch124 layer0 out_loss 25.2334041595459
Test Epoch124 layer1 out_loss 25.244564056396484
Test Epoch124 layer2 out_loss 25.432689666748047
Test Epoch124 layer3 out_loss 26.07293128967285
[[4.48932690e+03 1.14206048e-01]
 [1.31751128e-03 9.72371493e-02]
 [1.54634041e-03 9.57621196e-02]
 [4.57380692e-03 1.11126358e-01]]
Train Epoch125 out_loss 29.581836700439453
Test Epoch125 layer0 out_loss 25.65581703186035
Test Epoch125 layer1 out_loss 25.547285079956055
Test Epoch125 layer2 out_loss 25.836904525756836
Test Epoch125 layer3 out_loss 25.023406982421875
[[4.45166794e+03 1.12405636e-01]
 [1.30419139e-03 9.85086327e-02]
 [1.95483786e-03 9.62744039e-02]
 [4.20157120e-03 1.12744343e-01]]
Train Epoch126 out_loss 29.207693099975586
Test Epoch126 layer0 out_loss 25.375797271728516
Test Epoch126 layer1 out_loss 25.177854537963867
Test Epoch126 layer2 out_loss 25.06606674194336
Test Epoch126 layer3 out_loss 26.492494583129883
[[4.44651132e+03 1.04338131e-01]
 [7.30730804e-04 9.38062314e-02]
 [1.69677798e-03 9.40597141e-02]
 [4.20993273e-03 1.07611364e-01]]
Train Epoch127 out_loss 28.74915885925293
Test Epoch127 layer0 out_loss 25.144378662109375
Test Epoch127 layer1 out_loss 25.153722763061523
Test Epoch127 layer2 out_loss 25.314353942871094
Test Epoch127 layer3 out_loss 25.49615478515625
[[4.38441571e+03 1.28277358e-01]
 [9.60070880e-04 1.08815414e-01]
 [1.33721296e-03 1.06120787e-01]
 [3.82895133e-03 1.14142830e-01]]
Train Epoch128 out_loss 28.255447387695312
Test Epoch128 layer0 out_loss 25.68370246887207
Test Epoch128 layer1 out_loss 25.38527488708496
Test Epoch128 layer2 out_loss 25.54523277282715
Test Epoch128 layer3 out_loss 25.08989906311035
[[4.35700491e+03 1.21815581e-01]
 [1.90406805e-03 1.09319510e-01]
 [2.17089626e-03 1.03216365e-01]
 [4.65322667e-03 1.15200461e-01]]
Train Epoch129 out_loss 31.164569854736328
Test Epoch129 layer0 out_loss 25.479705810546875
Test Epoch129 layer1 out_loss 25.29917335510254
Test Epoch129 layer2 out_loss 25.08823585510254
Test Epoch129 layer3 out_loss 25.319475173950195
[[4.30667120e+03 1.20555704e-01]
 [1.95648042e-03 1.09218196e-01]
 [3.12660422e-03 1.07184334e-01]
 [7.22221856e-03 1.19790064e-01]]
Train Epoch130 out_loss 29.696020126342773
Test Epoch130 layer0 out_loss 25.21318817138672
Test Epoch130 layer1 out_loss 25.50126838684082
Test Epoch130 layer2 out_loss 25.54767608642578
Test Epoch130 layer3 out_loss 31.66785430908203
[[4.27792883e+03 1.26548419e-01]
 [2.40772832e-03 1.16039114e-01]
 [3.44202796e-03 1.07973321e-01]
 [8.21044686e-03 1.24881314e-01]]
Train Epoch131 out_loss 31.57833480834961
Test Epoch131 layer0 out_loss 25.26776885986328
Test Epoch131 layer1 out_loss 25.072280883789062
Test Epoch131 layer2 out_loss 25.089277267456055
Test Epoch131 layer3 out_loss 27.329708099365234
[[4.24226147e+03 1.33126739e-01]
 [2.30350009e-03 1.17070560e-01]
 [3.90164141e-03 1.09749385e-01]
 [8.32654949e-03 1.26022380e-01]]
Train Epoch132 out_loss 30.734281539916992
Test Epoch132 layer0 out_loss 25.2939453125
Test Epoch132 layer1 out_loss 25.653669357299805
Test Epoch132 layer2 out_loss 25.86652183532715
Test Epoch132 layer3 out_loss 27.925418853759766
[[4.22312933e+03 1.44732319e-01]
 [3.01350441e-03 1.26366336e-01]
 [4.57220542e-03 1.14120812e-01]
 [7.37684645e-03 1.25045508e-01]]
Train Epoch133 out_loss 28.164466857910156
Test Epoch133 layer0 out_loss 25.194381713867188
Test Epoch133 layer1 out_loss 25.035282135009766
Test Epoch133 layer2 out_loss 25.357892990112305
Test Epoch133 layer3 out_loss 27.171985626220703
[[4.18931699e+03 1.45427555e-01]
 [2.74712018e-03 1.23064880e-01]
 [5.56066696e-03 1.10973476e-01]
 [7.81187834e-03 1.19385050e-01]]
Train Epoch134 out_loss 29.2513370513916
Test Epoch134 layer0 out_loss 25.22825813293457
Test Epoch134 layer1 out_loss 25.639829635620117
Test Epoch134 layer2 out_loss 25.924333572387695
Test Epoch134 layer3 out_loss 26.39093017578125
[[4.18486160e+03 1.41949288e-01]
 [2.37852985e-03 1.23935625e-01]
 [4.86075517e-03 1.11181066e-01]
 [7.98784313e-03 1.20352763e-01]]
Train Epoch135 out_loss 27.946191787719727
Test Epoch135 layer0 out_loss 25.230831146240234
Test Epoch135 layer1 out_loss 25.05694007873535
Test Epoch135 layer2 out_loss 25.242122650146484
Test Epoch135 layer3 out_loss 24.93724250793457
[[4.13508533e+03 1.46746943e-01]
 [2.07697092e-03 1.26593701e-01]
 [4.01254123e-03 1.12244907e-01]
 [7.02718250e-03 1.24858729e-01]]
Train Epoch136 out_loss 29.334867477416992
Test Epoch136 layer0 out_loss 25.388124465942383
Test Epoch136 layer1 out_loss 25.526479721069336
Test Epoch136 layer2 out_loss 25.114551544189453
Test Epoch136 layer3 out_loss 29.744022369384766
[[4.13230991e+03 1.32735715e-01]
 [2.24105726e-03 1.23568646e-01]
 [3.44721222e-03 1.10540477e-01]
 [6.93516206e-03 1.21968220e-01]]
Train Epoch137 out_loss 29.763113021850586
Test Epoch137 layer0 out_loss 25.05406951904297
Test Epoch137 layer1 out_loss 25.084877014160156
Test Epoch137 layer2 out_loss 25.316057205200195
Test Epoch137 layer3 out_loss 26.017921447753906
[[4.07703574e+03 1.52767108e-01]
 [3.03092126e-03 1.34581132e-01]
 [3.52661969e-03 1.16677030e-01]
 [7.43444869e-03 1.29158106e-01]]
Train Epoch138 out_loss 29.362472534179688
Test Epoch138 layer0 out_loss 25.559389114379883
Test Epoch138 layer1 out_loss 25.242416381835938
Test Epoch138 layer2 out_loss 25.085430145263672
Test Epoch138 layer3 out_loss 25.512563705444336
[[4.04839218e+03 1.46394579e-01]
 [5.20862380e-03 1.31209932e-01]
 [6.16296404e-03 1.17265919e-01]
 [9.34322074e-03 1.27789348e-01]]
Train Epoch139 out_loss 32.56352996826172
Test Epoch139 layer0 out_loss 25.050151824951172
Test Epoch139 layer1 out_loss 25.189369201660156
Test Epoch139 layer2 out_loss 25.086166381835938
Test Epoch139 layer3 out_loss 30.21338653564453
[[4.00772272e+03 1.56375380e-01]
 [6.94955885e-03 1.37212368e-01]
 [8.37641919e-03 1.25368060e-01]
 [1.28142604e-02 1.34196131e-01]]
Train Epoch140 out_loss 30.289146423339844
Test Epoch140 layer0 out_loss 25.35435676574707
Test Epoch140 layer1 out_loss 25.176952362060547
Test Epoch140 layer2 out_loss 25.1601505279541
Test Epoch140 layer3 out_loss 31.959787368774414
[[3.97550244e+03 1.44103317e-01]
 [6.08663697e-03 1.31507889e-01]
 [8.54074990e-03 1.22878145e-01]
 [1.59263597e-02 1.47784702e-01]]
Train Epoch141 out_loss 31.986934661865234
Test Epoch141 layer0 out_loss 24.993982315063477
Test Epoch141 layer1 out_loss 25.061418533325195
Test Epoch141 layer2 out_loss 25.0565185546875
Test Epoch141 layer3 out_loss 25.931686401367188
[[3.93703021e+03 1.63351100e-01]
 [6.79146533e-03 1.39416351e-01]
 [8.17714212e-03 1.27896573e-01]
 [1.62632694e-02 1.59539266e-01]]
Train Epoch142 out_loss 41.54507064819336
Test Epoch142 layer0 out_loss 25.481454849243164
Test Epoch142 layer1 out_loss 25.22737693786621
Test Epoch142 layer2 out_loss 24.933298110961914
Test Epoch142 layer3 out_loss 32.01210403442383
[[3.94304065e+03 1.48780661e-01]
 [7.54428399e-03 1.35173961e-01]
 [1.00785989e-02 1.26045706e-01]
 [1.77186653e-02 1.48412487e-01]]
Train Epoch143 out_loss 33.317020416259766
Test Epoch143 layer0 out_loss 24.94859504699707
Test Epoch143 layer1 out_loss 24.99479866027832
Test Epoch143 layer2 out_loss 24.94993782043457
Test Epoch143 layer3 out_loss 40.534175872802734
[[3.91292676e+03 1.77604605e-01]
 [7.36174296e-03 1.48249812e-01]
 [1.08399896e-02 1.31165070e-01]
 [1.70282559e-02 1.81044955e-01]]
Train Epoch144 out_loss 36.97997283935547
Test Epoch144 layer0 out_loss 25.661540985107422
Test Epoch144 layer1 out_loss 25.475202560424805
Test Epoch144 layer2 out_loss 25.001705169677734
Test Epoch144 layer3 out_loss 25.403974533081055
[[3.88966187e+03 1.55144404e-01]
 [7.16591344e-03 1.41621400e-01]
 [1.19347139e-02 1.26847856e-01]
 [1.86225558e-02 1.53856162e-01]]
Train Epoch145 out_loss 34.1724967956543
Test Epoch145 layer0 out_loss 24.935352325439453
Test Epoch145 layer1 out_loss 24.948322296142578
Test Epoch145 layer2 out_loss 25.058958053588867
Test Epoch145 layer3 out_loss 29.105981826782227
[[3.86100031e+03 1.94982482e-01]
 [6.42444819e-03 1.57659870e-01]
 [1.14083497e-02 1.35543400e-01]
 [2.07575778e-02 1.56563023e-01]]
Train Epoch146 out_loss 35.85490417480469
Test Epoch146 layer0 out_loss 25.590557098388672
Test Epoch146 layer1 out_loss 25.361181259155273
Test Epoch146 layer2 out_loss 25.869871139526367
Test Epoch146 layer3 out_loss 35.628395080566406
[[3.82549336e+03 1.62082461e-01]
 [6.48526617e-03 1.47142382e-01]
 [1.20671742e-02 1.30575211e-01]
 [2.00229979e-02 1.58008346e-01]]
Train Epoch147 out_loss 29.491628646850586
Test Epoch147 layer0 out_loss 24.972938537597656
Test Epoch147 layer1 out_loss 25.15846061706543
Test Epoch147 layer2 out_loss 24.9346981048584
Test Epoch147 layer3 out_loss 25.725711822509766
[[3.79683789e+03 1.55943060e-01]
 [4.99305152e-03 1.45623283e-01]
 [9.78258962e-03 1.38495641e-01]
 [1.94278730e-02 1.54971018e-01]]
Train Epoch148 out_loss 31.209171295166016
Test Epoch148 layer0 out_loss 25.298446655273438
Test Epoch148 layer1 out_loss 25.396711349487305
Test Epoch148 layer2 out_loss 25.059288024902344
Test Epoch148 layer3 out_loss 36.924617767333984
[[3.81561810e+03 1.66835260e-01]
 [4.32101148e-03 1.48520781e-01]
 [8.20261030e-03 1.36868780e-01]
 [1.77009795e-02 1.76156782e-01]]
Train Epoch149 out_loss 33.88080596923828
Test Epoch149 layer0 out_loss 25.313764572143555
Test Epoch149 layer1 out_loss 25.227922439575195
Test Epoch149 layer2 out_loss 25.55458641052246
Test Epoch149 layer3 out_loss 32.63602828979492
[[3.75528876e+03 1.61884034e-01]
 [3.45230370e-03 1.46599659e-01]
 [7.72125227e-03 1.34290245e-01]
 [1.46841693e-02 1.63197394e-01]]
Train Epoch150 out_loss 30.101268768310547
Test Epoch150 layer0 out_loss 24.940868377685547
Test Epoch150 layer1 out_loss 25.07606315612793
Test Epoch150 layer2 out_loss 25.00519561767578
Test Epoch150 layer3 out_loss 25.06118392944336
[[3.71742053e+03 1.62653575e-01]
 [3.17056084e-03 1.41679804e-01]
 [6.95858093e-03 1.26637826e-01]
 [1.39329465e-02 1.43411189e-01]]
Train Epoch151 out_loss 28.220712661743164
Test Epoch151 layer0 out_loss 25.318063735961914
Test Epoch151 layer1 out_loss 25.17210578918457
Test Epoch151 layer2 out_loss 25.043264389038086
Test Epoch151 layer3 out_loss 26.111600875854492
[[3.73265878e+03 1.58096340e-01]
 [3.31508316e-03 1.36798379e-01]
 [5.92979259e-03 1.26061931e-01]
 [1.21830705e-02 1.41771490e-01]]
Train Epoch152 out_loss 32.007789611816406
Test Epoch152 layer0 out_loss 25.017030715942383
Test Epoch152 layer1 out_loss 25.06277847290039
Test Epoch152 layer2 out_loss 25.15020751953125
Test Epoch152 layer3 out_loss 34.21978759765625
[[3.67621088e+03 1.56148771e-01]
 [2.86248935e-03 1.36030842e-01]
 [5.14180819e-03 1.26449422e-01]
 [1.08507451e-02 1.52660284e-01]]
Train Epoch153 out_loss 35.91057205200195
Test Epoch153 layer0 out_loss 25.186954498291016
Test Epoch153 layer1 out_loss 25.055959701538086
Test Epoch153 layer2 out_loss 25.2647705078125
Test Epoch153 layer3 out_loss 25.608339309692383
[[3.65300644e+03 1.58050798e-01]
 [2.28119413e-03 1.36535749e-01]
 [4.07774356e-03 1.27158189e-01]
 [1.13164287e-02 1.47347393e-01]]
Train Epoch154 out_loss 31.20515251159668
Test Epoch154 layer0 out_loss 25.19001579284668
Test Epoch154 layer1 out_loss 25.278337478637695
Test Epoch154 layer2 out_loss 25.17294692993164
Test Epoch154 layer3 out_loss 27.700937271118164
[[3.62424643e+03 1.62067259e-01]
 [2.02267274e-03 1.38891893e-01]
 [3.27371550e-03 1.28977989e-01]
 [1.05844927e-02 1.43871071e-01]]
Train Epoch155 out_loss 28.809972763061523
Test Epoch155 layer0 out_loss 25.017850875854492
Test Epoch155 layer1 out_loss 24.951030731201172
Test Epoch155 layer2 out_loss 25.003070831298828
Test Epoch155 layer3 out_loss 27.432357788085938
[[3.63045450e+03 1.63085958e-01]
 [2.74048116e-03 1.38728377e-01]
 [2.99075770e-03 1.27554085e-01]
 [1.00427171e-02 1.55660802e-01]]
Train Epoch156 out_loss 39.61685562133789
Test Epoch156 layer0 out_loss 24.984560012817383
Test Epoch156 layer1 out_loss 25.021121978759766
Test Epoch156 layer2 out_loss 25.413196563720703
Test Epoch156 layer3 out_loss 35.13142395019531
[[3.59987869e+03 1.86528191e-01]
 [3.83860205e-03 1.50564605e-01]
 [4.37460688e-03 1.30728285e-01]
 [1.04709404e-02 1.48067617e-01]]
Train Epoch157 out_loss 31.51216697692871
Test Epoch157 layer0 out_loss 25.106578826904297
Test Epoch157 layer1 out_loss 24.985811233520508
Test Epoch157 layer2 out_loss 24.955154418945312
Test Epoch157 layer3 out_loss 40.57185363769531
[[3.57545718e+03 1.86425637e-01]
 [3.69209837e-03 1.48880810e-01]
 [4.86346777e-03 1.28764464e-01]
 [1.18925489e-02 1.67129511e-01]]
Train Epoch158 out_loss 39.20207214355469
Test Epoch158 layer0 out_loss 24.933359146118164
Test Epoch158 layer1 out_loss 25.049779891967773
Test Epoch158 layer2 out_loss 25.079816818237305
Test Epoch158 layer3 out_loss 25.514663696289062
[[3.59860297e+03 1.81044985e-01]
 [3.00358332e-03 1.50600305e-01]
 [6.19180501e-03 1.31533214e-01]
 [1.24582913e-02 1.52001545e-01]]
Train Epoch159 out_loss 37.04206466674805
Test Epoch159 layer0 out_loss 25.35935401916504
Test Epoch159 layer1 out_loss 25.078170776367188
Test Epoch159 layer2 out_loss 25.557607650756836
Test Epoch159 layer3 out_loss 41.259193420410156
[[3.54956842e+03 1.78250205e-01]
 [3.45477744e-03 1.46248879e-01]
 [7.86278577e-03 1.33172942e-01]
 [1.26648617e-02 1.55760380e-01]]
Train Epoch160 out_loss 35.36253356933594
Test Epoch160 layer0 out_loss 24.94933319091797
Test Epoch160 layer1 out_loss 25.061323165893555
Test Epoch160 layer2 out_loss 25.024459838867188
Test Epoch160 layer3 out_loss 25.82552719116211
[[3.52342361e+03 1.87060423e-01]
 [3.00200282e-03 1.49744359e-01]
 [7.20476621e-03 1.39721721e-01]
 [1.36487976e-02 1.47935688e-01]]
Train Epoch161 out_loss 28.31300926208496
Test Epoch161 layer0 out_loss 25.305007934570312
Test Epoch161 layer1 out_loss 24.986927032470703
Test Epoch161 layer2 out_loss 25.20261001586914
Test Epoch161 layer3 out_loss 24.937847137451172
[[3.50123889e+03 1.78800412e-01]
 [1.97529483e-03 1.47359725e-01]
 [5.14196628e-03 1.40308511e-01]
 [1.16236230e-02 1.51103536e-01]]
Train Epoch162 out_loss 28.62251091003418
Test Epoch162 layer0 out_loss 24.938201904296875
Test Epoch162 layer1 out_loss 24.979829788208008
Test Epoch162 layer2 out_loss 24.96421241760254
Test Epoch162 layer3 out_loss 26.513046264648438
[[3.46622195e+03 1.76580215e-01]
 [1.71457099e-03 1.46637451e-01]
 [4.24054780e-03 1.36534875e-01]
 [8.72215797e-03 1.47048093e-01]]
Train Epoch163 out_loss 27.910371780395508
Test Epoch163 layer0 out_loss 25.093273162841797
Test Epoch163 layer1 out_loss 25.002113342285156
Test Epoch163 layer2 out_loss 24.95882225036621
Test Epoch163 layer3 out_loss 25.06843376159668
[[3.45007361e+03 1.72683176e-01]
 [1.55211067e-03 1.46439526e-01]
 [3.22806538e-03 1.32086021e-01]
 [6.76320243e-03 1.42077172e-01]]
Train Epoch164 out_loss 28.984416961669922
Test Epoch164 layer0 out_loss 25.051271438598633
Test Epoch164 layer1 out_loss 25.03575897216797
Test Epoch164 layer2 out_loss 25.22490119934082
Test Epoch164 layer3 out_loss 29.07372283935547
[[3.40303217e+03 1.72024095e-01]
 [1.32815244e-03 1.47447496e-01]
 [2.42470056e-03 1.29389164e-01]
 [5.63638541e-03 1.44395065e-01]]
Train Epoch165 out_loss 30.771621704101562
Test Epoch165 layer0 out_loss 24.97049903869629
Test Epoch165 layer1 out_loss 25.010873794555664
Test Epoch165 layer2 out_loss 25.053688049316406
Test Epoch165 layer3 out_loss 24.942190170288086
[[3.40941061e+03 1.83330609e-01]
 [2.02176000e-03 1.51479561e-01]
 [2.62246662e-03 1.32374176e-01]
 [5.58159855e-03 1.41783684e-01]]
Train Epoch166 out_loss 28.012069702148438
Test Epoch166 layer0 out_loss 25.55975914001465
Test Epoch166 layer1 out_loss 25.27179718017578
Test Epoch166 layer2 out_loss 25.045637130737305
Test Epoch166 layer3 out_loss 25.657608032226562
[[3.36868929e+03 1.97677957e-01]
 [3.35547025e-03 1.61869986e-01]
 [3.88971297e-03 1.34033426e-01]
 [6.97029318e-03 1.45473320e-01]]
Train Epoch167 out_loss 28.618724822998047
Test Epoch167 layer0 out_loss 24.945995330810547
Test Epoch167 layer1 out_loss 24.98162841796875
Test Epoch167 layer2 out_loss 25.130172729492188
Test Epoch167 layer3 out_loss 24.961694717407227
[[3.33421811e+03 2.06278075e-01]
 [5.68121654e-03 1.61162546e-01]
 [5.68158575e-03 1.36035423e-01]
 [9.64256236e-03 1.42020378e-01]]
Train Epoch168 out_loss 30.77254295349121
Test Epoch168 layer0 out_loss 25.35287857055664
Test Epoch168 layer1 out_loss 25.034269332885742
Test Epoch168 layer2 out_loss 25.10397720336914
Test Epoch168 layer3 out_loss 29.67076301574707
[[3.31822952e+03 2.13442473e-01]
 [8.42205394e-03 1.61064595e-01]
 [8.10980058e-03 1.40398530e-01]
 [1.32653029e-02 1.47980388e-01]]
Train Epoch169 out_loss 30.161640167236328
Test Epoch169 layer0 out_loss 24.935768127441406
Test Epoch169 layer1 out_loss 25.030864715576172
Test Epoch169 layer2 out_loss 25.079212188720703
Test Epoch169 layer3 out_loss 25.134611129760742
[[3.32679422e+03 2.20452931e-01]
 [8.68631440e-03 1.63799699e-01]
 [1.05316595e-02 1.46461269e-01]
 [1.85672543e-02 1.53588103e-01]]
Train Epoch170 out_loss 30.353126525878906
Test Epoch170 layer0 out_loss 25.191518783569336
Test Epoch170 layer1 out_loss 24.98198890686035
Test Epoch170 layer2 out_loss 24.958707809448242
Test Epoch170 layer3 out_loss 29.9107723236084
[[3.27943134e+03 2.00038066e-01]
 [5.89582650e-03 1.60158413e-01]
 [1.33919889e-02 1.48769369e-01]
 [2.13726019e-02 1.50210297e-01]]
Train Epoch171 out_loss 28.633378982543945
Test Epoch171 layer0 out_loss 24.93341636657715
Test Epoch171 layer1 out_loss 24.984275817871094
Test Epoch171 layer2 out_loss 25.35566520690918
Test Epoch171 layer3 out_loss 25.929515838623047
[[3.26291199e+03 1.93867769e-01]
 [5.31340943e-03 1.62253158e-01]
 [1.43350603e-02 1.45418741e-01]
 [2.05126160e-02 1.54209659e-01]]
Train Epoch172 out_loss 28.598960876464844
Test Epoch172 layer0 out_loss 25.151798248291016
Test Epoch172 layer1 out_loss 25.01260757446289
Test Epoch172 layer2 out_loss 24.93341064453125
Test Epoch172 layer3 out_loss 25.74846076965332
[[3.24287910e+03 1.93526212e-01]
 [5.26123559e-03 1.58718865e-01]
 [1.13277650e-02 1.44661551e-01]
 [2.22098918e-02 1.59139555e-01]]
Train Epoch173 out_loss 31.716552734375
Test Epoch173 layer0 out_loss 24.936418533325195
Test Epoch173 layer1 out_loss 24.9481258392334
Test Epoch173 layer2 out_loss 26.082399368286133
Test Epoch173 layer3 out_loss 36.55849075317383
[[3.21359438e+03 1.93750670e-01]
 [4.76474114e-03 1.59360269e-01]
 [1.00666938e-02 1.45807946e-01]
 [2.00740511e-02 1.67735122e-01]]
Train Epoch174 out_loss 36.454593658447266
Test Epoch174 layer0 out_loss 25.042978286743164
Test Epoch174 layer1 out_loss 24.980371475219727
Test Epoch174 layer2 out_loss 25.255788803100586
Test Epoch174 layer3 out_loss 32.0499153137207
[[3.19641690e+03 1.92302242e-01]
 [2.89203250e-03 1.62957743e-01]
 [8.50884907e-03 1.45759840e-01]
 [1.55562288e-02 1.69231426e-01]]
Train Epoch175 out_loss 30.290348052978516
Test Epoch175 layer0 out_loss 25.024845123291016
Test Epoch175 layer1 out_loss 25.023256301879883
Test Epoch175 layer2 out_loss 25.44092559814453
Test Epoch175 layer3 out_loss 33.15553283691406
[[3.17311534e+03 1.88288001e-01]
 [2.12434631e-03 1.60536315e-01]
 [5.73690684e-03 1.42260732e-01]
 [1.27303068e-02 1.58581705e-01]]
Train Epoch176 out_loss 29.936655044555664
Test Epoch176 layer0 out_loss 24.93766212463379
Test Epoch176 layer1 out_loss 24.95700454711914
Test Epoch176 layer2 out_loss 25.076011657714844
Test Epoch176 layer3 out_loss 24.936357498168945
[[3.13951996e+03 2.06237018e-01]
 [2.02410051e-03 1.64905645e-01]
 [3.92675016e-03 1.42331576e-01]
 [8.81458743e-03 1.60295930e-01]]
Train Epoch177 out_loss 28.194992065429688
Test Epoch177 layer0 out_loss 25.270524978637695
Test Epoch177 layer1 out_loss 25.006500244140625
Test Epoch177 layer2 out_loss 25.129817962646484
Test Epoch177 layer3 out_loss 25.330629348754883
[[3.14812328e+03 2.00268403e-01]
 [2.49465619e-03 1.62562130e-01]
 [3.43527307e-03 1.40526943e-01]
 [7.58789724e-03 1.56649392e-01]]
Train Epoch178 out_loss 28.15505599975586
Test Epoch178 layer0 out_loss 25.034080505371094
Test Epoch178 layer1 out_loss 24.938289642333984
Test Epoch178 layer2 out_loss 24.93770408630371
Test Epoch178 layer3 out_loss 27.665130615234375
[[3.12402531e+03 2.29763078e-01]
 [3.36596917e-03 1.71504680e-01]
 [3.23527324e-03 1.41522557e-01]
 [6.93524722e-03 1.55731656e-01]]
Train Epoch179 out_loss 29.774906158447266
Test Epoch179 layer0 out_loss 25.69622802734375
Test Epoch179 layer1 out_loss 25.23360252380371
Test Epoch179 layer2 out_loss 25.05148696899414
Test Epoch179 layer3 out_loss 24.988231658935547
[[3.07932205e+03 2.10418515e-01]
 [4.97692893e-03 1.71828609e-01]
 [4.10795302e-03 1.43330248e-01]
 [8.22175469e-03 1.56589644e-01]]
Train Epoch180 out_loss 34.0186653137207
Test Epoch180 layer0 out_loss 25.007455825805664
Test Epoch180 layer1 out_loss 24.936616897583008
Test Epoch180 layer2 out_loss 25.584928512573242
Test Epoch180 layer3 out_loss 34.229835510253906
[[3.07408878e+03 2.27198025e-01]
 [5.28479449e-03 1.70702962e-01]
 [5.35468373e-03 1.45242970e-01]
 [9.38871433e-03 1.54087901e-01]]
Train Epoch181 out_loss 31.151716232299805
Test Epoch181 layer0 out_loss 25.112831115722656
Test Epoch181 layer1 out_loss 25.054597854614258
Test Epoch181 layer2 out_loss 28.278467178344727
Test Epoch181 layer3 out_loss 27.17046546936035
[[3.05297523e+03 2.21971754e-01]
 [6.07796106e-03 1.68914225e-01]
 [6.75527437e-03 1.47870490e-01]
 [1.03653085e-02 1.72775131e-01]]
Train Epoch182 out_loss 38.814697265625
Test Epoch182 layer0 out_loss 24.934396743774414
Test Epoch182 layer1 out_loss 24.93468475341797
Test Epoch182 layer2 out_loss 28.11687469482422
Test Epoch182 layer3 out_loss 27.433984756469727
[[3.03835956e+03 2.20012825e-01]
 [6.11841772e-03 1.67724069e-01]
 [6.74499659e-03 1.45616059e-01]
 [1.21492237e-02 1.53784973e-01]]
Train Epoch183 out_loss 29.45258331298828
Test Epoch183 layer0 out_loss 24.952701568603516
Test Epoch183 layer1 out_loss 24.967870712280273
Test Epoch183 layer2 out_loss 27.183032989501953
Test Epoch183 layer3 out_loss 29.696550369262695
[[3.04537790e+03 2.30857117e-01]
 [6.37624681e-03 1.73701923e-01]
 [6.86588435e-03 1.52626291e-01]
 [1.19024686e-02 1.66677590e-01]]
Train Epoch184 out_loss 36.05291748046875
Test Epoch184 layer0 out_loss 25.2563533782959
Test Epoch184 layer1 out_loss 25.07952880859375
Test Epoch184 layer2 out_loss 24.997268676757812
Test Epoch184 layer3 out_loss 32.52003860473633
[[3.06710306e+03 2.19791392e-01]
 [5.85244619e-03 1.75952638e-01]
 [6.92316127e-03 1.46204632e-01]
 [1.16445437e-02 1.56827932e-01]]
Train Epoch185 out_loss 30.354000091552734
Test Epoch185 layer0 out_loss 25.253992080688477
Test Epoch185 layer1 out_loss 25.017597198486328
Test Epoch185 layer2 out_loss 25.783958435058594
Test Epoch185 layer3 out_loss 25.351158142089844
[[2.99987816e+03 2.36650299e-01]
 [3.49205892e-03 1.81594187e-01]
 [6.50394388e-03 1.49864942e-01]
 [1.27981507e-02 1.60587544e-01]]
Train Epoch186 out_loss 29.809106826782227
Test Epoch186 layer0 out_loss 25.520648956298828
Test Epoch186 layer1 out_loss 25.279521942138672
Test Epoch186 layer2 out_loss 25.515411376953125
Test Epoch186 layer3 out_loss 32.98640441894531
[[2.99669032e+03 2.35952809e-01]
 [2.68692352e-03 1.74488209e-01]
 [6.16105460e-03 1.44659708e-01]
 [1.13843312e-02 1.60487192e-01]]
Train Epoch187 out_loss 30.339122772216797
Test Epoch187 layer0 out_loss 25.055288314819336
Test Epoch187 layer1 out_loss 24.935152053833008
Test Epoch187 layer2 out_loss 24.950199127197266
Test Epoch187 layer3 out_loss 25.335494995117188
[[2.97319649e+03 2.42112814e-01]
 [3.72180877e-03 1.74299777e-01]
 [4.91071289e-03 1.49039125e-01]
 [1.25599743e-02 1.54481987e-01]]
Train Epoch188 out_loss 27.651473999023438
Test Epoch188 layer0 out_loss 25.312824249267578
Test Epoch188 layer1 out_loss 25.08696174621582
Test Epoch188 layer2 out_loss 25.05600357055664
Test Epoch188 layer3 out_loss 24.933277130126953
[[2.95635928e+03 2.34942369e-01]
 [2.60432929e-03 1.74129741e-01]
 [4.60555987e-03 1.44983508e-01]
 [9.36712406e-03 1.58462474e-01]]
Train Epoch189 out_loss 32.47370147705078
Test Epoch189 layer0 out_loss 24.936504364013672
Test Epoch189 layer1 out_loss 24.955461502075195
Test Epoch189 layer2 out_loss 25.481740951538086
Test Epoch189 layer3 out_loss 35.892852783203125
[[2.95116846e+03 2.30577135e-01]
 [2.80202694e-03 1.68056531e-01]
 [4.44812520e-03 1.39913686e-01]
 [9.27395746e-03 1.58497000e-01]]
Train Epoch190 out_loss 34.61281204223633
Test Epoch190 layer0 out_loss 24.933605194091797
Test Epoch190 layer1 out_loss 24.933500289916992
Test Epoch190 layer2 out_loss 25.748775482177734
Test Epoch190 layer3 out_loss 27.183666229248047
[[2.92729889e+03 2.27791151e-01]
 [3.21354911e-03 1.69996692e-01]
 [4.00700362e-03 1.42334640e-01]
 [9.02319793e-03 1.52669726e-01]]
Train Epoch191 out_loss 28.07193946838379
Test Epoch191 layer0 out_loss 24.99919891357422
Test Epoch191 layer1 out_loss 24.950780868530273
Test Epoch191 layer2 out_loss 25.057634353637695
Test Epoch191 layer3 out_loss 24.95409393310547
[[2.92333395e+03 2.29186822e-01]
 [2.65325645e-03 1.69198856e-01]
 [4.37182139e-03 1.44766714e-01]
 [9.81254480e-03 1.55399641e-01]]
Train Epoch192 out_loss 28.300674438476562
Test Epoch192 layer0 out_loss 24.95245933532715
Test Epoch192 layer1 out_loss 24.94084358215332
Test Epoch192 layer2 out_loss 24.962106704711914
Test Epoch192 layer3 out_loss 26.522083282470703
[[2.90709149e+03 2.26100441e-01]
 [1.86019698e-03 1.69293091e-01]
 [4.34010071e-03 1.45017862e-01]
 [8.45353765e-03 1.51941875e-01]]
Train Epoch193 out_loss 28.715375900268555
Test Epoch193 layer0 out_loss 25.16379737854004
Test Epoch193 layer1 out_loss 24.961021423339844
Test Epoch193 layer2 out_loss 25.41164779663086
Test Epoch193 layer3 out_loss 26.937606811523438
[[2.89092844e+03 2.17961386e-01]
 [1.92079577e-03 1.66524179e-01]
 [3.83739389e-03 1.39163807e-01]
 [7.72772229e-03 1.47812072e-01]]
Train Epoch194 out_loss 28.33283042907715
Test Epoch194 layer0 out_loss 24.934709548950195
Test Epoch194 layer1 out_loss 24.966705322265625
Test Epoch194 layer2 out_loss 24.93350601196289
Test Epoch194 layer3 out_loss 25.422454833984375
[[2.86358011e+03 2.24087220e-01]
 [1.84782791e-03 1.68297479e-01]
 [3.46165462e-03 1.43676627e-01]
 [6.25913835e-03 1.49931545e-01]]
Train Epoch195 out_loss 28.067018508911133
Test Epoch195 layer0 out_loss 24.962350845336914
Test Epoch195 layer1 out_loss 24.93435287475586
Test Epoch195 layer2 out_loss 26.05883026123047
Test Epoch195 layer3 out_loss 24.991966247558594
[[2.89589380e+03 2.25018347e-01]
 [1.33075791e-03 1.69778081e-01]
 [3.61361995e-03 1.41619083e-01]
 [5.74746245e-03 1.48457985e-01]]
Train Epoch196 out_loss 28.391185760498047
Test Epoch196 layer0 out_loss 24.973621368408203
Test Epoch196 layer1 out_loss 25.007678985595703
Test Epoch196 layer2 out_loss 25.152694702148438
Test Epoch196 layer3 out_loss 25.345029830932617
[[2.84278004e+03 2.17785439e-01]
 [1.30856791e-03 1.67196665e-01]
 [3.37685714e-03 1.39863627e-01]
 [4.70295912e-03 1.46648891e-01]]
Train Epoch197 out_loss 28.62458610534668
Test Epoch197 layer0 out_loss 24.990768432617188
Test Epoch197 layer1 out_loss 24.96368980407715
Test Epoch197 layer2 out_loss 25.237869262695312
Test Epoch197 layer3 out_loss 25.52422332763672
[[2.83498862e+03 2.17026567e-01]
 [9.38465433e-04 1.67462284e-01]
 [2.62783162e-03 1.37689536e-01]
 [3.58955329e-03 1.47116080e-01]]
Train Epoch198 out_loss 28.03843879699707
Test Epoch198 layer0 out_loss 24.934816360473633
Test Epoch198 layer1 out_loss 24.939476013183594
Test Epoch198 layer2 out_loss 25.741920471191406
Test Epoch198 layer3 out_loss 24.9522705078125
[[2.82697325e+03 2.17582010e-01]
 [6.55120224e-04 1.66827472e-01]
 [1.94660027e-03 1.34049558e-01]
 [2.64777694e-03 1.43154159e-01]]
Train Epoch199 out_loss 28.0037841796875
Test Epoch199 layer0 out_loss 25.1571102142334
Test Epoch199 layer1 out_loss 25.032806396484375
Test Epoch199 layer2 out_loss 25.813871383666992
Test Epoch199 layer3 out_loss 25.288597106933594
Figure(640x480)
Figure(640x480)
Figure(640x480)
