Load ckpt from ./ckpt/mask6//kdd99/kdd99_linearal_l15_m6.pt
layer_mask {6}
Start Training
gc 9
[[4.76490295e+03 3.37883029e+00]
 [1.27204032e-03 2.08200421e+00]
 [1.97892968e-05 1.83312908e+00]
 [4.17434986e-06 1.37928245e+00]
 [6.92825673e-06 1.21920232e+00]
 [3.38859376e-04 9.98660699e-01]
 [2.25830175e+01 2.16143076e+01]
 [1.05995161e+03 1.05068714e+03]
 [8.83386464e+02 7.39118720e+02]
 [6.15467876e+02 6.93915402e+02]
 [6.22473391e+02 4.96959942e+02]
 [5.16777799e+02 4.56491708e+02]
 [5.56480631e+02 4.55232596e+02]
 [5.00394804e+02 4.38345445e+02]
 [3.95843203e+02 3.48233933e+02]]
Train Epoch0 Acc 0.002103424709545144 (831/395070), AUC 0.483537882566452
Test Epoch0 layer0 Acc 0.9957275341189811, AUC 0.9945898056030273
Test Epoch0 layer1 Acc 0.9968715830397279, AUC 0.9957563877105713
Test Epoch0 layer2 Acc 0.9970133236139797, AUC 0.9961090087890625
Test Epoch0 layer3 Acc 0.9971550641882315, AUC 0.9961979389190674
Test Epoch0 layer4 Acc 0.9973474263961447, AUC 0.997122585773468
Test Epoch0 layer5 Acc 0.997398048029806, AUC 0.9969140887260437
Test Epoch0 layer6 Acc 0.9968108370793343, AUC 0.9937863945960999
Save ckpt to ./ckpt/mask7//kdd99/kdd99_linearal_l15_m7.pt  ,ep 0
Test Epoch0 layer7 Acc 0.2174604138824768, AUC 0.5794989466667175
Test Epoch0 layer8 Acc 0.0006074596039363382, AUC 0.38194140791893005
Test Epoch0 layer9 Acc 0.00452557404932572, AUC 0.36263418197631836
Test Epoch0 layer10 Acc 0.21733892196168955, AUC 0.3268911838531494
Test Epoch0 layer11 Acc 0.21707568946665046, AUC 0.30698639154434204
Test Epoch0 layer12 Acc 0.21872595472401085, AUC 0.52497398853302
Test Epoch0 layer13 Acc 0.001366784108856761, AUC 0.4350689649581909
Test Epoch0 layer14 Acc 0.002105859960312639, AUC 0.4876989424228668
gc 0
[[4.76490314e+03 3.37765589e+00]
 [1.27202174e-03 2.08087301e+00]
 [1.97914667e-05 1.83200131e+00]
 [4.17431132e-06 1.37783436e+00]
 [6.92818774e-06 1.21797084e+00]
 [3.38855648e-04 9.97436474e-01]
 [1.41276682e-01 1.26244767e+00]
 [1.05941748e+03 1.05490708e+03]
 [8.82147138e+02 7.50706049e+02]
 [6.13000946e+02 7.02828974e+02]
 [6.26872571e+02 4.97150332e+02]
 [5.18000718e+02 4.61150156e+02]
 [5.57924334e+02 4.55872332e+02]
 [5.08533584e+02 4.46743572e+02]
 [3.97490798e+02 3.55860885e+02]]
Train Epoch1 Acc 0.002100893512542081 (830/395070), AUC 0.482037752866745
Test Epoch1 layer0 Acc 0.9957275341189811, AUC 0.9945898056030273
Test Epoch1 layer1 Acc 0.9968715830397279, AUC 0.9957563877105713
Test Epoch1 layer2 Acc 0.9970133236139797, AUC 0.9961090087890625
Test Epoch1 layer3 Acc 0.9971550641882315, AUC 0.9961979389190674
Test Epoch1 layer4 Acc 0.9973474263961447, AUC 0.997122585773468
Test Epoch1 layer5 Acc 0.997398048029806, AUC 0.9969140887260437
Test Epoch1 layer6 Acc 0.9970740695743733, AUC 0.9964305758476257
Save ckpt to ./ckpt/mask7//kdd99/kdd99_linearal_l15_m7.pt  ,ep 1
Test Epoch1 layer7 Acc 0.21748066253594137, AUC 0.5868821144104004
Test Epoch1 layer8 Acc 0.000597335277204066, AUC 0.38067084550857544
Test Epoch1 layer9 Acc 0.004414206455270724, AUC 0.4308812916278839
Test Epoch1 layer10 Acc 0.21718705706070546, AUC 0.30421480536460876
Test Epoch1 layer11 Acc 0.21708581379338274, AUC 0.3786659240722656
Test Epoch1 layer12 Acc 0.21945490624873445, AUC 0.5401784181594849
Test Epoch1 layer13 Acc 0.0013971570890535779, AUC 0.45815345644950867
Test Epoch1 layer14 Acc 0.002105859960312639, AUC 0.4953215420246124
gc 0
[[4.76490295e+03 3.37656597e+00]
 [1.27205875e-03 2.07995475e+00]
 [1.97892915e-05 1.83081207e+00]
 [4.17440385e-06 1.37674855e+00]
 [6.92833845e-06 1.21688451e+00]
 [3.38850291e-04 9.96295781e-01]
 [1.48164703e-02 1.07154096e+00]
 [1.05699195e+03 1.05968866e+03]
 [8.82839200e+02 7.53881184e+02]
 [6.16711064e+02 7.02242772e+02]
 [6.34616212e+02 4.98546429e+02]
 [5.20802917e+02 4.64738431e+02]
 [5.64849849e+02 4.59395525e+02]
 [5.10704396e+02 4.47720652e+02]
 [3.99372413e+02 3.58228111e+02]]
Train Epoch2 Acc 0.002100893512542081 (830/395070), AUC 0.49548444151878357
Test Epoch2 layer0 Acc 0.9957275341189811, AUC 0.9945898056030273
Test Epoch2 layer1 Acc 0.9968715830397279, AUC 0.9957563877105713
Test Epoch2 layer2 Acc 0.9970133236139797, AUC 0.9961090087890625
Test Epoch2 layer3 Acc 0.9971550641882315, AUC 0.9961979389190674
Test Epoch2 layer4 Acc 0.9973474263961447, AUC 0.997122585773468
Test Epoch2 layer5 Acc 0.997398048029806, AUC 0.9969140887260437
Test Epoch2 layer6 Acc 0.9973170534159478, AUC 0.9964582920074463
Save ckpt to ./ckpt/mask7//kdd99/kdd99_linearal_l15_m7.pt  ,ep 2
Test Epoch2 layer7 Acc 0.21763252743692543, AUC 0.599655032157898
Test Epoch2 layer8 Acc 0.0013161624751953996, AUC 0.3847624659538269
Test Epoch2 layer9 Acc 0.004272465881018912, AUC 0.4392687976360321
Test Epoch2 layer10 Acc 0.21717693273397318, AUC 0.2991497218608856
Test Epoch2 layer11 Acc 0.2170655651399182, AUC 0.33619993925094604
Test Epoch2 layer12 Acc 0.21945490624873445, AUC 0.5545007586479187
Test Epoch2 layer13 Acc 0.001366784108856761, AUC 0.46146678924560547
Test Epoch2 layer14 Acc 0.002105859960312639, AUC 0.5006047487258911
gc 0
[[4.76490294e+03 3.37657310e+00]
 [1.27202205e-03 2.07996637e+00]
 [1.97892942e-05 1.83082616e+00]
 [4.17430707e-06 1.37676004e+00]
 [6.92820651e-06 1.21689668e+00]
 [3.38861174e-04 9.96299838e-01]
 [1.00086858e-03 1.01100986e+00]
 [1.05518195e+03 1.06103183e+03]
 [8.83733180e+02 7.56845203e+02]
 [6.17985113e+02 6.98026403e+02]
 [6.37146985e+02 4.95819466e+02]
 [5.22053954e+02 4.65999465e+02]
 [5.67030804e+02 4.60433179e+02]
 [5.10136340e+02 4.47967850e+02]
 [3.99746028e+02 3.59967248e+02]]
Train Epoch3 Acc 0.002100893512542081 (830/395070), AUC 0.49588701128959656
Test Epoch3 layer0 Acc 0.9957275341189811, AUC 0.9945898056030273
Test Epoch3 layer1 Acc 0.9968715830397279, AUC 0.9957563877105713
Test Epoch3 layer2 Acc 0.9970133236139797, AUC 0.9961090087890625
Test Epoch3 layer3 Acc 0.9971550641882315, AUC 0.9961979389190674
Test Epoch3 layer4 Acc 0.9973474263961447, AUC 0.997122585773468
Test Epoch3 layer5 Acc 0.997398048029806, AUC 0.9969140887260437
Test Epoch3 layer6 Acc 0.9973777993763415, AUC 0.9969974756240845
Save ckpt to ./ckpt/mask7//kdd99/kdd99_linearal_l15_m7.pt  ,ep 3
Test Epoch3 layer7 Acc 0.21807799781314544, AUC 0.586733341217041
Test Epoch3 layer8 Acc 0.0021159842870449117, AUC 0.38670244812965393
Test Epoch3 layer9 Acc 0.004272465881018912, AUC 0.4208153486251831
Test Epoch3 layer10 Acc 0.21721743004090227, AUC 0.3033216893672943
Test Epoch3 layer11 Acc 0.2170655651399182, AUC 0.35023945569992065
Test Epoch3 layer12 Acc 0.21944478192200217, AUC 0.5474594235420227
Test Epoch3 layer13 Acc 0.0013769084355890334, AUC 0.4853137731552124
Test Epoch3 layer14 Acc 0.002105859960312639, AUC 0.5064758658409119
gc 0
[[4.76490294e+03 3.37655547e+00]
 [1.27204179e-03 2.07994708e+00]
 [1.97892909e-05 1.83081587e+00]
 [4.17436174e-06 1.37674886e+00]
 [6.92828496e-06 1.21688290e+00]
 [3.38853575e-04 9.96296209e-01]
 [2.67607566e-04 9.77046622e-01]
 [1.05337999e+03 1.05768178e+03]
 [8.82633953e+02 7.57703938e+02]
 [6.17637067e+02 6.94393318e+02]
 [6.36670606e+02 4.93749762e+02]
 [5.21781636e+02 4.64943298e+02]
 [5.66502281e+02 4.60272636e+02]
 [5.09748075e+02 4.47696005e+02]
 [3.99400204e+02 3.60530008e+02]]
Train Epoch4 Acc 0.002100893512542081 (830/395070), AUC 0.49859416484832764
Test Epoch4 layer0 Acc 0.9957275341189811, AUC 0.9945898056030273
Test Epoch4 layer1 Acc 0.9968715830397279, AUC 0.9957563877105713
Test Epoch4 layer2 Acc 0.9970133236139797, AUC 0.9961090087890625
Test Epoch4 layer3 Acc 0.9971550641882315, AUC 0.9961979389190674
Test Epoch4 layer4 Acc 0.9973474263961447, AUC 0.997122585773468
Test Epoch4 layer5 Acc 0.997398048029806, AUC 0.9969140887260437
Test Epoch4 layer6 Acc 0.9974081723565383, AUC 0.9970682263374329
Save ckpt to ./ckpt/mask7//kdd99/kdd99_linearal_l15_m7.pt  ,ep 4
Test Epoch4 layer7 Acc 0.21759203012999637, AUC 0.5659484267234802
Test Epoch4 layer8 Acc 0.0024399627424776253, AUC 0.39213797450065613
Test Epoch4 layer9 Acc 0.004312963187948001, AUC 0.40994179248809814
Test Epoch4 layer10 Acc 0.21720730571417002, AUC 0.30147242546081543
Test Epoch4 layer11 Acc 0.2170655651399182, AUC 0.35500890016555786
Test Epoch4 layer12 Acc 0.21942453326853764, AUC 0.5355533957481384
Test Epoch4 layer13 Acc 0.0013769084355890334, AUC 0.48785269260406494
Test Epoch4 layer14 Acc 0.002105859960312639, AUC 0.48858144879341125
gc 0
[[4.76490298e+03 3.37752145e+00]
 [1.27207260e-03 2.08024793e+00]
 [1.97893831e-05 1.83097444e+00]
 [4.17444560e-06 1.37679366e+00]
 [6.92839652e-06 1.21692187e+00]
 [3.38841082e-04 9.96322709e-01]
 [2.69775060e-04 9.56062747e-01]
 [1.05152635e+03 1.05635764e+03]
 [8.81673817e+02 7.59277252e+02]
 [6.17243072e+02 6.93517884e+02]
 [6.36170092e+02 4.94046735e+02]
 [5.21410620e+02 4.63968984e+02]
 [5.65996467e+02 4.60494134e+02]
 [5.09484424e+02 4.48126615e+02]
 [3.99118793e+02 3.60992681e+02]]
Train Epoch5 Acc 0.002103424709545144 (831/395070), AUC 0.4992884695529938
Test Epoch5 layer0 Acc 0.9957275341189811, AUC 0.9945898056030273
Test Epoch5 layer1 Acc 0.9968715830397279, AUC 0.9957563877105713
Test Epoch5 layer2 Acc 0.9970133236139797, AUC 0.9961090087890625
Test Epoch5 layer3 Acc 0.9971550641882315, AUC 0.9961979389190674
Test Epoch5 layer4 Acc 0.9973474263961447, AUC 0.997122585773468
Test Epoch5 layer5 Acc 0.997398048029806, AUC 0.9969140887260437
Test Epoch5 layer6 Acc 0.9973777993763415, AUC 0.9967828989028931
Test Epoch5 layer7 Acc 0.2178350139715709, AUC 0.5703008770942688
Test Epoch5 layer8 Acc 0.00246021139594217, AUC 0.39548662304878235
Test Epoch5 layer9 Acc 0.004292714534483457, AUC 0.4101705849170685
Test Epoch5 layer10 Acc 0.21720730571417002, AUC 0.3030073344707489
Test Epoch5 layer11 Acc 0.2170655651399182, AUC 0.3549481928348541
Test Epoch5 layer12 Acc 0.21896893856558539, AUC 0.5446701645851135
Test Epoch5 layer13 Acc 0.0013769084355890334, AUC 0.4905156195163727
Test Epoch5 layer14 Acc 0.002105859960312639, AUC 0.49053433537483215
gc 0
[[4.76490298e+03 3.37774374e+00]
 [1.27204820e-03 2.08064748e+00]
 [1.97893667e-05 1.83128381e+00]
 [4.17437364e-06 1.37700984e+00]
 [6.92829595e-06 1.21707468e+00]
 [3.38851800e-04 9.96439936e-01]
 [2.76712560e-04 9.41019277e-01]
 [1.04949787e+03 1.05480212e+03]
 [8.80630148e+02 7.61125207e+02]
 [6.16803521e+02 6.94101070e+02]
 [6.35626716e+02 4.95414680e+02]
 [5.21004881e+02 4.63383465e+02]
 [5.65466592e+02 4.60890479e+02]
 [5.09224888e+02 4.49128540e+02]
 [3.98837073e+02 3.61795340e+02]]
Train Epoch6 Acc 0.0020983623155390184 (829/395070), AUC 0.49257132411003113
Test Epoch6 layer0 Acc 0.9957275341189811, AUC 0.9945898056030273
Test Epoch6 layer1 Acc 0.9968715830397279, AUC 0.9957563877105713
Test Epoch6 layer2 Acc 0.9970133236139797, AUC 0.9961090087890625
Test Epoch6 layer3 Acc 0.9971550641882315, AUC 0.9961979389190674
Test Epoch6 layer4 Acc 0.9973474263961447, AUC 0.997122585773468
Test Epoch6 layer5 Acc 0.997398048029806, AUC 0.9969140887260437
Test Epoch6 layer6 Acc 0.997398048029806, AUC 0.997057318687439
Test Epoch6 layer7 Acc 0.21767302474385453, AUC 0.5617058873176575
Test Epoch6 layer8 Acc 0.0016198922771635685, AUC 0.39669913053512573
Test Epoch6 layer9 Acc 0.004363584821609363, AUC 0.39925462007522583
Test Epoch6 layer10 Acc 0.21715668408050864, AUC 0.2794848382472992
Test Epoch6 layer11 Acc 0.21705544081318592, AUC 0.3542972207069397
Test Epoch6 layer12 Acc 0.21865508443688494, AUC 0.5431103110313416
Test Epoch6 layer13 Acc 0.0013870327623213055, AUC 0.4939793646335602
Test Epoch6 layer14 Acc 0.002105859960312639, AUC 0.4894462823867798
gc 0
[[4.76490296e+03 3.37666586e+00]
 [1.27204247e-03 2.08001606e+00]
 [1.97893635e-05 1.83087213e+00]
 [4.17436250e-06 1.37678103e+00]
 [6.92827740e-06 1.21690673e+00]
 [3.38853203e-04 9.96302584e-01]
 [2.57678805e-04 9.28336569e-01]
 [1.04748591e+03 1.05533628e+03]
 [8.79596446e+02 7.63623577e+02]
 [6.16370330e+02 6.96244627e+02]
 [6.35078709e+02 4.98069202e+02]
 [5.20591309e+02 4.62990064e+02]
 [5.64917958e+02 4.62249310e+02]
 [5.08956658e+02 4.50580590e+02]
 [3.98549251e+02 3.62719398e+02]]
Train Epoch7 Acc 0.002103424709545144 (831/395070), AUC 0.4883943498134613
Test Epoch7 layer0 Acc 0.9957275341189811, AUC 0.9945898056030273
Test Epoch7 layer1 Acc 0.9968715830397279, AUC 0.9957563877105713
Test Epoch7 layer2 Acc 0.9970133236139797, AUC 0.9961090087890625
Test Epoch7 layer3 Acc 0.9971550641882315, AUC 0.9961979389190674
Test Epoch7 layer4 Acc 0.9973474263961447, AUC 0.997122585773468
Test Epoch7 layer5 Acc 0.997398048029806, AUC 0.9969140887260437
Test Epoch7 layer6 Acc 0.9974587939901997, AUC 0.9970376491546631
Test Epoch7 layer7 Acc 0.21800712752601953, AUC 0.5607247948646545
Test Epoch7 layer8 Acc 0.0006175839306686105, AUC 0.39767906069755554
Test Epoch7 layer9 Acc 0.004272465881018912, AUC 0.3950346112251282
Test Epoch7 layer10 Acc 0.21719718138743774, AUC 0.2535003423690796
Test Epoch7 layer11 Acc 0.21705544081318592, AUC 0.3627474904060364
Test Epoch7 layer12 Acc 0.21778439233790953, AUC 0.5497457385063171
Test Epoch7 layer13 Acc 0.0014072814157858502, AUC 0.5041557550430298
Test Epoch7 layer14 Acc 0.002105859960312639, AUC 0.4883044958114624
gc 0
[[4.76490295e+03 3.37664287e+00]
 [1.27204851e-03 2.07996137e+00]
 [1.97893093e-05 1.83082598e+00]
 [4.17437529e-06 1.37675876e+00]
 [6.92830089e-06 1.21688874e+00]
 [3.38852623e-04 9.96303629e-01]
 [3.92797152e-05 9.12922984e-01]
 [1.04643134e+03 1.05437513e+03]
 [8.79072935e+02 7.64211902e+02]
 [6.16148049e+02 6.98458883e+02]
 [6.34794632e+02 5.00743870e+02]
 [5.20382507e+02 4.63279436e+02]
 [5.64644271e+02 4.64365058e+02]
 [5.08820036e+02 4.53518603e+02]
 [3.98396412e+02 3.64423728e+02]]
Train Epoch8 Acc 0.0020983623155390184 (829/395070), AUC 0.4857577085494995
Test Epoch8 layer0 Acc 0.9957275341189811, AUC 0.9945898056030273
Test Epoch8 layer1 Acc 0.9968715830397279, AUC 0.9957563877105713
Test Epoch8 layer2 Acc 0.9970133236139797, AUC 0.9961090087890625
Test Epoch8 layer3 Acc 0.9971550641882315, AUC 0.9961979389190674
Test Epoch8 layer4 Acc 0.9973474263961447, AUC 0.997122585773468
Test Epoch8 layer5 Acc 0.997398048029806, AUC 0.9969140887260437
Test Epoch8 layer6 Acc 0.997398048029806, AUC 0.9971177577972412
Save ckpt to ./ckpt/mask7//kdd99/kdd99_linearal_l15_m7.pt  ,ep 8
Test Epoch8 layer7 Acc 0.21796663021909043, AUC 0.5477109551429749
Test Epoch8 layer8 Acc 0.0006074596039363382, AUC 0.39688366651535034
Test Epoch8 layer9 Acc 0.004272465881018912, AUC 0.3842359781265259
Test Epoch8 layer10 Acc 0.2170655651399182, AUC 0.25548967719078064
Test Epoch8 layer11 Acc 0.21705544081318592, AUC 0.3637208044528961
Test Epoch8 layer12 Acc 0.2174604138824768, AUC 0.5432205200195312
Test Epoch8 layer13 Acc 0.0014072814157858502, AUC 0.5112960934638977
Test Epoch8 layer14 Acc 0.002105859960312639, AUC 0.4897646903991699
gc 0
[[4.76490294e+03 3.37673417e+00]
 [1.27203636e-03 2.08012187e+00]
 [1.97892909e-05 1.83097455e+00]
 [4.17434781e-06 1.37687136e+00]
 [6.92826658e-06 1.21699405e+00]
 [3.38854918e-04 9.96365446e-01]
 [6.68609683e-05 9.07533399e-01]
 [1.04597973e+03 1.05689548e+03]
 [8.78843164e+02 7.66601773e+02]
 [6.16049654e+02 7.00997303e+02]
 [6.34674836e+02 5.03250992e+02]
 [5.20289320e+02 4.63740764e+02]
 [5.64522820e+02 4.65908317e+02]
 [5.08756276e+02 4.55030557e+02]
 [3.98331690e+02 3.65406835e+02]]
Train Epoch9 Acc 0.0020983623155390184 (829/395070), AUC 0.4901888966560364
Test Epoch9 layer0 Acc 0.9957275341189811, AUC 0.9945898056030273
Test Epoch9 layer1 Acc 0.9968715830397279, AUC 0.9957563877105713
Test Epoch9 layer2 Acc 0.9970133236139797, AUC 0.9961090087890625
Test Epoch9 layer3 Acc 0.9971550641882315, AUC 0.9961979389190674
Test Epoch9 layer4 Acc 0.9973474263961447, AUC 0.997122585773468
Test Epoch9 layer5 Acc 0.997398048029806, AUC 0.9969140887260437
Test Epoch9 layer6 Acc 0.9974284210100028, AUC 0.9969427585601807
Test Epoch9 layer7 Acc 0.21773377070424818, AUC 0.5406198501586914
Test Epoch9 layer8 Acc 0.0006074596039363382, AUC 0.39649829268455505
Test Epoch9 layer9 Acc 0.004272465881018912, AUC 0.37911126017570496
Test Epoch9 layer10 Acc 0.21685295427854048, AUC 0.25724202394485474
Test Epoch9 layer11 Acc 0.21707568946665046, AUC 0.3684227168560028
Test Epoch9 layer12 Acc 0.2174604138824768, AUC 0.5403656363487244
Test Epoch9 layer13 Acc 0.0014072814157858502, AUC 0.5137505531311035
Test Epoch9 layer14 Acc 0.002105859960312639, AUC 0.49758949875831604
Best AUC 0.9971177577972412
train_loss (2, 15, 10)
valid_acc (15, 10)
valid_AUC (15, 10)
train_acc (10,)
Figure(640x480)
Figure(640x480)
Figure(640x480)
Figure(640x480)
Start Testing
Load ckpt at ./ckpt/mask7//kdd99/kdd99_linearal_l15_m7.pt
[[56136     0    22     0     0     0     0     0     0     0     0]
 [    0 21439     2     0     0     0     0     0     0     0     0]
 [    6     1 19420    13     0     9     0     7     0     0     0]
 [    0     0    16   425     0     0     0     0     0     0     0]
 [    2     0    39     0   277     0     0     0     0     0     0]
 [    0     0    31     0     0   219     0     0     0     0     0]
 [    0    24    15     0     0     0   169     0     0     0     0]
 [    0     0   129     3     0     0     0    72     0     0     0]
 [    0     0     3     0     0     0     0     0   193     0     0]
 [    0     2    30     0     0    20     0     1     0     0     0]
 [    0    18    29     0     0     0     0     0     0     0     0]]
Figure(640x480)
[[56150     0     8     0     0     0     0     0     0     0     0]
 [    0 21439     2     0     0     0     0     0     0     0     0]
 [   16     0 19416    10     0     7     0     7     0     0     0]
 [    0     0    16   425     0     0     0     0     0     0     0]
 [    7     0    34     0   277     0     0     0     0     0     0]
 [    0     0    28     0     0   219     1     2     0     0     0]
 [    0    14    15     0     0     0   179     0     0     0     0]
 [    0     0    57     0     0     0     0   147     0     0     0]
 [    0     1     1     0     0     0     0     0   194     0     0]
 [    6     2    23     0     0    13     0     2     7     0     0]
 [    0     0    29     0     0     1     0     0     0     0    17]]
Figure(640x480)
[[56150     0     8     0     0     0     0     0     0     0     0]
 [    0 21439     2     0     0     0     0     0     0     0     0]
 [   16     0 19419    10     0     6     0     5     0     0     0]
 [    0     0    16   425     0     0     0     0     0     0     0]
 [    7     0    34     0   277     0     0     0     0     0     0]
 [    0     0    25     0     0   219     1     5     0     0     0]
 [    0    13    13     0     0     0   182     0     0     0     0]
 [    0     0    46     0     0     0     0   158     0     0     0]
 [    0     1     1     0     0     0     0     0   194     0     0]
 [    1     2    23     0     0    18     0     2     7     0     0]
 [    0     1    32     0     0     0     0     0     0     0    14]]
Figure(640x480)
[[56152     0     6     0     0     0     0     0     0     0     0]
 [    0 21439     2     0     0     0     0     0     0     0     0]
 [   17     0 19414    10     0     6     0     9     0     0     0]
 [    0     0    16   425     0     0     0     0     0     0     0]
 [    7     0    33     0   278     0     0     0     0     0     0]
 [    0     0    22     0     0   219     4     5     0     0     0]
 [    0    12    12     0     0     0   184     0     0     0     0]
 [    0     0    36     0     0     0     0   168     0     0     0]
 [    0     0     1     0     1     0     0     0   194     0     0]
 [    0     2    24     0     0    18     0     2     7     0     0]
 [    0     0    29     0     0     0     0     0     0     0    18]]
Figure(640x480)
[[56152     0     6     0     0     0     0     0     0     0     0]
 [    0 21439     2     0     0     0     0     0     0     0     0]
 [   17     1 19415     8     0     5     0    10     0     0     0]
 [    0     0    16   425     0     0     0     0     0     0     0]
 [    6     0    26     0   286     0     0     0     0     0     0]
 [    0     0    22     0     0   224     0     4     0     0     0]
 [    0    10     9     0     0     0   189     0     0     0     0]
 [    0     0    36     0     0     0     0   168     0     0     0]
 [    0     0     1     0     1     0     0     0   194     0     0]
 [    0     3    22     0     0    18     0     2     8     0     0]
 [    0     0    29     0     0     0     0     0     0     0    18]]
Figure(640x480)
[[56152     0     6     0     0     0     0     0     0     0     0]
 [    0 21439     2     0     0     0     0     0     0     0     0]
 [   17     0 19415     8     0     6     0    10     0     0     0]
 [    0     0    16   425     0     0     0     0     0     0     0]
 [    5     0    25     0   288     0     0     0     0     0     0]
 [    0     0    23     0     0   224     0     3     0     0     0]
 [    0     7     8     0     0     0   193     0     0     0     0]
 [    0     0    37     0     0     0     0   167     0     0     0]
 [    0     1     1     0     0     0     0     0   194     0     0]
 [   11     7    12     0     0    14     0     2     7     0     0]
 [    0     0    29     0     0     0     0     0     0     0    18]]
Figure(640x480)
[[56152     0     6     0     0     0     0     0     0     0     0]
 [    0 21439     2     0     0     0     0     0     0     0     0]
 [   17     0 19415     8     0     6     0    10     0     0     0]
 [    0     0    16   425     0     0     0     0     0     0     0]
 [    5     0    24     0   289     0     0     0     0     0     0]
 [    0     0    24     0     0   224     0     2     0     0     0]
 [    0     7     8     0     0     0   193     0     0     0     0]
 [    0     0    37     0     0     0     0   167     0     0     0]
 [    2     0     0     0     1     0     0     0   193     0     0]
 [   22     2    12     0     0    15     0     2     0     0     0]
 [    0     0    29     0     0     0     0     0     0     0    18]]
Figure(640x480)
[[    0    28     0     0 56130     0     0     0     0     0     0]
 [    0 21441     0     0     0     0     0     0     0     0     0]
 [    0 19423     0     6     6     0     0    21     0     0     0]
 [    0   436     0     0     0     0     0     5     0     0     0]
 [    0    14     0     0     4     0     0   300     0     0     0]
 [    0   237     0     0     5     0     0     8     0     0     0]
 [    0     6     0     0     0     0     0    15     0     0   187]
 [    0    11     0   105     4     0     0    84     0     0     0]
 [    0   184     0     0     9     0     0     3     0     0     0]
 [    0     5     0     0    19     0     0    29     0     0     0]
 [    0    29     0     0     0     0     0    18     0     0     0]]
Figure(640x480)
[[    0     0 56100     1     5     0     0    52     0     0     0]
 [    0     0 20426     6     1     0  1008     0     0     0     0]
 [    0     0    10    16 19418     0     0    12     0     0     0]
 [    0     0   197     0   244     0     0     0     0     0     0]
 [    0     0     0     0    37     0     0   281     0     0     0]
 [    0     0   200     0    50     0     0     0     0     0     0]
 [    0     0     0     0   195     0    13     0     0     0     0]
 [    0     0     2    51   151     0     0     0     0     0     0]
 [    0     0     0   192     4     0     0     0     0     0     0]
 [    0     0    19     0    25     0     9     0     0     0     0]
 [    0     0     0     2    29     0    16     0     0     0     0]]
Figure(640x480)
[[    0     0     0     5 56153     0     0     0     0     0     0]
 [    0     0     0    42 21399     0     0     0     0     0     0]
 [   14     0     0 19413    21     2     6     0     0     0     0]
 [   28     0     0   413     0     0     0     0     0     0     0]
 [    7     0     0    16     9     0     0   286     0     0     0]
 [    0     0     0    25     8     0     0     0     0     0   217]
 [   16     0     0     6   186     0     0     0     0     0     0]
 [   28     0     0    11     0   123    42     0     0     0     0]
 [    0     0     0     1   195     0     0     0     0     0     0]
 [    0     0     0    24    29     0     0     0     0     0     0]
 [    0     0     0    32     0     0     0    15     0     0     0]]
Figure(640x480)
[[    0     0     0     0     2 56153     0     3     0     0     0]
 [   27 21412     0     0     1     0     0     1     0     0     0]
 [   35     0     1     1   384    17     0 19018     0     0     0]
 [  425     0     0     0    14     0     0     2     0     0     0]
 [    0   293     0     0    16     5     0     4     0     0     0]
 [    8     0     2     0   236     0     0     4     0     0     0]
 [    0     9     0     0    15   183     0     1     0     0     0]
 [  193     0     0     0     0     0     0    11     0     0     0]
 [    3     0     0     0     0    35   158     0     0     0     0]
 [   19     0    25     0     7     0     0     2     0     0     0]
 [    0    18     0     0    25     0     0     4     0     0     0]]
Figure(640x480)
[[    0 56153     0     0     0     0     5     0     0     0     0]
 [    0 21439     0     0     0     0     2     0     0     0     0]
 [    0 13749     0  2014     0     0  3693     0     0     0     0]
 [    0   441     0     0     0     0     0     0     0     0     0]
 [    0   309     0     2     0     0     7     0     0     0     0]
 [    0   250     0     0     0     0     0     0     0     0     0]
 [    0    19     0   137     1    51     0     0     0     0     0]
 [    0    31     0   120    53     0     0     0     0     0     0]
 [    0     3     0     0   193     0     0     0     0     0     0]
 [    0    53     0     0     0     0     0     0     0     0     0]
 [    0    25     0     1    18     0     3     0     0     0     0]]
Figure(640x480)
[[    0  2302     0     0     0     5 53851     0     0     0     0]
 [    0 21439     0     0     0     2     0     0     0     0     0]
 [    0    50     0     0     0 19405     1     0     0     0     0]
 [    0   427     0     0     0    14     0     0     0     0     0]
 [    0   292     0     0     0    26     0     0     0     0     0]
 [    0    13     0     0     0    40   197     0     0     0     0]
 [    0   196     0     0     0    12     0     0     0     0     0]
 [    0   188     0     0     0    16     0     0     0     0     0]
 [    0   196     0     0     0     0     0     0     0     0     0]
 [    0    51     0     0     0     2     0     0     0     0     0]
 [    0     0     0     0     0    47     0     0     0     0     0]]
Figure(640x480)
[[    1    29     0     0     0     0 56128     0     0     0     0]
 [21436     5     0     0     0     0     0     0     0     0     0]
 [    0 19444     0     7     0     0     5     0     0     0     0]
 [    0   441     0     0     0     0     0     0     0     0     0]
 [    3    21   287     0     2     0     5     0     0     0     0]
 [    0   248     0     2     0     0     0     0     0     0     0]
 [   12    66     0     0     0     0   130     0     0     0     0]
 [    0    42     0   156     0     0     5     1     0     0     0]
 [   10     1     0     0     0     0     0   185     0     0     0]
 [    1    23     0     0     0     0     0    29     0     0     0]
 [    0    47     0     0     0     0     0     0     0     0     0]]
Figure(640x480)
[[    0 56152     0     0     0     0     6     0     0     0     0]
 [    0     0     0     0     0     0 21441     0     0     0     0]
 [    0    17     0     0     3     0 19436     0     0     0     0]
 [    0     0     0     0     1     0   440     0     0     0     0]
 [    0   300     0     0     0     0    18     0     0     0     0]
 [    0     0     0     0     0     0   250     0     0     0     0]
 [    0     0     0     0     0     0   208     0     0     0     0]
 [    0     0     0     0     0     0   204     0     0     0     0]
 [    0   195     0     0     0     0     1     0     0     0     0]
 [    0     9     0     0     0     0    44     0     0     0     0]
 [    0     0     0     0     0     0    47     0     0     0     0]]
Figure(640x480)
