total count words 102019
vocab size 30000
found 26754 words in glove
Load ckpt from ckpt/ag_news_lstmal_l5adf_pad75_t0.2_m3//ag_news_lstmal_l5_prefix.pt
model: LSTMModelML(
  (layers): ModuleList(
    (0): EMBLayer(
      (enc): ENC(
        (b): Sequential(
          (0): Linear(in_features=300, out_features=128, bias=True)
          (1): Tanh()
        )
        (f): Embedding(30000, 300)
        (cri): MSELoss()
      )
      (ae): AE(
        (g): Sequential(
          (0): Linear(in_features=4, out_features=128, bias=True)
          (1): Tanh()
        )
        (h): Sequential(
          (0): Linear(in_features=128, out_features=4, bias=True)
          (1): Sigmoid()
        )
        (cri): CrossEntropyLoss()
      )
    )
    (1): LSTMLayer(
      (enc): ENC(
        (b): Sequential(
          (0): Linear(in_features=300, out_features=128, bias=True)
          (1): Tanh()
        )
        (f): LSTM(300, 300, batch_first=True, bidirectional=True)
        (cri): MSELoss()
      )
      (ae): AE(
        (g): Sequential(
          (0): Linear(in_features=128, out_features=128, bias=True)
          (1): Tanh()
        )
        (h): Sequential(
          (0): Linear(in_features=128, out_features=128, bias=True)
        )
        (cri): MSELoss()
      )
    )
    (2): LSTMLayer(
      (enc): ENC(
        (b): Sequential(
          (0): Linear(in_features=300, out_features=128, bias=True)
          (1): Tanh()
        )
        (f): LSTM(600, 300, batch_first=True, bidirectional=True)
        (cri): MSELoss()
      )
      (ae): AE(
        (g): Sequential(
          (0): Linear(in_features=128, out_features=128, bias=True)
          (1): Tanh()
        )
        (h): Sequential(
          (0): Linear(in_features=128, out_features=128, bias=True)
        )
        (cri): MSELoss()
      )
    )
    (3): LSTMLayer(
      (enc): ENC(
        (b): Sequential(
          (0): Linear(in_features=300, out_features=128, bias=True)
          (1): Tanh()
        )
        (f): LSTM(600, 300, batch_first=True, bidirectional=True)
        (cri): MSELoss()
      )
      (ae): AE(
        (g): Sequential(
          (0): Linear(in_features=128, out_features=128, bias=True)
          (1): Tanh()
        )
        (h): Sequential(
          (0): Linear(in_features=128, out_features=128, bias=True)
        )
        (cri): MSELoss()
      )
    )
    (4): LSTMLayer(
      (enc): ENC(
        (b): Sequential(
          (0): Linear(in_features=300, out_features=128, bias=True)
          (1): Tanh()
        )
        (f): LSTM(600, 300, batch_first=True, bidirectional=True)
        (cri): MSELoss()
      )
      (ae): AE(
        (g): Sequential(
          (0): Linear(in_features=128, out_features=128, bias=True)
          (1): Tanh()
        )
        (h): Sequential(
          (0): Linear(in_features=128, out_features=128, bias=True)
        )
        (cri): MSELoss()
      )
    )
  )
)
layers.0.enc.b.0.weight 38400
layers.0.enc.b.0.bias 128
layers.0.enc.f.weight 9000000
layers.0.ae.g.0.weight 512
layers.0.ae.g.0.bias 128
layers.0.ae.h.0.weight 512
layers.0.ae.h.0.bias 4
layers.1.enc.b.0.weight 38400
layers.1.enc.b.0.bias 128
layers.1.enc.f.weight_ih_l0 360000
layers.1.enc.f.weight_hh_l0 360000
layers.1.enc.f.bias_ih_l0 1200
layers.1.enc.f.bias_hh_l0 1200
layers.1.enc.f.weight_ih_l0_reverse 360000
layers.1.enc.f.weight_hh_l0_reverse 360000
layers.1.enc.f.bias_ih_l0_reverse 1200
layers.1.enc.f.bias_hh_l0_reverse 1200
layers.1.ae.g.0.weight 16384
layers.1.ae.g.0.bias 128
layers.1.ae.h.0.weight 16384
layers.1.ae.h.0.bias 128
layers.2.enc.b.0.weight 38400
layers.2.enc.b.0.bias 128
layers.2.enc.f.weight_ih_l0 720000
layers.2.enc.f.weight_hh_l0 360000
layers.2.enc.f.bias_ih_l0 1200
layers.2.enc.f.bias_hh_l0 1200
layers.2.enc.f.weight_ih_l0_reverse 720000
layers.2.enc.f.weight_hh_l0_reverse 360000
layers.2.enc.f.bias_ih_l0_reverse 1200
layers.2.enc.f.bias_hh_l0_reverse 1200
layers.2.ae.g.0.weight 16384
layers.2.ae.g.0.bias 128
layers.2.ae.h.0.weight 16384
layers.2.ae.h.0.bias 128
layers.3.enc.b.0.weight 38400
layers.3.enc.b.0.bias 128
layers.3.enc.f.weight_ih_l0 720000
layers.3.enc.f.weight_hh_l0 360000
layers.3.enc.f.bias_ih_l0 1200
layers.3.enc.f.bias_hh_l0 1200
layers.3.enc.f.weight_ih_l0_reverse 720000
layers.3.enc.f.weight_hh_l0_reverse 360000
layers.3.enc.f.bias_ih_l0_reverse 1200
layers.3.enc.f.bias_hh_l0_reverse 1200
layers.3.ae.g.0.weight 16384
layers.3.ae.g.0.bias 128
layers.3.ae.h.0.weight 16384
layers.3.ae.h.0.bias 128
layers.4.enc.b.0.weight 38400
layers.4.enc.b.0.bias 128
layers.4.enc.f.weight_ih_l0 720000
layers.4.enc.f.weight_hh_l0 360000
layers.4.enc.f.bias_ih_l0 1200
layers.4.enc.f.bias_hh_l0 1200
layers.4.enc.f.weight_ih_l0_reverse 720000
layers.4.enc.f.weight_hh_l0_reverse 360000
layers.4.enc.f.bias_ih_l0_reverse 1200
layers.4.enc.f.bias_hh_l0_reverse 1200
layers.4.ae.g.0.weight 16384
layers.4.ae.g.0.bias 128
layers.4.ae.h.0.weight 16384
layers.4.ae.h.0.bias 128
Total Trainable Params: 17265092
Start Training
train_mask {0, 1, 2, 3}
gc 9
Train Epoch0 Acc 0.0237 (2844/120000), AUC 0.28531789779663086
ep0_train_time 37.49912905693054
Test Epoch0 threshold 0.2 Acc 0.9110197368421052, AUC 0.9793464541435242, avg_entr 0.012698954902589321
ep0_t0.2_test_time 0.23743391036987305
Save ckpt to ckpt/ag_news_lstmal_l5adf_pad75_t0.2_m4//ag_news_lstmal_l5_prefix.pt  ,ep 0
gc 0
Train Epoch1 Acc 0.021116666666666666 (2534/120000), AUC 0.2688482105731964
ep1_train_time 37.364651918411255
Test Epoch1 threshold 0.2 Acc 0.9138157894736842, AUC 0.9790937900543213, avg_entr 0.013287211768329144
ep1_t0.2_test_time 0.25965332984924316
gc 0
Train Epoch2 Acc 0.020025 (2403/120000), AUC 0.2713373601436615
ep2_train_time 37.09117603302002
Test Epoch2 threshold 0.2 Acc 0.9143092105263158, AUC 0.9788930416107178, avg_entr 0.01305354293435812
ep2_t0.2_test_time 0.24692630767822266
gc 0
Train Epoch3 Acc 0.019433333333333334 (2332/120000), AUC 0.2789241075515747
ep3_train_time 37.297524213790894
Test Epoch3 threshold 0.2 Acc 0.912828947368421, AUC 0.9782992005348206, avg_entr 0.012605016119778156
ep3_t0.2_test_time 0.2401273250579834
gc 0
Train Epoch4 Acc 0.0195 (2340/120000), AUC 0.2890793979167938
ep4_train_time 37.11831736564636
Test Epoch4 threshold 0.2 Acc 0.9110197368421052, AUC 0.9781861305236816, avg_entr 0.012751874513924122
ep4_t0.2_test_time 0.25585198402404785
gc 0
Train Epoch5 Acc 0.017725 (2127/120000), AUC 0.31179025769233704
ep5_train_time 37.23938012123108
Test Epoch5 threshold 0.2 Acc 0.9113486842105263, AUC 0.9775421619415283, avg_entr 0.012695632874965668
ep5_t0.2_test_time 0.2511000633239746
gc 0
Train Epoch6 Acc 0.017625 (2115/120000), AUC 0.3213244676589966
ep6_train_time 37.413509368896484
Test Epoch6 threshold 0.2 Acc 0.9087171052631579, AUC 0.9773815274238586, avg_entr 0.012377124279737473
ep6_t0.2_test_time 0.25573158264160156
gc 0
Train Epoch7 Acc 0.017241666666666666 (2069/120000), AUC 0.3339858651161194
ep7_train_time 37.135701179504395
Test Epoch7 threshold 0.2 Acc 0.9087171052631579, AUC 0.976813793182373, avg_entr 0.012176956981420517
ep7_t0.2_test_time 0.24446439743041992
gc 0
Train Epoch8 Acc 0.015683333333333334 (1882/120000), AUC 0.3322737514972687
ep8_train_time 37.414045095443726
Test Epoch8 threshold 0.2 Acc 0.9077302631578947, AUC 0.9763126969337463, avg_entr 0.011817249469459057
ep8_t0.2_test_time 0.2559363842010498
gc 0
Train Epoch9 Acc 0.014925 (1791/120000), AUC 0.33104196190834045
ep9_train_time 37.26083707809448
Test Epoch9 threshold 0.2 Acc 0.909375, AUC 0.9760533571243286, avg_entr 0.012094959616661072
ep9_t0.2_test_time 0.2563958168029785
Best AUC 0.9793464541435242
train_loss (2, 5, 10)
valid_acc (10, 1)
valid_AUC (10, 1)
train_acc (10,)
Figure(640x480)
Figure(640x480)
Figure(640x480)
Figure(640x480)
Figure(640x480)
Start Testing
Load ckpt at ckpt/ag_news_lstmal_l5adf_pad75_t0.2_m4//ag_news_lstmal_l5_prefix.pt
Test threshold 0.2 Acc 0.9236842105263158, AUC 0.9846991300582886, avg_entr 0.011918418109416962
t0.2_test_time 0.06943178176879883
