total count words 222751
vocab size 30000
train size 40000, test size 10000
found 27937 words in glove
L0f Total Trainable Params: 9000000
L0b Total Trainable Params: 38528
L0ae Total Trainable Params: 642
L1f Total Trainable Params: 90300
L1b Total Trainable Params: 38528
L1ae Total Trainable Params: 33024
L2f Total Trainable Params: 90300
L2b Total Trainable Params: 38528
L2ae Total Trainable Params: 33024
L3f Total Trainable Params: 90300
L3b Total Trainable Params: 38528
L3ae Total Trainable Params: 33024
L4f Total Trainable Params: 90300
L4b Total Trainable Params: 38528
L4ae Total Trainable Params: 33024
init_time 21.652436068
Start Training
gc 0
Train Epoch0 Acc 0.4985 (19940/40000)
ep0_train_time 6.049424752
Test Epoch0 layer0 Acc 0.613
ep0_l0_test_time 1.0836689339999985
Save ckpt to ckpt/imdb_linearal_l5_pad500//imdb_linearal_l5.pt  ,ep 0
Test Epoch0 layer1 Acc 0.502
ep0_l1_test_time 1.0866080810000014
Test Epoch0 layer2 Acc 0.4981
ep0_l2_test_time 1.0894989229999972
Test Epoch0 layer3 Acc 0.495
ep0_l3_test_time 1.102895023000002
Test Epoch0 layer4 Acc 0.495
ep0_l4_test_time 1.1294735900000035
gc 0
Test threshold 0.1 Acc 0.613
t0.1_test_time 1.0983072629999953
data_distribution  [10000, 0, 0, 0, 0]
Save ckpt to ckpt/imdb_linearal_l5_pad500//imdb_linearal_l5.pt  ,ep 0
gc 0
Test threshold 0.2 Acc 0.613
t0.2_test_time 1.1219535319999991
data_distribution  [10000, 0, 0, 0, 0]
Save ckpt to ckpt/imdb_linearal_l5_pad500//imdb_linearal_l5.pt  ,ep 0
gc 0
Test threshold 0.3 Acc 0.613
t0.3_test_time 1.141767498
data_distribution  [10000, 0, 0, 0, 0]
Save ckpt to ckpt/imdb_linearal_l5_pad500//imdb_linearal_l5.pt  ,ep 0
gc 0
Test threshold 0.4 Acc 0.613
t0.4_test_time 1.0964017299999966
data_distribution  [10000, 0, 0, 0, 0]
Save ckpt to ckpt/imdb_linearal_l5_pad500//imdb_linearal_l5.pt  ,ep 0
gc 0
Test threshold 0.5 Acc 0.6189
t0.5_test_time 1.1269170839999987
data_distribution  [9757, 185, 53, 5, 0]
Save ckpt to ckpt/imdb_linearal_l5_pad500//imdb_linearal_l5.pt  ,ep 0
gc 0
Test threshold 0.6 Acc 0.5138
t0.6_test_time 1.1474120670000048
data_distribution  [211, 0, 0, 0, 9789]
gc 0
Test threshold 0.7 Acc 0.495
t0.7_test_time 1.128358200000001
data_distribution  [0, 0, 0, 0, 10000]
gc 0
Test threshold 0.8 Acc 0.495
t0.8_test_time 1.1282353060000005
data_distribution  [0, 0, 0, 0, 10000]
gc 0
Test threshold 0.9 Acc 0.495
t0.9_test_time 1.1111500390000018
data_distribution  [0, 0, 0, 0, 10000]
gc 0
Train Epoch1 Acc 0.516725 (20669/40000)
ep1_train_time 5.664425661999999
Test Epoch1 layer0 Acc 0.8249
ep1_l0_test_time 1.083652751999999
Save ckpt to ckpt/imdb_linearal_l5_pad500//imdb_linearal_l5.pt  ,ep 1
Test Epoch1 layer1 Acc 0.8119
ep1_l1_test_time 1.086079730999998
Test Epoch1 layer2 Acc 0.7983
ep1_l2_test_time 1.0818153000000024
Test Epoch1 layer3 Acc 0.7687
ep1_l3_test_time 1.0867890940000038
Test Epoch1 layer4 Acc 0.6204
ep1_l4_test_time 1.0931528630000003
gc 0
Test threshold 0.1 Acc 0.8249
t0.1_test_time 1.100805495000003
data_distribution  [10000, 0, 0, 0, 0]
Save ckpt to ckpt/imdb_linearal_l5_pad500//imdb_linearal_l5.pt  ,ep 1
gc 0
Test threshold 0.2 Acc 0.8249
t0.2_test_time 1.106071329999999
data_distribution  [10000, 0, 0, 0, 0]
Save ckpt to ckpt/imdb_linearal_l5_pad500//imdb_linearal_l5.pt  ,ep 1
gc 0
Test threshold 0.3 Acc 0.8249
t0.3_test_time 1.0851799650000018
data_distribution  [10000, 0, 0, 0, 0]
Save ckpt to ckpt/imdb_linearal_l5_pad500//imdb_linearal_l5.pt  ,ep 1
gc 0
Test threshold 0.4 Acc 0.8249
t0.4_test_time 1.106925198000006
data_distribution  [10000, 0, 0, 0, 0]
Save ckpt to ckpt/imdb_linearal_l5_pad500//imdb_linearal_l5.pt  ,ep 1
gc 0
Test threshold 0.5 Acc 0.8246
t0.5_test_time 1.1084747140000033
data_distribution  [9961, 38, 1, 0, 0]
gc 0
Test threshold 0.6 Acc 0.8079
t0.6_test_time 1.1202933739999992
data_distribution  [7792, 0, 0, 0, 2208]
gc 0
Test threshold 0.7 Acc 0.7465
t0.7_test_time 1.1259387519999962
data_distribution  [5511, 0, 0, 0, 4489]
gc 0
Test threshold 0.8 Acc 0.665
t0.8_test_time 1.1124708709999993
data_distribution  [3364, 0, 0, 0, 6636]
gc 0
Test threshold 0.9 Acc 0.6227
t0.9_test_time 1.1138080790000089
data_distribution  [1458, 0, 0, 0, 8542]
gc 0
Train Epoch2 Acc 0.8154 (32616/40000)
ep2_train_time 5.640683285000009
Test Epoch2 layer0 Acc 0.8528
ep2_l0_test_time 1.0826002510000023
Save ckpt to ckpt/imdb_linearal_l5_pad500//imdb_linearal_l5.pt  ,ep 2
Test Epoch2 layer1 Acc 0.8627
ep2_l1_test_time 1.0859502499999962
Save ckpt to ckpt/imdb_linearal_l5_pad500//imdb_linearal_l5.pt  ,ep 2
Test Epoch2 layer2 Acc 0.8437
ep2_l2_test_time 1.089775062000001
Test Epoch2 layer3 Acc 0.8331
ep2_l3_test_time 1.0870092409999899
Test Epoch2 layer4 Acc 0.8282
ep2_l4_test_time 1.087407173999992
gc 0
Test threshold 0.1 Acc 0.8528
t0.1_test_time 1.1093246370000003
data_distribution  [10000, 0, 0, 0, 0]
gc 0
Test threshold 0.2 Acc 0.8528
t0.2_test_time 1.0988434460000036
data_distribution  [10000, 0, 0, 0, 0]
gc 0
Test threshold 0.3 Acc 0.8528
t0.3_test_time 1.085746001000004
data_distribution  [10000, 0, 0, 0, 0]
gc 0
Test threshold 0.4 Acc 0.8528
t0.4_test_time 1.0873102200000062
data_distribution  [10000, 0, 0, 0, 0]
gc 0
Test threshold 0.5 Acc 0.8535
t0.5_test_time 1.086608308999999
data_distribution  [9978, 22, 0, 0, 0]
gc 0
Test threshold 0.6 Acc 0.8318
t0.6_test_time 1.107136252999993
data_distribution  [9062, 4, 202, 381, 351]
gc 0
Test threshold 0.7 Acc 0.8284
t0.7_test_time 1.1087488630000024
data_distribution  [8044, 0, 176, 597, 1183]
gc 0
Test threshold 0.8 Acc 0.8282
t0.8_test_time 1.107199640999994
data_distribution  [6805, 0, 165, 830, 2200]
gc 0
Test threshold 0.9 Acc 0.8282
t0.9_test_time 1.107330067999996
data_distribution  [5012, 0, 156, 1349, 3483]
gc 0
Train Epoch3 Acc 0.89495 (35798/40000)
ep3_train_time 5.6377779400000065
Test Epoch3 layer0 Acc 0.8844
ep3_l0_test_time 1.1277371120000055
Save ckpt to ckpt/imdb_linearal_l5_pad500//imdb_linearal_l5.pt  ,ep 3
Test Epoch3 layer1 Acc 0.8854
ep3_l1_test_time 1.0895481319999902
Save ckpt to ckpt/imdb_linearal_l5_pad500//imdb_linearal_l5.pt  ,ep 3
Test Epoch3 layer2 Acc 0.8843
ep3_l2_test_time 1.0859631289999925
Test Epoch3 layer3 Acc 0.8837
ep3_l3_test_time 1.0855629400000026
Test Epoch3 layer4 Acc 0.8835
ep3_l4_test_time 1.0819582120000035
gc 0
Test threshold 0.1 Acc 0.8844
t0.1_test_time 1.102072794999998
data_distribution  [10000, 0, 0, 0, 0]
gc 0
Test threshold 0.2 Acc 0.8844
t0.2_test_time 1.087541549000008
data_distribution  [10000, 0, 0, 0, 0]
gc 0
Test threshold 0.3 Acc 0.8844
t0.3_test_time 1.0903223709999992
data_distribution  [10000, 0, 0, 0, 0]
gc 0
Test threshold 0.4 Acc 0.8844
t0.4_test_time 1.0869978799999984
data_distribution  [10000, 0, 0, 0, 0]
gc 0
Test threshold 0.5 Acc 0.8847
t0.5_test_time 1.0977644560000073
data_distribution  [9979, 19, 1, 1, 0]
gc 0
Test threshold 0.6 Acc 0.8832
t0.6_test_time 1.1076669090000024
data_distribution  [9297, 54, 182, 17, 450]
gc 0
Test threshold 0.7 Acc 0.8835
t0.7_test_time 1.1040421729999963
data_distribution  [8514, 22, 318, 33, 1113]
gc 0
Test threshold 0.8 Acc 0.8835
t0.8_test_time 1.1084096289999934
data_distribution  [7532, 3, 473, 38, 1954]
gc 0
Test threshold 0.9 Acc 0.8835
t0.9_test_time 1.1056138000000004
data_distribution  [6112, 2, 681, 43, 3162]
gc 0
Train Epoch4 Acc 0.911975 (36479/40000)
ep4_train_time 5.639275865000002
Test Epoch4 layer0 Acc 0.8842
ep4_l0_test_time 1.0836133929999932
Test Epoch4 layer1 Acc 0.8888
ep4_l1_test_time 1.0797511290000017
Save ckpt to ckpt/imdb_linearal_l5_pad500//imdb_linearal_l5.pt  ,ep 4
Test Epoch4 layer2 Acc 0.8885
ep4_l2_test_time 1.0910785940000096
Test Epoch4 layer3 Acc 0.888
ep4_l3_test_time 1.0810090450000018
Test Epoch4 layer4 Acc 0.89
ep4_l4_test_time 1.0889594110000047
Save ckpt to ckpt/imdb_linearal_l5_pad500//imdb_linearal_l5.pt  ,ep 4
gc 0
Test threshold 0.1 Acc 0.8842
t0.1_test_time 1.083149039999995
data_distribution  [10000, 0, 0, 0, 0]
gc 0
Test threshold 0.2 Acc 0.8842
t0.2_test_time 1.0931116309999993
data_distribution  [10000, 0, 0, 0, 0]
gc 0
Test threshold 0.3 Acc 0.8842
t0.3_test_time 1.0850843409999982
data_distribution  [10000, 0, 0, 0, 0]
gc 0
Test threshold 0.4 Acc 0.8842
t0.4_test_time 1.094232519000002
data_distribution  [10000, 0, 0, 0, 0]
gc 0
Test threshold 0.5 Acc 0.8849
t0.5_test_time 1.091618576000002
data_distribution  [9973, 26, 0, 1, 0]
gc 0
Test threshold 0.6 Acc 0.8897
t0.6_test_time 1.1016496129999922
data_distribution  [9380, 102, 73, 17, 428]
gc 0
Test threshold 0.7 Acc 0.89
t0.7_test_time 1.1054947229999925
data_distribution  [8752, 103, 134, 41, 970]
Save ckpt to ckpt/imdb_linearal_l5_pad500//imdb_linearal_l5.pt  ,ep 4
gc 0
Test threshold 0.8 Acc 0.89
t0.8_test_time 1.1012529929999744
data_distribution  [7986, 95, 254, 53, 1612]
Save ckpt to ckpt/imdb_linearal_l5_pad500//imdb_linearal_l5.pt  ,ep 4
gc 0
Test threshold 0.9 Acc 0.89
t0.9_test_time 1.129098128999999
data_distribution  [6746, 127, 432, 94, 2601]
Save ckpt to ckpt/imdb_linearal_l5_pad500//imdb_linearal_l5.pt  ,ep 4
gc 0
Train Epoch5 Acc 0.9246 (36984/40000)
ep5_train_time 5.648506373999993
Test Epoch5 layer0 Acc 0.8883
ep5_l0_test_time 1.0941183299999864
Test Epoch5 layer1 Acc 0.8892
ep5_l1_test_time 1.100559818000022
Test Epoch5 layer2 Acc 0.8859
ep5_l2_test_time 1.0896634519999964
Test Epoch5 layer3 Acc 0.8849
ep5_l3_test_time 1.0827676330000031
Test Epoch5 layer4 Acc 0.8867
ep5_l4_test_time 1.0789659749999885
gc 0
Test threshold 0.1 Acc 0.8883
t0.1_test_time 1.085564766999994
data_distribution  [10000, 0, 0, 0, 0]
gc 0
Test threshold 0.2 Acc 0.8883
t0.2_test_time 1.0886286590000225
data_distribution  [10000, 0, 0, 0, 0]
gc 0
Test threshold 0.3 Acc 0.8883
t0.3_test_time 1.090910546999993
data_distribution  [10000, 0, 0, 0, 0]
gc 0
Test threshold 0.4 Acc 0.8883
t0.4_test_time 1.0853249049999931
data_distribution  [10000, 0, 0, 0, 0]
gc 0
Test threshold 0.5 Acc 0.8879
t0.5_test_time 1.0874704299999962
data_distribution  [9968, 30, 2, 0, 0]
gc 0
Test threshold 0.6 Acc 0.8867
t0.6_test_time 1.1114842949999968
data_distribution  [9448, 90, 79, 36, 347]
gc 0
Test threshold 0.7 Acc 0.8867
t0.7_test_time 1.1103605650000077
data_distribution  [8886, 98, 115, 71, 830]
gc 0
Test threshold 0.8 Acc 0.8867
t0.8_test_time 1.1069312290000255
data_distribution  [8190, 120, 223, 101, 1366]
gc 0
Test threshold 0.9 Acc 0.8867
t0.9_test_time 1.107267869999987
data_distribution  [7078, 183, 361, 148, 2230]
gc 0
Train Epoch6 Acc 0.9315 (37260/40000)
ep6_train_time 5.616518182999982
Test Epoch6 layer0 Acc 0.8968
ep6_l0_test_time 1.0834386150000057
Save ckpt to ckpt/imdb_linearal_l5_pad500//imdb_linearal_l5.pt  ,ep 6
Test Epoch6 layer1 Acc 0.899
ep6_l1_test_time 1.087437768000001
Save ckpt to ckpt/imdb_linearal_l5_pad500//imdb_linearal_l5.pt  ,ep 6
Test Epoch6 layer2 Acc 0.8986
ep6_l2_test_time 1.0848946380000086
Test Epoch6 layer3 Acc 0.8978
ep6_l3_test_time 1.0833492650000096
Test Epoch6 layer4 Acc 0.898
ep6_l4_test_time 1.082644227000003
gc 0
Test threshold 0.1 Acc 0.8968
t0.1_test_time 1.0858790409999983
data_distribution  [10000, 0, 0, 0, 0]
gc 0
Test threshold 0.2 Acc 0.8968
t0.2_test_time 1.0918095270000094
data_distribution  [10000, 0, 0, 0, 0]
gc 0
Test threshold 0.3 Acc 0.8968
t0.3_test_time 1.0858157319999862
data_distribution  [10000, 0, 0, 0, 0]
gc 0
Test threshold 0.4 Acc 0.8968
t0.4_test_time 1.0841477009999778
data_distribution  [10000, 0, 0, 0, 0]
gc 0
Test threshold 0.5 Acc 0.8973
t0.5_test_time 1.090366543000016
data_distribution  [9983, 13, 3, 1, 0]
gc 0
Test threshold 0.6 Acc 0.8976
t0.6_test_time 1.111191371000018
data_distribution  [9499, 67, 74, 76, 284]
gc 0
Test threshold 0.7 Acc 0.898
t0.7_test_time 1.1054540389999943
data_distribution  [9004, 100, 120, 95, 681]
gc 0
Test threshold 0.8 Acc 0.898
t0.8_test_time 1.106376049000005
data_distribution  [8295, 144, 174, 145, 1242]
gc 0
Test threshold 0.9 Acc 0.898
t0.9_test_time 1.1037611719999916
data_distribution  [7290, 194, 286, 215, 2015]
gc 0
Train Epoch7 Acc 0.939525 (37581/40000)
ep7_train_time 5.641221465000001
Test Epoch7 layer0 Acc 0.8789
ep7_l0_test_time 1.0969966920000047
Test Epoch7 layer1 Acc 0.8797
ep7_l1_test_time 1.0866444640000168
Test Epoch7 layer2 Acc 0.8797
ep7_l2_test_time 1.0951540320000106
Test Epoch7 layer3 Acc 0.8822
ep7_l3_test_time 1.0962313670000015
Test Epoch7 layer4 Acc 0.8816
ep7_l4_test_time 1.0889774620000026
gc 0
Test threshold 0.1 Acc 0.8789
t0.1_test_time 1.1107697619999897
data_distribution  [10000, 0, 0, 0, 0]
gc 0
Test threshold 0.2 Acc 0.8789
t0.2_test_time 1.0878591850000134
data_distribution  [10000, 0, 0, 0, 0]
gc 0
Test threshold 0.3 Acc 0.8789
t0.3_test_time 1.0857977739999853
data_distribution  [10000, 0, 0, 0, 0]
gc 0
Test threshold 0.4 Acc 0.8789
t0.4_test_time 1.0880588480000029
data_distribution  [10000, 0, 0, 0, 0]
gc 0
Test threshold 0.5 Acc 0.8785
t0.5_test_time 1.0911960540000223
data_distribution  [9979, 18, 2, 1, 0]
gc 0
Test threshold 0.6 Acc 0.8815
t0.6_test_time 1.1259593430000052
data_distribution  [9517, 93, 45, 69, 276]
gc 0
Test threshold 0.7 Acc 0.8816
t0.7_test_time 1.105701386999982
data_distribution  [9050, 105, 98, 112, 635]
gc 0
Test threshold 0.8 Acc 0.8816
t0.8_test_time 1.120999917000006
data_distribution  [8469, 139, 162, 141, 1089]
gc 0
Test threshold 0.9 Acc 0.8816
t0.9_test_time 1.1094216490000122
data_distribution  [7526, 213, 248, 248, 1765]
gc 0
Train Epoch8 Acc 0.943975 (37759/40000)
ep8_train_time 5.650313802999989
Test Epoch8 layer0 Acc 0.896
ep8_l0_test_time 1.0830706640000187
Test Epoch8 layer1 Acc 0.8965
ep8_l1_test_time 1.0887636489999863
Test Epoch8 layer2 Acc 0.8961
ep8_l2_test_time 1.0813876470000139
Test Epoch8 layer3 Acc 0.8972
ep8_l3_test_time 1.0829411290000053
Test Epoch8 layer4 Acc 0.8968
ep8_l4_test_time 1.089433454999977
gc 0
Test threshold 0.1 Acc 0.896
t0.1_test_time 1.0857664160000127
data_distribution  [10000, 0, 0, 0, 0]
gc 0
Test threshold 0.2 Acc 0.896
t0.2_test_time 1.0849879019999946
data_distribution  [10000, 0, 0, 0, 0]
gc 0
Test threshold 0.3 Acc 0.896
t0.3_test_time 1.085247172999999
data_distribution  [10000, 0, 0, 0, 0]
gc 0
Test threshold 0.4 Acc 0.896
t0.4_test_time 1.0923682880000172
data_distribution  [10000, 0, 0, 0, 0]
gc 0
Test threshold 0.5 Acc 0.8959
t0.5_test_time 1.1106976840000016
data_distribution  [9982, 15, 3, 0, 0]
gc 0
Test threshold 0.6 Acc 0.8968
t0.6_test_time 1.1219085529999973
data_distribution  [9556, 66, 70, 76, 232]
gc 0
Test threshold 0.7 Acc 0.8968
t0.7_test_time 1.122762397999992
data_distribution  [9098, 101, 102, 127, 572]
gc 0
Test threshold 0.8 Acc 0.8968
t0.8_test_time 1.12418890699999
data_distribution  [8516, 120, 162, 220, 982]
gc 0
Test threshold 0.9 Acc 0.8968
t0.9_test_time 1.1202409150000108
data_distribution  [7560, 228, 278, 344, 1590]
gc 0
Train Epoch9 Acc 0.94755 (37902/40000)
ep9_train_time 5.644636072999987
Test Epoch9 layer0 Acc 0.8944
ep9_l0_test_time 1.0851775059999795
Test Epoch9 layer1 Acc 0.8944
ep9_l1_test_time 1.082449835999995
Test Epoch9 layer2 Acc 0.8954
ep9_l2_test_time 1.0918790549999926
Test Epoch9 layer3 Acc 0.8961
ep9_l3_test_time 1.0908299769999985
Test Epoch9 layer4 Acc 0.8954
ep9_l4_test_time 1.0844016659999909
gc 0
Test threshold 0.1 Acc 0.8944
t0.1_test_time 1.0936120620000054
data_distribution  [10000, 0, 0, 0, 0]
gc 0
Test threshold 0.2 Acc 0.8944
t0.2_test_time 1.1016387999999893
data_distribution  [10000, 0, 0, 0, 0]
gc 0
Test threshold 0.3 Acc 0.8944
t0.3_test_time 1.0931018979999862
data_distribution  [10000, 0, 0, 0, 0]
gc 0
Test threshold 0.4 Acc 0.8944
t0.4_test_time 1.0857436739999855
data_distribution  [10000, 0, 0, 0, 0]
gc 0
Test threshold 0.5 Acc 0.8944
t0.5_test_time 1.0920926249999923
data_distribution  [9979, 21, 0, 0, 0]
gc 0
Test threshold 0.6 Acc 0.8958
t0.6_test_time 1.1037498149999863
data_distribution  [9609, 83, 93, 65, 150]
gc 0
Test threshold 0.7 Acc 0.8957
t0.7_test_time 1.1076740629999904
data_distribution  [9157, 99, 136, 116, 492]
gc 0
Test threshold 0.8 Acc 0.8954
t0.8_test_time 1.1100650090000101
data_distribution  [8609, 142, 175, 206, 868]
gc 0
Test threshold 0.9 Acc 0.8954
t0.9_test_time 1.1091123840000137
data_distribution  [7731, 202, 273, 359, 1435]
gc 0
Train Epoch10 Acc 0.951875 (38075/40000)
ep10_train_time 5.643651472000016
Test Epoch10 layer0 Acc 0.8927
ep10_l0_test_time 1.084727020999992
Test Epoch10 layer1 Acc 0.8937
ep10_l1_test_time 1.083153995999993
Test Epoch10 layer2 Acc 0.8934
ep10_l2_test_time 1.0876127599999847
Test Epoch10 layer3 Acc 0.8934
ep10_l3_test_time 1.0867781609999838
Test Epoch10 layer4 Acc 0.8943
ep10_l4_test_time 1.0868681130000084
gc 0
Test threshold 0.1 Acc 0.8927
t0.1_test_time 1.0861861349999913
data_distribution  [10000, 0, 0, 0, 0]
gc 0
Test threshold 0.2 Acc 0.8927
t0.2_test_time 1.09554765499999
data_distribution  [10000, 0, 0, 0, 0]
gc 0
Test threshold 0.3 Acc 0.8927
t0.3_test_time 1.0926290280000046
data_distribution  [10000, 0, 0, 0, 0]
gc 0
Test threshold 0.4 Acc 0.8927
t0.4_test_time 1.0947079919999965
data_distribution  [10000, 0, 0, 0, 0]
gc 0
Test threshold 0.5 Acc 0.8928
t0.5_test_time 1.1076611869999908
data_distribution  [9987, 11, 2, 0, 0]
gc 0
Test threshold 0.6 Acc 0.8947
t0.6_test_time 1.1165325760000258
data_distribution  [9609, 66, 122, 46, 157]
gc 0
Test threshold 0.7 Acc 0.8942
t0.7_test_time 1.113348717000008
data_distribution  [9194, 67, 149, 158, 432]
gc 0
Test threshold 0.8 Acc 0.8943
t0.8_test_time 1.1102845249999973
data_distribution  [8659, 125, 213, 256, 747]
gc 0
Test threshold 0.9 Acc 0.8943
t0.9_test_time 1.1083418910000091
data_distribution  [7851, 174, 307, 400, 1268]
gc 0
Train Epoch11 Acc 0.956825 (38273/40000)
ep11_train_time 5.621465726999986
Test Epoch11 layer0 Acc 0.8917
ep11_l0_test_time 1.0844044450000183
Test Epoch11 layer1 Acc 0.8912
ep11_l1_test_time 1.0867029780000053
Test Epoch11 layer2 Acc 0.8921
ep11_l2_test_time 1.0839202970000201
Test Epoch11 layer3 Acc 0.8931
ep11_l3_test_time 1.0822425999999723
Test Epoch11 layer4 Acc 0.8924
ep11_l4_test_time 1.0851311729999793
gc 0
Test threshold 0.1 Acc 0.8917
t0.1_test_time 1.0964919580000014
data_distribution  [10000, 0, 0, 0, 0]
gc 0
Test threshold 0.2 Acc 0.8917
t0.2_test_time 1.0874007229999734
data_distribution  [10000, 0, 0, 0, 0]
gc 0
Test threshold 0.3 Acc 0.8917
t0.3_test_time 1.0885525350000194
data_distribution  [10000, 0, 0, 0, 0]
gc 0
Test threshold 0.4 Acc 0.8917
t0.4_test_time 1.0846711889999483
data_distribution  [10000, 0, 0, 0, 0]
gc 0
Test threshold 0.5 Acc 0.8919
t0.5_test_time 1.0943123320000154
data_distribution  [9977, 17, 6, 0, 0]
gc 0
Test threshold 0.6 Acc 0.8916
t0.6_test_time 1.1173007799999937
data_distribution  [9631, 70, 85, 50, 164]
gc 0
Test threshold 0.7 Acc 0.8923
t0.7_test_time 1.105692959999999
data_distribution  [9206, 68, 150, 157, 419]
gc 0
Test threshold 0.8 Acc 0.8924
t0.8_test_time 1.1117597409999576
data_distribution  [8680, 120, 206, 270, 724]
gc 0
Test threshold 0.9 Acc 0.8924
t0.9_test_time 1.160954094000033
data_distribution  [7884, 183, 315, 452, 1166]
gc 0
Train Epoch12 Acc 0.958125 (38325/40000)
ep12_train_time 5.655454732999999
Test Epoch12 layer0 Acc 0.8884
ep12_l0_test_time 1.0843432350000057
Test Epoch12 layer1 Acc 0.8886
ep12_l1_test_time 1.0817934350000087
Test Epoch12 layer2 Acc 0.8896
ep12_l2_test_time 1.0799524340000062
Test Epoch12 layer3 Acc 0.8899
ep12_l3_test_time 1.1146094000000062
Test Epoch12 layer4 Acc 0.8886
ep12_l4_test_time 1.11350732599999
gc 0
Test threshold 0.1 Acc 0.8884
t0.1_test_time 1.1438597920000007
data_distribution  [10000, 0, 0, 0, 0]
gc 0
Test threshold 0.2 Acc 0.8884
t0.2_test_time 1.0999070740000434
data_distribution  [10000, 0, 0, 0, 0]
gc 0
Test threshold 0.3 Acc 0.8884
t0.3_test_time 1.0955619359999673
data_distribution  [10000, 0, 0, 0, 0]
gc 0
Test threshold 0.4 Acc 0.8884
t0.4_test_time 1.1252840980000087
data_distribution  [10000, 0, 0, 0, 0]
gc 0
Test threshold 0.5 Acc 0.8887
t0.5_test_time 1.1173086960000091
data_distribution  [9982, 13, 5, 0, 0]
gc 0
Test threshold 0.6 Acc 0.8885
t0.6_test_time 1.1041591800000106
data_distribution  [9644, 46, 83, 54, 173]
gc 0
Test threshold 0.7 Acc 0.8886
t0.7_test_time 1.1158799429999817
data_distribution  [9243, 67, 142, 159, 389]
gc 0
Test threshold 0.8 Acc 0.8887
t0.8_test_time 1.1209811410000157
data_distribution  [8731, 120, 209, 265, 675]
gc 0
Test threshold 0.9 Acc 0.8886
t0.9_test_time 1.1252222360000133
data_distribution  [7938, 172, 341, 475, 1074]
gc 0
Train Epoch13 Acc 0.959425 (38377/40000)
ep13_train_time 5.638037834999977
Test Epoch13 layer0 Acc 0.8913
ep13_l0_test_time 1.0859906929999852
Test Epoch13 layer1 Acc 0.8911
ep13_l1_test_time 1.081841145999988
Test Epoch13 layer2 Acc 0.8913
ep13_l2_test_time 1.0783754330000193
Test Epoch13 layer3 Acc 0.891
ep13_l3_test_time 1.092854697000007
Test Epoch13 layer4 Acc 0.8912
ep13_l4_test_time 1.0824989320000213
gc 0
Test threshold 0.1 Acc 0.8913
t0.1_test_time 1.0868044039999631
data_distribution  [10000, 0, 0, 0, 0]
gc 0
Test threshold 0.2 Acc 0.8913
t0.2_test_time 1.085277973000018
data_distribution  [10000, 0, 0, 0, 0]
gc 0
Test threshold 0.3 Acc 0.8913
t0.3_test_time 1.0938636820000056
data_distribution  [10000, 0, 0, 0, 0]
gc 0
Test threshold 0.4 Acc 0.8913
t0.4_test_time 1.0873779409999997
data_distribution  [10000, 0, 0, 0, 0]
gc 0
Test threshold 0.5 Acc 0.8911
t0.5_test_time 1.0980897910000067
data_distribution  [9985, 14, 1, 0, 0]
gc 0
Test threshold 0.6 Acc 0.8913
t0.6_test_time 1.1122006980000378
data_distribution  [9635, 66, 135, 42, 122]
gc 0
Test threshold 0.7 Acc 0.8913
t0.7_test_time 1.122280743000033
data_distribution  [9229, 85, 174, 146, 366]
gc 0
Test threshold 0.8 Acc 0.8912
t0.8_test_time 1.1195031529999824
data_distribution  [8728, 113, 228, 291, 640]
gc 0
Test threshold 0.9 Acc 0.8912
t0.9_test_time 1.106978118000029
data_distribution  [7969, 166, 316, 502, 1047]
gc 0
Train Epoch14 Acc 0.9603 (38412/40000)
ep14_train_time 5.648709187999998
Test Epoch14 layer0 Acc 0.8905
ep14_l0_test_time 1.0884448609999708
Test Epoch14 layer1 Acc 0.8906
ep14_l1_test_time 1.0896455559999936
Test Epoch14 layer2 Acc 0.8898
ep14_l2_test_time 1.0924920869999823
Test Epoch14 layer3 Acc 0.891
ep14_l3_test_time 1.0866940930000055
Test Epoch14 layer4 Acc 0.8902
ep14_l4_test_time 1.084661681
gc 0
Test threshold 0.1 Acc 0.8905
t0.1_test_time 1.0853996629999756
data_distribution  [10000, 0, 0, 0, 0]
gc 0
Test threshold 0.2 Acc 0.8905
t0.2_test_time 1.1017039430000182
data_distribution  [10000, 0, 0, 0, 0]
gc 0
Test threshold 0.3 Acc 0.8905
t0.3_test_time 1.0966176100000098
data_distribution  [10000, 0, 0, 0, 0]
gc 0
Test threshold 0.4 Acc 0.8905
t0.4_test_time 1.0946147209999708
data_distribution  [10000, 0, 0, 0, 0]
gc 0
Test threshold 0.5 Acc 0.8905
t0.5_test_time 1.0986941389999743
data_distribution  [9988, 12, 0, 0, 0]
gc 0
Test threshold 0.6 Acc 0.8906
t0.6_test_time 1.1087227840000082
data_distribution  [9639, 64, 118, 50, 129]
gc 0
Test threshold 0.7 Acc 0.8905
t0.7_test_time 1.1083995189999882
data_distribution  [9254, 70, 169, 160, 347]
gc 0
Test threshold 0.8 Acc 0.8903
t0.8_test_time 1.1037993879999703
data_distribution  [8731, 124, 244, 298, 603]
gc 0
Test threshold 0.9 Acc 0.8902
t0.9_test_time 1.107037212000023
data_distribution  [7995, 165, 326, 526, 988]
gc 0
Train Epoch15 Acc 0.962525 (38501/40000)
ep15_train_time 5.643301074000021
Test Epoch15 layer0 Acc 0.8904
ep15_l0_test_time 1.0818843310000261
Test Epoch15 layer1 Acc 0.8887
ep15_l1_test_time 1.0884997680000197
Test Epoch15 layer2 Acc 0.8893
ep15_l2_test_time 1.0778390980000268
Test Epoch15 layer3 Acc 0.8896
ep15_l3_test_time 1.0997339229999739
Test Epoch15 layer4 Acc 0.889
ep15_l4_test_time 1.0844988879999846
gc 0
Test threshold 0.1 Acc 0.8904
t0.1_test_time 1.096098813000026
data_distribution  [10000, 0, 0, 0, 0]
gc 0
Test threshold 0.2 Acc 0.8904
t0.2_test_time 1.1318161449999593
data_distribution  [10000, 0, 0, 0, 0]
gc 0
Test threshold 0.3 Acc 0.8904
t0.3_test_time 1.1282475180000233
data_distribution  [10000, 0, 0, 0, 0]
gc 0
Test threshold 0.4 Acc 0.8904
t0.4_test_time 1.129123958999969
data_distribution  [10000, 0, 0, 0, 0]
gc 0
Test threshold 0.5 Acc 0.8905
t0.5_test_time 1.1069772650000118
data_distribution  [9978, 20, 2, 0, 0]
gc 0
Test threshold 0.6 Acc 0.8886
t0.6_test_time 1.1262890470000002
data_distribution  [9638, 67, 112, 62, 121]
gc 0
Test threshold 0.7 Acc 0.8893
t0.7_test_time 1.1336281400000416
data_distribution  [9249, 94, 144, 163, 350]
gc 0
Test threshold 0.8 Acc 0.889
t0.8_test_time 1.1059788850000132
data_distribution  [8745, 131, 229, 299, 596]
gc 0
Test threshold 0.9 Acc 0.889
t0.9_test_time 1.1076637750000486
data_distribution  [8022, 197, 291, 541, 949]
gc 0
Train Epoch16 Acc 0.962825 (38513/40000)
ep16_train_time 5.684609506000015
Test Epoch16 layer0 Acc 0.8897
ep16_l0_test_time 1.0861070259999792
Test Epoch16 layer1 Acc 0.8895
ep16_l1_test_time 1.093154233000007
Test Epoch16 layer2 Acc 0.8889
ep16_l2_test_time 1.0827892120000229
Test Epoch16 layer3 Acc 0.8901
ep16_l3_test_time 1.0810119790000385
Test Epoch16 layer4 Acc 0.8897
ep16_l4_test_time 1.0932029040000089
gc 0
Test threshold 0.1 Acc 0.8897
t0.1_test_time 1.095132379000006
data_distribution  [10000, 0, 0, 0, 0]
gc 0
Test threshold 0.2 Acc 0.8897
t0.2_test_time 1.103429966999954
data_distribution  [10000, 0, 0, 0, 0]
gc 0
Test threshold 0.3 Acc 0.8897
t0.3_test_time 1.1053786740000078
data_distribution  [10000, 0, 0, 0, 0]
gc 0
Test threshold 0.4 Acc 0.8897
t0.4_test_time 1.1073054519999914
data_distribution  [10000, 0, 0, 0, 0]
gc 0
Test threshold 0.5 Acc 0.89
t0.5_test_time 1.0985305820000235
data_distribution  [9980, 15, 5, 0, 0]
gc 0
Test threshold 0.6 Acc 0.8899
t0.6_test_time 1.116724787999999
data_distribution  [9637, 66, 129, 57, 111]
gc 0
Test threshold 0.7 Acc 0.8897
t0.7_test_time 1.1634535990000359
data_distribution  [9257, 85, 166, 175, 317]
gc 0
Test threshold 0.8 Acc 0.8897
t0.8_test_time 1.105826656999966
data_distribution  [8756, 119, 268, 270, 587]
gc 0
Test threshold 0.9 Acc 0.8897
t0.9_test_time 1.1415702329999817
data_distribution  [8039, 178, 335, 529, 919]
gc 0
Train Epoch17 Acc 0.963975 (38559/40000)
ep17_train_time 5.6958847669999955
Test Epoch17 layer0 Acc 0.8902
ep17_l0_test_time 1.0915454710000176
Test Epoch17 layer1 Acc 0.8893
ep17_l1_test_time 1.0821049209999956
Test Epoch17 layer2 Acc 0.8883
ep17_l2_test_time 1.099657594000007
Test Epoch17 layer3 Acc 0.8888
ep17_l3_test_time 1.0952921549999814
Test Epoch17 layer4 Acc 0.8893
ep17_l4_test_time 1.0945890309999982
gc 0
Test threshold 0.1 Acc 0.8902
t0.1_test_time 1.0844281949999868
data_distribution  [10000, 0, 0, 0, 0]
gc 0
Test threshold 0.2 Acc 0.8902
t0.2_test_time 1.0892855359999771
data_distribution  [10000, 0, 0, 0, 0]
gc 0
Test threshold 0.3 Acc 0.8902
t0.3_test_time 1.0924424050000425
data_distribution  [10000, 0, 0, 0, 0]
gc 0
Test threshold 0.4 Acc 0.8902
t0.4_test_time 1.0857530559999873
data_distribution  [10000, 0, 0, 0, 0]
gc 0
Test threshold 0.5 Acc 0.8898
t0.5_test_time 1.1218885300000352
data_distribution  [9984, 13, 3, 0, 0]
gc 0
Test threshold 0.6 Acc 0.8894
t0.6_test_time 1.1389926230000356
data_distribution  [9639, 62, 127, 49, 123]
gc 0
Test threshold 0.7 Acc 0.8894
t0.7_test_time 1.2143633209999507
data_distribution  [9260, 78, 184, 162, 316]
gc 0
Test threshold 0.8 Acc 0.8893
t0.8_test_time 1.1168259680000006
data_distribution  [8761, 121, 252, 306, 560]
gc 0
Test threshold 0.9 Acc 0.8893
t0.9_test_time 1.1059929950000082
data_distribution  [8026, 182, 327, 557, 908]
gc 0
Train Epoch18 Acc 0.964375 (38575/40000)
ep18_train_time 5.681782579000014
Test Epoch18 layer0 Acc 0.889
ep18_l0_test_time 1.0894646389999707
Test Epoch18 layer1 Acc 0.8889
ep18_l1_test_time 1.0962709400000108
Test Epoch18 layer2 Acc 0.8879
ep18_l2_test_time 1.0897720770000205
Test Epoch18 layer3 Acc 0.8884
ep18_l3_test_time 1.0842763239999726
Test Epoch18 layer4 Acc 0.8884
ep18_l4_test_time 1.0981756590000487
gc 0
Test threshold 0.1 Acc 0.889
t0.1_test_time 1.1063989780000156
data_distribution  [10000, 0, 0, 0, 0]
gc 0
Test threshold 0.2 Acc 0.889
t0.2_test_time 1.1152435860000196
data_distribution  [10000, 0, 0, 0, 0]
gc 0
Test threshold 0.3 Acc 0.889
t0.3_test_time 1.125898702000029
data_distribution  [10000, 0, 0, 0, 0]
gc 0
Test threshold 0.4 Acc 0.889
t0.4_test_time 1.1722283500000117
data_distribution  [10000, 0, 0, 0, 0]
gc 0
Test threshold 0.5 Acc 0.8891
t0.5_test_time 1.1301721880000173
data_distribution  [9987, 11, 1, 1, 0]
gc 0
Test threshold 0.6 Acc 0.8883
t0.6_test_time 1.1608568349999473
data_distribution  [9637, 60, 159, 40, 104]
gc 0
Test threshold 0.7 Acc 0.8887
t0.7_test_time 1.117349580999985
data_distribution  [9285, 69, 179, 170, 297]
gc 0
Test threshold 0.8 Acc 0.8884
t0.8_test_time 1.1025254240000208
data_distribution  [8788, 115, 255, 291, 551]
gc 0
Test threshold 0.9 Acc 0.8884
t0.9_test_time 1.1475432710000177
data_distribution  [8070, 168, 332, 542, 888]
gc 0
Train Epoch19 Acc 0.964975 (38599/40000)
ep19_train_time 5.733994940000002
Test Epoch19 layer0 Acc 0.8883
ep19_l0_test_time 1.0922857040000054
Test Epoch19 layer1 Acc 0.8874
ep19_l1_test_time 1.0843752189999805
Test Epoch19 layer2 Acc 0.8871
ep19_l2_test_time 1.0811764830000357
Test Epoch19 layer3 Acc 0.8874
ep19_l3_test_time 1.0812623910000525
Test Epoch19 layer4 Acc 0.8879
ep19_l4_test_time 1.0879526919999876
gc 0
Test threshold 0.1 Acc 0.8883
t0.1_test_time 1.0900936120000324
data_distribution  [10000, 0, 0, 0, 0]
gc 0
Test threshold 0.2 Acc 0.8883
t0.2_test_time 1.109578880000015
data_distribution  [10000, 0, 0, 0, 0]
gc 0
Test threshold 0.3 Acc 0.8883
t0.3_test_time 1.1247686610000187
data_distribution  [10000, 0, 0, 0, 0]
gc 0
Test threshold 0.4 Acc 0.8883
t0.4_test_time 1.1045045519999803
data_distribution  [10000, 0, 0, 0, 0]
gc 0
Test threshold 0.5 Acc 0.8882
t0.5_test_time 1.1136299140000006
data_distribution  [9989, 7, 3, 1, 0]
gc 0
Test threshold 0.6 Acc 0.888
t0.6_test_time 1.1251750600000037
data_distribution  [9643, 55, 141, 47, 114]
gc 0
Test threshold 0.7 Acc 0.888
t0.7_test_time 1.1226509100000044
data_distribution  [9280, 90, 146, 168, 316]
gc 0
Test threshold 0.8 Acc 0.8879
t0.8_test_time 1.124334298000008
data_distribution  [8801, 121, 257, 278, 543]
gc 0
Test threshold 0.9 Acc 0.8879
t0.9_test_time 1.120464362000007
data_distribution  [8096, 163, 342, 547, 852]
Best Acc 0.899 6 1
total_train+valid_time 430.85602554900004
