total count words 102019
vocab size 30000
found 26754 words in glove
Load ckpt from ckpt/ag_news_lstmal_l5adf_pad100_t0.3_m3//ag_news_lstmal_l5_prefix.pt
model: LSTMModelML(
  (layers): ModuleList(
    (0): EMBLayer(
      (enc): ENC(
        (b): Sequential(
          (0): Linear(in_features=300, out_features=128, bias=True)
          (1): Tanh()
        )
        (f): Embedding(30000, 300)
        (cri): MSELoss()
      )
      (ae): AE(
        (g): Sequential(
          (0): Linear(in_features=4, out_features=128, bias=True)
          (1): Tanh()
        )
        (h): Sequential(
          (0): Linear(in_features=128, out_features=4, bias=True)
          (1): Sigmoid()
        )
        (cri): CrossEntropyLoss()
      )
    )
    (1): LSTMLayer(
      (enc): ENC(
        (b): Sequential(
          (0): Linear(in_features=300, out_features=128, bias=True)
          (1): Tanh()
        )
        (f): LSTM(300, 300, batch_first=True, bidirectional=True)
        (cri): MSELoss()
      )
      (ae): AE(
        (g): Sequential(
          (0): Linear(in_features=128, out_features=128, bias=True)
          (1): Tanh()
        )
        (h): Sequential(
          (0): Linear(in_features=128, out_features=128, bias=True)
        )
        (cri): MSELoss()
      )
    )
    (2): LSTMLayer(
      (enc): ENC(
        (b): Sequential(
          (0): Linear(in_features=300, out_features=128, bias=True)
          (1): Tanh()
        )
        (f): LSTM(600, 300, batch_first=True, bidirectional=True)
        (cri): MSELoss()
      )
      (ae): AE(
        (g): Sequential(
          (0): Linear(in_features=128, out_features=128, bias=True)
          (1): Tanh()
        )
        (h): Sequential(
          (0): Linear(in_features=128, out_features=128, bias=True)
        )
        (cri): MSELoss()
      )
    )
    (3): LSTMLayer(
      (enc): ENC(
        (b): Sequential(
          (0): Linear(in_features=300, out_features=128, bias=True)
          (1): Tanh()
        )
        (f): LSTM(600, 300, batch_first=True, bidirectional=True)
        (cri): MSELoss()
      )
      (ae): AE(
        (g): Sequential(
          (0): Linear(in_features=128, out_features=128, bias=True)
          (1): Tanh()
        )
        (h): Sequential(
          (0): Linear(in_features=128, out_features=128, bias=True)
        )
        (cri): MSELoss()
      )
    )
    (4): LSTMLayer(
      (enc): ENC(
        (b): Sequential(
          (0): Linear(in_features=300, out_features=128, bias=True)
          (1): Tanh()
        )
        (f): LSTM(600, 300, batch_first=True, bidirectional=True)
        (cri): MSELoss()
      )
      (ae): AE(
        (g): Sequential(
          (0): Linear(in_features=128, out_features=128, bias=True)
          (1): Tanh()
        )
        (h): Sequential(
          (0): Linear(in_features=128, out_features=128, bias=True)
        )
        (cri): MSELoss()
      )
    )
  )
)
layers.0.enc.b.0.weight 38400
layers.0.enc.b.0.bias 128
layers.0.enc.f.weight 9000000
layers.0.ae.g.0.weight 512
layers.0.ae.g.0.bias 128
layers.0.ae.h.0.weight 512
layers.0.ae.h.0.bias 4
layers.1.enc.b.0.weight 38400
layers.1.enc.b.0.bias 128
layers.1.enc.f.weight_ih_l0 360000
layers.1.enc.f.weight_hh_l0 360000
layers.1.enc.f.bias_ih_l0 1200
layers.1.enc.f.bias_hh_l0 1200
layers.1.enc.f.weight_ih_l0_reverse 360000
layers.1.enc.f.weight_hh_l0_reverse 360000
layers.1.enc.f.bias_ih_l0_reverse 1200
layers.1.enc.f.bias_hh_l0_reverse 1200
layers.1.ae.g.0.weight 16384
layers.1.ae.g.0.bias 128
layers.1.ae.h.0.weight 16384
layers.1.ae.h.0.bias 128
layers.2.enc.b.0.weight 38400
layers.2.enc.b.0.bias 128
layers.2.enc.f.weight_ih_l0 720000
layers.2.enc.f.weight_hh_l0 360000
layers.2.enc.f.bias_ih_l0 1200
layers.2.enc.f.bias_hh_l0 1200
layers.2.enc.f.weight_ih_l0_reverse 720000
layers.2.enc.f.weight_hh_l0_reverse 360000
layers.2.enc.f.bias_ih_l0_reverse 1200
layers.2.enc.f.bias_hh_l0_reverse 1200
layers.2.ae.g.0.weight 16384
layers.2.ae.g.0.bias 128
layers.2.ae.h.0.weight 16384
layers.2.ae.h.0.bias 128
layers.3.enc.b.0.weight 38400
layers.3.enc.b.0.bias 128
layers.3.enc.f.weight_ih_l0 720000
layers.3.enc.f.weight_hh_l0 360000
layers.3.enc.f.bias_ih_l0 1200
layers.3.enc.f.bias_hh_l0 1200
layers.3.enc.f.weight_ih_l0_reverse 720000
layers.3.enc.f.weight_hh_l0_reverse 360000
layers.3.enc.f.bias_ih_l0_reverse 1200
layers.3.enc.f.bias_hh_l0_reverse 1200
layers.3.ae.g.0.weight 16384
layers.3.ae.g.0.bias 128
layers.3.ae.h.0.weight 16384
layers.3.ae.h.0.bias 128
layers.4.enc.b.0.weight 38400
layers.4.enc.b.0.bias 128
layers.4.enc.f.weight_ih_l0 720000
layers.4.enc.f.weight_hh_l0 360000
layers.4.enc.f.bias_ih_l0 1200
layers.4.enc.f.bias_hh_l0 1200
layers.4.enc.f.weight_ih_l0_reverse 720000
layers.4.enc.f.weight_hh_l0_reverse 360000
layers.4.enc.f.bias_ih_l0_reverse 1200
layers.4.enc.f.bias_hh_l0_reverse 1200
layers.4.ae.g.0.weight 16384
layers.4.ae.g.0.bias 128
layers.4.ae.h.0.weight 16384
layers.4.ae.h.0.bias 128
Total Trainable Params: 17265092
Start Training
train_mask {0, 1, 2, 3}
gc 9
Train Epoch0 Acc 0.125225 (15027/120000), AUC 0.5735752582550049
ep0_train_time 47.685627937316895
Test Epoch0 threshold 0.3 Acc 0.9162828947368421, AUC 0.9802997708320618, avg_entr 0.023168915882706642
ep0_t0.3_test_time 0.23006439208984375
Save ckpt to ckpt/ag_news_lstmal_l5adf_pad100_t0.3_m4//ag_news_lstmal_l5_prefix.pt  ,ep 0
gc 0
Train Epoch1 Acc 0.07751666666666666 (9302/120000), AUC 0.5545682907104492
ep1_train_time 47.587525844573975
Test Epoch1 threshold 0.3 Acc 0.9141447368421053, AUC 0.9802613854408264, avg_entr 0.0225064754486084
ep1_t0.3_test_time 0.22614026069641113
gc 0
Train Epoch2 Acc 0.06643333333333333 (7972/120000), AUC 0.5576961040496826
ep2_train_time 47.67194867134094
Test Epoch2 threshold 0.3 Acc 0.9136513157894737, AUC 0.9799542427062988, avg_entr 0.022533360868692398
ep2_t0.3_test_time 0.21939587593078613
gc 0
Train Epoch3 Acc 0.08415 (10098/120000), AUC 0.5614393353462219
ep3_train_time 47.62888145446777
Test Epoch3 threshold 0.3 Acc 0.9116776315789473, AUC 0.9794594049453735, avg_entr 0.0230305977165699
ep3_t0.3_test_time 0.22122859954833984
gc 0
Train Epoch4 Acc 0.12225833333333333 (14671/120000), AUC 0.5644040703773499
ep4_train_time 47.651761293411255
Test Epoch4 threshold 0.3 Acc 0.9126644736842106, AUC 0.9794203042984009, avg_entr 0.02320992760360241
ep4_t0.3_test_time 0.2251451015472412
gc 0
Train Epoch5 Acc 0.12385 (14862/120000), AUC 0.5664563179016113
ep5_train_time 47.6061155796051
Test Epoch5 threshold 0.3 Acc 0.9125, AUC 0.9792925715446472, avg_entr 0.024189069867134094
ep5_t0.3_test_time 0.22154998779296875
gc 0
Train Epoch6 Acc 0.19415 (23298/120000), AUC 0.5711569786071777
ep6_train_time 47.56988263130188
Test Epoch6 threshold 0.3 Acc 0.9136513157894737, AUC 0.979124903678894, avg_entr 0.02435663901269436
ep6_t0.3_test_time 0.22231197357177734
gc 0
Train Epoch7 Acc 0.20176666666666668 (24212/120000), AUC 0.5719647407531738
ep7_train_time 47.65226435661316
Test Epoch7 threshold 0.3 Acc 0.9129934210526316, AUC 0.9791751503944397, avg_entr 0.023746520280838013
ep7_t0.3_test_time 0.22332978248596191
gc 0
Train Epoch8 Acc 0.22710833333333333 (27253/120000), AUC 0.5733264088630676
ep8_train_time 47.73897075653076
Test Epoch8 threshold 0.3 Acc 0.9121710526315789, AUC 0.9787956476211548, avg_entr 0.02366379275918007
ep8_t0.3_test_time 0.23861145973205566
gc 0
Train Epoch9 Acc 0.23783333333333334 (28540/120000), AUC 0.575181782245636
ep9_train_time 47.655457735061646
Test Epoch9 threshold 0.3 Acc 0.9113486842105263, AUC 0.9785999059677124, avg_entr 0.023549938574433327
ep9_t0.3_test_time 0.2151951789855957
Best AUC 0.9802997708320618
train_loss (2, 5, 10)
valid_acc (10, 1)
valid_AUC (10, 1)
train_acc (10,)
Figure(640x480)
Figure(640x480)
Figure(640x480)
Figure(640x480)
Figure(640x480)
Start Testing
Load ckpt at ckpt/ag_news_lstmal_l5adf_pad100_t0.3_m4//ag_news_lstmal_l5_prefix.pt
Test threshold 0.3 Acc 0.9217105263157894, AUC 0.985637903213501, avg_entr 0.021971015259623528
t0.3_test_time 0.06077909469604492
