total count words 222751
vocab size 30000
found 27937 words in glove
Start Training
[[97.2874136  34.93000507]
 [ 2.92559607 24.59759255]]
Train Epoch0 Acc 0.764625 (30585/40000)
Test Epoch0 layer0 Acc 0.8238
Test Epoch0 layer1 Acc 0.8326
[[7.96821936e+01 2.76360719e+01]
 [1.31323716e-06 1.92898187e+01]]
Train Epoch1 Acc 0.889025 (35561/40000)
Test Epoch1 layer0 Acc 0.8396
Test Epoch1 layer1 Acc 0.8258
[[7.94441539e+01 2.53538164e+01]
 [1.75507708e-07 1.53393860e+01]]
Train Epoch2 Acc 0.922675 (36907/40000)
Test Epoch2 layer0 Acc 0.8404
Test Epoch2 layer1 Acc 0.8345
[[7.93835489e+01 2.35385460e+01]
 [3.59362283e-06 1.31435385e+01]]
Train Epoch3 Acc 0.93935 (37574/40000)
Test Epoch3 layer0 Acc 0.837
Test Epoch3 layer1 Acc 0.8215
[[7.93594726e+01 2.21030182e+01]
 [3.65250286e-06 1.16498931e+01]]
Train Epoch4 Acc 0.9487 (37948/40000)
Test Epoch4 layer0 Acc 0.8267
Test Epoch4 layer1 Acc 0.8265
[[7.93476981e+01 2.08737710e+01]
 [1.10483120e-05 1.02602576e+01]]
Train Epoch5 Acc 0.956775 (38271/40000)
Test Epoch5 layer0 Acc 0.8248
Test Epoch5 layer1 Acc 0.8237
[[7.93412114e+01 1.99872380e+01]
 [2.73529767e-05 9.10798587e+00]]
Train Epoch6 Acc 0.96325 (38530/40000)
Test Epoch6 layer0 Acc 0.8136
Test Epoch6 layer1 Acc 0.813
[[7.93373549e+01 1.92597058e+01]
 [8.93323507e-05 8.44795801e+00]]
Train Epoch7 Acc 0.96755 (38702/40000)
Test Epoch7 layer0 Acc 0.8128
Test Epoch7 layer1 Acc 0.8053
[[7.93349408e+01 1.86342934e+01]
 [4.65071102e-04 7.53942574e+00]]
Train Epoch8 Acc 0.971775 (38871/40000)
Test Epoch8 layer0 Acc 0.8086
Test Epoch8 layer1 Acc 0.8122
[[7.93333802e+01 1.81246249e+01]
 [7.32441719e-04 6.82633177e+00]]
Train Epoch9 Acc 0.975175 (39007/40000)
Test Epoch9 layer0 Acc 0.8032
Test Epoch9 layer1 Acc 0.7952
[[7.93323380e+01 1.77181867e+01]
 [1.58322387e-03 6.25621435e+00]]
Train Epoch10 Acc 0.978375 (39135/40000)
Test Epoch10 layer0 Acc 0.8007
Test Epoch10 layer1 Acc 0.8003
[[7.93316301e+01 1.73864061e+01]
 [4.81074728e-04 5.80237624e+00]]
Train Epoch11 Acc 0.98135 (39254/40000)
Test Epoch11 layer0 Acc 0.797
Test Epoch11 layer1 Acc 0.7949
[[7.93311461e+01 1.70106915e+01]
 [8.89055705e-04 5.20903507e+00]]
Train Epoch12 Acc 0.983475 (39339/40000)
Test Epoch12 layer0 Acc 0.7924
Test Epoch12 layer1 Acc 0.7946
[[7.93308236e+01 1.69063337e+01]
 [1.94426630e-03 5.00564885e+00]]
Train Epoch13 Acc 0.984575 (39383/40000)
Test Epoch13 layer0 Acc 0.7918
Test Epoch13 layer1 Acc 0.7844
[[7.93305797e+01 1.65347233e+01]
 [7.29125382e-04 4.48552503e+00]]
Train Epoch14 Acc 0.987 (39480/40000)
Test Epoch14 layer0 Acc 0.7889
Test Epoch14 layer1 Acc 0.7944
[[7.93303960e+01 1.63370393e+01]
 [1.07076665e-03 4.15668181e+00]]
Train Epoch15 Acc 0.988625 (39545/40000)
Test Epoch15 layer0 Acc 0.7857
Test Epoch15 layer1 Acc 0.785
[[7.93303110e+01 1.61959686e+01]
 [1.07758311e-03 3.81383164e+00]]
Train Epoch16 Acc 0.9899 (39596/40000)
Test Epoch16 layer0 Acc 0.7823
Test Epoch16 layer1 Acc 0.7851
[[7.93302086e+01 1.60368674e+01]
 [1.44105206e-03 3.62068448e+00]]
Train Epoch17 Acc 0.990825 (39633/40000)
Test Epoch17 layer0 Acc 0.7796
Test Epoch17 layer1 Acc 0.7846
[[7.93301641e+01 1.58405226e+01]
 [1.76240790e-03 3.11549940e+00]]
Train Epoch18 Acc 0.993625 (39745/40000)
Test Epoch18 layer0 Acc 0.778
Test Epoch18 layer1 Acc 0.7848
[[7.93300662e+01 1.57026238e+01]
 [3.74436730e-04 2.97765302e+00]]
Train Epoch19 Acc 0.9936 (39744/40000)
Test Epoch19 layer0 Acc 0.7776
Test Epoch19 layer1 Acc 0.7758
Best acc 0.8404
train_loss (2, 2, 20)
valid_acc (2, 20)
train_acc (20,)
Figure(640x480)
Figure(640x480)
Figure(640x480)
