total count words 102019
vocab size 30000
found 26754 words in glove
Load ckpt from ckpt/ag_news_lstmal_l5adf_pad175_t0.7_m4//ag_news_lstmal_l5.pt
model: LSTMModelML(
  (layers): ModuleList(
    (0): EMBLayer(
      (enc): ENC(
        (b): Sequential(
          (0): Linear(in_features=300, out_features=128, bias=True)
          (1): Tanh()
        )
        (f): Embedding(30000, 300)
        (cri): MSELoss()
      )
      (ae): AE(
        (g): Sequential(
          (0): Linear(in_features=4, out_features=128, bias=True)
          (1): Tanh()
        )
        (h): Sequential(
          (0): Linear(in_features=128, out_features=4, bias=True)
          (1): Sigmoid()
        )
        (cri): CrossEntropyLoss()
      )
    )
    (1): LSTMLayer(
      (enc): ENC(
        (b): Sequential(
          (0): Linear(in_features=300, out_features=128, bias=True)
          (1): Tanh()
        )
        (f): LSTM(300, 300, batch_first=True, bidirectional=True)
        (cri): MSELoss()
      )
      (ae): AE(
        (g): Sequential(
          (0): Linear(in_features=128, out_features=128, bias=True)
          (1): Tanh()
        )
        (h): Sequential(
          (0): Linear(in_features=128, out_features=128, bias=True)
        )
        (cri): MSELoss()
      )
    )
    (2): LSTMLayer(
      (enc): ENC(
        (b): Sequential(
          (0): Linear(in_features=300, out_features=128, bias=True)
          (1): Tanh()
        )
        (f): LSTM(600, 300, batch_first=True, bidirectional=True)
        (cri): MSELoss()
      )
      (ae): AE(
        (g): Sequential(
          (0): Linear(in_features=128, out_features=128, bias=True)
          (1): Tanh()
        )
        (h): Sequential(
          (0): Linear(in_features=128, out_features=128, bias=True)
        )
        (cri): MSELoss()
      )
    )
    (3): LSTMLayer(
      (enc): ENC(
        (b): Sequential(
          (0): Linear(in_features=300, out_features=128, bias=True)
          (1): Tanh()
        )
        (f): LSTM(600, 300, batch_first=True, bidirectional=True)
        (cri): MSELoss()
      )
      (ae): AE(
        (g): Sequential(
          (0): Linear(in_features=128, out_features=128, bias=True)
          (1): Tanh()
        )
        (h): Sequential(
          (0): Linear(in_features=128, out_features=128, bias=True)
        )
        (cri): MSELoss()
      )
    )
    (4): LSTMLayer(
      (enc): ENC(
        (b): Sequential(
          (0): Linear(in_features=300, out_features=128, bias=True)
          (1): Tanh()
        )
        (f): LSTM(600, 300, batch_first=True, bidirectional=True)
        (cri): MSELoss()
      )
      (ae): AE(
        (g): Sequential(
          (0): Linear(in_features=128, out_features=128, bias=True)
          (1): Tanh()
        )
        (h): Sequential(
          (0): Linear(in_features=128, out_features=128, bias=True)
        )
        (cri): MSELoss()
      )
    )
  )
)
layers.0.enc.b.0.weight 38400
layers.0.enc.b.0.bias 128
layers.0.enc.f.weight 9000000
layers.0.ae.g.0.weight 512
layers.0.ae.g.0.bias 128
layers.0.ae.h.0.weight 512
layers.0.ae.h.0.bias 4
layers.1.enc.b.0.weight 38400
layers.1.enc.b.0.bias 128
layers.1.enc.f.weight_ih_l0 360000
layers.1.enc.f.weight_hh_l0 360000
layers.1.enc.f.bias_ih_l0 1200
layers.1.enc.f.bias_hh_l0 1200
layers.1.enc.f.weight_ih_l0_reverse 360000
layers.1.enc.f.weight_hh_l0_reverse 360000
layers.1.enc.f.bias_ih_l0_reverse 1200
layers.1.enc.f.bias_hh_l0_reverse 1200
layers.1.ae.g.0.weight 16384
layers.1.ae.g.0.bias 128
layers.1.ae.h.0.weight 16384
layers.1.ae.h.0.bias 128
layers.2.enc.b.0.weight 38400
layers.2.enc.b.0.bias 128
layers.2.enc.f.weight_ih_l0 720000
layers.2.enc.f.weight_hh_l0 360000
layers.2.enc.f.bias_ih_l0 1200
layers.2.enc.f.bias_hh_l0 1200
layers.2.enc.f.weight_ih_l0_reverse 720000
layers.2.enc.f.weight_hh_l0_reverse 360000
layers.2.enc.f.bias_ih_l0_reverse 1200
layers.2.enc.f.bias_hh_l0_reverse 1200
layers.2.ae.g.0.weight 16384
layers.2.ae.g.0.bias 128
layers.2.ae.h.0.weight 16384
layers.2.ae.h.0.bias 128
layers.3.enc.b.0.weight 38400
layers.3.enc.b.0.bias 128
layers.3.enc.f.weight_ih_l0 720000
layers.3.enc.f.weight_hh_l0 360000
layers.3.enc.f.bias_ih_l0 1200
layers.3.enc.f.bias_hh_l0 1200
layers.3.enc.f.weight_ih_l0_reverse 720000
layers.3.enc.f.weight_hh_l0_reverse 360000
layers.3.enc.f.bias_ih_l0_reverse 1200
layers.3.enc.f.bias_hh_l0_reverse 1200
layers.3.ae.g.0.weight 16384
layers.3.ae.g.0.bias 128
layers.3.ae.h.0.weight 16384
layers.3.ae.h.0.bias 128
layers.4.enc.b.0.weight 38400
layers.4.enc.b.0.bias 128
layers.4.enc.f.weight_ih_l0 720000
layers.4.enc.f.weight_hh_l0 360000
layers.4.enc.f.bias_ih_l0 1200
layers.4.enc.f.bias_hh_l0 1200
layers.4.enc.f.weight_ih_l0_reverse 720000
layers.4.enc.f.weight_hh_l0_reverse 360000
layers.4.enc.f.bias_ih_l0_reverse 1200
layers.4.enc.f.bias_hh_l0_reverse 1200
layers.4.ae.g.0.weight 16384
layers.4.ae.g.0.bias 128
layers.4.ae.h.0.weight 16384
layers.4.ae.h.0.bias 128
Total Trainable Params: 17265092
init_time 19.999770641326904
Start Training
train_mask {4} False
gc 9
Train Epoch0 Acc 0.9236833333333333 (110842/120000), AUC 0.9856362342834473
ep0_train_time 56.16150736808777
Test Epoch0 threshold 0.7 Acc 0.9105263157894737, AUC 0.9788231253623962, avg_entr 0.05553039535880089
ep0_t0.7_test_time 0.1642165184020996
Save ckpt to ckpt/ag_news_lstmal_l5adf_pad175_t0.7_m5//ag_news_lstmal_l5.pt  ,ep 0
gc 0
Train Epoch1 Acc 0.9574666666666667 (114896/120000), AUC 0.9925450086593628
ep1_train_time 56.20106792449951
Test Epoch1 threshold 0.7 Acc 0.9105263157894737, AUC 0.9788231253623962, avg_entr 0.05553039535880089
ep1_t0.7_test_time 0.1632852554321289
Save ckpt to ckpt/ag_news_lstmal_l5adf_pad175_t0.7_m5//ag_news_lstmal_l5.pt  ,ep 1
gc 0
Train Epoch2 Acc 0.9578583333333334 (114943/120000), AUC 0.9927471876144409
ep2_train_time 56.14436197280884
Test Epoch2 threshold 0.7 Acc 0.9105263157894737, AUC 0.9788231253623962, avg_entr 0.05553039535880089
ep2_t0.7_test_time 0.16271662712097168
Save ckpt to ckpt/ag_news_lstmal_l5adf_pad175_t0.7_m5//ag_news_lstmal_l5.pt  ,ep 2
gc 0
Train Epoch3 Acc 0.9580416666666667 (114965/120000), AUC 0.9929224252700806
ep3_train_time 56.14938807487488
Test Epoch3 threshold 0.7 Acc 0.9105263157894737, AUC 0.9788231253623962, avg_entr 0.05553039535880089
ep3_t0.7_test_time 0.16405463218688965
Save ckpt to ckpt/ag_news_lstmal_l5adf_pad175_t0.7_m5//ag_news_lstmal_l5.pt  ,ep 3
gc 0
Train Epoch4 Acc 0.958225 (114987/120000), AUC 0.9929684400558472
ep4_train_time 56.222447872161865
Test Epoch4 threshold 0.7 Acc 0.9105263157894737, AUC 0.9788231253623962, avg_entr 0.05553039535880089
ep4_t0.7_test_time 0.16287875175476074
Save ckpt to ckpt/ag_news_lstmal_l5adf_pad175_t0.7_m5//ag_news_lstmal_l5.pt  ,ep 4
gc 0
Train Epoch5 Acc 0.9583333333333334 (115000/120000), AUC 0.9931350350379944
ep5_train_time 56.25628304481506
Test Epoch5 threshold 0.7 Acc 0.9105263157894737, AUC 0.9788231253623962, avg_entr 0.05553039535880089
ep5_t0.7_test_time 0.16321015357971191
Save ckpt to ckpt/ag_news_lstmal_l5adf_pad175_t0.7_m5//ag_news_lstmal_l5.pt  ,ep 5
gc 0
Train Epoch6 Acc 0.9583166666666667 (114998/120000), AUC 0.9932103157043457
ep6_train_time 56.20968198776245
Test Epoch6 threshold 0.7 Acc 0.9105263157894737, AUC 0.9788231253623962, avg_entr 0.05553039535880089
ep6_t0.7_test_time 0.167266845703125
Save ckpt to ckpt/ag_news_lstmal_l5adf_pad175_t0.7_m5//ag_news_lstmal_l5.pt  ,ep 6
gc 0
Train Epoch7 Acc 0.958325 (114999/120000), AUC 0.9932423830032349
ep7_train_time 56.208640813827515
Test Epoch7 threshold 0.7 Acc 0.9105263157894737, AUC 0.9788231253623962, avg_entr 0.05553039535880089
ep7_t0.7_test_time 0.163346529006958
Save ckpt to ckpt/ag_news_lstmal_l5adf_pad175_t0.7_m5//ag_news_lstmal_l5.pt  ,ep 7
gc 0
Train Epoch8 Acc 0.9584 (115008/120000), AUC 0.9932781457901001
ep8_train_time 56.25941562652588
Test Epoch8 threshold 0.7 Acc 0.9105263157894737, AUC 0.9788231253623962, avg_entr 0.05553039535880089
ep8_t0.7_test_time 0.16457915306091309
Save ckpt to ckpt/ag_news_lstmal_l5adf_pad175_t0.7_m5//ag_news_lstmal_l5.pt  ,ep 8
gc 0
Train Epoch9 Acc 0.9585 (115020/120000), AUC 0.9934042692184448
ep9_train_time 56.17416477203369
Test Epoch9 threshold 0.7 Acc 0.9105263157894737, AUC 0.9788231253623962, avg_entr 0.05553039535880089
ep9_t0.7_test_time 0.16367459297180176
Save ckpt to ckpt/ag_news_lstmal_l5adf_pad175_t0.7_m5//ag_news_lstmal_l5.pt  ,ep 9
Best AUC 0.9788231253623962
train_loss (2, 5, 10)
valid_acc (10, 1)
valid_AUC (10, 1)
train_acc (10,)
Figure(640x480)
Figure(640x480)
Figure(640x480)
Figure(640x480)
Figure(640x480)
total_train/valid_time 565.2805259227753
Start Testing
Load ckpt at ckpt/ag_news_lstmal_l5adf_pad175_t0.7_m5//ag_news_lstmal_l5.pt
Test threshold 0.7 Acc 0.9244736842105263, AUC 0.984990119934082, avg_entr 0.05432288721203804
t0.7_test_time 0.16265106201171875
