total count words 102019
vocab size 30000
found 26754 words in glove
Load ckpt from ckpt/ag_news_linearal_l5adf_pad25_t0.2_m3//ag_news_linearal_l5_prefix.pt
model: LinearModelML(
  (layers): ModuleList(
    (0): EMBLayer(
      (enc): ENC(
        (b): Sequential(
          (0): Linear(in_features=300, out_features=128, bias=True)
          (1): Tanh()
        )
        (f): Embedding(30000, 300)
        (cri): MSELoss()
      )
      (ae): AE(
        (g): Sequential(
          (0): Linear(in_features=4, out_features=128, bias=True)
          (1): Tanh()
        )
        (h): Sequential(
          (0): Linear(in_features=128, out_features=4, bias=True)
          (1): Sigmoid()
        )
        (cri): CrossEntropyLoss()
      )
    )
    (1): LinearLayer(
      (enc): ENC(
        (b): Sequential(
          (0): Linear(in_features=300, out_features=128, bias=True)
          (1): Tanh()
        )
        (f): Sequential(
          (0): Linear(in_features=300, out_features=300, bias=True)
          (1): ELU(alpha=1.0)
        )
        (cri): MSELoss()
      )
      (ae): AE(
        (g): Sequential(
          (0): Linear(in_features=128, out_features=128, bias=True)
          (1): Tanh()
        )
        (h): Sequential(
          (0): Linear(in_features=128, out_features=128, bias=True)
        )
        (cri): MSELoss()
      )
    )
    (2): LinearLayer(
      (enc): ENC(
        (b): Sequential(
          (0): Linear(in_features=300, out_features=128, bias=True)
          (1): Tanh()
        )
        (f): Sequential(
          (0): Linear(in_features=300, out_features=300, bias=True)
          (1): ELU(alpha=1.0)
        )
        (cri): MSELoss()
      )
      (ae): AE(
        (g): Sequential(
          (0): Linear(in_features=128, out_features=128, bias=True)
          (1): Tanh()
        )
        (h): Sequential(
          (0): Linear(in_features=128, out_features=128, bias=True)
        )
        (cri): MSELoss()
      )
    )
    (3): LinearLayer(
      (enc): ENC(
        (b): Sequential(
          (0): Linear(in_features=300, out_features=128, bias=True)
          (1): Tanh()
        )
        (f): Sequential(
          (0): Linear(in_features=300, out_features=300, bias=True)
          (1): ELU(alpha=1.0)
        )
        (cri): MSELoss()
      )
      (ae): AE(
        (g): Sequential(
          (0): Linear(in_features=128, out_features=128, bias=True)
          (1): Tanh()
        )
        (h): Sequential(
          (0): Linear(in_features=128, out_features=128, bias=True)
        )
        (cri): MSELoss()
      )
    )
    (4): LinearLayer(
      (enc): ENC(
        (b): Sequential(
          (0): Linear(in_features=300, out_features=128, bias=True)
          (1): Tanh()
        )
        (f): Sequential(
          (0): Linear(in_features=300, out_features=300, bias=True)
          (1): ELU(alpha=1.0)
        )
        (cri): MSELoss()
      )
      (ae): AE(
        (g): Sequential(
          (0): Linear(in_features=128, out_features=128, bias=True)
          (1): Tanh()
        )
        (h): Sequential(
          (0): Linear(in_features=128, out_features=128, bias=True)
        )
        (cri): MSELoss()
      )
    )
  )
)
layers.0.enc.b.0.weight 38400
layers.0.enc.b.0.bias 128
layers.0.enc.f.weight 9000000
layers.0.ae.g.0.weight 512
layers.0.ae.g.0.bias 128
layers.0.ae.h.0.weight 512
layers.0.ae.h.0.bias 4
layers.1.enc.b.0.weight 38400
layers.1.enc.b.0.bias 128
layers.1.enc.f.0.weight 90000
layers.1.enc.f.0.bias 300
layers.1.ae.g.0.weight 16384
layers.1.ae.g.0.bias 128
layers.1.ae.h.0.weight 16384
layers.1.ae.h.0.bias 128
layers.2.enc.b.0.weight 38400
layers.2.enc.b.0.bias 128
layers.2.enc.f.0.weight 90000
layers.2.enc.f.0.bias 300
layers.2.ae.g.0.weight 16384
layers.2.ae.g.0.bias 128
layers.2.ae.h.0.weight 16384
layers.2.ae.h.0.bias 128
layers.3.enc.b.0.weight 38400
layers.3.enc.b.0.bias 128
layers.3.enc.f.0.weight 90000
layers.3.enc.f.0.bias 300
layers.3.ae.g.0.weight 16384
layers.3.ae.g.0.bias 128
layers.3.ae.h.0.weight 16384
layers.3.ae.h.0.bias 128
layers.4.enc.b.0.weight 38400
layers.4.enc.b.0.bias 128
layers.4.enc.f.0.weight 90000
layers.4.enc.f.0.bias 300
layers.4.ae.g.0.weight 16384
layers.4.ae.g.0.bias 128
layers.4.ae.h.0.weight 16384
layers.4.ae.h.0.bias 128
Total Trainable Params: 9687092
Start Training
train_mask {0, 1, 2, 3}
gc 9
Train Epoch0 Acc 0.40108333333333335 (48130/120000), AUC 0.6317088603973389
ep0_train_time 5.840031623840332
Test Epoch0 threshold 0.2 Acc 0.9116776315789473, AUC 0.9804385900497437, avg_entr 0.022357523441314697
ep0_t0.2_test_time 0.09513235092163086
Save ckpt to ckpt/ag_news_linearal_l5adf_pad25_t0.2_m4//ag_news_linearal_l5_prefix.pt  ,ep 0
gc 0
Train Epoch1 Acc 0.4671416666666667 (56057/120000), AUC 0.6347848176956177
ep1_train_time 5.320885896682739
Test Epoch1 threshold 0.2 Acc 0.9111842105263158, AUC 0.9806309938430786, avg_entr 0.023057827726006508
ep1_t0.2_test_time 0.09327530860900879
Save ckpt to ckpt/ag_news_linearal_l5adf_pad25_t0.2_m4//ag_news_linearal_l5_prefix.pt  ,ep 1
gc 0
Train Epoch2 Acc 0.38471666666666665 (46166/120000), AUC 0.583882212638855
ep2_train_time 5.415051698684692
Test Epoch2 threshold 0.2 Acc 0.9125, AUC 0.9798905253410339, avg_entr 0.020588815212249756
ep2_t0.2_test_time 0.09262251853942871
gc 0
Train Epoch3 Acc 0.27731666666666666 (33278/120000), AUC 0.506874680519104
ep3_train_time 5.414271831512451
Test Epoch3 threshold 0.2 Acc 0.9097039473684211, AUC 0.9798302054405212, avg_entr 0.01886906288564205
ep3_t0.2_test_time 0.09577727317810059
gc 0
Train Epoch4 Acc 0.18919166666666667 (22703/120000), AUC 0.42205125093460083
ep4_train_time 5.776581525802612
Test Epoch4 threshold 0.2 Acc 0.9110197368421052, AUC 0.9796682596206665, avg_entr 0.017999542877078056
ep4_t0.2_test_time 0.09519076347351074
gc 0
Train Epoch5 Acc 0.12929166666666667 (15515/120000), AUC 0.37483927607536316
ep5_train_time 5.608725070953369
Test Epoch5 threshold 0.2 Acc 0.9120065789473685, AUC 0.9794872999191284, avg_entr 0.01792742684483528
ep5_t0.2_test_time 0.09204339981079102
gc 0
Train Epoch6 Acc 0.09376666666666666 (11252/120000), AUC 0.3630411922931671
ep6_train_time 5.378735542297363
Test Epoch6 threshold 0.2 Acc 0.9103618421052632, AUC 0.9790408611297607, avg_entr 0.01748131588101387
ep6_t0.2_test_time 0.0922400951385498
gc 0
Train Epoch7 Acc 0.07865 (9438/120000), AUC 0.36051735281944275
ep7_train_time 5.402465105056763
Test Epoch7 threshold 0.2 Acc 0.9101973684210526, AUC 0.9787923693656921, avg_entr 0.01709931343793869
ep7_t0.2_test_time 0.09224438667297363
gc 0
Train Epoch8 Acc 0.07053333333333334 (8464/120000), AUC 0.3601594865322113
ep8_train_time 5.419792890548706
Test Epoch8 threshold 0.2 Acc 0.9101973684210526, AUC 0.9785208106040955, avg_entr 0.017284510657191277
ep8_t0.2_test_time 0.09233951568603516
gc 0
Train Epoch9 Acc 0.06701666666666667 (8042/120000), AUC 0.36071908473968506
ep9_train_time 5.417675495147705
Test Epoch9 threshold 0.2 Acc 0.909375, AUC 0.9782552719116211, avg_entr 0.01725747436285019
ep9_t0.2_test_time 0.09242892265319824
Best AUC 0.9806309938430786
train_loss (2, 5, 10)
valid_acc (10, 1)
valid_AUC (10, 1)
train_acc (10,)
Figure(640x480)
Figure(640x480)
Figure(640x480)
Figure(640x480)
Figure(640x480)
Start Testing
Load ckpt at ckpt/ag_news_linearal_l5adf_pad25_t0.2_m4//ag_news_linearal_l5_prefix.pt
Test threshold 0.2 Acc 0.9223684210526316, AUC 0.9851312637329102, avg_entr 0.02392509952187538
t0.2_test_time 0.024203062057495117
