Load ckpt from ./ckpt/train_l3//kdd99/kdd99_linearal_l5.pt
Start Training
[[4.76768818e+03 3.05516760e+00]
 [2.82400059e-03 2.40894380e+00]
 [3.48724951e-03 1.79030291e+00]
 [2.24035662e-06 1.25324231e+00]
 [1.70983419e+01 2.07710632e+01]]
Train Epoch0 Acc 0.9707975801756651 (383533/395070), AUC 0.9765020608901978
Test Epoch0 layer0 Acc 0.9952618150892966, AUC 0.9933536648750305
Test Epoch0 layer1 Acc 0.995687036812052, AUC 0.9955835342407227
Test Epoch0 layer2 Acc 0.9962539991090592, AUC 0.99566650390625
Test Epoch0 layer3 Acc 0.997023447940712, AUC 0.9964253902435303
Test Epoch0 layer4 Acc 0.9955351719110679, AUC 0.9960604310035706
Save ckpt to ./ckpt/train_l4//kdd99/kdd99_linearal_l5.pt  ,ep 0
[[4.76768818e+03 3.05498084e+00]
 [2.82400063e-03 2.40887690e+00]
 [3.48730140e-03 1.79029362e+00]
 [2.24036534e-06 1.25323443e+00]
 [8.80586104e-02 1.90713254e+00]]
Train Epoch1 Acc 0.9962032044954059 (393570/395070), AUC 0.9966022968292236
Test Epoch1 layer0 Acc 0.9952618150892966, AUC 0.9933536648750305
Test Epoch1 layer1 Acc 0.995687036812052, AUC 0.9955835342407227
Test Epoch1 layer2 Acc 0.9962539991090592, AUC 0.99566650390625
Test Epoch1 layer3 Acc 0.997023447940712, AUC 0.9964253902435303
Test Epoch1 layer4 Acc 0.9963653667031143, AUC 0.9965827465057373
Save ckpt to ./ckpt/train_l4//kdd99/kdd99_linearal_l5.pt  ,ep 1
[[4.76768866e+03 3.05498773e+00]
 [2.82400126e-03 2.40889242e+00]
 [3.48732434e-03 1.79030333e+00]
 [2.24036271e-06 1.25325080e+00]
 [8.90001557e-03 1.48133923e+00]]
Train Epoch2 Acc 0.9967600678360797 (393790/395070), AUC 0.9969117641448975
Test Epoch2 layer0 Acc 0.9952618150892966, AUC 0.9933536648750305
Test Epoch2 layer1 Acc 0.995687036812052, AUC 0.9955835342407227
Test Epoch2 layer2 Acc 0.9962539991090592, AUC 0.99566650390625
Test Epoch2 layer3 Acc 0.997023447940712, AUC 0.9964253902435303
Test Epoch2 layer4 Acc 0.9968108370793343, AUC 0.9964391589164734
[[4.76768820e+03 3.05511892e+00]
 [2.82400062e-03 2.40900801e+00]
 [3.48726043e-03 1.79043063e+00]
 [2.24035626e-06 1.25332294e+00]
 [7.81524634e-04 1.34073107e+00]]
Train Epoch3 Acc 0.9971599969625636 (393948/395070), AUC 0.9968675374984741
Test Epoch3 layer0 Acc 0.9952618150892966, AUC 0.9933536648750305
Test Epoch3 layer1 Acc 0.995687036812052, AUC 0.9955835342407227
Test Epoch3 layer2 Acc 0.9962539991090592, AUC 0.99566650390625
Test Epoch3 layer3 Acc 0.997023447940712, AUC 0.9964253902435303
Test Epoch3 layer4 Acc 0.9970031992872473, AUC 0.9963274598121643
[[4.76768893e+03 3.05663452e+00]
 [2.82400890e-03 2.41028460e+00]
 [3.48720027e-03 1.79120721e+00]
 [2.24033732e-06 1.25362393e+00]
 [2.34842913e-04 1.27282160e+00]]
Train Epoch4 Acc 0.9973118687827474 (394008/395070), AUC 0.9968724846839905
Test Epoch4 layer0 Acc 0.9952618150892966, AUC 0.9933536648750305
Test Epoch4 layer1 Acc 0.995687036812052, AUC 0.9955835342407227
Test Epoch4 layer2 Acc 0.9962539991090592, AUC 0.99566650390625
Test Epoch4 layer3 Acc 0.997023447940712, AUC 0.9964253902435303
Test Epoch4 layer4 Acc 0.9970031992872473, AUC 0.9964140057563782
[[4.76768820e+03 3.05487442e+00]
 [2.82400063e-03 2.40881515e+00]
 [3.48732505e-03 1.79025310e+00]
 [2.24037228e-06 1.25321985e+00]
 [2.45238845e-04 1.22820405e+00]]
Train Epoch5 Acc 0.9973473055407902 (394022/395070), AUC 0.9968300461769104
Test Epoch5 layer0 Acc 0.9952618150892966, AUC 0.9933536648750305
Test Epoch5 layer1 Acc 0.995687036812052, AUC 0.9955835342407227
Test Epoch5 layer2 Acc 0.9962539991090592, AUC 0.99566650390625
Test Epoch5 layer3 Acc 0.997023447940712, AUC 0.9964253902435303
Test Epoch5 layer4 Acc 0.9971854371684283, AUC 0.9964491128921509
[[4.76769538e+03 3.05540551e+00]
 [2.83859158e-03 2.40924769e+00]
 [3.48798234e-03 1.79047438e+00]
 [2.24036627e-06 1.25334582e+00]
 [2.44481759e-04 1.19487378e+00]]
Train Epoch6 Acc 0.9974308350418913 (394055/395070), AUC 0.9969117641448975
Test Epoch6 layer0 Acc 0.9952618150892966, AUC 0.9933536648750305
Test Epoch6 layer1 Acc 0.995687036812052, AUC 0.9955835342407227
Test Epoch6 layer2 Acc 0.9962539991090592, AUC 0.99566650390625
Test Epoch6 layer3 Acc 0.997023447940712, AUC 0.9964253902435303
Test Epoch6 layer4 Acc 0.9973069290892156, AUC 0.996416449546814
[[4.76768854e+03 3.05551307e+00]
 [2.82400477e-03 2.40941179e+00]
 [3.48730904e-03 1.79042562e+00]
 [2.24036484e-06 1.25329737e+00]
 [2.34324464e-04 1.16831557e+00]]
Train Epoch7 Acc 0.9974814589819526 (394075/395070), AUC 0.9968895316123962
Test Epoch7 layer0 Acc 0.9952618150892966, AUC 0.9933536648750305
Test Epoch7 layer1 Acc 0.995687036812052, AUC 0.9955835342407227
Test Epoch7 layer2 Acc 0.9962539991090592, AUC 0.99566650390625
Test Epoch7 layer3 Acc 0.997023447940712, AUC 0.9964253902435303
Test Epoch7 layer4 Acc 0.9973575507228769, AUC 0.9964563846588135
[[4.76768819e+03 3.05532270e+00]
 [2.82400062e-03 2.40910754e+00]
 [3.48727337e-03 1.79046183e+00]
 [2.24035900e-06 1.25331140e+00]
 [2.59173621e-04 1.14825203e+00]]
Train Epoch8 Acc 0.9975320829220138 (394095/395070), AUC 0.9967410564422607
Test Epoch8 layer0 Acc 0.9952618150892966, AUC 0.9933536648750305
Test Epoch8 layer1 Acc 0.995687036812052, AUC 0.9955835342407227
Test Epoch8 layer2 Acc 0.9962539991090592, AUC 0.99566650390625
Test Epoch8 layer3 Acc 0.997023447940712, AUC 0.9964253902435303
Test Epoch8 layer4 Acc 0.9973777993763415, AUC 0.9964562058448792
[[4.76768833e+03 3.05501070e+00]
 [2.82400075e-03 2.40892867e+00]
 [3.48725844e-03 1.79035438e+00]
 [2.24035259e-06 1.25327649e+00]
 [2.36514869e-04 1.12789123e+00]]
Train Epoch9 Acc 0.9975320829220138 (394095/395070), AUC 0.997052013874054
Test Epoch9 layer0 Acc 0.9952618150892966, AUC 0.9933536648750305
Test Epoch9 layer1 Acc 0.995687036812052, AUC 0.9955835342407227
Test Epoch9 layer2 Acc 0.9962539991090592, AUC 0.99566650390625
Test Epoch9 layer3 Acc 0.997023447940712, AUC 0.9964253902435303
Test Epoch9 layer4 Acc 0.9974081723565383, AUC 0.9963750839233398
Best AUC 0.9965827465057373
train_loss (2, 5, 10)
valid_acc (5, 10)
valid_AUC (5, 10)
train_acc (10,)
Figure(640x480)
Figure(640x480)
Figure(640x480)
Figure(640x480)
Start Testing
Load ckpt at ./ckpt/train_l4//kdd99/kdd99_linearal_l5.pt
[[56134     0    24     0     0     0     0     0     0     0     0]
 [    0 21439     2     0     0     0     0     0     0     0     0]
 [    6     5 19421    12     0     7     0     5     0     0     0]
 [    0     0    16   425     0     0     0     0     0     0     0]
 [    0     1    43     0   274     0     0     0     0     0     0]
 [    0     0    31     0     0   219     0     0     0     0     0]
 [    0    24    23     0    24     0   137     0     0     0     0]
 [    0     0   133     7     0     2     0    62     0     0     0]
 [    0     0     3     0     0     0     0     0   193     0     0]
 [    0     0    34     0     0    19     0     0     0     0     0]
 [    0    18    29     0     0     0     0     0     0     0     0]]
Figure(640x480)
[[56137     0    21     0     0     0     0     0     0     0     0]
 [    0 21439     2     0     0     0     0     0     0     0     0]
 [    6     2 19430    11     0     5     0     2     0     0     0]
 [    0     0    16   425     0     0     0     0     0     0     0]
 [    1     0    41     0   276     0     0     0     0     0     0]
 [    0     0    31     0     0   219     0     0     0     0     0]
 [    0    24    20     0     0     0   164     0     0     0     0]
 [    0     0   134     6     0     1     0    63     0     0     0]
 [    0     0     3     0     0     0     0     0   193     0     0]
 [    1     0    32     0     0    19     0     0     1     0     0]
 [    0    18    29     0     0     0     0     0     0     0     0]]
Figure(640x480)
[[56141     0    17     0     0     0     0     0     0     0     0]
 [    0 21439     2     0     0     0     0     0     0     0     0]
 [    6     1 19428     9     0     4     0     8     0     0     0]
 [    0     0    16   425     0     0     0     0     0     0     0]
 [    2     0    39     0   277     0     0     0     0     0     0]
 [    0     0    31     0     0   219     0     0     0     0     0]
 [    0    24    17     0     0     0   167     0     0     0     0]
 [    0     0   111     2     0     0     0    91     0     0     0]
 [    0     0     2     0     1     0     0     0   193     0     0]
 [    0     0    27     0     0     3     0     1     0    22     0]
 [    0    18    29     0     0     0     0     0     0     0     0]]
Figure(640x480)
[[56146     0    12     0     0     0     0     0     0     0     0]
 [    0 21439     2     0     0     0     0     0     0     0     0]
 [    6     1 19430     8     0     4     0     7     0     0     0]
 [    0     0    16   425     0     0     0     0     0     0     0]
 [    4     0    37     0   277     0     0     0     0     0     0]
 [    0     0    30     0     0   219     0     1     0     0     0]
 [    0    14    14     0     0     0   180     0     0     0     0]
 [    0     0    70     0     0     0     0   134     0     0     0]
 [    1     0     1     0     0     0     0     0   193     1     0]
 [    0     0    17     0     0     0     0     1     0    35     0]
 [    0    18    29     0     0     0     0     0     0     0     0]]
Figure(640x480)
[[56145     0    13     0     0     0     0     0     0     0     0]
 [    0 21439     2     0     0     0     0     0     0     0     0]
 [    6     1 19430     8     0     4     0     7     0     0     0]
 [    0     0    16   425     0     0     0     0     0     0     0]
 [    3     0    38     0   277     0     0     0     0     0     0]
 [    0     0    31     0     0   219     0     0     0     0     0]
 [    0    16    15     0     0     0   177     0     0     0     0]
 [    0     0    95     1     0     0     0   108     0     0     0]
 [    0     0     2     0     1     0     0     0   193     0     0]
 [    0     0    24     0     0     1     0    25     3     0     0]
 [    0    18    29     0     0     0     0     0     0     0     0]]
Figure(640x480)
