total count words 102019
vocab size 30000
found 26754 words in glove
Load ckpt from ckpt/ag_news_linearal_l5adf_pad75_t0.2_m1//ag_news_linearal_l5_prefix.pt
model: LinearModelML(
  (layers): ModuleList(
    (0): EMBLayer(
      (enc): ENC(
        (b): Sequential(
          (0): Linear(in_features=300, out_features=128, bias=True)
          (1): Tanh()
        )
        (f): Embedding(30000, 300)
        (cri): MSELoss()
      )
      (ae): AE(
        (g): Sequential(
          (0): Linear(in_features=4, out_features=128, bias=True)
          (1): Tanh()
        )
        (h): Sequential(
          (0): Linear(in_features=128, out_features=4, bias=True)
          (1): Sigmoid()
        )
        (cri): CrossEntropyLoss()
      )
    )
    (1): LinearLayer(
      (enc): ENC(
        (b): Sequential(
          (0): Linear(in_features=300, out_features=128, bias=True)
          (1): Tanh()
        )
        (f): Sequential(
          (0): Linear(in_features=300, out_features=300, bias=True)
          (1): ELU(alpha=1.0)
        )
        (cri): MSELoss()
      )
      (ae): AE(
        (g): Sequential(
          (0): Linear(in_features=128, out_features=128, bias=True)
          (1): Tanh()
        )
        (h): Sequential(
          (0): Linear(in_features=128, out_features=128, bias=True)
        )
        (cri): MSELoss()
      )
    )
    (2): LinearLayer(
      (enc): ENC(
        (b): Sequential(
          (0): Linear(in_features=300, out_features=128, bias=True)
          (1): Tanh()
        )
        (f): Sequential(
          (0): Linear(in_features=300, out_features=300, bias=True)
          (1): ELU(alpha=1.0)
        )
        (cri): MSELoss()
      )
      (ae): AE(
        (g): Sequential(
          (0): Linear(in_features=128, out_features=128, bias=True)
          (1): Tanh()
        )
        (h): Sequential(
          (0): Linear(in_features=128, out_features=128, bias=True)
        )
        (cri): MSELoss()
      )
    )
    (3): LinearLayer(
      (enc): ENC(
        (b): Sequential(
          (0): Linear(in_features=300, out_features=128, bias=True)
          (1): Tanh()
        )
        (f): Sequential(
          (0): Linear(in_features=300, out_features=300, bias=True)
          (1): ELU(alpha=1.0)
        )
        (cri): MSELoss()
      )
      (ae): AE(
        (g): Sequential(
          (0): Linear(in_features=128, out_features=128, bias=True)
          (1): Tanh()
        )
        (h): Sequential(
          (0): Linear(in_features=128, out_features=128, bias=True)
        )
        (cri): MSELoss()
      )
    )
    (4): LinearLayer(
      (enc): ENC(
        (b): Sequential(
          (0): Linear(in_features=300, out_features=128, bias=True)
          (1): Tanh()
        )
        (f): Sequential(
          (0): Linear(in_features=300, out_features=300, bias=True)
          (1): ELU(alpha=1.0)
        )
        (cri): MSELoss()
      )
      (ae): AE(
        (g): Sequential(
          (0): Linear(in_features=128, out_features=128, bias=True)
          (1): Tanh()
        )
        (h): Sequential(
          (0): Linear(in_features=128, out_features=128, bias=True)
        )
        (cri): MSELoss()
      )
    )
  )
)
layers.0.enc.b.0.weight 38400
layers.0.enc.b.0.bias 128
layers.0.enc.f.weight 9000000
layers.0.ae.g.0.weight 512
layers.0.ae.g.0.bias 128
layers.0.ae.h.0.weight 512
layers.0.ae.h.0.bias 4
layers.1.enc.b.0.weight 38400
layers.1.enc.b.0.bias 128
layers.1.enc.f.0.weight 90000
layers.1.enc.f.0.bias 300
layers.1.ae.g.0.weight 16384
layers.1.ae.g.0.bias 128
layers.1.ae.h.0.weight 16384
layers.1.ae.h.0.bias 128
layers.2.enc.b.0.weight 38400
layers.2.enc.b.0.bias 128
layers.2.enc.f.0.weight 90000
layers.2.enc.f.0.bias 300
layers.2.ae.g.0.weight 16384
layers.2.ae.g.0.bias 128
layers.2.ae.h.0.weight 16384
layers.2.ae.h.0.bias 128
layers.3.enc.b.0.weight 38400
layers.3.enc.b.0.bias 128
layers.3.enc.f.0.weight 90000
layers.3.enc.f.0.bias 300
layers.3.ae.g.0.weight 16384
layers.3.ae.g.0.bias 128
layers.3.ae.h.0.weight 16384
layers.3.ae.h.0.bias 128
layers.4.enc.b.0.weight 38400
layers.4.enc.b.0.bias 128
layers.4.enc.f.0.weight 90000
layers.4.enc.f.0.bias 300
layers.4.ae.g.0.weight 16384
layers.4.ae.g.0.bias 128
layers.4.ae.h.0.weight 16384
layers.4.ae.h.0.bias 128
Total Trainable Params: 9687092
Start Training
train_mask {0, 1}
gc 9
Train Epoch0 Acc 0.25515 (30618/120000), AUC 0.584571361541748
ep0_train_time 6.211573123931885
Test Epoch0 threshold 0.2 Acc 0.9166118421052631, AUC 0.9805570244789124, avg_entr 0.028694216161966324
ep0_t0.2_test_time 0.14111781120300293
Save ckpt to ckpt/ag_news_linearal_l5adf_pad75_t0.2_m2//ag_news_linearal_l5_prefix.pt  ,ep 0
gc 0
Train Epoch1 Acc 0.25915 (31098/120000), AUC 0.567780613899231
ep1_train_time 5.783698558807373
Test Epoch1 threshold 0.2 Acc 0.9148026315789474, AUC 0.980532705783844, avg_entr 0.02683030255138874
ep1_t0.2_test_time 0.1385784149169922
gc 0
Train Epoch2 Acc 0.26764166666666667 (32117/120000), AUC 0.5667603015899658
ep2_train_time 5.701063394546509
Test Epoch2 threshold 0.2 Acc 0.9139802631578947, AUC 0.9803546071052551, avg_entr 0.026167655363678932
ep2_t0.2_test_time 0.13821101188659668
gc 0
Train Epoch3 Acc 0.27873333333333333 (33448/120000), AUC 0.5677217841148376
ep3_train_time 5.760500192642212
Test Epoch3 threshold 0.2 Acc 0.9131578947368421, AUC 0.9800301790237427, avg_entr 0.025002963840961456
ep3_t0.2_test_time 0.13860177993774414
gc 0
Train Epoch4 Acc 0.29330833333333334 (35197/120000), AUC 0.5670809745788574
ep4_train_time 5.751794099807739
Test Epoch4 threshold 0.2 Acc 0.9125, AUC 0.9800173044204712, avg_entr 0.02679796703159809
ep4_t0.2_test_time 0.13826632499694824
gc 0
Train Epoch5 Acc 0.3023416666666667 (36281/120000), AUC 0.5652731657028198
ep5_train_time 5.71529746055603
Test Epoch5 threshold 0.2 Acc 0.9133223684210526, AUC 0.9796932935714722, avg_entr 0.025582192465662956
ep5_t0.2_test_time 0.13866066932678223
gc 0
Train Epoch6 Acc 0.30625 (36750/120000), AUC 0.5638164281845093
ep6_train_time 5.782674551010132
Test Epoch6 threshold 0.2 Acc 0.9118421052631579, AUC 0.9794623255729675, avg_entr 0.02572035975754261
ep6_t0.2_test_time 0.1383817195892334
gc 0
Train Epoch7 Acc 0.3112666666666667 (37352/120000), AUC 0.5629813075065613
ep7_train_time 6.001659393310547
Test Epoch7 threshold 0.2 Acc 0.9125, AUC 0.9795114398002625, avg_entr 0.025663161650300026
ep7_t0.2_test_time 0.14593887329101562
gc 0
Train Epoch8 Acc 0.3147083333333333 (37765/120000), AUC 0.5619140863418579
ep8_train_time 6.2666168212890625
Test Epoch8 threshold 0.2 Acc 0.9121710526315789, AUC 0.9793212413787842, avg_entr 0.025639893487095833
ep8_t0.2_test_time 0.14366817474365234
gc 0
Train Epoch9 Acc 0.31664166666666665 (37997/120000), AUC 0.560924232006073
ep9_train_time 6.09740686416626
Test Epoch9 threshold 0.2 Acc 0.9115131578947369, AUC 0.9792600870132446, avg_entr 0.025562426075339317
ep9_t0.2_test_time 0.1382606029510498
Best AUC 0.9805570244789124
train_loss (2, 5, 10)
valid_acc (10, 1)
valid_AUC (10, 1)
train_acc (10,)
Figure(640x480)
Figure(640x480)
Figure(640x480)
Figure(640x480)
Figure(640x480)
Start Testing
Load ckpt at ckpt/ag_news_linearal_l5adf_pad75_t0.2_m2//ag_news_linearal_l5_prefix.pt
Test threshold 0.2 Acc 0.9269736842105263, AUC 0.9860314130783081, avg_entr 0.028787020593881607
t0.2_test_time 0.035741329193115234
