total count words 102019
vocab size 30000
found 26754 words in glove
model: LinearModelML(
  (layers): ModuleList(
    (0): EMBLayer(
      (enc): ENC(
        (b): Sequential(
          (0): Linear(in_features=300, out_features=128, bias=True)
          (1): Tanh()
        )
        (f): Embedding(30000, 300)
        (cri): MSELoss()
      )
      (ae): AE(
        (g): Sequential(
          (0): Linear(in_features=4, out_features=128, bias=True)
          (1): Tanh()
        )
        (h): Sequential(
          (0): Linear(in_features=128, out_features=4, bias=True)
          (1): Sigmoid()
        )
        (cri): CrossEntropyLoss()
      )
    )
    (1): LinearLayer(
      (enc): ENC(
        (b): Sequential(
          (0): Linear(in_features=300, out_features=128, bias=True)
          (1): Tanh()
        )
        (f): Sequential(
          (0): Linear(in_features=300, out_features=300, bias=True)
          (1): ELU(alpha=1.0)
        )
        (cri): MSELoss()
      )
      (ae): AE(
        (g): Sequential(
          (0): Linear(in_features=128, out_features=128, bias=True)
          (1): Tanh()
        )
        (h): Sequential(
          (0): Linear(in_features=128, out_features=128, bias=True)
        )
        (cri): MSELoss()
      )
    )
    (2): LinearLayer(
      (enc): ENC(
        (b): Sequential(
          (0): Linear(in_features=300, out_features=128, bias=True)
          (1): Tanh()
        )
        (f): Sequential(
          (0): Linear(in_features=300, out_features=300, bias=True)
          (1): ELU(alpha=1.0)
        )
        (cri): MSELoss()
      )
      (ae): AE(
        (g): Sequential(
          (0): Linear(in_features=128, out_features=128, bias=True)
          (1): Tanh()
        )
        (h): Sequential(
          (0): Linear(in_features=128, out_features=128, bias=True)
        )
        (cri): MSELoss()
      )
    )
    (3): LinearLayer(
      (enc): ENC(
        (b): Sequential(
          (0): Linear(in_features=300, out_features=128, bias=True)
          (1): Tanh()
        )
        (f): Sequential(
          (0): Linear(in_features=300, out_features=300, bias=True)
          (1): ELU(alpha=1.0)
        )
        (cri): MSELoss()
      )
      (ae): AE(
        (g): Sequential(
          (0): Linear(in_features=128, out_features=128, bias=True)
          (1): Tanh()
        )
        (h): Sequential(
          (0): Linear(in_features=128, out_features=128, bias=True)
        )
        (cri): MSELoss()
      )
    )
    (4): LinearLayer(
      (enc): ENC(
        (b): Sequential(
          (0): Linear(in_features=300, out_features=128, bias=True)
          (1): Tanh()
        )
        (f): Sequential(
          (0): Linear(in_features=300, out_features=300, bias=True)
          (1): ELU(alpha=1.0)
        )
        (cri): MSELoss()
      )
      (ae): AE(
        (g): Sequential(
          (0): Linear(in_features=128, out_features=128, bias=True)
          (1): Tanh()
        )
        (h): Sequential(
          (0): Linear(in_features=128, out_features=128, bias=True)
        )
        (cri): MSELoss()
      )
    )
  )
)
layers.0.enc.b.0.weight 38400
layers.0.enc.b.0.bias 128
layers.0.enc.f.weight 9000000
layers.0.ae.g.0.weight 512
layers.0.ae.g.0.bias 128
layers.0.ae.h.0.weight 512
layers.0.ae.h.0.bias 4
layers.1.enc.b.0.weight 38400
layers.1.enc.b.0.bias 128
layers.1.enc.f.0.weight 90000
layers.1.enc.f.0.bias 300
layers.1.ae.g.0.weight 16384
layers.1.ae.g.0.bias 128
layers.1.ae.h.0.weight 16384
layers.1.ae.h.0.bias 128
layers.2.enc.b.0.weight 38400
layers.2.enc.b.0.bias 128
layers.2.enc.f.0.weight 90000
layers.2.enc.f.0.bias 300
layers.2.ae.g.0.weight 16384
layers.2.ae.g.0.bias 128
layers.2.ae.h.0.weight 16384
layers.2.ae.h.0.bias 128
layers.3.enc.b.0.weight 38400
layers.3.enc.b.0.bias 128
layers.3.enc.f.0.weight 90000
layers.3.enc.f.0.bias 300
layers.3.ae.g.0.weight 16384
layers.3.ae.g.0.bias 128
layers.3.ae.h.0.weight 16384
layers.3.ae.h.0.bias 128
layers.4.enc.b.0.weight 38400
layers.4.enc.b.0.bias 128
layers.4.enc.f.0.weight 90000
layers.4.enc.f.0.bias 300
layers.4.ae.g.0.weight 16384
layers.4.ae.g.0.bias 128
layers.4.ae.h.0.weight 16384
layers.4.ae.h.0.bias 128
Total Trainable Params: 9687092
init_time 19.34972095489502
Start Training
train_mask {0, 1, 2, 3, 4}
gc 0
Train Epoch0 Acc 0.68435 (82122/120000), AUC 0.8885460495948792
ep0_train_time 7.8926966190338135
Test Epoch0 threshold 0.1 Acc 0.9021052631578947, AUC 0.974567174911499, avg_entr 0.15401208400726318
ep0_t0.1_test_time 0.10507583618164062
Save ckpt to ckpt/ag_news_linearal_l5ad_pad75//ag_news_linearal_l5.pt  ,ep 0
Test Epoch0 threshold 0.2 Acc 0.9021052631578947, AUC 0.9746318459510803, avg_entr 0.15784363448619843
ep0_t0.2_test_time 0.10368609428405762
Save ckpt to ckpt/ag_news_linearal_l5ad_pad75//ag_news_linearal_l5.pt  ,ep 0
Test Epoch0 threshold 0.3 Acc 0.9021052631578947, AUC 0.9745357036590576, avg_entr 0.16116102039813995
ep0_t0.3_test_time 0.10302734375
Test Epoch0 threshold 0.4 Acc 0.9023684210526316, AUC 0.9745779633522034, avg_entr 0.1646350622177124
ep0_t0.4_test_time 0.10143494606018066
Test Epoch0 threshold 0.5 Acc 0.9018421052631579, AUC 0.9745227098464966, avg_entr 0.1663358211517334
ep0_t0.5_test_time 0.10126590728759766
Test Epoch0 threshold 0.6 Acc 0.9028947368421053, AUC 0.974628746509552, avg_entr 0.16752809286117554
ep0_t0.6_test_time 0.08662986755371094
Test Epoch0 threshold 0.7 Acc 0.9026315789473685, AUC 0.9746339917182922, avg_entr 0.16761194169521332
ep0_t0.7_test_time 0.08172750473022461
Save ckpt to ckpt/ag_news_linearal_l5ad_pad75//ag_news_linearal_l5.pt  ,ep 0
Test Epoch0 threshold 0.8 Acc 0.9026315789473685, AUC 0.9746339917182922, avg_entr 0.16761194169521332
ep0_t0.8_test_time 0.08229875564575195
Save ckpt to ckpt/ag_news_linearal_l5ad_pad75//ag_news_linearal_l5.pt  ,ep 0
Test Epoch0 threshold 0.9 Acc 0.9026315789473685, AUC 0.9746339917182922, avg_entr 0.16761194169521332
ep0_t0.9_test_time 0.08420825004577637
Save ckpt to ckpt/ag_news_linearal_l5ad_pad75//ag_news_linearal_l5.pt  ,ep 0
gc 0
Train Epoch1 Acc 0.9221833333333334 (110662/120000), AUC 0.9838385581970215
ep1_train_time 7.248571157455444
Test Epoch1 threshold 0.1 Acc 0.9055263157894737, AUC 0.9757107496261597, avg_entr 0.12197547405958176
ep1_t0.1_test_time 0.10442709922790527
Save ckpt to ckpt/ag_news_linearal_l5ad_pad75//ag_news_linearal_l5.pt  ,ep 1
Test Epoch1 threshold 0.2 Acc 0.9052631578947369, AUC 0.9756351709365845, avg_entr 0.12591537833213806
ep1_t0.2_test_time 0.10301947593688965
Test Epoch1 threshold 0.3 Acc 0.9052631578947369, AUC 0.9756512641906738, avg_entr 0.12928958237171173
ep1_t0.3_test_time 0.10167956352233887
Test Epoch1 threshold 0.4 Acc 0.9057894736842105, AUC 0.9756205081939697, avg_entr 0.1321270912885666
ep1_t0.4_test_time 0.10091495513916016
Test Epoch1 threshold 0.5 Acc 0.9057894736842105, AUC 0.9757169485092163, avg_entr 0.13363052904605865
ep1_t0.5_test_time 0.10003376007080078
Save ckpt to ckpt/ag_news_linearal_l5ad_pad75//ag_news_linearal_l5.pt  ,ep 1
Test Epoch1 threshold 0.6 Acc 0.9057894736842105, AUC 0.9757494926452637, avg_entr 0.13404884934425354
ep1_t0.6_test_time 0.08452057838439941
Save ckpt to ckpt/ag_news_linearal_l5ad_pad75//ag_news_linearal_l5.pt  ,ep 1
Test Epoch1 threshold 0.7 Acc 0.9057894736842105, AUC 0.9757517576217651, avg_entr 0.13404561579227448
ep1_t0.7_test_time 0.08247971534729004
Save ckpt to ckpt/ag_news_linearal_l5ad_pad75//ag_news_linearal_l5.pt  ,ep 1
Test Epoch1 threshold 0.8 Acc 0.9057894736842105, AUC 0.9757517576217651, avg_entr 0.13404561579227448
ep1_t0.8_test_time 0.08359575271606445
Save ckpt to ckpt/ag_news_linearal_l5ad_pad75//ag_news_linearal_l5.pt  ,ep 1
Test Epoch1 threshold 0.9 Acc 0.9057894736842105, AUC 0.9757517576217651, avg_entr 0.13404561579227448
ep1_t0.9_test_time 0.08137702941894531
Save ckpt to ckpt/ag_news_linearal_l5ad_pad75//ag_news_linearal_l5.pt  ,ep 1
gc 0
Train Epoch2 Acc 0.9259333333333334 (111112/120000), AUC 0.9853254556655884
ep2_train_time 7.2395241260528564
Test Epoch2 threshold 0.1 Acc 0.9068421052631579, AUC 0.9760099053382874, avg_entr 0.11361309140920639
ep2_t0.1_test_time 0.1033010482788086
Save ckpt to ckpt/ag_news_linearal_l5ad_pad75//ag_news_linearal_l5.pt  ,ep 2
Test Epoch2 threshold 0.2 Acc 0.9071052631578947, AUC 0.9758778214454651, avg_entr 0.11772706359624863
ep2_t0.2_test_time 0.10265612602233887
Test Epoch2 threshold 0.3 Acc 0.9068421052631579, AUC 0.975913405418396, avg_entr 0.12131281197071075
ep2_t0.3_test_time 0.10175156593322754
Test Epoch2 threshold 0.4 Acc 0.9073684210526316, AUC 0.975916862487793, avg_entr 0.12428747862577438
ep2_t0.4_test_time 0.10088515281677246
Test Epoch2 threshold 0.5 Acc 0.906578947368421, AUC 0.9759865999221802, avg_entr 0.12562909722328186
ep2_t0.5_test_time 0.09801006317138672
Test Epoch2 threshold 0.6 Acc 0.9063157894736842, AUC 0.9760356545448303, avg_entr 0.12598100304603577
ep2_t0.6_test_time 0.08275389671325684
Save ckpt to ckpt/ag_news_linearal_l5ad_pad75//ag_news_linearal_l5.pt  ,ep 2
Test Epoch2 threshold 0.7 Acc 0.9063157894736842, AUC 0.9760335683822632, avg_entr 0.12596245110034943
ep2_t0.7_test_time 0.08282828330993652
Test Epoch2 threshold 0.8 Acc 0.9063157894736842, AUC 0.9760335683822632, avg_entr 0.12596245110034943
ep2_t0.8_test_time 0.08189940452575684
Test Epoch2 threshold 0.9 Acc 0.9063157894736842, AUC 0.9760335683822632, avg_entr 0.12596245110034943
ep2_t0.9_test_time 0.08101248741149902
gc 0
Train Epoch3 Acc 0.9266416666666667 (111197/120000), AUC 0.9856637716293335
ep3_train_time 7.243398189544678
Test Epoch3 threshold 0.1 Acc 0.9060526315789473, AUC 0.9760629534721375, avg_entr 0.1114429384469986
ep3_t0.1_test_time 0.1035921573638916
Save ckpt to ckpt/ag_news_linearal_l5ad_pad75//ag_news_linearal_l5.pt  ,ep 3
Test Epoch3 threshold 0.2 Acc 0.9063157894736842, AUC 0.9759885668754578, avg_entr 0.11545178294181824
ep3_t0.2_test_time 0.1030118465423584
Test Epoch3 threshold 0.3 Acc 0.9063157894736842, AUC 0.9759469628334045, avg_entr 0.11914952099323273
ep3_t0.3_test_time 0.1016535758972168
Test Epoch3 threshold 0.4 Acc 0.9073684210526316, AUC 0.9759422540664673, avg_entr 0.12205342948436737
ep3_t0.4_test_time 0.10076141357421875
Test Epoch3 threshold 0.5 Acc 0.908157894736842, AUC 0.9760164618492126, avg_entr 0.12331115454435349
ep3_t0.5_test_time 0.09808492660522461
Test Epoch3 threshold 0.6 Acc 0.9078947368421053, AUC 0.976069986820221, avg_entr 0.12367570400238037
ep3_t0.6_test_time 0.08248162269592285
Save ckpt to ckpt/ag_news_linearal_l5ad_pad75//ag_news_linearal_l5.pt  ,ep 3
Test Epoch3 threshold 0.7 Acc 0.9076315789473685, AUC 0.9760719537734985, avg_entr 0.1236652061343193
ep3_t0.7_test_time 0.08291435241699219
Save ckpt to ckpt/ag_news_linearal_l5ad_pad75//ag_news_linearal_l5.pt  ,ep 3
Test Epoch3 threshold 0.8 Acc 0.9076315789473685, AUC 0.9760719537734985, avg_entr 0.1236652061343193
ep3_t0.8_test_time 0.08191895484924316
Save ckpt to ckpt/ag_news_linearal_l5ad_pad75//ag_news_linearal_l5.pt  ,ep 3
Test Epoch3 threshold 0.9 Acc 0.9076315789473685, AUC 0.9760719537734985, avg_entr 0.1236652061343193
ep3_t0.9_test_time 0.08705782890319824
Save ckpt to ckpt/ag_news_linearal_l5ad_pad75//ag_news_linearal_l5.pt  ,ep 3
gc 0
Train Epoch4 Acc 0.927 (111240/120000), AUC 0.9857480525970459
ep4_train_time 7.329772233963013
Test Epoch4 threshold 0.1 Acc 0.9052631578947369, AUC 0.9760309457778931, avg_entr 0.1107085645198822
ep4_t0.1_test_time 0.10270071029663086
Test Epoch4 threshold 0.2 Acc 0.9055263157894737, AUC 0.9760024547576904, avg_entr 0.11477942019701004
ep4_t0.2_test_time 0.10114598274230957
Test Epoch4 threshold 0.3 Acc 0.9055263157894737, AUC 0.9759398102760315, avg_entr 0.11840808391571045
ep4_t0.3_test_time 0.10102534294128418
Test Epoch4 threshold 0.4 Acc 0.906578947368421, AUC 0.9759209752082825, avg_entr 0.12126521021127701
ep4_t0.4_test_time 0.10022830963134766
Test Epoch4 threshold 0.5 Acc 0.9078947368421053, AUC 0.9760096073150635, avg_entr 0.12257363647222519
ep4_t0.5_test_time 0.0986793041229248
Test Epoch4 threshold 0.6 Acc 0.908157894736842, AUC 0.9760697484016418, avg_entr 0.12290101498365402
ep4_t0.6_test_time 0.08167529106140137
Test Epoch4 threshold 0.7 Acc 0.908157894736842, AUC 0.9760684967041016, avg_entr 0.1228901743888855
ep4_t0.7_test_time 0.08038854598999023
Test Epoch4 threshold 0.8 Acc 0.908157894736842, AUC 0.9760684967041016, avg_entr 0.1228901743888855
ep4_t0.8_test_time 0.08055734634399414
Test Epoch4 threshold 0.9 Acc 0.908157894736842, AUC 0.9760684967041016, avg_entr 0.1228901743888855
ep4_t0.9_test_time 0.0804450511932373
gc 0
Train Epoch5 Acc 0.9270333333333334 (111244/120000), AUC 0.9857699871063232
ep5_train_time 7.20750880241394
Test Epoch5 threshold 0.1 Acc 0.905, AUC 0.9760303497314453, avg_entr 0.11035001277923584
ep5_t0.1_test_time 0.10369706153869629
Test Epoch5 threshold 0.2 Acc 0.9052631578947369, AUC 0.9759989976882935, avg_entr 0.11437772214412689
ep5_t0.2_test_time 0.10173177719116211
Test Epoch5 threshold 0.3 Acc 0.9052631578947369, AUC 0.9759426116943359, avg_entr 0.11801061034202576
ep5_t0.3_test_time 0.10074567794799805
Test Epoch5 threshold 0.4 Acc 0.9063157894736842, AUC 0.9759303331375122, avg_entr 0.12089311331510544
ep5_t0.4_test_time 0.10058045387268066
Test Epoch5 threshold 0.5 Acc 0.9076315789473685, AUC 0.9760233759880066, avg_entr 0.12214118987321854
ep5_t0.5_test_time 0.09894776344299316
Test Epoch5 threshold 0.6 Acc 0.9078947368421053, AUC 0.976076066493988, avg_entr 0.12248542159795761
ep5_t0.6_test_time 0.08211016654968262
Save ckpt to ckpt/ag_news_linearal_l5ad_pad75//ag_news_linearal_l5.pt  ,ep 5
Test Epoch5 threshold 0.7 Acc 0.9078947368421053, AUC 0.9760748147964478, avg_entr 0.12247391790151596
ep5_t0.7_test_time 0.08312320709228516
Test Epoch5 threshold 0.8 Acc 0.9078947368421053, AUC 0.9760748147964478, avg_entr 0.12247391790151596
ep5_t0.8_test_time 0.08193254470825195
Test Epoch5 threshold 0.9 Acc 0.9078947368421053, AUC 0.9760748147964478, avg_entr 0.12247391790151596
ep5_t0.9_test_time 0.08144903182983398
gc 0
Train Epoch6 Acc 0.9271 (111252/120000), AUC 0.985772967338562
ep6_train_time 7.255767822265625
Test Epoch6 threshold 0.1 Acc 0.905, AUC 0.9760346412658691, avg_entr 0.11027423292398453
ep6_t0.1_test_time 0.10601162910461426
Test Epoch6 threshold 0.2 Acc 0.9052631578947369, AUC 0.9760010838508606, avg_entr 0.11429070681333542
ep6_t0.2_test_time 0.10241174697875977
Test Epoch6 threshold 0.3 Acc 0.9052631578947369, AUC 0.9759464859962463, avg_entr 0.11792764812707901
ep6_t0.3_test_time 0.1015625
Test Epoch6 threshold 0.4 Acc 0.9063157894736842, AUC 0.9759330749511719, avg_entr 0.12082184106111526
ep6_t0.4_test_time 0.10077357292175293
Test Epoch6 threshold 0.5 Acc 0.9078947368421053, AUC 0.9760234951972961, avg_entr 0.12207864969968796
ep6_t0.5_test_time 0.09929108619689941
Test Epoch6 threshold 0.6 Acc 0.908157894736842, AUC 0.9760791063308716, avg_entr 0.1224079504609108
ep6_t0.6_test_time 0.0827949047088623
Save ckpt to ckpt/ag_news_linearal_l5ad_pad75//ag_news_linearal_l5.pt  ,ep 6
Test Epoch6 threshold 0.7 Acc 0.908157894736842, AUC 0.9760777950286865, avg_entr 0.12239642441272736
ep6_t0.7_test_time 0.0826573371887207
Test Epoch6 threshold 0.8 Acc 0.908157894736842, AUC 0.9760777950286865, avg_entr 0.12239642441272736
ep6_t0.8_test_time 0.08601808547973633
Test Epoch6 threshold 0.9 Acc 0.908157894736842, AUC 0.9760777950286865, avg_entr 0.12239642441272736
ep6_t0.9_test_time 0.0809323787689209
gc 0
Train Epoch7 Acc 0.9271083333333333 (111253/120000), AUC 0.9857755899429321
ep7_train_time 7.253312110900879
Test Epoch7 threshold 0.1 Acc 0.9052631578947369, AUC 0.9760348200798035, avg_entr 0.11025276780128479
ep7_t0.1_test_time 0.10358119010925293
Test Epoch7 threshold 0.2 Acc 0.9055263157894737, AUC 0.9760010838508606, avg_entr 0.11426953971385956
ep7_t0.2_test_time 0.1009519100189209
Test Epoch7 threshold 0.3 Acc 0.9055263157894737, AUC 0.9759470224380493, avg_entr 0.11790784448385239
ep7_t0.3_test_time 0.10074090957641602
Test Epoch7 threshold 0.4 Acc 0.906578947368421, AUC 0.9759330749511719, avg_entr 0.12080463767051697
ep7_t0.4_test_time 0.10058879852294922
Test Epoch7 threshold 0.5 Acc 0.908157894736842, AUC 0.97602379322052, avg_entr 0.12206317484378815
ep7_t0.5_test_time 0.09857416152954102
Test Epoch7 threshold 0.6 Acc 0.908157894736842, AUC 0.9760788679122925, avg_entr 0.12239319086074829
ep7_t0.6_test_time 0.08304095268249512
Test Epoch7 threshold 0.7 Acc 0.908157894736842, AUC 0.9760775566101074, avg_entr 0.12238164246082306
ep7_t0.7_test_time 0.08138108253479004
Test Epoch7 threshold 0.8 Acc 0.908157894736842, AUC 0.9760775566101074, avg_entr 0.12238164246082306
ep7_t0.8_test_time 0.08063268661499023
Test Epoch7 threshold 0.9 Acc 0.908157894736842, AUC 0.9760775566101074, avg_entr 0.12238164246082306
ep7_t0.9_test_time 0.08045125007629395
gc 0
Train Epoch8 Acc 0.9271 (111252/120000), AUC 0.985775887966156
ep8_train_time 7.2527174949646
Test Epoch8 threshold 0.1 Acc 0.9052631578947369, AUC 0.9760341644287109, avg_entr 0.11023546010255814
ep8_t0.1_test_time 0.10258197784423828
Test Epoch8 threshold 0.2 Acc 0.9055263157894737, AUC 0.9760014414787292, avg_entr 0.11425658315420151
ep8_t0.2_test_time 0.10069751739501953
Test Epoch8 threshold 0.3 Acc 0.9055263157894737, AUC 0.9759483337402344, avg_entr 0.11790978163480759
ep8_t0.3_test_time 0.10034728050231934
Test Epoch8 threshold 0.4 Acc 0.906578947368421, AUC 0.9759331941604614, avg_entr 0.12079789489507675
ep8_t0.4_test_time 0.09995603561401367
Test Epoch8 threshold 0.5 Acc 0.908157894736842, AUC 0.9760240912437439, avg_entr 0.1220593973994255
ep8_t0.5_test_time 0.09830284118652344
Test Epoch8 threshold 0.6 Acc 0.908157894736842, AUC 0.9760791063308716, avg_entr 0.1223902776837349
ep8_t0.6_test_time 0.08149909973144531
Save ckpt to ckpt/ag_news_linearal_l5ad_pad75//ag_news_linearal_l5.pt  ,ep 8
Test Epoch8 threshold 0.7 Acc 0.908157894736842, AUC 0.9760777950286865, avg_entr 0.12237874418497086
ep8_t0.7_test_time 0.0812990665435791
Test Epoch8 threshold 0.8 Acc 0.908157894736842, AUC 0.9760777950286865, avg_entr 0.12237874418497086
ep8_t0.8_test_time 0.08058047294616699
Test Epoch8 threshold 0.9 Acc 0.908157894736842, AUC 0.9760777950286865, avg_entr 0.12237874418497086
ep8_t0.9_test_time 0.08056163787841797
gc 0
Train Epoch9 Acc 0.9271083333333333 (111253/120000), AUC 0.9857765436172485
ep9_train_time 7.279810905456543
Test Epoch9 threshold 0.1 Acc 0.9052631578947369, AUC 0.9760343432426453, avg_entr 0.11021654307842255
ep9_t0.1_test_time 0.10311365127563477
Test Epoch9 threshold 0.2 Acc 0.9055263157894737, AUC 0.9760013818740845, avg_entr 0.11424257606267929
ep9_t0.2_test_time 0.10077190399169922
Test Epoch9 threshold 0.3 Acc 0.9055263157894737, AUC 0.9759481549263, avg_entr 0.11789859086275101
ep9_t0.3_test_time 0.10129714012145996
Test Epoch9 threshold 0.4 Acc 0.906578947368421, AUC 0.975933313369751, avg_entr 0.12079039961099625
ep9_t0.4_test_time 0.10046720504760742
Test Epoch9 threshold 0.5 Acc 0.908157894736842, AUC 0.9760242700576782, avg_entr 0.12205541878938675
ep9_t0.5_test_time 0.09854674339294434
Test Epoch9 threshold 0.6 Acc 0.908157894736842, AUC 0.9760791659355164, avg_entr 0.1223871186375618
ep9_t0.6_test_time 0.08188176155090332
Save ckpt to ckpt/ag_news_linearal_l5ad_pad75//ag_news_linearal_l5.pt  ,ep 9
Test Epoch9 threshold 0.7 Acc 0.908157894736842, AUC 0.9760779142379761, avg_entr 0.12237558513879776
ep9_t0.7_test_time 0.08332610130310059
Test Epoch9 threshold 0.8 Acc 0.908157894736842, AUC 0.9760779142379761, avg_entr 0.12237558513879776
ep9_t0.8_test_time 0.08117461204528809
Test Epoch9 threshold 0.9 Acc 0.908157894736842, AUC 0.9760779142379761, avg_entr 0.12237558513879776
ep9_t0.9_test_time 0.08079886436462402
gc 0
Train Epoch10 Acc 0.9270916666666666 (111251/120000), AUC 0.9857767224311829
ep10_train_time 7.376571416854858
Test Epoch10 threshold 0.1 Acc 0.9052631578947369, AUC 0.9760327935218811, avg_entr 0.11019726097583771
ep10_t0.1_test_time 0.10405898094177246
Test Epoch10 threshold 0.2 Acc 0.9055263157894737, AUC 0.9760001301765442, avg_entr 0.1142260730266571
ep10_t0.2_test_time 0.10128450393676758
Test Epoch10 threshold 0.3 Acc 0.9055263157894737, AUC 0.975947380065918, avg_entr 0.1178855448961258
ep10_t0.3_test_time 0.10097122192382812
Test Epoch10 threshold 0.4 Acc 0.906578947368421, AUC 0.9759323000907898, avg_entr 0.1207813248038292
ep10_t0.4_test_time 0.10036516189575195
Test Epoch10 threshold 0.5 Acc 0.908157894736842, AUC 0.9760242700576782, avg_entr 0.12204960733652115
ep10_t0.5_test_time 0.09891343116760254
Test Epoch10 threshold 0.6 Acc 0.908157894736842, AUC 0.9760792851448059, avg_entr 0.12238205969333649
ep10_t0.6_test_time 0.08216071128845215
Save ckpt to ckpt/ag_news_linearal_l5ad_pad75//ag_news_linearal_l5.pt  ,ep 10
Test Epoch10 threshold 0.7 Acc 0.908157894736842, AUC 0.9760779142379761, avg_entr 0.12237052619457245
ep10_t0.7_test_time 0.08378171920776367
Test Epoch10 threshold 0.8 Acc 0.908157894736842, AUC 0.9760779142379761, avg_entr 0.12237052619457245
ep10_t0.8_test_time 0.08175468444824219
Test Epoch10 threshold 0.9 Acc 0.908157894736842, AUC 0.9760779142379761, avg_entr 0.12237052619457245
ep10_t0.9_test_time 0.08116960525512695
gc 0
Train Epoch11 Acc 0.9270916666666666 (111251/120000), AUC 0.9857769012451172
ep11_train_time 7.384553670883179
Test Epoch11 threshold 0.1 Acc 0.9052631578947369, AUC 0.9760331511497498, avg_entr 0.11017168313264847
ep11_t0.1_test_time 0.10342073440551758
Test Epoch11 threshold 0.2 Acc 0.9055263157894737, AUC 0.9760000705718994, avg_entr 0.11420721560716629
ep11_t0.2_test_time 0.1008448600769043
Test Epoch11 threshold 0.3 Acc 0.9055263157894737, AUC 0.9759470224380493, avg_entr 0.11787013709545135
ep11_t0.3_test_time 0.10136914253234863
Test Epoch11 threshold 0.4 Acc 0.906578947368421, AUC 0.9759324193000793, avg_entr 0.12076958268880844
ep11_t0.4_test_time 0.10048556327819824
Test Epoch11 threshold 0.5 Acc 0.908157894736842, AUC 0.9760244488716125, avg_entr 0.12204040586948395
ep11_t0.5_test_time 0.09862709045410156
Test Epoch11 threshold 0.6 Acc 0.908157894736842, AUC 0.9760792255401611, avg_entr 0.12237344682216644
ep11_t0.6_test_time 0.08195829391479492
Test Epoch11 threshold 0.7 Acc 0.908157894736842, AUC 0.9760779738426208, avg_entr 0.12236195057630539
ep11_t0.7_test_time 0.08077621459960938
Test Epoch11 threshold 0.8 Acc 0.908157894736842, AUC 0.9760779738426208, avg_entr 0.12236195057630539
ep11_t0.8_test_time 0.08069372177124023
Test Epoch11 threshold 0.9 Acc 0.908157894736842, AUC 0.9760779738426208, avg_entr 0.12236195057630539
ep11_t0.9_test_time 0.08059191703796387
gc 0
Train Epoch12 Acc 0.927075 (111249/120000), AUC 0.9857768416404724
ep12_train_time 7.292744159698486
Test Epoch12 threshold 0.1 Acc 0.9052631578947369, AUC 0.9760322570800781, avg_entr 0.11015181988477707
ep12_t0.1_test_time 0.10286879539489746
Test Epoch12 threshold 0.2 Acc 0.9055263157894737, AUC 0.9759997129440308, avg_entr 0.11418896913528442
ep12_t0.2_test_time 0.10089993476867676
Test Epoch12 threshold 0.3 Acc 0.9055263157894737, AUC 0.9759465456008911, avg_entr 0.11786153167486191
ep12_t0.3_test_time 0.10047221183776855
Test Epoch12 threshold 0.4 Acc 0.906578947368421, AUC 0.9759326577186584, avg_entr 0.12075623869895935
ep12_t0.4_test_time 0.10004138946533203
Test Epoch12 threshold 0.5 Acc 0.908157894736842, AUC 0.9760248064994812, avg_entr 0.12202898412942886
ep12_t0.5_test_time 0.09844088554382324
Test Epoch12 threshold 0.6 Acc 0.908157894736842, AUC 0.9760792255401611, avg_entr 0.12236246466636658
ep12_t0.6_test_time 0.08190321922302246
Test Epoch12 threshold 0.7 Acc 0.908157894736842, AUC 0.9760777950286865, avg_entr 0.12235093861818314
ep12_t0.7_test_time 0.08031868934631348
Test Epoch12 threshold 0.8 Acc 0.908157894736842, AUC 0.9760777950286865, avg_entr 0.12235093861818314
ep12_t0.8_test_time 0.08048892021179199
Test Epoch12 threshold 0.9 Acc 0.908157894736842, AUC 0.9760777950286865, avg_entr 0.12235093861818314
ep12_t0.9_test_time 0.08045697212219238
gc 0
Train Epoch13 Acc 0.927125 (111255/120000), AUC 0.9857771396636963
ep13_train_time 7.303218603134155
Test Epoch13 threshold 0.1 Acc 0.9052631578947369, AUC 0.9760322570800781, avg_entr 0.11013316363096237
ep13_t0.1_test_time 0.10311341285705566
Test Epoch13 threshold 0.2 Acc 0.9055263157894737, AUC 0.9759995937347412, avg_entr 0.1141703650355339
ep13_t0.2_test_time 0.10060715675354004
Test Epoch13 threshold 0.3 Acc 0.9055263157894737, AUC 0.975945234298706, avg_entr 0.11785425245761871
ep13_t0.3_test_time 0.10036873817443848
Test Epoch13 threshold 0.4 Acc 0.906578947368421, AUC 0.9759314656257629, avg_entr 0.12074806541204453
ep13_t0.4_test_time 0.10010433197021484
Test Epoch13 threshold 0.5 Acc 0.908157894736842, AUC 0.9760249853134155, avg_entr 0.1220160722732544
ep13_t0.5_test_time 0.09836411476135254
Test Epoch13 threshold 0.6 Acc 0.908157894736842, AUC 0.9760792255401611, avg_entr 0.12234995514154434
ep13_t0.6_test_time 0.08140063285827637
Test Epoch13 threshold 0.7 Acc 0.908157894736842, AUC 0.9760779142379761, avg_entr 0.1223384290933609
ep13_t0.7_test_time 0.0805668830871582
Test Epoch13 threshold 0.8 Acc 0.908157894736842, AUC 0.9760779142379761, avg_entr 0.1223384290933609
ep13_t0.8_test_time 0.08022403717041016
Test Epoch13 threshold 0.9 Acc 0.908157894736842, AUC 0.9760779142379761, avg_entr 0.1223384290933609
ep13_t0.9_test_time 0.08034181594848633
gc 0
Train Epoch14 Acc 0.9270916666666666 (111251/120000), AUC 0.9857773184776306
ep14_train_time 7.327582120895386
Test Epoch14 threshold 0.1 Acc 0.9052631578947369, AUC 0.9760312438011169, avg_entr 0.11011476814746857
ep14_t0.1_test_time 0.10333061218261719
Test Epoch14 threshold 0.2 Acc 0.9055263157894737, AUC 0.9759987592697144, avg_entr 0.1141592413187027
ep14_t0.2_test_time 0.10056304931640625
Test Epoch14 threshold 0.3 Acc 0.9055263157894737, AUC 0.9759460687637329, avg_entr 0.11784492433071136
ep14_t0.3_test_time 0.10086202621459961
Test Epoch14 threshold 0.4 Acc 0.906578947368421, AUC 0.9759315252304077, avg_entr 0.12073417752981186
ep14_t0.4_test_time 0.10043215751647949
Test Epoch14 threshold 0.5 Acc 0.908157894736842, AUC 0.9760257601737976, avg_entr 0.12199358642101288
ep14_t0.5_test_time 0.09865045547485352
Test Epoch14 threshold 0.6 Acc 0.908157894736842, AUC 0.9760792255401611, avg_entr 0.12233706563711166
ep14_t0.6_test_time 0.08173179626464844
Test Epoch14 threshold 0.7 Acc 0.908157894736842, AUC 0.9760779142379761, avg_entr 0.12232551723718643
ep14_t0.7_test_time 0.08043670654296875
Test Epoch14 threshold 0.8 Acc 0.908157894736842, AUC 0.9760779142379761, avg_entr 0.12232551723718643
ep14_t0.8_test_time 0.08029413223266602
Test Epoch14 threshold 0.9 Acc 0.908157894736842, AUC 0.9760779142379761, avg_entr 0.12232551723718643
ep14_t0.9_test_time 0.08034873008728027
gc 0
Train Epoch15 Acc 0.9270833333333334 (111250/120000), AUC 0.985777735710144
ep15_train_time 7.253054857254028
Test Epoch15 threshold 0.1 Acc 0.9052631578947369, AUC 0.9760299324989319, avg_entr 0.11010008305311203
ep15_t0.1_test_time 0.10364961624145508
Test Epoch15 threshold 0.2 Acc 0.9055263157894737, AUC 0.9759985208511353, avg_entr 0.11414225399494171
ep15_t0.2_test_time 0.10094714164733887
Test Epoch15 threshold 0.3 Acc 0.9055263157894737, AUC 0.9759461283683777, avg_entr 0.11782984435558319
ep15_t0.3_test_time 0.10145807266235352
Test Epoch15 threshold 0.4 Acc 0.906578947368421, AUC 0.9759315252304077, avg_entr 0.12072044610977173
ep15_t0.4_test_time 0.1007542610168457
Test Epoch15 threshold 0.5 Acc 0.908157894736842, AUC 0.9760273694992065, avg_entr 0.12198067456483841
ep15_t0.5_test_time 0.0986180305480957
Test Epoch15 threshold 0.6 Acc 0.908157894736842, AUC 0.9760791659355164, avg_entr 0.12232404947280884
ep15_t0.6_test_time 0.08234238624572754
Test Epoch15 threshold 0.7 Acc 0.908157894736842, AUC 0.9760779142379761, avg_entr 0.12231249362230301
ep15_t0.7_test_time 0.08075904846191406
Test Epoch15 threshold 0.8 Acc 0.908157894736842, AUC 0.9760779142379761, avg_entr 0.12231249362230301
ep15_t0.8_test_time 0.08050942420959473
Test Epoch15 threshold 0.9 Acc 0.908157894736842, AUC 0.9760779142379761, avg_entr 0.12231249362230301
ep15_t0.9_test_time 0.08046722412109375
gc 0
Train Epoch16 Acc 0.9270583333333333 (111247/120000), AUC 0.9857778549194336
ep16_train_time 7.26862359046936
Test Epoch16 threshold 0.1 Acc 0.9052631578947369, AUC 0.9760298728942871, avg_entr 0.11008163541555405
ep16_t0.1_test_time 0.10269618034362793
Test Epoch16 threshold 0.2 Acc 0.9055263157894737, AUC 0.9759984016418457, avg_entr 0.11412843316793442
ep16_t0.2_test_time 0.10093474388122559
Test Epoch16 threshold 0.3 Acc 0.9055263157894737, AUC 0.9759460687637329, avg_entr 0.11781440675258636
ep16_t0.3_test_time 0.10069084167480469
Test Epoch16 threshold 0.4 Acc 0.906578947368421, AUC 0.9759314060211182, avg_entr 0.12070663273334503
ep16_t0.4_test_time 0.10033893585205078
Test Epoch16 threshold 0.5 Acc 0.908157894736842, AUC 0.9760274887084961, avg_entr 0.12196750193834305
ep16_t0.5_test_time 0.09805178642272949
Test Epoch16 threshold 0.6 Acc 0.908157894736842, AUC 0.976079523563385, avg_entr 0.12231112271547318
ep16_t0.6_test_time 0.08224630355834961
Save ckpt to ckpt/ag_news_linearal_l5ad_pad75//ag_news_linearal_l5.pt  ,ep 16
Test Epoch16 threshold 0.7 Acc 0.908157894736842, AUC 0.9760782122612, avg_entr 0.12229955941438675
ep16_t0.7_test_time 0.08299803733825684
Test Epoch16 threshold 0.8 Acc 0.908157894736842, AUC 0.9760782122612, avg_entr 0.12229955941438675
ep16_t0.8_test_time 0.08116555213928223
Test Epoch16 threshold 0.9 Acc 0.908157894736842, AUC 0.9760782122612, avg_entr 0.12229955941438675
ep16_t0.9_test_time 0.08165383338928223
gc 0
Train Epoch17 Acc 0.9270833333333334 (111250/120000), AUC 0.985778272151947
ep17_train_time 7.246698617935181
Test Epoch17 threshold 0.1 Acc 0.9052631578947369, AUC 0.9760296940803528, avg_entr 0.11006278544664383
ep17_t0.1_test_time 0.10326433181762695
Test Epoch17 threshold 0.2 Acc 0.9055263157894737, AUC 0.9759982824325562, avg_entr 0.11411132663488388
ep17_t0.2_test_time 0.10061359405517578
Test Epoch17 threshold 0.3 Acc 0.9055263157894737, AUC 0.9759460091590881, avg_entr 0.1177990660071373
ep17_t0.3_test_time 0.1011667251586914
Test Epoch17 threshold 0.4 Acc 0.906578947368421, AUC 0.9759312272071838, avg_entr 0.12069276720285416
ep17_t0.4_test_time 0.10070323944091797
Test Epoch17 threshold 0.5 Acc 0.908157894736842, AUC 0.9760277271270752, avg_entr 0.12195420265197754
ep17_t0.5_test_time 0.09835410118103027
Test Epoch17 threshold 0.6 Acc 0.908157894736842, AUC 0.9760796427726746, avg_entr 0.12229789048433304
ep17_t0.6_test_time 0.08229899406433105
Save ckpt to ckpt/ag_news_linearal_l5ad_pad75//ag_news_linearal_l5.pt  ,ep 17
Test Epoch17 threshold 0.7 Acc 0.908157894736842, AUC 0.9760783314704895, avg_entr 0.12228631973266602
ep17_t0.7_test_time 0.08396697044372559
Test Epoch17 threshold 0.8 Acc 0.908157894736842, AUC 0.9760783314704895, avg_entr 0.12228631973266602
ep17_t0.8_test_time 0.08203244209289551
Test Epoch17 threshold 0.9 Acc 0.908157894736842, AUC 0.9760783314704895, avg_entr 0.12228631973266602
ep17_t0.9_test_time 0.08087325096130371
gc 0
Train Epoch18 Acc 0.9270666666666667 (111248/120000), AUC 0.9857784509658813
ep18_train_time 7.314059019088745
Test Epoch18 threshold 0.1 Acc 0.9052631578947369, AUC 0.9760295152664185, avg_entr 0.11004310101270676
ep18_t0.1_test_time 0.10401201248168945
Test Epoch18 threshold 0.2 Acc 0.9055263157894737, AUC 0.9759985208511353, avg_entr 0.11409445852041245
ep18_t0.2_test_time 0.10187244415283203
Test Epoch18 threshold 0.3 Acc 0.9055263157894737, AUC 0.9759466648101807, avg_entr 0.11778400093317032
ep18_t0.3_test_time 0.10123491287231445
Test Epoch18 threshold 0.4 Acc 0.906578947368421, AUC 0.9759320020675659, avg_entr 0.12067881971597672
ep18_t0.4_test_time 0.10079169273376465
Test Epoch18 threshold 0.5 Acc 0.908157894736842, AUC 0.9760276079177856, avg_entr 0.1219409927725792
ep18_t0.5_test_time 0.09866142272949219
Test Epoch18 threshold 0.6 Acc 0.9084210526315789, AUC 0.9760797023773193, avg_entr 0.1222846582531929
ep18_t0.6_test_time 0.082275390625
Save ckpt to ckpt/ag_news_linearal_l5ad_pad75//ag_news_linearal_l5.pt  ,ep 18
Test Epoch18 threshold 0.7 Acc 0.9084210526315789, AUC 0.9760783910751343, avg_entr 0.12227306514978409
ep18_t0.7_test_time 0.08286643028259277
Test Epoch18 threshold 0.8 Acc 0.9084210526315789, AUC 0.9760783910751343, avg_entr 0.12227306514978409
ep18_t0.8_test_time 0.08190345764160156
Test Epoch18 threshold 0.9 Acc 0.9084210526315789, AUC 0.9760783910751343, avg_entr 0.12227306514978409
ep18_t0.9_test_time 0.0812978744506836
gc 0
Train Epoch19 Acc 0.9270833333333334 (111250/120000), AUC 0.9857783317565918
ep19_train_time 7.289118528366089
Test Epoch19 threshold 0.1 Acc 0.9052631578947369, AUC 0.976029634475708, avg_entr 0.11002455651760101
ep19_t0.1_test_time 0.1032869815826416
Test Epoch19 threshold 0.2 Acc 0.9055263157894737, AUC 0.9759986400604248, avg_entr 0.11407729238271713
ep19_t0.2_test_time 0.1009063720703125
Test Epoch19 threshold 0.3 Acc 0.9055263157894737, AUC 0.9759464859962463, avg_entr 0.11776825785636902
ep19_t0.3_test_time 0.100616455078125
Test Epoch19 threshold 0.4 Acc 0.906578947368421, AUC 0.9759318232536316, avg_entr 0.12066475301980972
ep19_t0.4_test_time 0.10013127326965332
Test Epoch19 threshold 0.5 Acc 0.908157894736842, AUC 0.9760264158248901, avg_entr 0.12193819880485535
ep19_t0.5_test_time 0.09795451164245605
Test Epoch19 threshold 0.6 Acc 0.9084210526315789, AUC 0.9760797023773193, avg_entr 0.12227147817611694
ep19_t0.6_test_time 0.08187985420227051
Save ckpt to ckpt/ag_news_linearal_l5ad_pad75//ag_news_linearal_l5.pt  ,ep 19
Test Epoch19 threshold 0.7 Acc 0.9084210526315789, AUC 0.9760783910751343, avg_entr 0.12225987762212753
ep19_t0.7_test_time 0.08288788795471191
Test Epoch19 threshold 0.8 Acc 0.9084210526315789, AUC 0.9760783910751343, avg_entr 0.12225987762212753
ep19_t0.8_test_time 0.08129405975341797
Test Epoch19 threshold 0.9 Acc 0.9084210526315789, AUC 0.9760783910751343, avg_entr 0.12225987762212753
ep19_t0.9_test_time 0.08077311515808105
gc 0
Train Epoch20 Acc 0.9270583333333333 (111247/120000), AUC 0.9857788681983948
ep20_train_time 7.347368240356445
Test Epoch20 threshold 0.1 Acc 0.9052631578947369, AUC 0.9760284423828125, avg_entr 0.11001013964414597
ep20_t0.1_test_time 0.10346317291259766
Test Epoch20 threshold 0.2 Acc 0.9055263157894737, AUC 0.9759982228279114, avg_entr 0.11406121402978897
ep20_t0.2_test_time 0.10047602653503418
Test Epoch20 threshold 0.3 Acc 0.9055263157894737, AUC 0.9759458303451538, avg_entr 0.11776137351989746
ep20_t0.3_test_time 0.10034561157226562
Test Epoch20 threshold 0.4 Acc 0.906578947368421, AUC 0.9759317636489868, avg_entr 0.12065114080905914
ep20_t0.4_test_time 0.0999755859375
Test Epoch20 threshold 0.5 Acc 0.908157894736842, AUC 0.9760260581970215, avg_entr 0.12192527204751968
ep20_t0.5_test_time 0.09738373756408691
Test Epoch20 threshold 0.6 Acc 0.9084210526315789, AUC 0.9760796427726746, avg_entr 0.1222584918141365
ep20_t0.6_test_time 0.08151721954345703
Test Epoch20 threshold 0.7 Acc 0.9084210526315789, AUC 0.9760782718658447, avg_entr 0.1222468838095665
ep20_t0.7_test_time 0.08095884323120117
Test Epoch20 threshold 0.8 Acc 0.9084210526315789, AUC 0.9760782718658447, avg_entr 0.1222468838095665
ep20_t0.8_test_time 0.08059048652648926
Test Epoch20 threshold 0.9 Acc 0.9084210526315789, AUC 0.9760782718658447, avg_entr 0.1222468838095665
ep20_t0.9_test_time 0.08083772659301758
gc 0
Train Epoch21 Acc 0.9271 (111252/120000), AUC 0.9857788681983948
ep21_train_time 7.282982349395752
Test Epoch21 threshold 0.1 Acc 0.9052631578947369, AUC 0.9760277271270752, avg_entr 0.1099918782711029
ep21_t0.1_test_time 0.10311698913574219
Test Epoch21 threshold 0.2 Acc 0.9055263157894737, AUC 0.9759981036186218, avg_entr 0.11404441297054291
ep21_t0.2_test_time 0.10127854347229004
Test Epoch21 threshold 0.3 Acc 0.9055263157894737, AUC 0.975945770740509, avg_entr 0.11774611473083496
ep21_t0.3_test_time 0.10072445869445801
Test Epoch21 threshold 0.4 Acc 0.906578947368421, AUC 0.9759318828582764, avg_entr 0.12063725292682648
ep21_t0.4_test_time 0.10098934173583984
Test Epoch21 threshold 0.5 Acc 0.908157894736842, AUC 0.976026177406311, avg_entr 0.12191198021173477
ep21_t0.5_test_time 0.09837698936462402
Test Epoch21 threshold 0.6 Acc 0.9084210526315789, AUC 0.9760795831680298, avg_entr 0.12224531918764114
ep21_t0.6_test_time 0.08205604553222656
Test Epoch21 threshold 0.7 Acc 0.9084210526315789, AUC 0.9760782718658447, avg_entr 0.12223371118307114
ep21_t0.7_test_time 0.08100652694702148
Test Epoch21 threshold 0.8 Acc 0.9084210526315789, AUC 0.9760782718658447, avg_entr 0.12223371118307114
ep21_t0.8_test_time 0.08066797256469727
Test Epoch21 threshold 0.9 Acc 0.9084210526315789, AUC 0.9760782718658447, avg_entr 0.12223371118307114
ep21_t0.9_test_time 0.08050918579101562
gc 0
Train Epoch22 Acc 0.9270916666666666 (111251/120000), AUC 0.9857792854309082
ep22_train_time 7.2827253341674805
Test Epoch22 threshold 0.1 Acc 0.9052631578947369, AUC 0.9760282039642334, avg_entr 0.10997285693883896
ep22_t0.1_test_time 0.10315299034118652
Test Epoch22 threshold 0.2 Acc 0.9055263157894737, AUC 0.9759987592697144, avg_entr 0.11402709037065506
ep22_t0.2_test_time 0.10032010078430176
Test Epoch22 threshold 0.3 Acc 0.9055263157894737, AUC 0.9759464263916016, avg_entr 0.11773065477609634
ep22_t0.3_test_time 0.1008608341217041
Test Epoch22 threshold 0.4 Acc 0.906578947368421, AUC 0.9759320020675659, avg_entr 0.12062326818704605
ep22_t0.4_test_time 0.10004734992980957
Test Epoch22 threshold 0.5 Acc 0.908157894736842, AUC 0.9760264158248901, avg_entr 0.12189855426549911
ep22_t0.5_test_time 0.09855866432189941
Test Epoch22 threshold 0.6 Acc 0.9084210526315789, AUC 0.9760798215866089, avg_entr 0.12223196029663086
ep22_t0.6_test_time 0.08230471611022949
Save ckpt to ckpt/ag_news_linearal_l5ad_pad75//ag_news_linearal_l5.pt  ,ep 22
Test Epoch22 threshold 0.7 Acc 0.9084210526315789, AUC 0.9760786294937134, avg_entr 0.12222032994031906
ep22_t0.7_test_time 0.08173680305480957
Test Epoch22 threshold 0.8 Acc 0.9084210526315789, AUC 0.9760786294937134, avg_entr 0.12222032994031906
ep22_t0.8_test_time 0.08116912841796875
Test Epoch22 threshold 0.9 Acc 0.9084210526315789, AUC 0.9760786294937134, avg_entr 0.12222032994031906
ep22_t0.9_test_time 0.08067989349365234
gc 0
Train Epoch23 Acc 0.9271083333333333 (111253/120000), AUC 0.9857794046401978
ep23_train_time 7.328480243682861
Test Epoch23 threshold 0.1 Acc 0.9052631578947369, AUC 0.9760282039642334, avg_entr 0.10995453596115112
ep23_t0.1_test_time 0.1028134822845459
Test Epoch23 threshold 0.2 Acc 0.9055263157894737, AUC 0.9759985208511353, avg_entr 0.11401020735502243
ep23_t0.2_test_time 0.10113024711608887
Test Epoch23 threshold 0.3 Acc 0.9055263157894737, AUC 0.9759461879730225, avg_entr 0.1177155151963234
ep23_t0.3_test_time 0.10167956352233887
Test Epoch23 threshold 0.4 Acc 0.906578947368421, AUC 0.9759300947189331, avg_entr 0.1206139549612999
ep23_t0.4_test_time 0.10235905647277832
Test Epoch23 threshold 0.5 Acc 0.908157894736842, AUC 0.9760262370109558, avg_entr 0.12188544869422913
ep23_t0.5_test_time 0.09877300262451172
Test Epoch23 threshold 0.6 Acc 0.9084210526315789, AUC 0.9760798215866089, avg_entr 0.12221897393465042
ep23_t0.6_test_time 0.08214831352233887
Save ckpt to ckpt/ag_news_linearal_l5ad_pad75//ag_news_linearal_l5.pt  ,ep 23
Test Epoch23 threshold 0.7 Acc 0.9084210526315789, AUC 0.9760786294937134, avg_entr 0.12220734357833862
ep23_t0.7_test_time 0.08178997039794922
Test Epoch23 threshold 0.8 Acc 0.9084210526315789, AUC 0.9760786294937134, avg_entr 0.12220734357833862
ep23_t0.8_test_time 0.08171868324279785
Test Epoch23 threshold 0.9 Acc 0.9084210526315789, AUC 0.9760786294937134, avg_entr 0.12220734357833862
ep23_t0.9_test_time 0.0812373161315918
gc 0
Train Epoch24 Acc 0.9271 (111252/120000), AUC 0.9857795834541321
ep24_train_time 7.284966945648193
Test Epoch24 threshold 0.1 Acc 0.9052631578947369, AUC 0.9760276675224304, avg_entr 0.10994141548871994
ep24_t0.1_test_time 0.10401153564453125
Test Epoch24 threshold 0.2 Acc 0.9055263157894737, AUC 0.97599858045578, avg_entr 0.11399334669113159
ep24_t0.2_test_time 0.10146164894104004
Test Epoch24 threshold 0.3 Acc 0.9055263157894737, AUC 0.9759461283683777, avg_entr 0.11770055443048477
ep24_t0.3_test_time 0.1020357608795166
Test Epoch24 threshold 0.4 Acc 0.906578947368421, AUC 0.9759299755096436, avg_entr 0.12060023099184036
ep24_t0.4_test_time 0.10056352615356445
Test Epoch24 threshold 0.5 Acc 0.908157894736842, AUC 0.9760262966156006, avg_entr 0.12187216430902481
ep24_t0.5_test_time 0.09854888916015625
Test Epoch24 threshold 0.6 Acc 0.9084210526315789, AUC 0.976080060005188, avg_entr 0.12220574170351028
ep24_t0.6_test_time 0.08213973045349121
Save ckpt to ckpt/ag_news_linearal_l5ad_pad75//ag_news_linearal_l5.pt  ,ep 24
Test Epoch24 threshold 0.7 Acc 0.9084210526315789, AUC 0.9760787487030029, avg_entr 0.12219411134719849
ep24_t0.7_test_time 0.08299636840820312
Test Epoch24 threshold 0.8 Acc 0.9084210526315789, AUC 0.9760787487030029, avg_entr 0.12219411134719849
ep24_t0.8_test_time 0.08119726181030273
Test Epoch24 threshold 0.9 Acc 0.9084210526315789, AUC 0.9760787487030029, avg_entr 0.12219411134719849
ep24_t0.9_test_time 0.08136415481567383
gc 0
Train Epoch25 Acc 0.9270916666666666 (111251/120000), AUC 0.9857796430587769
ep25_train_time 7.331486940383911
Test Epoch25 threshold 0.1 Acc 0.9052631578947369, AUC 0.9760276079177856, avg_entr 0.1099238246679306
ep25_t0.1_test_time 0.10435676574707031
Test Epoch25 threshold 0.2 Acc 0.9055263157894737, AUC 0.975997805595398, avg_entr 0.11398354917764664
ep25_t0.2_test_time 0.10242581367492676
Test Epoch25 threshold 0.3 Acc 0.9055263157894737, AUC 0.9759461283683777, avg_entr 0.11768683791160583
ep25_t0.3_test_time 0.10127067565917969
Test Epoch25 threshold 0.4 Acc 0.906578947368421, AUC 0.9759303331375122, avg_entr 0.12058646976947784
ep25_t0.4_test_time 0.10094618797302246
Test Epoch25 threshold 0.5 Acc 0.908157894736842, AUC 0.9760265946388245, avg_entr 0.12185902148485184
ep25_t0.5_test_time 0.09801983833312988
Test Epoch25 threshold 0.6 Acc 0.9084210526315789, AUC 0.9760802984237671, avg_entr 0.12219277769327164
ep25_t0.6_test_time 0.08212590217590332
Save ckpt to ckpt/ag_news_linearal_l5ad_pad75//ag_news_linearal_l5.pt  ,ep 25
Test Epoch25 threshold 0.7 Acc 0.9084210526315789, AUC 0.976078987121582, avg_entr 0.12218112498521805
ep25_t0.7_test_time 0.08293294906616211
Test Epoch25 threshold 0.8 Acc 0.9084210526315789, AUC 0.976078987121582, avg_entr 0.12218112498521805
ep25_t0.8_test_time 0.08129525184631348
Test Epoch25 threshold 0.9 Acc 0.9084210526315789, AUC 0.976078987121582, avg_entr 0.12218112498521805
ep25_t0.9_test_time 0.08116602897644043
gc 0
Train Epoch26 Acc 0.9271083333333333 (111253/120000), AUC 0.9857801198959351
ep26_train_time 7.474663496017456
Test Epoch26 threshold 0.1 Acc 0.9052631578947369, AUC 0.9760278463363647, avg_entr 0.10990644991397858
ep26_t0.1_test_time 0.10307002067565918
Test Epoch26 threshold 0.2 Acc 0.9055263157894737, AUC 0.9759979248046875, avg_entr 0.11396746337413788
ep26_t0.2_test_time 0.10101151466369629
Test Epoch26 threshold 0.3 Acc 0.9055263157894737, AUC 0.9759460687637329, avg_entr 0.11767219752073288
ep26_t0.3_test_time 0.10041165351867676
Test Epoch26 threshold 0.4 Acc 0.906578947368421, AUC 0.975930392742157, avg_entr 0.12057307362556458
ep26_t0.4_test_time 0.1002664566040039
Test Epoch26 threshold 0.5 Acc 0.908157894736842, AUC 0.9760262966156006, avg_entr 0.12184619903564453
ep26_t0.5_test_time 0.09856247901916504
Test Epoch26 threshold 0.6 Acc 0.9084210526315789, AUC 0.9760801792144775, avg_entr 0.12218007445335388
ep26_t0.6_test_time 0.08213949203491211
Test Epoch26 threshold 0.7 Acc 0.9084210526315789, AUC 0.9760788679122925, avg_entr 0.1221684068441391
ep26_t0.7_test_time 0.08092331886291504
Test Epoch26 threshold 0.8 Acc 0.9084210526315789, AUC 0.9760788679122925, avg_entr 0.1221684068441391
ep26_t0.8_test_time 0.0810079574584961
Test Epoch26 threshold 0.9 Acc 0.9084210526315789, AUC 0.9760788679122925, avg_entr 0.1221684068441391
ep26_t0.9_test_time 0.0805673599243164
gc 0
Train Epoch27 Acc 0.9270833333333334 (111250/120000), AUC 0.9857801198959351
ep27_train_time 7.4303178787231445
Test Epoch27 threshold 0.1 Acc 0.9052631578947369, AUC 0.9760281443595886, avg_entr 0.10988761484622955
ep27_t0.1_test_time 0.10360336303710938
Test Epoch27 threshold 0.2 Acc 0.9055263157894737, AUC 0.9759982824325562, avg_entr 0.11395043879747391
ep27_t0.2_test_time 0.10083889961242676
Test Epoch27 threshold 0.3 Acc 0.9055263157894737, AUC 0.9759463667869568, avg_entr 0.11765699833631516
ep27_t0.3_test_time 0.10106158256530762
Test Epoch27 threshold 0.4 Acc 0.906578947368421, AUC 0.9759305715560913, avg_entr 0.12055923789739609
ep27_t0.4_test_time 0.10070538520812988
Test Epoch27 threshold 0.5 Acc 0.908157894736842, AUC 0.9760264158248901, avg_entr 0.1218329519033432
ep27_t0.5_test_time 0.0985555648803711
Test Epoch27 threshold 0.6 Acc 0.9084210526315789, AUC 0.9760803580284119, avg_entr 0.12216684967279434
ep27_t0.6_test_time 0.08203864097595215
Save ckpt to ckpt/ag_news_linearal_l5ad_pad75//ag_news_linearal_l5.pt  ,ep 27
Test Epoch27 threshold 0.7 Acc 0.9084210526315789, AUC 0.9760790467262268, avg_entr 0.12215518206357956
ep27_t0.7_test_time 0.08269381523132324
Test Epoch27 threshold 0.8 Acc 0.9084210526315789, AUC 0.9760790467262268, avg_entr 0.12215518206357956
ep27_t0.8_test_time 0.08138322830200195
Test Epoch27 threshold 0.9 Acc 0.9084210526315789, AUC 0.9760790467262268, avg_entr 0.12215518206357956
ep27_t0.9_test_time 0.08107447624206543
gc 0
Train Epoch28 Acc 0.927075 (111249/120000), AUC 0.9857802391052246
ep28_train_time 7.3239288330078125
Test Epoch28 threshold 0.1 Acc 0.9052631578947369, AUC 0.976028323173523, avg_entr 0.10987025499343872
ep28_t0.1_test_time 0.10507845878601074
Test Epoch28 threshold 0.2 Acc 0.9055263157894737, AUC 0.9759982228279114, avg_entr 0.11393413692712784
ep28_t0.2_test_time 0.10147976875305176
Test Epoch28 threshold 0.3 Acc 0.9055263157894737, AUC 0.9759459495544434, avg_entr 0.11764367669820786
ep28_t0.3_test_time 0.10211920738220215
Test Epoch28 threshold 0.4 Acc 0.906578947368421, AUC 0.9759308099746704, avg_entr 0.12054536491632462
ep28_t0.4_test_time 0.10067439079284668
Test Epoch28 threshold 0.5 Acc 0.908157894736842, AUC 0.976026713848114, avg_entr 0.12181954085826874
ep28_t0.5_test_time 0.09861922264099121
Test Epoch28 threshold 0.6 Acc 0.9084210526315789, AUC 0.9760804176330566, avg_entr 0.12215355783700943
ep28_t0.6_test_time 0.08173060417175293
Save ckpt to ckpt/ag_news_linearal_l5ad_pad75//ag_news_linearal_l5.pt  ,ep 28
Test Epoch28 threshold 0.7 Acc 0.9084210526315789, AUC 0.9760790467262268, avg_entr 0.12214189767837524
ep28_t0.7_test_time 0.08260869979858398
Test Epoch28 threshold 0.8 Acc 0.9084210526315789, AUC 0.9760790467262268, avg_entr 0.12214189767837524
ep28_t0.8_test_time 0.08176159858703613
Test Epoch28 threshold 0.9 Acc 0.9084210526315789, AUC 0.9760790467262268, avg_entr 0.12214189767837524
ep28_t0.9_test_time 0.08111238479614258
gc 0
Train Epoch29 Acc 0.9271166666666667 (111254/120000), AUC 0.9857805371284485
ep29_train_time 7.388444185256958
Test Epoch29 threshold 0.1 Acc 0.9052631578947369, AUC 0.976027250289917, avg_entr 0.10985183715820312
ep29_t0.1_test_time 0.10330319404602051
Test Epoch29 threshold 0.2 Acc 0.9055263157894737, AUC 0.9759983420372009, avg_entr 0.11391665041446686
ep29_t0.2_test_time 0.10125207901000977
Test Epoch29 threshold 0.3 Acc 0.9055263157894737, AUC 0.9759459495544434, avg_entr 0.11762798577547073
ep29_t0.3_test_time 0.10091066360473633
Test Epoch29 threshold 0.4 Acc 0.906578947368421, AUC 0.9759310483932495, avg_entr 0.12053116410970688
ep29_t0.4_test_time 0.1005849838256836
Test Epoch29 threshold 0.5 Acc 0.908157894736842, AUC 0.9760265350341797, avg_entr 0.1218058168888092
ep29_t0.5_test_time 0.09877777099609375
Test Epoch29 threshold 0.6 Acc 0.9084210526315789, AUC 0.9760804176330566, avg_entr 0.12213987857103348
ep29_t0.6_test_time 0.0824747085571289
Save ckpt to ckpt/ag_news_linearal_l5ad_pad75//ag_news_linearal_l5.pt  ,ep 29
Test Epoch29 threshold 0.7 Acc 0.9084210526315789, AUC 0.9760790467262268, avg_entr 0.1221281960606575
ep29_t0.7_test_time 0.08265924453735352
Test Epoch29 threshold 0.8 Acc 0.9084210526315789, AUC 0.9760790467262268, avg_entr 0.1221281960606575
ep29_t0.8_test_time 0.08124732971191406
Test Epoch29 threshold 0.9 Acc 0.9084210526315789, AUC 0.9760790467262268, avg_entr 0.1221281960606575
ep29_t0.9_test_time 0.08074045181274414
gc 0
Train Epoch30 Acc 0.9270833333333334 (111250/120000), AUC 0.985780656337738
ep30_train_time 7.3291237354278564
Test Epoch30 threshold 0.1 Acc 0.9052631578947369, AUC 0.9760268330574036, avg_entr 0.10983774065971375
ep30_t0.1_test_time 0.10352182388305664
Test Epoch30 threshold 0.2 Acc 0.9055263157894737, AUC 0.9759984016418457, avg_entr 0.11390040814876556
ep30_t0.2_test_time 0.10069632530212402
Test Epoch30 threshold 0.3 Acc 0.9055263157894737, AUC 0.9759461879730225, avg_entr 0.11761327087879181
ep30_t0.3_test_time 0.10094857215881348
Test Epoch30 threshold 0.4 Acc 0.906578947368421, AUC 0.9759354591369629, avg_entr 0.12052072584629059
ep30_t0.4_test_time 0.1010444164276123
Test Epoch30 threshold 0.5 Acc 0.908157894736842, AUC 0.976026713848114, avg_entr 0.1217927560210228
ep30_t0.5_test_time 0.09839558601379395
Test Epoch30 threshold 0.6 Acc 0.9084210526315789, AUC 0.9760804176330566, avg_entr 0.12212690711021423
ep30_t0.6_test_time 0.0824744701385498
Save ckpt to ckpt/ag_news_linearal_l5ad_pad75//ag_news_linearal_l5.pt  ,ep 30
Test Epoch30 threshold 0.7 Acc 0.9084210526315789, AUC 0.9760791063308716, avg_entr 0.12211523205041885
ep30_t0.7_test_time 0.08288049697875977
Test Epoch30 threshold 0.8 Acc 0.9084210526315789, AUC 0.9760791063308716, avg_entr 0.12211523205041885
ep30_t0.8_test_time 0.08141875267028809
Test Epoch30 threshold 0.9 Acc 0.9084210526315789, AUC 0.9760791063308716, avg_entr 0.12211523205041885
ep30_t0.9_test_time 0.08078718185424805
gc 0
Train Epoch31 Acc 0.9271083333333333 (111253/120000), AUC 0.9857808947563171
ep31_train_time 7.311299085617065
Test Epoch31 threshold 0.1 Acc 0.9052631578947369, AUC 0.9760259389877319, avg_entr 0.10981888324022293
ep31_t0.1_test_time 0.10329079627990723
Test Epoch31 threshold 0.2 Acc 0.9055263157894737, AUC 0.9759979248046875, avg_entr 0.11388315260410309
ep31_t0.2_test_time 0.10067939758300781
Test Epoch31 threshold 0.3 Acc 0.9055263157894737, AUC 0.975945770740509, avg_entr 0.11759769916534424
ep31_t0.3_test_time 0.10085487365722656
Test Epoch31 threshold 0.4 Acc 0.906578947368421, AUC 0.9759349822998047, avg_entr 0.12050660699605942
ep31_t0.4_test_time 0.10021090507507324
Test Epoch31 threshold 0.5 Acc 0.9084210526315789, AUC 0.9760276675224304, avg_entr 0.1217678114771843
ep31_t0.5_test_time 0.09776973724365234
Test Epoch31 threshold 0.6 Acc 0.9084210526315789, AUC 0.9760804176330566, avg_entr 0.12211330980062485
ep31_t0.6_test_time 0.08187413215637207
Save ckpt to ckpt/ag_news_linearal_l5ad_pad75//ag_news_linearal_l5.pt  ,ep 31
Test Epoch31 threshold 0.7 Acc 0.9084210526315789, AUC 0.9760791063308716, avg_entr 0.12210163474082947
ep31_t0.7_test_time 0.08331608772277832
Test Epoch31 threshold 0.8 Acc 0.9084210526315789, AUC 0.9760791063308716, avg_entr 0.12210163474082947
ep31_t0.8_test_time 0.0814826488494873
Test Epoch31 threshold 0.9 Acc 0.9084210526315789, AUC 0.9760791063308716, avg_entr 0.12210163474082947
ep31_t0.9_test_time 0.08099770545959473
gc 0
Train Epoch32 Acc 0.9271166666666667 (111254/120000), AUC 0.9857809543609619
ep32_train_time 7.316691637039185
Test Epoch32 threshold 0.1 Acc 0.9052631578947369, AUC 0.9760258197784424, avg_entr 0.10980108380317688
ep32_t0.1_test_time 0.10313153266906738
Test Epoch32 threshold 0.2 Acc 0.9055263157894737, AUC 0.9759978652000427, avg_entr 0.11386648565530777
ep32_t0.2_test_time 0.10059165954589844
Test Epoch32 threshold 0.3 Acc 0.9055263157894737, AUC 0.9759455323219299, avg_entr 0.11758233606815338
ep32_t0.3_test_time 0.10143351554870605
Test Epoch32 threshold 0.4 Acc 0.906578947368421, AUC 0.9759350419044495, avg_entr 0.12049257755279541
ep32_t0.4_test_time 0.10123729705810547
Test Epoch32 threshold 0.5 Acc 0.9084210526315789, AUC 0.9760276079177856, avg_entr 0.1217544749379158
ep32_t0.5_test_time 0.09809994697570801
Test Epoch32 threshold 0.6 Acc 0.9084210526315789, AUC 0.9760804176330566, avg_entr 0.12210012972354889
ep32_t0.6_test_time 0.0827019214630127
Save ckpt to ckpt/ag_news_linearal_l5ad_pad75//ag_news_linearal_l5.pt  ,ep 32
Test Epoch32 threshold 0.7 Acc 0.9084210526315789, AUC 0.9760790467262268, avg_entr 0.12208843231201172
ep32_t0.7_test_time 0.08296680450439453
Test Epoch32 threshold 0.8 Acc 0.9084210526315789, AUC 0.9760790467262268, avg_entr 0.12208843231201172
ep32_t0.8_test_time 0.0814509391784668
Test Epoch32 threshold 0.9 Acc 0.9084210526315789, AUC 0.9760790467262268, avg_entr 0.12208843231201172
ep32_t0.9_test_time 0.0814509391784668
gc 0
Train Epoch33 Acc 0.9271083333333333 (111253/120000), AUC 0.9857810139656067
ep33_train_time 7.32827615737915
Test Epoch33 threshold 0.1 Acc 0.9052631578947369, AUC 0.9760260581970215, avg_entr 0.1097840815782547
ep33_t0.1_test_time 0.10285735130310059
Test Epoch33 threshold 0.2 Acc 0.9055263157894737, AUC 0.9759984612464905, avg_entr 0.11384954303503036
ep33_t0.2_test_time 0.10101556777954102
Test Epoch33 threshold 0.3 Acc 0.9055263157894737, AUC 0.9759460687637329, avg_entr 0.11756709963083267
ep33_t0.3_test_time 0.10109615325927734
Test Epoch33 threshold 0.4 Acc 0.906578947368421, AUC 0.9759389758110046, avg_entr 0.12049043923616409
ep33_t0.4_test_time 0.10039091110229492
Test Epoch33 threshold 0.5 Acc 0.9084210526315789, AUC 0.9760276079177856, avg_entr 0.12174087762832642
ep33_t0.5_test_time 0.09815239906311035
Test Epoch33 threshold 0.6 Acc 0.9084210526315789, AUC 0.9760804176330566, avg_entr 0.12208656966686249
ep33_t0.6_test_time 0.08173131942749023
Save ckpt to ckpt/ag_news_linearal_l5ad_pad75//ag_news_linearal_l5.pt  ,ep 33
Test Epoch33 threshold 0.7 Acc 0.9084210526315789, AUC 0.9760791659355164, avg_entr 0.12207487225532532
ep33_t0.7_test_time 0.08214831352233887
Test Epoch33 threshold 0.8 Acc 0.9084210526315789, AUC 0.9760791659355164, avg_entr 0.12207487225532532
ep33_t0.8_test_time 0.08092093467712402
Test Epoch33 threshold 0.9 Acc 0.9084210526315789, AUC 0.9760791659355164, avg_entr 0.12207487225532532
ep33_t0.9_test_time 0.0806894302368164
gc 0
Train Epoch34 Acc 0.927125 (111255/120000), AUC 0.9857812523841858
ep34_train_time 7.3240437507629395
Test Epoch34 threshold 0.1 Acc 0.9052631578947369, AUC 0.9760255813598633, avg_entr 0.1097690686583519
ep34_t0.1_test_time 0.10387039184570312
Test Epoch34 threshold 0.2 Acc 0.9055263157894737, AUC 0.9759989380836487, avg_entr 0.11383265256881714
ep34_t0.2_test_time 0.10063886642456055
Test Epoch34 threshold 0.3 Acc 0.9055263157894737, AUC 0.9759467840194702, avg_entr 0.1175517663359642
ep34_t0.3_test_time 0.10097408294677734
Test Epoch34 threshold 0.4 Acc 0.906578947368421, AUC 0.9759396314620972, avg_entr 0.12047632038593292
ep34_t0.4_test_time 0.10021758079528809
Test Epoch34 threshold 0.5 Acc 0.9084210526315789, AUC 0.9760280251502991, avg_entr 0.12172743678092957
ep34_t0.5_test_time 0.09787511825561523
Test Epoch34 threshold 0.6 Acc 0.9084210526315789, AUC 0.9760808944702148, avg_entr 0.1220732033252716
ep34_t0.6_test_time 0.08237504959106445
Save ckpt to ckpt/ag_news_linearal_l5ad_pad75//ag_news_linearal_l5.pt  ,ep 34
Test Epoch34 threshold 0.7 Acc 0.9084210526315789, AUC 0.976079523563385, avg_entr 0.12206147611141205
ep34_t0.7_test_time 0.08272171020507812
Test Epoch34 threshold 0.8 Acc 0.9084210526315789, AUC 0.976079523563385, avg_entr 0.12206147611141205
ep34_t0.8_test_time 0.08147382736206055
Test Epoch34 threshold 0.9 Acc 0.9084210526315789, AUC 0.976079523563385, avg_entr 0.12206147611141205
ep34_t0.9_test_time 0.08078670501708984
gc 0
Train Epoch35 Acc 0.9271083333333333 (111253/120000), AUC 0.9857816696166992
ep35_train_time 7.3361570835113525
Test Epoch35 threshold 0.1 Acc 0.9052631578947369, AUC 0.9760317206382751, avg_entr 0.10975411534309387
ep35_t0.1_test_time 0.10249805450439453
Test Epoch35 threshold 0.2 Acc 0.9055263157894737, AUC 0.9759989976882935, avg_entr 0.11381815373897552
ep35_t0.2_test_time 0.10082364082336426
Test Epoch35 threshold 0.3 Acc 0.9055263157894737, AUC 0.9759467840194702, avg_entr 0.11753647774457932
ep35_t0.3_test_time 0.10067224502563477
Test Epoch35 threshold 0.4 Acc 0.906578947368421, AUC 0.9759368300437927, avg_entr 0.1204572543501854
ep35_t0.4_test_time 0.10007953643798828
Test Epoch35 threshold 0.5 Acc 0.9084210526315789, AUC 0.9760280847549438, avg_entr 0.12171386927366257
ep35_t0.5_test_time 0.09844064712524414
Test Epoch35 threshold 0.6 Acc 0.9084210526315789, AUC 0.9760810136795044, avg_entr 0.12205978482961655
ep35_t0.6_test_time 0.08206367492675781
Save ckpt to ckpt/ag_news_linearal_l5ad_pad75//ag_news_linearal_l5.pt  ,ep 35
Test Epoch35 threshold 0.7 Acc 0.9084210526315789, AUC 0.9760796427726746, avg_entr 0.12204806506633759
ep35_t0.7_test_time 0.08279299736022949
Test Epoch35 threshold 0.8 Acc 0.9084210526315789, AUC 0.9760796427726746, avg_entr 0.12204806506633759
ep35_t0.8_test_time 0.08108782768249512
Test Epoch35 threshold 0.9 Acc 0.9084210526315789, AUC 0.9760796427726746, avg_entr 0.12204806506633759
ep35_t0.9_test_time 0.0806882381439209
gc 0
Train Epoch36 Acc 0.9271 (111252/120000), AUC 0.9857817888259888
ep36_train_time 7.303001165390015
Test Epoch36 threshold 0.1 Acc 0.9052631578947369, AUC 0.9760312438011169, avg_entr 0.10974249243736267
ep36_t0.1_test_time 0.10363507270812988
Test Epoch36 threshold 0.2 Acc 0.9055263157894737, AUC 0.9759989976882935, avg_entr 0.11380109935998917
ep36_t0.2_test_time 0.10098862648010254
Test Epoch36 threshold 0.3 Acc 0.9055263157894737, AUC 0.9759467840194702, avg_entr 0.1175210103392601
ep36_t0.3_test_time 0.10107970237731934
Test Epoch36 threshold 0.4 Acc 0.906578947368421, AUC 0.9759372472763062, avg_entr 0.12044303864240646
ep36_t0.4_test_time 0.10084891319274902
Test Epoch36 threshold 0.5 Acc 0.9084210526315789, AUC 0.9760279655456543, avg_entr 0.121700219810009
ep36_t0.5_test_time 0.09730005264282227
Test Epoch36 threshold 0.6 Acc 0.9084210526315789, AUC 0.9760808348655701, avg_entr 0.12204623222351074
ep36_t0.6_test_time 0.08123230934143066
Test Epoch36 threshold 0.7 Acc 0.9084210526315789, AUC 0.9760794639587402, avg_entr 0.12203450500965118
ep36_t0.7_test_time 0.08032369613647461
Test Epoch36 threshold 0.8 Acc 0.9084210526315789, AUC 0.9760794639587402, avg_entr 0.12203450500965118
ep36_t0.8_test_time 0.08069038391113281
Test Epoch36 threshold 0.9 Acc 0.9084210526315789, AUC 0.9760794639587402, avg_entr 0.12203450500965118
ep36_t0.9_test_time 0.08051323890686035
gc 0
Train Epoch37 Acc 0.9271 (111252/120000), AUC 0.9857820272445679
ep37_train_time 7.3281309604644775
Test Epoch37 threshold 0.1 Acc 0.9052631578947369, AUC 0.9760311841964722, avg_entr 0.10972467809915543
ep37_t0.1_test_time 0.1034998893737793
Test Epoch37 threshold 0.2 Acc 0.9055263157894737, AUC 0.9759994745254517, avg_entr 0.11378692835569382
ep37_t0.2_test_time 0.1003270149230957
Test Epoch37 threshold 0.3 Acc 0.9055263157894737, AUC 0.975947380065918, avg_entr 0.1175060048699379
ep37_t0.3_test_time 0.10082697868347168
Test Epoch37 threshold 0.4 Acc 0.906578947368421, AUC 0.9759374856948853, avg_entr 0.12042904645204544
ep37_t0.4_test_time 0.0999765396118164
Test Epoch37 threshold 0.5 Acc 0.9084210526315789, AUC 0.9760280251502991, avg_entr 0.12168676406145096
ep37_t0.5_test_time 0.09798502922058105
Test Epoch37 threshold 0.6 Acc 0.9084210526315789, AUC 0.9760810732841492, avg_entr 0.12203330546617508
ep37_t0.6_test_time 0.0815727710723877
Save ckpt to ckpt/ag_news_linearal_l5ad_pad75//ag_news_linearal_l5.pt  ,ep 37
Test Epoch37 threshold 0.7 Acc 0.9084210526315789, AUC 0.9760795831680298, avg_entr 0.12202098965644836
ep37_t0.7_test_time 0.0820155143737793
Test Epoch37 threshold 0.8 Acc 0.9084210526315789, AUC 0.9760795831680298, avg_entr 0.12202098965644836
ep37_t0.8_test_time 0.0811910629272461
Test Epoch37 threshold 0.9 Acc 0.9084210526315789, AUC 0.9760795831680298, avg_entr 0.12202098965644836
ep37_t0.9_test_time 0.08102297782897949
gc 0
Train Epoch38 Acc 0.9270833333333334 (111250/120000), AUC 0.9857821464538574
ep38_train_time 7.311541557312012
Test Epoch38 threshold 0.1 Acc 0.9052631578947369, AUC 0.9760308861732483, avg_entr 0.10970769822597504
ep38_t0.1_test_time 0.10314393043518066
Test Epoch38 threshold 0.2 Acc 0.9055263157894737, AUC 0.9759993553161621, avg_entr 0.11377010494470596
ep38_t0.2_test_time 0.10118508338928223
Test Epoch38 threshold 0.3 Acc 0.9055263157894737, AUC 0.9759470224380493, avg_entr 0.11749070882797241
ep38_t0.3_test_time 0.10114049911499023
Test Epoch38 threshold 0.4 Acc 0.906578947368421, AUC 0.9759371876716614, avg_entr 0.12041522562503815
ep38_t0.4_test_time 0.10040879249572754
Test Epoch38 threshold 0.5 Acc 0.9084210526315789, AUC 0.9760279655456543, avg_entr 0.1216733530163765
ep38_t0.5_test_time 0.0977621078491211
Test Epoch38 threshold 0.6 Acc 0.9084210526315789, AUC 0.9760810732841492, avg_entr 0.12202007323503494
ep38_t0.6_test_time 0.08157229423522949
Save ckpt to ckpt/ag_news_linearal_l5ad_pad75//ag_news_linearal_l5.pt  ,ep 38
Test Epoch38 threshold 0.7 Acc 0.9084210526315789, AUC 0.9760795831680298, avg_entr 0.12200774997472763
ep38_t0.7_test_time 0.08251476287841797
Test Epoch38 threshold 0.8 Acc 0.9084210526315789, AUC 0.9760795831680298, avg_entr 0.12200774997472763
ep38_t0.8_test_time 0.08168268203735352
Test Epoch38 threshold 0.9 Acc 0.9084210526315789, AUC 0.9760795831680298, avg_entr 0.12200774997472763
ep38_t0.9_test_time 0.08148813247680664
gc 0
Train Epoch39 Acc 0.9271083333333333 (111253/120000), AUC 0.985782265663147
ep39_train_time 7.279065132141113
Test Epoch39 threshold 0.1 Acc 0.9052631578947369, AUC 0.9760304689407349, avg_entr 0.10969565063714981
ep39_t0.1_test_time 0.10268831253051758
Test Epoch39 threshold 0.2 Acc 0.9055263157894737, AUC 0.9759993553161621, avg_entr 0.11375417560338974
ep39_t0.2_test_time 0.10110878944396973
Test Epoch39 threshold 0.3 Acc 0.9055263157894737, AUC 0.9759474992752075, avg_entr 0.11747191846370697
ep39_t0.3_test_time 0.1009511947631836
Test Epoch39 threshold 0.4 Acc 0.906578947368421, AUC 0.9759373068809509, avg_entr 0.12040168046951294
ep39_t0.4_test_time 0.1008610725402832
Test Epoch39 threshold 0.5 Acc 0.9084210526315789, AUC 0.9760280847549438, avg_entr 0.12166022509336472
ep39_t0.5_test_time 0.09772396087646484
Test Epoch39 threshold 0.6 Acc 0.9084210526315789, AUC 0.976081132888794, avg_entr 0.12200698256492615
ep39_t0.6_test_time 0.08129191398620605
Save ckpt to ckpt/ag_news_linearal_l5ad_pad75//ag_news_linearal_l5.pt  ,ep 39
Test Epoch39 threshold 0.7 Acc 0.9084210526315789, AUC 0.9760795831680298, avg_entr 0.12199465930461884
ep39_t0.7_test_time 0.08263707160949707
Test Epoch39 threshold 0.8 Acc 0.9084210526315789, AUC 0.9760795831680298, avg_entr 0.12199465930461884
ep39_t0.8_test_time 0.08167243003845215
Test Epoch39 threshold 0.9 Acc 0.9084210526315789, AUC 0.9760795831680298, avg_entr 0.12199465930461884
ep39_t0.9_test_time 0.08086872100830078
gc 0
Train Epoch40 Acc 0.9271166666666667 (111254/120000), AUC 0.9857823252677917
ep40_train_time 7.311357498168945
Test Epoch40 threshold 0.1 Acc 0.9052631578947369, AUC 0.976030170917511, avg_entr 0.10967706143856049
ep40_t0.1_test_time 0.10407543182373047
Test Epoch40 threshold 0.2 Acc 0.9055263157894737, AUC 0.9759995341300964, avg_entr 0.11373700946569443
ep40_t0.2_test_time 0.1015474796295166
Test Epoch40 threshold 0.3 Acc 0.9055263157894737, AUC 0.9759480357170105, avg_entr 0.11745639890432358
ep40_t0.3_test_time 0.10120820999145508
Test Epoch40 threshold 0.4 Acc 0.906578947368421, AUC 0.9759376049041748, avg_entr 0.12038733810186386
ep40_t0.4_test_time 0.10079193115234375
Test Epoch40 threshold 0.5 Acc 0.9084210526315789, AUC 0.9760284423828125, avg_entr 0.12164641171693802
ep40_t0.5_test_time 0.09850597381591797
Test Epoch40 threshold 0.6 Acc 0.9084210526315789, AUC 0.9760814309120178, avg_entr 0.12199313193559647
ep40_t0.6_test_time 0.08215856552124023
Save ckpt to ckpt/ag_news_linearal_l5ad_pad75//ag_news_linearal_l5.pt  ,ep 40
Test Epoch40 threshold 0.7 Acc 0.9084210526315789, AUC 0.9760799407958984, avg_entr 0.12198080867528915
ep40_t0.7_test_time 0.0828399658203125
Test Epoch40 threshold 0.8 Acc 0.9084210526315789, AUC 0.9760799407958984, avg_entr 0.12198080867528915
ep40_t0.8_test_time 0.08118295669555664
Test Epoch40 threshold 0.9 Acc 0.9084210526315789, AUC 0.9760799407958984, avg_entr 0.12198080867528915
ep40_t0.9_test_time 0.08102297782897949
gc 0
Train Epoch41 Acc 0.9270916666666666 (111251/120000), AUC 0.9857823848724365
ep41_train_time 7.378488779067993
Test Epoch41 threshold 0.1 Acc 0.9052631578947369, AUC 0.9760300517082214, avg_entr 0.10965871065855026
ep41_t0.1_test_time 0.10305571556091309
Test Epoch41 threshold 0.2 Acc 0.9055263157894737, AUC 0.9759977459907532, avg_entr 0.11372491717338562
ep41_t0.2_test_time 0.10067939758300781
Test Epoch41 threshold 0.3 Acc 0.9055263157894737, AUC 0.9759472608566284, avg_entr 0.11744114011526108
ep41_t0.3_test_time 0.10036444664001465
Test Epoch41 threshold 0.4 Acc 0.906578947368421, AUC 0.9759367108345032, avg_entr 0.12037338316440582
ep41_t0.4_test_time 0.10058355331420898
Test Epoch41 threshold 0.5 Acc 0.9084210526315789, AUC 0.9760282039642334, avg_entr 0.1216329038143158
ep41_t0.5_test_time 0.0981910228729248
Test Epoch41 threshold 0.6 Acc 0.9084210526315789, AUC 0.9760811924934387, avg_entr 0.12197969108819962
ep41_t0.6_test_time 0.08190608024597168
Test Epoch41 threshold 0.7 Acc 0.9084210526315789, AUC 0.9760796427726746, avg_entr 0.1219673752784729
ep41_t0.7_test_time 0.08082199096679688
Test Epoch41 threshold 0.8 Acc 0.9084210526315789, AUC 0.9760796427726746, avg_entr 0.1219673752784729
ep41_t0.8_test_time 0.08181357383728027
Test Epoch41 threshold 0.9 Acc 0.9084210526315789, AUC 0.9760796427726746, avg_entr 0.1219673752784729
ep41_t0.9_test_time 0.0812082290649414
gc 0
Train Epoch42 Acc 0.927125 (111255/120000), AUC 0.98578280210495
ep42_train_time 7.340784072875977
Test Epoch42 threshold 0.1 Acc 0.9052631578947369, AUC 0.9760308265686035, avg_entr 0.10964127629995346
ep42_t0.1_test_time 0.10958719253540039
Test Epoch42 threshold 0.2 Acc 0.9055263157894737, AUC 0.975998044013977, avg_entr 0.11370854079723358
ep42_t0.2_test_time 0.10091018676757812
Test Epoch42 threshold 0.3 Acc 0.9055263157894737, AUC 0.9759454131126404, avg_entr 0.11744993180036545
ep42_t0.3_test_time 0.10093951225280762
Test Epoch42 threshold 0.4 Acc 0.906578947368421, AUC 0.975937008857727, avg_entr 0.12035941332578659
ep42_t0.4_test_time 0.10049676895141602
Test Epoch42 threshold 0.5 Acc 0.9084210526315789, AUC 0.976028323173523, avg_entr 0.12161946296691895
ep42_t0.5_test_time 0.09830760955810547
Test Epoch42 threshold 0.6 Acc 0.9084210526315789, AUC 0.9760812520980835, avg_entr 0.12196628004312515
ep42_t0.6_test_time 0.08180713653564453
Test Epoch42 threshold 0.7 Acc 0.9084210526315789, AUC 0.9760797023773193, avg_entr 0.12195394188165665
ep42_t0.7_test_time 0.0811007022857666
Test Epoch42 threshold 0.8 Acc 0.9084210526315789, AUC 0.9760797023773193, avg_entr 0.12195394188165665
ep42_t0.8_test_time 0.08070802688598633
Test Epoch42 threshold 0.9 Acc 0.9084210526315789, AUC 0.9760797023773193, avg_entr 0.12195394188165665
ep42_t0.9_test_time 0.08071231842041016
gc 0
Train Epoch43 Acc 0.9271166666666667 (111254/120000), AUC 0.9857826828956604
ep43_train_time 7.2805047035217285
Test Epoch43 threshold 0.1 Acc 0.9052631578947369, AUC 0.9760302305221558, avg_entr 0.10962530225515366
ep43_t0.1_test_time 0.1028280258178711
Test Epoch43 threshold 0.2 Acc 0.9055263157894737, AUC 0.975997805595398, avg_entr 0.11369191855192184
ep43_t0.2_test_time 0.10107159614562988
Test Epoch43 threshold 0.3 Acc 0.9055263157894737, AUC 0.9759453535079956, avg_entr 0.11743462085723877
ep43_t0.3_test_time 0.10090994834899902
Test Epoch43 threshold 0.4 Acc 0.906578947368421, AUC 0.9759370684623718, avg_entr 0.12034539133310318
ep43_t0.4_test_time 0.10130786895751953
Test Epoch43 threshold 0.5 Acc 0.9084210526315789, AUC 0.9760282635688782, avg_entr 0.12160588800907135
ep43_t0.5_test_time 0.09769153594970703
Test Epoch43 threshold 0.6 Acc 0.9084210526315789, AUC 0.976081132888794, avg_entr 0.1219528391957283
ep43_t0.6_test_time 0.08198809623718262
Test Epoch43 threshold 0.7 Acc 0.9084210526315789, AUC 0.9760795831680298, avg_entr 0.1219405010342598
ep43_t0.7_test_time 0.08027458190917969
Test Epoch43 threshold 0.8 Acc 0.9084210526315789, AUC 0.9760795831680298, avg_entr 0.1219405010342598
ep43_t0.8_test_time 0.08107471466064453
Test Epoch43 threshold 0.9 Acc 0.9084210526315789, AUC 0.9760795831680298, avg_entr 0.1219405010342598
ep43_t0.9_test_time 0.08037042617797852
gc 0
Train Epoch44 Acc 0.9271166666666667 (111254/120000), AUC 0.9857833385467529
ep44_train_time 7.335291862487793
Test Epoch44 threshold 0.1 Acc 0.9052631578947369, AUC 0.976030170917511, avg_entr 0.10960973054170609
ep44_t0.1_test_time 0.10357451438903809
Test Epoch44 threshold 0.2 Acc 0.9055263157894737, AUC 0.9759979844093323, avg_entr 0.1136750653386116
ep44_t0.2_test_time 0.10112261772155762
Test Epoch44 threshold 0.3 Acc 0.9055263157894737, AUC 0.9759458303451538, avg_entr 0.11741951107978821
ep44_t0.3_test_time 0.10056614875793457
Test Epoch44 threshold 0.4 Acc 0.906578947368421, AUC 0.9759383797645569, avg_entr 0.12033439427614212
ep44_t0.4_test_time 0.10035133361816406
Test Epoch44 threshold 0.5 Acc 0.9084210526315789, AUC 0.9760284423828125, avg_entr 0.12159254401922226
ep44_t0.5_test_time 0.09795236587524414
Test Epoch44 threshold 0.6 Acc 0.9084210526315789, AUC 0.9760812520980835, avg_entr 0.12193945795297623
ep44_t0.6_test_time 0.08182811737060547
Test Epoch44 threshold 0.7 Acc 0.9084210526315789, AUC 0.9760797023773193, avg_entr 0.12192711979150772
ep44_t0.7_test_time 0.08100175857543945
Test Epoch44 threshold 0.8 Acc 0.9084210526315789, AUC 0.9760797023773193, avg_entr 0.12192711979150772
ep44_t0.8_test_time 0.08095455169677734
Test Epoch44 threshold 0.9 Acc 0.9084210526315789, AUC 0.9760797023773193, avg_entr 0.12192711979150772
ep44_t0.9_test_time 0.08081245422363281
gc 0
Train Epoch45 Acc 0.9271166666666667 (111254/120000), AUC 0.9857834577560425
ep45_train_time 7.379152059555054
Test Epoch45 threshold 0.1 Acc 0.9052631578947369, AUC 0.9760300517082214, avg_entr 0.10959207266569138
ep45_t0.1_test_time 0.10324907302856445
Test Epoch45 threshold 0.2 Acc 0.9055263157894737, AUC 0.9759970903396606, avg_entr 0.11366517096757889
ep45_t0.2_test_time 0.10120606422424316
Test Epoch45 threshold 0.3 Acc 0.9055263157894737, AUC 0.9759455919265747, avg_entr 0.11740422993898392
ep45_t0.3_test_time 0.10131478309631348
Test Epoch45 threshold 0.4 Acc 0.906578947368421, AUC 0.9759382605552673, avg_entr 0.12032046169042587
ep45_t0.4_test_time 0.1007070541381836
Test Epoch45 threshold 0.5 Acc 0.9084210526315789, AUC 0.9760286808013916, avg_entr 0.12157902866601944
ep45_t0.5_test_time 0.09807276725769043
Test Epoch45 threshold 0.6 Acc 0.9084210526315789, AUC 0.9760814905166626, avg_entr 0.12192613631486893
ep45_t0.6_test_time 0.08173894882202148
Save ckpt to ckpt/ag_news_linearal_l5ad_pad75//ag_news_linearal_l5.pt  ,ep 45
Test Epoch45 threshold 0.7 Acc 0.9084210526315789, AUC 0.976080060005188, avg_entr 0.12191379815340042
ep45_t0.7_test_time 0.08265495300292969
Test Epoch45 threshold 0.8 Acc 0.9084210526315789, AUC 0.976080060005188, avg_entr 0.12191379815340042
ep45_t0.8_test_time 0.0815126895904541
Test Epoch45 threshold 0.9 Acc 0.9084210526315789, AUC 0.976080060005188, avg_entr 0.12191379815340042
ep45_t0.9_test_time 0.08165669441223145
gc 0
Train Epoch46 Acc 0.9271 (111252/120000), AUC 0.9857833981513977
ep46_train_time 7.268392562866211
Test Epoch46 threshold 0.1 Acc 0.9052631578947369, AUC 0.9760298728942871, avg_entr 0.10957321524620056
ep46_t0.1_test_time 0.1031033992767334
Test Epoch46 threshold 0.2 Acc 0.9055263157894737, AUC 0.9759967923164368, avg_entr 0.1136479601264
ep46_t0.2_test_time 0.09979510307312012
Test Epoch46 threshold 0.3 Acc 0.9055263157894737, AUC 0.9759455323219299, avg_entr 0.11738882213830948
ep46_t0.3_test_time 0.1007223129272461
Test Epoch46 threshold 0.4 Acc 0.906578947368421, AUC 0.9759382009506226, avg_entr 0.12030662596225739
ep46_t0.4_test_time 0.10011100769042969
Test Epoch46 threshold 0.5 Acc 0.9084210526315789, AUC 0.9760286808013916, avg_entr 0.1215653270483017
ep46_t0.5_test_time 0.097137451171875
Test Epoch46 threshold 0.6 Acc 0.9084210526315789, AUC 0.9760817289352417, avg_entr 0.12191250920295715
ep46_t0.6_test_time 0.08121514320373535
Save ckpt to ckpt/ag_news_linearal_l5ad_pad75//ag_news_linearal_l5.pt  ,ep 46
Test Epoch46 threshold 0.7 Acc 0.9084210526315789, AUC 0.9760801792144775, avg_entr 0.12190017849206924
ep46_t0.7_test_time 0.08205056190490723
Test Epoch46 threshold 0.8 Acc 0.9084210526315789, AUC 0.9760801792144775, avg_entr 0.12190017849206924
ep46_t0.8_test_time 0.080718994140625
Test Epoch46 threshold 0.9 Acc 0.9084210526315789, AUC 0.9760801792144775, avg_entr 0.12190017849206924
ep46_t0.9_test_time 0.08058285713195801
gc 0
Train Epoch47 Acc 0.9271083333333333 (111253/120000), AUC 0.9857839345932007
ep47_train_time 7.266778469085693
Test Epoch47 threshold 0.1 Acc 0.9052631578947369, AUC 0.9760302901268005, avg_entr 0.10955491662025452
ep47_t0.1_test_time 0.10449719429016113
Test Epoch47 threshold 0.2 Acc 0.9055263157894737, AUC 0.9759964942932129, avg_entr 0.11363103985786438
ep47_t0.2_test_time 0.10243701934814453
Test Epoch47 threshold 0.3 Acc 0.9055263157894737, AUC 0.9759454131126404, avg_entr 0.11737333238124847
ep47_t0.3_test_time 0.10150933265686035
Test Epoch47 threshold 0.4 Acc 0.906578947368421, AUC 0.9759383201599121, avg_entr 0.12029249966144562
ep47_t0.4_test_time 0.10204291343688965
Test Epoch47 threshold 0.5 Acc 0.9084210526315789, AUC 0.976028561592102, avg_entr 0.12155166268348694
ep47_t0.5_test_time 0.09917163848876953
Test Epoch47 threshold 0.6 Acc 0.9084210526315789, AUC 0.9760817289352417, avg_entr 0.12189894914627075
ep47_t0.6_test_time 0.0826730728149414
Save ckpt to ckpt/ag_news_linearal_l5ad_pad75//ag_news_linearal_l5.pt  ,ep 47
Test Epoch47 threshold 0.7 Acc 0.9084210526315789, AUC 0.9760802388191223, avg_entr 0.12188661098480225
ep47_t0.7_test_time 0.08335137367248535
Test Epoch47 threshold 0.8 Acc 0.9084210526315789, AUC 0.9760802388191223, avg_entr 0.12188661098480225
ep47_t0.8_test_time 0.08184313774108887
Test Epoch47 threshold 0.9 Acc 0.9084210526315789, AUC 0.9760802388191223, avg_entr 0.12188661098480225
ep47_t0.9_test_time 0.08116960525512695
gc 0
Train Epoch48 Acc 0.9271083333333333 (111253/120000), AUC 0.9857839345932007
ep48_train_time 7.34596586227417
Test Epoch48 threshold 0.1 Acc 0.9052631578947369, AUC 0.9760299921035767, avg_entr 0.10953523218631744
ep48_t0.1_test_time 0.10290002822875977
Test Epoch48 threshold 0.2 Acc 0.9055263157894737, AUC 0.9759963750839233, avg_entr 0.11361505836248398
ep48_t0.2_test_time 0.10078191757202148
Test Epoch48 threshold 0.3 Acc 0.9055263157894737, AUC 0.9759455919265747, avg_entr 0.11735852807760239
ep48_t0.3_test_time 0.10120201110839844
Test Epoch48 threshold 0.4 Acc 0.906578947368421, AUC 0.9759382009506226, avg_entr 0.1202787384390831
ep48_t0.4_test_time 0.10054874420166016
Test Epoch48 threshold 0.5 Acc 0.9084210526315789, AUC 0.976028561592102, avg_entr 0.12153850495815277
ep48_t0.5_test_time 0.09764742851257324
Test Epoch48 threshold 0.6 Acc 0.9084210526315789, AUC 0.9760817289352417, avg_entr 0.12188587337732315
ep48_t0.6_test_time 0.0816659927368164
Save ckpt to ckpt/ag_news_linearal_l5ad_pad75//ag_news_linearal_l5.pt  ,ep 48
Test Epoch48 threshold 0.7 Acc 0.9084210526315789, AUC 0.9760801196098328, avg_entr 0.12187353521585464
ep48_t0.7_test_time 0.08234429359436035
Test Epoch48 threshold 0.8 Acc 0.9084210526315789, AUC 0.9760801196098328, avg_entr 0.12187353521585464
ep48_t0.8_test_time 0.08148479461669922
Test Epoch48 threshold 0.9 Acc 0.9084210526315789, AUC 0.9760801196098328, avg_entr 0.12187353521585464
ep48_t0.9_test_time 0.08116316795349121
gc 0
Train Epoch49 Acc 0.9271166666666667 (111254/120000), AUC 0.9857842326164246
ep49_train_time 7.366939544677734
Test Epoch49 threshold 0.1 Acc 0.9052631578947369, AUC 0.976030170917511, avg_entr 0.10951688885688782
ep49_t0.1_test_time 0.10330939292907715
Test Epoch49 threshold 0.2 Acc 0.9055263157894737, AUC 0.9759964346885681, avg_entr 0.11359809339046478
ep49_t0.2_test_time 0.10079240798950195
Test Epoch49 threshold 0.3 Acc 0.9055263157894737, AUC 0.9759447574615479, avg_entr 0.11734779924154282
ep49_t0.3_test_time 0.10082197189331055
Test Epoch49 threshold 0.4 Acc 0.906578947368421, AUC 0.9759377837181091, avg_entr 0.12026449292898178
ep49_t0.4_test_time 0.1000521183013916
Test Epoch49 threshold 0.5 Acc 0.9084210526315789, AUC 0.9760283827781677, avg_entr 0.12152478098869324
ep49_t0.5_test_time 0.09745073318481445
Test Epoch49 threshold 0.6 Acc 0.9084210526315789, AUC 0.9760814905166626, avg_entr 0.12187209725379944
ep49_t0.6_test_time 0.08226943016052246
Test Epoch49 threshold 0.7 Acc 0.9084210526315789, AUC 0.976080060005188, avg_entr 0.12185975164175034
ep49_t0.7_test_time 0.08031797409057617
Test Epoch49 threshold 0.8 Acc 0.9084210526315789, AUC 0.976080060005188, avg_entr 0.12185975164175034
ep49_t0.8_test_time 0.08002114295959473
Test Epoch49 threshold 0.9 Acc 0.9084210526315789, AUC 0.976080060005188, avg_entr 0.12185975164175034
ep49_t0.9_test_time 0.08051919937133789
Best AUC 0.9760817289352417
train_loss (2, 5, 50)
valid_acc (50, 9)
valid_AUC (50, 9)
train_acc (50,)
Figure(640x480)
Figure(640x480)
Figure(640x480)
Figure(640x480)
Figure(640x480)
total_train/valid_time 413.50218081474304
Start Testing
Load ckpt at ckpt/ag_news_linearal_l5ad_pad75//ag_news_linearal_l5.pt
Test threshold 0.1 Acc 0.9176315789473685, AUC 0.982494592666626, avg_entr 0.10845118761062622
t0.1_test_time 0.10115504264831543
Test threshold 0.2 Acc 0.9178947368421052, AUC 0.9825954437255859, avg_entr 0.11255580186843872
t0.2_test_time 0.1011662483215332
Test threshold 0.3 Acc 0.9178947368421052, AUC 0.9825602173805237, avg_entr 0.11555998027324677
t0.3_test_time 0.10060358047485352
Test threshold 0.4 Acc 0.9186842105263158, AUC 0.9825676083564758, avg_entr 0.11869639158248901
t0.4_test_time 0.10066652297973633
Test threshold 0.5 Acc 0.9184210526315789, AUC 0.9825875759124756, avg_entr 0.12009943276643753
t0.5_test_time 0.09570002555847168
Test threshold 0.6 Acc 0.9189473684210526, AUC 0.98261559009552, avg_entr 0.12034193426370621
t0.6_test_time 0.08090448379516602
Test threshold 0.7 Acc 0.9189473684210526, AUC 0.9826149940490723, avg_entr 0.12034302204847336
t0.7_test_time 0.08136653900146484
Test threshold 0.8 Acc 0.9189473684210526, AUC 0.9826149940490723, avg_entr 0.12034302204847336
t0.8_test_time 0.08084440231323242
Test threshold 0.9 Acc 0.9189473684210526, AUC 0.9826149940490723, avg_entr 0.12034302204847336
t0.9_test_time 0.08071517944335938
