total count words 222751
vocab size 30000
found 27937 words in glove
Load ckpt from ./ckpt/mask2//imdb/imdb_linearal_l5_m2.pt
Start Training
gc 9
[[3.99282759e+01 4.06605133e+00]
 [1.70779426e-13 3.62772455e+00]
 [9.62982158e+00 6.64750408e+00]
 [6.70604900e+01 5.39749944e+01]
 [6.25219685e+01 3.89093691e+01]]
Train Epoch0 Acc 0.499975 (19999/40000), AUC 0.18041029572486877
Test Epoch0 layer0 Acc 0.8981, AUC 0.9616097211837769
Test Epoch0 layer1 Acc 0.9017, AUC 0.9642249345779419
Test Epoch0 layer2 Acc 0.9017, AUC 0.9637993574142456
Save ckpt to ./ckpt/mask3//imdb/imdb_linearal_l5_m3.pt  ,ep 0
Test Epoch0 layer3 Acc 0.3536, AUC 0.05182129889726639
Test Epoch0 layer4 Acc 0.5001, AUC 0.17532670497894287
gc 0
[[3.99282759e+01 4.06663336e+00]
 [1.70782521e-13 3.62882803e+00]
 [2.09236559e-03 3.84651657e+00]
 [7.67041785e+01 5.94846943e+01]
 [6.73400316e+01 4.18499019e+01]]
Train Epoch1 Acc 0.499975 (19999/40000), AUC 0.2155686765909195
Test Epoch1 layer0 Acc 0.8981, AUC 0.9616097211837769
Test Epoch1 layer1 Acc 0.9017, AUC 0.9642249345779419
Test Epoch1 layer2 Acc 0.9024, AUC 0.9638962745666504
Save ckpt to ./ckpt/mask3//imdb/imdb_linearal_l5_m3.pt  ,ep 1
Test Epoch1 layer3 Acc 0.3798, AUC 0.05351381003856659
Test Epoch1 layer4 Acc 0.5001, AUC 0.22081050276756287
gc 0
[[3.99282754e+01 4.06477071e+00]
 [1.70776332e-13 3.62620322e+00]
 [9.52360631e-09 3.81973862e+00]
 [7.67396366e+01 5.96008889e+01]
 [6.73510085e+01 4.20027145e+01]]
Train Epoch2 Acc 0.499975 (19999/40000), AUC 0.21685105562210083
Test Epoch2 layer0 Acc 0.8981, AUC 0.9616097211837769
Test Epoch2 layer1 Acc 0.9017, AUC 0.9642249345779419
Test Epoch2 layer2 Acc 0.903, AUC 0.9639453291893005
Save ckpt to ./ckpt/mask3//imdb/imdb_linearal_l5_m3.pt  ,ep 2
Test Epoch2 layer3 Acc 0.4069, AUC 0.054881591349840164
Test Epoch2 layer4 Acc 0.5001, AUC 0.22294676303863525
gc 0
[[3.99282765e+01 4.06501488e+00]
 [1.70787678e-13 3.62721812e+00]
 [1.23977063e-11 3.78925802e+00]
 [7.67360855e+01 5.97150798e+01]
 [6.73497989e+01 4.20973064e+01]]
Train Epoch3 Acc 0.499975 (19999/40000), AUC 0.21960848569869995
Test Epoch3 layer0 Acc 0.8981, AUC 0.9616097211837769
Test Epoch3 layer1 Acc 0.9017, AUC 0.9642249345779419
Test Epoch3 layer2 Acc 0.9027, AUC 0.96397864818573
Save ckpt to ./ckpt/mask3//imdb/imdb_linearal_l5_m3.pt  ,ep 3
Test Epoch3 layer3 Acc 0.4246, AUC 0.0563211664557457
Test Epoch3 layer4 Acc 0.5001, AUC 0.2262677252292633
gc 0
[[3.99282749e+01 4.06603260e+00]
 [1.70771174e-13 3.62787558e+00]
 [2.67104822e-12 3.75956999e+00]
 [7.67412970e+01 5.98435486e+01]
 [6.73515667e+01 4.21335874e+01]]
Train Epoch4 Acc 0.499975 (19999/40000), AUC 0.23553022742271423
Test Epoch4 layer0 Acc 0.8981, AUC 0.9616097211837769
Test Epoch4 layer1 Acc 0.9017, AUC 0.9642249345779419
Test Epoch4 layer2 Acc 0.9028, AUC 0.9640157222747803
Save ckpt to ./ckpt/mask3//imdb/imdb_linearal_l5_m3.pt  ,ep 4
Test Epoch4 layer3 Acc 0.4387, AUC 0.05845152586698532
Test Epoch4 layer4 Acc 0.5001, AUC 0.2569688856601715
gc 0
[[3.99282755e+01 4.06366519e+00]
 [1.70778395e-13 3.62596767e+00]
 [9.63441055e-13 3.72846398e+00]
 [7.67390223e+01 5.99403057e+01]
 [6.73507969e+01 4.20983190e+01]]
Train Epoch5 Acc 0.499975 (19999/40000), AUC 0.27982571721076965
Test Epoch5 layer0 Acc 0.8981, AUC 0.9616097211837769
Test Epoch5 layer1 Acc 0.9017, AUC 0.9642249345779419
Test Epoch5 layer2 Acc 0.9036, AUC 0.9640350937843323
Save ckpt to ./ckpt/mask3//imdb/imdb_linearal_l5_m3.pt  ,ep 5
Test Epoch5 layer3 Acc 0.4562, AUC 0.06068725138902664
Test Epoch5 layer4 Acc 0.5001, AUC 0.31066635251045227
gc 0
[[3.99282756e+01 4.06602288e+00]
 [1.70776332e-13 3.62808312e+00]
 [5.18079981e-13 3.69970192e+00]
 [7.67396760e+01 6.00232073e+01]
 [6.73510187e+01 4.20315285e+01]]
Train Epoch6 Acc 0.499975 (19999/40000), AUC 0.3551540970802307
Test Epoch6 layer0 Acc 0.8981, AUC 0.9616097211837769
Test Epoch6 layer1 Acc 0.9017, AUC 0.9642249345779419
Test Epoch6 layer2 Acc 0.9024, AUC 0.9640672206878662
Save ckpt to ./ckpt/mask3//imdb/imdb_linearal_l5_m3.pt  ,ep 6
Test Epoch6 layer3 Acc 0.4689, AUC 0.06476878374814987
Test Epoch6 layer4 Acc 0.5001, AUC 0.4112318158149719
gc 0
[[3.99282756e+01 4.06619412e+00]
 [1.70778395e-13 3.62758825e+00]
 [3.26684934e-13 3.66903332e+00]
 [7.67390261e+01 6.00616715e+01]
 [6.73507977e+01 4.19717804e+01]]
Train Epoch7 Acc 0.499975 (19999/40000), AUC 0.47593092918395996
Test Epoch7 layer0 Acc 0.8981, AUC 0.9616097211837769
Test Epoch7 layer1 Acc 0.9017, AUC 0.9642249345779419
Test Epoch7 layer2 Acc 0.9028, AUC 0.964081883430481
Save ckpt to ./ckpt/mask3//imdb/imdb_linearal_l5_m3.pt  ,ep 7
Test Epoch7 layer3 Acc 0.4892, AUC 0.07362645119428635
Test Epoch7 layer4 Acc 0.5001, AUC 0.558294415473938
gc 0
[[3.99282754e+01 4.06657917e+00]
 [1.70776332e-13 3.62852944e+00]
 [2.51889592e-13 3.64186644e+00]
 [7.67396771e+01 6.01514811e+01]
 [6.73510171e+01 4.19563347e+01]]
Train Epoch8 Acc 0.499975 (19999/40000), AUC 0.6011773347854614
Test Epoch8 layer0 Acc 0.8981, AUC 0.9616097211837769
Test Epoch8 layer1 Acc 0.9017, AUC 0.9642249345779419
Test Epoch8 layer2 Acc 0.9029, AUC 0.9641144275665283
Save ckpt to ./ckpt/mask3//imdb/imdb_linearal_l5_m3.pt  ,ep 8
Test Epoch8 layer3 Acc 0.4942, AUC 0.0857233852148056
Test Epoch8 layer4 Acc 0.5001, AUC 0.6580318212509155
gc 0
[[3.99282751e+01 4.06863196e+00]
 [1.70775300e-13 3.63051845e+00]
 [2.39973929e-13 3.60645746e+00]
 [7.67400020e+01 6.04491389e+01]
 [6.73511280e+01 4.20258851e+01]]
Train Epoch9 Acc 0.499975 (19999/40000), AUC 0.7023330330848694
Test Epoch9 layer0 Acc 0.8981, AUC 0.9616097211837769
Test Epoch9 layer1 Acc 0.9017, AUC 0.9642249345779419
Test Epoch9 layer2 Acc 0.902, AUC 0.9641263484954834
Save ckpt to ./ckpt/mask3//imdb/imdb_linearal_l5_m3.pt  ,ep 9
Test Epoch9 layer3 Acc 0.4994, AUC 0.1131088063120842
Test Epoch9 layer4 Acc 0.5001, AUC 0.7440810203552246
Best AUC 0.9641263484954834
train_loss (2, 5, 10)
valid_acc (5, 10)
valid_AUC (5, 10)
train_acc (10,)
Figure(640x480)
Figure(640x480)
Figure(640x480)
Figure(640x480)
Start Testing
Load ckpt at ./ckpt/mask3//imdb/imdb_linearal_l5_m3.pt
[[4542  457]
 [ 562 4439]]
Figure(640x480)
[[4611  388]
 [ 595 4406]]
Figure(640x480)
[[4597  402]
 [ 578 4423]]
Figure(640x480)
[[   0 4999]
 [   7 4994]]
Figure(640x480)
[[   0 4999]
 [   0 5001]]
Figure(640x480)
