total count words 222751
vocab size 30000
found 27937 words in glove
Load ckpt from ./ckpt/mask5//imdb/imdb_transformeral_l10_m5.pt
Start Training
gc 9
Train Epoch0 Acc 0.5007 (20028/40000), AUC 0.3017696440219879
Test Epoch0 layer0 Acc 0.8996, AUC 0.9609701633453369
Test Epoch0 layer1 Acc 0.9122, AUC 0.9704021215438843
Test Epoch0 layer2 Acc 0.9111, AUC 0.9700599908828735
Test Epoch0 layer3 Acc 0.9108, AUC 0.9698765277862549
Test Epoch0 layer4 Acc 0.9106, AUC 0.9699444770812988
Test Epoch0 layer5 Acc 0.9115, AUC 0.9699906706809998
Save ckpt to ./ckpt/mask6//imdb/imdb_transformeral_l10_m6.pt  ,ep 0
Test Epoch0 layer6 Acc 0.5253, AUC 0.9699722528457642
Test Epoch0 layer7 Acc 0.4972, AUC 0.031309302896261215
Test Epoch0 layer8 Acc 0.0922, AUC 0.031226832419633865
Test Epoch0 layer9 Acc 0.4972, AUC 0.03528781980276108
gc 0
Train Epoch1 Acc 0.5007 (20028/40000), AUC 0.07863716036081314
Test Epoch1 layer0 Acc 0.8996, AUC 0.9609701633453369
Test Epoch1 layer1 Acc 0.9122, AUC 0.9704021215438843
Test Epoch1 layer2 Acc 0.9111, AUC 0.9700599908828735
Test Epoch1 layer3 Acc 0.9108, AUC 0.9698765277862549
Test Epoch1 layer4 Acc 0.9106, AUC 0.9699444770812988
Test Epoch1 layer5 Acc 0.9104, AUC 0.9699836373329163
Test Epoch1 layer6 Acc 0.4972, AUC 0.9699494242668152
Test Epoch1 layer7 Acc 0.4972, AUC 0.030955541878938675
Test Epoch1 layer8 Acc 0.1511, AUC 0.031688328832387924
Test Epoch1 layer9 Acc 0.4972, AUC 0.03217429295182228
gc 0
Train Epoch2 Acc 0.5007 (20028/40000), AUC 0.07113002240657806
Test Epoch2 layer0 Acc 0.8996, AUC 0.9609701633453369
Test Epoch2 layer1 Acc 0.9122, AUC 0.9704021215438843
Test Epoch2 layer2 Acc 0.9111, AUC 0.9700599908828735
Test Epoch2 layer3 Acc 0.9108, AUC 0.9698765277862549
Test Epoch2 layer4 Acc 0.9106, AUC 0.9699444770812988
Test Epoch2 layer5 Acc 0.9112, AUC 0.9700092673301697
Save ckpt to ./ckpt/mask6//imdb/imdb_transformeral_l10_m6.pt  ,ep 2
Test Epoch2 layer6 Acc 0.4972, AUC 0.9699238538742065
Test Epoch2 layer7 Acc 0.4972, AUC 0.031152157112956047
Test Epoch2 layer8 Acc 0.2309, AUC 0.031664200127124786
Test Epoch2 layer9 Acc 0.4972, AUC 0.03708960860967636
gc 0
Train Epoch3 Acc 0.5007 (20028/40000), AUC 0.05850180983543396
Test Epoch3 layer0 Acc 0.8996, AUC 0.9609701633453369
Test Epoch3 layer1 Acc 0.9122, AUC 0.9704021215438843
Test Epoch3 layer2 Acc 0.9111, AUC 0.9700599908828735
Test Epoch3 layer3 Acc 0.9108, AUC 0.9698765277862549
Test Epoch3 layer4 Acc 0.9106, AUC 0.9699444770812988
Test Epoch3 layer5 Acc 0.9117, AUC 0.9699699878692627
Test Epoch3 layer6 Acc 0.4972, AUC 0.9699661731719971
Test Epoch3 layer7 Acc 0.4972, AUC 0.03104979358613491
Test Epoch3 layer8 Acc 0.2378, AUC 0.03150518983602524
Test Epoch3 layer9 Acc 0.4972, AUC 0.03667111694812775
gc 0
Train Epoch4 Acc 0.5007 (20028/40000), AUC 0.05096915364265442
Test Epoch4 layer0 Acc 0.8996, AUC 0.9609701633453369
Test Epoch4 layer1 Acc 0.9122, AUC 0.9704021215438843
Test Epoch4 layer2 Acc 0.9111, AUC 0.9700599908828735
Test Epoch4 layer3 Acc 0.9108, AUC 0.9698765277862549
Test Epoch4 layer4 Acc 0.9106, AUC 0.9699444770812988
Test Epoch4 layer5 Acc 0.9113, AUC 0.9699075818061829
Test Epoch4 layer6 Acc 0.4972, AUC 0.9700278639793396
Test Epoch4 layer7 Acc 0.4972, AUC 0.030935101211071014
Test Epoch4 layer8 Acc 0.2773, AUC 0.031222190707921982
Test Epoch4 layer9 Acc 0.4972, AUC 0.035000503063201904
gc 0
Train Epoch5 Acc 0.5007 (20028/40000), AUC 0.044602468609809875
Test Epoch5 layer0 Acc 0.8996, AUC 0.9609701633453369
Test Epoch5 layer1 Acc 0.9122, AUC 0.9704021215438843
Test Epoch5 layer2 Acc 0.9111, AUC 0.9700599908828735
Test Epoch5 layer3 Acc 0.9108, AUC 0.9698765277862549
Test Epoch5 layer4 Acc 0.9106, AUC 0.9699444770812988
Test Epoch5 layer5 Acc 0.9107, AUC 0.9698916673660278
Test Epoch5 layer6 Acc 0.4972, AUC 0.9700492024421692
Test Epoch5 layer7 Acc 0.4972, AUC 0.03088996931910515
Test Epoch5 layer8 Acc 0.3372, AUC 0.03110702708363533
Test Epoch5 layer9 Acc 0.4972, AUC 0.032863978296518326
gc 0
Train Epoch6 Acc 0.5007 (20028/40000), AUC 0.040734775364398956
Test Epoch6 layer0 Acc 0.8996, AUC 0.9609701633453369
Test Epoch6 layer1 Acc 0.9122, AUC 0.9704021215438843
Test Epoch6 layer2 Acc 0.9111, AUC 0.9700599908828735
Test Epoch6 layer3 Acc 0.9108, AUC 0.9698765277862549
Test Epoch6 layer4 Acc 0.9106, AUC 0.9699444770812988
Test Epoch6 layer5 Acc 0.9117, AUC 0.9698731303215027
Test Epoch6 layer6 Acc 0.4972, AUC 0.9700671434402466
Test Epoch6 layer7 Acc 0.4972, AUC 0.030800607055425644
Test Epoch6 layer8 Acc 0.3543, AUC 0.030942402780056
Test Epoch6 layer9 Acc 0.4972, AUC 0.03176749497652054
gc 0
Train Epoch7 Acc 0.5007 (20028/40000), AUC 0.037913188338279724
Test Epoch7 layer0 Acc 0.8996, AUC 0.9609701633453369
Test Epoch7 layer1 Acc 0.9122, AUC 0.9704021215438843
Test Epoch7 layer2 Acc 0.9111, AUC 0.9700599908828735
Test Epoch7 layer3 Acc 0.9108, AUC 0.9698765277862549
Test Epoch7 layer4 Acc 0.9106, AUC 0.9699444770812988
Test Epoch7 layer5 Acc 0.9111, AUC 0.9699451923370361
Test Epoch7 layer6 Acc 0.4972, AUC 0.9700647592544556
Test Epoch7 layer7 Acc 0.4972, AUC 0.030730366706848145
Test Epoch7 layer8 Acc 0.3699, AUC 0.030789759010076523
Test Epoch7 layer9 Acc 0.4972, AUC 0.03082931786775589
gc 0
Train Epoch8 Acc 0.5007 (20028/40000), AUC 0.035764098167419434
Test Epoch8 layer0 Acc 0.8996, AUC 0.9609701633453369
Test Epoch8 layer1 Acc 0.9122, AUC 0.9704021215438843
Test Epoch8 layer2 Acc 0.9111, AUC 0.9700599908828735
Test Epoch8 layer3 Acc 0.9108, AUC 0.9698765277862549
Test Epoch8 layer4 Acc 0.9106, AUC 0.9699444770812988
Test Epoch8 layer5 Acc 0.9108, AUC 0.9699680209159851
Test Epoch8 layer6 Acc 0.4972, AUC 0.9700803756713867
Test Epoch8 layer7 Acc 0.4972, AUC 0.03071548417210579
Test Epoch8 layer8 Acc 0.4135, AUC 0.030932100489735603
Test Epoch8 layer9 Acc 0.4972, AUC 0.03056272864341736
gc 0
Train Epoch9 Acc 0.5007 (20028/40000), AUC 0.034865230321884155
Test Epoch9 layer0 Acc 0.8996, AUC 0.9609701633453369
Test Epoch9 layer1 Acc 0.9122, AUC 0.9704021215438843
Test Epoch9 layer2 Acc 0.9111, AUC 0.9700599908828735
Test Epoch9 layer3 Acc 0.9108, AUC 0.9698765277862549
Test Epoch9 layer4 Acc 0.9106, AUC 0.9699444770812988
Test Epoch9 layer5 Acc 0.9117, AUC 0.9699520468711853
Test Epoch9 layer6 Acc 0.4972, AUC 0.9700734615325928
Test Epoch9 layer7 Acc 0.4972, AUC 0.030674804002046585
Test Epoch9 layer8 Acc 0.4301, AUC 0.030950704589486122
Test Epoch9 layer9 Acc 0.4972, AUC 0.03048645704984665
Best AUC 0.9700092673301697
train_loss (2, 10, 10)
valid_acc (10, 10)
valid_AUC (10, 10)
train_acc (10,)
Figure(640x480)
Figure(640x480)
Figure(640x480)
Figure(640x480)
Start Testing
Load ckpt at ./ckpt/mask6//imdb/imdb_transformeral_l10_m6.pt
[[4530  442]
 [ 562 4466]]
Figure(640x480)
[[4574  398]
 [ 480 4548]]
Figure(640x480)
[[4521  451]
 [ 438 4590]]
Figure(640x480)
[[4547  425]
 [ 467 4561]]
Figure(640x480)
[[4594  378]
 [ 516 4512]]
Figure(640x480)
[[4530  442]
 [ 446 4582]]
Figure(640x480)
[[4972    0]
 [5028    0]]
Figure(640x480)
[[4972    0]
 [5028    0]]
Figure(640x480)
[[  34 4938]
 [2753 2275]]
Figure(640x480)
[[4972    0]
 [5028    0]]
Figure(640x480)
